2025-05-23 11:00:11,547 - INFO - 
🔍 Processando boot volume: LinuxTSPlus20
2025-05-23 11:00:11,926 - INFO - ✅ Backup criado: BootBackup-LinuxTSPlus20-BKPAUTCITEL-20250523-1100
2025-05-23 11:00:12,612 - INFO - 
🔍 Processando boot volume: LinuxTSPlus25
2025-05-23 11:00:12,927 - INFO - ✅ Backup criado: BootBackup-LinuxTSPlus25-BKPAUTCITEL-20250523-1100
2025-05-23 11:00:13,609 - INFO - 
🔍 Processando boot volume: LinuxTSPlus1
2025-05-23 11:00:13,920 - INFO - ✅ Backup criado: BootBackup-LinuxTSPlus1-BKPAUTCITEL-20250523-1100
2025-05-23 11:00:14,558 - INFO - 
🔍 Processando boot volume: LinuxTSPlus2
2025-05-23 11:00:14,873 - INFO - ✅ Backup criado: BootBackup-LinuxTSPlus2-BKPAUTCITEL-20250523-1100
2025-05-23 11:00:15,548 - INFO - 
🔍 Processando boot volume: LinuxTSPlus4
2025-05-23 11:00:15,837 - INFO - ✅ Backup criado: BootBackup-LinuxTSPlus4-BKPAUTCITEL-20250523-1100
2025-05-23 11:00:16,497 - INFO - 
🔍 Processando boot volume: LinuxTSPlus6
2025-05-23 11:00:16,787 - INFO - ✅ Backup criado: BootBackup-LinuxTSPlus6-BKPAUTCITEL-20250523-1100
2025-05-23 11:00:17,460 - INFO - 
🔍 Processando boot volume: LinuxTSPlus30
2025-05-23 11:00:17,786 - INFO - ✅ Backup criado: BootBackup-LinuxTSPlus30-BKPAUTCITEL-20250523-1100
2025-05-23 11:00:18,423 - INFO - 
🔍 Processando boot volume: Temp-Subida_G_e_B (Boot Volume)
2025-05-23 11:00:18,731 - INFO - ✅ Backup criado: BootBackup-Temp-Subida_G_e_B (Boot Volume)-BKPAUTCITEL-20250523-1100
2025-05-23 11:00:19,347 - INFO - 
🔍 Processando boot volume: Banco_BelaTintas (Boot Volume)
2025-05-23 11:00:19,658 - INFO - ✅ Backup criado: BootBackup-Banco_BelaTintas (Boot Volume)-BKPAUTCITEL-20250523-1100
2025-05-23 11:00:20,265 - INFO - 
🔍 Processando boot volume: Banco_BelaTintas_clone29042025
2025-05-23 11:00:20,578 - INFO - ✅ Backup criado: BootBackup-Banco_BelaTintas_clone29042025-BKPAUTCITEL-20250523-1100
2025-05-23 11:00:21,228 - INFO - 
🔍 Processando boot volume: LinuxTSPlus11_clone2904
2025-05-23 11:00:21,551 - INFO - ✅ Backup criado: BootBackup-LinuxTSPlus11_clone2904-BKPAUTCITEL-20250523-1100
2025-05-23 11:00:22,151 - INFO - 
🔍 Processando boot volume: LinuxTSPlus30_boot_clone2904
2025-05-23 11:00:22,441 - INFO - ✅ Backup criado: BootBackup-LinuxTSPlus30_boot_clone2904-BKPAUTCITEL-20250523-1100
2025-05-23 11:00:23,071 - INFO - 
🔍 Processando boot volume: LinuxTSPlus12_boot_clone2904
2025-05-23 11:00:23,363 - INFO - ✅ Backup criado: BootBackup-LinuxTSPlus12_boot_clone2904-BKPAUTCITEL-20250523-1100
2025-05-23 11:00:23,976 - INFO - 
🔍 Processando boot volume: LinuxTSPlus55_boot_clone2904
2025-05-23 11:00:24,294 - INFO - ✅ Backup criado: BootBackup-LinuxTSPlus55_boot_clone2904-BKPAUTCITEL-20250523-1100
2025-05-23 11:00:24,912 - INFO - 
🔍 Processando boot volume: LinuxTSPlus65_boot_clone2904
2025-05-23 11:00:25,241 - INFO - ✅ Backup criado: BootBackup-LinuxTSPlus65_boot_clone2904-BKPAUTCITEL-20250523-1100
2025-05-23 11:00:25,862 - INFO - 
🔍 Processando boot volume: LinuxTSPlus28_boot_clone2904
2025-05-23 11:00:25,986 - WARNING - ⚠️ Tentativa 1: Limite de requisições. Aguardando 1s...
2025-05-23 11:00:32,002 - INFO - ✅ Backup criado: BootBackup-LinuxTSPlus28_boot_clone2904-BKPAUTCITEL-20250523-1100
2025-05-23 11:00:32,619 - INFO - 
🔍 Processando boot volume: LinuxTSPlus72_boot_clone2904
2025-05-23 11:00:32,923 - INFO - ✅ Backup criado: BootBackup-LinuxTSPlus72_boot_clone2904-BKPAUTCITEL-20250523-1100
2025-05-23 11:00:33,545 - WARNING - ⏳ Backup ignorado (estado TERMINATED): Auto-backup for 2025-05-08 08:00:00 via policy: Citel_Diario04
2025-05-23 11:00:33,545 - INFO - 
🔍 Processando boot volume: LinuxTSPlus43_boot_clone2904
2025-05-23 11:00:33,668 - WARNING - ⚠️ Tentativa 1: Limite de requisições. Aguardando 1s...
2025-05-23 11:00:37,620 - WARNING - ⚠️ Tentativa 2: Limite de requisições. Aguardando 2s...
2025-05-23 11:00:43,607 - WARNING - ⚠️ Tentativa 3: Limite de requisições. Aguardando 4s...
2025-05-23 11:00:52,820 - INFO - ✅ Backup criado: BootBackup-LinuxTSPlus43_boot_clone2904-BKPAUTCITEL-20250523-1100
2025-05-23 11:00:53,430 - INFO - 
🔍 Processando boot volume: LinuxTSPlus50_boot_clone2904
2025-05-23 11:00:53,743 - INFO - ✅ Backup criado: BootBackup-LinuxTSPlus50_boot_clone2904-BKPAUTCITEL-20250523-1100
2025-05-23 11:00:54,358 - INFO - 
🔍 Processando boot volume: LinuxTSPlus37_boot_clone2904
2025-05-23 11:00:54,709 - INFO - ✅ Backup criado: BootBackup-LinuxTSPlus37_boot_clone2904-BKPAUTCITEL-20250523-1100
2025-05-23 11:00:55,352 - INFO - 
🔍 Processando boot volume: LinuxTSPlus37_boot_clone2904
2025-05-23 11:00:55,665 - INFO - ✅ Backup criado: BootBackup-LinuxTSPlus37_boot_clone2904-BKPAUTCITEL-20250523-1100
2025-05-23 11:00:56,342 - INFO - 
🔍 Processando boot volume: LinuxTSPlus32_boot_clone2904
2025-05-23 11:00:56,652 - INFO - ✅ Backup criado: BootBackup-LinuxTSPlus32_boot_clone2904-BKPAUTCITEL-20250523-1100
2025-05-23 11:00:57,260 - INFO - 
🔍 Processando boot volume: LinuxTSPlus2_boot_clone2904
2025-05-23 11:00:57,384 - WARNING - ⚠️ Tentativa 1: Limite de requisições. Aguardando 1s...
2025-05-23 11:01:01,940 - INFO - ✅ Backup criado: BootBackup-LinuxTSPlus2_boot_clone2904-BKPAUTCITEL-20250523-1100
2025-05-23 11:01:02,557 - INFO - 
🔍 Processando boot volume: LinuxTSPlus25_boot_clone2904
2025-05-23 11:01:02,887 - INFO - ✅ Backup criado: BootBackup-LinuxTSPlus25_boot_clone2904-BKPAUTCITEL-20250523-1101
2025-05-23 11:01:03,518 - INFO - 
🔍 Processando boot volume: LinuxTSPlus1_boot_clone2904
2025-05-23 11:01:03,904 - INFO - ✅ Backup criado: BootBackup-LinuxTSPlus1_boot_clone2904-BKPAUTCITEL-20250523-1101
2025-05-23 11:01:04,524 - INFO - 
🔍 Processando boot volume: LinuxTSPlus13_boot_clone2904
2025-05-23 11:01:04,646 - WARNING - ⚠️ Tentativa 1: Limite de requisições. Aguardando 1s...
2025-05-23 11:01:09,457 - WARNING - ⚠️ Tentativa 2: Limite de requisições. Aguardando 2s...
2025-05-23 11:01:13,964 - WARNING - ⚠️ Tentativa 3: Limite de requisições. Aguardando 4s...
2025-05-23 11:01:23,437 - INFO - ✅ Backup criado: BootBackup-LinuxTSPlus13_boot_clone2904-BKPAUTCITEL-20250523-1101
2025-05-23 11:01:24,047 - INFO - 
🔍 Processando boot volume: LinuxTSPlus14_boot_clone2904
2025-05-23 11:01:24,170 - WARNING - ⚠️ Tentativa 1: Limite de requisições. Aguardando 1s...
2025-05-23 11:01:30,069 - WARNING - ⚠️ Tentativa 2: Limite de requisições. Aguardando 2s...
2025-05-23 11:01:37,382 - WARNING - ⚠️ Tentativa 3: Limite de requisições. Aguardando 4s...
2025-05-23 11:01:44,413 - INFO - ✅ Backup criado: BootBackup-LinuxTSPlus14_boot_clone2904-BKPAUTCITEL-20250523-1101
2025-05-23 11:01:45,025 - INFO - 
🔍 Processando boot volume: LinuxTSPlus9-boot_clone2904
2025-05-23 11:01:45,148 - WARNING - ⚠️ Tentativa 1: Limite de requisições. Aguardando 1s...
2025-05-23 11:01:48,445 - INFO - ✅ Backup criado: BootBackup-LinuxTSPlus9-boot_clone2904-BKPAUTCITEL-20250523-1101
2025-05-23 11:01:49,050 - INFO - 
🔍 Processando boot volume: LinuxTSPlus16_boot_clone2904
2025-05-23 11:01:49,352 - INFO - ✅ Backup criado: BootBackup-LinuxTSPlus16_boot_clone2904-BKPAUTCITEL-20250523-1101
2025-05-23 11:01:49,956 - INFO - 
🔍 Processando boot volume: LinuxTSPlus17_boot_clone2904
2025-05-23 11:01:50,310 - INFO - ✅ Backup criado: BootBackup-LinuxTSPlus17_boot_clone2904-BKPAUTCITEL-20250523-1101
2025-05-23 11:01:50,924 - INFO - 
🔍 Processando boot volume: LinuxTSPlus7-boot_clone2904
2025-05-23 11:01:51,205 - INFO - ✅ Backup criado: BootBackup-LinuxTSPlus7-boot_clone2904-BKPAUTCITEL-20250523-1101
2025-05-23 11:01:51,810 - INFO - 
🔍 Processando boot volume: LinuxTSPlus6-boot-clone2904
2025-05-23 11:01:51,933 - WARNING - ⚠️ Tentativa 1: Limite de requisições. Aguardando 1s...
2025-05-23 11:01:55,645 - WARNING - ⚠️ Tentativa 2: Limite de requisições. Aguardando 2s...
2025-05-23 11:02:01,282 - WARNING - ⚠️ Tentativa 3: Limite de requisições. Aguardando 4s...
2025-05-23 11:02:08,220 - WARNING - ⚠️ Tentativa 4: Limite de requisições. Aguardando 8s...
2025-05-23 11:02:20,605 - INFO - ✅ Backup criado: BootBackup-LinuxTSPlus6-boot-clone2904-BKPAUTCITEL-20250523-1101
2025-05-23 11:02:21,228 - INFO - 
🔍 Processando boot volume: LinuxTSPlus18-boot-clone2904
2025-05-23 11:02:21,538 - INFO - ✅ Backup criado: BootBackup-LinuxTSPlus18-boot-clone2904-BKPAUTCITEL-20250523-1102
2025-05-23 11:02:22,127 - INFO - 
🔍 Processando boot volume: LinuxTsplus59-boot-clone2904
2025-05-23 11:02:22,465 - INFO - ✅ Backup criado: BootBackup-LinuxTsplus59-boot-clone2904-BKPAUTCITEL-20250523-1102
2025-05-23 11:02:23,087 - INFO - 
🔍 Processando boot volume: LinuxTSPlus19_boot_clone2904
2025-05-23 11:02:23,366 - INFO - ✅ Backup criado: BootBackup-LinuxTSPlus19_boot_clone2904-BKPAUTCITEL-20250523-1102
2025-05-23 11:02:23,953 - INFO - 
🔍 Processando boot volume: LinuxTSPlus20_boot_clone2904
2025-05-23 11:02:24,075 - WARNING - ⚠️ Tentativa 1: Limite de requisições. Aguardando 1s...
2025-05-23 11:02:28,309 - INFO - ✅ Backup criado: BootBackup-LinuxTSPlus20_boot_clone2904-BKPAUTCITEL-20250523-1102
2025-05-23 11:02:28,906 - INFO - 
🔍 Processando boot volume: Linux-checkdisks (Boot Volume)
2025-05-23 11:02:29,029 - WARNING - ⚠️ Tentativa 1: Limite de requisições. Aguardando 1s...
2025-05-23 11:02:32,210 - INFO - ✅ Backup criado: BootBackup-Linux-checkdisks (Boot Volume)-BKPAUTCITEL-20250523-1102
2025-05-23 11:02:32,810 - INFO - 
🔍 Processando boot volume: LinuxDataBelaTintas
2025-05-23 11:02:33,109 - INFO - ✅ Backup criado: BootBackup-LinuxDataBelaTintas-BKPAUTCITEL-20250523-1102
2025-05-23 11:02:33,728 - INFO - 
🔍 Processando boot volume: LinuxTSPlus5-boot-clone2904
2025-05-23 11:02:34,028 - INFO - ✅ Backup criado: BootBackup-LinuxTSPlus5-boot-clone2904-BKPAUTCITEL-20250523-1102
2025-05-23 11:02:34,630 - INFO - 
🔍 Processando boot volume: LinuxData010
2025-05-23 11:02:34,757 - WARNING - ⚠️ Tentativa 1: Limite de requisições. Aguardando 1s...
2025-05-23 11:02:40,621 - INFO - ✅ Backup criado: BootBackup-LinuxData010-BKPAUTCITEL-20250523-1102
2025-05-23 11:02:41,226 - INFO - 
🔍 Processando boot volume: LinuxData025
2025-05-23 11:02:41,526 - INFO - ✅ Backup criado: BootBackup-LinuxData025-BKPAUTCITEL-20250523-1102
2025-05-23 11:02:42,148 - INFO - 
🔍 Processando boot volume: LinuxDataBelaTintas-14
2025-05-23 11:02:42,483 - INFO - ✅ Backup criado: BootBackup-LinuxDataBelaTintas-14-BKPAUTCITEL-20250523-1102
2025-05-23 11:02:43,127 - INFO - 
🔍 Processando boot volume: LinuxData004
2025-05-23 11:02:43,486 - INFO - ✅ Backup criado: BootBackup-LinuxData004-BKPAUTCITEL-20250523-1102
2025-05-23 11:02:44,092 - INFO - 
🔍 Processando boot volume: LinuxData026
2025-05-23 11:02:44,217 - WARNING - ⚠️ Tentativa 1: Limite de requisições. Aguardando 1s...
2025-05-23 11:02:46,091 - WARNING - ⚠️ Tentativa 2: Limite de requisições. Aguardando 2s...
2025-05-23 11:02:51,740 - WARNING - ⚠️ Tentativa 3: Limite de requisições. Aguardando 4s...
2025-05-23 11:03:00,973 - INFO - ✅ Backup criado: BootBackup-LinuxData026-BKPAUTCITEL-20250523-1102
2025-05-23 11:03:01,585 - INFO - 
🔍 Processando boot volume: LinuxData005
2025-05-23 11:03:02,001 - INFO - ✅ Backup criado: BootBackup-LinuxData005-BKPAUTCITEL-20250523-1103
2025-05-23 11:03:02,621 - INFO - 
🔍 Processando boot volume: LinuxData012
2025-05-23 11:03:02,964 - INFO - ✅ Backup criado: BootBackup-LinuxData012-BKPAUTCITEL-20250523-1103
2025-05-23 11:03:03,566 - INFO - 
🔍 Processando boot volume: LinuxData006
2025-05-23 11:03:03,689 - WARNING - ⚠️ Tentativa 1: Limite de requisições. Aguardando 1s...
2025-05-23 11:03:08,398 - WARNING - ⚠️ Tentativa 2: Limite de requisições. Aguardando 2s...
2025-05-23 11:03:14,057 - WARNING - ⚠️ Tentativa 3: Limite de requisições. Aguardando 4s...
2025-05-23 11:03:22,897 - INFO - ✅ Backup criado: BootBackup-LinuxData006-BKPAUTCITEL-20250523-1103
2025-05-23 11:03:23,527 - INFO - 
🔍 Processando boot volume: LinuxData013
2025-05-23 11:03:23,836 - INFO - ✅ Backup criado: BootBackup-LinuxData013-BKPAUTCITEL-20250523-1103
2025-05-23 11:03:24,472 - INFO - 
🔍 Processando boot volume: LinuxData011
2025-05-23 11:03:24,792 - INFO - ✅ Backup criado: BootBackup-LinuxData011-BKPAUTCITEL-20250523-1103
2025-05-23 11:03:25,390 - INFO - 
🔍 Processando boot volume: LinuxData008
2025-05-23 11:03:25,697 - INFO - ✅ Backup criado: BootBackup-LinuxData008-BKPAUTCITEL-20250523-1103
2025-05-23 11:03:26,322 - INFO - 
🔍 Processando boot volume: LinuxData007
2025-05-23 11:03:26,449 - WARNING - ⚠️ Tentativa 1: Limite de requisições. Aguardando 1s...
2025-05-23 11:03:30,299 - WARNING - ⚠️ Tentativa 2: Limite de requisições. Aguardando 2s...
2025-05-23 11:03:36,435 - WARNING - ⚠️ Tentativa 3: Limite de requisições. Aguardando 4s...
2025-05-23 11:03:45,553 - INFO - ✅ Backup criado: BootBackup-LinuxData007-BKPAUTCITEL-20250523-1103
2025-05-23 11:03:46,180 - INFO - 
🔍 Processando boot volume: LinuxData055
2025-05-23 11:03:46,477 - INFO - ✅ Backup criado: BootBackup-LinuxData055-BKPAUTCITEL-20250523-1103
2025-05-23 11:03:47,104 - INFO - 
🔍 Processando boot volume: LinuxData009
2025-05-23 11:03:47,446 - INFO - ✅ Backup criado: BootBackup-LinuxData009-BKPAUTCITEL-20250523-1103
2025-05-23 11:03:48,064 - INFO - 
🔍 Processando boot volume: LinuxData014
2025-05-23 11:03:48,401 - INFO - ✅ Backup criado: BootBackup-LinuxData014-BKPAUTCITEL-20250523-1103
2025-05-23 11:03:49,054 - INFO - 
🔍 Processando boot volume: LinuxData050
2025-05-23 11:03:49,180 - WARNING - ⚠️ Tentativa 1: Limite de requisições. Aguardando 1s...
2025-05-23 11:03:51,559 - WARNING - ⚠️ Tentativa 2: Limite de requisições. Aguardando 2s...
2025-05-23 11:03:54,643 - INFO - ✅ Backup criado: BootBackup-LinuxData050-BKPAUTCITEL-20250523-1103
2025-05-23 11:03:55,255 - WARNING - ⏳ Backup ignorado (estado TERMINATED): Auto-backup for 2025-05-08 08:00:00 via policy: Citel_Diario04
2025-05-23 11:03:55,255 - INFO - 
🔍 Processando boot volume: LinuxData018
2025-05-23 11:03:55,378 - WARNING - ⚠️ Tentativa 1: Limite de requisições. Aguardando 1s...
2025-05-23 11:04:01,640 - WARNING - ⚠️ Tentativa 2: Limite de requisições. Aguardando 2s...
2025-05-23 11:04:07,511 - WARNING - ⚠️ Tentativa 3: Limite de requisições. Aguardando 4s...
2025-05-23 11:04:14,917 - INFO - ✅ Backup criado: BootBackup-LinuxData018-BKPAUTCITEL-20250523-1103
2025-05-23 11:04:15,534 - INFO - 
🔍 Processando boot volume: LinuxData016
2025-05-23 11:04:15,869 - INFO - ✅ Backup criado: BootBackup-LinuxData016-BKPAUTCITEL-20250523-1104
2025-05-23 11:04:16,494 - INFO - 
🔍 Processando boot volume: LinuxData059
2025-05-23 11:04:16,788 - INFO - ✅ Backup criado: BootBackup-LinuxData059-BKPAUTCITEL-20250523-1104
2025-05-23 11:04:17,422 - INFO - 
🔍 Processando boot volume: LinuxData037
2025-05-23 11:04:17,544 - WARNING - ⚠️ Tentativa 1: Limite de requisições. Aguardando 1s...
2025-05-23 11:04:22,983 - INFO - ✅ Backup criado: BootBackup-LinuxData037-BKPAUTCITEL-20250523-1104
2025-05-23 11:04:23,641 - INFO - 
🔍 Processando boot volume: LinuxData036
2025-05-23 11:04:23,764 - WARNING - ⚠️ Tentativa 1: Limite de requisições. Aguardando 1s...
2025-05-23 11:04:29,229 - WARNING - ⚠️ Tentativa 2: Limite de requisições. Aguardando 2s...
2025-05-23 11:04:35,766 - INFO - ✅ Backup criado: BootBackup-LinuxData036-BKPAUTCITEL-20250523-1104
2025-05-23 11:04:36,380 - INFO - 
🔍 Processando boot volume: LinuxData017
2025-05-23 11:04:36,662 - INFO - ✅ Backup criado: BootBackup-LinuxData017-BKPAUTCITEL-20250523-1104
2025-05-23 11:04:37,275 - INFO - 
🔍 Processando boot volume: LinuxData041
2025-05-23 11:04:37,398 - WARNING - ⚠️ Tentativa 1: Limite de requisições. Aguardando 1s...
2025-05-23 11:04:43,738 - INFO - ✅ Backup criado: BootBackup-LinuxData041-BKPAUTCITEL-20250523-1104
2025-05-23 11:04:44,393 - INFO - 
🔍 Processando boot volume: LinuxData043
2025-05-23 11:04:44,516 - WARNING - ⚠️ Tentativa 1: Limite de requisições. Aguardando 1s...
2025-05-23 11:04:48,062 - WARNING - ⚠️ Tentativa 2: Limite de requisições. Aguardando 2s...
2025-05-23 11:04:53,444 - WARNING - ⚠️ Tentativa 3: Limite de requisições. Aguardando 4s...
2025-05-23 11:05:00,554 - INFO - ✅ Backup criado: BootBackup-LinuxData043-BKPAUTCITEL-20250523-1104
2025-05-23 11:05:01,180 - INFO - 
🔍 Processando boot volume: LinuxData048
2025-05-23 11:05:01,496 - INFO - ✅ Backup criado: BootBackup-LinuxData048-BKPAUTCITEL-20250523-1105
2025-05-23 11:05:02,142 - INFO - 
🔍 Processando boot volume: LinuxData032
2025-05-23 11:05:02,438 - INFO - ✅ Backup criado: BootBackup-LinuxData032-BKPAUTCITEL-20250523-1105
2025-05-23 11:05:03,085 - INFO - 
🔍 Processando boot volume: TEMPLATE_LINUX
2025-05-23 11:05:03,386 - INFO - ✅ Backup criado: BootBackup-TEMPLATE_LINUX-BKPAUTCITEL-20250523-1105
2025-05-23 11:05:04,034 - INFO - 
🔍 Processando boot volume: LinuxData033
2025-05-23 11:05:04,157 - WARNING - ⚠️ Tentativa 1: Limite de requisições. Aguardando 1s...
2025-05-23 11:05:08,845 - WARNING - ⚠️ Tentativa 2: Limite de requisições. Aguardando 2s...
2025-05-23 11:05:13,154 - WARNING - ⚠️ Tentativa 3: Limite de requisições. Aguardando 4s...
2025-05-23 11:05:20,837 - INFO - ✅ Backup criado: BootBackup-LinuxData033-BKPAUTCITEL-20250523-1105
2025-05-23 11:05:21,441 - INFO - 
🔍 Processando boot volume: LinuxData034
2025-05-23 11:05:21,734 - INFO - ✅ Backup criado: BootBackup-LinuxData034-BKPAUTCITEL-20250523-1105
2025-05-23 11:05:22,362 - INFO - 
🔍 Processando boot volume: LinuxData029
2025-05-23 11:05:22,685 - INFO - ✅ Backup criado: BootBackup-LinuxData029-BKPAUTCITEL-20250523-1105
2025-05-23 11:05:23,326 - INFO - 
🔍 Processando boot volume: LinuxData019
2025-05-23 11:05:23,624 - INFO - ✅ Backup criado: BootBackup-LinuxData019-BKPAUTCITEL-20250523-1105
2025-05-23 11:05:24,251 - INFO - 
🔍 Processando boot volume: LinuxData021
2025-05-23 11:05:24,551 - INFO - ✅ Backup criado: BootBackup-LinuxData021-BKPAUTCITEL-20250523-1105
2025-05-23 11:05:25,184 - INFO - 
🔍 Processando boot volume: LinuxData022
2025-05-23 11:05:25,502 - INFO - ✅ Backup criado: BootBackup-LinuxData022-BKPAUTCITEL-20250523-1105
2025-05-23 11:05:26,122 - INFO - 
🔍 Processando boot volume: LinuxData024
2025-05-23 11:05:26,245 - WARNING - ⚠️ Tentativa 1: Limite de requisições. Aguardando 1s...
2025-05-23 11:05:30,013 - WARNING - ⚠️ Tentativa 2: Limite de requisições. Aguardando 2s...
2025-05-23 11:05:32,780 - INFO - ✅ Backup criado: BootBackup-LinuxData024-BKPAUTCITEL-20250523-1105
2025-05-23 11:05:33,415 - INFO - 
🔍 Processando boot volume: LinuxData020
2025-05-23 11:05:33,538 - WARNING - ⚠️ Tentativa 1: Limite de requisições. Aguardando 1s...
2025-05-23 11:05:37,382 - WARNING - ⚠️ Tentativa 2: Limite de requisições. Aguardando 2s...
2025-05-23 11:05:41,861 - WARNING - ⚠️ Tentativa 3: Limite de requisições. Aguardando 4s...
2025-05-23 11:05:47,748 - INFO - ✅ Backup criado: BootBackup-LinuxData020-BKPAUTCITEL-20250523-1105
2025-05-23 11:05:48,349 - INFO - 
🔍 Processando boot volume: LinuxData026
2025-05-23 11:05:48,473 - WARNING - ⚠️ Tentativa 1: Limite de requisições. Aguardando 1s...
2025-05-23 11:05:53,947 - WARNING - ⚠️ Tentativa 2: Limite de requisições. Aguardando 2s...
2025-05-23 11:06:00,428 - INFO - ✅ Backup criado: BootBackup-LinuxData026-BKPAUTCITEL-20250523-1105
2025-05-23 11:06:01,051 - INFO - 
🔍 Processando boot volume: LinuxData028
2025-05-23 11:06:01,489 - INFO - ✅ Backup criado: BootBackup-LinuxData028-BKPAUTCITEL-20250523-1106
2025-05-23 11:06:02,101 - INFO - 
🔍 Processando boot volume: LinuxData030
2025-05-23 11:06:02,224 - WARNING - ⚠️ Tentativa 1: Limite de requisições. Aguardando 1s...
2025-05-23 11:06:04,689 - WARNING - ⚠️ Tentativa 2: Limite de requisições. Aguardando 2s...
2025-05-23 11:06:09,045 - INFO - ✅ Backup criado: BootBackup-LinuxData030-BKPAUTCITEL-20250523-1106
2025-05-23 11:06:09,658 - INFO - 
🔍 Processando boot volume: LinuxData040
2025-05-23 11:06:10,016 - INFO - ✅ Backup criado: BootBackup-LinuxData040-BKPAUTCITEL-20250523-1106
2025-05-23 11:06:10,631 - INFO - 
🔍 Processando boot volume: LinuxData065
2025-05-23 11:06:10,950 - INFO - ✅ Backup criado: BootBackup-LinuxData065-BKPAUTCITEL-20250523-1106
2025-05-23 11:06:11,577 - INFO - 
🔍 Processando boot volume: LinuxData072
2025-05-23 11:06:11,872 - INFO - ✅ Backup criado: BootBackup-LinuxData072-BKPAUTCITEL-20250523-1106
2025-05-23 11:06:12,518 - INFO - 
🔍 Processando boot volume: LinuxData001
2025-05-23 11:06:12,811 - INFO - ✅ Backup criado: BootBackup-LinuxData001-BKPAUTCITEL-20250523-1106
2025-05-23 11:06:13,456 - INFO - 
🔍 Processando boot volume: LinuxData002
2025-05-23 11:06:13,738 - INFO - ✅ Backup criado: BootBackup-LinuxData002-BKPAUTCITEL-20250523-1106
2025-05-23 11:06:14,403 - INFO - 
🔍 Processando boot volume: LinuxTSPlus20_boot_clone0105
2025-05-23 11:06:14,526 - WARNING - ⚠️ Tentativa 1: Limite de requisições. Aguardando 1s...
2025-05-23 11:06:17,693 - WARNING - ⚠️ Tentativa 2: Limite de requisições. Aguardando 2s...
2025-05-23 11:06:21,849 - WARNING - ⚠️ Tentativa 3: Limite de requisições. Aguardando 4s...
2025-05-23 11:06:27,459 - WARNING - ⚠️ Tentativa 4: Limite de requisições. Aguardando 8s...
2025-05-23 11:06:36,514 - INFO - ✅ Backup criado: BootBackup-LinuxTSPlus20_boot_clone0105-BKPAUTCITEL-20250523-1106
2025-05-23 11:06:37,116 - INFO - 
🔍 Processando boot volume: FGW-CITE-CLIENTES-CLONE2904
2025-05-23 11:06:37,413 - INFO - ✅ Backup criado: BootBackup-FGW-CITE-CLIENTES-CLONE2904-BKPAUTCITEL-20250523-1106
2025-05-23 11:06:38,028 - INFO - 
🔍 Processando boot volume: LinuxData013_clone06052025
2025-05-23 11:06:38,370 - INFO - ✅ Backup criado: BootBackup-LinuxData013_clone06052025-BKPAUTCITEL-20250523-1106
2025-05-23 11:06:38,977 - INFO - 
✅ Execução concluída com sucesso
