2025-05-23 23:01:21,870 - INFO - 
🔍 Processando boot volume: LinuxTSPlus20
2025-05-23 23:01:22,197 - INFO - ✅ Backup criado: BootBackup-LinuxTSPlus20-BKPAUTCITEL-20250523-2301
2025-05-23 23:01:22,562 - INFO - 
🔍 Processando boot volume: LinuxTSPlus25
2025-05-23 23:01:23,002 - INFO - ✅ Backup criado: BootBackup-LinuxTSPlus25-BKPAUTCITEL-20250523-2301
2025-05-23 23:01:23,694 - INFO - 
🔍 Processando boot volume: LinuxTSPlus1
2025-05-23 23:01:24,025 - INFO - ✅ Backup criado: BootBackup-LinuxTSPlus1-BKPAUTCITEL-20250523-2301
2025-05-23 23:01:24,307 - INFO - 
🔍 Processando boot volume: LinuxTSPlus2
2025-05-23 23:01:24,617 - INFO - ✅ Backup criado: BootBackup-LinuxTSPlus2-BKPAUTCITEL-20250523-2301
2025-05-23 23:01:25,256 - INFO - 
🔍 Processando boot volume: LinuxTSPlus4
2025-05-23 23:01:25,379 - WARNING - ⚠️ Tentativa 1: Limite de requisições. Aguardando 1s...
2025-05-23 23:01:30,846 - INFO - ✅ Backup criado: BootBackup-LinuxTSPlus4-BKPAUTCITEL-20250523-2301
2025-05-23 23:01:31,155 - INFO - 
🔍 Processando boot volume: LinuxTSPlus6
2025-05-23 23:01:31,504 - INFO - ✅ Backup criado: BootBackup-LinuxTSPlus6-BKPAUTCITEL-20250523-2301
2025-05-23 23:01:32,159 - INFO - 
🔍 Processando boot volume: LinuxTSPlus30
2025-05-23 23:01:32,484 - INFO - ✅ Backup criado: BootBackup-LinuxTSPlus30-BKPAUTCITEL-20250523-2301
2025-05-23 23:01:32,774 - INFO - 
🔍 Processando boot volume: Temp-Subida_G_e_B (Boot Volume)
2025-05-23 23:01:33,082 - INFO - ✅ Backup criado: BootBackup-Temp-Subida_G_e_B (Boot Volume)-BKPAUTCITEL-20250523-2301
2025-05-23 23:01:33,718 - INFO - 
🔍 Processando boot volume: Banco_BelaTintas (Boot Volume)
2025-05-23 23:01:34,081 - INFO - ✅ Backup criado: BootBackup-Banco_BelaTintas (Boot Volume)-BKPAUTCITEL-20250523-2301
2025-05-23 23:01:34,348 - INFO - 
🔍 Processando boot volume: Banco_BelaTintas_clone29042025
2025-05-23 23:01:34,654 - INFO - ✅ Backup criado: BootBackup-Banco_BelaTintas_clone29042025-BKPAUTCITEL-20250523-2301
2025-05-23 23:01:35,312 - INFO - 
🔍 Processando boot volume: LinuxTSPlus11_clone2904
2025-05-23 23:01:35,623 - INFO - ✅ Backup criado: BootBackup-LinuxTSPlus11_clone2904-BKPAUTCITEL-20250523-2301
2025-05-23 23:01:35,902 - INFO - 
🔍 Processando boot volume: LinuxTSPlus30_boot_clone2904
2025-05-23 23:01:36,210 - INFO - ✅ Backup criado: BootBackup-LinuxTSPlus30_boot_clone2904-BKPAUTCITEL-20250523-2301
2025-05-23 23:01:36,897 - INFO - 
🔍 Processando boot volume: LinuxTSPlus12_boot_clone2904
2025-05-23 23:01:37,200 - INFO - ✅ Backup criado: BootBackup-LinuxTSPlus12_boot_clone2904-BKPAUTCITEL-20250523-2301
2025-05-23 23:01:37,469 - INFO - 
🔍 Processando boot volume: LinuxTSPlus55_boot_clone2904
2025-05-23 23:01:37,766 - INFO - ✅ Backup criado: BootBackup-LinuxTSPlus55_boot_clone2904-BKPAUTCITEL-20250523-2301
2025-05-23 23:01:38,405 - INFO - 
🔍 Processando boot volume: LinuxTSPlus65_boot_clone2904
2025-05-23 23:01:38,695 - INFO - ✅ Backup criado: BootBackup-LinuxTSPlus65_boot_clone2904-BKPAUTCITEL-20250523-2301
2025-05-23 23:01:38,960 - INFO - 
🔍 Processando boot volume: LinuxTSPlus28_boot_clone2904
2025-05-23 23:01:39,240 - INFO - ✅ Backup criado: BootBackup-LinuxTSPlus28_boot_clone2904-BKPAUTCITEL-20250523-2301
2025-05-23 23:01:39,873 - INFO - 
🔍 Processando boot volume: LinuxTSPlus72_boot_clone2904
2025-05-23 23:01:40,331 - INFO - ✅ Backup criado: BootBackup-LinuxTSPlus72_boot_clone2904-BKPAUTCITEL-20250523-2301
2025-05-23 23:01:40,590 - INFO - 
🔍 Processando boot volume: LinuxTSPlus43_boot_clone2904
2025-05-23 23:01:40,925 - INFO - ✅ Backup criado: BootBackup-LinuxTSPlus43_boot_clone2904-BKPAUTCITEL-20250523-2301
2025-05-23 23:01:41,548 - INFO - 
🔍 Processando boot volume: LinuxTSPlus50_boot_clone2904
2025-05-23 23:01:41,672 - WARNING - ⚠️ Tentativa 1: Limite de requisições. Aguardando 1s...
2025-05-23 23:01:45,070 - WARNING - ⚠️ Tentativa 2: Limite de requisições. Aguardando 2s...
2025-05-23 23:01:48,436 - INFO - ✅ Backup criado: BootBackup-LinuxTSPlus50_boot_clone2904-BKPAUTCITEL-20250523-2301
2025-05-23 23:01:48,691 - INFO - 
🔍 Processando boot volume: LinuxTSPlus37_boot_clone2904
2025-05-23 23:01:48,985 - INFO - ✅ Backup criado: BootBackup-LinuxTSPlus37_boot_clone2904-BKPAUTCITEL-20250523-2301
2025-05-23 23:01:49,614 - INFO - 
🔍 Processando boot volume: LinuxTSPlus37_boot_clone2904
2025-05-23 23:01:49,737 - WARNING - ⚠️ Tentativa 1: Limite de requisições. Aguardando 1s...
2025-05-23 23:01:53,073 - WARNING - ⚠️ Tentativa 2: Limite de requisições. Aguardando 2s...
2025-05-23 23:01:56,019 - INFO - ✅ Backup criado: BootBackup-LinuxTSPlus37_boot_clone2904-BKPAUTCITEL-20250523-2301
2025-05-23 23:01:56,291 - INFO - 
🔍 Processando boot volume: LinuxTSPlus32_boot_clone2904
2025-05-23 23:01:56,739 - INFO - ✅ Backup criado: BootBackup-LinuxTSPlus32_boot_clone2904-BKPAUTCITEL-20250523-2301
2025-05-23 23:01:57,360 - INFO - 
🔍 Processando boot volume: LinuxTSPlus2_boot_clone2904
2025-05-23 23:01:57,483 - WARNING - ⚠️ Tentativa 1: Limite de requisições. Aguardando 1s...
2025-05-23 23:02:02,012 - WARNING - ⚠️ Tentativa 2: Limite de requisições. Aguardando 2s...
2025-05-23 23:02:07,279 - WARNING - ⚠️ Tentativa 3: Limite de requisições. Aguardando 4s...
2025-05-23 23:02:12,498 - WARNING - ⚠️ Tentativa 4: Limite de requisições. Aguardando 8s...
2025-05-23 23:02:21,569 - WARNING - ⚠️ Tentativa 5: Limite de requisições. Aguardando 16s...
2025-05-23 23:02:39,898 - INFO - 
🔍 Processando boot volume: LinuxTSPlus25_boot_clone2904
2025-05-23 23:02:40,223 - INFO - ✅ Backup criado: BootBackup-LinuxTSPlus25_boot_clone2904-BKPAUTCITEL-20250523-2302
2025-05-23 23:02:40,479 - INFO - 
🔍 Processando boot volume: LinuxTSPlus1_boot_clone2904
2025-05-23 23:02:40,766 - INFO - ✅ Backup criado: BootBackup-LinuxTSPlus1_boot_clone2904-BKPAUTCITEL-20250523-2302
2025-05-23 23:02:41,397 - INFO - 
🔍 Processando boot volume: LinuxTSPlus13_boot_clone2904
2025-05-23 23:02:41,676 - INFO - ✅ Backup criado: BootBackup-LinuxTSPlus13_boot_clone2904-BKPAUTCITEL-20250523-2302
2025-05-23 23:02:42,312 - INFO - 
🔍 Processando boot volume: LinuxTSPlus14_boot_clone2904
2025-05-23 23:02:42,436 - WARNING - ⚠️ Tentativa 1: Limite de requisições. Aguardando 1s...
2025-05-23 23:02:48,687 - INFO - ✅ Backup criado: BootBackup-LinuxTSPlus14_boot_clone2904-BKPAUTCITEL-20250523-2302
2025-05-23 23:02:49,312 - INFO - 
🔍 Processando boot volume: LinuxTSPlus9-boot_clone2904
2025-05-23 23:02:49,584 - INFO - ✅ Backup criado: BootBackup-LinuxTSPlus9-boot_clone2904-BKPAUTCITEL-20250523-2302
2025-05-23 23:02:50,195 - INFO - 
🔍 Processando boot volume: LinuxTSPlus16_boot_clone2904
2025-05-23 23:02:50,527 - INFO - ✅ Backup criado: BootBackup-LinuxTSPlus16_boot_clone2904-BKPAUTCITEL-20250523-2302
2025-05-23 23:02:51,137 - INFO - 
🔍 Processando boot volume: LinuxTSPlus17_boot_clone2904
2025-05-23 23:02:51,464 - INFO - ✅ Backup criado: BootBackup-LinuxTSPlus17_boot_clone2904-BKPAUTCITEL-20250523-2302
2025-05-23 23:02:52,078 - INFO - 
🔍 Processando boot volume: LinuxTSPlus7-boot_clone2904
2025-05-23 23:02:52,201 - WARNING - ⚠️ Tentativa 1: Limite de requisições. Aguardando 1s...
2025-05-23 23:02:56,676 - WARNING - ⚠️ Tentativa 2: Limite de requisições. Aguardando 2s...
2025-05-23 23:02:59,431 - WARNING - ⚠️ Tentativa 3: Limite de requisições. Aguardando 4s...
2025-05-23 23:03:04,033 - WARNING - ⚠️ Tentativa 4: Limite de requisições. Aguardando 8s...
2025-05-23 23:03:13,007 - INFO - ✅ Backup criado: BootBackup-LinuxTSPlus7-boot_clone2904-BKPAUTCITEL-20250523-2302
2025-05-23 23:03:13,655 - INFO - 
🔍 Processando boot volume: LinuxTSPlus6-boot-clone2904
2025-05-23 23:03:13,781 - WARNING - ⚠️ Tentativa 1: Limite de requisições. Aguardando 1s...
2025-05-23 23:03:19,232 - WARNING - ⚠️ Tentativa 2: Limite de requisições. Aguardando 2s...
2025-05-23 23:03:25,701 - WARNING - ⚠️ Tentativa 3: Limite de requisições. Aguardando 4s...
2025-05-23 23:03:34,203 - INFO - ✅ Backup criado: BootBackup-LinuxTSPlus6-boot-clone2904-BKPAUTCITEL-20250523-2303
2025-05-23 23:03:34,858 - INFO - 
🔍 Processando boot volume: LinuxTSPlus18-boot-clone2904
2025-05-23 23:03:34,980 - WARNING - ⚠️ Tentativa 1: Limite de requisições. Aguardando 1s...
2025-05-23 23:03:37,987 - INFO - ✅ Backup criado: BootBackup-LinuxTSPlus18-boot-clone2904-BKPAUTCITEL-20250523-2303
2025-05-23 23:03:38,605 - INFO - 
🔍 Processando boot volume: LinuxTsplus59-boot-clone2904
2025-05-23 23:03:38,955 - INFO - ✅ Backup criado: BootBackup-LinuxTsplus59-boot-clone2904-BKPAUTCITEL-20250523-2303
2025-05-23 23:03:39,575 - INFO - 
🔍 Processando boot volume: LinuxTSPlus19_boot_clone2904
2025-05-23 23:03:39,876 - INFO - ✅ Backup criado: BootBackup-LinuxTSPlus19_boot_clone2904-BKPAUTCITEL-20250523-2303
2025-05-23 23:03:40,495 - INFO - 
🔍 Processando boot volume: LinuxTSPlus20_boot_clone2904
2025-05-23 23:03:40,818 - INFO - ✅ Backup criado: BootBackup-LinuxTSPlus20_boot_clone2904-BKPAUTCITEL-20250523-2303
2025-05-23 23:03:41,072 - INFO - 
🔍 Processando boot volume: Linux-checkdisks (Boot Volume)
2025-05-23 23:03:41,357 - INFO - ✅ Backup criado: BootBackup-Linux-checkdisks (Boot Volume)-BKPAUTCITEL-20250523-2303
2025-05-23 23:03:41,973 - INFO - 
🔍 Processando boot volume: LinuxDataBelaTintas
2025-05-23 23:03:42,259 - INFO - ✅ Backup criado: BootBackup-LinuxDataBelaTintas-BKPAUTCITEL-20250523-2303
2025-05-23 23:03:42,893 - INFO - 
🔍 Processando boot volume: LinuxTSPlus5-boot-clone2904
2025-05-23 23:03:43,197 - INFO - ✅ Backup criado: BootBackup-LinuxTSPlus5-boot-clone2904-BKPAUTCITEL-20250523-2303
2025-05-23 23:03:43,839 - INFO - 
🔍 Processando boot volume: LinuxData010
2025-05-23 23:03:44,137 - INFO - ✅ Backup criado: BootBackup-LinuxData010-BKPAUTCITEL-20250523-2303
2025-05-23 23:03:44,388 - INFO - 
🔍 Processando boot volume: LinuxData025
2025-05-23 23:03:44,692 - INFO - ✅ Backup criado: BootBackup-LinuxData025-BKPAUTCITEL-20250523-2303
2025-05-23 23:03:45,344 - INFO - 
🔍 Processando boot volume: LinuxDataBelaTintas-14
2025-05-23 23:03:45,468 - WARNING - ⚠️ Tentativa 1: Limite de requisições. Aguardando 1s...
2025-05-23 23:03:50,928 - INFO - ✅ Backup criado: BootBackup-LinuxDataBelaTintas-14-BKPAUTCITEL-20250523-2303
2025-05-23 23:03:51,535 - INFO - 
🔍 Processando boot volume: LinuxData004
2025-05-23 23:03:51,658 - WARNING - ⚠️ Tentativa 1: Limite de requisições. Aguardando 1s...
2025-05-23 23:03:57,826 - INFO - ✅ Backup criado: BootBackup-LinuxData004-BKPAUTCITEL-20250523-2303
2025-05-23 23:03:58,431 - INFO - 
🔍 Processando boot volume: LinuxData026
2025-05-23 23:03:58,555 - WARNING - ⚠️ Tentativa 1: Limite de requisições. Aguardando 1s...
2025-05-23 23:04:00,764 - INFO - ✅ Backup criado: BootBackup-LinuxData026-BKPAUTCITEL-20250523-2303
2025-05-23 23:04:01,014 - INFO - 
🔍 Processando boot volume: LinuxData005
2025-05-23 23:04:01,286 - INFO - ✅ Backup criado: BootBackup-LinuxData005-BKPAUTCITEL-20250523-2304
2025-05-23 23:04:01,902 - INFO - 
🔍 Processando boot volume: LinuxData012
2025-05-23 23:04:02,025 - WARNING - ⚠️ Tentativa 1: Limite de requisições. Aguardando 1s...
2025-05-23 23:04:05,857 - WARNING - ⚠️ Tentativa 2: Limite de requisições. Aguardando 2s...
2025-05-23 23:04:10,922 - WARNING - ⚠️ Tentativa 3: Limite de requisições. Aguardando 4s...
2025-05-23 23:04:18,616 - INFO - ✅ Backup criado: BootBackup-LinuxData012-BKPAUTCITEL-20250523-2304
2025-05-23 23:04:19,219 - INFO - 
🔍 Processando boot volume: LinuxData006
2025-05-23 23:04:19,496 - INFO - ✅ Backup criado: BootBackup-LinuxData006-BKPAUTCITEL-20250523-2304
2025-05-23 23:04:20,122 - INFO - 
🔍 Processando boot volume: LinuxData013
2025-05-23 23:04:20,245 - WARNING - ⚠️ Tentativa 1: Limite de requisições. Aguardando 1s...
2025-05-23 23:04:23,608 - INFO - ✅ Backup criado: BootBackup-LinuxData013-BKPAUTCITEL-20250523-2304
2025-05-23 23:04:24,240 - INFO - 
🔍 Processando boot volume: LinuxData011
2025-05-23 23:04:24,363 - WARNING - ⚠️ Tentativa 1: Limite de requisições. Aguardando 1s...
2025-05-23 23:04:27,127 - WARNING - ⚠️ Tentativa 2: Limite de requisições. Aguardando 2s...
2025-05-23 23:04:31,755 - WARNING - ⚠️ Tentativa 3: Limite de requisições. Aguardando 4s...
2025-05-23 23:04:37,769 - WARNING - ⚠️ Tentativa 4: Limite de requisições. Aguardando 8s...
2025-05-23 23:04:51,416 - INFO - ✅ Backup criado: BootBackup-LinuxData011-BKPAUTCITEL-20250523-2304
2025-05-23 23:04:52,046 - INFO - 
🔍 Processando boot volume: LinuxData008
2025-05-23 23:04:52,169 - WARNING - ⚠️ Tentativa 1: Limite de requisições. Aguardando 1s...
2025-05-23 23:04:55,575 - INFO - ✅ Backup criado: BootBackup-LinuxData008-BKPAUTCITEL-20250523-2304
2025-05-23 23:04:56,189 - INFO - 
🔍 Processando boot volume: LinuxData007
2025-05-23 23:04:56,459 - INFO - ✅ Backup criado: BootBackup-LinuxData007-BKPAUTCITEL-20250523-2304
2025-05-23 23:04:57,107 - INFO - 
🔍 Processando boot volume: LinuxData055
2025-05-23 23:04:57,426 - INFO - ✅ Backup criado: BootBackup-LinuxData055-BKPAUTCITEL-20250523-2304
2025-05-23 23:04:58,086 - INFO - 
🔍 Processando boot volume: LinuxData009
2025-05-23 23:04:58,212 - WARNING - ⚠️ Tentativa 1: Limite de requisições. Aguardando 1s...
2025-05-23 23:05:00,700 - INFO - ✅ Backup criado: BootBackup-LinuxData009-BKPAUTCITEL-20250523-2304
2025-05-23 23:05:01,345 - INFO - 
🔍 Processando boot volume: LinuxData014
2025-05-23 23:05:01,648 - INFO - ✅ Backup criado: BootBackup-LinuxData014-BKPAUTCITEL-20250523-2305
2025-05-23 23:05:01,906 - INFO - 
🔍 Processando boot volume: LinuxData050
2025-05-23 23:05:02,243 - INFO - ✅ Backup criado: BootBackup-LinuxData050-BKPAUTCITEL-20250523-2305
2025-05-23 23:05:02,891 - INFO - 
🔍 Processando boot volume: LinuxData018
2025-05-23 23:05:03,014 - WARNING - ⚠️ Tentativa 1: Limite de requisições. Aguardando 1s...
2025-05-23 23:05:07,014 - INFO - ✅ Backup criado: BootBackup-LinuxData018-BKPAUTCITEL-20250523-2305
2025-05-23 23:05:07,635 - INFO - 
🔍 Processando boot volume: LinuxData016
2025-05-23 23:05:07,973 - INFO - ✅ Backup criado: BootBackup-LinuxData016-BKPAUTCITEL-20250523-2305
2025-05-23 23:05:08,600 - INFO - 
🔍 Processando boot volume: LinuxData059
2025-05-23 23:05:08,915 - INFO - ✅ Backup criado: BootBackup-LinuxData059-BKPAUTCITEL-20250523-2305
2025-05-23 23:05:09,528 - INFO - 
🔍 Processando boot volume: LinuxData037
2025-05-23 23:05:09,815 - INFO - ✅ Backup criado: BootBackup-LinuxData037-BKPAUTCITEL-20250523-2305
2025-05-23 23:05:10,446 - INFO - 
🔍 Processando boot volume: LinuxData036
2025-05-23 23:05:10,574 - WARNING - ⚠️ Tentativa 1: Limite de requisições. Aguardando 1s...
2025-05-23 23:05:12,584 - INFO - ✅ Backup criado: BootBackup-LinuxData036-BKPAUTCITEL-20250523-2305
2025-05-23 23:05:12,872 - INFO - 
🔍 Processando boot volume: LinuxData017
2025-05-23 23:05:13,232 - INFO - ✅ Backup criado: BootBackup-LinuxData017-BKPAUTCITEL-20250523-2305
2025-05-23 23:05:13,906 - INFO - 
🔍 Processando boot volume: LinuxData041
2025-05-23 23:05:14,029 - WARNING - ⚠️ Tentativa 1: Limite de requisições. Aguardando 1s...
2025-05-23 23:05:17,529 - WARNING - ⚠️ Tentativa 2: Limite de requisições. Aguardando 2s...
2025-05-23 23:05:23,735 - WARNING - ⚠️ Tentativa 3: Limite de requisições. Aguardando 4s...
2025-05-23 23:05:29,777 - INFO - ✅ Backup criado: BootBackup-LinuxData041-BKPAUTCITEL-20250523-2305
2025-05-23 23:05:30,455 - INFO - 
🔍 Processando boot volume: LinuxData043
2025-05-23 23:05:30,766 - INFO - ✅ Backup criado: BootBackup-LinuxData043-BKPAUTCITEL-20250523-2305
2025-05-23 23:05:31,414 - INFO - 
🔍 Processando boot volume: LinuxData048
2025-05-23 23:05:31,537 - WARNING - ⚠️ Tentativa 1: Limite de requisições. Aguardando 1s...
2025-05-23 23:05:35,974 - WARNING - ⚠️ Tentativa 2: Limite de requisições. Aguardando 2s...
2025-05-23 23:05:42,566 - INFO - ✅ Backup criado: BootBackup-LinuxData048-BKPAUTCITEL-20250523-2305
2025-05-23 23:05:43,180 - INFO - 
🔍 Processando boot volume: LinuxData032
2025-05-23 23:05:43,303 - WARNING - ⚠️ Tentativa 1: Limite de requisições. Aguardando 1s...
2025-05-23 23:05:48,133 - WARNING - ⚠️ Tentativa 2: Limite de requisições. Aguardando 2s...
2025-05-23 23:05:51,776 - INFO - ✅ Backup criado: BootBackup-LinuxData032-BKPAUTCITEL-20250523-2305
2025-05-23 23:05:52,401 - INFO - 
🔍 Processando boot volume: TEMPLATE_LINUX
2025-05-23 23:05:52,702 - INFO - ✅ Backup criado: BootBackup-TEMPLATE_LINUX-BKPAUTCITEL-20250523-2305
2025-05-23 23:05:53,334 - INFO - 
🔍 Processando boot volume: LinuxData033
2025-05-23 23:05:53,665 - INFO - ✅ Backup criado: BootBackup-LinuxData033-BKPAUTCITEL-20250523-2305
2025-05-23 23:05:54,291 - INFO - 
🔍 Processando boot volume: LinuxData034
2025-05-23 23:05:54,607 - INFO - ✅ Backup criado: BootBackup-LinuxData034-BKPAUTCITEL-20250523-2305
2025-05-23 23:05:55,232 - INFO - 
🔍 Processando boot volume: LinuxData029
2025-05-23 23:05:55,571 - INFO - ✅ Backup criado: BootBackup-LinuxData029-BKPAUTCITEL-20250523-2305
2025-05-23 23:05:56,195 - INFO - 
🔍 Processando boot volume: LinuxData019
2025-05-23 23:05:56,318 - WARNING - ⚠️ Tentativa 1: Limite de requisições. Aguardando 1s...
2025-05-23 23:05:58,439 - WARNING - ⚠️ Tentativa 2: Limite de requisições. Aguardando 2s...
2025-05-23 23:06:02,642 - INFO - ✅ Backup criado: BootBackup-LinuxData019-BKPAUTCITEL-20250523-2305
2025-05-23 23:06:03,289 - INFO - 
🔍 Processando boot volume: LinuxData021
2025-05-23 23:06:03,413 - WARNING - ⚠️ Tentativa 1: Limite de requisições. Aguardando 1s...
2025-05-23 23:06:08,184 - WARNING - ⚠️ Tentativa 2: Limite de requisições. Aguardando 2s...
2025-05-23 23:06:12,273 - INFO - ✅ Backup criado: BootBackup-LinuxData021-BKPAUTCITEL-20250523-2306
2025-05-23 23:06:12,920 - INFO - 
🔍 Processando boot volume: LinuxData022
2025-05-23 23:06:13,043 - WARNING - ⚠️ Tentativa 1: Limite de requisições. Aguardando 1s...
2025-05-23 23:06:19,122 - INFO - ✅ Backup criado: BootBackup-LinuxData022-BKPAUTCITEL-20250523-2306
2025-05-23 23:06:19,784 - INFO - 
🔍 Processando boot volume: LinuxData024
2025-05-23 23:06:19,912 - WARNING - ⚠️ Tentativa 1: Limite de requisições. Aguardando 1s...
2025-05-23 23:06:25,287 - INFO - ✅ Backup criado: BootBackup-LinuxData024-BKPAUTCITEL-20250523-2306
2025-05-23 23:06:25,938 - INFO - 
🔍 Processando boot volume: LinuxData020
2025-05-23 23:06:26,248 - INFO - ✅ Backup criado: BootBackup-LinuxData020-BKPAUTCITEL-20250523-2306
2025-05-23 23:06:26,902 - INFO - 
🔍 Processando boot volume: LinuxData026
2025-05-23 23:06:27,190 - INFO - ✅ Backup criado: BootBackup-LinuxData026-BKPAUTCITEL-20250523-2306
2025-05-23 23:06:27,826 - INFO - 
🔍 Processando boot volume: LinuxData028
2025-05-23 23:06:27,949 - WARNING - ⚠️ Tentativa 1: Limite de requisições. Aguardando 1s...
2025-05-23 23:06:32,438 - INFO - ✅ Backup criado: BootBackup-LinuxData028-BKPAUTCITEL-20250523-2306
2025-05-23 23:06:33,079 - INFO - 
🔍 Processando boot volume: LinuxData030
2025-05-23 23:06:33,201 - WARNING - ⚠️ Tentativa 1: Limite de requisições. Aguardando 1s...
2025-05-23 23:06:36,307 - INFO - ✅ Backup criado: BootBackup-LinuxData030-BKPAUTCITEL-20250523-2306
2025-05-23 23:06:36,941 - INFO - 
🔍 Processando boot volume: LinuxData040
2025-05-23 23:06:37,064 - WARNING - ⚠️ Tentativa 1: Limite de requisições. Aguardando 1s...
2025-05-23 23:06:41,999 - INFO - ✅ Backup criado: BootBackup-LinuxData040-BKPAUTCITEL-20250523-2306
2025-05-23 23:06:42,651 - INFO - 
🔍 Processando boot volume: LinuxData065
2025-05-23 23:06:42,969 - INFO - ✅ Backup criado: BootBackup-LinuxData065-BKPAUTCITEL-20250523-2306
2025-05-23 23:06:43,627 - INFO - 
🔍 Processando boot volume: LinuxData072
2025-05-23 23:06:43,905 - INFO - ✅ Backup criado: BootBackup-LinuxData072-BKPAUTCITEL-20250523-2306
2025-05-23 23:06:44,551 - INFO - 
🔍 Processando boot volume: LinuxData001
2025-05-23 23:06:44,673 - WARNING - ⚠️ Tentativa 1: Limite de requisições. Aguardando 1s...
2025-05-23 23:06:49,277 - INFO - ✅ Backup criado: BootBackup-LinuxData001-BKPAUTCITEL-20250523-2306
2025-05-23 23:06:49,920 - INFO - 
🔍 Processando boot volume: LinuxData002
2025-05-23 23:06:50,043 - WARNING - ⚠️ Tentativa 1: Limite de requisições. Aguardando 1s...
2025-05-23 23:06:52,503 - WARNING - ⚠️ Tentativa 2: Limite de requisições. Aguardando 2s...
2025-05-23 23:06:59,445 - INFO - ✅ Backup criado: BootBackup-LinuxData002-BKPAUTCITEL-20250523-2306
2025-05-23 23:07:00,111 - INFO - 
🔍 Processando boot volume: LinuxTSPlus20_boot_clone0105
2025-05-23 23:07:00,234 - WARNING - ⚠️ Tentativa 1: Limite de requisições. Aguardando 1s...
2025-05-23 23:07:03,369 - INFO - ✅ Backup criado: BootBackup-LinuxTSPlus20_boot_clone0105-BKPAUTCITEL-20250523-2307
2025-05-23 23:07:03,995 - INFO - 
🔍 Processando boot volume: FGW-CITE-CLIENTES-CLONE2904
2025-05-23 23:07:04,311 - INFO - ✅ Backup criado: BootBackup-FGW-CITE-CLIENTES-CLONE2904-BKPAUTCITEL-20250523-2307
2025-05-23 23:07:04,992 - INFO - 
🔍 Processando boot volume: LinuxData013_clone06052025
2025-05-23 23:07:05,115 - WARNING - ⚠️ Tentativa 1: Limite de requisições. Aguardando 1s...
2025-05-23 23:07:08,809 - INFO - ✅ Backup criado: BootBackup-LinuxData013_clone06052025-BKPAUTCITEL-20250523-2307
2025-05-23 23:07:09,416 - INFO - 
🔁 Tentando novamente os backups que falharam...
2025-05-23 23:07:09,416 - INFO - 
🔄 Reprocessando: LinuxTSPlus2_boot_clone2904
2025-05-23 23:07:09,703 - INFO - ✅ Backup criado: BootBackup-LinuxTSPlus2_boot_clone2904-BKPAUTCITEL-20250523-2307
2025-05-23 23:07:09,703 - INFO - 
✅ Execução concluída com sucesso
