2025-05-23 11:07:05,541 - INFO - 
🔍 Processando block volume: LinuxTSPlus1_clone070525
2025-05-23 11:07:05,860 - INFO - ✅ Backup criado: BlockBackup-LinuxTSPlus1_clone070525-BKPAUTCITEL-20250523-1107
2025-05-23 11:07:06,416 - INFO - 
🔍 Processando block volume: Banco1LinuxTSPlus2_clone070525
2025-05-23 11:07:06,729 - INFO - ✅ Backup criado: BlockBackup-Banco1LinuxTSPlus2_clone070525-BKPAUTCITEL-20250523-1107
2025-05-23 11:07:07,257 - INFO - 
🔍 Processando block volume: Banco1LinuxTSPlus4_clone070525
2025-05-23 11:07:07,544 - INFO - ✅ Backup criado: BlockBackup-Banco1LinuxTSPlus4_clone070525-BKPAUTCITEL-20250523-1107
2025-05-23 11:07:08,213 - INFO - 
🔍 Processando block volume: Banco2LinuxTSPlus4_clone070525
2025-05-23 11:07:08,576 - INFO - ✅ Backup criado: BlockBackup-Banco2LinuxTSPlus4_clone070525-BKPAUTCITEL-20250523-1107
2025-05-23 11:07:09,099 - INFO - 
🔍 Processando block volume: Banco2LinuxTSPlus7_clone070525
2025-05-23 11:07:09,374 - INFO - ✅ Backup criado: BlockBackup-Banco2LinuxTSPlus7_clone070525-BKPAUTCITEL-20250523-1107
2025-05-23 11:07:10,021 - INFO - 
🔍 Processando block volume: Banco1LinuxTSPlus8_clone070525
2025-05-23 11:07:10,296 - INFO - ✅ Backup criado: BlockBackup-Banco1LinuxTSPlus8_clone070525-BKPAUTCITEL-20250523-1107
2025-05-23 11:07:10,817 - INFO - 
🔍 Processando block volume: Banco1LinuxTSPlus9_clone070525
2025-05-23 11:07:11,096 - INFO - ✅ Backup criado: BlockBackup-Banco1LinuxTSPlus9_clone070525-BKPAUTCITEL-20250523-1107
2025-05-23 11:07:11,627 - INFO - 
🔍 Processando block volume: Banco1LinuxTSPlus12_clone070525
2025-05-23 11:07:11,912 - INFO - ✅ Backup criado: BlockBackup-Banco1LinuxTSPlus12_clone070525-BKPAUTCITEL-20250523-1107
2025-05-23 11:07:12,435 - INFO - 
🔍 Processando block volume: Banco2LinuxTSPlus13_clone070525
2025-05-23 11:07:12,710 - INFO - ✅ Backup criado: BlockBackup-Banco2LinuxTSPlus13_clone070525-BKPAUTCITEL-20250523-1107
2025-05-23 11:07:13,242 - INFO - 
🔍 Processando block volume: BancoUbertintasTSPlus14_clone070525
2025-05-23 11:07:13,365 - WARNING - ⚠️ Tentativa 1: Limite de requisições. Aguardando 5s...
2025-05-23 11:07:19,673 - INFO - ✅ Backup criado: BlockBackup-BancoUbertintasTSPlus14_clone070525-BKPAUTCITEL-20250523-1107
2025-05-23 11:07:20,212 - INFO - 
🔍 Processando block volume: Banco2LinuxTSPlus14_clone070525
2025-05-23 11:07:20,540 - INFO - ✅ Backup criado: BlockBackup-Banco2LinuxTSPlus14_clone070525-BKPAUTCITEL-20250523-1107
2025-05-23 11:07:21,067 - INFO - 
🔍 Processando block volume: Banco1LinuxTSPlus16_clone070525
2025-05-23 11:07:21,412 - INFO - ✅ Backup criado: BlockBackup-Banco1LinuxTSPlus16_clone070525-BKPAUTCITEL-20250523-1107
2025-05-23 11:07:21,950 - INFO - 
🔍 Processando block volume: Banco2LinuxBR5_clone070525
2025-05-23 11:07:22,257 - INFO - ✅ Backup criado: BlockBackup-Banco2LinuxBR5_clone070525-BKPAUTCITEL-20250523-1107
2025-05-23 11:07:22,823 - INFO - 
🔍 Processando block volume: Banco2LinuxTSPlus18_clone070525
2025-05-23 11:07:23,114 - INFO - ✅ Backup criado: BlockBackup-Banco2LinuxTSPlus18_clone070525-BKPAUTCITEL-20250523-1107
2025-05-23 11:07:23,638 - INFO - 
🔍 Processando block volume: Banco1LinuxTSPlus19_clone070525
2025-05-23 11:07:23,893 - INFO - ✅ Backup criado: BlockBackup-Banco1LinuxTSPlus19_clone070525-BKPAUTCITEL-20250523-1107
2025-05-23 11:07:24,421 - INFO - 
🔍 Processando block volume: Banco4LinuxTSPlus10_clone070525
2025-05-23 11:07:24,544 - WARNING - ⚠️ Tentativa 1: Limite de requisições. Aguardando 5s...
2025-05-23 11:07:34,381 - INFO - ✅ Backup criado: BlockBackup-Banco4LinuxTSPlus10_clone070525-BKPAUTCITEL-20250523-1107
2025-05-23 11:07:34,917 - INFO - 
🔍 Processando block volume: Banco1LinuxTSPlus20_clone070525
2025-05-23 11:07:35,247 - INFO - ✅ Backup criado: BlockBackup-Banco1LinuxTSPlus20_clone070525-BKPAUTCITEL-20250523-1107
2025-05-23 11:07:35,775 - INFO - 
🔍 Processando block volume: Banco1LinuxTSPlus22_clone070525
2025-05-23 11:07:36,065 - INFO - ✅ Backup criado: BlockBackup-Banco1LinuxTSPlus22_clone070525-BKPAUTCITEL-20250523-1107
2025-05-23 11:07:36,607 - INFO - 
🔍 Processando block volume: Banco3LinuxTSPlus1_clone070525
2025-05-23 11:07:36,892 - INFO - ✅ Backup criado: BlockBackup-Banco3LinuxTSPlus1_clone070525-BKPAUTCITEL-20250523-1107
2025-05-23 11:07:37,410 - INFO - 
🔍 Processando block volume: Banco1LinuxTSPlus24_clone070525
2025-05-23 11:07:37,697 - INFO - ✅ Backup criado: BlockBackup-Banco1LinuxTSPlus24_clone070525-BKPAUTCITEL-20250523-1107
2025-05-23 11:07:38,222 - INFO - 
🔍 Processando block volume: Banco3LinuxTSPlus9_clone070525
2025-05-23 11:07:38,345 - WARNING - ⚠️ Tentativa 1: Limite de requisições. Aguardando 5s...
2025-05-23 11:07:45,085 - INFO - ✅ Backup criado: BlockBackup-Banco3LinuxTSPlus9_clone070525-BKPAUTCITEL-20250523-1107
2025-05-23 11:07:45,604 - INFO - 
🔍 Processando block volume: Banco_PalacioFerramentas_clone070525
2025-05-23 11:07:45,883 - INFO - ✅ Backup criado: BlockBackup-Banco_PalacioFerramentas_clone070525-BKPAUTCITEL-20250523-1107
2025-05-23 11:07:46,411 - INFO - 
🔍 Processando block volume: Banco1LinuxTSPlus25_clone070525
2025-05-23 11:07:46,533 - WARNING - ⚠️ Tentativa 1: Limite de requisições. Aguardando 5s...
2025-05-23 11:07:56,393 - INFO - ✅ Backup criado: BlockBackup-Banco1LinuxTSPlus25_clone070525-BKPAUTCITEL-20250523-1107
2025-05-23 11:07:56,917 - INFO - 
🔍 Processando block volume: Banco1LinuxTSPlus26_clone070525
2025-05-23 11:07:57,301 - INFO - ✅ Backup criado: BlockBackup-Banco1LinuxTSPlus26_clone070525-BKPAUTCITEL-20250523-1107
2025-05-23 11:07:57,851 - INFO - 
🔍 Processando block volume: Banco2LinuxTSPlus12_clone070525
2025-05-23 11:07:57,973 - WARNING - ⚠️ Tentativa 1: Limite de requisições. Aguardando 5s...
2025-05-23 11:08:04,054 - WARNING - ⚠️ Tentativa 2: Limite de requisições. Aguardando 10s...
2025-05-23 11:08:16,346 - INFO - ✅ Backup criado: BlockBackup-Banco2LinuxTSPlus12_clone070525-BKPAUTCITEL-20250523-1107
2025-05-23 11:08:16,879 - INFO - 
🔍 Processando block volume: Banco2LinuxTSPlus28_clone070525
2025-05-23 11:08:17,002 - WARNING - ⚠️ Tentativa 1: Limite de requisições. Aguardando 5s...
2025-05-23 11:08:27,649 - INFO - ✅ Backup criado: BlockBackup-Banco2LinuxTSPlus28_clone070525-BKPAUTCITEL-20250523-1108
2025-05-23 11:08:28,166 - INFO - 
🔍 Processando block volume: Banco1LinuxTSPlus29_clone070525
2025-05-23 11:08:28,290 - WARNING - ⚠️ Tentativa 1: Limite de requisições. Aguardando 5s...
2025-05-23 11:08:33,959 - INFO - ✅ Backup criado: BlockBackup-Banco1LinuxTSPlus29_clone070525-BKPAUTCITEL-20250523-1108
2025-05-23 11:08:34,490 - INFO - 
🔍 Processando block volume: Banco1LinuxTSPlus30_clone070525
2025-05-23 11:08:34,614 - WARNING - ⚠️ Tentativa 1: Limite de requisições. Aguardando 5s...
2025-05-23 11:08:40,632 - INFO - ✅ Backup criado: BlockBackup-Banco1LinuxTSPlus30_clone070525-BKPAUTCITEL-20250523-1108
2025-05-23 11:08:41,169 - INFO - 
🔍 Processando block volume: Banco3LinuxTSPlus6_clone070525
2025-05-23 11:08:41,515 - INFO - ✅ Backup criado: BlockBackup-Banco3LinuxTSPlus6_clone070525-BKPAUTCITEL-20250523-1108
2025-05-23 11:08:42,054 - INFO - 
🔍 Processando block volume: Banco1LinuxTSPLUS32_clone070525
2025-05-23 11:08:42,376 - INFO - ✅ Backup criado: BlockBackup-Banco1LinuxTSPLUS32_clone070525-BKPAUTCITEL-20250523-1108
2025-05-23 11:08:42,891 - INFO - 
🔍 Processando block volume: Banco1LinuxTSPLUS33_clone070525
2025-05-23 11:08:43,013 - WARNING - ⚠️ Tentativa 1: Limite de requisições. Aguardando 5s...
2025-05-23 11:08:49,829 - INFO - ✅ Backup criado: BlockBackup-Banco1LinuxTSPLUS33_clone070525-BKPAUTCITEL-20250523-1108
2025-05-23 11:08:50,350 - INFO - 
🔍 Processando block volume: Banco1LinuxTSPLUS34_clone070525
2025-05-23 11:08:50,601 - INFO - ✅ Backup criado: BlockBackup-Banco1LinuxTSPLUS34_clone070525-BKPAUTCITEL-20250523-1108
2025-05-23 11:08:51,130 - INFO - 
🔍 Processando block volume: Banco1LinuxTSPLUS36_clone070525
2025-05-23 11:08:51,403 - INFO - ✅ Backup criado: BlockBackup-Banco1LinuxTSPLUS36_clone070525-BKPAUTCITEL-20250523-1108
2025-05-23 11:08:51,935 - INFO - 
🔍 Processando block volume: Banco1LinuxTSPLUS37_clone070525
2025-05-23 11:08:52,058 - WARNING - ⚠️ Tentativa 1: Limite de requisições. Aguardando 5s...
2025-05-23 11:09:00,280 - WARNING - ⚠️ Tentativa 2: Limite de requisições. Aguardando 10s...
2025-05-23 11:09:11,689 - WARNING - ⚠️ Tentativa 3: Limite de requisições. Aguardando 20s...
2025-05-23 11:09:32,858 - INFO - ✅ Backup criado: BlockBackup-Banco1LinuxTSPLUS37_clone070525-BKPAUTCITEL-20250523-1108
2025-05-23 11:09:33,407 - INFO - 
🔍 Processando block volume: Banco1LinuxTSPLUS40_clone070525
2025-05-23 11:09:33,701 - INFO - ✅ Backup criado: BlockBackup-Banco1LinuxTSPLUS40_clone070525-BKPAUTCITEL-20250523-1109
2025-05-23 11:09:34,223 - INFO - 
🔍 Processando block volume: Banco1LinuxTSPLUS41_clone070525
2025-05-23 11:09:34,345 - WARNING - ⚠️ Tentativa 1: Limite de requisições. Aguardando 5s...
2025-05-23 11:09:41,252 - WARNING - ⚠️ Tentativa 2: Limite de requisições. Aguardando 10s...
2025-05-23 11:09:56,573 - INFO - ✅ Backup criado: BlockBackup-Banco1LinuxTSPLUS41_clone070525-BKPAUTCITEL-20250523-1109
2025-05-23 11:09:57,098 - INFO - 
🔍 Processando block volume: Banco3LinuxBR5_clone070525
2025-05-23 11:09:57,416 - INFO - ✅ Backup criado: BlockBackup-Banco3LinuxBR5_clone070525-BKPAUTCITEL-20250523-1109
2025-05-23 11:09:57,943 - INFO - 
🔍 Processando block volume: Banco1LinuxTSPLUS43_clone070525
2025-05-23 11:09:58,229 - INFO - ✅ Backup criado: BlockBackup-Banco1LinuxTSPLUS43_clone070525-BKPAUTCITEL-20250523-1109
2025-05-23 11:09:58,756 - INFO - 
🔍 Processando block volume: Banco1LinuxTSPlus11_clone070525
2025-05-23 11:09:59,041 - INFO - ✅ Backup criado: BlockBackup-Banco1LinuxTSPlus11_clone070525-BKPAUTCITEL-20250523-1109
2025-05-23 11:09:59,570 - INFO - 
🔍 Processando block volume: Banco2LinuxTSPLUS65_clone070525
2025-05-23 11:09:59,692 - WARNING - ⚠️ Tentativa 1: Limite de requisições. Aguardando 5s...
2025-05-23 11:10:07,538 - INFO - ✅ Backup criado: BlockBackup-Banco2LinuxTSPLUS65_clone070525-BKPAUTCITEL-20250523-1109
2025-05-23 11:10:08,089 - INFO - 
🔍 Processando block volume: Banco2LinuxTSPlus17_clone070525
2025-05-23 11:10:08,374 - INFO - ✅ Backup criado: BlockBackup-Banco2LinuxTSPlus17_clone070525-BKPAUTCITEL-20250523-1110
2025-05-23 11:10:08,910 - INFO - 
🔍 Processando block volume: Banco3LinuxTSPlus8_clone070525
2025-05-23 11:10:09,259 - INFO - ✅ Backup criado: BlockBackup-Banco3LinuxTSPlus8_clone070525-BKPAUTCITEL-20250523-1110
2025-05-23 11:10:09,786 - INFO - 
🔍 Processando block volume: Banco 1 OracleBr48_clone070525
2025-05-23 11:10:10,077 - INFO - ✅ Backup criado: BlockBackup-Banco 1 OracleBr48_clone070525-BKPAUTCITEL-20250523-1110
2025-05-23 11:10:10,640 - INFO - 
🔍 Processando block volume: Banco5LinuxTSPlus10_clone070525
2025-05-23 11:10:10,924 - INFO - ✅ Backup criado: BlockBackup-Banco5LinuxTSPlus10_clone070525-BKPAUTCITEL-20250523-1110
2025-05-23 11:10:11,448 - INFO - 
🔍 Processando block volume: Banco1LinuxTSPlus50_clone070525
2025-05-23 11:10:11,740 - INFO - ✅ Backup criado: BlockBackup-Banco1LinuxTSPlus50_clone070525-BKPAUTCITEL-20250523-1110
2025-05-23 11:10:12,264 - INFO - 
🔍 Processando block volume: Banco2LinuxTSPlus20_clone070525
2025-05-23 11:10:12,387 - WARNING - ⚠️ Tentativa 1: Limite de requisições. Aguardando 5s...
2025-05-23 11:10:22,097 - INFO - ✅ Backup criado: BlockBackup-Banco2LinuxTSPlus20_clone070525-BKPAUTCITEL-20250523-1110
2025-05-23 11:10:22,619 - INFO - 
🔍 Processando block volume: BancoPRODBelaTintas_clone070525
2025-05-23 11:10:22,900 - INFO - ✅ Backup criado: BlockBackup-BancoPRODBelaTintas_clone070525-BKPAUTCITEL-20250523-1110
2025-05-23 11:10:23,426 - INFO - 
🔍 Processando block volume: BancoPRODJRPais_clone070525
2025-05-23 11:10:23,549 - WARNING - ⚠️ Tentativa 1: Limite de requisições. Aguardando 5s...
2025-05-23 11:10:30,670 - WARNING - ⚠️ Tentativa 2: Limite de requisições. Aguardando 10s...
2025-05-23 11:10:44,280 - INFO - ✅ Backup criado: BlockBackup-BancoPRODJRPais_clone070525-BKPAUTCITEL-20250523-1110
2025-05-23 11:10:44,814 - INFO - 
🔍 Processando block volume: Banco3LinuxTSPlus7_clone070525
2025-05-23 11:10:45,216 - INFO - ✅ Backup criado: BlockBackup-Banco3LinuxTSPlus7_clone070525-BKPAUTCITEL-20250523-1110
2025-05-23 11:10:45,755 - INFO - 
🔍 Processando block volume: Banco1BR55_clone070525
2025-05-23 11:10:46,093 - INFO - ✅ Backup criado: BlockBackup-Banco1BR55_clone070525-BKPAUTCITEL-20250523-1110
2025-05-23 11:10:46,622 - INFO - 
🔍 Processando block volume: BancoLinux59_clone070525
2025-05-23 11:10:46,881 - INFO - ✅ Backup criado: BlockBackup-BancoLinux59_clone070525-BKPAUTCITEL-20250523-1110
2025-05-23 11:10:47,411 - INFO - 
🔍 Processando block volume: Banco2LinuxBR21_clone070525
2025-05-23 11:10:47,720 - INFO - ✅ Backup criado: BlockBackup-Banco2LinuxBR21_clone070525-BKPAUTCITEL-20250523-1110
2025-05-23 11:10:48,250 - INFO - 
🔍 Processando block volume: Banco2Linux59_clone070525
2025-05-23 11:10:48,372 - WARNING - ⚠️ Tentativa 1: Limite de requisições. Aguardando 5s...
2025-05-23 11:10:55,208 - INFO - ✅ Backup criado: BlockBackup-Banco2Linux59_clone070525-BKPAUTCITEL-20250523-1110
2025-05-23 11:10:55,735 - INFO - 
🔍 Processando block volume: Banco2BR24_clone070525
2025-05-23 11:10:56,042 - INFO - ✅ Backup criado: BlockBackup-Banco2BR24_clone070525-BKPAUTCITEL-20250523-1110
2025-05-23 11:10:56,562 - INFO - 
🔍 Processando block volume: Banco2BR33_clone070525
2025-05-23 11:10:56,684 - WARNING - ⚠️ Tentativa 1: Limite de requisições. Aguardando 5s...
2025-05-23 11:11:05,804 - INFO - ✅ Backup criado: BlockBackup-Banco2BR33_clone070525-BKPAUTCITEL-20250523-1110
2025-05-23 11:11:06,330 - INFO - 
🔍 Processando block volume: Banco1LinuxTSPLUS65_clone070525
2025-05-23 11:11:06,605 - INFO - ✅ Backup criado: BlockBackup-Banco1LinuxTSPLUS65_clone070525-BKPAUTCITEL-20250523-1111
2025-05-23 11:11:07,151 - INFO - 
🔍 Processando block volume: BancoBR_72_clone070525
2025-05-23 11:11:07,274 - WARNING - ⚠️ Tentativa 1: Limite de requisições. Aguardando 5s...
2025-05-23 11:11:15,909 - WARNING - ⚠️ Tentativa 2: Limite de requisições. Aguardando 10s...
2025-05-23 11:11:31,358 - WARNING - ⚠️ Tentativa 3: Limite de requisições. Aguardando 20s...
2025-05-23 11:11:54,682 - WARNING - ⚠️ Tentativa 4: Limite de requisições. Aguardando 40s...
2025-05-23 11:12:38,786 - INFO - ✅ Backup criado: BlockBackup-BancoBR_72_clone070525-BKPAUTCITEL-20250523-1111
2025-05-23 11:12:39,316 - INFO - 
🔍 Processando block volume: Banco1LinuxTSPlus18_clone070525
2025-05-23 11:12:39,639 - INFO - ✅ Backup criado: BlockBackup-Banco1LinuxTSPlus18_clone070525-BKPAUTCITEL-20250523-1112
2025-05-23 11:12:40,165 - INFO - 
🔍 Processando block volume: LinuxDataBelaTintas_clone070525
2025-05-23 11:12:40,447 - INFO - ✅ Backup criado: BlockBackup-LinuxDataBelaTintas_clone070525-BKPAUTCITEL-20250523-1112
2025-05-23 11:12:40,982 - INFO - 
🔍 Processando block volume: Banco2LinuxTSPlus22_clone070525
2025-05-23 11:12:41,306 - INFO - ✅ Backup criado: BlockBackup-Banco2LinuxTSPlus22_clone070525-BKPAUTCITEL-20250523-1112
2025-05-23 11:12:41,829 - INFO - 
🔍 Processando block volume: Banco2LinuxTSPLUS32_clone070525
2025-05-23 11:12:41,952 - WARNING - ⚠️ Tentativa 1: Limite de requisições. Aguardando 5s...
2025-05-23 11:12:48,429 - WARNING - ⚠️ Tentativa 2: Limite de requisições. Aguardando 10s...
2025-05-23 11:13:00,391 - INFO - ✅ Backup criado: BlockBackup-Banco2LinuxTSPLUS32_clone070525-BKPAUTCITEL-20250523-1112
2025-05-23 11:13:00,926 - INFO - 
🔍 Processando block volume: Bancos2_BR29_clone070525
2025-05-23 11:13:01,219 - INFO - ✅ Backup criado: BlockBackup-Bancos2_BR29_clone070525-BKPAUTCITEL-20250523-1113
2025-05-23 11:13:01,747 - INFO - 
🔍 Processando block volume: Bancos4_BR9_clone070525
2025-05-23 11:13:02,062 - INFO - ✅ Backup criado: BlockBackup-Bancos4_BR9_clone070525-BKPAUTCITEL-20250523-1113
2025-05-23 11:13:02,576 - INFO - 
🔍 Processando block volume: Bancos3_BR12_clone070525
2025-05-23 11:13:02,698 - WARNING - ⚠️ Tentativa 1: Limite de requisições. Aguardando 5s...
2025-05-23 11:13:12,515 - WARNING - ⚠️ Tentativa 2: Limite de requisições. Aguardando 10s...
2025-05-23 11:13:25,006 - INFO - ✅ Backup criado: BlockBackup-Bancos3_BR12_clone070525-BKPAUTCITEL-20250523-1113
2025-05-23 11:13:25,546 - INFO - 
🔍 Processando block volume: Bancos2_BR34_clone070525
2025-05-23 11:13:25,835 - INFO - ✅ Backup criado: BlockBackup-Bancos2_BR34_clone070525-BKPAUTCITEL-20250523-1113
2025-05-23 11:13:26,358 - INFO - 
🔍 Processando block volume: Bancos3_BR29_clone070525
2025-05-23 11:13:26,481 - WARNING - ⚠️ Tentativa 1: Limite de requisições. Aguardando 5s...
2025-05-23 11:13:34,527 - INFO - ✅ Backup criado: BlockBackup-Bancos3_BR29_clone070525-BKPAUTCITEL-20250523-1113
2025-05-23 11:13:35,058 - INFO - 
🔍 Processando block volume: Banco3_BR7_clone070525
2025-05-23 11:13:35,323 - INFO - ✅ Backup criado: BlockBackup-Banco3_BR7_clone070525-BKPAUTCITEL-20250523-1113
2025-05-23 11:13:35,853 - INFO - 
🔍 Processando block volume: Bancos2_BR02_clone070525
2025-05-23 11:13:36,167 - INFO - ✅ Backup criado: BlockBackup-Bancos2_BR02_clone070525-BKPAUTCITEL-20250523-1113
2025-05-23 11:13:36,707 - INFO - 
🔍 Processando block volume: Bancos4_BR18_clone070525
2025-05-23 11:13:36,831 - WARNING - ⚠️ Tentativa 1: Limite de requisições. Aguardando 5s...
2025-05-23 11:13:42,484 - WARNING - ⚠️ Tentativa 2: Limite de requisições. Aguardando 10s...
2025-05-23 11:13:56,722 - INFO - ✅ Backup criado: BlockBackup-Bancos4_BR18_clone070525-BKPAUTCITEL-20250523-1113
2025-05-23 11:13:57,242 - INFO - 
🔍 Processando block volume: Bancos4_BR01_clone070525
2025-05-23 11:13:57,514 - INFO - ✅ Backup criado: BlockBackup-Bancos4_BR01_clone070525-BKPAUTCITEL-20250523-1113
2025-05-23 11:13:58,040 - INFO - 
🔍 Processando block volume: Bancos3_BR13_clone070525
2025-05-23 11:13:58,327 - INFO - ✅ Backup criado: BlockBackup-Bancos3_BR13_clone070525-BKPAUTCITEL-20250523-1113
2025-05-23 11:13:58,848 - INFO - 
🔍 Processando block volume: Banco3_BR4_clone070525
2025-05-23 11:13:59,119 - INFO - ✅ Backup criado: BlockBackup-Banco3_BR4_clone070525-BKPAUTCITEL-20250523-1113
2025-05-23 11:13:59,642 - INFO - 
🔍 Processando block volume: Banco2LinuxTSPlus16_clone070525
2025-05-23 11:13:59,767 - WARNING - ⚠️ Tentativa 1: Limite de requisições. Aguardando 5s...
2025-05-23 11:14:08,940 - WARNING - ⚠️ Tentativa 2: Limite de requisições. Aguardando 10s...
2025-05-23 11:14:20,406 - INFO - ✅ Backup criado: BlockBackup-Banco2LinuxTSPlus16_clone070525-BKPAUTCITEL-20250523-1113
2025-05-23 11:14:20,927 - INFO - 
🔍 Processando block volume: BKO Palacio TKT 651385_clone070525
2025-05-23 11:14:21,430 - INFO - ✅ Backup criado: BlockBackup-BKO Palacio TKT 651385_clone070525-BKPAUTCITEL-20250523-1114
2025-05-23 11:14:21,959 - INFO - 
🔍 Processando block volume: Banco4LinuxTSPlus6_clone070525
2025-05-23 11:14:22,083 - WARNING - ⚠️ Tentativa 1: Limite de requisições. Aguardando 5s...
2025-05-23 11:14:28,345 - INFO - ✅ Backup criado: BlockBackup-Banco4LinuxTSPlus6_clone070525-BKPAUTCITEL-20250523-1114
2025-05-23 11:14:28,902 - INFO - 
🔍 Processando block volume: Banco2BR_72_clone070525
2025-05-23 11:14:29,246 - INFO - ✅ Backup criado: BlockBackup-Banco2BR_72_clone070525-BKPAUTCITEL-20250523-1114
2025-05-23 11:14:29,777 - INFO - 
🔍 Processando block volume: Bancos3_BR25_clone070525
2025-05-23 11:14:30,040 - INFO - ✅ Backup criado: BlockBackup-Bancos3_BR25_clone070525-BKPAUTCITEL-20250523-1114
2025-05-23 11:14:30,577 - INFO - 
🔍 Processando block volume: bancos3_BR28_clone070525
2025-05-23 11:14:30,856 - INFO - ✅ Backup criado: BlockBackup-bancos3_BR28_clone070525-BKPAUTCITEL-20250523-1114
2025-05-23 11:14:31,374 - INFO - 
🔍 Processando block volume: GeB_clone070525
2025-05-23 11:14:31,497 - WARNING - ⚠️ Tentativa 1: Limite de requisições. Aguardando 5s...
2025-05-23 11:14:39,445 - INFO - ✅ Backup criado: BlockBackup-GeB_clone070525-BKPAUTCITEL-20250523-1114
2025-05-23 11:14:39,973 - INFO - 
🔍 Processando block volume: Banco3_BR20_clone070525
2025-05-23 11:14:40,262 - INFO - ✅ Backup criado: BlockBackup-Banco3_BR20_clone070525-BKPAUTCITEL-20250523-1114
2025-05-23 11:14:40,787 - INFO - 
🔍 Processando block volume: Bancos3_BR34_clone070525
2025-05-23 11:14:40,910 - WARNING - ⚠️ Tentativa 1: Limite de requisições. Aguardando 5s...
2025-05-23 11:14:50,240 - INFO - ✅ Backup criado: BlockBackup-Bancos3_BR34_clone070525-BKPAUTCITEL-20250523-1114
2025-05-23 11:14:50,768 - INFO - 
🔍 Processando block volume: Banco_Darka_clone070525
2025-05-23 11:14:51,096 - INFO - ✅ Backup criado: BlockBackup-Banco_Darka_clone070525-BKPAUTCITEL-20250523-1114
2025-05-23 11:14:51,622 - INFO - 
🔍 Processando block volume: Banco4LinuxTSPlus7_clone070525
2025-05-23 11:14:51,876 - INFO - ✅ Backup criado: BlockBackup-Banco4LinuxTSPlus7_clone070525-BKPAUTCITEL-20250523-1114
2025-05-23 11:14:52,409 - INFO - 
🔍 Processando block volume: Banco4LinuxTSPlus20_clone070525
2025-05-23 11:14:52,679 - INFO - ✅ Backup criado: BlockBackup-Banco4LinuxTSPlus20_clone070525-BKPAUTCITEL-20250523-1114
2025-05-23 11:14:53,212 - INFO - 
🔍 Processando block volume: Bancos4_BR13_clone070525
2025-05-23 11:14:53,557 - INFO - ✅ Backup criado: BlockBackup-Bancos4_BR13_clone070525-BKPAUTCITEL-20250523-1114
2025-05-23 11:14:54,082 - INFO - 
🔍 Processando block volume: Banco2LinuxTSPLUS37_clone070525
2025-05-23 11:14:54,351 - INFO - ✅ Backup criado: BlockBackup-Banco2LinuxTSPLUS37_clone070525-BKPAUTCITEL-20250523-1114
2025-05-23 11:14:54,872 - INFO - 
🔍 Processando block volume: BackupGeB_clone070525
2025-05-23 11:14:54,996 - WARNING - ⚠️ Tentativa 1: Limite de requisições. Aguardando 5s...
2025-05-23 11:15:05,173 - INFO - ✅ Backup criado: BlockBackup-BackupGeB_clone070525-BKPAUTCITEL-20250523-1114
2025-05-23 11:15:05,722 - INFO - 
🔍 Processando block volume: BancoGeB_clone070525
2025-05-23 11:15:05,844 - WARNING - ⚠️ Tentativa 1: Limite de requisições. Aguardando 5s...
2025-05-23 11:15:12,086 - INFO - ✅ Backup criado: BlockBackup-BancoGeB_clone070525-BKPAUTCITEL-20250523-1115
2025-05-23 11:15:12,608 - INFO - 
🔍 Processando block volume: Banco3BR55_clone070525
2025-05-23 11:15:12,732 - WARNING - ⚠️ Tentativa 1: Limite de requisições. Aguardando 5s...
2025-05-23 11:15:21,193 - WARNING - ⚠️ Tentativa 2: Limite de requisições. Aguardando 10s...
2025-05-23 11:15:33,592 - INFO - ✅ Backup criado: BlockBackup-Banco3BR55_clone070525-BKPAUTCITEL-20250523-1115
2025-05-23 11:15:34,116 - INFO - 
🔍 Processando block volume: Bancos5_BR1_clone070525
2025-05-23 11:15:34,393 - INFO - ✅ Backup criado: BlockBackup-Bancos5_BR1_clone070525-BKPAUTCITEL-20250523-1115
2025-05-23 11:15:34,932 - INFO - 
🔍 Processando block volume: Banco3LinuxTSPlus19_clone070525
2025-05-23 11:15:35,199 - INFO - ✅ Backup criado: BlockBackup-Banco3LinuxTSPlus19_clone070525-BKPAUTCITEL-20250523-1115
2025-05-23 11:15:35,726 - INFO - 
🔍 Processando block volume: BackupCoresVivas TKT 902822_clone070525
2025-05-23 11:15:36,026 - INFO - ✅ Backup criado: BlockBackup-BackupCoresVivas TKT 902822_clone070525-BKPAUTCITEL-20250523-1115
2025-05-23 11:15:36,548 - INFO - 
🔍 Processando block volume: bkpBoomerVinicius_clone070525
2025-05-23 11:15:36,820 - INFO - ✅ Backup criado: BlockBackup-bkpBoomerVinicius_clone070525-BKPAUTCITEL-20250523-1115
2025-05-23 11:15:37,348 - INFO - 
🔍 Processando block volume: GeB2_clone070525
2025-05-23 11:15:37,470 - WARNING - ⚠️ Tentativa 1: Limite de requisições. Aguardando 5s...
2025-05-23 11:15:45,139 - INFO - ✅ Backup criado: BlockBackup-GeB2_clone070525-BKPAUTCITEL-20250523-1115
2025-05-23 11:15:45,678 - INFO - 
🔍 Processando block volume: bkpParque1014464_clone070525
2025-05-23 11:15:45,800 - WARNING - ⚠️ Tentativa 1: Limite de requisições. Aguardando 5s...
2025-05-23 11:15:51,944 - INFO - ✅ Backup criado: BlockBackup-bkpParque1014464_clone070525-BKPAUTCITEL-20250523-1115
2025-05-23 11:15:52,475 - INFO - 
🔍 Processando block volume: bkpPedrao1020442_clone070525
2025-05-23 11:15:52,597 - WARNING - ⚠️ Tentativa 1: Limite de requisições. Aguardando 5s...
2025-05-23 11:16:00,219 - WARNING - ⚠️ Tentativa 2: Limite de requisições. Aguardando 10s...
2025-05-23 11:16:14,108 - WARNING - ⚠️ Tentativa 3: Limite de requisições. Aguardando 20s...
2025-05-23 11:16:36,068 - WARNING - ⚠️ Tentativa 4: Limite de requisições. Aguardando 40s...
2025-05-23 11:17:17,902 - INFO - ✅ Backup criado: BlockBackup-bkpPedrao1020442_clone070525-BKPAUTCITEL-20250523-1115
2025-05-23 11:17:18,424 - INFO - 
🔍 Processando block volume: Backup_BR34_1031161_clone070525
2025-05-23 11:17:18,732 - INFO - ✅ Backup criado: BlockBackup-Backup_BR34_1031161_clone070525-BKPAUTCITEL-20250523-1117
2025-05-23 11:17:19,260 - INFO - 
🔍 Processando block volume: Banco3LinuxTSPLUS65_clone070525
2025-05-23 11:17:19,552 - INFO - ✅ Backup criado: BlockBackup-Banco3LinuxTSPLUS65_clone070525-BKPAUTCITEL-20250523-1117
2025-05-23 11:17:20,078 - INFO - 
🔍 Processando block volume: Banco3LinuxTSPlus22_clone070525
2025-05-23 11:17:20,200 - WARNING - ⚠️ Tentativa 1: Limite de requisições. Aguardando 5s...
2025-05-23 11:17:26,668 - INFO - ✅ Backup criado: BlockBackup-Banco3LinuxTSPlus22_clone070525-BKPAUTCITEL-20250523-1117
2025-05-23 11:17:27,195 - INFO - 
🔍 Processando block volume: BinariosLinuxTSPLUS65_clone070525
2025-05-23 11:17:27,482 - INFO - ✅ Backup criado: BlockBackup-BinariosLinuxTSPLUS65_clone070525-BKPAUTCITEL-20250523-1117
2025-05-23 11:17:28,028 - INFO - 
🔍 Processando block volume: GeB BancoTeste tkt 1048932_clone070525
2025-05-23 11:17:28,493 - INFO - ✅ Backup criado: BlockBackup-GeB BancoTeste tkt 1048932_clone070525-BKPAUTCITEL-20250523-1117
2025-05-23 11:17:29,038 - INFO - 
🔍 Processando block volume: Banco2LinuxTSPlus19_BelaTintas_clone070525
2025-05-23 11:17:29,369 - INFO - ✅ Backup criado: BlockBackup-Banco2LinuxTSPlus19_BelaTintas_clone070525-BKPAUTCITEL-20250523-1117
2025-05-23 11:17:29,895 - INFO - 
🔍 Processando block volume: Banco1LinuxTSPlus11_clone2904_clone070525
2025-05-23 11:17:30,024 - WARNING - ⚠️ Tentativa 1: Limite de requisições. Aguardando 5s...
2025-05-23 11:17:36,679 - WARNING - ⚠️ Tentativa 2: Limite de requisições. Aguardando 10s...
2025-05-23 11:17:47,587 - INFO - ✅ Backup criado: BlockBackup-Banco1LinuxTSPlus11_clone2904_clone070525-BKPAUTCITEL-20250523-1117
2025-05-23 11:17:48,115 - INFO - 
🔍 Processando block volume: LinuxTSPlus11_BancoPRODJRPais_clone2904_clone070525
2025-05-23 11:17:48,382 - INFO - ✅ Backup criado: BlockBackup-LinuxTSPlus11_BancoPRODJRPais_clone2904_clone070525-BKPAUTCITEL-20250523-1117
2025-05-23 11:17:48,911 - INFO - 
🔍 Processando block volume: LinuxTSPlus30_Banco1LinuxTSPlus30_clone2904_clone070525
2025-05-23 11:17:49,034 - WARNING - ⚠️ Tentativa 1: Limite de requisições. Aguardando 5s...
2025-05-23 11:17:58,509 - INFO - ✅ Backup criado: BlockBackup-LinuxTSPlus30_Banco1LinuxTSPlus30_clone2904_clone070525-BKPAUTCITEL-20250523-1117
2025-05-23 11:17:59,037 - INFO - 
🔍 Processando block volume: Banco-1-LinuxData012_clone070525
2025-05-23 11:17:59,333 - INFO - ✅ Backup criado: BlockBackup-Banco-1-LinuxData012_clone070525-BKPAUTCITEL-20250523-1117
2025-05-23 11:17:59,861 - INFO - 
🔍 Processando block volume: Banco2-LinuxData012_clone070525
2025-05-23 11:18:00,153 - INFO - ✅ Backup criado: BlockBackup-Banco2-LinuxData012_clone070525-BKPAUTCITEL-20250523-1117
2025-05-23 11:18:00,690 - INFO - 
🔍 Processando block volume: Banco3-LinuxData012_clone070525
2025-05-23 11:18:01,007 - INFO - ✅ Backup criado: BlockBackup-Banco3-LinuxData012_clone070525-BKPAUTCITEL-20250523-1118
2025-05-23 11:18:01,545 - INFO - 
🔍 Processando block volume: LinuxTSPlus10_BKOPalacioTKT651385_clone2904_clone070525
2025-05-23 11:18:01,680 - WARNING - ⚠️ Tentativa 1: Limite de requisições. Aguardando 5s...
2025-05-23 11:18:09,138 - INFO - ✅ Backup criado: BlockBackup-LinuxTSPlus10_BKOPalacioTKT651385_clone2904_clone070525-BKPAUTCITEL-20250523-1118
2025-05-23 11:18:09,667 - INFO - 
🔍 Processando block volume: LinuxTSPlus10_Banco4LinuxTSPlus10_clone2904_clone070525
2025-05-23 11:18:09,957 - INFO - ✅ Backup criado: BlockBackup-LinuxTSPlus10_Banco4LinuxTSPlus10_clone2904_clone070525-BKPAUTCITEL-20250523-1118
2025-05-23 11:18:10,500 - INFO - 
🔍 Processando block volume: LinuxTSPlus10_Banco5LinuxTSPlus10_clone2904_clone070525
2025-05-23 11:18:10,622 - WARNING - ⚠️ Tentativa 1: Limite de requisições. Aguardando 5s...
2025-05-23 11:18:17,671 - INFO - ✅ Backup criado: BlockBackup-LinuxTSPlus10_Banco5LinuxTSPlus10_clone2904_clone070525-BKPAUTCITEL-20250523-1118
2025-05-23 11:18:18,234 - INFO - 
🔍 Processando block volume: LinuxTSPlus10_GeB_clone2904_clone070525
2025-05-23 11:18:18,356 - WARNING - ⚠️ Tentativa 1: Limite de requisições. Aguardando 5s...
2025-05-23 11:18:26,220 - WARNING - ⚠️ Tentativa 2: Limite de requisições. Aguardando 10s...
2025-05-23 11:18:38,270 - INFO - ✅ Backup criado: BlockBackup-LinuxTSPlus10_GeB_clone2904_clone070525-BKPAUTCITEL-20250523-1118
2025-05-23 11:18:38,797 - INFO - 
🔍 Processando block volume: LinuxTSPlus55_Banco1BR55_clone2904_clone070525
2025-05-23 11:18:39,100 - INFO - ✅ Backup criado: BlockBackup-LinuxTSPlus55_Banco1BR55_clone2904_clone070525-BKPAUTCITEL-20250523-1118
2025-05-23 11:18:39,633 - INFO - 
🔍 Processando block volume: LinuxTSPlus55_Banco3BR55_clone2904_clone070525
2025-05-23 11:18:39,982 - INFO - ✅ Backup criado: BlockBackup-LinuxTSPlus55_Banco3BR55_clone2904_clone070525-BKPAUTCITEL-20250523-1118
2025-05-23 11:18:40,521 - INFO - 
🔍 Processando block volume: LinuxTSPlus65_Banco1LinuxTSPLUS65_clone2904_clone070525
2025-05-23 11:18:40,797 - INFO - ✅ Backup criado: BlockBackup-LinuxTSPlus65_Banco1LinuxTSPLUS65_clone2904_clone070525-BKPAUTCITEL-20250523-1118
2025-05-23 11:18:41,319 - INFO - 
🔍 Processando block volume: LinuxTSPlus65_Banco2LinuxTSPLUS65_clone2904_clone070525
2025-05-23 11:18:41,586 - INFO - ✅ Backup criado: BlockBackup-LinuxTSPlus65_Banco2LinuxTSPLUS65_clone2904_clone070525-BKPAUTCITEL-20250523-1118
2025-05-23 11:18:42,107 - INFO - 
🔍 Processando block volume: LinuxTSPlus65_Banco3LinuxTSPLUS65_clone2904_clone070525
2025-05-23 11:18:42,381 - INFO - ✅ Backup criado: BlockBackup-LinuxTSPlus65_Banco3LinuxTSPLUS65_clone2904_clone070525-BKPAUTCITEL-20250523-1118
2025-05-23 11:18:42,913 - INFO - 
🔍 Processando block volume: LinuxTSPlus65_BinariosLinuxTSPLUS65_clone2904_clone070525
2025-05-23 11:18:43,186 - INFO - ✅ Backup criado: BlockBackup-LinuxTSPlus65_BinariosLinuxTSPLUS65_clone2904_clone070525-BKPAUTCITEL-20250523-1118
2025-05-23 11:18:43,748 - INFO - 
🔍 Processando block volume: LinuxTSPlus28_Banco2LinuxTSPlus28_clone2904_clone070525
2025-05-23 11:18:43,871 - WARNING - ⚠️ Tentativa 1: Limite de requisições. Aguardando 5s...
2025-05-23 11:18:50,226 - INFO - ✅ Backup criado: BlockBackup-LinuxTSPlus28_Banco2LinuxTSPlus28_clone2904_clone070525-BKPAUTCITEL-20250523-1118
2025-05-23 11:18:50,753 - INFO - 
🔍 Processando block volume: LinuxTSPlus28_bancos3_BR28_clone2904_clone070525
2025-05-23 11:18:50,875 - WARNING - ⚠️ Tentativa 1: Limite de requisições. Aguardando 5s...
2025-05-23 11:18:59,441 - INFO - ✅ Backup criado: BlockBackup-LinuxTSPlus28_bancos3_BR28_clone2904_clone070525-BKPAUTCITEL-20250523-1118
2025-05-23 11:18:59,975 - INFO - 
🔍 Processando block volume: LinuxTSPlus29_Banco1LinuxTSPlus29_clone2904_clone070525
2025-05-23 11:19:00,099 - WARNING - ⚠️ Tentativa 1: Limite de requisições. Aguardando 5s...
2025-05-23 11:19:05,821 - INFO - ✅ Backup criado: BlockBackup-LinuxTSPlus29_Banco1LinuxTSPlus29_clone2904_clone070525-BKPAUTCITEL-20250523-1118
2025-05-23 11:19:06,392 - INFO - 
🔍 Processando block volume: LinuxTSPlus29_Bancos2_BR29_clone2904_clone070525
2025-05-23 11:19:06,678 - INFO - ✅ Backup criado: BlockBackup-LinuxTSPlus29_Bancos2_BR29_clone2904_clone070525-BKPAUTCITEL-20250523-1119
2025-05-23 11:19:07,197 - INFO - 
🔍 Processando block volume: LinuxTSPlus29_Bancos3_BR29_clone2904_clone070525
2025-05-23 11:19:07,320 - WARNING - ⚠️ Tentativa 1: Limite de requisições. Aguardando 5s...
2025-05-23 11:19:12,860 - WARNING - ⚠️ Tentativa 2: Limite de requisições. Aguardando 10s...
2025-05-23 11:19:26,672 - INFO - ✅ Backup criado: BlockBackup-LinuxTSPlus29_Bancos3_BR29_clone2904_clone070525-BKPAUTCITEL-20250523-1119
2025-05-23 11:19:27,226 - INFO - 
🔍 Processando block volume: LinuxTSPlus72_Banco2BR_72_clone2904_clone070525
2025-05-23 11:19:27,501 - INFO - ✅ Backup criado: BlockBackup-LinuxTSPlus72_Banco2BR_72_clone2904_clone070525-BKPAUTCITEL-20250523-1119
2025-05-23 11:19:28,033 - INFO - 
🔍 Processando block volume: LinuxTSPlus72_BancoBR_clone2904_clone070525
2025-05-23 11:19:28,156 - WARNING - ⚠️ Tentativa 1: Limite de requisições. Aguardando 5s...
2025-05-23 11:19:35,102 - INFO - ✅ Backup criado: BlockBackup-LinuxTSPlus72_BancoBR_clone2904_clone070525-BKPAUTCITEL-20250523-1119
2025-05-23 11:19:35,640 - INFO - 
🔍 Processando block volume: LinuxTSPlus43_Banco1LinuxTSPLUS43_clone2904_clone070525
2025-05-23 11:19:35,763 - WARNING - ⚠️ Tentativa 1: Limite de requisições. Aguardando 5s...
2025-05-23 11:19:44,002 - WARNING - ⚠️ Tentativa 2: Limite de requisições. Aguardando 10s...
2025-05-23 11:19:57,862 - INFO - ✅ Backup criado: BlockBackup-LinuxTSPlus43_Banco1LinuxTSPLUS43_clone2904_clone070525-BKPAUTCITEL-20250523-1119
2025-05-23 11:19:58,384 - INFO - 
🔍 Processando block volume: LinuxTSPlus43_HD4-LinuxDBA_clone2904_clone070525
2025-05-23 11:19:58,507 - WARNING - ⚠️ Tentativa 1: Limite de requisições. Aguardando 5s...
2025-05-23 11:20:07,827 - INFO - ✅ Backup criado: BlockBackup-LinuxTSPlus43_HD4-LinuxDBA_clone2904_clone070525-BKPAUTCITEL-20250523-1119
2025-05-23 11:20:08,353 - INFO - 
🔍 Processando block volume: LinuxTSPlus50_Banco1LinuxTSPlus50_clone2904_clone070525
2025-05-23 11:20:08,655 - INFO - ✅ Backup criado: BlockBackup-LinuxTSPlus50_Banco1LinuxTSPlus50_clone2904_clone070525-BKPAUTCITEL-20250523-1120
2025-05-23 11:20:09,185 - INFO - 
🔍 Processando block volume: LinuxTSPlus37_Banco1LinuxTSPLUS37_clone2904_clone070525
2025-05-23 11:20:09,462 - INFO - ✅ Backup criado: BlockBackup-LinuxTSPlus37_Banco1LinuxTSPLUS37_clone2904_clone070525-BKPAUTCITEL-20250523-1120
2025-05-23 11:20:09,982 - INFO - 
🔍 Processando block volume: LinuxTSPlus37_Banco2LinuxTSPLUS37_clone2904_clone070525
2025-05-23 11:20:10,279 - INFO - ✅ Backup criado: BlockBackup-LinuxTSPlus37_Banco2LinuxTSPLUS37_clone2904_clone070525-BKPAUTCITEL-20250523-1120
2025-05-23 11:20:10,802 - INFO - 
🔍 Processando block volume: LinuxTSPlus37_Banco1LinuxTSPLUS40_clone2904_clone070525
2025-05-23 11:20:10,924 - WARNING - ⚠️ Tentativa 1: Limite de requisições. Aguardando 5s...
2025-05-23 11:20:17,012 - INFO - ✅ Backup criado: BlockBackup-LinuxTSPlus37_Banco1LinuxTSPLUS40_clone2904_clone070525-BKPAUTCITEL-20250523-1120
2025-05-23 11:20:17,558 - INFO - 
🔍 Processando block volume: LinuxTSPlus32_Banco1LinuxTSPLUS32_clone2904_clone070525
2025-05-23 11:20:17,854 - INFO - ✅ Backup criado: BlockBackup-LinuxTSPlus32_Banco1LinuxTSPLUS32_clone2904_clone070525-BKPAUTCITEL-20250523-1120
2025-05-23 11:20:18,376 - INFO - 
🔍 Processando block volume: LinuxTSPlus32_Banco2LinuxTSPLUS32_clone2904_clone070525
2025-05-23 11:20:18,645 - INFO - ✅ Backup criado: BlockBackup-LinuxTSPlus32_Banco2LinuxTSPLUS32_clone2904_clone070525-BKPAUTCITEL-20250523-1120
2025-05-23 11:20:19,191 - INFO - 
🔍 Processando block volume: LinuxTSPlus2_Banco1LinuxTSPlus2_clone2904_clone070525
2025-05-23 11:20:19,491 - INFO - ✅ Backup criado: BlockBackup-LinuxTSPlus2_Banco1LinuxTSPlus2_clone2904_clone070525-BKPAUTCITEL-20250523-1120
2025-05-23 11:20:20,017 - INFO - 
🔍 Processando block volume: LinuxTSPlus2_Banco_PalacioFerramentas_clone2904_clone070525
2025-05-23 11:20:20,140 - WARNING - ⚠️ Tentativa 1: Limite de requisições. Aguardando 5s...
2025-05-23 11:20:29,956 - WARNING - ⚠️ Tentativa 2: Limite de requisições. Aguardando 10s...
2025-05-23 11:20:43,730 - INFO - ✅ Backup criado: BlockBackup-LinuxTSPlus2_Banco_PalacioFerramentas_clone2904_clone070525-BKPAUTCITEL-20250523-1120
2025-05-23 11:20:44,253 - INFO - 
🔍 Processando block volume: LinuxTSPlus2_Bancos2_BR02_clone2904_clone070525
2025-05-23 11:20:44,529 - INFO - ✅ Backup criado: BlockBackup-LinuxTSPlus2_Bancos2_BR02_clone2904_clone070525-BKPAUTCITEL-20250523-1120
2025-05-23 11:20:45,057 - INFO - 
🔍 Processando block volume: LinuxTSPlus25_Banco1LinuxTSPlus25_clone2904_clone070525
2025-05-23 11:20:45,350 - INFO - ✅ Backup criado: BlockBackup-LinuxTSPlus25_Banco1LinuxTSPlus25_clone2904_clone070525-BKPAUTCITEL-20250523-1120
2025-05-23 11:20:45,870 - INFO - 
🔍 Processando block volume: LinuxTSPlus25_Bancos3_BR25_clone2904_clone070525
2025-05-23 11:20:45,993 - WARNING - ⚠️ Tentativa 1: Limite de requisições. Aguardando 5s...
2025-05-23 11:20:55,415 - INFO - ✅ Backup criado: BlockBackup-LinuxTSPlus25_Bancos3_BR25_clone2904_clone070525-BKPAUTCITEL-20250523-1120
2025-05-23 11:20:55,948 - INFO - 
🔍 Processando block volume: LinuxTSPlus1_Banco3LinuxTSPlus1_clone2904_clone070525
2025-05-23 11:20:56,257 - INFO - ✅ Backup criado: BlockBackup-LinuxTSPlus1_Banco3LinuxTSPlus1_clone2904_clone070525-BKPAUTCITEL-20250523-1120
2025-05-23 11:20:56,770 - INFO - 
🔍 Processando block volume: LinuxTSPlus1_Bancos4_BR01_clone2904_clone070525
2025-05-23 11:20:56,893 - WARNING - ⚠️ Tentativa 1: Limite de requisições. Aguardando 5s...
2025-05-23 11:21:04,572 - INFO - ✅ Backup criado: BlockBackup-LinuxTSPlus1_Bancos4_BR01_clone2904_clone070525-BKPAUTCITEL-20250523-1120
2025-05-23 11:21:05,110 - INFO - 
🔍 Processando block volume: LinuxTSPlus1_Bancos5_BR1_clone2904_clone070525
2025-05-23 11:21:05,390 - INFO - ✅ Backup criado: BlockBackup-LinuxTSPlus1_Bancos5_BR1_clone2904_clone070525-BKPAUTCITEL-20250523-1121
2025-05-23 11:21:05,909 - INFO - 
🔍 Processando block volume: LinuxTSPlus1_blockvolume_clone2904_clone070525
2025-05-23 11:21:06,217 - INFO - ✅ Backup criado: BlockBackup-LinuxTSPlus1_blockvolume_clone2904_clone070525-BKPAUTCITEL-20250523-1121
2025-05-23 11:21:06,743 - INFO - 
🔍 Processando block volume: Banco2-LinuxData013_clone070525
2025-05-23 11:21:06,865 - WARNING - ⚠️ Tentativa 1: Limite de requisições. Aguardando 5s...
2025-05-23 11:21:17,010 - WARNING - ⚠️ Tentativa 2: Limite de requisições. Aguardando 10s...
2025-05-23 11:21:28,464 - INFO - ✅ Backup criado: BlockBackup-Banco2-LinuxData013_clone070525-BKPAUTCITEL-20250523-1121
2025-05-23 11:21:28,996 - INFO - 
🔍 Processando block volume: Banco3-LinuxData013_clone070525
2025-05-23 11:21:29,119 - WARNING - ⚠️ Tentativa 1: Limite de requisições. Aguardando 5s...
2025-05-23 11:21:39,362 - WARNING - ⚠️ Tentativa 2: Limite de requisições. Aguardando 10s...
2025-05-23 11:21:53,001 - INFO - ✅ Backup criado: BlockBackup-Banco3-LinuxData013_clone070525-BKPAUTCITEL-20250523-1121
2025-05-23 11:21:53,523 - INFO - 
🔍 Processando block volume: Banco1-LinuxData013_clone070525
2025-05-23 11:21:53,645 - WARNING - ⚠️ Tentativa 1: Limite de requisições. Aguardando 5s...
2025-05-23 11:22:02,796 - INFO - ✅ Backup criado: BlockBackup-Banco1-LinuxData013_clone070525-BKPAUTCITEL-20250523-1121
2025-05-23 11:22:03,322 - INFO - 
🔍 Processando block volume: LinuxTSPlus14_BackupCoresVivas TKT 902822_clone2904_clone070525
2025-05-23 11:22:03,597 - INFO - ✅ Backup criado: BlockBackup-LinuxTSPlus14_BackupCoresVivas TKT 902822_clone2904_clone070525-BKPAUTCITEL-20250523-1122
2025-05-23 11:22:04,123 - INFO - 
🔍 Processando block volume: LinuxTSPlus14_Banco2LinuxTSPlus14_clone2904_clone070525
2025-05-23 11:22:04,406 - INFO - ✅ Backup criado: BlockBackup-LinuxTSPlus14_Banco2LinuxTSPlus14_clone2904_clone070525-BKPAUTCITEL-20250523-1122
2025-05-23 11:22:04,931 - INFO - 
🔍 Processando block volume: LinuxTSPlus9-Banco1LinuxTSPlus9-clone2904_clone070525
2025-05-23 11:22:05,242 - INFO - ✅ Backup criado: BlockBackup-LinuxTSPlus9-Banco1LinuxTSPlus9-clone2904_clone070525-BKPAUTCITEL-20250523-1122
2025-05-23 11:22:05,775 - INFO - 
🔍 Processando block volume: LinuxTSPlus9-Banco3LinuxTSPlus9-clone2904_clone070525
2025-05-23 11:22:06,103 - INFO - ✅ Backup criado: BlockBackup-LinuxTSPlus9-Banco3LinuxTSPlus9-clone2904_clone070525-BKPAUTCITEL-20250523-1122
2025-05-23 11:22:06,624 - INFO - 
🔍 Processando block volume: LinuxTSPlus14_BancoUbertintasTSPlus14_clone2904_clone070525
2025-05-23 11:22:06,747 - WARNING - ⚠️ Tentativa 1: Limite de requisições. Aguardando 5s...
2025-05-23 11:22:13,472 - INFO - ✅ Backup criado: BlockBackup-LinuxTSPlus14_BancoUbertintasTSPlus14_clone2904_clone070525-BKPAUTCITEL-20250523-1122
2025-05-23 11:22:13,999 - INFO - 
🔍 Processando block volume: LinuxTSPlus9-Bancos4_BR9-clone2904_clone070525
2025-05-23 11:22:14,123 - WARNING - ⚠️ Tentativa 1: Limite de requisições. Aguardando 5s...
2025-05-23 11:22:24,021 - INFO - ✅ Backup criado: BlockBackup-LinuxTSPlus9-Bancos4_BR9-clone2904_clone070525-BKPAUTCITEL-20250523-1122
2025-05-23 11:22:24,543 - INFO - 
🔍 Processando block volume: LinuxTSPlus8-Banco1LinuxTSPlus8-clone2904_clone070525
2025-05-23 11:22:24,666 - WARNING - ⚠️ Tentativa 1: Limite de requisições. Aguardando 5s...
2025-05-23 11:22:31,817 - INFO - ✅ Backup criado: BlockBackup-LinuxTSPlus8-Banco1LinuxTSPlus8-clone2904_clone070525-BKPAUTCITEL-20250523-1122
2025-05-23 11:22:32,344 - INFO - 
🔍 Processando block volume: LinuxTSPlus8-Banco3LinuxTSPlus8-clone2904_clone070525
2025-05-23 11:22:32,466 - WARNING - ⚠️ Tentativa 1: Limite de requisições. Aguardando 5s...
2025-05-23 11:22:42,082 - INFO - ✅ Backup criado: BlockBackup-LinuxTSPlus8-Banco3LinuxTSPlus8-clone2904_clone070525-BKPAUTCITEL-20250523-1122
2025-05-23 11:22:42,618 - INFO - 
🔍 Processando block volume: LinuxTSPlus16_Banco1LinuxTSPlus16_clone2904_clone070525
2025-05-23 11:22:42,741 - WARNING - ⚠️ Tentativa 1: Limite de requisições. Aguardando 5s...
2025-05-23 11:22:49,811 - INFO - ✅ Backup criado: BlockBackup-LinuxTSPlus16_Banco1LinuxTSPlus16_clone2904_clone070525-BKPAUTCITEL-20250523-1122
2025-05-23 11:22:50,354 - INFO - 
🔍 Processando block volume: LinuxTSPlus16_Banco2LinuxTSPlus16_clone2904_clone070525
2025-05-23 11:22:50,670 - INFO - ✅ Backup criado: BlockBackup-LinuxTSPlus16_Banco2LinuxTSPlus16_clone2904_clone070525-BKPAUTCITEL-20250523-1122
2025-05-23 11:22:51,197 - INFO - 
🔍 Processando block volume: LinuxTSPlus7-Banco2LinuxTSPlus7-block-clone2904_clone070525
2025-05-23 11:22:51,482 - INFO - ✅ Backup criado: BlockBackup-LinuxTSPlus7-Banco2LinuxTSPlus7-block-clone2904_clone070525-BKPAUTCITEL-20250523-1122
2025-05-23 11:22:52,009 - INFO - 
🔍 Processando block volume: LinuxTSPlus7-Banco3LinuxTSPlus7-block-clone2904_clone070525
2025-05-23 11:22:52,132 - WARNING - ⚠️ Tentativa 1: Limite de requisições. Aguardando 5s...
2025-05-23 11:22:59,257 - INFO - ✅ Backup criado: BlockBackup-LinuxTSPlus7-Banco3LinuxTSPlus7-block-clone2904_clone070525-BKPAUTCITEL-20250523-1122
2025-05-23 11:22:59,784 - INFO - 
🔍 Processando block volume: LinuxTSPlus7-Banco3_BR7-block-clone2904_clone070525
2025-05-23 11:23:00,070 - INFO - ✅ Backup criado: BlockBackup-LinuxTSPlus7-Banco3_BR7-block-clone2904_clone070525-BKPAUTCITEL-20250523-1122
2025-05-23 11:23:00,590 - INFO - 
🔍 Processando block volume: LinuxTSPlus17_Banco2LinuxTSPlus17_clone2904_clone070525
2025-05-23 11:23:00,712 - WARNING - ⚠️ Tentativa 1: Limite de requisições. Aguardando 5s...
2025-05-23 11:23:07,367 - WARNING - ⚠️ Tentativa 2: Limite de requisições. Aguardando 10s...
2025-05-23 11:23:19,969 - INFO - ✅ Backup criado: BlockBackup-LinuxTSPlus17_Banco2LinuxTSPlus17_clone2904_clone070525-BKPAUTCITEL-20250523-1123
2025-05-23 11:23:20,506 - INFO - 
🔍 Processando block volume: LinuxTSPlus17_BancoPRODBelaTintas_clone2904_clone070525
2025-05-23 11:23:20,859 - INFO - ✅ Backup criado: BlockBackup-LinuxTSPlus17_BancoPRODBelaTintas_clone2904_clone070525-BKPAUTCITEL-20250523-1123
2025-05-23 11:23:21,403 - INFO - 
🔍 Processando block volume: LinuxTSPlus17_HD5-LinuxDBAs_clone2904_clone070525
2025-05-23 11:23:21,696 - INFO - ✅ Backup criado: BlockBackup-LinuxTSPlus17_HD5-LinuxDBAs_clone2904_clone070525-BKPAUTCITEL-20250523-1123
2025-05-23 11:23:22,228 - INFO - 
🔍 Processando block volume: LinuxTSPlus6-Banco3LinuxTSPlus6-block-clone2904_clone070525
2025-05-23 11:23:22,350 - WARNING - ⚠️ Tentativa 1: Limite de requisições. Aguardando 5s...
2025-05-23 11:23:27,874 - WARNING - ⚠️ Tentativa 2: Limite de requisições. Aguardando 10s...
2025-05-23 11:23:42,345 - INFO - ✅ Backup criado: BlockBackup-LinuxTSPlus6-Banco3LinuxTSPlus6-block-clone2904_clone070525-BKPAUTCITEL-20250523-1123
2025-05-23 11:23:42,867 - INFO - 
🔍 Processando block volume: LinuxTSPlus6-Banco4LinuxTSPlus6-block-clone2904_clone070525
2025-05-23 11:23:43,216 - INFO - ✅ Backup criado: BlockBackup-LinuxTSPlus6-Banco4LinuxTSPlus6-block-clone2904_clone070525-BKPAUTCITEL-20250523-1123
2025-05-23 11:23:43,734 - INFO - 
🔍 Processando block volume: LinuxTSPlus18-Banco1LinuxTSPlus18-block-2904_clone070525
2025-05-23 11:23:43,860 - WARNING - ⚠️ Tentativa 1: Limite de requisições. Aguardando 5s...
2025-05-23 11:23:52,664 - INFO - ✅ Backup criado: BlockBackup-LinuxTSPlus18-Banco1LinuxTSPlus18-block-2904_clone070525-BKPAUTCITEL-20250523-1123
2025-05-23 11:23:53,190 - INFO - 
🔍 Processando block volume: LinuxTSPlus18-Banco2LinuxTSPlus18-block-2904_clone070525
2025-05-23 11:23:53,313 - WARNING - ⚠️ Tentativa 1: Limite de requisições. Aguardando 5s...
2025-05-23 11:24:03,094 - INFO - ✅ Backup criado: BlockBackup-LinuxTSPlus18-Banco2LinuxTSPlus18-block-2904_clone070525-BKPAUTCITEL-20250523-1123
2025-05-23 11:24:03,628 - INFO - 
🔍 Processando block volume: LinuxTSPlus18-Bancos4_BR18-block-2904_clone070525
2025-05-23 11:24:03,922 - INFO - ✅ Backup criado: BlockBackup-LinuxTSPlus18-Bancos4_BR18-block-2904_clone070525-BKPAUTCITEL-20250523-1124
2025-05-23 11:24:04,444 - INFO - 
🔍 Processando block volume: LinuxTsplus59-Banco2Linux59-block-clone2904_clone070525
2025-05-23 11:24:04,748 - INFO - ✅ Backup criado: BlockBackup-LinuxTsplus59-Banco2Linux59-block-clone2904_clone070525-BKPAUTCITEL-20250523-1124
2025-05-23 11:24:05,292 - INFO - 
🔍 Processando block volume: LinuxTsplus59-BancoLinux59-block-clone2904_clone070525
2025-05-23 11:24:05,600 - INFO - ✅ Backup criado: BlockBackup-LinuxTsplus59-BancoLinux59-block-clone2904_clone070525-BKPAUTCITEL-20250523-1124
2025-05-23 11:24:06,125 - INFO - 
🔍 Processando block volume: LinuxTSPlus19_Banco1LinuxTSPlus19_clone2904_clone070525
2025-05-23 11:24:06,399 - INFO - ✅ Backup criado: BlockBackup-LinuxTSPlus19_Banco1LinuxTSPlus19_clone2904_clone070525-BKPAUTCITEL-20250523-1124
2025-05-23 11:24:06,928 - INFO - 
🔍 Processando block volume: LinuxTSPlus19_Banco3LinuxTSPlus19_clone2904_clone070525
2025-05-23 11:24:07,051 - WARNING - ⚠️ Tentativa 1: Limite de requisições. Aguardando 5s...
2025-05-23 11:24:17,559 - WARNING - ⚠️ Tentativa 2: Limite de requisições. Aguardando 10s...
2025-05-23 11:24:31,188 - INFO - ✅ Backup criado: BlockBackup-LinuxTSPlus19_Banco3LinuxTSPlus19_clone2904_clone070525-BKPAUTCITEL-20250523-1124
2025-05-23 11:24:31,709 - INFO - 
🔍 Processando block volume: LinuxTSPlus20_Banco1LinuxTSPlus20_clone2904_clone070525
2025-05-23 11:24:32,012 - INFO - ✅ Backup criado: BlockBackup-LinuxTSPlus20_Banco1LinuxTSPlus20_clone2904_clone070525-BKPAUTCITEL-20250523-1124
2025-05-23 11:24:32,525 - INFO - 
🔍 Processando block volume: LinuxTSPlus20_Banco2LinuxTSPlus20_clone2904_clone070525
2025-05-23 11:24:32,648 - WARNING - ⚠️ Tentativa 1: Limite de requisições. Aguardando 5s...
2025-05-23 11:24:41,627 - INFO - ✅ Backup criado: BlockBackup-LinuxTSPlus20_Banco2LinuxTSPlus20_clone2904_clone070525-BKPAUTCITEL-20250523-1124
2025-05-23 11:24:42,179 - INFO - 
🔍 Processando block volume: LinuxTSPlus20_Banco3_BR20_clone2904_clone070525
2025-05-23 11:24:42,460 - INFO - ✅ Backup criado: BlockBackup-LinuxTSPlus20_Banco3_BR20_clone2904_clone070525-BKPAUTCITEL-20250523-1124
2025-05-23 11:24:43,000 - INFO - 
🔍 Processando block volume: LinuxTSPlus20_Banco4LinuxTSPlus20_clone2904_clone070525
2025-05-23 11:24:43,122 - WARNING - ⚠️ Tentativa 1: Limite de requisições. Aguardando 5s...
2025-05-23 11:24:49,387 - INFO - ✅ Backup criado: BlockBackup-LinuxTSPlus20_Banco4LinuxTSPlus20_clone2904_clone070525-BKPAUTCITEL-20250523-1124
2025-05-23 11:24:49,913 - INFO - 
🔍 Processando block volume: LinuxTSPlus5-Banco3LinuxBR5-block-clone2904_clone070525
2025-05-23 11:24:50,208 - INFO - ✅ Backup criado: BlockBackup-LinuxTSPlus5-Banco3LinuxBR5-block-clone2904_clone070525-BKPAUTCITEL-20250523-1124
2025-05-23 11:24:50,738 - INFO - 
🔍 Processando block volume: LinuxTSPlus5-Banco2LinuxBR5-block-clone2904_clone070525
2025-05-23 11:24:51,065 - INFO - ✅ Backup criado: BlockBackup-LinuxTSPlus5-Banco2LinuxBR5-block-clone2904_clone070525-BKPAUTCITEL-20250523-1124
2025-05-23 11:24:51,588 - INFO - 
🔍 Processando block volume: Banco1-LinuxData004_clone070525
2025-05-23 11:24:51,711 - WARNING - ⚠️ Tentativa 1: Limite de requisições. Aguardando 5s...
2025-05-23 11:24:59,944 - WARNING - ⚠️ Tentativa 2: Limite de requisições. Aguardando 10s...
2025-05-23 11:25:12,660 - WARNING - ⚠️ Tentativa 3: Limite de requisições. Aguardando 20s...
2025-05-23 11:25:34,724 - INFO - ✅ Backup criado: BlockBackup-Banco1-LinuxData004_clone070525-BKPAUTCITEL-20250523-1124
2025-05-23 11:25:35,263 - INFO - 
🔍 Processando block volume: Banco2-LinuxData004_clone070525
2025-05-23 11:25:35,594 - INFO - ✅ Backup criado: BlockBackup-Banco2-LinuxData004_clone070525-BKPAUTCITEL-20250523-1125
2025-05-23 11:25:36,132 - INFO - 
🔍 Processando block volume: Banco3-LinuxData004_clone070525
2025-05-23 11:25:36,506 - INFO - ✅ Backup criado: BlockBackup-Banco3-LinuxData004_clone070525-BKPAUTCITEL-20250523-1125
2025-05-23 11:25:37,033 - INFO - 
🔍 Processando block volume: LinuxTSPlus48-block-Restore_clone070525
2025-05-23 11:25:37,157 - WARNING - ⚠️ Tentativa 1: Limite de requisições. Aguardando 5s...
2025-05-23 11:25:47,044 - INFO - ✅ Backup criado: BlockBackup-LinuxTSPlus48-block-Restore_clone070525-BKPAUTCITEL-20250523-1125
2025-05-23 11:25:47,576 - INFO - 
🔍 Processando block volume: LinuxData007-Banco4_clone070525
2025-05-23 11:25:47,872 - INFO - ✅ Backup criado: BlockBackup-LinuxData007-Banco4_clone070525-BKPAUTCITEL-20250523-1125
2025-05-23 11:25:48,396 - INFO - 
🔍 Processando block volume: Banco2LinuxBR21-Restore_clone070525
2025-05-23 11:25:48,686 - INFO - ✅ Backup criado: BlockBackup-Banco2LinuxBR21-Restore_clone070525-BKPAUTCITEL-20250523-1125
2025-05-23 11:25:49,203 - INFO - 
🔍 Processando block volume: LinuxTSPlus41-block-Restore_clone070525
2025-05-23 11:25:49,330 - WARNING - ⚠️ Tentativa 1: Limite de requisições. Aguardando 5s...
2025-05-23 11:25:57,351 - WARNING - ⚠️ Tentativa 2: Limite de requisições. Aguardando 10s...
2025-05-23 11:26:08,268 - INFO - ✅ Backup criado: BlockBackup-LinuxTSPlus41-block-Restore_clone070525-BKPAUTCITEL-20250523-1125
2025-05-23 11:26:08,793 - INFO - 
🔍 Processando block volume: Banco1LinuxTSPlus26-Restore_clone070525
2025-05-23 11:26:09,072 - INFO - ✅ Backup criado: BlockBackup-Banco1LinuxTSPlus26-Restore_clone070525-BKPAUTCITEL-20250523-1126
2025-05-23 11:26:09,603 - INFO - 
🔍 Processando block volume: LinuxTSPlus36-block-Restore_clone070525
2025-05-23 11:26:09,896 - INFO - ✅ Backup criado: BlockBackup-LinuxTSPlus36-block-Restore_clone070525-BKPAUTCITEL-20250523-1126
2025-05-23 11:26:10,496 - INFO - 
🔍 Processando block volume: LinuxTSPlus34-Bancos3_BR34-backup-Restore_clone070525
2025-05-23 11:26:10,620 - WARNING - ⚠️ Tentativa 1: Limite de requisições. Aguardando 5s...
2025-05-23 11:26:20,845 - INFO - ✅ Backup criado: BlockBackup-LinuxTSPlus34-Bancos3_BR34-backup-Restore_clone070525-BKPAUTCITEL-20250523-1126
2025-05-23 11:26:21,392 - INFO - 
🔍 Processando block volume: LinuxTSPlus34-Bancos2_BR34-backup-Restore_clone070525
2025-05-23 11:26:21,718 - INFO - ✅ Backup criado: BlockBackup-LinuxTSPlus34-Bancos2_BR34-backup-Restore_clone070525-BKPAUTCITEL-20250523-1126
2025-05-23 11:26:22,249 - INFO - 
🔍 Processando block volume: Banco1LinuxTSPLUS33-Restore_clone070525
2025-05-23 11:26:22,372 - WARNING - ⚠️ Tentativa 1: Limite de requisições. Aguardando 5s...
2025-05-23 11:26:32,734 - WARNING - ⚠️ Tentativa 2: Limite de requisições. Aguardando 10s...
2025-05-23 11:26:43,642 - INFO - ✅ Backup criado: BlockBackup-Banco1LinuxTSPLUS33-Restore_clone070525-BKPAUTCITEL-20250523-1126
2025-05-23 11:26:44,175 - INFO - 
🔍 Processando block volume: Banco2BR33-Restore_clone070525
2025-05-23 11:26:44,299 - WARNING - ⚠️ Tentativa 1: Limite de requisições. Aguardando 5s...
2025-05-23 11:26:52,528 - INFO - ✅ Backup criado: BlockBackup-Banco2BR33-Restore_clone070525-BKPAUTCITEL-20250523-1126
2025-05-23 11:26:53,052 - INFO - 
🔍 Processando block volume: LinuxTSPlus34-Banco1LinuxTSPLUS34-backup-Restore_clone070525
2025-05-23 11:26:53,372 - INFO - ✅ Backup criado: BlockBackup-LinuxTSPlus34-Banco1LinuxTSPLUS34-backup-Restore_clone070525-BKPAUTCITEL-20250523-1126
2025-05-23 11:26:53,908 - INFO - 
🔍 Processando block volume: LinuxTSPlus1-Restore1_clone070525
2025-05-23 11:26:54,203 - INFO - ✅ Backup criado: BlockBackup-LinuxTSPlus1-Restore1_clone070525-BKPAUTCITEL-20250523-1126
2025-05-23 11:26:54,738 - INFO - 
🔍 Processando block volume: Bancos5_BR1-Restore2_clone070525
2025-05-23 11:26:55,013 - INFO - ✅ Backup criado: BlockBackup-Bancos5_BR1-Restore2_clone070525-BKPAUTCITEL-20250523-1126
2025-05-23 11:26:55,539 - INFO - 
🔍 Processando block volume: Bancos4_BR01-Restore3_clone070525
2025-05-23 11:26:55,869 - INFO - ✅ Backup criado: BlockBackup-Bancos4_BR01-Restore3_clone070525-BKPAUTCITEL-20250523-1126
2025-05-23 11:26:56,392 - INFO - 
🔍 Processando block volume: Banco3LinuxTSPlus1-Restore4_clone070525
2025-05-23 11:26:56,699 - INFO - ✅ Backup criado: BlockBackup-Banco3LinuxTSPlus1-Restore4_clone070525-BKPAUTCITEL-20250523-1126
2025-05-23 11:26:57,239 - INFO - 
🔍 Processando block volume: Banco1LinuxTSPlus24-Restore_clone070525
2025-05-23 11:26:57,362 - WARNING - ⚠️ Tentativa 1: Limite de requisições. Aguardando 5s...
2025-05-23 11:27:07,537 - WARNING - ⚠️ Tentativa 2: Limite de requisições. Aguardando 10s...
2025-05-23 11:27:22,525 - WARNING - ⚠️ Tentativa 3: Limite de requisições. Aguardando 20s...
2025-05-23 11:27:45,409 - INFO - ✅ Backup criado: BlockBackup-Banco1LinuxTSPlus24-Restore_clone070525-BKPAUTCITEL-20250523-1126
2025-05-23 11:27:45,946 - INFO - 
🔍 Processando block volume: Banco1LinuxTSPlus22-Restore_clone070525
2025-05-23 11:27:46,220 - INFO - ✅ Backup criado: BlockBackup-Banco1LinuxTSPlus22-Restore_clone070525-BKPAUTCITEL-20250523-1127
2025-05-23 11:27:46,752 - INFO - 
🔍 Processando block volume: Banco3LinuxTSPlus22-Restore_clone070525
2025-05-23 11:27:47,030 - INFO - ✅ Backup criado: BlockBackup-Banco3LinuxTSPlus22-Restore_clone070525-BKPAUTCITEL-20250523-1127
2025-05-23 11:27:47,558 - INFO - 
🔍 Processando block volume: Banco2LinuxTSPlus22-Restore_clone070525
2025-05-23 11:27:47,845 - INFO - ✅ Backup criado: BlockBackup-Banco2LinuxTSPlus22-Restore_clone070525-BKPAUTCITEL-20250523-1127
2025-05-23 11:27:48,363 - INFO - 
🔍 Processando block volume: LinuxData010-PalacioTKT651385_clone070525
2025-05-23 11:27:48,760 - INFO - ✅ Backup criado: BlockBackup-LinuxData010-PalacioTKT651385_clone070525-BKPAUTCITEL-20250523-1127
2025-05-23 11:27:49,277 - INFO - 
🔍 Processando block volume: LinuxData010-Banco4_clone070525
2025-05-23 11:27:49,400 - WARNING - ⚠️ Tentativa 1: Limite de requisições. Aguardando 5s...
2025-05-23 11:27:57,152 - INFO - ✅ Backup criado: BlockBackup-LinuxData010-Banco4_clone070525-BKPAUTCITEL-20250523-1127
2025-05-23 11:27:57,672 - INFO - 
🔍 Processando block volume: LinuxData010-Banco5_clone070525
2025-05-23 11:27:57,795 - WARNING - ⚠️ Tentativa 1: Limite de requisições. Aguardando 5s...
2025-05-23 11:28:04,444 - INFO - ✅ Backup criado: BlockBackup-LinuxData010-Banco5_clone070525-BKPAUTCITEL-20250523-1127
2025-05-23 11:28:04,972 - INFO - 
🔍 Processando block volume: LinuxData010-GeB_clone070525
2025-05-23 11:28:05,265 - INFO - ✅ Backup criado: BlockBackup-LinuxData010-GeB_clone070525-BKPAUTCITEL-20250523-1128
2025-05-23 11:28:05,799 - INFO - 
🔍 Processando block volume: Banco3LinuxTSPlus1-Restore4_copy_30-04-2025_clone070525
2025-05-23 11:28:05,921 - WARNING - ⚠️ Tentativa 1: Limite de requisições. Aguardando 5s...
2025-05-23 11:28:12,872 - INFO - ✅ Backup criado: BlockBackup-Banco3LinuxTSPlus1-Restore4_copy_30-04-2025_clone070525-BKPAUTCITEL-20250523-1128
2025-05-23 11:28:13,439 - INFO - 
🔍 Processando block volume: Bancos5_BR1-Restore2_Copu_30-04-2025_clone070525
2025-05-23 11:28:13,562 - WARNING - ⚠️ Tentativa 1: Limite de requisições. Aguardando 5s...
2025-05-23 11:28:21,208 - INFO - ✅ Backup criado: BlockBackup-Bancos5_BR1-Restore2_Copu_30-04-2025_clone070525-BKPAUTCITEL-20250523-1128
2025-05-23 11:28:21,736 - INFO - 
🔍 Processando block volume: LinuxTSPlus1-Restore1_Copy_30-04-2025_clone070525
2025-05-23 11:28:21,858 - WARNING - ⚠️ Tentativa 1: Limite de requisições. Aguardando 5s...
2025-05-23 11:28:29,995 - INFO - ✅ Backup criado: BlockBackup-LinuxTSPlus1-Restore1_Copy_30-04-2025_clone070525-BKPAUTCITEL-20250523-1128
2025-05-23 11:28:30,514 - INFO - 
🔍 Processando block volume: Bancos4_BR01-Restore3_Copy_30-04-2025_clone070525
2025-05-23 11:28:30,817 - INFO - ✅ Backup criado: BlockBackup-Bancos4_BR01-Restore3_Copy_30-04-2025_clone070525-BKPAUTCITEL-20250523-1128
2025-05-23 11:28:31,340 - INFO - 
🔍 Processando block volume: Banco1LinuxTSPlus2_Copy_30-04-2025_clone070525
2025-05-23 11:28:31,650 - INFO - ✅ Backup criado: BlockBackup-Banco1LinuxTSPlus2_Copy_30-04-2025_clone070525-BKPAUTCITEL-20250523-1128
2025-05-23 11:28:32,174 - INFO - 
🔍 Processando block volume: Banco_PalacioFerramentas_Copy_30-04-2025_clone070525
2025-05-23 11:28:32,474 - INFO - ✅ Backup criado: BlockBackup-Banco_PalacioFerramentas_Copy_30-04-2025_clone070525-BKPAUTCITEL-20250523-1128
2025-05-23 11:28:33,005 - INFO - 
🔍 Processando block volume: LinuxData002_Bancos2_BR02_Copy_30-04-2025_clone070525
2025-05-23 11:28:33,271 - INFO - ✅ Backup criado: BlockBackup-LinuxData002_Bancos2_BR02_Copy_30-04-2025_clone070525-BKPAUTCITEL-20250523-1128
2025-05-23 11:28:33,807 - INFO - 
🔍 Processando block volume: LinuxData020-Banco3_BR20_clone070525
2025-05-23 11:28:33,929 - WARNING - ⚠️ Tentativa 1: Limite de requisições. Aguardando 5s...
2025-05-23 11:28:39,672 - INFO - ✅ Backup criado: BlockBackup-LinuxData020-Banco3_BR20_clone070525-BKPAUTCITEL-20250523-1128
2025-05-23 11:28:40,202 - INFO - 
🔍 Processando block volume: Banco3_BR20-RESTORE_FILES_clone070525
2025-05-23 11:28:40,325 - WARNING - ⚠️ Tentativa 1: Limite de requisições. Aguardando 5s...
2025-05-23 11:28:48,479 - WARNING - ⚠️ Tentativa 2: Limite de requisições. Aguardando 10s...
2025-05-23 11:29:02,776 - WARNING - ⚠️ Tentativa 3: Limite de requisições. Aguardando 20s...
2025-05-23 11:29:25,869 - INFO - ✅ Backup criado: BlockBackup-Banco3_BR20-RESTORE_FILES_clone070525-BKPAUTCITEL-20250523-1128
2025-05-23 11:29:26,399 - INFO - 
🔍 Processando block volume: LinuxData030_clone06052025_clone070525
2025-05-23 11:29:26,521 - WARNING - ⚠️ Tentativa 1: Limite de requisições. Aguardando 5s...
2025-05-23 11:29:33,642 - INFO - ✅ Backup criado: BlockBackup-LinuxData030_clone06052025_clone070525-BKPAUTCITEL-20250523-1129
2025-05-23 11:29:34,183 - INFO - 
🔍 Processando block volume: LinuxDataBelaTintas_Replica
2025-05-23 11:29:34,486 - INFO - ✅ Backup criado: BlockBackup-LinuxDataBelaTintas_Replica-BKPAUTCITEL-20250523-1129
2025-05-23 11:29:35,014 - INFO - 
🔍 Processando block volume: Banco3LinuxTSPlus1-Replica
2025-05-23 11:29:35,302 - INFO - ✅ Backup criado: BlockBackup-Banco3LinuxTSPlus1-Replica-BKPAUTCITEL-20250523-1129
2025-05-23 11:29:35,824 - INFO - 
🔍 Processando block volume: Bancos4_BR01-Replica
2025-05-23 11:29:36,102 - INFO - ✅ Backup criado: BlockBackup-Bancos4_BR01-Replica-BKPAUTCITEL-20250523-1129
2025-05-23 11:29:36,635 - INFO - 
🔍 Processando block volume: Bancos5_BR1-Replica
2025-05-23 11:29:36,901 - INFO - ✅ Backup criado: BlockBackup-Bancos5_BR1-Replica-BKPAUTCITEL-20250523-1129
2025-05-23 11:29:37,419 - INFO - 
🔍 Processando block volume: LinuxTSPlus1-Replica
2025-05-23 11:29:37,698 - INFO - ✅ Backup criado: BlockBackup-LinuxTSPlus1-Replica-BKPAUTCITEL-20250523-1129
2025-05-23 11:29:38,218 - INFO - 
🔍 Processando block volume: Banco1-LinuxData004_Replica-Teste
2025-05-23 11:29:38,491 - INFO - ✅ Backup criado: BlockBackup-Banco1-LinuxData004_Replica-Teste-BKPAUTCITEL-20250523-1129
2025-05-23 11:29:39,021 - INFO - 
✅ Execução concluída com sucesso
