2025-05-23 12:08:38,882 - INFO - 
🔍 Processando block volume: LinuxTSPlus1
2025-05-23 12:08:39,182 - INFO - ✅ Backup criado: BlockBackup-LinuxTSPlus1-BKPAUTCITEL-20250523-1208
2025-05-23 12:08:39,772 - INFO - 
🔍 Processando block volume: Banco1LinuxTSPlus2
2025-05-23 12:08:40,054 - INFO - ✅ Backup criado: BlockBackup-Banco1LinuxTSPlus2-BKPAUTCITEL-20250523-1208
2025-05-23 12:08:40,642 - WARNING - ⏳ Backup ignorado (estado TERMINATED): Auto-backup for 2025-05-08 08:00:00 via policy: Citel_Diario07
2025-05-23 12:08:40,643 - INFO - 
🔍 Processando block volume: Banco1LinuxTSPlus4
2025-05-23 12:08:40,765 - WARNING - ⚠️ Tentativa 1: Limite de requisições. Aguardando 5s...
2025-05-23 12:08:50,494 - INFO - ✅ Backup criado: BlockBackup-Banco1LinuxTSPlus4-BKPAUTCITEL-20250523-1208
2025-05-23 12:08:51,090 - WARNING - ⏳ Backup ignorado (estado TERMINATED): Auto-backup for 2025-05-08 08:00:00 via policy: Citel_Diario07
2025-05-23 12:08:51,091 - INFO - 
🔍 Processando block volume: Banco2LinuxTSPlus4
2025-05-23 12:08:51,385 - INFO - ✅ Backup criado: BlockBackup-Banco2LinuxTSPlus4-BKPAUTCITEL-20250523-1208
2025-05-23 12:08:51,984 - WARNING - ⏳ Backup ignorado (estado TERMINATED): Auto-backup for 2025-05-08 08:00:00 via policy: Citel_Diario07
2025-05-23 12:08:51,985 - INFO - 
🔍 Processando block volume: Banco2LinuxTSPlus7
2025-05-23 12:08:52,272 - INFO - ✅ Backup criado: BlockBackup-Banco2LinuxTSPlus7-BKPAUTCITEL-20250523-1208
2025-05-23 12:08:52,873 - WARNING - ⏳ Backup ignorado (estado TERMINATED): Auto-backup for 2025-05-08 08:00:00 via policy: Citel_Diario07
2025-05-23 12:08:52,874 - INFO - 
🔍 Processando block volume: Banco1LinuxTSPlus8
2025-05-23 12:08:53,154 - INFO - ✅ Backup criado: BlockBackup-Banco1LinuxTSPlus8-BKPAUTCITEL-20250523-1208
2025-05-23 12:08:53,751 - WARNING - ⏳ Backup ignorado (estado TERMINATED): Auto-backup for 2025-05-08 08:00:00 via policy: Citel_Diario07
2025-05-23 12:08:53,752 - INFO - 
🔍 Processando block volume: Banco1LinuxTSPlus9
2025-05-23 12:08:54,045 - INFO - ✅ Backup criado: BlockBackup-Banco1LinuxTSPlus9-BKPAUTCITEL-20250523-1208
2025-05-23 12:08:54,630 - WARNING - ⏳ Backup ignorado (estado TERMINATED): Auto-backup for 2025-05-08 08:00:00 via policy: Citel_Diario07
2025-05-23 12:08:54,631 - INFO - 
🔍 Processando block volume: Banco1LinuxTSPlus12
2025-05-23 12:08:54,912 - INFO - ✅ Backup criado: BlockBackup-Banco1LinuxTSPlus12-BKPAUTCITEL-20250523-1208
2025-05-23 12:08:55,504 - WARNING - ⏳ Backup ignorado (estado TERMINATED): Auto-backup for 2025-05-08 08:00:00 via policy: Citel_Diario07
2025-05-23 12:08:55,505 - INFO - 
🔍 Processando block volume: Banco2LinuxTSPlus13
2025-05-23 12:08:55,944 - INFO - ✅ Backup criado: BlockBackup-Banco2LinuxTSPlus13-BKPAUTCITEL-20250523-1208
2025-05-23 12:08:56,558 - WARNING - ⏳ Backup ignorado (estado TERMINATED): Auto-backup for 2025-05-08 08:00:00 via policy: Citel_Diario07
2025-05-23 12:08:56,559 - INFO - 
🔍 Processando block volume: BancoUbertintasTSPlus14
2025-05-23 12:08:56,835 - INFO - ✅ Backup criado: BlockBackup-BancoUbertintasTSPlus14-BKPAUTCITEL-20250523-1208
2025-05-23 12:08:57,463 - WARNING - ⏳ Backup ignorado (estado TERMINATED): Auto-backup for 2025-05-08 08:00:00 via policy: Citel_Diario07
2025-05-23 12:08:57,463 - INFO - 
🔍 Processando block volume: Banco2LinuxTSPlus14
2025-05-23 12:08:57,738 - INFO - ✅ Backup criado: BlockBackup-Banco2LinuxTSPlus14-BKPAUTCITEL-20250523-1208
2025-05-23 12:08:58,343 - WARNING - ⏳ Backup ignorado (estado TERMINATED): Auto-backup for 2025-05-08 08:00:00 via policy: Citel_Diario07
2025-05-23 12:08:58,344 - INFO - 
🔍 Processando block volume: Banco1LinuxTSPlus16
2025-05-23 12:08:58,622 - INFO - ✅ Backup criado: BlockBackup-Banco1LinuxTSPlus16-BKPAUTCITEL-20250523-1208
2025-05-23 12:08:59,221 - WARNING - ⏳ Backup ignorado (estado TERMINATED): Auto-backup for 2025-05-08 08:00:00 via policy: Citel_Diario07
2025-05-23 12:08:59,222 - INFO - 
🔍 Processando block volume: Banco2LinuxBR5
2025-05-23 12:08:59,540 - INFO - ✅ Backup criado: BlockBackup-Banco2LinuxBR5-BKPAUTCITEL-20250523-1208
2025-05-23 12:09:00,110 - WARNING - ⏳ Backup ignorado (estado TERMINATED): Auto-backup for 2025-05-08 08:00:00 via policy: Citel_Diario07
2025-05-23 12:09:00,111 - INFO - 
🔍 Processando block volume: Banco2LinuxTSPlus18
2025-05-23 12:09:00,397 - INFO - ✅ Backup criado: BlockBackup-Banco2LinuxTSPlus18-BKPAUTCITEL-20250523-1209
2025-05-23 12:09:00,962 - WARNING - ⏳ Backup ignorado (estado TERMINATED): Auto-backup for 2025-05-08 08:00:00 via policy: Citel_Diario07
2025-05-23 12:09:00,963 - INFO - 
🔍 Processando block volume: Banco1LinuxTSPlus19
2025-05-23 12:09:01,087 - WARNING - ⚠️ Tentativa 1: Limite de requisições. Aguardando 5s...
2025-05-23 12:09:08,773 - WARNING - ⚠️ Tentativa 2: Limite de requisições. Aguardando 10s...
2025-05-23 12:09:20,184 - INFO - ✅ Backup criado: BlockBackup-Banco1LinuxTSPlus19-BKPAUTCITEL-20250523-1209
2025-05-23 12:09:20,763 - WARNING - ⏳ Backup ignorado (estado TERMINATED): Auto-backup for 2025-05-08 08:00:00 via policy: Citel_Diario07
2025-05-23 12:09:20,764 - INFO - 
🔍 Processando block volume: Banco4LinuxTSPlus10
2025-05-23 12:09:20,887 - WARNING - ⚠️ Tentativa 1: Limite de requisições. Aguardando 5s...
2025-05-23 12:09:29,731 - INFO - ✅ Backup criado: BlockBackup-Banco4LinuxTSPlus10-BKPAUTCITEL-20250523-1209
2025-05-23 12:09:30,328 - WARNING - ⏳ Backup ignorado (estado TERMINATED): Auto-backup for 2025-05-08 08:00:00 via policy: Citel_Diario07
2025-05-23 12:09:30,329 - INFO - 
🔍 Processando block volume: Banco1LinuxTSPlus20
2025-05-23 12:09:30,662 - INFO - ✅ Backup criado: BlockBackup-Banco1LinuxTSPlus20-BKPAUTCITEL-20250523-1209
2025-05-23 12:09:31,232 - WARNING - ⏳ Backup ignorado (estado TERMINATED): Auto-backup for 2025-05-08 08:00:00 via policy: Citel_Diario07
2025-05-23 12:09:31,232 - INFO - 
🔍 Processando block volume: Banco1LinuxTSPlus22
2025-05-23 12:09:31,355 - WARNING - ⚠️ Tentativa 1: Limite de requisições. Aguardando 5s...
2025-05-23 12:09:40,080 - INFO - ✅ Backup criado: BlockBackup-Banco1LinuxTSPlus22-BKPAUTCITEL-20250523-1209
2025-05-23 12:09:40,653 - WARNING - ⏳ Backup ignorado (estado TERMINATED): Auto-backup for 2025-05-08 08:00:00 via policy: Citel_Diario07
2025-05-23 12:09:40,654 - INFO - 
🔍 Processando block volume: Banco3LinuxTSPlus1
2025-05-23 12:09:40,939 - INFO - ✅ Backup criado: BlockBackup-Banco3LinuxTSPlus1-BKPAUTCITEL-20250523-1209
2025-05-23 12:09:41,554 - WARNING - ⏳ Backup ignorado (estado TERMINATED): Auto-backup for 2025-05-08 08:00:00 via policy: Citel_Diario07
2025-05-23 12:09:41,554 - INFO - 
🔍 Processando block volume: Banco1LinuxTSPlus24
2025-05-23 12:09:41,820 - INFO - ✅ Backup criado: BlockBackup-Banco1LinuxTSPlus24-BKPAUTCITEL-20250523-1209
2025-05-23 12:09:42,405 - WARNING - ⏳ Backup ignorado (estado TERMINATED): Auto-backup for 2025-05-08 08:00:00 via policy: Citel_Diario07
2025-05-23 12:09:42,405 - INFO - 
🔍 Processando block volume: Banco3LinuxTSPlus9
2025-05-23 12:09:42,667 - INFO - ✅ Backup criado: BlockBackup-Banco3LinuxTSPlus9-BKPAUTCITEL-20250523-1209
2025-05-23 12:09:43,237 - WARNING - ⏳ Backup ignorado (estado TERMINATED): Auto-backup for 2025-05-08 08:00:00 via policy: Citel_Diario07
2025-05-23 12:09:43,237 - INFO - 
🔍 Processando block volume: Banco_PalacioFerramentas
2025-05-23 12:09:43,519 - INFO - ✅ Backup criado: BlockBackup-Banco_PalacioFerramentas-BKPAUTCITEL-20250523-1209
2025-05-23 12:09:44,097 - WARNING - ⏳ Backup ignorado (estado TERMINATED): Auto-backup for 2025-05-08 08:00:00 via policy: Citel_Diario07
2025-05-23 12:09:44,098 - INFO - 
🔍 Processando block volume: Banco1LinuxTSPlus25
2025-05-23 12:09:44,220 - WARNING - ⚠️ Tentativa 1: Limite de requisições. Aguardando 5s...
2025-05-23 12:09:52,711 - INFO - ✅ Backup criado: BlockBackup-Banco1LinuxTSPlus25-BKPAUTCITEL-20250523-1209
2025-05-23 12:09:53,296 - WARNING - ⏳ Backup ignorado (estado TERMINATED): Auto-backup for 2025-05-08 08:00:00 via policy: Citel_Diario07
2025-05-23 12:09:53,296 - INFO - 
🔍 Processando block volume: Banco1LinuxTSPlus26
2025-05-23 12:09:53,618 - INFO - ✅ Backup criado: BlockBackup-Banco1LinuxTSPlus26-BKPAUTCITEL-20250523-1209
2025-05-23 12:09:54,206 - WARNING - ⏳ Backup ignorado (estado TERMINATED): Auto-backup for 2025-05-08 08:00:00 via policy: Citel_Diario07
2025-05-23 12:09:54,207 - INFO - 
🔍 Processando block volume: Banco2LinuxTSPlus12
2025-05-23 12:09:54,556 - INFO - ✅ Backup criado: BlockBackup-Banco2LinuxTSPlus12-BKPAUTCITEL-20250523-1209
2025-05-23 12:09:55,117 - WARNING - ⏳ Backup ignorado (estado TERMINATED): Auto-backup for 2025-05-08 08:00:00 via policy: Citel_Diario07
2025-05-23 12:09:55,117 - INFO - 
🔍 Processando block volume: Banco2LinuxTSPlus28
2025-05-23 12:09:55,240 - WARNING - ⚠️ Tentativa 1: Limite de requisições. Aguardando 5s...
2025-05-23 12:10:03,435 - INFO - ✅ Backup criado: BlockBackup-Banco2LinuxTSPlus28-BKPAUTCITEL-20250523-1209
2025-05-23 12:10:04,009 - WARNING - ⏳ Backup ignorado (estado TERMINATED): Auto-backup for 2025-05-08 08:00:00 via policy: Citel_Diario07
2025-05-23 12:10:04,010 - INFO - 
🔍 Processando block volume: Banco1LinuxTSPlus29
2025-05-23 12:10:04,133 - WARNING - ⚠️ Tentativa 1: Limite de requisições. Aguardando 5s...
2025-05-23 12:10:14,687 - INFO - ✅ Backup criado: BlockBackup-Banco1LinuxTSPlus29-BKPAUTCITEL-20250523-1210
2025-05-23 12:10:15,253 - WARNING - ⏳ Backup ignorado (estado TERMINATED): Auto-backup for 2025-05-08 08:00:00 via policy: Citel_Diario07
2025-05-23 12:10:15,253 - INFO - 
🔍 Processando block volume: Banco1LinuxTSPlus30
2025-05-23 12:10:15,567 - INFO - ✅ Backup criado: BlockBackup-Banco1LinuxTSPlus30-BKPAUTCITEL-20250523-1210
2025-05-23 12:10:16,123 - WARNING - ⏳ Backup ignorado (estado TERMINATED): Auto-backup for 2025-05-08 08:00:00 via policy: Citel_Diario07
2025-05-23 12:10:16,123 - INFO - 
🔍 Processando block volume: Banco3LinuxTSPlus6
2025-05-23 12:10:16,246 - WARNING - ⚠️ Tentativa 1: Limite de requisições. Aguardando 5s...
2025-05-23 12:10:23,137 - WARNING - ⚠️ Tentativa 2: Limite de requisições. Aguardando 10s...
2025-05-23 12:10:36,095 - WARNING - ⚠️ Tentativa 3: Limite de requisições. Aguardando 20s...
2025-05-23 12:10:56,870 - INFO - ✅ Backup criado: BlockBackup-Banco3LinuxTSPlus6-BKPAUTCITEL-20250523-1210
2025-05-23 12:10:57,433 - WARNING - ⏳ Backup ignorado (estado TERMINATED): Auto-backup for 2025-05-08 08:00:00 via policy: Citel_Diario07
2025-05-23 12:10:57,433 - INFO - 
🔍 Processando block volume: Banco1LinuxTSPLUS32
2025-05-23 12:10:57,707 - INFO - ✅ Backup criado: BlockBackup-Banco1LinuxTSPLUS32-BKPAUTCITEL-20250523-1210
2025-05-23 12:10:58,264 - WARNING - ⏳ Backup ignorado (estado TERMINATED): Auto-backup for 2025-05-08 08:00:00 via policy: Citel_Diario07
2025-05-23 12:10:58,264 - INFO - 
🔍 Processando block volume: Banco1LinuxTSPLUS33
2025-05-23 12:10:58,616 - INFO - ✅ Backup criado: BlockBackup-Banco1LinuxTSPLUS33-BKPAUTCITEL-20250523-1210
2025-05-23 12:10:59,173 - WARNING - ⏳ Backup ignorado (estado TERMINATED): Auto-backup for 2025-05-08 08:00:00 via policy: Citel_Diario07
2025-05-23 12:10:59,174 - INFO - 
🔍 Processando block volume: Banco1LinuxTSPLUS34
2025-05-23 12:10:59,427 - INFO - ✅ Backup criado: BlockBackup-Banco1LinuxTSPLUS34-BKPAUTCITEL-20250523-1210
2025-05-23 12:10:59,994 - WARNING - ⏳ Backup ignorado (estado TERMINATED): Auto-backup for 2025-05-08 08:00:00 via policy: Citel_Diario07
2025-05-23 12:10:59,995 - INFO - 
🔍 Processando block volume: Banco1LinuxTSPLUS36
2025-05-23 12:11:00,282 - INFO - ✅ Backup criado: BlockBackup-Banco1LinuxTSPLUS36-BKPAUTCITEL-20250523-1210
2025-05-23 12:11:00,850 - WARNING - ⏳ Backup ignorado (estado TERMINATED): Auto-backup for 2025-05-08 08:00:00 via policy: Citel_Diario07
2025-05-23 12:11:00,850 - INFO - 
🔍 Processando block volume: Banco1LinuxTSPLUS37
2025-05-23 12:11:01,136 - INFO - ✅ Backup criado: BlockBackup-Banco1LinuxTSPLUS37-BKPAUTCITEL-20250523-1211
2025-05-23 12:11:01,696 - WARNING - ⏳ Backup ignorado (estado TERMINATED): Auto-backup for 2025-05-08 08:00:00 via policy: Citel_Diario07
2025-05-23 12:11:01,697 - INFO - 
🔍 Processando block volume: Banco1LinuxTSPLUS40
2025-05-23 12:11:01,820 - WARNING - ⚠️ Tentativa 1: Limite de requisições. Aguardando 5s...
2025-05-23 12:11:08,807 - INFO - ✅ Backup criado: BlockBackup-Banco1LinuxTSPLUS40-BKPAUTCITEL-20250523-1211
2025-05-23 12:11:09,360 - WARNING - ⏳ Backup ignorado (estado TERMINATED): Auto-backup for 2025-05-08 08:00:00 via policy: Citel_Diario07
2025-05-23 12:11:09,361 - INFO - 
🔍 Processando block volume: Banco1LinuxTSPLUS41
2025-05-23 12:11:09,483 - WARNING - ⚠️ Tentativa 1: Limite de requisições. Aguardando 5s...
2025-05-23 12:11:14,983 - WARNING - ⚠️ Tentativa 2: Limite de requisições. Aguardando 10s...
2025-05-23 12:11:28,081 - INFO - ✅ Backup criado: BlockBackup-Banco1LinuxTSPLUS41-BKPAUTCITEL-20250523-1211
2025-05-23 12:11:28,649 - WARNING - ⏳ Backup ignorado (estado TERMINATED): Auto-backup for 2025-05-08 08:00:00 via policy: Citel_Diario07
2025-05-23 12:11:28,650 - INFO - 
🔍 Processando block volume: Banco3LinuxBR5
2025-05-23 12:11:28,931 - INFO - ✅ Backup criado: BlockBackup-Banco3LinuxBR5-BKPAUTCITEL-20250523-1211
2025-05-23 12:11:29,488 - WARNING - ⏳ Backup ignorado (estado TERMINATED): Auto-backup for 2025-05-08 08:00:00 via policy: Citel_Diario07
2025-05-23 12:11:29,489 - INFO - 
🔍 Processando block volume: Banco1LinuxTSPLUS43
2025-05-23 12:11:29,618 - WARNING - ⚠️ Tentativa 1: Limite de requisições. Aguardando 5s...
2025-05-23 12:11:35,950 - INFO - ✅ Backup criado: BlockBackup-Banco1LinuxTSPLUS43-BKPAUTCITEL-20250523-1211
2025-05-23 12:11:36,506 - WARNING - ⏳ Backup ignorado (estado TERMINATED): Auto-backup for 2025-05-08 08:00:00 via policy: Citel_Diario07
2025-05-23 12:11:36,506 - INFO - 
🔍 Processando block volume: Banco1LinuxTSPlus11
2025-05-23 12:11:36,629 - WARNING - ⚠️ Tentativa 1: Limite de requisições. Aguardando 5s...
2025-05-23 12:11:46,697 - WARNING - ⚠️ Tentativa 2: Limite de requisições. Aguardando 10s...
2025-05-23 12:12:00,772 - INFO - ✅ Backup criado: BlockBackup-Banco1LinuxTSPlus11-BKPAUTCITEL-20250523-1211
2025-05-23 12:12:01,335 - WARNING - ⏳ Backup ignorado (estado TERMINATED): Auto-backup for 2025-05-08 08:00:00 via policy: Citel_Diario07
2025-05-23 12:12:01,336 - INFO - 
🔍 Processando block volume: Banco2LinuxTSPLUS65
2025-05-23 12:12:01,664 - INFO - ✅ Backup criado: BlockBackup-Banco2LinuxTSPLUS65-BKPAUTCITEL-20250523-1212
2025-05-23 12:12:02,218 - WARNING - ⏳ Backup ignorado (estado TERMINATED): Auto-backup for 2025-05-08 08:00:00 via policy: Citel_Diario07
2025-05-23 12:12:02,219 - INFO - 
🔍 Processando block volume: Banco2LinuxTSPlus17
2025-05-23 12:12:02,507 - INFO - ✅ Backup criado: BlockBackup-Banco2LinuxTSPlus17-BKPAUTCITEL-20250523-1212
2025-05-23 12:12:03,098 - WARNING - ⏳ Backup ignorado (estado TERMINATED): Auto-backup for 2025-05-08 08:00:00 via policy: Citel_Diario07
2025-05-23 12:12:03,098 - INFO - 
🔍 Processando block volume: Banco3LinuxTSPlus8
2025-05-23 12:12:03,376 - INFO - ✅ Backup criado: BlockBackup-Banco3LinuxTSPlus8-BKPAUTCITEL-20250523-1212
2025-05-23 12:12:03,946 - WARNING - ⏳ Backup ignorado (estado TERMINATED): Auto-backup for 2025-05-08 08:00:00 via policy: Citel_Diario07
2025-05-23 12:12:03,946 - INFO - 
🔍 Processando block volume: Banco 1 OracleBr48
2025-05-23 12:12:04,270 - INFO - ✅ Backup criado: BlockBackup-Banco 1 OracleBr48-BKPAUTCITEL-20250523-1212
2025-05-23 12:12:04,840 - WARNING - ⏳ Backup ignorado (estado TERMINATED): Auto-backup for 2025-05-08 08:00:00 via policy: Citel_Diario07
2025-05-23 12:12:04,840 - INFO - 
🔍 Processando block volume: Banco5LinuxTSPlus10
2025-05-23 12:12:04,964 - WARNING - ⚠️ Tentativa 1: Limite de requisições. Aguardando 5s...
2025-05-23 12:12:12,605 - INFO - ✅ Backup criado: BlockBackup-Banco5LinuxTSPlus10-BKPAUTCITEL-20250523-1212
2025-05-23 12:12:13,153 - WARNING - ⏳ Backup ignorado (estado TERMINATED): Auto-backup for 2025-05-08 08:00:00 via policy: Citel_Diario07
2025-05-23 12:12:13,153 - INFO - 
🔍 Processando block volume: Banco1LinuxTSPlus50
2025-05-23 12:12:13,276 - WARNING - ⚠️ Tentativa 1: Limite de requisições. Aguardando 5s...
2025-05-23 12:12:23,729 - INFO - ✅ Backup criado: BlockBackup-Banco1LinuxTSPlus50-BKPAUTCITEL-20250523-1212
2025-05-23 12:12:24,292 - WARNING - ⏳ Backup ignorado (estado TERMINATED): Auto-backup for 2025-05-08 08:00:00 via policy: Citel_Diario07
2025-05-23 12:12:24,292 - INFO - 
🔍 Processando block volume: Banco2LinuxTSPlus20
2025-05-23 12:12:24,586 - INFO - ✅ Backup criado: BlockBackup-Banco2LinuxTSPlus20-BKPAUTCITEL-20250523-1212
2025-05-23 12:12:25,139 - WARNING - ⏳ Backup ignorado (estado TERMINATED): Auto-backup for 2025-05-08 08:00:00 via policy: Citel_Diario07
2025-05-23 12:12:25,140 - INFO - 
🔍 Processando block volume: BancoPRODBelaTintas
2025-05-23 12:12:25,435 - INFO - ✅ Backup criado: BlockBackup-BancoPRODBelaTintas-BKPAUTCITEL-20250523-1212
2025-05-23 12:12:25,997 - WARNING - ⏳ Backup ignorado (estado TERMINATED): Auto-backup for 2025-05-08 08:00:00 via policy: Citel_Diario07
2025-05-23 12:12:25,998 - INFO - 
🔍 Processando block volume: BancoPRODJRPais
2025-05-23 12:12:26,130 - WARNING - ⚠️ Tentativa 1: Limite de requisições. Aguardando 5s...
2025-05-23 12:12:32,441 - WARNING - ⚠️ Tentativa 2: Limite de requisições. Aguardando 10s...
2025-05-23 12:12:47,769 - INFO - ✅ Backup criado: BlockBackup-BancoPRODJRPais-BKPAUTCITEL-20250523-1212
2025-05-23 12:12:48,323 - WARNING - ⏳ Backup ignorado (estado TERMINATED): Auto-backup for 2025-05-08 08:00:00 via policy: Citel_Diario07
2025-05-23 12:12:48,324 - INFO - 
🔍 Processando block volume: Banco3LinuxTSPlus7
2025-05-23 12:12:48,601 - INFO - ✅ Backup criado: BlockBackup-Banco3LinuxTSPlus7-BKPAUTCITEL-20250523-1212
2025-05-23 12:12:49,164 - WARNING - ⏳ Backup ignorado (estado TERMINATED): Auto-backup for 2025-05-08 08:00:00 via policy: Citel_Diario07
2025-05-23 12:12:49,165 - INFO - 
🔍 Processando block volume: Banco1BR55
2025-05-23 12:12:49,482 - INFO - ✅ Backup criado: BlockBackup-Banco1BR55-BKPAUTCITEL-20250523-1212
2025-05-23 12:12:50,029 - WARNING - ⏳ Backup ignorado (estado TERMINATED): Auto-backup for 2025-05-08 08:00:00 via policy: Citel_Diario07
2025-05-23 12:12:50,029 - INFO - 
🔍 Processando block volume: BancoLinux59
2025-05-23 12:12:50,331 - INFO - ✅ Backup criado: BlockBackup-BancoLinux59-BKPAUTCITEL-20250523-1212
2025-05-23 12:12:50,879 - WARNING - ⏳ Backup ignorado (estado TERMINATED): Auto-backup for 2025-05-08 08:00:00 via policy: Citel_Diario07
2025-05-23 12:12:50,879 - INFO - 
🔍 Processando block volume: Banco2LinuxBR21
2025-05-23 12:12:51,001 - WARNING - ⚠️ Tentativa 1: Limite de requisições. Aguardando 5s...
2025-05-23 12:13:00,453 - INFO - ✅ Backup criado: BlockBackup-Banco2LinuxBR21-BKPAUTCITEL-20250523-1212
2025-05-23 12:13:01,007 - WARNING - ⏳ Backup ignorado (estado TERMINATED): Auto-backup for 2025-05-08 08:00:00 via policy: Citel_Diario07
2025-05-23 12:13:01,007 - INFO - 
🔍 Processando block volume: Banco2Linux59
2025-05-23 12:13:01,130 - WARNING - ⚠️ Tentativa 1: Limite de requisições. Aguardando 5s...
2025-05-23 12:13:11,789 - INFO - ✅ Backup criado: BlockBackup-Banco2Linux59-BKPAUTCITEL-20250523-1213
2025-05-23 12:13:12,326 - WARNING - ⏳ Backup ignorado (estado TERMINATED): Auto-backup for 2025-05-08 08:00:00 via policy: Citel_Diario07
2025-05-23 12:13:12,327 - INFO - 
🔍 Processando block volume: Banco2BR24
2025-05-23 12:13:12,449 - WARNING - ⚠️ Tentativa 1: Limite de requisições. Aguardando 5s...
2025-05-23 12:13:21,539 - WARNING - ⚠️ Tentativa 2: Limite de requisições. Aguardando 10s...
2025-05-23 12:13:34,433 - INFO - ✅ Backup criado: BlockBackup-Banco2BR24-BKPAUTCITEL-20250523-1213
2025-05-23 12:13:34,994 - WARNING - ⏳ Backup ignorado (estado TERMINATED): Auto-backup for 2025-05-08 08:00:00 via policy: Citel_Diario07
2025-05-23 12:13:34,994 - INFO - 
🔍 Processando block volume: Banco2BR33
2025-05-23 12:13:35,283 - INFO - ✅ Backup criado: BlockBackup-Banco2BR33-BKPAUTCITEL-20250523-1213
2025-05-23 12:13:35,828 - WARNING - ⏳ Backup ignorado (estado TERMINATED): Auto-backup for 2025-05-08 08:00:00 via policy: Citel_Diario07
2025-05-23 12:13:35,829 - INFO - 
🔍 Processando block volume: Banco1LinuxTSPLUS65
2025-05-23 12:13:36,134 - INFO - ✅ Backup criado: BlockBackup-Banco1LinuxTSPLUS65-BKPAUTCITEL-20250523-1213
2025-05-23 12:13:36,684 - WARNING - ⏳ Backup ignorado (estado TERMINATED): Auto-backup for 2025-05-08 08:00:00 via policy: Citel_Diario07
2025-05-23 12:13:36,684 - INFO - 
🔍 Processando block volume: BancoBR_72
2025-05-23 12:13:36,973 - INFO - ✅ Backup criado: BlockBackup-BancoBR_72-BKPAUTCITEL-20250523-1213
2025-05-23 12:13:37,509 - WARNING - ⏳ Backup ignorado (estado TERMINATED): Auto-backup for 2025-05-08 08:00:00 via policy: Citel_Diario07
2025-05-23 12:13:37,509 - INFO - 
🔍 Processando block volume: Banco1LinuxTSPlus18
2025-05-23 12:13:37,632 - WARNING - ⚠️ Tentativa 1: Limite de requisições. Aguardando 5s...
2025-05-23 12:13:45,674 - INFO - ✅ Backup criado: BlockBackup-Banco1LinuxTSPlus18-BKPAUTCITEL-20250523-1213
2025-05-23 12:13:46,234 - WARNING - ⏳ Backup ignorado (estado TERMINATED): Auto-backup for 2025-05-08 08:00:00 via policy: Citel_Diario07
2025-05-23 12:13:46,234 - INFO - 
🔍 Processando block volume: LinuxDataBelaTintas
2025-05-23 12:13:46,356 - WARNING - ⚠️ Tentativa 1: Limite de requisições. Aguardando 5s...
2025-05-23 12:13:52,332 - WARNING - ⚠️ Tentativa 2: Limite de requisições. Aguardando 10s...
2025-05-23 12:14:03,160 - INFO - ✅ Backup criado: BlockBackup-LinuxDataBelaTintas-BKPAUTCITEL-20250523-1213
2025-05-23 12:14:03,727 - WARNING - ⏳ Backup ignorado (estado TERMINATED): Auto-backup for 2025-05-08 08:00:00 via policy: Citel_Diario07
2025-05-23 12:14:03,727 - INFO - 
🔍 Processando block volume: Banco2LinuxTSPlus22
2025-05-23 12:14:04,041 - INFO - ✅ Backup criado: BlockBackup-Banco2LinuxTSPlus22-BKPAUTCITEL-20250523-1214
2025-05-23 12:14:04,610 - WARNING - ⏳ Backup ignorado (estado TERMINATED): Auto-backup for 2025-05-08 08:00:00 via policy: Citel_Diario07
2025-05-23 12:14:04,610 - INFO - 
🔍 Processando block volume: Banco2LinuxTSPLUS32
2025-05-23 12:14:04,933 - INFO - ✅ Backup criado: BlockBackup-Banco2LinuxTSPLUS32-BKPAUTCITEL-20250523-1214
2025-05-23 12:14:05,486 - WARNING - ⏳ Backup ignorado (estado TERMINATED): Auto-backup for 2025-05-08 08:00:00 via policy: Citel_Diario07
2025-05-23 12:14:05,486 - INFO - 
🔍 Processando block volume: Bancos2_BR29
2025-05-23 12:14:05,608 - WARNING - ⚠️ Tentativa 1: Limite de requisições. Aguardando 5s...
2025-05-23 12:14:16,100 - INFO - ✅ Backup criado: BlockBackup-Bancos2_BR29-BKPAUTCITEL-20250523-1214
2025-05-23 12:14:16,649 - WARNING - ⏳ Backup ignorado (estado TERMINATED): Auto-backup for 2025-05-08 08:00:00 via policy: Citel_Diario07
2025-05-23 12:14:16,650 - INFO - 
🔍 Processando block volume: Bancos4_BR9
2025-05-23 12:14:16,772 - WARNING - ⚠️ Tentativa 1: Limite de requisições. Aguardando 5s...
2025-05-23 12:14:25,834 - INFO - ✅ Backup criado: BlockBackup-Bancos4_BR9-BKPAUTCITEL-20250523-1214
2025-05-23 12:14:26,384 - WARNING - ⏳ Backup ignorado (estado TERMINATED): Auto-backup for 2025-05-08 08:00:00 via policy: Citel_Diario07
2025-05-23 12:14:26,385 - INFO - 
🔍 Processando block volume: Bancos3_BR12
2025-05-23 12:14:26,688 - INFO - ✅ Backup criado: BlockBackup-Bancos3_BR12-BKPAUTCITEL-20250523-1214
2025-05-23 12:14:27,235 - WARNING - ⏳ Backup ignorado (estado TERMINATED): Auto-backup for 2025-05-08 08:00:00 via policy: Citel_Diario07
2025-05-23 12:14:27,235 - INFO - 
🔍 Processando block volume: Bancos2_BR34
2025-05-23 12:14:27,359 - WARNING - ⚠️ Tentativa 1: Limite de requisições. Aguardando 5s...
2025-05-23 12:14:33,507 - INFO - ✅ Backup criado: BlockBackup-Bancos2_BR34-BKPAUTCITEL-20250523-1214
2025-05-23 12:14:34,057 - WARNING - ⏳ Backup ignorado (estado TERMINATED): Auto-backup for 2025-05-08 08:00:00 via policy: Citel_Diario07
2025-05-23 12:14:34,058 - INFO - 
🔍 Processando block volume: Bancos3_BR29
2025-05-23 12:14:34,358 - INFO - ✅ Backup criado: BlockBackup-Bancos3_BR29-BKPAUTCITEL-20250523-1214
2025-05-23 12:14:34,906 - WARNING - ⏳ Backup ignorado (estado TERMINATED): Auto-backup for 2025-05-08 08:00:00 via policy: Citel_Diario07
2025-05-23 12:14:34,906 - INFO - 
🔍 Processando block volume: Banco3_BR7
2025-05-23 12:14:35,183 - INFO - ✅ Backup criado: BlockBackup-Banco3_BR7-BKPAUTCITEL-20250523-1214
2025-05-23 12:14:35,743 - WARNING - ⏳ Backup ignorado (estado TERMINATED): Auto-backup for 2025-05-08 08:00:00 via policy: Citel_Diario07
2025-05-23 12:14:35,744 - INFO - 
🔍 Processando block volume: Bancos2_BR02
2025-05-23 12:14:35,867 - WARNING - ⚠️ Tentativa 1: Limite de requisições. Aguardando 5s...
2025-05-23 12:14:44,116 - INFO - ✅ Backup criado: BlockBackup-Bancos2_BR02-BKPAUTCITEL-20250523-1214
2025-05-23 12:14:44,663 - WARNING - ⏳ Backup ignorado (estado TERMINATED): Auto-backup for 2025-05-08 08:00:00 via policy: Citel_Diario07
2025-05-23 12:14:44,663 - INFO - 
🔍 Processando block volume: Bancos4_BR18
2025-05-23 12:14:44,969 - INFO - ✅ Backup criado: BlockBackup-Bancos4_BR18-BKPAUTCITEL-20250523-1214
2025-05-23 12:14:45,516 - WARNING - ⏳ Backup ignorado (estado TERMINATED): Auto-backup for 2025-05-08 08:00:00 via policy: Citel_Diario07
2025-05-23 12:14:45,516 - INFO - 
🔍 Processando block volume: Bancos4_BR01
2025-05-23 12:14:45,814 - INFO - ✅ Backup criado: BlockBackup-Bancos4_BR01-BKPAUTCITEL-20250523-1214
2025-05-23 12:14:46,376 - WARNING - ⏳ Backup ignorado (estado TERMINATED): Auto-backup for 2025-05-08 08:00:00 via policy: Citel_Diario07
2025-05-23 12:14:46,376 - INFO - 
🔍 Processando block volume: Bancos3_BR13
2025-05-23 12:14:46,498 - WARNING - ⚠️ Tentativa 1: Limite de requisições. Aguardando 5s...
2025-05-23 12:14:56,632 - INFO - ✅ Backup criado: BlockBackup-Bancos3_BR13-BKPAUTCITEL-20250523-1214
2025-05-23 12:14:57,186 - WARNING - ⏳ Backup ignorado (estado TERMINATED): Auto-backup for 2025-05-08 08:00:00 via policy: Citel_Diario07
2025-05-23 12:14:57,187 - INFO - 
🔍 Processando block volume: Banco3_BR4
2025-05-23 12:14:57,310 - WARNING - ⚠️ Tentativa 1: Limite de requisições. Aguardando 5s...
2025-05-23 12:15:07,459 - WARNING - ⚠️ Tentativa 2: Limite de requisições. Aguardando 10s...
2025-05-23 12:15:19,071 - INFO - ✅ Backup criado: BlockBackup-Banco3_BR4-BKPAUTCITEL-20250523-1214
2025-05-23 12:15:19,620 - WARNING - ⏳ Backup ignorado (estado TERMINATED): Auto-backup for 2025-05-08 08:00:00 via policy: Citel_Diario07
2025-05-23 12:15:19,620 - INFO - 
🔍 Processando block volume: Banco2LinuxTSPlus16
2025-05-23 12:15:19,892 - INFO - ✅ Backup criado: BlockBackup-Banco2LinuxTSPlus16-BKPAUTCITEL-20250523-1215
2025-05-23 12:15:20,451 - WARNING - ⏳ Backup ignorado (estado TERMINATED): Auto-backup for 2025-05-08 08:00:00 via policy: Citel_Diario07
2025-05-23 12:15:20,451 - INFO - 
🔍 Processando block volume: BKO Palacio TKT 651385
2025-05-23 12:15:20,718 - INFO - ✅ Backup criado: BlockBackup-BKO Palacio TKT 651385-BKPAUTCITEL-20250523-1215
2025-05-23 12:15:21,266 - WARNING - ⏳ Backup ignorado (estado TERMINATED): Auto-backup for 2025-05-08 08:00:00 via policy: Citel_Diario04
2025-05-23 12:15:21,266 - INFO - 
🔍 Processando block volume: Banco4LinuxTSPlus6
2025-05-23 12:15:21,549 - INFO - ✅ Backup criado: BlockBackup-Banco4LinuxTSPlus6-BKPAUTCITEL-20250523-1215
2025-05-23 12:15:22,108 - WARNING - ⏳ Backup ignorado (estado TERMINATED): Auto-backup for 2025-05-08 08:00:00 via policy: Citel_Diario07
2025-05-23 12:15:22,109 - INFO - 
🔍 Processando block volume: Banco2BR_72
2025-05-23 12:15:22,380 - INFO - ✅ Backup criado: BlockBackup-Banco2BR_72-BKPAUTCITEL-20250523-1215
2025-05-23 12:15:22,931 - WARNING - ⏳ Backup ignorado (estado TERMINATED): Auto-backup for 2025-05-08 08:00:00 via policy: Citel_Diario07
2025-05-23 12:15:22,931 - INFO - 
🔍 Processando block volume: Bancos3_BR25
2025-05-23 12:15:23,056 - WARNING - ⚠️ Tentativa 1: Limite de requisições. Aguardando 5s...
2025-05-23 12:15:32,209 - WARNING - ⚠️ Tentativa 2: Limite de requisições. Aguardando 10s...
2025-05-23 12:15:45,086 - INFO - ✅ Backup criado: BlockBackup-Bancos3_BR25-BKPAUTCITEL-20250523-1215
2025-05-23 12:15:45,647 - WARNING - ⏳ Backup ignorado (estado TERMINATED): Auto-backup for 2025-05-08 08:00:00 via policy: Citel_Diario07
2025-05-23 12:15:45,647 - INFO - 
🔍 Processando block volume: bancos3_BR28
2025-05-23 12:15:45,984 - INFO - ✅ Backup criado: BlockBackup-bancos3_BR28-BKPAUTCITEL-20250523-1215
2025-05-23 12:15:46,539 - WARNING - ⏳ Backup ignorado (estado TERMINATED): Auto-backup for 2025-05-08 08:00:00 via policy: Citel_Diario07
2025-05-23 12:15:46,539 - INFO - 
🔍 Processando block volume: GeB
2025-05-23 12:15:46,662 - WARNING - ⚠️ Tentativa 1: Limite de requisições. Aguardando 5s...
2025-05-23 12:15:52,419 - INFO - ✅ Backup criado: BlockBackup-GeB-BKPAUTCITEL-20250523-1215
2025-05-23 12:15:52,959 - WARNING - ⏳ Backup ignorado (estado TERMINATED): Auto-backup for 2025-05-08 08:00:00 via policy: Citel_Diario07
2025-05-23 12:15:52,959 - INFO - 
🔍 Processando block volume: Banco3_BR20
2025-05-23 12:15:53,082 - WARNING - ⚠️ Tentativa 1: Limite de requisições. Aguardando 5s...
2025-05-23 12:16:02,975 - INFO - ✅ Backup criado: BlockBackup-Banco3_BR20-BKPAUTCITEL-20250523-1215
2025-05-23 12:16:03,522 - WARNING - ⏳ Backup ignorado (estado TERMINATED): Auto-backup for 2025-05-08 08:00:00 via policy: Citel_Diario07
2025-05-23 12:16:03,523 - INFO - 
🔍 Processando block volume: Bancos3_BR34
2025-05-23 12:16:03,871 - INFO - ✅ Backup criado: BlockBackup-Bancos3_BR34-BKPAUTCITEL-20250523-1216
2025-05-23 12:16:04,420 - WARNING - ⏳ Backup ignorado (estado TERMINATED): Auto-backup for 2025-05-08 08:00:00 via policy: Citel_Diario07
2025-05-23 12:16:04,421 - INFO - 
🔍 Processando block volume: Banco_Darka
2025-05-23 12:16:04,714 - INFO - ✅ Backup criado: BlockBackup-Banco_Darka-BKPAUTCITEL-20250523-1216
2025-05-23 12:16:05,264 - WARNING - ⏳ Backup ignorado (estado TERMINATED): Auto-backup for 2025-05-08 08:00:00 via policy: Citel_Diario07
2025-05-23 12:16:05,265 - INFO - 
🔍 Processando block volume: Banco4LinuxTSPlus7
2025-05-23 12:16:05,547 - INFO - ✅ Backup criado: BlockBackup-Banco4LinuxTSPlus7-BKPAUTCITEL-20250523-1216
2025-05-23 12:16:06,086 - WARNING - ⏳ Backup ignorado (estado TERMINATED): Auto-backup for 2025-05-08 08:00:00 via policy: Citel_Diario07
2025-05-23 12:16:06,086 - INFO - 
🔍 Processando block volume: Banco4LinuxTSPlus20
2025-05-23 12:16:06,209 - WARNING - ⚠️ Tentativa 1: Limite de requisições. Aguardando 5s...
2025-05-23 12:16:15,886 - INFO - ✅ Backup criado: BlockBackup-Banco4LinuxTSPlus20-BKPAUTCITEL-20250523-1216
2025-05-23 12:16:16,441 - WARNING - ⏳ Backup ignorado (estado TERMINATED): Auto-backup for 2025-05-08 08:00:00 via policy: Citel_Diario07
2025-05-23 12:16:16,441 - INFO - 
🔍 Processando block volume: Bancos4_BR13
2025-05-23 12:16:16,726 - INFO - ✅ Backup criado: BlockBackup-Bancos4_BR13-BKPAUTCITEL-20250523-1216
2025-05-23 12:16:17,294 - WARNING - ⏳ Backup ignorado (estado TERMINATED): Auto-backup for 2025-05-08 08:00:00 via policy: Citel_Diario07
2025-05-23 12:16:17,294 - INFO - 
🔍 Processando block volume: Banco2LinuxTSPLUS37
2025-05-23 12:16:17,418 - WARNING - ⚠️ Tentativa 1: Limite de requisições. Aguardando 5s...
2025-05-23 12:16:23,916 - INFO - ✅ Backup criado: BlockBackup-Banco2LinuxTSPLUS37-BKPAUTCITEL-20250523-1216
2025-05-23 12:16:24,454 - WARNING - ⏳ Backup ignorado (estado TERMINATED): Auto-backup for 2025-05-08 08:00:00 via policy: Citel_Diario07
2025-05-23 12:16:24,454 - INFO - 
🔍 Processando block volume: BackupGeB
2025-05-23 12:16:24,725 - INFO - ✅ Backup criado: BlockBackup-BackupGeB-BKPAUTCITEL-20250523-1216
2025-05-23 12:16:25,294 - WARNING - ⏳ Backup ignorado (estado TERMINATED): Auto-backup for 2025-05-08 08:00:00 via policy: Citel_Diario07
2025-05-23 12:16:25,294 - INFO - 
🔍 Processando block volume: BancoGeB
2025-05-23 12:16:25,633 - INFO - ✅ Backup criado: BlockBackup-BancoGeB-BKPAUTCITEL-20250523-1216
2025-05-23 12:16:26,208 - WARNING - ⏳ Backup ignorado (estado TERMINATED): Auto-backup for 2025-05-08 08:00:00 via policy: Citel_Diario07
2025-05-23 12:16:26,208 - INFO - 
🔍 Processando block volume: Banco3BR55
2025-05-23 12:16:26,330 - WARNING - ⚠️ Tentativa 1: Limite de requisições. Aguardando 5s...
2025-05-23 12:16:34,436 - WARNING - ⚠️ Tentativa 2: Limite de requisições. Aguardando 10s...
2025-05-23 12:16:47,060 - INFO - ✅ Backup criado: BlockBackup-Banco3BR55-BKPAUTCITEL-20250523-1216
2025-05-23 12:16:47,605 - WARNING - ⏳ Backup ignorado (estado TERMINATED): Auto-backup for 2025-05-08 08:00:00 via policy: Citel_Diario07
2025-05-23 12:16:47,605 - INFO - 
🔍 Processando block volume: Bancos5_BR1
2025-05-23 12:16:47,727 - WARNING - ⚠️ Tentativa 1: Limite de requisições. Aguardando 5s...
2025-05-23 12:16:57,345 - INFO - ✅ Backup criado: BlockBackup-Bancos5_BR1-BKPAUTCITEL-20250523-1216
2025-05-23 12:16:57,888 - WARNING - ⏳ Backup ignorado (estado TERMINATED): Auto-backup for 2025-05-08 08:00:00 via policy: Citel_Diario07
2025-05-23 12:16:57,889 - INFO - 
🔍 Processando block volume: Banco3LinuxTSPlus19
2025-05-23 12:16:58,017 - WARNING - ⚠️ Tentativa 1: Limite de requisições. Aguardando 5s...
2025-05-23 12:17:07,624 - INFO - ✅ Backup criado: BlockBackup-Banco3LinuxTSPlus19-BKPAUTCITEL-20250523-1216
2025-05-23 12:17:08,199 - WARNING - ⏳ Backup ignorado (estado TERMINATED): Auto-backup for 2025-05-08 08:00:00 via policy: Citel_Diario07
2025-05-23 12:17:08,199 - INFO - 
🔍 Processando block volume: BackupCoresVivas TKT 902822
2025-05-23 12:17:08,491 - INFO - ✅ Backup criado: BlockBackup-BackupCoresVivas TKT 902822-BKPAUTCITEL-20250523-1217
2025-05-23 12:17:09,061 - WARNING - ⏳ Backup ignorado (estado TERMINATED): Auto-backup for 2025-05-08 08:00:00 via policy: Citel_Diario07
2025-05-23 12:17:09,061 - INFO - 
🔍 Processando block volume: bkpBoomerVinicius
2025-05-23 12:17:09,348 - INFO - ✅ Backup criado: BlockBackup-bkpBoomerVinicius-BKPAUTCITEL-20250523-1217
2025-05-23 12:17:09,887 - WARNING - ⏳ Backup ignorado (estado TERMINATED): Auto-backup for 2025-05-08 08:00:00 via policy: Citel_Diario07
2025-05-23 12:17:09,888 - INFO - 
🔍 Processando block volume: GeB2
2025-05-23 12:17:10,178 - INFO - ✅ Backup criado: BlockBackup-GeB2-BKPAUTCITEL-20250523-1217
2025-05-23 12:17:10,733 - WARNING - ⏳ Backup ignorado (estado TERMINATED): Auto-backup for 2025-05-08 08:00:00 via policy: Citel_Diario07
2025-05-23 12:17:10,734 - INFO - 
🔍 Processando block volume: bkpParque1014464
2025-05-23 12:17:11,020 - INFO - ✅ Backup criado: BlockBackup-bkpParque1014464-BKPAUTCITEL-20250523-1217
2025-05-23 12:17:11,594 - WARNING - ⏳ Backup ignorado (estado TERMINATED): Auto-backup for 2025-05-08 08:00:00 via policy: Citel_Diario07
2025-05-23 12:17:11,595 - INFO - 
🔍 Processando block volume: bkpPedrao1020442
2025-05-23 12:17:11,717 - WARNING - ⚠️ Tentativa 1: Limite de requisições. Aguardando 5s...
2025-05-23 12:17:19,143 - INFO - ✅ Backup criado: BlockBackup-bkpPedrao1020442-BKPAUTCITEL-20250523-1217
2025-05-23 12:17:19,688 - WARNING - ⏳ Backup ignorado (estado TERMINATED): Auto-backup for 2025-05-08 08:00:00 via policy: Citel_Diario07
2025-05-23 12:17:19,688 - INFO - 
🔍 Processando block volume: Backup_BR34_1031161
2025-05-23 12:17:19,811 - WARNING - ⚠️ Tentativa 1: Limite de requisições. Aguardando 5s...
2025-05-23 12:17:25,909 - WARNING - ⚠️ Tentativa 2: Limite de requisições. Aguardando 10s...
2025-05-23 12:17:38,920 - WARNING - ⚠️ Tentativa 3: Limite de requisições. Aguardando 20s...
2025-05-23 12:18:02,964 - INFO - ✅ Backup criado: BlockBackup-Backup_BR34_1031161-BKPAUTCITEL-20250523-1217
2025-05-23 12:18:03,612 - WARNING - ⏳ Backup ignorado (estado TERMINATED): Auto-backup for 2025-05-08 08:00:00 via policy: Citel_Diario07
2025-05-23 12:18:03,612 - INFO - 
🔍 Processando block volume: Banco3LinuxTSPLUS65
2025-05-23 12:18:03,909 - INFO - ✅ Backup criado: BlockBackup-Banco3LinuxTSPLUS65-BKPAUTCITEL-20250523-1218
2025-05-23 12:18:04,463 - WARNING - ⏳ Backup ignorado (estado TERMINATED): Auto-backup for 2025-05-08 08:00:00 via policy: Citel_Diario07
2025-05-23 12:18:04,463 - INFO - 
🔍 Processando block volume: Banco3LinuxTSPlus22
2025-05-23 12:18:04,761 - INFO - ✅ Backup criado: BlockBackup-Banco3LinuxTSPlus22-BKPAUTCITEL-20250523-1218
2025-05-23 12:18:05,306 - WARNING - ⏳ Backup ignorado (estado TERMINATED): Auto-backup for 2025-05-08 08:00:00 via policy: Citel_Diario07
2025-05-23 12:18:05,306 - INFO - 
🔍 Processando block volume: BinariosLinuxTSPLUS65
2025-05-23 12:18:05,622 - INFO - ✅ Backup criado: BlockBackup-BinariosLinuxTSPLUS65-BKPAUTCITEL-20250523-1218
2025-05-23 12:18:06,172 - WARNING - ⏳ Backup ignorado (estado TERMINATED): Auto-backup for 2025-05-08 08:00:00 via policy: Citel_Diario07
2025-05-23 12:18:06,172 - INFO - 
🔍 Processando block volume: GeB BancoTeste tkt 1048932
2025-05-23 12:18:06,456 - INFO - ✅ Backup criado: BlockBackup-GeB BancoTeste tkt 1048932-BKPAUTCITEL-20250523-1218
2025-05-23 12:18:07,007 - WARNING - ⏳ Backup ignorado (estado TERMINATED): Auto-backup for 2025-05-08 08:00:00 via policy: Citel_Diario07
2025-05-23 12:18:07,007 - INFO - 
🔍 Processando block volume: Banco2LinuxTSPlus19_BelaTintas
2025-05-23 12:18:07,293 - INFO - ✅ Backup criado: BlockBackup-Banco2LinuxTSPlus19_BelaTintas-BKPAUTCITEL-20250523-1218
2025-05-23 12:18:07,850 - WARNING - ⏳ Backup ignorado (estado TERMINATED): Auto-backup for 2025-05-08 08:00:00 via policy: Citel_Diario07
2025-05-23 12:18:07,851 - INFO - 
🔍 Processando block volume: Banco1LinuxTSPlus11_clone2904
2025-05-23 12:18:07,973 - WARNING - ⚠️ Tentativa 1: Limite de requisições. Aguardando 5s...
2025-05-23 12:18:14,824 - INFO - ✅ Backup criado: BlockBackup-Banco1LinuxTSPlus11_clone2904-BKPAUTCITEL-20250523-1218
2025-05-23 12:18:15,380 - WARNING - ⏳ Backup ignorado (estado TERMINATED): Auto-backup for 2025-05-08 08:00:00 via policy: Citel_Diario07
2025-05-23 12:18:15,381 - INFO - 
🔍 Processando block volume: LinuxTSPlus11_BancoPRODJRPais_clone2904
2025-05-23 12:18:15,503 - WARNING - ⚠️ Tentativa 1: Limite de requisições. Aguardando 5s...
2025-05-23 12:18:24,319 - WARNING - ⚠️ Tentativa 2: Limite de requisições. Aguardando 10s...
2025-05-23 12:18:36,644 - WARNING - ⚠️ Tentativa 3: Limite de requisições. Aguardando 20s...
2025-05-23 12:18:59,223 - INFO - ✅ Backup criado: BlockBackup-LinuxTSPlus11_BancoPRODJRPais_clone2904-BKPAUTCITEL-20250523-1218
2025-05-23 12:18:59,786 - WARNING - ⏳ Backup ignorado (estado TERMINATED): Auto-backup for 2025-05-08 08:00:00 via policy: Citel_Diario07
2025-05-23 12:18:59,786 - INFO - 
🔍 Processando block volume: LinuxTSPlus30_Banco1LinuxTSPlus30_clone2904
2025-05-23 12:18:59,909 - WARNING - ⚠️ Tentativa 1: Limite de requisições. Aguardando 5s...
2025-05-23 12:19:08,750 - INFO - ✅ Backup criado: BlockBackup-LinuxTSPlus30_Banco1LinuxTSPlus30_clone2904-BKPAUTCITEL-20250523-1218
2025-05-23 12:19:09,324 - WARNING - ⏳ Backup ignorado (estado TERMINATED): Auto-backup for 2025-05-08 08:00:00 via policy: Citel_Diario07
2025-05-23 12:19:09,324 - INFO - 
🔍 Processando block volume: Banco-1-LinuxData012
2025-05-23 12:19:09,587 - INFO - ✅ Backup criado: BlockBackup-Banco-1-LinuxData012-BKPAUTCITEL-20250523-1219
2025-05-23 12:19:10,134 - WARNING - ⏳ Backup ignorado (estado TERMINATED): Auto-backup for 2025-05-08 08:00:00 via policy: Citel_Diario07
2025-05-23 12:19:10,134 - INFO - 
🔍 Processando block volume: Banco2-LinuxData012
2025-05-23 12:19:10,423 - INFO - ✅ Backup criado: BlockBackup-Banco2-LinuxData012-BKPAUTCITEL-20250523-1219
2025-05-23 12:19:10,981 - WARNING - ⏳ Backup ignorado (estado TERMINATED): Auto-backup for 2025-05-08 08:00:00 via policy: Citel_Diario07
2025-05-23 12:19:10,982 - INFO - 
🔍 Processando block volume: Banco3-LinuxData012
2025-05-23 12:19:11,249 - INFO - ✅ Backup criado: BlockBackup-Banco3-LinuxData012-BKPAUTCITEL-20250523-1219
2025-05-23 12:19:11,798 - WARNING - ⏳ Backup ignorado (estado TERMINATED): Auto-backup for 2025-05-08 08:00:00 via policy: Citel_Diario07
2025-05-23 12:19:11,798 - INFO - 
🔍 Processando block volume: LinuxTSPlus10_BKOPalacioTKT651385_clone2904
2025-05-23 12:19:11,922 - WARNING - ⚠️ Tentativa 1: Limite de requisições. Aguardando 5s...
2025-05-23 12:19:18,179 - INFO - ✅ Backup criado: BlockBackup-LinuxTSPlus10_BKOPalacioTKT651385_clone2904-BKPAUTCITEL-20250523-1219
2025-05-23 12:19:18,728 - WARNING - ⏳ Backup ignorado (estado TERMINATED): Auto-backup for 2025-05-08 08:00:00 via policy: Citel_Diario07
2025-05-23 12:19:18,728 - INFO - 
🔍 Processando block volume: LinuxTSPlus10_Banco4LinuxTSPlus10_clone2904
2025-05-23 12:19:18,852 - WARNING - ⚠️ Tentativa 1: Limite de requisições. Aguardando 5s...
2025-05-23 12:19:29,314 - INFO - ✅ Backup criado: BlockBackup-LinuxTSPlus10_Banco4LinuxTSPlus10_clone2904-BKPAUTCITEL-20250523-1219
2025-05-23 12:19:29,876 - WARNING - ⏳ Backup ignorado (estado TERMINATED): Auto-backup for 2025-05-08 08:00:00 via policy: Citel_Diario07
2025-05-23 12:19:29,876 - INFO - 
🔍 Processando block volume: LinuxTSPlus10_Banco5LinuxTSPlus10_clone2904
2025-05-23 12:19:29,999 - WARNING - ⚠️ Tentativa 1: Limite de requisições. Aguardando 5s...
2025-05-23 12:19:37,185 - INFO - ✅ Backup criado: BlockBackup-LinuxTSPlus10_Banco5LinuxTSPlus10_clone2904-BKPAUTCITEL-20250523-1219
2025-05-23 12:19:37,744 - WARNING - ⏳ Backup ignorado (estado TERMINATED): Auto-backup for 2025-05-08 08:00:00 via policy: Citel_Diario07
2025-05-23 12:19:37,745 - INFO - 
🔍 Processando block volume: LinuxTSPlus10_GeB_clone2904
2025-05-23 12:19:38,030 - INFO - ✅ Backup criado: BlockBackup-LinuxTSPlus10_GeB_clone2904-BKPAUTCITEL-20250523-1219
2025-05-23 12:19:38,600 - WARNING - ⏳ Backup ignorado (estado TERMINATED): Auto-backup for 2025-05-08 08:00:00 via policy: Citel_Diario07
2025-05-23 12:19:38,600 - INFO - 
🔍 Processando block volume: LinuxTSPlus55_Banco1BR55_clone2904
2025-05-23 12:19:38,887 - INFO - ✅ Backup criado: BlockBackup-LinuxTSPlus55_Banco1BR55_clone2904-BKPAUTCITEL-20250523-1219
2025-05-23 12:19:39,445 - WARNING - ⏳ Backup ignorado (estado TERMINATED): Auto-backup for 2025-05-08 08:00:00 via policy: Citel_Diario07
2025-05-23 12:19:39,446 - INFO - 
🔍 Processando block volume: LinuxTSPlus55_Banco3BR55_clone2904
2025-05-23 12:19:39,737 - INFO - ✅ Backup criado: BlockBackup-LinuxTSPlus55_Banco3BR55_clone2904-BKPAUTCITEL-20250523-1219
2025-05-23 12:19:40,281 - WARNING - ⏳ Backup ignorado (estado TERMINATED): Auto-backup for 2025-05-08 08:00:00 via policy: Citel_Diario07
2025-05-23 12:19:40,281 - INFO - 
🔍 Processando block volume: LinuxTSPlus65_Banco1LinuxTSPLUS65_clone2904
2025-05-23 12:19:40,404 - WARNING - ⚠️ Tentativa 1: Limite de requisições. Aguardando 5s...
2025-05-23 12:19:50,015 - INFO - ✅ Backup criado: BlockBackup-LinuxTSPlus65_Banco1LinuxTSPLUS65_clone2904-BKPAUTCITEL-20250523-1219
2025-05-23 12:19:50,572 - WARNING - ⏳ Backup ignorado (estado TERMINATED): Auto-backup for 2025-05-08 08:00:00 via policy: Citel_Diario07
2025-05-23 12:19:50,572 - INFO - 
🔍 Processando block volume: LinuxTSPlus65_Banco2LinuxTSPLUS65_clone2904
2025-05-23 12:19:50,694 - WARNING - ⚠️ Tentativa 1: Limite de requisições. Aguardando 5s...
2025-05-23 12:20:00,766 - WARNING - ⚠️ Tentativa 2: Limite de requisições. Aguardando 10s...
2025-05-23 12:20:13,369 - WARNING - ⚠️ Tentativa 3: Limite de requisições. Aguardando 20s...
2025-05-23 12:20:36,880 - INFO - ✅ Backup criado: BlockBackup-LinuxTSPlus65_Banco2LinuxTSPLUS65_clone2904-BKPAUTCITEL-20250523-1219
2025-05-23 12:20:37,438 - WARNING - ⏳ Backup ignorado (estado TERMINATED): Auto-backup for 2025-05-08 08:00:00 via policy: Citel_Diario07
2025-05-23 12:20:37,438 - INFO - 
🔍 Processando block volume: LinuxTSPlus65_Banco3LinuxTSPLUS65_clone2904
2025-05-23 12:20:37,760 - INFO - ✅ Backup criado: BlockBackup-LinuxTSPlus65_Banco3LinuxTSPLUS65_clone2904-BKPAUTCITEL-20250523-1220
2025-05-23 12:20:38,319 - WARNING - ⏳ Backup ignorado (estado TERMINATED): Auto-backup for 2025-05-08 08:00:00 via policy: Citel_Diario07
2025-05-23 12:20:38,319 - INFO - 
🔍 Processando block volume: LinuxTSPlus65_BinariosLinuxTSPLUS65_clone2904
2025-05-23 12:20:38,616 - INFO - ✅ Backup criado: BlockBackup-LinuxTSPlus65_BinariosLinuxTSPLUS65_clone2904-BKPAUTCITEL-20250523-1220
2025-05-23 12:20:39,183 - WARNING - ⏳ Backup ignorado (estado TERMINATED): Auto-backup for 2025-05-08 08:00:00 via policy: Citel_Diario07
2025-05-23 12:20:39,184 - INFO - 
🔍 Processando block volume: LinuxTSPlus28_Banco2LinuxTSPlus28_clone2904
2025-05-23 12:20:39,473 - INFO - ✅ Backup criado: BlockBackup-LinuxTSPlus28_Banco2LinuxTSPlus28_clone2904-BKPAUTCITEL-20250523-1220
2025-05-23 12:20:40,027 - WARNING - ⏳ Backup ignorado (estado TERMINATED): Auto-backup for 2025-05-08 08:00:00 via policy: Citel_Diario07
2025-05-23 12:20:40,027 - INFO - 
🔍 Processando block volume: LinuxTSPlus28_bancos3_BR28_clone2904
2025-05-23 12:20:40,323 - INFO - ✅ Backup criado: BlockBackup-LinuxTSPlus28_bancos3_BR28_clone2904-BKPAUTCITEL-20250523-1220
2025-05-23 12:20:40,869 - WARNING - ⏳ Backup ignorado (estado TERMINATED): Auto-backup for 2025-05-08 08:00:00 via policy: Citel_Diario07
2025-05-23 12:20:40,870 - INFO - 
🔍 Processando block volume: LinuxTSPlus29_Banco1LinuxTSPlus29_clone2904
2025-05-23 12:20:40,992 - WARNING - ⚠️ Tentativa 1: Limite de requisições. Aguardando 5s...
2025-05-23 12:20:47,677 - INFO - ✅ Backup criado: BlockBackup-LinuxTSPlus29_Banco1LinuxTSPlus29_clone2904-BKPAUTCITEL-20250523-1220
2025-05-23 12:20:48,240 - WARNING - ⏳ Backup ignorado (estado TERMINATED): Auto-backup for 2025-05-08 08:00:00 via policy: Citel_Diario07
2025-05-23 12:20:48,241 - INFO - 
🔍 Processando block volume: LinuxTSPlus29_Bancos2_BR29_clone2904
2025-05-23 12:20:48,363 - WARNING - ⚠️ Tentativa 1: Limite de requisições. Aguardando 5s...
2025-05-23 12:20:55,026 - INFO - ✅ Backup criado: BlockBackup-LinuxTSPlus29_Bancos2_BR29_clone2904-BKPAUTCITEL-20250523-1220
2025-05-23 12:20:55,578 - WARNING - ⏳ Backup ignorado (estado TERMINATED): Auto-backup for 2025-05-08 08:00:00 via policy: Citel_Diario07
2025-05-23 12:20:55,579 - INFO - 
🔍 Processando block volume: LinuxTSPlus29_Bancos3_BR29_clone2904
2025-05-23 12:20:55,702 - WARNING - ⚠️ Tentativa 1: Limite de requisições. Aguardando 5s...
2025-05-23 12:21:04,084 - INFO - ✅ Backup criado: BlockBackup-LinuxTSPlus29_Bancos3_BR29_clone2904-BKPAUTCITEL-20250523-1220
2025-05-23 12:21:04,646 - WARNING - ⏳ Backup ignorado (estado TERMINATED): Auto-backup for 2025-05-08 08:00:00 via policy: Citel_Diario07
2025-05-23 12:21:04,647 - INFO - 
🔍 Processando block volume: LinuxTSPlus72_Banco2BR_72_clone2904
2025-05-23 12:21:05,007 - INFO - ✅ Backup criado: BlockBackup-LinuxTSPlus72_Banco2BR_72_clone2904-BKPAUTCITEL-20250523-1221
2025-05-23 12:21:05,579 - WARNING - ⏳ Backup ignorado (estado TERMINATED): Auto-backup for 2025-05-08 08:00:00 via policy: Citel_Diario07
2025-05-23 12:21:05,580 - INFO - 
🔍 Processando block volume: LinuxTSPlus72_BancoBR_clone2904
2025-05-23 12:21:05,702 - WARNING - ⚠️ Tentativa 1: Limite de requisições. Aguardando 5s...
2025-05-23 12:21:15,378 - INFO - ✅ Backup criado: BlockBackup-LinuxTSPlus72_BancoBR_clone2904-BKPAUTCITEL-20250523-1221
2025-05-23 12:21:15,949 - WARNING - ⏳ Backup ignorado (estado TERMINATED): Auto-backup for 2025-05-08 08:00:00 via policy: Citel_Diario07
2025-05-23 12:21:15,949 - INFO - 
🔍 Processando block volume: LinuxTSPlus43_Banco1LinuxTSPLUS43_clone2904
2025-05-23 12:21:16,280 - INFO - ✅ Backup criado: BlockBackup-LinuxTSPlus43_Banco1LinuxTSPLUS43_clone2904-BKPAUTCITEL-20250523-1221
2025-05-23 12:21:16,833 - WARNING - ⏳ Backup ignorado (estado TERMINATED): Auto-backup for 2025-05-08 08:00:00 via policy: Citel_Diario07
2025-05-23 12:21:16,834 - INFO - 
🔍 Processando block volume: LinuxTSPlus43_HD4-LinuxDBA_clone2904
2025-05-23 12:21:17,095 - INFO - ✅ Backup criado: BlockBackup-LinuxTSPlus43_HD4-LinuxDBA_clone2904-BKPAUTCITEL-20250523-1221
2025-05-23 12:21:17,657 - WARNING - ⏳ Backup ignorado (estado TERMINATED): Auto-backup for 2025-05-08 08:00:00 via policy: Citel_Diario07
2025-05-23 12:21:17,658 - INFO - 
🔍 Processando block volume: LinuxTSPlus50_Banco1LinuxTSPlus50_clone2904
2025-05-23 12:21:17,780 - WARNING - ⚠️ Tentativa 1: Limite de requisições. Aguardando 5s...
2025-05-23 12:21:24,357 - INFO - ✅ Backup criado: BlockBackup-LinuxTSPlus50_Banco1LinuxTSPlus50_clone2904-BKPAUTCITEL-20250523-1221
2025-05-23 12:21:24,921 - WARNING - ⏳ Backup ignorado (estado TERMINATED): Auto-backup for 2025-05-08 08:00:00 via policy: Citel_Diario07
2025-05-23 12:21:24,921 - INFO - 
🔍 Processando block volume: LinuxTSPlus37_Banco1LinuxTSPLUS37_clone2904
2025-05-23 12:21:25,192 - INFO - ✅ Backup criado: BlockBackup-LinuxTSPlus37_Banco1LinuxTSPLUS37_clone2904-BKPAUTCITEL-20250523-1221
2025-05-23 12:21:25,868 - WARNING - ⏳ Backup ignorado (estado TERMINATED): Auto-backup for 2025-05-08 08:00:00 via policy: Citel_Diario07
2025-05-23 12:21:25,868 - INFO - 
🔍 Processando block volume: LinuxTSPlus37_Banco2LinuxTSPLUS37_clone2904
2025-05-23 12:21:26,189 - INFO - ✅ Backup criado: BlockBackup-LinuxTSPlus37_Banco2LinuxTSPLUS37_clone2904-BKPAUTCITEL-20250523-1221
2025-05-23 12:21:26,731 - WARNING - ⏳ Backup ignorado (estado TERMINATED): Auto-backup for 2025-05-08 08:00:00 via policy: Citel_Diario07
2025-05-23 12:21:26,731 - INFO - 
🔍 Processando block volume: LinuxTSPlus37_Banco1LinuxTSPLUS40_clone2904
2025-05-23 12:21:26,855 - WARNING - ⚠️ Tentativa 1: Limite de requisições. Aguardando 5s...
2025-05-23 12:21:37,311 - INFO - ✅ Backup criado: BlockBackup-LinuxTSPlus37_Banco1LinuxTSPLUS40_clone2904-BKPAUTCITEL-20250523-1221
2025-05-23 12:21:37,881 - WARNING - ⏳ Backup ignorado (estado TERMINATED): Auto-backup for 2025-05-08 08:00:00 via policy: Citel_Diario07
2025-05-23 12:21:37,881 - INFO - 
🔍 Processando block volume: LinuxTSPlus32_Banco1LinuxTSPLUS32_clone2904
2025-05-23 12:21:38,170 - INFO - ✅ Backup criado: BlockBackup-LinuxTSPlus32_Banco1LinuxTSPLUS32_clone2904-BKPAUTCITEL-20250523-1221
2025-05-23 12:21:38,725 - WARNING - ⏳ Backup ignorado (estado TERMINATED): Auto-backup for 2025-05-08 08:00:00 via policy: Citel_Diario07
2025-05-23 12:21:38,726 - INFO - 
🔍 Processando block volume: LinuxTSPlus32_Banco2LinuxTSPLUS32_clone2904
2025-05-23 12:21:38,848 - WARNING - ⚠️ Tentativa 1: Limite de requisições. Aguardando 5s...
2025-05-23 12:21:48,922 - INFO - ✅ Backup criado: BlockBackup-LinuxTSPlus32_Banco2LinuxTSPLUS32_clone2904-BKPAUTCITEL-20250523-1221
2025-05-23 12:21:49,526 - WARNING - ⏳ Backup ignorado (estado TERMINATED): Auto-backup for 2025-05-08 08:00:00 via policy: Citel_Diario07
2025-05-23 12:21:49,526 - INFO - 
🔍 Processando block volume: LinuxTSPlus2_Banco1LinuxTSPlus2_clone2904
2025-05-23 12:21:49,839 - INFO - ✅ Backup criado: BlockBackup-LinuxTSPlus2_Banco1LinuxTSPlus2_clone2904-BKPAUTCITEL-20250523-1221
2025-05-23 12:21:50,412 - WARNING - ⏳ Backup ignorado (estado TERMINATED): Auto-backup for 2025-05-08 08:00:00 via policy: Citel_Diario07
2025-05-23 12:21:50,412 - INFO - 
🔍 Processando block volume: LinuxTSPlus2_Banco_PalacioFerramentas_clone2904
2025-05-23 12:21:50,708 - INFO - ✅ Backup criado: BlockBackup-LinuxTSPlus2_Banco_PalacioFerramentas_clone2904-BKPAUTCITEL-20250523-1221
2025-05-23 12:21:51,256 - WARNING - ⏳ Backup ignorado (estado TERMINATED): Auto-backup for 2025-05-08 08:00:00 via policy: Citel_Diario07
2025-05-23 12:21:51,256 - INFO - 
🔍 Processando block volume: LinuxTSPlus2_Bancos2_BR02_clone2904
2025-05-23 12:21:51,379 - WARNING - ⚠️ Tentativa 1: Limite de requisições. Aguardando 5s...
2025-05-23 12:22:01,058 - INFO - ✅ Backup criado: BlockBackup-LinuxTSPlus2_Bancos2_BR02_clone2904-BKPAUTCITEL-20250523-1221
2025-05-23 12:22:01,601 - WARNING - ⏳ Backup ignorado (estado TERMINATED): Auto-backup for 2025-05-08 08:00:00 via policy: Citel_Diario07
2025-05-23 12:22:01,602 - INFO - 
🔍 Processando block volume: LinuxTSPlus25_Banco1LinuxTSPlus25_clone2904
2025-05-23 12:22:01,895 - INFO - ✅ Backup criado: BlockBackup-LinuxTSPlus25_Banco1LinuxTSPlus25_clone2904-BKPAUTCITEL-20250523-1222
2025-05-23 12:22:02,465 - WARNING - ⏳ Backup ignorado (estado TERMINATED): Auto-backup for 2025-05-08 08:00:00 via policy: Citel_Diario07
2025-05-23 12:22:02,466 - INFO - 
🔍 Processando block volume: LinuxTSPlus25_Bancos3_BR25_clone2904
2025-05-23 12:22:02,780 - INFO - ✅ Backup criado: BlockBackup-LinuxTSPlus25_Bancos3_BR25_clone2904-BKPAUTCITEL-20250523-1222
2025-05-23 12:22:03,344 - WARNING - ⏳ Backup ignorado (estado TERMINATED): Auto-backup for 2025-05-08 08:00:00 via policy: Citel_Diario07
2025-05-23 12:22:03,344 - INFO - 
🔍 Processando block volume: LinuxTSPlus1_Banco3LinuxTSPlus1_clone2904
2025-05-23 12:22:03,619 - INFO - ✅ Backup criado: BlockBackup-LinuxTSPlus1_Banco3LinuxTSPlus1_clone2904-BKPAUTCITEL-20250523-1222
2025-05-23 12:22:04,175 - WARNING - ⏳ Backup ignorado (estado TERMINATED): Auto-backup for 2025-05-08 08:00:00 via policy: Citel_Diario07
2025-05-23 12:22:04,176 - INFO - 
🔍 Processando block volume: LinuxTSPlus1_Bancos4_BR01_clone2904
2025-05-23 12:22:04,473 - INFO - ✅ Backup criado: BlockBackup-LinuxTSPlus1_Bancos4_BR01_clone2904-BKPAUTCITEL-20250523-1222
2025-05-23 12:22:05,041 - WARNING - ⏳ Backup ignorado (estado TERMINATED): Auto-backup for 2025-05-08 08:00:00 via policy: Citel_Diario07
2025-05-23 12:22:05,041 - INFO - 
🔍 Processando block volume: LinuxTSPlus1_Bancos5_BR1_clone2904
2025-05-23 12:22:05,311 - INFO - ✅ Backup criado: BlockBackup-LinuxTSPlus1_Bancos5_BR1_clone2904-BKPAUTCITEL-20250523-1222
2025-05-23 12:22:05,861 - WARNING - ⏳ Backup ignorado (estado TERMINATED): Auto-backup for 2025-05-08 08:00:00 via policy: Citel_Diario07
2025-05-23 12:22:05,862 - INFO - 
🔍 Processando block volume: LinuxTSPlus1_blockvolume_clone2904
2025-05-23 12:22:06,187 - INFO - ✅ Backup criado: BlockBackup-LinuxTSPlus1_blockvolume_clone2904-BKPAUTCITEL-20250523-1222
2025-05-23 12:22:06,799 - WARNING - ⏳ Backup ignorado (estado TERMINATED): Auto-backup for 2025-05-08 08:00:00 via policy: Citel_Diario07
2025-05-23 12:22:06,799 - INFO - 
🔍 Processando block volume: Banco2-LinuxData013
2025-05-23 12:22:06,922 - WARNING - ⚠️ Tentativa 1: Limite de requisições. Aguardando 5s...
2025-05-23 12:22:17,206 - WARNING - ⚠️ Tentativa 2: Limite de requisições. Aguardando 10s...
2025-05-23 12:22:32,305 - WARNING - ⚠️ Tentativa 3: Limite de requisições. Aguardando 20s...
2025-05-23 12:22:55,787 - INFO - ✅ Backup criado: BlockBackup-Banco2-LinuxData013-BKPAUTCITEL-20250523-1222
2025-05-23 12:22:56,335 - WARNING - ⏳ Backup ignorado (estado TERMINATED): Auto-backup for 2025-05-08 08:00:00 via policy: Citel_Diario07
2025-05-23 12:22:56,336 - INFO - 
🔍 Processando block volume: Banco3-LinuxData013
2025-05-23 12:22:56,458 - WARNING - ⚠️ Tentativa 1: Limite de requisições. Aguardando 5s...
2025-05-23 12:23:06,475 - INFO - ✅ Backup criado: BlockBackup-Banco3-LinuxData013-BKPAUTCITEL-20250523-1222
2025-05-23 12:23:07,019 - WARNING - ⏳ Backup ignorado (estado TERMINATED): Auto-backup for 2025-05-08 08:00:00 via policy: Citel_Diario07
2025-05-23 12:23:07,020 - INFO - 
🔍 Processando block volume: Banco1-LinuxData013
2025-05-23 12:23:07,341 - INFO - ✅ Backup criado: BlockBackup-Banco1-LinuxData013-BKPAUTCITEL-20250523-1223
2025-05-23 12:23:07,915 - WARNING - ⏳ Backup ignorado (estado TERMINATED): Auto-backup for 2025-05-08 08:00:00 via policy: Citel_Diario07
2025-05-23 12:23:07,915 - INFO - 
🔍 Processando block volume: LinuxTSPlus14_BackupCoresVivas TKT 902822_clone2904
2025-05-23 12:23:08,274 - INFO - ✅ Backup criado: BlockBackup-LinuxTSPlus14_BackupCoresVivas TKT 902822_clone2904-BKPAUTCITEL-20250523-1223
2025-05-23 12:23:08,857 - WARNING - ⏳ Backup ignorado (estado TERMINATED): Auto-backup for 2025-05-08 08:00:00 via policy: Citel_Diario07
2025-05-23 12:23:08,857 - INFO - 
🔍 Processando block volume: LinuxTSPlus14_Banco2LinuxTSPlus14_clone2904
2025-05-23 12:23:08,980 - WARNING - ⚠️ Tentativa 1: Limite de requisições. Aguardando 5s...
2025-05-23 12:23:16,209 - INFO - ✅ Backup criado: BlockBackup-LinuxTSPlus14_Banco2LinuxTSPlus14_clone2904-BKPAUTCITEL-20250523-1223
2025-05-23 12:23:16,747 - WARNING - ⏳ Backup ignorado (estado TERMINATED): Auto-backup for 2025-05-08 08:00:00 via policy: Citel_Diario07
2025-05-23 12:23:16,747 - INFO - 
🔍 Processando block volume: LinuxTSPlus9-Banco1LinuxTSPlus9-clone2904
2025-05-23 12:23:16,870 - WARNING - ⚠️ Tentativa 1: Limite de requisições. Aguardando 5s...
2025-05-23 12:23:24,045 - INFO - ✅ Backup criado: BlockBackup-LinuxTSPlus9-Banco1LinuxTSPlus9-clone2904-BKPAUTCITEL-20250523-1223
2025-05-23 12:23:24,591 - WARNING - ⏳ Backup ignorado (estado TERMINATED): Auto-backup for 2025-05-08 08:00:00 via policy: Citel_Diario07
2025-05-23 12:23:24,591 - INFO - 
🔍 Processando block volume: LinuxTSPlus9-Banco3LinuxTSPlus9-clone2904
2025-05-23 12:23:24,714 - WARNING - ⚠️ Tentativa 1: Limite de requisições. Aguardando 5s...
2025-05-23 12:23:33,962 - INFO - ✅ Backup criado: BlockBackup-LinuxTSPlus9-Banco3LinuxTSPlus9-clone2904-BKPAUTCITEL-20250523-1223
2025-05-23 12:23:34,508 - WARNING - ⏳ Backup ignorado (estado TERMINATED): Auto-backup for 2025-05-08 08:00:00 via policy: Citel_Diario07
2025-05-23 12:23:34,509 - INFO - 
🔍 Processando block volume: LinuxTSPlus14_BancoUbertintasTSPlus14_clone2904
2025-05-23 12:23:34,807 - INFO - ✅ Backup criado: BlockBackup-LinuxTSPlus14_BancoUbertintasTSPlus14_clone2904-BKPAUTCITEL-20250523-1223
2025-05-23 12:23:35,377 - WARNING - ⏳ Backup ignorado (estado TERMINATED): Auto-backup for 2025-05-08 08:00:00 via policy: Citel_Diario07
2025-05-23 12:23:35,377 - INFO - 
🔍 Processando block volume: LinuxTSPlus9-Bancos4_BR9-clone2904
2025-05-23 12:23:35,500 - WARNING - ⚠️ Tentativa 1: Limite de requisições. Aguardando 5s...
2025-05-23 12:23:41,731 - INFO - ✅ Backup criado: BlockBackup-LinuxTSPlus9-Bancos4_BR9-clone2904-BKPAUTCITEL-20250523-1223
2025-05-23 12:23:42,310 - WARNING - ⏳ Backup ignorado (estado TERMINATED): Auto-backup for 2025-05-08 08:00:00 via policy: Citel_Diario07
2025-05-23 12:23:42,310 - INFO - 
🔍 Processando block volume: LinuxTSPlus8-Banco1LinuxTSPlus8-clone2904
2025-05-23 12:23:42,433 - WARNING - ⚠️ Tentativa 1: Limite de requisições. Aguardando 5s...
2025-05-23 12:23:51,639 - WARNING - ⚠️ Tentativa 2: Limite de requisições. Aguardando 10s...
2025-05-23 12:24:04,524 - INFO - ✅ Backup criado: BlockBackup-LinuxTSPlus8-Banco1LinuxTSPlus8-clone2904-BKPAUTCITEL-20250523-1223
2025-05-23 12:24:05,085 - WARNING - ⏳ Backup ignorado (estado TERMINATED): Auto-backup for 2025-05-08 08:00:00 via policy: Citel_Diario07
2025-05-23 12:24:05,085 - INFO - 
🔍 Processando block volume: LinuxTSPlus8-Banco3LinuxTSPlus8-clone2904
2025-05-23 12:24:05,396 - INFO - ✅ Backup criado: BlockBackup-LinuxTSPlus8-Banco3LinuxTSPlus8-clone2904-BKPAUTCITEL-20250523-1224
2025-05-23 12:24:05,957 - WARNING - ⏳ Backup ignorado (estado TERMINATED): Auto-backup for 2025-05-08 08:00:00 via policy: Citel_Diario07
2025-05-23 12:24:05,957 - INFO - 
🔍 Processando block volume: LinuxTSPlus16_Banco1LinuxTSPlus16_clone2904
2025-05-23 12:24:06,272 - INFO - ✅ Backup criado: BlockBackup-LinuxTSPlus16_Banco1LinuxTSPlus16_clone2904-BKPAUTCITEL-20250523-1224
2025-05-23 12:24:06,840 - INFO - 
🔍 Processando block volume: LinuxTSPlus16_Banco2LinuxTSPlus16_clone2904
2025-05-23 12:24:07,137 - INFO - ✅ Backup criado: BlockBackup-LinuxTSPlus16_Banco2LinuxTSPlus16_clone2904-BKPAUTCITEL-20250523-1224
2025-05-23 12:24:07,692 - INFO - 
🔍 Processando block volume: LinuxTSPlus7-Banco2LinuxTSPlus7-block-clone2904
2025-05-23 12:24:08,040 - INFO - ✅ Backup criado: BlockBackup-LinuxTSPlus7-Banco2LinuxTSPlus7-block-clone2904-BKPAUTCITEL-20250523-1224
2025-05-23 12:24:08,599 - INFO - 
🔍 Processando block volume: LinuxTSPlus7-Banco3LinuxTSPlus7-block-clone2904
2025-05-23 12:24:08,911 - INFO - ✅ Backup criado: BlockBackup-LinuxTSPlus7-Banco3LinuxTSPlus7-block-clone2904-BKPAUTCITEL-20250523-1224
2025-05-23 12:24:09,487 - INFO - 
🔍 Processando block volume: LinuxTSPlus7-Banco3_BR7-block-clone2904
2025-05-23 12:24:09,609 - WARNING - ⚠️ Tentativa 1: Limite de requisições. Aguardando 5s...
2025-05-23 12:24:19,078 - INFO - ✅ Backup criado: BlockBackup-LinuxTSPlus7-Banco3_BR7-block-clone2904-BKPAUTCITEL-20250523-1224
2025-05-23 12:24:19,623 - INFO - 
🔍 Processando block volume: LinuxTSPlus17_Banco2LinuxTSPlus17_clone2904
2025-05-23 12:24:19,985 - INFO - ✅ Backup criado: BlockBackup-LinuxTSPlus17_Banco2LinuxTSPlus17_clone2904-BKPAUTCITEL-20250523-1224
2025-05-23 12:24:20,539 - INFO - 
🔍 Processando block volume: LinuxTSPlus17_BancoPRODBelaTintas_clone2904
2025-05-23 12:24:20,850 - INFO - ✅ Backup criado: BlockBackup-LinuxTSPlus17_BancoPRODBelaTintas_clone2904-BKPAUTCITEL-20250523-1224
2025-05-23 12:24:21,415 - INFO - 
🔍 Processando block volume: LinuxTSPlus17_HD5-LinuxDBAs_clone2904
2025-05-23 12:24:21,537 - WARNING - ⚠️ Tentativa 1: Limite de requisições. Aguardando 5s...
2025-05-23 12:24:28,432 - INFO - ✅ Backup criado: BlockBackup-LinuxTSPlus17_HD5-LinuxDBAs_clone2904-BKPAUTCITEL-20250523-1224
2025-05-23 12:24:28,972 - INFO - 
🔍 Processando block volume: LinuxTSPlus6-Banco3LinuxTSPlus6-block-clone2904
2025-05-23 12:24:29,095 - WARNING - ⚠️ Tentativa 1: Limite de requisições. Aguardando 5s...
2025-05-23 12:24:38,008 - INFO - ✅ Backup criado: BlockBackup-LinuxTSPlus6-Banco3LinuxTSPlus6-block-clone2904-BKPAUTCITEL-20250523-1224
2025-05-23 12:24:38,555 - INFO - 
🔍 Processando block volume: LinuxTSPlus6-Banco4LinuxTSPlus6-block-clone2904
2025-05-23 12:24:38,678 - WARNING - ⚠️ Tentativa 1: Limite de requisições. Aguardando 5s...
2025-05-23 12:24:48,353 - INFO - ✅ Backup criado: BlockBackup-LinuxTSPlus6-Banco4LinuxTSPlus6-block-clone2904-BKPAUTCITEL-20250523-1224
2025-05-23 12:24:48,898 - WARNING - ⏳ Backup ignorado (estado TERMINATED): Auto-backup for 2025-05-08 08:00:00 via policy: Citel_Diario07
2025-05-23 12:24:48,898 - INFO - 
🔍 Processando block volume: LinuxTSPlus18-Banco1LinuxTSPlus18-block-2904
2025-05-23 12:24:49,022 - WARNING - ⚠️ Tentativa 1: Limite de requisições. Aguardando 5s...
2025-05-23 12:24:56,212 - INFO - ✅ Backup criado: BlockBackup-LinuxTSPlus18-Banco1LinuxTSPlus18-block-2904-BKPAUTCITEL-20250523-1224
2025-05-23 12:24:56,765 - WARNING - ⏳ Backup ignorado (estado TERMINATED): Auto-backup for 2025-05-08 08:00:00 via policy: Citel_Diario07
2025-05-23 12:24:56,766 - INFO - 
🔍 Processando block volume: LinuxTSPlus18-Banco2LinuxTSPlus18-block-2904
2025-05-23 12:24:56,888 - WARNING - ⚠️ Tentativa 1: Limite de requisições. Aguardando 5s...
2025-05-23 12:25:03,950 - INFO - ✅ Backup criado: BlockBackup-LinuxTSPlus18-Banco2LinuxTSPlus18-block-2904-BKPAUTCITEL-20250523-1224
2025-05-23 12:25:04,494 - WARNING - ⏳ Backup ignorado (estado TERMINATED): Auto-backup for 2025-05-08 08:00:00 via policy: Citel_Diario07
2025-05-23 12:25:04,495 - INFO - 
🔍 Processando block volume: LinuxTSPlus18-Bancos4_BR18-block-2904
2025-05-23 12:25:04,767 - INFO - ✅ Backup criado: BlockBackup-LinuxTSPlus18-Bancos4_BR18-block-2904-BKPAUTCITEL-20250523-1225
2025-05-23 12:25:05,397 - WARNING - ⏳ Backup ignorado (estado TERMINATED): Auto-backup for 2025-05-08 08:00:00 via policy: Citel_Diario07
2025-05-23 12:25:05,398 - INFO - 
🔍 Processando block volume: LinuxTsplus59-Banco2Linux59-block-clone2904
2025-05-23 12:25:05,670 - INFO - ✅ Backup criado: BlockBackup-LinuxTsplus59-Banco2Linux59-block-clone2904-BKPAUTCITEL-20250523-1225
2025-05-23 12:25:06,226 - WARNING - ⏳ Backup ignorado (estado TERMINATED): Auto-backup for 2025-05-08 08:00:00 via policy: Citel_Diario07
2025-05-23 12:25:06,226 - INFO - 
🔍 Processando block volume: LinuxTsplus59-BancoLinux59-block-clone2904
2025-05-23 12:25:06,558 - INFO - ✅ Backup criado: BlockBackup-LinuxTsplus59-BancoLinux59-block-clone2904-BKPAUTCITEL-20250523-1225
2025-05-23 12:25:07,410 - WARNING - ⏳ Backup ignorado (estado TERMINATED): Auto-backup for 2025-05-08 08:00:00 via policy: Citel_Diario07
2025-05-23 12:25:07,410 - INFO - 
🔍 Processando block volume: LinuxTSPlus19_Banco1LinuxTSPlus19_clone2904
2025-05-23 12:25:07,713 - INFO - ✅ Backup criado: BlockBackup-LinuxTSPlus19_Banco1LinuxTSPlus19_clone2904-BKPAUTCITEL-20250523-1225
2025-05-23 12:25:08,273 - WARNING - ⏳ Backup ignorado (estado TERMINATED): Auto-backup for 2025-05-08 08:00:00 via policy: Citel_Diario07
2025-05-23 12:25:08,274 - INFO - 
🔍 Processando block volume: LinuxTSPlus19_Banco3LinuxTSPlus19_clone2904
2025-05-23 12:25:08,397 - WARNING - ⚠️ Tentativa 1: Limite de requisições. Aguardando 5s...
2025-05-23 12:25:14,629 - INFO - ✅ Backup criado: BlockBackup-LinuxTSPlus19_Banco3LinuxTSPlus19_clone2904-BKPAUTCITEL-20250523-1225
2025-05-23 12:25:15,182 - WARNING - ⏳ Backup ignorado (estado TERMINATED): Auto-backup for 2025-05-08 08:00:00 via policy: Citel_Diario07
2025-05-23 12:25:15,183 - INFO - 
🔍 Processando block volume: LinuxTSPlus20_Banco1LinuxTSPlus20_clone2904
2025-05-23 12:25:15,463 - INFO - ✅ Backup criado: BlockBackup-LinuxTSPlus20_Banco1LinuxTSPlus20_clone2904-BKPAUTCITEL-20250523-1225
2025-05-23 12:25:16,015 - WARNING - ⏳ Backup ignorado (estado TERMINATED): Auto-backup for 2025-05-08 08:00:00 via policy: Citel_Diario07
2025-05-23 12:25:16,015 - INFO - 
🔍 Processando block volume: LinuxTSPlus20_Banco2LinuxTSPlus20_clone2904
2025-05-23 12:25:16,313 - INFO - ✅ Backup criado: BlockBackup-LinuxTSPlus20_Banco2LinuxTSPlus20_clone2904-BKPAUTCITEL-20250523-1225
2025-05-23 12:25:16,879 - WARNING - ⏳ Backup ignorado (estado TERMINATED): Auto-backup for 2025-05-08 08:00:00 via policy: Citel_Diario07
2025-05-23 12:25:16,880 - INFO - 
🔍 Processando block volume: LinuxTSPlus20_Banco3_BR20_clone2904
2025-05-23 12:25:17,154 - INFO - ✅ Backup criado: BlockBackup-LinuxTSPlus20_Banco3_BR20_clone2904-BKPAUTCITEL-20250523-1225
2025-05-23 12:25:17,706 - WARNING - ⏳ Backup ignorado (estado TERMINATED): Auto-backup for 2025-05-08 08:00:00 via policy: Citel_Diario07
2025-05-23 12:25:17,706 - INFO - 
🔍 Processando block volume: LinuxTSPlus20_Banco4LinuxTSPlus20_clone2904
2025-05-23 12:25:17,829 - WARNING - ⚠️ Tentativa 1: Limite de requisições. Aguardando 5s...
2025-05-23 12:25:24,266 - WARNING - ⚠️ Tentativa 2: Limite de requisições. Aguardando 10s...
2025-05-23 12:25:38,087 - WARNING - ⚠️ Tentativa 3: Limite de requisições. Aguardando 20s...
2025-05-23 12:26:01,856 - INFO - ✅ Backup criado: BlockBackup-LinuxTSPlus20_Banco4LinuxTSPlus20_clone2904-BKPAUTCITEL-20250523-1225
2025-05-23 12:26:02,407 - WARNING - ⏳ Backup ignorado (estado TERMINATED): Auto-backup for 2025-05-08 08:00:00 via policy: Citel_Diario07
2025-05-23 12:26:02,408 - INFO - 
🔍 Processando block volume: LinuxTSPlus5-Banco3LinuxBR5-block-clone2904
2025-05-23 12:26:02,699 - INFO - ✅ Backup criado: BlockBackup-LinuxTSPlus5-Banco3LinuxBR5-block-clone2904-BKPAUTCITEL-20250523-1226
2025-05-23 12:26:03,249 - WARNING - ⏳ Backup ignorado (estado TERMINATED): Auto-backup for 2025-05-08 08:00:00 via policy: Citel_Diario07
2025-05-23 12:26:03,249 - INFO - 
🔍 Processando block volume: LinuxTSPlus5-Banco2LinuxBR5-block-clone2904
2025-05-23 12:26:03,559 - INFO - ✅ Backup criado: BlockBackup-LinuxTSPlus5-Banco2LinuxBR5-block-clone2904-BKPAUTCITEL-20250523-1226
2025-05-23 12:26:04,117 - WARNING - ⏳ Backup ignorado (estado TERMINATED): Auto-backup for 2025-05-08 08:00:00 via policy: Citel_Diario07
2025-05-23 12:26:04,117 - INFO - 
🔍 Processando block volume: Banco1-LinuxData004
2025-05-23 12:26:04,398 - INFO - ✅ Backup criado: BlockBackup-Banco1-LinuxData004-BKPAUTCITEL-20250523-1226
2025-05-23 12:26:04,942 - WARNING - ⏳ Backup ignorado (estado TERMINATED): Auto-backup for 2025-05-08 08:00:00 via policy: Citel_Diario07
2025-05-23 12:26:04,943 - INFO - 
🔍 Processando block volume: Banco2-LinuxData004
2025-05-23 12:26:05,065 - WARNING - ⚠️ Tentativa 1: Limite de requisições. Aguardando 5s...
2025-05-23 12:26:12,491 - INFO - ✅ Backup criado: BlockBackup-Banco2-LinuxData004-BKPAUTCITEL-20250523-1226
2025-05-23 12:26:13,047 - WARNING - ⏳ Backup ignorado (estado TERMINATED): Auto-backup for 2025-05-08 08:00:00 via policy: Citel_Diario07
2025-05-23 12:26:13,047 - INFO - 
🔍 Processando block volume: Banco3-LinuxData004
2025-05-23 12:26:13,342 - INFO - ✅ Backup criado: BlockBackup-Banco3-LinuxData004-BKPAUTCITEL-20250523-1226
2025-05-23 12:26:13,905 - WARNING - ⏳ Backup ignorado (estado TERMINATED): Auto-backup for 2025-05-08 08:00:00 via policy: Citel_Diario07
2025-05-23 12:26:13,905 - INFO - 
🔍 Processando block volume: LinuxTSPlus48-block-Restore
2025-05-23 12:26:14,200 - INFO - ✅ Backup criado: BlockBackup-LinuxTSPlus48-block-Restore-BKPAUTCITEL-20250523-1226
2025-05-23 12:26:14,775 - WARNING - ⏳ Backup ignorado (estado TERMINATED): Auto-backup for 2025-05-08 08:00:00 via policy: Citel_Diario07
2025-05-23 12:26:14,775 - INFO - 
🔍 Processando block volume: LinuxData007-Banco4
2025-05-23 12:26:15,056 - INFO - ✅ Backup criado: BlockBackup-LinuxData007-Banco4-BKPAUTCITEL-20250523-1226
2025-05-23 12:26:15,608 - WARNING - ⏳ Backup ignorado (estado TERMINATED): Auto-backup for 2025-05-08 08:00:00 via policy: Citel_Diario07
2025-05-23 12:26:15,608 - INFO - 
🔍 Processando block volume: Banco2LinuxBR21-Restore
2025-05-23 12:26:15,911 - INFO - ✅ Backup criado: BlockBackup-Banco2LinuxBR21-Restore-BKPAUTCITEL-20250523-1226
2025-05-23 12:26:16,468 - WARNING - ⏳ Backup ignorado (estado TERMINATED): Auto-backup for 2025-05-08 08:00:00 via policy: Citel_Diario07
2025-05-23 12:26:16,468 - INFO - 
🔍 Processando block volume: LinuxTSPlus41-block-Restore
2025-05-23 12:26:16,590 - WARNING - ⚠️ Tentativa 1: Limite de requisições. Aguardando 5s...
2025-05-23 12:26:26,561 - INFO - ✅ Backup criado: BlockBackup-LinuxTSPlus41-block-Restore-BKPAUTCITEL-20250523-1226
2025-05-23 12:26:27,108 - WARNING - ⏳ Backup ignorado (estado TERMINATED): Auto-backup for 2025-05-08 08:00:00 via policy: Citel_Diario07
2025-05-23 12:26:27,109 - INFO - 
🔍 Processando block volume: Banco1LinuxTSPlus26-Restore
2025-05-23 12:26:27,232 - WARNING - ⚠️ Tentativa 1: Limite de requisições. Aguardando 5s...
2025-05-23 12:26:34,273 - WARNING - ⚠️ Tentativa 2: Limite de requisições. Aguardando 10s...
2025-05-23 12:26:47,498 - INFO - ✅ Backup criado: BlockBackup-Banco1LinuxTSPlus26-Restore-BKPAUTCITEL-20250523-1226
2025-05-23 12:26:48,055 - WARNING - ⏳ Backup ignorado (estado TERMINATED): Auto-backup for 2025-05-08 08:00:00 via policy: Citel_Diario07
2025-05-23 12:26:48,056 - INFO - 
🔍 Processando block volume: LinuxTSPlus36-block-Restore
2025-05-23 12:26:48,329 - INFO - ✅ Backup criado: BlockBackup-LinuxTSPlus36-block-Restore-BKPAUTCITEL-20250523-1226
2025-05-23 12:26:48,873 - WARNING - ⏳ Backup ignorado (estado TERMINATED): Auto-backup for 2025-05-08 08:00:00 via policy: Citel_Diario07
2025-05-23 12:26:48,874 - INFO - 
🔍 Processando block volume: LinuxTSPlus34-Bancos3_BR34-backup-Restore
2025-05-23 12:26:48,997 - WARNING - ⚠️ Tentativa 1: Limite de requisições. Aguardando 5s...
2025-05-23 12:26:58,357 - INFO - ✅ Backup criado: BlockBackup-LinuxTSPlus34-Bancos3_BR34-backup-Restore-BKPAUTCITEL-20250523-1226
2025-05-23 12:26:58,904 - WARNING - ⏳ Backup ignorado (estado TERMINATED): Auto-backup for 2025-05-08 08:00:00 via policy: Citel_Diario07
2025-05-23 12:26:58,904 - INFO - 
🔍 Processando block volume: LinuxTSPlus34-Bancos2_BR34-backup-Restore
2025-05-23 12:26:59,182 - INFO - ✅ Backup criado: BlockBackup-LinuxTSPlus34-Bancos2_BR34-backup-Restore-BKPAUTCITEL-20250523-1226
2025-05-23 12:26:59,751 - WARNING - ⏳ Backup ignorado (estado TERMINATED): Auto-backup for 2025-05-08 08:00:00 via policy: Citel_Diario07
2025-05-23 12:26:59,751 - INFO - 
🔍 Processando block volume: LinuxTSPlus34-Bancos3_BR34-backup-Restore
2025-05-23 12:26:59,875 - WARNING - ⚠️ Tentativa 1: Limite de requisições. Aguardando 5s...
2025-05-23 12:27:07,930 - INFO - ✅ Backup criado: BlockBackup-LinuxTSPlus34-Bancos3_BR34-backup-Restore-BKPAUTCITEL-20250523-1226
2025-05-23 12:27:08,478 - WARNING - ⏳ Backup ignorado (estado TERMINATED): Auto-backup for 2025-05-08 08:00:00 via policy: Citel_Diario07
2025-05-23 12:27:08,478 - INFO - 
🔍 Processando block volume: Banco1LinuxTSPLUS33-Restore
2025-05-23 12:27:08,759 - INFO - ✅ Backup criado: BlockBackup-Banco1LinuxTSPLUS33-Restore-BKPAUTCITEL-20250523-1227
2025-05-23 12:27:09,349 - WARNING - ⏳ Backup ignorado (estado TERMINATED): Auto-backup for 2025-05-08 08:00:00 via policy: Citel_Diario07
2025-05-23 12:27:09,349 - INFO - 
🔍 Processando block volume: Banco2BR33-Restore
2025-05-23 12:27:09,473 - WARNING - ⚠️ Tentativa 1: Limite de requisições. Aguardando 5s...
2025-05-23 12:27:19,910 - INFO - ✅ Backup criado: BlockBackup-Banco2BR33-Restore-BKPAUTCITEL-20250523-1227
2025-05-23 12:27:20,457 - WARNING - ⏳ Backup ignorado (estado TERMINATED): Auto-backup for 2025-05-08 08:00:00 via policy: Citel_Diario07
2025-05-23 12:27:20,458 - INFO - 
🔍 Processando block volume: LinuxTSPlus34-Banco1LinuxTSPLUS34-backup-Restore
2025-05-23 12:27:20,726 - INFO - ✅ Backup criado: BlockBackup-LinuxTSPlus34-Banco1LinuxTSPLUS34-backup-Restore-BKPAUTCITEL-20250523-1227
2025-05-23 12:27:21,290 - WARNING - ⏳ Backup ignorado (estado TERMINATED): Auto-backup for 2025-05-08 08:00:00 via policy: Citel_Diario07
2025-05-23 12:27:21,290 - INFO - 
🔍 Processando block volume: LinuxTSPlus1-Restore1
2025-05-23 12:27:21,605 - INFO - ✅ Backup criado: BlockBackup-LinuxTSPlus1-Restore1-BKPAUTCITEL-20250523-1227
2025-05-23 12:27:22,159 - WARNING - ⏳ Backup ignorado (estado TERMINATED): Auto-backup for 2025-05-08 08:00:00 via policy: Citel_Diario07
2025-05-23 12:27:22,159 - INFO - 
🔍 Processando block volume: Bancos5_BR1-Restore2
2025-05-23 12:27:22,433 - INFO - ✅ Backup criado: BlockBackup-Bancos5_BR1-Restore2-BKPAUTCITEL-20250523-1227
2025-05-23 12:27:22,975 - WARNING - ⏳ Backup ignorado (estado TERMINATED): Auto-backup for 2025-05-08 08:00:00 via policy: Citel_Diario07
2025-05-23 12:27:22,975 - INFO - 
🔍 Processando block volume: Bancos4_BR01-Restore3
2025-05-23 12:27:23,098 - WARNING - ⚠️ Tentativa 1: Limite de requisições. Aguardando 5s...
2025-05-23 12:27:29,710 - INFO - ✅ Backup criado: BlockBackup-Bancos4_BR01-Restore3-BKPAUTCITEL-20250523-1227
2025-05-23 12:27:30,266 - WARNING - ⏳ Backup ignorado (estado TERMINATED): Auto-backup for 2025-05-08 08:00:00 via policy: Citel_Diario07
2025-05-23 12:27:30,267 - INFO - 
🔍 Processando block volume: Banco3LinuxTSPlus1-Restore4
2025-05-23 12:27:30,741 - INFO - ✅ Backup criado: BlockBackup-Banco3LinuxTSPlus1-Restore4-BKPAUTCITEL-20250523-1227
2025-05-23 12:27:31,292 - WARNING - ⏳ Backup ignorado (estado TERMINATED): Auto-backup for 2025-05-08 08:00:00 via policy: Citel_Diario07
2025-05-23 12:27:31,292 - INFO - 
🔍 Processando block volume: Banco1LinuxTSPlus24-Restore
2025-05-23 12:27:31,414 - WARNING - ⚠️ Tentativa 1: Limite de requisições. Aguardando 5s...
2025-05-23 12:27:40,512 - WARNING - ⚠️ Tentativa 2: Limite de requisições. Aguardando 10s...
2025-05-23 12:27:54,888 - INFO - ✅ Backup criado: BlockBackup-Banco1LinuxTSPlus24-Restore-BKPAUTCITEL-20250523-1227
2025-05-23 12:27:55,470 - WARNING - ⏳ Backup ignorado (estado TERMINATED): Auto-backup for 2025-05-08 08:00:00 via policy: Citel_Diario07
2025-05-23 12:27:55,470 - INFO - 
🔍 Processando block volume: Banco1LinuxTSPlus22-Restore
2025-05-23 12:27:55,804 - INFO - ✅ Backup criado: BlockBackup-Banco1LinuxTSPlus22-Restore-BKPAUTCITEL-20250523-1227
2025-05-23 12:27:56,363 - WARNING - ⏳ Backup ignorado (estado TERMINATED): Auto-backup for 2025-05-08 08:00:00 via policy: Citel_Diario07
2025-05-23 12:27:56,363 - INFO - 
🔍 Processando block volume: Banco1LinuxTSPlus22-Restore
2025-05-23 12:27:56,642 - INFO - ✅ Backup criado: BlockBackup-Banco1LinuxTSPlus22-Restore-BKPAUTCITEL-20250523-1227
2025-05-23 12:27:57,187 - WARNING - ⏳ Backup ignorado (estado TERMINATED): Auto-backup for 2025-05-08 08:00:00 via policy: Citel_Diario07
2025-05-23 12:27:57,187 - INFO - 
🔍 Processando block volume: Banco3LinuxTSPlus22-Restore
2025-05-23 12:27:57,310 - WARNING - ⚠️ Tentativa 1: Limite de requisições. Aguardando 5s...
2025-05-23 12:28:06,615 - INFO - ✅ Backup criado: BlockBackup-Banco3LinuxTSPlus22-Restore-BKPAUTCITEL-20250523-1227
2025-05-23 12:28:07,185 - WARNING - ⏳ Backup ignorado (estado TERMINATED): Auto-backup for 2025-05-08 08:00:00 via policy: Citel_Diario07
2025-05-23 12:28:07,186 - INFO - 
🔍 Processando block volume: Banco2LinuxTSPlus22-Restore
2025-05-23 12:28:07,491 - INFO - ✅ Backup criado: BlockBackup-Banco2LinuxTSPlus22-Restore-BKPAUTCITEL-20250523-1228
2025-05-23 12:28:08,058 - WARNING - ⏳ Backup ignorado (estado TERMINATED): Auto-backup for 2025-05-08 08:00:00 via policy: Citel_Diario07
2025-05-23 12:28:08,059 - INFO - 
🔍 Processando block volume: LinuxData010-PalacioTKT651385
2025-05-23 12:28:08,364 - INFO - ✅ Backup criado: BlockBackup-LinuxData010-PalacioTKT651385-BKPAUTCITEL-20250523-1228
2025-05-23 12:28:08,931 - WARNING - ⏳ Backup ignorado (estado TERMINATED): Auto-backup for 2025-05-08 08:00:00 via policy: Citel_Diario07
2025-05-23 12:28:08,932 - INFO - 
🔍 Processando block volume: LinuxData010-Banco4
2025-05-23 12:28:09,227 - INFO - ✅ Backup criado: BlockBackup-LinuxData010-Banco4-BKPAUTCITEL-20250523-1228
2025-05-23 12:28:09,783 - WARNING - ⏳ Backup ignorado (estado TERMINATED): Auto-backup for 2025-05-08 08:00:00 via policy: Citel_Diario07
2025-05-23 12:28:09,783 - INFO - 
🔍 Processando block volume: LinuxData010-Banco5
2025-05-23 12:28:10,089 - INFO - ✅ Backup criado: BlockBackup-LinuxData010-Banco5-BKPAUTCITEL-20250523-1228
2025-05-23 12:28:10,648 - WARNING - ⏳ Backup ignorado (estado TERMINATED): Auto-backup for 2025-05-08 08:00:00 via policy: Citel_Diario07
2025-05-23 12:28:10,648 - INFO - 
🔍 Processando block volume: LinuxData010-GeB
2025-05-23 12:28:10,920 - INFO - ✅ Backup criado: BlockBackup-LinuxData010-GeB-BKPAUTCITEL-20250523-1228
2025-05-23 12:28:11,457 - WARNING - ⏳ Backup ignorado (estado TERMINATED): Auto-backup for 2025-05-08 08:00:00 via policy: Citel_Diario07
2025-05-23 12:28:11,457 - INFO - 
🔍 Processando block volume: LinuxData020-Banco3_BR20
2025-05-23 12:28:11,580 - WARNING - ⚠️ Tentativa 1: Limite de requisições. Aguardando 5s...
2025-05-23 12:28:18,764 - WARNING - ⚠️ Tentativa 2: Limite de requisições. Aguardando 10s...
2025-05-23 12:28:33,120 - INFO - ✅ Backup criado: BlockBackup-LinuxData020-Banco3_BR20-BKPAUTCITEL-20250523-1228
2025-05-23 12:28:33,670 - WARNING - ⏳ Backup ignorado (estado TERMINATED): Auto-backup for 2025-05-08 08:00:00 via policy: Citel_Diario07
2025-05-23 12:28:33,670 - INFO - 
🔍 Processando block volume: Banco3_BR20-RESTORE_FILES
2025-05-23 12:28:33,793 - WARNING - ⚠️ Tentativa 1: Limite de requisições. Aguardando 5s...
2025-05-23 12:28:43,652 - WARNING - ⚠️ Tentativa 2: Limite de requisições. Aguardando 10s...
2025-05-23 12:28:54,633 - INFO - ✅ Backup criado: BlockBackup-Banco3_BR20-RESTORE_FILES-BKPAUTCITEL-20250523-1228
2025-05-23 12:28:55,198 - INFO - 
🔍 Processando block volume: LinuxData030_clone06052025
2025-05-23 12:28:55,528 - INFO - ✅ Backup criado: BlockBackup-LinuxData030_clone06052025-BKPAUTCITEL-20250523-1228
2025-05-23 12:28:56,120 - INFO - 
🔍 Processando block volume: Restore_Teste_Bancos3_BR20
2025-05-23 12:28:56,452 - INFO - ✅ Backup criado: BlockBackup-Restore_Teste_Bancos3_BR20-BKPAUTCITEL-20250523-1228
2025-05-23 12:28:56,997 - INFO - 
🔍 Processando block volume: Restore Banco ComercialCarvalho
2025-05-23 12:28:57,280 - INFO - ✅ Backup criado: BlockBackup-Restore Banco ComercialCarvalho-BKPAUTCITEL-20250523-1228
2025-05-23 12:28:57,830 - INFO - 
🔍 Processando block volume: Restore Banco Fluzao
2025-05-23 12:28:58,111 - INFO - ✅ Backup criado: BlockBackup-Restore Banco Fluzao-BKPAUTCITEL-20250523-1228
2025-05-23 12:28:58,685 - INFO - 
🔍 Processando block volume: Restore Banco Suprema
2025-05-23 12:28:58,808 - WARNING - ⚠️ Tentativa 1: Limite de requisições. Aguardando 5s...
2025-05-23 12:29:07,905 - INFO - ✅ Backup criado: BlockBackup-Restore Banco Suprema-BKPAUTCITEL-20250523-1228
2025-05-23 12:29:08,454 - INFO - 
🔍 Processando block volume: BKP Fluzao Prudente
2025-05-23 12:29:08,743 - INFO - ✅ Backup criado: BlockBackup-BKP Fluzao Prudente-BKPAUTCITEL-20250523-1229
2025-05-23 12:29:09,284 - INFO - 
🔍 Processando block volume: LINUXDATA020-BANCO3-Testerecovery-14-05-2025
2025-05-23 12:29:09,553 - INFO - ✅ Backup criado: BlockBackup-LINUXDATA020-BANCO3-Testerecovery-14-05-2025-BKPAUTCITEL-20250523-1229
2025-05-23 12:29:10,093 - INFO - 
🔍 Processando block volume: Restore Banco BI Royal
2025-05-23 12:29:10,378 - INFO - ✅ Backup criado: BlockBackup-Restore Banco BI Royal-BKPAUTCITEL-20250523-1229
2025-05-23 12:29:10,934 - INFO - 
🔍 Processando block volume: Restore Banco BI Piso e Cia 
2025-05-23 12:29:11,056 - WARNING - ⚠️ Tentativa 1: Limite de requisições. Aguardando 5s...
2025-05-23 12:29:17,704 - INFO - ✅ Backup criado: BlockBackup-Restore Banco BI Piso e Cia -BKPAUTCITEL-20250523-1229
2025-05-23 12:29:18,280 - INFO - 
🔍 Processando block volume: Restore Banco BI Paratudo 
2025-05-23 12:29:18,610 - INFO - ✅ Backup criado: BlockBackup-Restore Banco BI Paratudo -BKPAUTCITEL-20250523-1229
2025-05-23 12:29:19,145 - INFO - 
🔍 Processando block volume: Restore Banco BI MaxVinil
2025-05-23 12:29:19,268 - WARNING - ⚠️ Tentativa 1: Limite de requisições. Aguardando 5s...
2025-05-23 12:29:25,681 - INFO - ✅ Backup criado: BlockBackup-Restore Banco BI MaxVinil-BKPAUTCITEL-20250523-1229
2025-05-23 12:29:26,226 - INFO - 
🔍 Processando block volume: Restore Banco BI Vermat
2025-05-23 12:29:26,348 - WARNING - ⚠️ Tentativa 1: Limite de requisições. Aguardando 5s...
2025-05-23 12:29:34,279 - INFO - ✅ Backup criado: BlockBackup-Restore Banco BI Vermat-BKPAUTCITEL-20250523-1229
2025-05-23 12:29:34,820 - INFO - 
🔍 Processando block volume: Restore Banco BI Perin
2025-05-23 12:29:34,942 - WARNING - ⚠️ Tentativa 1: Limite de requisições. Aguardando 5s...
2025-05-23 12:29:41,263 - WARNING - ⚠️ Tentativa 2: Limite de requisições. Aguardando 10s...
2025-05-23 12:29:54,742 - INFO - ✅ Backup criado: BlockBackup-Restore Banco BI Perin-BKPAUTCITEL-20250523-1229
2025-05-23 12:29:55,279 - INFO - 
🔍 Processando block volume: Restore Banco BI AtacadaoPT
2025-05-23 12:29:55,637 - INFO - ✅ Backup criado: BlockBackup-Restore Banco BI AtacadaoPT-BKPAUTCITEL-20250523-1229
2025-05-23 12:29:56,173 - INFO - 
🔍 Processando block volume: Restore Banco BI Agrocac
2025-05-23 12:29:56,503 - INFO - ✅ Backup criado: BlockBackup-Restore Banco BI Agrocac-BKPAUTCITEL-20250523-1229
2025-05-23 12:29:57,038 - INFO - 
🔍 Processando block volume: Restore Banco BI PadraoPVC
2025-05-23 12:29:57,316 - INFO - ✅ Backup criado: BlockBackup-Restore Banco BI PadraoPVC-BKPAUTCITEL-20250523-1229
2025-05-23 12:29:57,843 - INFO - 
🔍 Processando block volume: Restore Banco BI Rezende
2025-05-23 12:29:57,966 - WARNING - ⚠️ Tentativa 1: Limite de requisições. Aguardando 5s...
2025-05-23 12:30:07,157 - INFO - ✅ Backup criado: BlockBackup-Restore Banco BI Rezende-BKPAUTCITEL-20250523-1229
2025-05-23 12:30:07,706 - INFO - 
🔍 Processando block volume: Restore Banco BI MadMapa
2025-05-23 12:30:08,171 - INFO - ✅ Backup criado: BlockBackup-Restore Banco BI MadMapa-BKPAUTCITEL-20250523-1230
2025-05-23 12:30:08,699 - INFO - 
🔍 Processando block volume: Restore Banco BI Santana
2025-05-23 12:30:08,822 - WARNING - ⚠️ Tentativa 1: Limite de requisições. Aguardando 5s...
2025-05-23 12:30:17,902 - INFO - ✅ Backup criado: BlockBackup-Restore Banco BI Santana-BKPAUTCITEL-20250523-1230
2025-05-23 12:30:18,437 - INFO - 
🔍 Processando block volume: Restore Banco BI VarejaodasTintas
2025-05-23 12:30:18,563 - WARNING - ⚠️ Tentativa 1: Limite de requisições. Aguardando 5s...
2025-05-23 12:30:24,692 - INFO - ✅ Backup criado: BlockBackup-Restore Banco BI VarejaodasTintas-BKPAUTCITEL-20250523-1230
2025-05-23 12:30:25,242 - INFO - 
🔍 Processando block volume: Restore Banco BI ElloTintas
2025-05-23 12:30:25,535 - INFO - ✅ Backup criado: BlockBackup-Restore Banco BI ElloTintas-BKPAUTCITEL-20250523-1230
2025-05-23 12:30:26,070 - INFO - 
🔍 Processando block volume: Restore Banco BI Moto One
2025-05-23 12:30:26,193 - WARNING - ⚠️ Tentativa 1: Limite de requisições. Aguardando 5s...
2025-05-23 12:30:35,833 - INFO - ✅ Backup criado: BlockBackup-Restore Banco BI Moto One-BKPAUTCITEL-20250523-1230
2025-05-23 12:30:36,364 - INFO - 
🔍 Processando block volume: Restore Banco BI OLV
2025-05-23 12:30:36,643 - INFO - ✅ Backup criado: BlockBackup-Restore Banco BI OLV-BKPAUTCITEL-20250523-1230
2025-05-23 12:30:37,183 - INFO - 
🔍 Processando block volume: Restore Banco BI Construilma
2025-05-23 12:30:37,306 - WARNING - ⚠️ Tentativa 1: Limite de requisições. Aguardando 5s...
2025-05-23 12:30:46,781 - INFO - ✅ Backup criado: BlockBackup-Restore Banco BI Construilma-BKPAUTCITEL-20250523-1230
2025-05-23 12:30:47,323 - INFO - 
🔍 Processando block volume: Restore Banco BI Baytek
2025-05-23 12:30:47,446 - WARNING - ⚠️ Tentativa 1: Limite de requisições. Aguardando 5s...
2025-05-23 12:30:53,873 - INFO - ✅ Backup criado: BlockBackup-Restore Banco BI Baytek-BKPAUTCITEL-20250523-1230
2025-05-23 12:30:54,410 - INFO - 
🔍 Processando block volume: Restore Banco BI Soldage
2025-05-23 12:30:54,707 - INFO - ✅ Backup criado: BlockBackup-Restore Banco BI Soldage-BKPAUTCITEL-20250523-1230
2025-05-23 12:30:55,238 - INFO - 
🔍 Processando block volume: Banco Restore BI Rizato
2025-05-23 12:30:55,361 - WARNING - ⚠️ Tentativa 1: Limite de requisições. Aguardando 5s...
2025-05-23 12:31:04,043 - WARNING - ⚠️ Tentativa 2: Limite de requisições. Aguardando 10s...
2025-05-23 12:31:18,219 - INFO - ✅ Backup criado: BlockBackup-Banco Restore BI Rizato-BKPAUTCITEL-20250523-1230
2025-05-23 12:31:18,761 - INFO - 
🔍 Processando block volume: Restore Banco BI Colomarti
2025-05-23 12:31:18,885 - WARNING - ⚠️ Tentativa 1: Limite de requisições. Aguardando 5s...
2025-05-23 12:31:28,676 - INFO - ✅ Backup criado: BlockBackup-Restore Banco BI Colomarti-BKPAUTCITEL-20250523-1231
2025-05-23 12:31:29,227 - INFO - 
🔍 Processando block volume: HD BKP BI Gasparzinho
2025-05-23 12:31:29,510 - INFO - ✅ Backup criado: BlockBackup-HD BKP BI Gasparzinho-BKPAUTCITEL-20250523-1231
2025-05-23 12:31:30,063 - INFO - 
🔍 Processando block volume: Banco_srvEstrategico
2025-05-23 12:31:30,189 - WARNING - ⚠️ Tentativa 1: Limite de requisições. Aguardando 5s...
2025-05-23 12:31:36,240 - INFO - ✅ Backup criado: BlockBackup-Banco_srvEstrategico-BKPAUTCITEL-20250523-1231
2025-05-23 12:31:36,785 - INFO - 
🔍 Processando block volume: Restore banco Palmas bkp2 
2025-05-23 12:31:37,144 - INFO - ✅ Backup criado: BlockBackup-Restore banco Palmas bkp2 -BKPAUTCITEL-20250523-1231
2025-05-23 12:31:37,728 - INFO - 
🔍 Processando block volume: Restore Banco 2B bkp2
2025-05-23 12:31:38,018 - INFO - ✅ Backup criado: BlockBackup-Restore Banco 2B bkp2-BKPAUTCITEL-20250523-1231
2025-05-23 12:31:38,554 - INFO - 
🔍 Processando block volume: Restore Banco BI Refrigas2
2025-05-23 12:31:38,836 - INFO - ✅ Backup criado: BlockBackup-Restore Banco BI Refrigas2-BKPAUTCITEL-20250523-1231
2025-05-23 12:31:39,373 - INFO - 
🔍 Processando block volume: BKP Valclei tkt 1076246
2025-05-23 12:31:39,499 - WARNING - ⚠️ Tentativa 1: Limite de requisições. Aguardando 5s...
2025-05-23 12:31:49,851 - INFO - ✅ Backup criado: BlockBackup-BKP Valclei tkt 1076246-BKPAUTCITEL-20250523-1231
2025-05-23 12:31:50,391 - INFO - 
✅ Execução concluída com sucesso
