2025-05-26 19:03:41,789 - INFO - 
🔍 Processando boot volume: LinuxTSPlus20
2025-05-26 19:03:42,101 - INFO - ✅ Backup criado: BootBackup-LinuxTSPlus20-BKPAUTCITEL-20250526-1903
2025-05-26 19:03:42,394 - WARNING - ⏳ Backup ignorado (estado TERMINATED): Auto-backup for 2025-05-11 08:00:00 via policy: Citel_Diario04
2025-05-26 19:03:42,395 - INFO - 
🔍 Processando boot volume: LinuxTSPlus1
2025-05-26 19:03:42,673 - INFO - ✅ Backup criado: BootBackup-LinuxTSPlus1-BKPAUTCITEL-20250526-1903
2025-05-26 19:03:43,380 - WARNING - ⏳ Backup ignorado (estado TERMINATED): Auto-backup for 2025-05-11 08:00:00 via policy: Citel_Diario04
2025-05-26 19:03:43,380 - INFO - 
🔍 Processando boot volume: LinuxTSPlus2
2025-05-26 19:03:43,707 - INFO - ✅ Backup criado: BootBackup-LinuxTSPlus2-BKPAUTCITEL-20250526-1903
2025-05-26 19:03:44,395 - WARNING - ⏳ Backup ignorado (estado TERMINATED): Auto-backup for 2025-05-11 08:00:00 via policy: Citel_Diario04
2025-05-26 19:03:44,395 - INFO - 
🔍 Processando boot volume: Temp-Subida_G_e_B (Boot Volume)
2025-05-26 19:03:44,707 - INFO - ✅ Backup criado: BootBackup-Temp-Subida_G_e_B (Boot Volume)-BKPAUTCITEL-20250526-1903
2025-05-26 19:03:45,364 - WARNING - ⏳ Backup ignorado (estado TERMINATED): Auto-backup for 2025-05-11 08:00:00 via policy: Citel_Diario04
2025-05-26 19:03:45,364 - INFO - 
🔍 Processando boot volume: Banco_BelaTintas (Boot Volume)
2025-05-26 19:03:45,489 - WARNING - ⚠️ Tentativa 1: Limite de requisições. Aguardando 1s...
2025-05-26 19:03:47,395 - INFO - ✅ Backup criado: BootBackup-Banco_BelaTintas (Boot Volume)-BKPAUTCITEL-20250526-1903
2025-05-26 19:03:48,076 - WARNING - ⏳ Backup ignorado (estado TERMINATED): Auto-backup for 2025-05-11 08:00:00 via policy: Citel_Diario04
2025-05-26 19:03:48,076 - INFO - 
🔍 Processando boot volume: LinuxTSPlus65_boot_clone2904
2025-05-26 19:03:48,436 - INFO - ✅ Backup criado: BootBackup-LinuxTSPlus65_boot_clone2904-BKPAUTCITEL-20250526-1903
2025-05-26 19:03:49,105 - WARNING - ⏳ Backup ignorado (estado TERMINATED): Auto-backup for 2025-05-11 08:00:00 via policy: Citel_Diario04
2025-05-26 19:03:49,106 - INFO - 
🔍 Processando boot volume: LinuxTSPlus72_boot_clone2904
2025-05-26 19:03:49,232 - WARNING - ⚠️ Tentativa 1: Limite de requisições. Aguardando 1s...
2025-05-26 19:03:54,453 - INFO - ✅ Backup criado: BootBackup-LinuxTSPlus72_boot_clone2904-BKPAUTCITEL-20250526-1903
2025-05-26 19:03:55,112 - WARNING - ⏳ Backup ignorado (estado TERMINATED): Auto-backup for 2025-05-11 08:00:00 via policy: Citel_Diario04
2025-05-26 19:03:55,113 - INFO - 
🔍 Processando boot volume: Linux-checkdisks (Boot Volume)
2025-05-26 19:03:55,595 - INFO - ✅ Backup criado: BootBackup-Linux-checkdisks (Boot Volume)-BKPAUTCITEL-20250526-1903
2025-05-26 19:03:56,276 - INFO - 
🔍 Processando boot volume: LinuxDataBelaTintas
2025-05-26 19:03:56,586 - INFO - ✅ Backup criado: BootBackup-LinuxDataBelaTintas-BKPAUTCITEL-20250526-1903
2025-05-26 19:03:57,250 - WARNING - ⏳ Backup ignorado (estado TERMINATED): Auto-backup for 2025-05-11 08:00:00 via policy: Citel_Diario04
2025-05-26 19:03:57,251 - INFO - 
🔍 Processando boot volume: LinuxData010
2025-05-26 19:03:57,380 - WARNING - ⚠️ Tentativa 1: Limite de requisições. Aguardando 1s...
2025-05-26 19:04:02,428 - WARNING - ⚠️ Tentativa 2: Limite de requisições. Aguardando 2s...
2025-05-26 19:04:07,089 - INFO - ✅ Backup criado: BootBackup-LinuxData010-BKPAUTCITEL-20250526-1903
2025-05-26 19:04:07,738 - WARNING - ⏳ Backup ignorado (estado TERMINATED): Auto-backup for 2025-05-11 08:00:00 via policy: Citel_Diario04
2025-05-26 19:04:07,739 - INFO - 
🔍 Processando boot volume: LinuxData025
2025-05-26 19:04:07,866 - WARNING - ⚠️ Tentativa 1: Limite de requisições. Aguardando 1s...
2025-05-26 19:04:09,612 - INFO - ✅ Backup criado: BootBackup-LinuxData025-BKPAUTCITEL-20250526-1904
2025-05-26 19:04:10,263 - WARNING - ⏳ Backup ignorado (estado TERMINATED): Auto-backup for 2025-05-11 08:00:00 via policy: Citel_Diario04
2025-05-26 19:04:10,263 - INFO - 
🔍 Processando boot volume: LinuxData004
2025-05-26 19:04:10,388 - WARNING - ⚠️ Tentativa 1: Limite de requisições. Aguardando 1s...
2025-05-26 19:04:15,333 - INFO - ✅ Backup criado: BootBackup-LinuxData004-BKPAUTCITEL-20250526-1904
2025-05-26 19:04:15,997 - WARNING - ⏳ Backup ignorado (estado TERMINATED): Auto-backup for 2025-05-11 08:00:00 via policy: Citel_Diario04
2025-05-26 19:04:15,998 - INFO - 
🔍 Processando boot volume: LinuxData005
2025-05-26 19:04:16,122 - WARNING - ⚠️ Tentativa 1: Limite de requisições. Aguardando 1s...
2025-05-26 19:04:20,917 - WARNING - ⚠️ Tentativa 2: Limite de requisições. Aguardando 2s...
2025-05-26 19:04:25,341 - INFO - ✅ Backup criado: BootBackup-LinuxData005-BKPAUTCITEL-20250526-1904
2025-05-26 19:04:25,999 - WARNING - ⏳ Backup ignorado (estado TERMINATED): Auto-backup for 2025-05-11 08:00:00 via policy: Citel_Diario04
2025-05-26 19:04:26,000 - INFO - 
🔍 Processando boot volume: LinuxData012
2025-05-26 19:04:26,330 - INFO - ✅ Backup criado: BootBackup-LinuxData012-BKPAUTCITEL-20250526-1904
2025-05-26 19:04:26,997 - WARNING - ⏳ Backup ignorado (estado TERMINATED): Auto-backup for 2025-05-11 08:00:00 via policy: Citel_Diario04
2025-05-26 19:04:26,998 - INFO - 
🔍 Processando boot volume: LinuxData006
2025-05-26 19:04:27,292 - INFO - ✅ Backup criado: BootBackup-LinuxData006-BKPAUTCITEL-20250526-1904
2025-05-26 19:04:27,949 - WARNING - ⏳ Backup ignorado (estado TERMINATED): Auto-backup for 2025-05-11 08:00:00 via policy: Citel_Diario04
2025-05-26 19:04:27,949 - INFO - 
🔍 Processando boot volume: LinuxData013
2025-05-26 19:04:28,259 - INFO - ✅ Backup criado: BootBackup-LinuxData013-BKPAUTCITEL-20250526-1904
2025-05-26 19:04:28,932 - WARNING - ⏳ Backup ignorado (estado TERMINATED): Auto-backup for 2025-05-11 08:00:00 via policy: Citel_Diario04
2025-05-26 19:04:28,933 - INFO - 
🔍 Processando boot volume: LinuxData011
2025-05-26 19:04:29,058 - WARNING - ⚠️ Tentativa 1: Limite de requisições. Aguardando 1s...
2025-05-26 19:04:31,739 - INFO - ✅ Backup criado: BootBackup-LinuxData011-BKPAUTCITEL-20250526-1904
2025-05-26 19:04:32,410 - WARNING - ⏳ Backup ignorado (estado TERMINATED): Auto-backup for 2025-05-11 08:00:00 via policy: Citel_Diario04
2025-05-26 19:04:32,410 - INFO - 
🔍 Processando boot volume: LinuxData008
2025-05-26 19:04:32,539 - WARNING - ⚠️ Tentativa 1: Limite de requisições. Aguardando 1s...
2025-05-26 19:04:37,627 - INFO - ✅ Backup criado: BootBackup-LinuxData008-BKPAUTCITEL-20250526-1904
2025-05-26 19:04:38,254 - WARNING - ⏳ Backup ignorado (estado TERMINATED): Auto-backup for 2025-05-11 08:00:00 via policy: Citel_Diario04
2025-05-26 19:04:38,254 - INFO - 
🔍 Processando boot volume: LinuxData007
2025-05-26 19:04:38,541 - INFO - ✅ Backup criado: BootBackup-LinuxData007-BKPAUTCITEL-20250526-1904
2025-05-26 19:04:39,189 - WARNING - ⏳ Backup ignorado (estado TERMINATED): Auto-backup for 2025-05-11 08:00:00 via policy: Citel_Diario04
2025-05-26 19:04:39,189 - INFO - 
🔍 Processando boot volume: LinuxData055
2025-05-26 19:04:39,520 - INFO - ✅ Backup criado: BootBackup-LinuxData055-BKPAUTCITEL-20250526-1904
2025-05-26 19:04:40,140 - WARNING - ⏳ Backup ignorado (estado TERMINATED): Auto-backup for 2025-05-11 08:00:00 via policy: Citel_Diario04
2025-05-26 19:04:40,141 - INFO - 
🔍 Processando boot volume: LinuxData009
2025-05-26 19:04:40,265 - WARNING - ⚠️ Tentativa 1: Limite de requisições. Aguardando 1s...
2025-05-26 19:04:43,491 - WARNING - ⚠️ Tentativa 2: Limite de requisições. Aguardando 2s...
2025-05-26 19:04:47,221 - INFO - ✅ Backup criado: BootBackup-LinuxData009-BKPAUTCITEL-20250526-1904
2025-05-26 19:04:47,878 - WARNING - ⏳ Backup ignorado (estado TERMINATED): Auto-backup for 2025-05-11 08:00:00 via policy: Citel_Diario04
2025-05-26 19:04:47,878 - INFO - 
🔍 Processando boot volume: LinuxData014
2025-05-26 19:04:48,002 - WARNING - ⚠️ Tentativa 1: Limite de requisições. Aguardando 1s...
2025-05-26 19:04:54,679 - INFO - ✅ Backup criado: BootBackup-LinuxData014-BKPAUTCITEL-20250526-1904
2025-05-26 19:04:55,326 - WARNING - ⏳ Backup ignorado (estado TERMINATED): Auto-backup for 2025-05-11 08:00:00 via policy: Citel_Diario04
2025-05-26 19:04:55,326 - INFO - 
🔍 Processando boot volume: LinuxData050
2025-05-26 19:04:55,452 - WARNING - ⚠️ Tentativa 1: Limite de requisições. Aguardando 1s...
2025-05-26 19:04:59,904 - WARNING - ⚠️ Tentativa 2: Limite de requisições. Aguardando 2s...
2025-05-26 19:05:04,637 - INFO - ✅ Backup criado: BootBackup-LinuxData050-BKPAUTCITEL-20250526-1904
2025-05-26 19:05:05,314 - WARNING - ⏳ Backup ignorado (estado TERMINATED): Auto-backup for 2025-05-11 08:00:00 via policy: Citel_Diario04
2025-05-26 19:05:05,314 - INFO - 
🔍 Processando boot volume: LinuxData018
2025-05-26 19:05:05,665 - INFO - ✅ Backup criado: BootBackup-LinuxData018-BKPAUTCITEL-20250526-1905
2025-05-26 19:05:06,330 - WARNING - ⏳ Backup ignorado (estado TERMINATED): Auto-backup for 2025-05-11 08:00:00 via policy: Citel_Diario04
2025-05-26 19:05:06,331 - INFO - 
🔍 Processando boot volume: LinuxData016
2025-05-26 19:05:06,457 - WARNING - ⚠️ Tentativa 1: Limite de requisições. Aguardando 1s...
2025-05-26 19:05:12,827 - INFO - ✅ Backup criado: BootBackup-LinuxData016-BKPAUTCITEL-20250526-1905
2025-05-26 19:05:13,477 - WARNING - ⏳ Backup ignorado (estado TERMINATED): Auto-backup for 2025-05-11 08:00:00 via policy: Citel_Diario04
2025-05-26 19:05:13,478 - INFO - 
🔍 Processando boot volume: LinuxData059
2025-05-26 19:05:13,602 - WARNING - ⚠️ Tentativa 1: Limite de requisições. Aguardando 1s...
2025-05-26 19:05:16,698 - INFO - ✅ Backup criado: BootBackup-LinuxData059-BKPAUTCITEL-20250526-1905
2025-05-26 19:05:17,352 - WARNING - ⏳ Backup ignorado (estado TERMINATED): Auto-backup for 2025-05-11 08:00:00 via policy: Citel_Diario04
2025-05-26 19:05:17,352 - INFO - 
🔍 Processando boot volume: LinuxData037
2025-05-26 19:05:17,477 - WARNING - ⚠️ Tentativa 1: Limite de requisições. Aguardando 1s...
2025-05-26 19:05:19,395 - WARNING - ⚠️ Tentativa 2: Limite de requisições. Aguardando 2s...
2025-05-26 19:05:24,037 - INFO - ✅ Backup criado: BootBackup-LinuxData037-BKPAUTCITEL-20250526-1905
2025-05-26 19:05:24,716 - WARNING - ⏳ Backup ignorado (estado TERMINATED): Auto-backup for 2025-05-11 08:00:00 via policy: Citel_Diario04
2025-05-26 19:05:24,717 - INFO - 
🔍 Processando boot volume: LinuxData036
2025-05-26 19:05:25,023 - INFO - ✅ Backup criado: BootBackup-LinuxData036-BKPAUTCITEL-20250526-1905
2025-05-26 19:05:25,692 - WARNING - ⏳ Backup ignorado (estado TERMINATED): Auto-backup for 2025-05-11 08:00:00 via policy: Citel_Diario04
2025-05-26 19:05:25,693 - INFO - 
🔍 Processando boot volume: LinuxData017
2025-05-26 19:05:26,043 - INFO - ✅ Backup criado: BootBackup-LinuxData017-BKPAUTCITEL-20250526-1905
2025-05-26 19:05:26,762 - WARNING - ⏳ Backup ignorado (estado TERMINATED): Auto-backup for 2025-05-11 08:00:00 via policy: Citel_Diario04
2025-05-26 19:05:26,763 - INFO - 
🔍 Processando boot volume: LinuxData041
2025-05-26 19:05:27,119 - INFO - ✅ Backup criado: BootBackup-LinuxData041-BKPAUTCITEL-20250526-1905
2025-05-26 19:05:27,776 - WARNING - ⏳ Backup ignorado (estado TERMINATED): Auto-backup for 2025-05-11 08:00:00 via policy: Citel_Diario04
2025-05-26 19:05:27,777 - INFO - 
🔍 Processando boot volume: LinuxData043
2025-05-26 19:05:27,901 - WARNING - ⚠️ Tentativa 1: Limite de requisições. Aguardando 1s...
2025-05-26 19:05:30,440 - WARNING - ⚠️ Tentativa 2: Limite de requisições. Aguardando 2s...
2025-05-26 19:05:35,761 - WARNING - ⚠️ Tentativa 3: Limite de requisições. Aguardando 4s...
2025-05-26 19:05:42,810 - INFO - ✅ Backup criado: BootBackup-LinuxData043-BKPAUTCITEL-20250526-1905
2025-05-26 19:05:43,476 - WARNING - ⏳ Backup ignorado (estado TERMINATED): Auto-backup for 2025-05-11 08:00:00 via policy: Citel_Diario04
2025-05-26 19:05:43,476 - INFO - 
🔍 Processando boot volume: LinuxData048
2025-05-26 19:05:43,602 - WARNING - ⚠️ Tentativa 1: Limite de requisições. Aguardando 1s...
2025-05-26 19:05:45,895 - INFO - ✅ Backup criado: BootBackup-LinuxData048-BKPAUTCITEL-20250526-1905
2025-05-26 19:05:46,561 - WARNING - ⏳ Backup ignorado (estado TERMINATED): Auto-backup for 2025-05-11 08:00:00 via policy: Citel_Diario04
2025-05-26 19:05:46,561 - INFO - 
🔍 Processando boot volume: LinuxData032
2025-05-26 19:05:46,859 - INFO - ✅ Backup criado: BootBackup-LinuxData032-BKPAUTCITEL-20250526-1905
2025-05-26 19:05:47,505 - WARNING - ⏳ Backup ignorado (estado TERMINATED): Auto-backup for 2025-05-11 08:00:00 via policy: Citel_Diario04
2025-05-26 19:05:47,505 - INFO - 
🔍 Processando boot volume: LinuxData033
2025-05-26 19:05:47,879 - INFO - ✅ Backup criado: BootBackup-LinuxData033-BKPAUTCITEL-20250526-1905
2025-05-26 19:05:48,548 - WARNING - ⏳ Backup ignorado (estado TERMINATED): Auto-backup for 2025-05-11 08:00:00 via policy: Citel_Diario04
2025-05-26 19:05:48,549 - INFO - 
🔍 Processando boot volume: LinuxData034
2025-05-26 19:05:48,880 - INFO - ✅ Backup criado: BootBackup-LinuxData034-BKPAUTCITEL-20250526-1905
2025-05-26 19:05:49,516 - WARNING - ⏳ Backup ignorado (estado TERMINATED): Auto-backup for 2025-05-11 08:00:00 via policy: Citel_Diario04
2025-05-26 19:05:49,516 - INFO - 
🔍 Processando boot volume: LinuxData029
2025-05-26 19:05:49,641 - WARNING - ⚠️ Tentativa 1: Limite de requisições. Aguardando 1s...
2025-05-26 19:05:53,703 - WARNING - ⚠️ Tentativa 2: Limite de requisições. Aguardando 2s...
2025-05-26 19:06:00,802 - WARNING - ⚠️ Tentativa 3: Limite de requisições. Aguardando 4s...
2025-05-26 19:06:07,990 - INFO - ✅ Backup criado: BootBackup-LinuxData029-BKPAUTCITEL-20250526-1905
2025-05-26 19:06:08,700 - WARNING - ⏳ Backup ignorado (estado TERMINATED): Auto-backup for 2025-05-11 08:00:00 via policy: Citel_Diario04
2025-05-26 19:06:08,701 - INFO - 
🔍 Processando boot volume: LinuxData019
2025-05-26 19:06:08,825 - WARNING - ⚠️ Tentativa 1: Limite de requisições. Aguardando 1s...
2025-05-26 19:06:14,785 - WARNING - ⚠️ Tentativa 2: Limite de requisições. Aguardando 2s...
2025-05-26 19:06:20,966 - INFO - ✅ Backup criado: BootBackup-LinuxData019-BKPAUTCITEL-20250526-1906
2025-05-26 19:06:21,648 - WARNING - ⏳ Backup ignorado (estado TERMINATED): Auto-backup for 2025-05-11 08:00:00 via policy: Citel_Diario04
2025-05-26 19:06:21,649 - INFO - 
🔍 Processando boot volume: LinuxData021
2025-05-26 19:06:21,946 - INFO - ✅ Backup criado: BootBackup-LinuxData021-BKPAUTCITEL-20250526-1906
2025-05-26 19:06:22,658 - WARNING - ⏳ Backup ignorado (estado TERMINATED): Auto-backup for 2025-05-11 08:00:00 via policy: Citel_Diario04
2025-05-26 19:06:22,658 - INFO - 
🔍 Processando boot volume: LinuxData022
2025-05-26 19:06:22,994 - INFO - ✅ Backup criado: BootBackup-LinuxData022-BKPAUTCITEL-20250526-1906
2025-05-26 19:06:23,656 - WARNING - ⏳ Backup ignorado (estado TERMINATED): Auto-backup for 2025-05-11 08:00:00 via policy: Citel_Diario04
2025-05-26 19:06:23,657 - INFO - 
🔍 Processando boot volume: LinuxData024
2025-05-26 19:06:23,784 - WARNING - ⚠️ Tentativa 1: Limite de requisições. Aguardando 1s...
2025-05-26 19:06:26,471 - INFO - ✅ Backup criado: BootBackup-LinuxData024-BKPAUTCITEL-20250526-1906
2025-05-26 19:06:27,143 - WARNING - ⏳ Backup ignorado (estado TERMINATED): Auto-backup for 2025-05-11 08:00:00 via policy: Citel_Diario04
2025-05-26 19:06:27,143 - INFO - 
🔍 Processando boot volume: LinuxData020
2025-05-26 19:06:27,449 - INFO - ✅ Backup criado: BootBackup-LinuxData020-BKPAUTCITEL-20250526-1906
2025-05-26 19:06:28,118 - WARNING - ⏳ Backup ignorado (estado TERMINATED): Auto-backup for 2025-05-11 08:00:00 via policy: Citel_Diario04
2025-05-26 19:06:28,118 - INFO - 
🔍 Processando boot volume: LinuxData026
2025-05-26 19:06:28,246 - WARNING - ⚠️ Tentativa 1: Limite de requisições. Aguardando 1s...
2025-05-26 19:06:32,096 - WARNING - ⚠️ Tentativa 2: Limite de requisições. Aguardando 2s...
2025-05-26 19:06:36,944 - WARNING - ⚠️ Tentativa 3: Limite de requisições. Aguardando 4s...
2025-05-26 19:06:45,219 - INFO - ✅ Backup criado: BootBackup-LinuxData026-BKPAUTCITEL-20250526-1906
2025-05-26 19:06:45,880 - WARNING - ⏳ Backup ignorado (estado TERMINATED): Auto-backup for 2025-05-11 08:00:00 via policy: Citel_Diario04
2025-05-26 19:06:45,881 - INFO - 
🔍 Processando boot volume: LinuxData028
2025-05-26 19:06:46,005 - WARNING - ⚠️ Tentativa 1: Limite de requisições. Aguardando 1s...
2025-05-26 19:06:50,200 - INFO - ✅ Backup criado: BootBackup-LinuxData028-BKPAUTCITEL-20250526-1906
2025-05-26 19:06:50,835 - WARNING - ⏳ Backup ignorado (estado TERMINATED): Auto-backup for 2025-05-11 08:00:00 via policy: Citel_Diario04
2025-05-26 19:06:50,835 - INFO - 
🔍 Processando boot volume: LinuxData030
2025-05-26 19:06:50,959 - WARNING - ⚠️ Tentativa 1: Limite de requisições. Aguardando 1s...
2025-05-26 19:06:53,010 - INFO - ✅ Backup criado: BootBackup-LinuxData030-BKPAUTCITEL-20250526-1906
2025-05-26 19:06:53,667 - WARNING - ⏳ Backup ignorado (estado TERMINATED): Auto-backup for 2025-05-11 08:00:00 via policy: Citel_Diario04
2025-05-26 19:06:53,668 - INFO - 
🔍 Processando boot volume: LinuxData040
2025-05-26 19:06:53,980 - INFO - ✅ Backup criado: BootBackup-LinuxData040-BKPAUTCITEL-20250526-1906
2025-05-26 19:06:54,615 - WARNING - ⏳ Backup ignorado (estado TERMINATED): Auto-backup for 2025-05-11 08:00:00 via policy: Citel_Diario04
2025-05-26 19:06:54,616 - INFO - 
🔍 Processando boot volume: LinuxData065
2025-05-26 19:06:54,741 - WARNING - ⚠️ Tentativa 1: Limite de requisições. Aguardando 1s...
2025-05-26 19:06:58,306 - INFO - ✅ Backup criado: BootBackup-LinuxData065-BKPAUTCITEL-20250526-1906
2025-05-26 19:06:58,990 - WARNING - ⏳ Backup ignorado (estado TERMINATED): Auto-backup for 2025-05-11 08:00:00 via policy: Citel_Diario04
2025-05-26 19:06:58,990 - INFO - 
🔍 Processando boot volume: LinuxData072
2025-05-26 19:06:59,116 - WARNING - ⚠️ Tentativa 1: Limite de requisições. Aguardando 1s...
2025-05-26 19:07:03,250 - INFO - ✅ Backup criado: BootBackup-LinuxData072-BKPAUTCITEL-20250526-1906
2025-05-26 19:07:03,950 - WARNING - ⏳ Backup ignorado (estado TERMINATED): Auto-backup for 2025-05-11 08:00:00 via policy: Citel_Diario04
2025-05-26 19:07:03,950 - INFO - 
🔍 Processando boot volume: LinuxData001
2025-05-26 19:07:04,075 - WARNING - ⚠️ Tentativa 1: Limite de requisições. Aguardando 1s...
2025-05-26 19:07:07,807 - WARNING - ⚠️ Tentativa 2: Limite de requisições. Aguardando 2s...
2025-05-26 19:07:13,775 - INFO - ✅ Backup criado: BootBackup-LinuxData001-BKPAUTCITEL-20250526-1907
2025-05-26 19:07:14,428 - WARNING - ⏳ Backup ignorado (estado TERMINATED): Auto-backup for 2025-05-11 08:00:00 via policy: Citel_Diario04
2025-05-26 19:07:14,429 - INFO - 
🔍 Processando boot volume: LinuxData002
2025-05-26 19:07:14,554 - WARNING - ⚠️ Tentativa 1: Limite de requisições. Aguardando 1s...
2025-05-26 19:07:18,090 - WARNING - ⚠️ Tentativa 2: Limite de requisições. Aguardando 2s...
2025-05-26 19:07:23,293 - WARNING - ⚠️ Tentativa 3: Limite de requisições. Aguardando 4s...
2025-05-26 19:07:30,363 - INFO - ✅ Backup criado: BootBackup-LinuxData002-BKPAUTCITEL-20250526-1907
2025-05-26 19:07:31,039 - WARNING - ⏳ Backup ignorado (estado TERMINATED): Auto-backup for 2025-05-11 08:00:00 via policy: Citel_Diario04
2025-05-26 19:07:31,039 - INFO - 
🔍 Processando boot volume: LinuxTSPlus20_boot_clone0105
2025-05-26 19:07:31,164 - WARNING - ⚠️ Tentativa 1: Limite de requisições. Aguardando 1s...
2025-05-26 19:07:34,383 - INFO - ✅ Backup criado: BootBackup-LinuxTSPlus20_boot_clone0105-BKPAUTCITEL-20250526-1907
2025-05-26 19:07:35,041 - INFO - 
🔍 Processando boot volume: LinuxData013_clone06052025
2025-05-26 19:07:35,466 - INFO - ✅ Backup criado: BootBackup-LinuxData013_clone06052025-BKPAUTCITEL-20250526-1907
2025-05-26 19:07:36,145 - INFO - 
✅ Execução concluída com sucesso
