2025-05-26 13:07:56,428 - INFO - 
🔍 Processando block volume: LinuxTSPlus1
2025-05-26 13:07:56,731 - INFO - ✅ Backup criado: BlockBackup-LinuxTSPlus1-BKPAUTCITEL-20250526-1307
2025-05-26 13:07:57,342 - WARNING - ⏳ Backup ignorado (estado TERMINATED): Auto-backup for 2025-05-11 08:00:00 via policy: Citel_Diario07
2025-05-26 13:07:57,342 - INFO - 
🔍 Processando block volume: Banco1LinuxTSPlus2
2025-05-26 13:07:57,621 - INFO - ✅ Backup criado: BlockBackup-Banco1LinuxTSPlus2-BKPAUTCITEL-20250526-1307
2025-05-26 13:07:58,202 - WARNING - ⏳ Backup ignorado (estado TERMINATED): Auto-backup for 2025-05-11 08:00:00 via policy: Citel_Diario07
2025-05-26 13:07:58,203 - INFO - 
🔍 Processando block volume: Banco1LinuxTSPlus4
2025-05-26 13:07:58,525 - INFO - ✅ Backup criado: BlockBackup-Banco1LinuxTSPlus4-BKPAUTCITEL-20250526-1307
2025-05-26 13:07:59,115 - WARNING - ⏳ Backup ignorado (estado TERMINATED): Auto-backup for 2025-05-11 08:00:00 via policy: Citel_Diario07
2025-05-26 13:07:59,116 - INFO - 
🔍 Processando block volume: Banco1LinuxTSPlus20
2025-05-26 13:07:59,429 - INFO - ✅ Backup criado: BlockBackup-Banco1LinuxTSPlus20-BKPAUTCITEL-20250526-1307
2025-05-26 13:08:00,015 - WARNING - ⏳ Backup ignorado (estado TERMINATED): Auto-backup for 2025-05-11 08:00:00 via policy: Citel_Diario07
2025-05-26 13:08:00,015 - INFO - 
🔍 Processando block volume: Banco3LinuxTSPlus1
2025-05-26 13:08:00,376 - INFO - ✅ Backup criado: BlockBackup-Banco3LinuxTSPlus1-BKPAUTCITEL-20250526-1308
2025-05-26 13:08:00,953 - WARNING - ⏳ Backup ignorado (estado TERMINATED): Auto-backup for 2025-05-11 08:00:00 via policy: Citel_Diario07
2025-05-26 13:08:00,953 - INFO - 
🔍 Processando block volume: Banco_PalacioFerramentas
2025-05-26 13:08:01,080 - WARNING - ⚠️ Tentativa 1: Limite de requisições. Aguardando 5s...
2025-05-26 13:08:08,643 - INFO - ✅ Backup criado: BlockBackup-Banco_PalacioFerramentas-BKPAUTCITEL-20250526-1308
2025-05-26 13:08:09,222 - WARNING - ⏳ Backup ignorado (estado TERMINATED): Auto-backup for 2025-05-11 08:00:00 via policy: Citel_Diario07
2025-05-26 13:08:09,223 - INFO - 
🔍 Processando block volume: Banco1LinuxTSPlus25
2025-05-26 13:08:09,347 - WARNING - ⚠️ Tentativa 1: Limite de requisições. Aguardando 5s...
2025-05-26 13:08:15,732 - INFO - ✅ Backup criado: BlockBackup-Banco1LinuxTSPlus25-BKPAUTCITEL-20250526-1308
2025-05-26 13:08:16,324 - WARNING - ⏳ Backup ignorado (estado TERMINATED): Auto-backup for 2025-05-11 08:00:00 via policy: Citel_Diario07
2025-05-26 13:08:16,324 - INFO - 
🔍 Processando block volume: Banco1LinuxTSPlus30
2025-05-26 13:08:16,620 - INFO - ✅ Backup criado: BlockBackup-Banco1LinuxTSPlus30-BKPAUTCITEL-20250526-1308
2025-05-26 13:08:17,206 - WARNING - ⏳ Backup ignorado (estado TERMINATED): Auto-backup for 2025-05-11 08:00:00 via policy: Citel_Diario07
2025-05-26 13:08:17,207 - INFO - 
🔍 Processando block volume: Banco5LinuxTSPlus10
2025-05-26 13:08:17,490 - INFO - ✅ Backup criado: BlockBackup-Banco5LinuxTSPlus10-BKPAUTCITEL-20250526-1308
2025-05-26 13:08:18,075 - WARNING - ⏳ Backup ignorado (estado TERMINATED): Auto-backup for 2025-05-11 08:00:00 via policy: Citel_Diario07
2025-05-26 13:08:18,076 - INFO - 
🔍 Processando block volume: Banco2LinuxTSPlus20
2025-05-26 13:08:18,362 - INFO - ✅ Backup criado: BlockBackup-Banco2LinuxTSPlus20-BKPAUTCITEL-20250526-1308
2025-05-26 13:08:18,992 - WARNING - ⏳ Backup ignorado (estado TERMINATED): Auto-backup for 2025-05-11 08:00:00 via policy: Citel_Diario07
2025-05-26 13:08:18,997 - INFO - 
🔍 Processando block volume: Banco2BR24
2025-05-26 13:08:19,289 - INFO - ✅ Backup criado: BlockBackup-Banco2BR24-BKPAUTCITEL-20250526-1308
2025-05-26 13:08:19,856 - WARNING - ⏳ Backup ignorado (estado TERMINATED): Auto-backup for 2025-05-11 08:00:00 via policy: Citel_Diario07
2025-05-26 13:08:19,857 - INFO - 
🔍 Processando block volume: LinuxDataBelaTintas
2025-05-26 13:08:19,984 - WARNING - ⚠️ Tentativa 1: Limite de requisições. Aguardando 5s...
2025-05-26 13:08:30,434 - WARNING - ⚠️ Tentativa 2: Limite de requisições. Aguardando 10s...
2025-05-26 13:08:44,760 - INFO - ✅ Backup criado: BlockBackup-LinuxDataBelaTintas-BKPAUTCITEL-20250526-1308
2025-05-26 13:08:45,335 - WARNING - ⏳ Backup ignorado (estado TERMINATED): Auto-backup for 2025-05-11 08:00:00 via policy: Citel_Diario07
2025-05-26 13:08:45,336 - INFO - 
🔍 Processando block volume: Bancos2_BR02
2025-05-26 13:08:45,600 - INFO - ✅ Backup criado: BlockBackup-Bancos2_BR02-BKPAUTCITEL-20250526-1308
2025-05-26 13:08:46,165 - WARNING - ⏳ Backup ignorado (estado TERMINATED): Auto-backup for 2025-05-11 08:00:00 via policy: Citel_Diario07
2025-05-26 13:08:46,165 - INFO - 
🔍 Processando block volume: Bancos4_BR01
2025-05-26 13:08:46,290 - WARNING - ⚠️ Tentativa 1: Limite de requisições. Aguardando 5s...
2025-05-26 13:08:53,560 - INFO - ✅ Backup criado: BlockBackup-Bancos4_BR01-BKPAUTCITEL-20250526-1308
2025-05-26 13:08:54,165 - WARNING - ⏳ Backup ignorado (estado TERMINATED): Auto-backup for 2025-05-11 08:00:00 via policy: Citel_Diario07
2025-05-26 13:08:54,166 - INFO - 
🔍 Processando block volume: BKO Palacio TKT 651385
2025-05-26 13:08:54,292 - WARNING - ⚠️ Tentativa 1: Limite de requisições. Aguardando 5s...
2025-05-26 13:09:02,877 - INFO - ✅ Backup criado: BlockBackup-BKO Palacio TKT 651385-BKPAUTCITEL-20250526-1308
2025-05-26 13:09:03,441 - WARNING - ⏳ Backup ignorado (estado TERMINATED): Auto-backup for 2025-05-11 08:00:00 via policy: Citel_Diario04
2025-05-26 13:09:03,441 - INFO - 
🔍 Processando block volume: Bancos3_BR25
2025-05-26 13:09:03,754 - INFO - ✅ Backup criado: BlockBackup-Bancos3_BR25-BKPAUTCITEL-20250526-1309
2025-05-26 13:09:04,324 - WARNING - ⏳ Backup ignorado (estado TERMINATED): Auto-backup for 2025-05-11 08:00:00 via policy: Citel_Diario07
2025-05-26 13:09:04,325 - INFO - 
🔍 Processando block volume: GeB
2025-05-26 13:09:04,450 - WARNING - ⚠️ Tentativa 1: Limite de requisições. Aguardando 5s...
2025-05-26 13:09:13,620 - WARNING - ⚠️ Tentativa 2: Limite de requisições. Aguardando 10s...
2025-05-26 13:09:29,166 - INFO - ✅ Backup criado: BlockBackup-GeB-BKPAUTCITEL-20250526-1309
2025-05-26 13:09:29,766 - WARNING - ⏳ Backup ignorado (estado TERMINATED): Auto-backup for 2025-05-11 08:00:00 via policy: Citel_Diario07
2025-05-26 13:09:29,767 - INFO - 
🔍 Processando block volume: Banco3_BR20
2025-05-26 13:09:30,066 - INFO - ✅ Backup criado: BlockBackup-Banco3_BR20-BKPAUTCITEL-20250526-1309
2025-05-26 13:09:30,619 - WARNING - ⏳ Backup ignorado (estado TERMINATED): Auto-backup for 2025-05-11 08:00:00 via policy: Citel_Diario07
2025-05-26 13:09:30,619 - INFO - 
🔍 Processando block volume: Banco_Darka
2025-05-26 13:09:30,909 - INFO - ✅ Backup criado: BlockBackup-Banco_Darka-BKPAUTCITEL-20250526-1309
2025-05-26 13:09:31,480 - WARNING - ⏳ Backup ignorado (estado TERMINATED): Auto-backup for 2025-05-11 08:00:00 via policy: Citel_Diario07
2025-05-26 13:09:31,480 - INFO - 
🔍 Processando block volume: Banco4LinuxTSPlus20
2025-05-26 13:09:31,776 - INFO - ✅ Backup criado: BlockBackup-Banco4LinuxTSPlus20-BKPAUTCITEL-20250526-1309
2025-05-26 13:09:32,368 - WARNING - ⏳ Backup ignorado (estado TERMINATED): Auto-backup for 2025-05-11 08:00:00 via policy: Citel_Diario07
2025-05-26 13:09:32,369 - INFO - 
🔍 Processando block volume: BackupGeB
2025-05-26 13:09:32,636 - INFO - ✅ Backup criado: BlockBackup-BackupGeB-BKPAUTCITEL-20250526-1309
2025-05-26 13:09:33,201 - WARNING - ⏳ Backup ignorado (estado TERMINATED): Auto-backup for 2025-05-11 08:00:00 via policy: Citel_Diario07
2025-05-26 13:09:33,201 - INFO - 
🔍 Processando block volume: BancoGeB
2025-05-26 13:09:33,487 - INFO - ✅ Backup criado: BlockBackup-BancoGeB-BKPAUTCITEL-20250526-1309
2025-05-26 13:09:34,068 - WARNING - ⏳ Backup ignorado (estado TERMINATED): Auto-backup for 2025-05-11 08:00:00 via policy: Citel_Diario07
2025-05-26 13:09:34,069 - INFO - 
🔍 Processando block volume: Bancos5_BR1
2025-05-26 13:09:34,354 - INFO - ✅ Backup criado: BlockBackup-Bancos5_BR1-BKPAUTCITEL-20250526-1309
2025-05-26 13:09:34,931 - WARNING - ⏳ Backup ignorado (estado TERMINATED): Auto-backup for 2025-05-11 08:00:00 via policy: Citel_Diario07
2025-05-26 13:09:34,931 - INFO - 
🔍 Processando block volume: BackupCoresVivas TKT 902822
2025-05-26 13:09:35,264 - INFO - ✅ Backup criado: BlockBackup-BackupCoresVivas TKT 902822-BKPAUTCITEL-20250526-1309
2025-05-26 13:09:35,833 - WARNING - ⏳ Backup ignorado (estado TERMINATED): Auto-backup for 2025-05-11 08:00:00 via policy: Citel_Diario07
2025-05-26 13:09:35,834 - INFO - 
🔍 Processando block volume: bkpBoomerVinicius
2025-05-26 13:09:35,959 - WARNING - ⚠️ Tentativa 1: Limite de requisições. Aguardando 5s...
2025-05-26 13:09:45,438 - INFO - ✅ Backup criado: BlockBackup-bkpBoomerVinicius-BKPAUTCITEL-20250526-1309
2025-05-26 13:09:46,006 - WARNING - ⏳ Backup ignorado (estado TERMINATED): Auto-backup for 2025-05-11 08:00:00 via policy: Citel_Diario07
2025-05-26 13:09:46,006 - INFO - 
🔍 Processando block volume: GeB2
2025-05-26 13:09:46,300 - INFO - ✅ Backup criado: BlockBackup-GeB2-BKPAUTCITEL-20250526-1309
2025-05-26 13:09:46,878 - WARNING - ⏳ Backup ignorado (estado TERMINATED): Auto-backup for 2025-05-11 08:00:00 via policy: Citel_Diario07
2025-05-26 13:09:46,878 - INFO - 
🔍 Processando block volume: bkpParque1014464
2025-05-26 13:09:47,154 - INFO - ✅ Backup criado: BlockBackup-bkpParque1014464-BKPAUTCITEL-20250526-1309
2025-05-26 13:09:47,715 - WARNING - ⏳ Backup ignorado (estado TERMINATED): Auto-backup for 2025-05-11 08:00:00 via policy: Citel_Diario07
2025-05-26 13:09:47,716 - INFO - 
🔍 Processando block volume: bkpPedrao1020442
2025-05-26 13:09:48,051 - INFO - ✅ Backup criado: BlockBackup-bkpPedrao1020442-BKPAUTCITEL-20250526-1309
2025-05-26 13:09:48,620 - WARNING - ⏳ Backup ignorado (estado TERMINATED): Auto-backup for 2025-05-11 08:00:00 via policy: Citel_Diario07
2025-05-26 13:09:48,621 - INFO - 
🔍 Processando block volume: Backup_BR34_1031161
2025-05-26 13:09:48,906 - INFO - ✅ Backup criado: BlockBackup-Backup_BR34_1031161-BKPAUTCITEL-20250526-1309
2025-05-26 13:09:49,477 - WARNING - ⏳ Backup ignorado (estado TERMINATED): Auto-backup for 2025-05-11 08:00:00 via policy: Citel_Diario07
2025-05-26 13:09:49,478 - INFO - 
🔍 Processando block volume: GeB BancoTeste tkt 1048932
2025-05-26 13:09:49,602 - WARNING - ⚠️ Tentativa 1: Limite de requisições. Aguardando 5s...
2025-05-26 13:09:56,439 - WARNING - ⚠️ Tentativa 2: Limite de requisições. Aguardando 10s...
2025-05-26 13:10:09,858 - INFO - ✅ Backup criado: BlockBackup-GeB BancoTeste tkt 1048932-BKPAUTCITEL-20250526-1309
2025-05-26 13:10:10,433 - WARNING - ⏳ Backup ignorado (estado TERMINATED): Auto-backup for 2025-05-11 08:00:00 via policy: Citel_Diario07
2025-05-26 13:10:10,433 - INFO - 
🔍 Processando block volume: Banco1LinuxTSPlus11_clone2904
2025-05-26 13:10:10,761 - INFO - ✅ Backup criado: BlockBackup-Banco1LinuxTSPlus11_clone2904-BKPAUTCITEL-20250526-1310
2025-05-26 13:10:11,337 - WARNING - ⏳ Backup ignorado (estado TERMINATED): Auto-backup for 2025-05-11 08:00:00 via policy: Citel_Diario07
2025-05-26 13:10:11,337 - INFO - 
🔍 Processando block volume: LinuxTSPlus11_BancoPRODJRPais_clone2904
2025-05-26 13:10:11,645 - INFO - ✅ Backup criado: BlockBackup-LinuxTSPlus11_BancoPRODJRPais_clone2904-BKPAUTCITEL-20250526-1310
2025-05-26 13:10:12,213 - WARNING - ⏳ Backup ignorado (estado TERMINATED): Auto-backup for 2025-05-11 08:00:00 via policy: Citel_Diario07
2025-05-26 13:10:12,213 - INFO - 
🔍 Processando block volume: LinuxTSPlus30_Banco1LinuxTSPlus30_clone2904
2025-05-26 13:10:12,478 - INFO - ✅ Backup criado: BlockBackup-LinuxTSPlus30_Banco1LinuxTSPlus30_clone2904-BKPAUTCITEL-20250526-1310
2025-05-26 13:10:13,039 - WARNING - ⏳ Backup ignorado (estado TERMINATED): Auto-backup for 2025-05-11 08:00:00 via policy: Citel_Diario07
2025-05-26 13:10:13,039 - INFO - 
🔍 Processando block volume: Banco-1-LinuxData012
2025-05-26 13:10:13,164 - WARNING - ⚠️ Tentativa 1: Limite de requisições. Aguardando 5s...
2025-05-26 13:10:20,094 - WARNING - ⚠️ Tentativa 2: Limite de requisições. Aguardando 10s...
2025-05-26 13:10:34,441 - INFO - ✅ Backup criado: BlockBackup-Banco-1-LinuxData012-BKPAUTCITEL-20250526-1310
2025-05-26 13:10:35,026 - WARNING - ⏳ Backup ignorado (estado TERMINATED): Auto-backup for 2025-05-11 08:00:00 via policy: Citel_Diario07
2025-05-26 13:10:35,026 - INFO - 
🔍 Processando block volume: Banco2-LinuxData012
2025-05-26 13:10:35,155 - WARNING - ⚠️ Tentativa 1: Limite de requisições. Aguardando 5s...
2025-05-26 13:10:41,362 - WARNING - ⚠️ Tentativa 2: Limite de requisições. Aguardando 10s...
2025-05-26 13:10:54,419 - WARNING - ⚠️ Tentativa 3: Limite de requisições. Aguardando 20s...
2025-05-26 13:11:15,714 - INFO - ✅ Backup criado: BlockBackup-Banco2-LinuxData012-BKPAUTCITEL-20250526-1310
2025-05-26 13:11:16,296 - WARNING - ⏳ Backup ignorado (estado TERMINATED): Auto-backup for 2025-05-11 08:00:00 via policy: Citel_Diario07
2025-05-26 13:11:16,296 - INFO - 
🔍 Processando block volume: Banco3-LinuxData012
2025-05-26 13:11:16,633 - INFO - ✅ Backup criado: BlockBackup-Banco3-LinuxData012-BKPAUTCITEL-20250526-1311
2025-05-26 13:11:17,202 - WARNING - ⏳ Backup ignorado (estado TERMINATED): Auto-backup for 2025-05-11 08:00:00 via policy: Citel_Diario07
2025-05-26 13:11:17,202 - INFO - 
🔍 Processando block volume: LinuxTSPlus55_Banco1BR55_clone2904
2025-05-26 13:11:17,531 - INFO - ✅ Backup criado: BlockBackup-LinuxTSPlus55_Banco1BR55_clone2904-BKPAUTCITEL-20250526-1311
2025-05-26 13:11:18,103 - WARNING - ⏳ Backup ignorado (estado TERMINATED): Auto-backup for 2025-05-11 08:00:00 via policy: Citel_Diario07
2025-05-26 13:11:18,104 - INFO - 
🔍 Processando block volume: LinuxTSPlus55_Banco3BR55_clone2904
2025-05-26 13:11:18,388 - INFO - ✅ Backup criado: BlockBackup-LinuxTSPlus55_Banco3BR55_clone2904-BKPAUTCITEL-20250526-1311
2025-05-26 13:11:18,984 - WARNING - ⏳ Backup ignorado (estado TERMINATED): Auto-backup for 2025-05-11 08:00:00 via policy: Citel_Diario07
2025-05-26 13:11:18,985 - INFO - 
🔍 Processando block volume: LinuxTSPlus65_Banco1LinuxTSPLUS65_clone2904
2025-05-26 13:11:19,265 - INFO - ✅ Backup criado: BlockBackup-LinuxTSPlus65_Banco1LinuxTSPLUS65_clone2904-BKPAUTCITEL-20250526-1311
2025-05-26 13:11:19,834 - WARNING - ⏳ Backup ignorado (estado TERMINATED): Auto-backup for 2025-05-11 08:00:00 via policy: Citel_Diario07
2025-05-26 13:11:19,834 - INFO - 
🔍 Processando block volume: LinuxTSPlus65_Banco2LinuxTSPLUS65_clone2904
2025-05-26 13:11:20,107 - INFO - ✅ Backup criado: BlockBackup-LinuxTSPlus65_Banco2LinuxTSPLUS65_clone2904-BKPAUTCITEL-20250526-1311
2025-05-26 13:11:20,686 - WARNING - ⏳ Backup ignorado (estado TERMINATED): Auto-backup for 2025-05-11 08:00:00 via policy: Citel_Diario07
2025-05-26 13:11:20,686 - INFO - 
🔍 Processando block volume: LinuxTSPlus65_Banco3LinuxTSPLUS65_clone2904
2025-05-26 13:11:20,811 - WARNING - ⚠️ Tentativa 1: Limite de requisições. Aguardando 5s...
2025-05-26 13:11:29,142 - INFO - ✅ Backup criado: BlockBackup-LinuxTSPlus65_Banco3LinuxTSPLUS65_clone2904-BKPAUTCITEL-20250526-1311
2025-05-26 13:11:29,733 - WARNING - ⏳ Backup ignorado (estado TERMINATED): Auto-backup for 2025-05-11 08:00:00 via policy: Citel_Diario07
2025-05-26 13:11:29,734 - INFO - 
🔍 Processando block volume: LinuxTSPlus65_BinariosLinuxTSPLUS65_clone2904
2025-05-26 13:11:30,010 - INFO - ✅ Backup criado: BlockBackup-LinuxTSPlus65_BinariosLinuxTSPLUS65_clone2904-BKPAUTCITEL-20250526-1311
2025-05-26 13:11:30,610 - WARNING - ⏳ Backup ignorado (estado TERMINATED): Auto-backup for 2025-05-11 08:00:00 via policy: Citel_Diario07
2025-05-26 13:11:30,610 - INFO - 
🔍 Processando block volume: LinuxTSPlus28_Banco2LinuxTSPlus28_clone2904
2025-05-26 13:11:30,986 - INFO - ✅ Backup criado: BlockBackup-LinuxTSPlus28_Banco2LinuxTSPlus28_clone2904-BKPAUTCITEL-20250526-1311
2025-05-26 13:11:31,558 - WARNING - ⏳ Backup ignorado (estado TERMINATED): Auto-backup for 2025-05-11 08:00:00 via policy: Citel_Diario07
2025-05-26 13:11:31,558 - INFO - 
🔍 Processando block volume: LinuxTSPlus28_bancos3_BR28_clone2904
2025-05-26 13:11:31,683 - WARNING - ⚠️ Tentativa 1: Limite de requisições. Aguardando 5s...
2025-05-26 13:11:41,275 - WARNING - ⚠️ Tentativa 2: Limite de requisições. Aguardando 10s...
2025-05-26 13:11:54,838 - WARNING - ⚠️ Tentativa 3: Limite de requisições. Aguardando 20s...
2025-05-26 13:12:19,928 - INFO - ✅ Backup criado: BlockBackup-LinuxTSPlus28_bancos3_BR28_clone2904-BKPAUTCITEL-20250526-1311
2025-05-26 13:12:20,509 - WARNING - ⏳ Backup ignorado (estado TERMINATED): Auto-backup for 2025-05-11 08:00:00 via policy: Citel_Diario07
2025-05-26 13:12:20,510 - INFO - 
🔍 Processando block volume: LinuxTSPlus29_Banco1LinuxTSPlus29_clone2904
2025-05-26 13:12:20,799 - INFO - ✅ Backup criado: BlockBackup-LinuxTSPlus29_Banco1LinuxTSPlus29_clone2904-BKPAUTCITEL-20250526-1312
2025-05-26 13:12:21,382 - WARNING - ⏳ Backup ignorado (estado TERMINATED): Auto-backup for 2025-05-11 08:00:00 via policy: Citel_Diario07
2025-05-26 13:12:21,382 - INFO - 
🔍 Processando block volume: LinuxTSPlus29_Bancos2_BR29_clone2904
2025-05-26 13:12:21,706 - INFO - ✅ Backup criado: BlockBackup-LinuxTSPlus29_Bancos2_BR29_clone2904-BKPAUTCITEL-20250526-1312
2025-05-26 13:12:22,294 - WARNING - ⏳ Backup ignorado (estado TERMINATED): Auto-backup for 2025-05-11 08:00:00 via policy: Citel_Diario07
2025-05-26 13:12:22,295 - INFO - 
🔍 Processando block volume: LinuxTSPlus29_Bancos3_BR29_clone2904
2025-05-26 13:12:22,591 - INFO - ✅ Backup criado: BlockBackup-LinuxTSPlus29_Bancos3_BR29_clone2904-BKPAUTCITEL-20250526-1312
2025-05-26 13:12:23,180 - WARNING - ⏳ Backup ignorado (estado TERMINATED): Auto-backup for 2025-05-11 08:00:00 via policy: Citel_Diario07
2025-05-26 13:12:23,181 - INFO - 
🔍 Processando block volume: LinuxTSPlus72_Banco2BR_72_clone2904
2025-05-26 13:12:23,305 - WARNING - ⚠️ Tentativa 1: Limite de requisições. Aguardando 5s...
2025-05-26 13:12:30,162 - INFO - ✅ Backup criado: BlockBackup-LinuxTSPlus72_Banco2BR_72_clone2904-BKPAUTCITEL-20250526-1312
2025-05-26 13:12:30,745 - WARNING - ⏳ Backup ignorado (estado TERMINATED): Auto-backup for 2025-05-11 08:00:00 via policy: Citel_Diario07
2025-05-26 13:12:30,746 - INFO - 
🔍 Processando block volume: LinuxTSPlus72_BancoBR_clone2904
2025-05-26 13:12:31,054 - INFO - ✅ Backup criado: BlockBackup-LinuxTSPlus72_BancoBR_clone2904-BKPAUTCITEL-20250526-1312
2025-05-26 13:12:31,627 - WARNING - ⏳ Backup ignorado (estado TERMINATED): Auto-backup for 2025-05-11 08:00:00 via policy: Citel_Diario07
2025-05-26 13:12:31,627 - INFO - 
🔍 Processando block volume: LinuxTSPlus43_Banco1LinuxTSPLUS43_clone2904
2025-05-26 13:12:31,945 - INFO - ✅ Backup criado: BlockBackup-LinuxTSPlus43_Banco1LinuxTSPLUS43_clone2904-BKPAUTCITEL-20250526-1312
2025-05-26 13:12:32,530 - WARNING - ⏳ Backup ignorado (estado TERMINATED): Auto-backup for 2025-05-11 08:00:00 via policy: Citel_Diario07
2025-05-26 13:12:32,531 - INFO - 
🔍 Processando block volume: LinuxTSPlus43_HD4-LinuxDBA_clone2904
2025-05-26 13:12:32,673 - WARNING - ⚠️ Tentativa 1: Limite de requisições. Aguardando 5s...
2025-05-26 13:12:41,220 - INFO - ✅ Backup criado: BlockBackup-LinuxTSPlus43_HD4-LinuxDBA_clone2904-BKPAUTCITEL-20250526-1312
2025-05-26 13:12:41,786 - WARNING - ⏳ Backup ignorado (estado TERMINATED): Auto-backup for 2025-05-11 08:00:00 via policy: Citel_Diario07
2025-05-26 13:12:41,786 - INFO - 
🔍 Processando block volume: LinuxTSPlus50_Banco1LinuxTSPlus50_clone2904
2025-05-26 13:12:42,066 - INFO - ✅ Backup criado: BlockBackup-LinuxTSPlus50_Banco1LinuxTSPlus50_clone2904-BKPAUTCITEL-20250526-1312
2025-05-26 13:12:42,632 - WARNING - ⏳ Backup ignorado (estado TERMINATED): Auto-backup for 2025-05-11 08:00:00 via policy: Citel_Diario07
2025-05-26 13:12:42,632 - INFO - 
🔍 Processando block volume: LinuxTSPlus37_Banco1LinuxTSPLUS37_clone2904
2025-05-26 13:12:42,900 - INFO - ✅ Backup criado: BlockBackup-LinuxTSPlus37_Banco1LinuxTSPLUS37_clone2904-BKPAUTCITEL-20250526-1312
2025-05-26 13:12:43,470 - WARNING - ⏳ Backup ignorado (estado TERMINATED): Auto-backup for 2025-05-11 08:00:00 via policy: Citel_Diario07
2025-05-26 13:12:43,471 - INFO - 
🔍 Processando block volume: LinuxTSPlus37_Banco2LinuxTSPLUS37_clone2904
2025-05-26 13:12:43,787 - INFO - ✅ Backup criado: BlockBackup-LinuxTSPlus37_Banco2LinuxTSPLUS37_clone2904-BKPAUTCITEL-20250526-1312
2025-05-26 13:12:44,376 - WARNING - ⏳ Backup ignorado (estado TERMINATED): Auto-backup for 2025-05-11 08:00:00 via policy: Citel_Diario07
2025-05-26 13:12:44,376 - INFO - 
🔍 Processando block volume: LinuxTSPlus40_Banco1
2025-05-26 13:12:44,502 - WARNING - ⚠️ Tentativa 1: Limite de requisições. Aguardando 5s...
2025-05-26 13:12:50,719 - WARNING - ⚠️ Tentativa 2: Limite de requisições. Aguardando 10s...
2025-05-26 13:13:05,972 - INFO - ✅ Backup criado: BlockBackup-LinuxTSPlus40_Banco1-BKPAUTCITEL-20250526-1312
2025-05-26 13:13:06,552 - WARNING - ⏳ Backup ignorado (estado TERMINATED): Auto-backup for 2025-05-11 08:00:00 via policy: Citel_Diario07
2025-05-26 13:13:06,553 - INFO - 
🔍 Processando block volume: LinuxTSPlus32_Banco1LinuxTSPLUS32_clone2904
2025-05-26 13:13:06,845 - INFO - ✅ Backup criado: BlockBackup-LinuxTSPlus32_Banco1LinuxTSPLUS32_clone2904-BKPAUTCITEL-20250526-1313
2025-05-26 13:13:07,435 - WARNING - ⏳ Backup ignorado (estado TERMINATED): Auto-backup for 2025-05-11 08:00:00 via policy: Citel_Diario07
2025-05-26 13:13:07,436 - INFO - 
🔍 Processando block volume: LinuxTSPlus32_Banco2LinuxTSPLUS32_clone2904
2025-05-26 13:13:07,560 - WARNING - ⚠️ Tentativa 1: Limite de requisições. Aguardando 5s...
2025-05-26 13:13:16,097 - INFO - ✅ Backup criado: BlockBackup-LinuxTSPlus32_Banco2LinuxTSPLUS32_clone2904-BKPAUTCITEL-20250526-1313
2025-05-26 13:13:16,681 - WARNING - ⏳ Backup ignorado (estado TERMINATED): Auto-backup for 2025-05-11 08:00:00 via policy: Citel_Diario07
2025-05-26 13:13:16,686 - INFO - 
🔍 Processando block volume: Banco2-LinuxData013
2025-05-26 13:13:16,810 - WARNING - ⚠️ Tentativa 1: Limite de requisições. Aguardando 5s...
2025-05-26 13:13:26,534 - WARNING - ⚠️ Tentativa 2: Limite de requisições. Aguardando 10s...
2025-05-26 13:13:37,595 - WARNING - ⚠️ Tentativa 3: Limite de requisições. Aguardando 20s...
2025-05-26 13:14:01,389 - INFO - ✅ Backup criado: BlockBackup-Banco2-LinuxData013-BKPAUTCITEL-20250526-1313
2025-05-26 13:14:01,967 - WARNING - ⏳ Backup ignorado (estado TERMINATED): Auto-backup for 2025-05-11 08:00:00 via policy: Citel_Diario07
2025-05-26 13:14:01,967 - INFO - 
🔍 Processando block volume: Banco3-LinuxData013
2025-05-26 13:14:02,300 - INFO - ✅ Backup criado: BlockBackup-Banco3-LinuxData013-BKPAUTCITEL-20250526-1314
2025-05-26 13:14:02,880 - WARNING - ⏳ Backup ignorado (estado TERMINATED): Auto-backup for 2025-05-11 08:00:00 via policy: Citel_Diario07
2025-05-26 13:14:02,881 - INFO - 
🔍 Processando block volume: Banco1-LinuxData013
2025-05-26 13:14:03,157 - INFO - ✅ Backup criado: BlockBackup-Banco1-LinuxData013-BKPAUTCITEL-20250526-1314
2025-05-26 13:14:03,736 - WARNING - ⏳ Backup ignorado (estado TERMINATED): Auto-backup for 2025-05-11 08:00:00 via policy: Citel_Diario07
2025-05-26 13:14:03,736 - INFO - 
🔍 Processando block volume: LinuxTSPlus14_BackupCoresVivas TKT 902822_clone2904
2025-05-26 13:14:04,000 - INFO - ✅ Backup criado: BlockBackup-LinuxTSPlus14_BackupCoresVivas TKT 902822_clone2904-BKPAUTCITEL-20250526-1314
2025-05-26 13:14:04,595 - WARNING - ⏳ Backup ignorado (estado TERMINATED): Auto-backup for 2025-05-11 08:00:00 via policy: Citel_Diario07
2025-05-26 13:14:04,596 - INFO - 
🔍 Processando block volume: LinuxTSPlus14_Banco2LinuxTSPlus14_clone2904
2025-05-26 13:14:04,723 - WARNING - ⚠️ Tentativa 1: Limite de requisições. Aguardando 5s...
2025-05-26 13:14:12,161 - WARNING - ⚠️ Tentativa 2: Limite de requisições. Aguardando 10s...
2025-05-26 13:14:24,834 - INFO - ✅ Backup criado: BlockBackup-LinuxTSPlus14_Banco2LinuxTSPlus14_clone2904-BKPAUTCITEL-20250526-1314
2025-05-26 13:14:25,401 - WARNING - ⏳ Backup ignorado (estado TERMINATED): Auto-backup for 2025-05-11 08:00:00 via policy: Citel_Diario07
2025-05-26 13:14:25,402 - INFO - 
🔍 Processando block volume: LinuxTSPlus9-Banco1LinuxTSPlus9-clone2904
2025-05-26 13:14:25,709 - INFO - ✅ Backup criado: BlockBackup-LinuxTSPlus9-Banco1LinuxTSPlus9-clone2904-BKPAUTCITEL-20250526-1314
2025-05-26 13:14:26,277 - WARNING - ⏳ Backup ignorado (estado TERMINATED): Auto-backup for 2025-05-11 08:00:00 via policy: Citel_Diario07
2025-05-26 13:14:26,277 - INFO - 
🔍 Processando block volume: LinuxTSPlus9-Banco3LinuxTSPlus9-clone2904
2025-05-26 13:14:26,553 - INFO - ✅ Backup criado: BlockBackup-LinuxTSPlus9-Banco3LinuxTSPlus9-clone2904-BKPAUTCITEL-20250526-1314
2025-05-26 13:14:27,127 - WARNING - ⏳ Backup ignorado (estado TERMINATED): Auto-backup for 2025-05-11 08:00:00 via policy: Citel_Diario07
2025-05-26 13:14:27,128 - INFO - 
🔍 Processando block volume: LinuxTSPlus14_BancoUbertintasTSPlus14_clone2904
2025-05-26 13:14:27,395 - INFO - ✅ Backup criado: BlockBackup-LinuxTSPlus14_BancoUbertintasTSPlus14_clone2904-BKPAUTCITEL-20250526-1314
2025-05-26 13:14:27,962 - WARNING - ⏳ Backup ignorado (estado TERMINATED): Auto-backup for 2025-05-11 08:00:00 via policy: Citel_Diario07
2025-05-26 13:14:27,962 - INFO - 
🔍 Processando block volume: LinuxTSPlus9-Bancos4_BR9-clone2904
2025-05-26 13:14:28,249 - INFO - ✅ Backup criado: BlockBackup-LinuxTSPlus9-Bancos4_BR9-clone2904-BKPAUTCITEL-20250526-1314
2025-05-26 13:14:28,827 - WARNING - ⏳ Backup ignorado (estado TERMINATED): Auto-backup for 2025-05-11 08:00:00 via policy: Citel_Diario07
2025-05-26 13:14:28,828 - INFO - 
🔍 Processando block volume: LinuxTSPlus8-Banco1LinuxTSPlus8-clone2904
2025-05-26 13:14:29,114 - INFO - ✅ Backup criado: BlockBackup-LinuxTSPlus8-Banco1LinuxTSPlus8-clone2904-BKPAUTCITEL-20250526-1314
2025-05-26 13:14:29,681 - WARNING - ⏳ Backup ignorado (estado TERMINATED): Auto-backup for 2025-05-11 08:00:00 via policy: Citel_Diario07
2025-05-26 13:14:29,681 - INFO - 
🔍 Processando block volume: LinuxTSPlus8-Banco3LinuxTSPlus8-clone2904
2025-05-26 13:14:29,806 - WARNING - ⚠️ Tentativa 1: Limite de requisições. Aguardando 5s...
2025-05-26 13:14:36,950 - WARNING - ⚠️ Tentativa 2: Limite de requisições. Aguardando 10s...
2025-05-26 13:14:47,896 - INFO - ✅ Backup criado: BlockBackup-LinuxTSPlus8-Banco3LinuxTSPlus8-clone2904-BKPAUTCITEL-20250526-1314
2025-05-26 13:14:48,488 - WARNING - ⏳ Backup ignorado (estado TERMINATED): Auto-backup for 2025-05-11 08:00:00 via policy: Citel_Diario07
2025-05-26 13:14:48,489 - INFO - 
🔍 Processando block volume: LinuxTSPlus16_Banco1LinuxTSPlus16_clone2904
2025-05-26 13:14:48,614 - WARNING - ⚠️ Tentativa 1: Limite de requisições. Aguardando 5s...
2025-05-26 13:14:58,371 - INFO - ✅ Backup criado: BlockBackup-LinuxTSPlus16_Banco1LinuxTSPlus16_clone2904-BKPAUTCITEL-20250526-1314
2025-05-26 13:14:58,936 - INFO - 
🔍 Processando block volume: LinuxTSPlus16_Banco2LinuxTSPlus16_clone2904
2025-05-26 13:14:59,208 - INFO - ✅ Backup criado: BlockBackup-LinuxTSPlus16_Banco2LinuxTSPlus16_clone2904-BKPAUTCITEL-20250526-1314
2025-05-26 13:14:59,773 - INFO - 
🔍 Processando block volume: LinuxTSPlus7-Banco2LinuxTSPlus7-block-clone2904
2025-05-26 13:14:59,897 - WARNING - ⚠️ Tentativa 1: Limite de requisições. Aguardando 5s...
2025-05-26 13:15:06,227 - WARNING - ⚠️ Tentativa 2: Limite de requisições. Aguardando 10s...
2025-05-26 13:15:21,871 - INFO - ✅ Backup criado: BlockBackup-LinuxTSPlus7-Banco2LinuxTSPlus7-block-clone2904-BKPAUTCITEL-20250526-1314
2025-05-26 13:15:22,445 - INFO - 
🔍 Processando block volume: LinuxTSPlus7-Banco3LinuxTSPlus7-block-clone2904
2025-05-26 13:15:22,570 - WARNING - ⚠️ Tentativa 1: Limite de requisições. Aguardando 5s...
2025-05-26 13:15:30,488 - INFO - ✅ Backup criado: BlockBackup-LinuxTSPlus7-Banco3LinuxTSPlus7-block-clone2904-BKPAUTCITEL-20250526-1315
2025-05-26 13:15:31,073 - INFO - 
🔍 Processando block volume: LinuxTSPlus7-Banco3_BR7-block-clone2904
2025-05-26 13:15:31,373 - INFO - ✅ Backup criado: BlockBackup-LinuxTSPlus7-Banco3_BR7-block-clone2904-BKPAUTCITEL-20250526-1315
2025-05-26 13:15:31,952 - INFO - 
🔍 Processando block volume: LinuxTSPlus17_Banco2LinuxTSPlus17_clone2904
2025-05-26 13:15:32,077 - WARNING - ⚠️ Tentativa 1: Limite de requisições. Aguardando 5s...
2025-05-26 13:15:40,010 - INFO - ✅ Backup criado: BlockBackup-LinuxTSPlus17_Banco2LinuxTSPlus17_clone2904-BKPAUTCITEL-20250526-1315
2025-05-26 13:15:40,577 - INFO - 
🔍 Processando block volume: LinuxTSPlus17_BancoPRODBelaTintas_clone2904
2025-05-26 13:15:40,868 - INFO - ✅ Backup criado: BlockBackup-LinuxTSPlus17_BancoPRODBelaTintas_clone2904-BKPAUTCITEL-20250526-1315
2025-05-26 13:15:41,498 - INFO - 
🔍 Processando block volume: LinuxTSPlus17_HD5-LinuxDBAs_clone2904
2025-05-26 13:15:41,824 - INFO - ✅ Backup criado: BlockBackup-LinuxTSPlus17_HD5-LinuxDBAs_clone2904-BKPAUTCITEL-20250526-1315
2025-05-26 13:15:42,384 - INFO - 
🔍 Processando block volume: LinuxTSPlus6-Banco3LinuxTSPlus6-block-clone2904
2025-05-26 13:15:42,666 - INFO - ✅ Backup criado: BlockBackup-LinuxTSPlus6-Banco3LinuxTSPlus6-block-clone2904-BKPAUTCITEL-20250526-1315
2025-05-26 13:15:43,233 - INFO - 
🔍 Processando block volume: LinuxTSPlus6-Banco4LinuxTSPlus6-block-clone2904
2025-05-26 13:15:43,525 - INFO - ✅ Backup criado: BlockBackup-LinuxTSPlus6-Banco4LinuxTSPlus6-block-clone2904-BKPAUTCITEL-20250526-1315
2025-05-26 13:15:44,092 - WARNING - ⏳ Backup ignorado (estado TERMINATED): Auto-backup for 2025-05-11 08:00:00 via policy: Citel_Diario07
2025-05-26 13:15:44,093 - INFO - 
🔍 Processando block volume: LinuxTSPlus18-Banco1LinuxTSPlus18-block-2904
2025-05-26 13:15:44,371 - INFO - ✅ Backup criado: BlockBackup-LinuxTSPlus18-Banco1LinuxTSPlus18-block-2904-BKPAUTCITEL-20250526-1315
2025-05-26 13:15:44,946 - WARNING - ⏳ Backup ignorado (estado TERMINATED): Auto-backup for 2025-05-11 08:00:00 via policy: Citel_Diario07
2025-05-26 13:15:44,947 - INFO - 
🔍 Processando block volume: LinuxTSPlus18-Banco2LinuxTSPlus18-block-2904
2025-05-26 13:15:45,071 - WARNING - ⚠️ Tentativa 1: Limite de requisições. Aguardando 5s...
2025-05-26 13:15:51,234 - WARNING - ⚠️ Tentativa 2: Limite de requisições. Aguardando 10s...
2025-05-26 13:16:06,879 - INFO - ✅ Backup criado: BlockBackup-LinuxTSPlus18-Banco2LinuxTSPlus18-block-2904-BKPAUTCITEL-20250526-1315
2025-05-26 13:16:07,454 - WARNING - ⏳ Backup ignorado (estado TERMINATED): Auto-backup for 2025-05-11 08:00:00 via policy: Citel_Diario07
2025-05-26 13:16:07,455 - INFO - 
🔍 Processando block volume: LinuxTSPlus18-Bancos4_BR18-block-2904
2025-05-26 13:16:07,580 - WARNING - ⚠️ Tentativa 1: Limite de requisições. Aguardando 5s...
2025-05-26 13:16:18,199 - INFO - ✅ Backup criado: BlockBackup-LinuxTSPlus18-Bancos4_BR18-block-2904-BKPAUTCITEL-20250526-1316
2025-05-26 13:16:18,784 - WARNING - ⏳ Backup ignorado (estado TERMINATED): Auto-backup for 2025-05-11 08:00:00 via policy: Citel_Diario07
2025-05-26 13:16:18,784 - INFO - 
🔍 Processando block volume: LinuxTsplus59-Banco2Linux59-block-clone2904
2025-05-26 13:16:19,081 - INFO - ✅ Backup criado: BlockBackup-LinuxTsplus59-Banco2Linux59-block-clone2904-BKPAUTCITEL-20250526-1316
2025-05-26 13:16:19,638 - WARNING - ⏳ Backup ignorado (estado TERMINATED): Auto-backup for 2025-05-11 08:00:00 via policy: Citel_Diario07
2025-05-26 13:16:19,638 - INFO - 
🔍 Processando block volume: LinuxTsplus59-BancoLinux59-block-clone2904
2025-05-26 13:16:19,927 - INFO - ✅ Backup criado: BlockBackup-LinuxTsplus59-BancoLinux59-block-clone2904-BKPAUTCITEL-20250526-1316
2025-05-26 13:16:20,506 - WARNING - ⏳ Backup ignorado (estado TERMINATED): Auto-backup for 2025-05-11 08:00:00 via policy: Citel_Diario07
2025-05-26 13:16:20,506 - INFO - 
🔍 Processando block volume: LinuxTSPlus19_Banco1LinuxTSPlus19_clone2904
2025-05-26 13:16:20,632 - WARNING - ⚠️ Tentativa 1: Limite de requisições. Aguardando 5s...
2025-05-26 13:16:29,338 - WARNING - ⚠️ Tentativa 2: Limite de requisições. Aguardando 10s...
2025-05-26 13:16:40,804 - WARNING - ⚠️ Tentativa 3: Limite de requisições. Aguardando 20s...
2025-05-26 13:17:05,995 - WARNING - ⚠️ Tentativa 4: Limite de requisições. Aguardando 40s...
2025-05-26 13:17:49,853 - INFO - ✅ Backup criado: BlockBackup-LinuxTSPlus19_Banco1LinuxTSPlus19_clone2904-BKPAUTCITEL-20250526-1316
2025-05-26 13:17:50,419 - WARNING - ⏳ Backup ignorado (estado TERMINATED): Auto-backup for 2025-05-11 08:00:00 via policy: Citel_Diario07
2025-05-26 13:17:50,420 - INFO - 
🔍 Processando block volume: LinuxTSPlus19_Banco3LinuxTSPlus19_clone2904
2025-05-26 13:17:50,719 - INFO - ✅ Backup criado: BlockBackup-LinuxTSPlus19_Banco3LinuxTSPlus19_clone2904-BKPAUTCITEL-20250526-1317
2025-05-26 13:17:51,279 - WARNING - ⏳ Backup ignorado (estado TERMINATED): Auto-backup for 2025-05-11 08:00:00 via policy: Citel_Diario07
2025-05-26 13:17:51,280 - INFO - 
🔍 Processando block volume: LinuxTSPlus20_Banco1LinuxTSPlus20_clone2904
2025-05-26 13:17:51,404 - WARNING - ⚠️ Tentativa 1: Limite de requisições. Aguardando 5s...
2025-05-26 13:18:01,624 - INFO - ✅ Backup criado: BlockBackup-LinuxTSPlus20_Banco1LinuxTSPlus20_clone2904-BKPAUTCITEL-20250526-1317
2025-05-26 13:18:02,202 - WARNING - ⏳ Backup ignorado (estado TERMINATED): Auto-backup for 2025-05-11 08:00:00 via policy: Citel_Diario07
2025-05-26 13:18:02,203 - INFO - 
🔍 Processando block volume: LinuxTSPlus20_Banco2LinuxTSPlus20_clone2904
2025-05-26 13:18:02,490 - INFO - ✅ Backup criado: BlockBackup-LinuxTSPlus20_Banco2LinuxTSPlus20_clone2904-BKPAUTCITEL-20250526-1318
2025-05-26 13:18:03,109 - WARNING - ⏳ Backup ignorado (estado TERMINATED): Auto-backup for 2025-05-11 08:00:00 via policy: Citel_Diario07
2025-05-26 13:18:03,109 - INFO - 
🔍 Processando block volume: LinuxTSPlus20_Banco3_BR20_clone2904
2025-05-26 13:18:03,451 - INFO - ✅ Backup criado: BlockBackup-LinuxTSPlus20_Banco3_BR20_clone2904-BKPAUTCITEL-20250526-1318
2025-05-26 13:18:04,042 - WARNING - ⏳ Backup ignorado (estado TERMINATED): Auto-backup for 2025-05-11 08:00:00 via policy: Citel_Diario07
2025-05-26 13:18:04,043 - INFO - 
🔍 Processando block volume: LinuxTSPlus20_Banco4LinuxTSPlus20_clone2904
2025-05-26 13:18:04,352 - INFO - ✅ Backup criado: BlockBackup-LinuxTSPlus20_Banco4LinuxTSPlus20_clone2904-BKPAUTCITEL-20250526-1318
2025-05-26 13:18:04,918 - WARNING - ⏳ Backup ignorado (estado TERMINATED): Auto-backup for 2025-05-11 08:00:00 via policy: Citel_Diario07
2025-05-26 13:18:04,918 - INFO - 
🔍 Processando block volume: LinuxTSPlus5-Banco3LinuxBR5-block-clone2904
2025-05-26 13:18:05,045 - WARNING - ⚠️ Tentativa 1: Limite de requisições. Aguardando 5s...
2025-05-26 13:18:10,896 - INFO - ✅ Backup criado: BlockBackup-LinuxTSPlus5-Banco3LinuxBR5-block-clone2904-BKPAUTCITEL-20250526-1318
2025-05-26 13:18:11,467 - WARNING - ⏳ Backup ignorado (estado TERMINATED): Auto-backup for 2025-05-11 08:00:00 via policy: Citel_Diario07
2025-05-26 13:18:11,467 - INFO - 
🔍 Processando block volume: LinuxTSPlus5-Banco2LinuxBR5-block-clone2904
2025-05-26 13:18:11,743 - INFO - ✅ Backup criado: BlockBackup-LinuxTSPlus5-Banco2LinuxBR5-block-clone2904-BKPAUTCITEL-20250526-1318
2025-05-26 13:18:12,317 - WARNING - ⏳ Backup ignorado (estado TERMINATED): Auto-backup for 2025-05-11 08:00:00 via policy: Citel_Diario07
2025-05-26 13:18:12,317 - INFO - 
🔍 Processando block volume: Banco1-LinuxData004
2025-05-26 13:18:12,442 - WARNING - ⚠️ Tentativa 1: Limite de requisições. Aguardando 5s...
2025-05-26 13:18:20,278 - INFO - ✅ Backup criado: BlockBackup-Banco1-LinuxData004-BKPAUTCITEL-20250526-1318
2025-05-26 13:18:20,854 - WARNING - ⏳ Backup ignorado (estado TERMINATED): Auto-backup for 2025-05-11 08:00:00 via policy: Citel_Diario07
2025-05-26 13:18:20,854 - INFO - 
🔍 Processando block volume: Banco2-LinuxData004
2025-05-26 13:18:20,978 - WARNING - ⚠️ Tentativa 1: Limite de requisições. Aguardando 5s...
2025-05-26 13:18:27,289 - WARNING - ⚠️ Tentativa 2: Limite de requisições. Aguardando 10s...
2025-05-26 13:18:41,490 - WARNING - ⚠️ Tentativa 3: Limite de requisições. Aguardando 20s...
2025-05-26 13:19:05,493 - INFO - ✅ Backup criado: BlockBackup-Banco2-LinuxData004-BKPAUTCITEL-20250526-1318
2025-05-26 13:19:06,059 - WARNING - ⏳ Backup ignorado (estado TERMINATED): Auto-backup for 2025-05-11 08:00:00 via policy: Citel_Diario07
2025-05-26 13:19:06,060 - INFO - 
🔍 Processando block volume: Banco3-LinuxData004
2025-05-26 13:19:06,332 - INFO - ✅ Backup criado: BlockBackup-Banco3-LinuxData004-BKPAUTCITEL-20250526-1319
2025-05-26 13:19:06,898 - WARNING - ⏳ Backup ignorado (estado TERMINATED): Auto-backup for 2025-05-11 08:00:00 via policy: Citel_Diario07
2025-05-26 13:19:06,899 - INFO - 
🔍 Processando block volume: LinuxTSPlus48-block-Restore
2025-05-26 13:19:07,186 - INFO - ✅ Backup criado: BlockBackup-LinuxTSPlus48-block-Restore-BKPAUTCITEL-20250526-1319
2025-05-26 13:19:07,762 - WARNING - ⏳ Backup ignorado (estado TERMINATED): Auto-backup for 2025-05-11 08:00:00 via policy: Citel_Diario07
2025-05-26 13:19:07,762 - INFO - 
🔍 Processando block volume: LinuxData007-Banco4
2025-05-26 13:19:08,042 - INFO - ✅ Backup criado: BlockBackup-LinuxData007-Banco4-BKPAUTCITEL-20250526-1319
2025-05-26 13:19:08,629 - WARNING - ⏳ Backup ignorado (estado TERMINATED): Auto-backup for 2025-05-11 08:00:00 via policy: Citel_Diario07
2025-05-26 13:19:08,630 - INFO - 
🔍 Processando block volume: Banco2LinuxBR21-Restore
2025-05-26 13:19:08,946 - INFO - ✅ Backup criado: BlockBackup-Banco2LinuxBR21-Restore-BKPAUTCITEL-20250526-1319
2025-05-26 13:19:09,508 - WARNING - ⏳ Backup ignorado (estado TERMINATED): Auto-backup for 2025-05-11 08:00:00 via policy: Citel_Diario07
2025-05-26 13:19:09,509 - INFO - 
🔍 Processando block volume: LinuxTSPlus41-block-Restore
2025-05-26 13:19:09,788 - INFO - ✅ Backup criado: BlockBackup-LinuxTSPlus41-block-Restore-BKPAUTCITEL-20250526-1319
2025-05-26 13:19:10,357 - WARNING - ⏳ Backup ignorado (estado TERMINATED): Auto-backup for 2025-05-11 08:00:00 via policy: Citel_Diario07
2025-05-26 13:19:10,358 - INFO - 
🔍 Processando block volume: Banco1LinuxTSPlus26-Restore
2025-05-26 13:19:10,652 - INFO - ✅ Backup criado: BlockBackup-Banco1LinuxTSPlus26-Restore-BKPAUTCITEL-20250526-1319
2025-05-26 13:19:11,208 - WARNING - ⏳ Backup ignorado (estado TERMINATED): Auto-backup for 2025-05-11 08:00:00 via policy: Citel_Diario07
2025-05-26 13:19:11,208 - INFO - 
🔍 Processando block volume: LinuxTSPlus36-block-Restore
2025-05-26 13:19:11,335 - WARNING - ⚠️ Tentativa 1: Limite de requisições. Aguardando 5s...
2025-05-26 13:19:18,108 - INFO - ✅ Backup criado: BlockBackup-LinuxTSPlus36-block-Restore-BKPAUTCITEL-20250526-1319
2025-05-26 13:19:18,671 - WARNING - ⏳ Backup ignorado (estado TERMINATED): Auto-backup for 2025-05-11 08:00:00 via policy: Citel_Diario07
2025-05-26 13:19:18,671 - INFO - 
🔍 Processando block volume: LinuxTSPlus34-Bancos3_BR34-backup-Restore
2025-05-26 13:19:19,015 - INFO - ✅ Backup criado: BlockBackup-LinuxTSPlus34-Bancos3_BR34-backup-Restore-BKPAUTCITEL-20250526-1319
2025-05-26 13:19:19,616 - WARNING - ⏳ Backup ignorado (estado TERMINATED): Auto-backup for 2025-05-11 08:00:00 via policy: Citel_Diario07
2025-05-26 13:19:19,617 - INFO - 
🔍 Processando block volume: LinuxTSPlus34-Bancos2_BR34-backup-Restore
2025-05-26 13:19:19,893 - INFO - ✅ Backup criado: BlockBackup-LinuxTSPlus34-Bancos2_BR34-backup-Restore-BKPAUTCITEL-20250526-1319
2025-05-26 13:19:20,456 - WARNING - ⏳ Backup ignorado (estado TERMINATED): Auto-backup for 2025-05-11 08:00:00 via policy: Citel_Diario07
2025-05-26 13:19:20,457 - INFO - 
🔍 Processando block volume: Banco1LinuxTSPLUS33-Restore
2025-05-26 13:19:20,582 - WARNING - ⚠️ Tentativa 1: Limite de requisições. Aguardando 5s...
2025-05-26 13:19:30,441 - INFO - ✅ Backup criado: BlockBackup-Banco1LinuxTSPLUS33-Restore-BKPAUTCITEL-20250526-1319
2025-05-26 13:19:31,010 - WARNING - ⏳ Backup ignorado (estado TERMINATED): Auto-backup for 2025-05-11 08:00:00 via policy: Citel_Diario07
2025-05-26 13:19:31,010 - INFO - 
🔍 Processando block volume: Banco2BR33-Restore
2025-05-26 13:19:31,296 - INFO - ✅ Backup criado: BlockBackup-Banco2BR33-Restore-BKPAUTCITEL-20250526-1319
2025-05-26 13:19:31,864 - WARNING - ⏳ Backup ignorado (estado TERMINATED): Auto-backup for 2025-05-11 08:00:00 via policy: Citel_Diario07
2025-05-26 13:19:31,864 - INFO - 
🔍 Processando block volume: LinuxTSPlus34-Banco1LinuxTSPLUS34-backup-Restore
2025-05-26 13:19:31,990 - WARNING - ⚠️ Tentativa 1: Limite de requisições. Aguardando 5s...
2025-05-26 13:19:41,827 - WARNING - ⚠️ Tentativa 2: Limite de requisições. Aguardando 10s...
2025-05-26 13:19:52,391 - WARNING - ⚠️ Tentativa 3: Limite de requisições. Aguardando 20s...
2025-05-26 13:20:15,451 - INFO - ✅ Backup criado: BlockBackup-LinuxTSPlus34-Banco1LinuxTSPLUS34-backup-Restore-BKPAUTCITEL-20250526-1319
2025-05-26 13:20:16,028 - WARNING - ⏳ Backup ignorado (estado TERMINATED): Auto-backup for 2025-05-11 08:00:00 via policy: Citel_Diario07
2025-05-26 13:20:16,029 - INFO - 
🔍 Processando block volume: LinuxTSPlus1-Restore1
2025-05-26 13:20:16,350 - INFO - ✅ Backup criado: BlockBackup-LinuxTSPlus1-Restore1-BKPAUTCITEL-20250526-1320
2025-05-26 13:20:16,918 - WARNING - ⏳ Backup ignorado (estado TERMINATED): Auto-backup for 2025-05-11 08:00:00 via policy: Citel_Diario07
2025-05-26 13:20:16,919 - INFO - 
🔍 Processando block volume: Bancos5_BR1-Restore2
2025-05-26 13:20:17,045 - WARNING - ⚠️ Tentativa 1: Limite de requisições. Aguardando 5s...
2025-05-26 13:20:27,540 - INFO - ✅ Backup criado: BlockBackup-Bancos5_BR1-Restore2-BKPAUTCITEL-20250526-1320
2025-05-26 13:20:28,122 - WARNING - ⏳ Backup ignorado (estado TERMINATED): Auto-backup for 2025-05-11 08:00:00 via policy: Citel_Diario07
2025-05-26 13:20:28,123 - INFO - 
🔍 Processando block volume: Bancos4_BR01-Restore3
2025-05-26 13:20:28,427 - INFO - ✅ Backup criado: BlockBackup-Bancos4_BR01-Restore3-BKPAUTCITEL-20250526-1320
2025-05-26 13:20:29,030 - WARNING - ⏳ Backup ignorado (estado TERMINATED): Auto-backup for 2025-05-11 08:00:00 via policy: Citel_Diario07
2025-05-26 13:20:29,031 - INFO - 
🔍 Processando block volume: Banco3LinuxTSPlus1-Restore4
2025-05-26 13:20:29,155 - WARNING - ⚠️ Tentativa 1: Limite de requisições. Aguardando 5s...
2025-05-26 13:20:36,229 - WARNING - ⚠️ Tentativa 2: Limite de requisições. Aguardando 10s...
2025-05-26 13:20:48,668 - INFO - ✅ Backup criado: BlockBackup-Banco3LinuxTSPlus1-Restore4-BKPAUTCITEL-20250526-1320
2025-05-26 13:20:49,244 - WARNING - ⏳ Backup ignorado (estado TERMINATED): Auto-backup for 2025-05-11 08:00:00 via policy: Citel_Diario07
2025-05-26 13:20:49,245 - INFO - 
🔍 Processando block volume: Banco1LinuxTSPlus24-Restore
2025-05-26 13:20:49,599 - INFO - ✅ Backup criado: BlockBackup-Banco1LinuxTSPlus24-Restore-BKPAUTCITEL-20250526-1320
2025-05-26 13:20:50,172 - WARNING - ⏳ Backup ignorado (estado TERMINATED): Auto-backup for 2025-05-11 08:00:00 via policy: Citel_Diario07
2025-05-26 13:20:50,172 - INFO - 
🔍 Processando block volume: Banco1LinuxTSPlus22-Restore
2025-05-26 13:20:50,459 - INFO - ✅ Backup criado: BlockBackup-Banco1LinuxTSPlus22-Restore-BKPAUTCITEL-20250526-1320
2025-05-26 13:20:51,022 - WARNING - ⏳ Backup ignorado (estado TERMINATED): Auto-backup for 2025-05-11 08:00:00 via policy: Citel_Diario07
2025-05-26 13:20:51,022 - INFO - 
🔍 Processando block volume: Banco3LinuxTSPlus22-Restore
2025-05-26 13:20:51,310 - INFO - ✅ Backup criado: BlockBackup-Banco3LinuxTSPlus22-Restore-BKPAUTCITEL-20250526-1320
2025-05-26 13:20:51,879 - WARNING - ⏳ Backup ignorado (estado TERMINATED): Auto-backup for 2025-05-11 08:00:00 via policy: Citel_Diario07
2025-05-26 13:20:51,879 - INFO - 
🔍 Processando block volume: Banco2LinuxTSPlus22-Restore
2025-05-26 13:20:52,004 - WARNING - ⚠️ Tentativa 1: Limite de requisições. Aguardando 5s...
2025-05-26 13:20:58,289 - INFO - ✅ Backup criado: BlockBackup-Banco2LinuxTSPlus22-Restore-BKPAUTCITEL-20250526-1320
2025-05-26 13:20:58,874 - WARNING - ⏳ Backup ignorado (estado TERMINATED): Auto-backup for 2025-05-11 08:00:00 via policy: Citel_Diario07
2025-05-26 13:20:58,875 - INFO - 
🔍 Processando block volume: LinuxData010-PalacioTKT651385
2025-05-26 13:20:59,000 - WARNING - ⚠️ Tentativa 1: Limite de requisições. Aguardando 5s...
2025-05-26 13:21:09,087 - INFO - ✅ Backup criado: BlockBackup-LinuxData010-PalacioTKT651385-BKPAUTCITEL-20250526-1320
2025-05-26 13:21:09,663 - WARNING - ⏳ Backup ignorado (estado TERMINATED): Auto-backup for 2025-05-11 08:00:00 via policy: Citel_Diario07
2025-05-26 13:21:09,664 - INFO - 
🔍 Processando block volume: LinuxData010-Banco4
2025-05-26 13:21:09,792 - WARNING - ⚠️ Tentativa 1: Limite de requisições. Aguardando 5s...
2025-05-26 13:21:17,843 - INFO - ✅ Backup criado: BlockBackup-LinuxData010-Banco4-BKPAUTCITEL-20250526-1321
2025-05-26 13:21:18,406 - WARNING - ⏳ Backup ignorado (estado TERMINATED): Auto-backup for 2025-05-11 08:00:00 via policy: Citel_Diario07
2025-05-26 13:21:18,406 - INFO - 
🔍 Processando block volume: LinuxData010-Banco5
2025-05-26 13:21:18,531 - WARNING - ⚠️ Tentativa 1: Limite de requisições. Aguardando 5s...
2025-05-26 13:21:27,594 - INFO - ✅ Backup criado: BlockBackup-LinuxData010-Banco5-BKPAUTCITEL-20250526-1321
2025-05-26 13:21:28,159 - WARNING - ⏳ Backup ignorado (estado TERMINATED): Auto-backup for 2025-05-11 08:00:00 via policy: Citel_Diario07
2025-05-26 13:21:28,160 - INFO - 
🔍 Processando block volume: LinuxData010-GeB
2025-05-26 13:21:28,461 - INFO - ✅ Backup criado: BlockBackup-LinuxData010-GeB-BKPAUTCITEL-20250526-1321
2025-05-26 13:21:29,051 - WARNING - ⏳ Backup ignorado (estado TERMINATED): Auto-backup for 2025-05-11 08:00:00 via policy: Citel_Diario07
2025-05-26 13:21:29,051 - INFO - 
🔍 Processando block volume: LinuxData020-Banco3_BR20
2025-05-26 13:21:29,325 - INFO - ✅ Backup criado: BlockBackup-LinuxData020-Banco3_BR20-BKPAUTCITEL-20250526-1321
2025-05-26 13:21:29,888 - WARNING - ⏳ Backup ignorado (estado TERMINATED): Auto-backup for 2025-05-11 08:00:00 via policy: Citel_Diario07
2025-05-26 13:21:29,888 - INFO - 
🔍 Processando block volume: Banco3_BR20-RESTORE_FILES
2025-05-26 13:21:30,207 - INFO - ✅ Backup criado: BlockBackup-Banco3_BR20-RESTORE_FILES-BKPAUTCITEL-20250526-1321
2025-05-26 13:21:30,804 - INFO - 
🔍 Processando block volume: LinuxData030_clone06052025
2025-05-26 13:21:30,930 - WARNING - ⚠️ Tentativa 1: Limite de requisições. Aguardando 5s...
2025-05-26 13:21:37,487 - INFO - ✅ Backup criado: BlockBackup-LinuxData030_clone06052025-BKPAUTCITEL-20250526-1321
2025-05-26 13:21:38,059 - INFO - 
🔍 Processando block volume: Restore_Teste_Bancos3_BR20
2025-05-26 13:21:38,356 - INFO - ✅ Backup criado: BlockBackup-Restore_Teste_Bancos3_BR20-BKPAUTCITEL-20250526-1321
2025-05-26 13:21:38,907 - INFO - 
🔍 Processando block volume: Restore Banco ComercialCarvalho
2025-05-26 13:21:39,034 - WARNING - ⚠️ Tentativa 1: Limite de requisições. Aguardando 5s...
2025-05-26 13:21:49,238 - INFO - ✅ Backup criado: BlockBackup-Restore Banco ComercialCarvalho-BKPAUTCITEL-20250526-1321
2025-05-26 13:21:49,819 - WARNING - ⏳ Backup ignorado (estado TERMINATED): Auto-backup for 2025-05-11 08:00:00 via policy: Citel_Diario07
2025-05-26 13:21:49,819 - INFO - 
🔍 Processando block volume: Restore Banco Fluzao
2025-05-26 13:21:50,125 - INFO - ✅ Backup criado: BlockBackup-Restore Banco Fluzao-BKPAUTCITEL-20250526-1321
2025-05-26 13:21:50,697 - WARNING - ⏳ Backup ignorado (estado TERMINATED): Auto-backup for 2025-05-11 08:00:00 via policy: Citel_Diario07
2025-05-26 13:21:50,697 - INFO - 
🔍 Processando block volume: Restore Banco Suprema
2025-05-26 13:21:50,959 - INFO - ✅ Backup criado: BlockBackup-Restore Banco Suprema-BKPAUTCITEL-20250526-1321
2025-05-26 13:21:51,529 - INFO - 
🔍 Processando block volume: BKP Fluzao Prudente
2025-05-26 13:21:51,653 - WARNING - ⚠️ Tentativa 1: Limite de requisições. Aguardando 5s...
2025-05-26 13:21:57,645 - WARNING - ⚠️ Tentativa 2: Limite de requisições. Aguardando 10s...
2025-05-26 13:22:10,525 - WARNING - ⚠️ Tentativa 3: Limite de requisições. Aguardando 20s...
2025-05-26 13:22:33,606 - INFO - ✅ Backup criado: BlockBackup-BKP Fluzao Prudente-BKPAUTCITEL-20250526-1321
2025-05-26 13:22:34,168 - INFO - 
🔍 Processando block volume: LINUXDATA020-BANCO3-Testerecovery-14-05-2025
2025-05-26 13:22:34,459 - INFO - ✅ Backup criado: BlockBackup-LINUXDATA020-BANCO3-Testerecovery-14-05-2025-BKPAUTCITEL-20250526-1322
2025-05-26 13:22:35,037 - INFO - 
🔍 Processando block volume: Restore Banco BI Royal
2025-05-26 13:22:35,162 - WARNING - ⚠️ Tentativa 1: Limite de requisições. Aguardando 5s...
2025-05-26 13:22:43,352 - INFO - ✅ Backup criado: BlockBackup-Restore Banco BI Royal-BKPAUTCITEL-20250526-1322
2025-05-26 13:22:43,928 - INFO - 
🔍 Processando block volume: Restore Banco BI Piso e Cia 
2025-05-26 13:22:44,211 - INFO - ✅ Backup criado: BlockBackup-Restore Banco BI Piso e Cia -BKPAUTCITEL-20250526-1322
2025-05-26 13:22:44,802 - INFO - 
🔍 Processando block volume: Restore Banco BI MaxVinil
2025-05-26 13:22:45,142 - INFO - ✅ Backup criado: BlockBackup-Restore Banco BI MaxVinil-BKPAUTCITEL-20250526-1322
2025-05-26 13:22:45,701 - INFO - 
🔍 Processando block volume: Restore Banco BI Vermat
2025-05-26 13:22:45,973 - INFO - ✅ Backup criado: BlockBackup-Restore Banco BI Vermat-BKPAUTCITEL-20250526-1322
2025-05-26 13:22:46,530 - INFO - 
🔍 Processando block volume: Restore Banco BI Perin
2025-05-26 13:22:46,868 - INFO - ✅ Backup criado: BlockBackup-Restore Banco BI Perin-BKPAUTCITEL-20250526-1322
2025-05-26 13:22:47,426 - INFO - 
🔍 Processando block volume: Restore Banco BI AtacadaoPT
2025-05-26 13:22:47,727 - INFO - ✅ Backup criado: BlockBackup-Restore Banco BI AtacadaoPT-BKPAUTCITEL-20250526-1322
2025-05-26 13:22:48,307 - INFO - 
🔍 Processando block volume: Restore Banco BI Agrocac
2025-05-26 13:22:48,579 - INFO - ✅ Backup criado: BlockBackup-Restore Banco BI Agrocac-BKPAUTCITEL-20250526-1322
2025-05-26 13:22:49,141 - INFO - 
🔍 Processando block volume: Restore Banco BI PadraoPVC
2025-05-26 13:22:49,417 - INFO - ✅ Backup criado: BlockBackup-Restore Banco BI PadraoPVC-BKPAUTCITEL-20250526-1322
2025-05-26 13:22:49,981 - INFO - 
🔍 Processando block volume: Restore Banco BI Rezende
2025-05-26 13:22:50,108 - WARNING - ⚠️ Tentativa 1: Limite de requisições. Aguardando 5s...
2025-05-26 13:22:57,912 - INFO - ✅ Backup criado: BlockBackup-Restore Banco BI Rezende-BKPAUTCITEL-20250526-1322
2025-05-26 13:22:58,469 - INFO - 
🔍 Processando block volume: Restore Banco BI MadMapa
2025-05-26 13:22:58,594 - WARNING - ⚠️ Tentativa 1: Limite de requisições. Aguardando 5s...
2025-05-26 13:23:07,032 - WARNING - ⚠️ Tentativa 2: Limite de requisições. Aguardando 10s...
2025-05-26 13:23:21,849 - INFO - ✅ Backup criado: BlockBackup-Restore Banco BI MadMapa-BKPAUTCITEL-20250526-1322
2025-05-26 13:23:22,406 - INFO - 
🔍 Processando block volume: Restore Banco BI Santana
2025-05-26 13:23:22,676 - INFO - ✅ Backup criado: BlockBackup-Restore Banco BI Santana-BKPAUTCITEL-20250526-1323
2025-05-26 13:23:23,235 - INFO - 
🔍 Processando block volume: Restore Banco BI VarejaodasTintas
2025-05-26 13:23:23,595 - INFO - ✅ Backup criado: BlockBackup-Restore Banco BI VarejaodasTintas-BKPAUTCITEL-20250526-1323
2025-05-26 13:23:24,157 - INFO - 
🔍 Processando block volume: Restore Banco BI ElloTintas
2025-05-26 13:23:24,443 - INFO - ✅ Backup criado: BlockBackup-Restore Banco BI ElloTintas-BKPAUTCITEL-20250526-1323
2025-05-26 13:23:25,036 - INFO - 
🔍 Processando block volume: Restore Banco BI Moto One
2025-05-26 13:23:25,322 - INFO - ✅ Backup criado: BlockBackup-Restore Banco BI Moto One-BKPAUTCITEL-20250526-1323
2025-05-26 13:23:25,892 - INFO - 
🔍 Processando block volume: Restore Banco BI OLV
2025-05-26 13:23:26,193 - INFO - ✅ Backup criado: BlockBackup-Restore Banco BI OLV-BKPAUTCITEL-20250526-1323
2025-05-26 13:23:26,817 - INFO - 
🔍 Processando block volume: Restore Banco BI Construilma
2025-05-26 13:23:26,944 - WARNING - ⚠️ Tentativa 1: Limite de requisições. Aguardando 5s...
2025-05-26 13:23:33,254 - INFO - ✅ Backup criado: BlockBackup-Restore Banco BI Construilma-BKPAUTCITEL-20250526-1323
2025-05-26 13:23:33,833 - INFO - 
🔍 Processando block volume: Restore Banco BI Baytek
2025-05-26 13:23:33,966 - WARNING - ⚠️ Tentativa 1: Limite de requisições. Aguardando 5s...
2025-05-26 13:23:39,970 - INFO - ✅ Backup criado: BlockBackup-Restore Banco BI Baytek-BKPAUTCITEL-20250526-1323
2025-05-26 13:23:40,531 - INFO - 
🔍 Processando block volume: Restore Banco BI Soldage
2025-05-26 13:23:40,810 - INFO - ✅ Backup criado: BlockBackup-Restore Banco BI Soldage-BKPAUTCITEL-20250526-1323
2025-05-26 13:23:41,361 - INFO - 
🔍 Processando block volume: Banco Restore BI Rizato
2025-05-26 13:23:41,486 - WARNING - ⚠️ Tentativa 1: Limite de requisições. Aguardando 5s...
2025-05-26 13:23:49,975 - WARNING - ⚠️ Tentativa 2: Limite de requisições. Aguardando 10s...
2025-05-26 13:24:05,570 - INFO - ✅ Backup criado: BlockBackup-Banco Restore BI Rizato-BKPAUTCITEL-20250526-1323
2025-05-26 13:24:06,132 - INFO - 
🔍 Processando block volume: Restore Banco BI Colomarti
2025-05-26 13:24:06,258 - WARNING - ⚠️ Tentativa 1: Limite de requisições. Aguardando 5s...
2025-05-26 13:24:16,676 - INFO - ✅ Backup criado: BlockBackup-Restore Banco BI Colomarti-BKPAUTCITEL-20250526-1324
2025-05-26 13:24:17,235 - INFO - 
🔍 Processando block volume: HD BKP BI Gasparzinho
2025-05-26 13:24:17,360 - WARNING - ⚠️ Tentativa 1: Limite de requisições. Aguardando 5s...
2025-05-26 13:24:23,852 - INFO - ✅ Backup criado: BlockBackup-HD BKP BI Gasparzinho-BKPAUTCITEL-20250526-1324
2025-05-26 13:24:24,405 - INFO - 
🔍 Processando block volume: Banco_srvEstrategico
2025-05-26 13:24:24,689 - INFO - ✅ Backup criado: BlockBackup-Banco_srvEstrategico-BKPAUTCITEL-20250526-1324
2025-05-26 13:24:25,261 - INFO - 
🔍 Processando block volume: Restore banco Palmas bkp2 
2025-05-26 13:24:25,538 - INFO - ✅ Backup criado: BlockBackup-Restore banco Palmas bkp2 -BKPAUTCITEL-20250526-1324
2025-05-26 13:24:26,105 - INFO - 
🔍 Processando block volume: Restore Banco 2B bkp2
2025-05-26 13:24:26,382 - INFO - ✅ Backup criado: BlockBackup-Restore Banco 2B bkp2-BKPAUTCITEL-20250526-1324
2025-05-26 13:24:26,937 - INFO - 
🔍 Processando block volume: Restore Banco BI Refrigas2
2025-05-26 13:24:27,061 - WARNING - ⚠️ Tentativa 1: Limite de requisições. Aguardando 5s...
2025-05-26 13:24:35,221 - WARNING - ⚠️ Tentativa 2: Limite de requisições. Aguardando 10s...
2025-05-26 13:24:47,308 - INFO - ✅ Backup criado: BlockBackup-Restore Banco BI Refrigas2-BKPAUTCITEL-20250526-1324
2025-05-26 13:24:47,883 - INFO - 
🔍 Processando block volume: BKP Valclei tkt 1076246
2025-05-26 13:24:48,010 - WARNING - ⚠️ Tentativa 1: Limite de requisições. Aguardando 5s...
2025-05-26 13:24:54,068 - WARNING - ⚠️ Tentativa 2: Limite de requisições. Aguardando 10s...
2025-05-26 13:25:06,115 - INFO - ✅ Backup criado: BlockBackup-BKP Valclei tkt 1076246-BKPAUTCITEL-20250526-1324
2025-05-26 13:25:06,668 - INFO - 
🔍 Processando block volume: Restore2 BI Paratudo
2025-05-26 13:25:06,980 - INFO - ✅ Backup criado: BlockBackup-Restore2 BI Paratudo-BKPAUTCITEL-20250526-1325
2025-05-26 13:25:07,524 - INFO - 
🔍 Processando block volume: Banco2 MiaraKruger bi 
2025-05-26 13:25:07,933 - INFO - ✅ Backup criado: BlockBackup-Banco2 MiaraKruger bi -BKPAUTCITEL-20250526-1325
2025-05-26 13:25:08,496 - INFO - 
✅ Execução concluída com sucesso
