2025-05-26 00:15:50,773 - INFO - 
🔍 Processando block volume: LinuxTSPlus1
2025-05-26 00:15:51,044 - INFO - ✅ Backup criado: BlockBackup-LinuxTSPlus1-BKPAUTCITEL-20250526-0015
2025-05-26 00:15:51,613 - INFO - 
🔍 Processando block volume: Banco1LinuxTSPlus2
2025-05-26 00:15:51,938 - INFO - ✅ Backup criado: BlockBackup-Banco1LinuxTSPlus2-BKPAUTCITEL-20250526-0015
2025-05-26 00:15:52,524 - INFO - 
🔍 Processando block volume: Banco1LinuxTSPlus4
2025-05-26 00:15:52,831 - INFO - ✅ Backup criado: BlockBackup-Banco1LinuxTSPlus4-BKPAUTCITEL-20250526-0015
2025-05-26 00:15:53,418 - INFO - 
🔍 Processando block volume: Banco1LinuxTSPlus20
2025-05-26 00:15:53,706 - INFO - ✅ Backup criado: BlockBackup-Banco1LinuxTSPlus20-BKPAUTCITEL-20250526-0015
2025-05-26 00:15:54,271 - INFO - 
🔍 Processando block volume: Banco3LinuxTSPlus1
2025-05-26 00:15:54,396 - WARNING - ⚠️ Tentativa 1: Limite de requisições. Aguardando 5s...
2025-05-26 00:16:00,951 - WARNING - ⚠️ Tentativa 2: Limite de requisições. Aguardando 10s...
2025-05-26 00:16:16,638 - INFO - ✅ Backup criado: BlockBackup-Banco3LinuxTSPlus1-BKPAUTCITEL-20250526-0015
2025-05-26 00:16:17,209 - INFO - 
🔍 Processando block volume: Banco_PalacioFerramentas
2025-05-26 00:16:17,333 - WARNING - ⚠️ Tentativa 1: Limite de requisições. Aguardando 5s...
2025-05-26 00:16:24,153 - INFO - ✅ Backup criado: BlockBackup-Banco_PalacioFerramentas-BKPAUTCITEL-20250526-0016
2025-05-26 00:16:24,741 - INFO - 
🔍 Processando block volume: Banco1LinuxTSPlus25
2025-05-26 00:16:24,865 - WARNING - ⚠️ Tentativa 1: Limite de requisições. Aguardando 5s...
2025-05-26 00:16:33,751 - INFO - ✅ Backup criado: BlockBackup-Banco1LinuxTSPlus25-BKPAUTCITEL-20250526-0016
2025-05-26 00:16:34,343 - INFO - 
🔍 Processando block volume: Banco1LinuxTSPlus30
2025-05-26 00:16:34,659 - INFO - ✅ Backup criado: BlockBackup-Banco1LinuxTSPlus30-BKPAUTCITEL-20250526-0016
2025-05-26 00:16:35,233 - INFO - 
🔍 Processando block volume: Banco5LinuxTSPlus10
2025-05-26 00:16:35,542 - INFO - ✅ Backup criado: BlockBackup-Banco5LinuxTSPlus10-BKPAUTCITEL-20250526-0016
2025-05-26 00:16:36,115 - INFO - 
🔍 Processando block volume: Banco2LinuxTSPlus20
2025-05-26 00:16:36,426 - INFO - ✅ Backup criado: BlockBackup-Banco2LinuxTSPlus20-BKPAUTCITEL-20250526-0016
2025-05-26 00:16:37,008 - INFO - 
🔍 Processando block volume: Banco2BR24
2025-05-26 00:16:37,289 - INFO - ✅ Backup criado: BlockBackup-Banco2BR24-BKPAUTCITEL-20250526-0016
2025-05-26 00:16:37,869 - INFO - 
🔍 Processando block volume: LinuxDataBelaTintas
2025-05-26 00:16:38,140 - INFO - ✅ Backup criado: BlockBackup-LinuxDataBelaTintas-BKPAUTCITEL-20250526-0016
2025-05-26 00:16:38,708 - INFO - 
🔍 Processando block volume: Bancos2_BR02
2025-05-26 00:16:38,832 - WARNING - ⚠️ Tentativa 1: Limite de requisições. Aguardando 5s...
2025-05-26 00:16:48,284 - INFO - ✅ Backup criado: BlockBackup-Bancos2_BR02-BKPAUTCITEL-20250526-0016
2025-05-26 00:16:48,854 - INFO - 
🔍 Processando block volume: Bancos4_BR01
2025-05-26 00:16:48,979 - WARNING - ⚠️ Tentativa 1: Limite de requisições. Aguardando 5s...
2025-05-26 00:16:58,008 - INFO - ✅ Backup criado: BlockBackup-Bancos4_BR01-BKPAUTCITEL-20250526-0016
2025-05-26 00:16:58,590 - INFO - 
🔍 Processando block volume: BKO Palacio TKT 651385
2025-05-26 00:16:58,719 - WARNING - ⚠️ Tentativa 1: Limite de requisições. Aguardando 5s...
2025-05-26 00:17:07,880 - ERROR - ❌ Erro ao criar backup: {'target_service': 'blockstorage', 'status': 409, 'code': 'Conflict', 'opc-request-id': 'DBF25D5B432549E6A5C2A10760FD10F4/8E4B54AF6838922E5818A4C5FF1C05A4/C990DD219D39DC6FF75F43C39919AB72', 'message': 'There is currently a backup operation in progress for Volume ocid1.volume.oc1.sa-saopaulo-1.abtxeljrqaincqcyck47753wctaim3lfil7sko6g44sqeercjiikrbrdq5ba.', 'operation_name': 'create_volume_backup', 'timestamp': '2025-05-26T00:17:07.879949+00:00', 'client_version': 'Oracle-PythonSDK/2.150.3', 'request_endpoint': 'POST https://iaas.sa-saopaulo-1.oraclecloud.com/20160918/volumeBackups', 'logging_tips': 'To get more info on the failing request, refer to https://docs.oracle.com/en-us/iaas/tools/python/latest/logging.html for ways to log the request/response details.', 'troubleshooting_tips': "See https://docs.oracle.com/iaas/Content/API/References/apierrors.htm#apierrors_409__409_conflict for more information about resolving this error. Also see https://docs.oracle.com/iaas/api/#/en/iaas/20160918/VolumeBackup/CreateVolumeBackup for details on this operation's requirements. If you are unable to resolve this blockstorage issue, please contact Oracle support and provide them this full error message."}
2025-05-26 00:17:08,445 - INFO - 
🔍 Processando block volume: Bancos3_BR25
2025-05-26 00:17:08,570 - WARNING - ⚠️ Tentativa 1: Limite de requisições. Aguardando 5s...
2025-05-26 00:17:17,838 - INFO - ✅ Backup criado: BlockBackup-Bancos3_BR25-BKPAUTCITEL-20250526-0017
2025-05-26 00:17:18,407 - INFO - 
🔍 Processando block volume: GeB
2025-05-26 00:17:18,532 - WARNING - ⚠️ Tentativa 1: Limite de requisições. Aguardando 5s...
2025-05-26 00:17:28,248 - INFO - ✅ Backup criado: BlockBackup-GeB-BKPAUTCITEL-20250526-0017
2025-05-26 00:17:28,811 - INFO - 
🔍 Processando block volume: Banco3_BR20
2025-05-26 00:17:29,091 - INFO - ✅ Backup criado: BlockBackup-Banco3_BR20-BKPAUTCITEL-20250526-0017
2025-05-26 00:17:29,662 - INFO - 
🔍 Processando block volume: Banco_Darka
2025-05-26 00:17:29,787 - WARNING - ⚠️ Tentativa 1: Limite de requisições. Aguardando 5s...
2025-05-26 00:17:39,750 - WARNING - ⚠️ Tentativa 2: Limite de requisições. Aguardando 10s...
2025-05-26 00:17:55,213 - INFO - ✅ Backup criado: BlockBackup-Banco_Darka-BKPAUTCITEL-20250526-0017
2025-05-26 00:17:55,792 - INFO - 
🔍 Processando block volume: Banco4LinuxTSPlus20
2025-05-26 00:17:56,105 - INFO - ✅ Backup criado: BlockBackup-Banco4LinuxTSPlus20-BKPAUTCITEL-20250526-0017
2025-05-26 00:17:56,681 - INFO - 
🔍 Processando block volume: BackupGeB
2025-05-26 00:17:57,008 - INFO - ✅ Backup criado: BlockBackup-BackupGeB-BKPAUTCITEL-20250526-0017
2025-05-26 00:17:57,574 - INFO - 
🔍 Processando block volume: BancoGeB
2025-05-26 00:17:57,859 - INFO - ✅ Backup criado: BlockBackup-BancoGeB-BKPAUTCITEL-20250526-0017
2025-05-26 00:17:58,428 - INFO - 
🔍 Processando block volume: Bancos5_BR1
2025-05-26 00:17:58,552 - WARNING - ⚠️ Tentativa 1: Limite de requisições. Aguardando 5s...
2025-05-26 00:18:06,593 - INFO - ✅ Backup criado: BlockBackup-Bancos5_BR1-BKPAUTCITEL-20250526-0017
2025-05-26 00:18:07,179 - INFO - 
🔍 Processando block volume: BackupCoresVivas TKT 902822
2025-05-26 00:18:07,536 - INFO - ✅ Backup criado: BlockBackup-BackupCoresVivas TKT 902822-BKPAUTCITEL-20250526-0018
2025-05-26 00:18:08,170 - INFO - 
🔍 Processando block volume: bkpBoomerVinicius
2025-05-26 00:18:08,295 - WARNING - ⚠️ Tentativa 1: Limite de requisições. Aguardando 5s...
2025-05-26 00:18:16,397 - INFO - ✅ Backup criado: BlockBackup-bkpBoomerVinicius-BKPAUTCITEL-20250526-0018
2025-05-26 00:18:16,965 - INFO - 
🔍 Processando block volume: GeB2
2025-05-26 00:18:17,235 - INFO - ✅ Backup criado: BlockBackup-GeB2-BKPAUTCITEL-20250526-0018
2025-05-26 00:18:17,818 - INFO - 
🔍 Processando block volume: bkpParque1014464
2025-05-26 00:18:17,942 - WARNING - ⚠️ Tentativa 1: Limite de requisições. Aguardando 5s...
2025-05-26 00:18:25,239 - INFO - ✅ Backup criado: BlockBackup-bkpParque1014464-BKPAUTCITEL-20250526-0018
2025-05-26 00:18:25,850 - INFO - 
🔍 Processando block volume: bkpPedrao1020442
2025-05-26 00:18:26,141 - INFO - ✅ Backup criado: BlockBackup-bkpPedrao1020442-BKPAUTCITEL-20250526-0018
2025-05-26 00:18:26,720 - INFO - 
🔍 Processando block volume: Backup_BR34_1031161
2025-05-26 00:18:26,845 - WARNING - ⚠️ Tentativa 1: Limite de requisições. Aguardando 5s...
2025-05-26 00:18:36,909 - INFO - ✅ Backup criado: BlockBackup-Backup_BR34_1031161-BKPAUTCITEL-20250526-0018
2025-05-26 00:18:37,479 - INFO - 
🔍 Processando block volume: GeB BancoTeste tkt 1048932
2025-05-26 00:18:37,785 - INFO - ✅ Backup criado: BlockBackup-GeB BancoTeste tkt 1048932-BKPAUTCITEL-20250526-0018
2025-05-26 00:18:38,376 - INFO - 
🔍 Processando block volume: Banco1LinuxTSPlus11_clone2904
2025-05-26 00:18:38,500 - WARNING - ⚠️ Tentativa 1: Limite de requisições. Aguardando 5s...
2025-05-26 00:18:48,810 - INFO - ✅ Backup criado: BlockBackup-Banco1LinuxTSPlus11_clone2904-BKPAUTCITEL-20250526-0018
2025-05-26 00:18:49,392 - INFO - 
🔍 Processando block volume: LinuxTSPlus11_BancoPRODJRPais_clone2904
2025-05-26 00:18:49,660 - INFO - ✅ Backup criado: BlockBackup-LinuxTSPlus11_BancoPRODJRPais_clone2904-BKPAUTCITEL-20250526-0018
2025-05-26 00:18:50,255 - INFO - 
🔍 Processando block volume: LinuxTSPlus30_Banco1LinuxTSPlus30_clone2904
2025-05-26 00:18:50,538 - INFO - ✅ Backup criado: BlockBackup-LinuxTSPlus30_Banco1LinuxTSPlus30_clone2904-BKPAUTCITEL-20250526-0018
2025-05-26 00:18:51,126 - INFO - 
🔍 Processando block volume: Banco-1-LinuxData012
2025-05-26 00:18:51,470 - INFO - ✅ Backup criado: BlockBackup-Banco-1-LinuxData012-BKPAUTCITEL-20250526-0018
2025-05-26 00:18:52,041 - INFO - 
🔍 Processando block volume: Banco2-LinuxData012
2025-05-26 00:18:52,341 - INFO - ✅ Backup criado: BlockBackup-Banco2-LinuxData012-BKPAUTCITEL-20250526-0018
2025-05-26 00:18:52,908 - INFO - 
🔍 Processando block volume: Banco3-LinuxData012
2025-05-26 00:18:53,033 - WARNING - ⚠️ Tentativa 1: Limite de requisições. Aguardando 5s...
2025-05-26 00:19:02,280 - INFO - ✅ Backup criado: BlockBackup-Banco3-LinuxData012-BKPAUTCITEL-20250526-0018
2025-05-26 00:19:02,859 - INFO - 
🔍 Processando block volume: LinuxTSPlus55_Banco1BR55_clone2904
2025-05-26 00:19:03,205 - INFO - ✅ Backup criado: BlockBackup-LinuxTSPlus55_Banco1BR55_clone2904-BKPAUTCITEL-20250526-0019
2025-05-26 00:19:03,804 - INFO - 
🔍 Processando block volume: LinuxTSPlus55_Banco3BR55_clone2904
2025-05-26 00:19:04,143 - INFO - ✅ Backup criado: BlockBackup-LinuxTSPlus55_Banco3BR55_clone2904-BKPAUTCITEL-20250526-0019
2025-05-26 00:19:04,730 - INFO - 
🔍 Processando block volume: LinuxTSPlus65_Banco1LinuxTSPLUS65_clone2904
2025-05-26 00:19:05,013 - INFO - ✅ Backup criado: BlockBackup-LinuxTSPlus65_Banco1LinuxTSPLUS65_clone2904-BKPAUTCITEL-20250526-0019
2025-05-26 00:19:05,593 - INFO - 
🔍 Processando block volume: LinuxTSPlus65_Banco2LinuxTSPLUS65_clone2904
2025-05-26 00:19:05,913 - INFO - ✅ Backup criado: BlockBackup-LinuxTSPlus65_Banco2LinuxTSPLUS65_clone2904-BKPAUTCITEL-20250526-0019
2025-05-26 00:19:06,485 - INFO - 
🔍 Processando block volume: LinuxTSPlus65_Banco3LinuxTSPLUS65_clone2904
2025-05-26 00:19:06,610 - WARNING - ⚠️ Tentativa 1: Limite de requisições. Aguardando 5s...
2025-05-26 00:19:15,081 - WARNING - ⚠️ Tentativa 2: Limite de requisições. Aguardando 10s...
2025-05-26 00:19:26,476 - WARNING - ⚠️ Tentativa 3: Limite de requisições. Aguardando 20s...
2025-05-26 00:19:51,005 - INFO - ✅ Backup criado: BlockBackup-LinuxTSPlus65_Banco3LinuxTSPLUS65_clone2904-BKPAUTCITEL-20250526-0019
2025-05-26 00:19:51,600 - INFO - 
🔍 Processando block volume: LinuxTSPlus65_BinariosLinuxTSPLUS65_clone2904
2025-05-26 00:19:51,881 - INFO - ✅ Backup criado: BlockBackup-LinuxTSPlus65_BinariosLinuxTSPLUS65_clone2904-BKPAUTCITEL-20250526-0019
2025-05-26 00:19:52,454 - INFO - 
🔍 Processando block volume: LinuxTSPlus28_Banco2LinuxTSPlus28_clone2904
2025-05-26 00:19:52,770 - INFO - ✅ Backup criado: BlockBackup-LinuxTSPlus28_Banco2LinuxTSPlus28_clone2904-BKPAUTCITEL-20250526-0019
2025-05-26 00:19:53,339 - INFO - 
🔍 Processando block volume: LinuxTSPlus28_bancos3_BR28_clone2904
2025-05-26 00:19:53,624 - INFO - ✅ Backup criado: BlockBackup-LinuxTSPlus28_bancos3_BR28_clone2904-BKPAUTCITEL-20250526-0019
2025-05-26 00:19:54,194 - INFO - 
🔍 Processando block volume: LinuxTSPlus29_Banco1LinuxTSPlus29_clone2904
2025-05-26 00:19:54,471 - INFO - ✅ Backup criado: BlockBackup-LinuxTSPlus29_Banco1LinuxTSPlus29_clone2904-BKPAUTCITEL-20250526-0019
2025-05-26 00:19:55,033 - INFO - 
🔍 Processando block volume: LinuxTSPlus29_Bancos2_BR29_clone2904
2025-05-26 00:19:55,157 - WARNING - ⚠️ Tentativa 1: Limite de requisições. Aguardando 5s...
2025-05-26 00:20:04,511 - INFO - ✅ Backup criado: BlockBackup-LinuxTSPlus29_Bancos2_BR29_clone2904-BKPAUTCITEL-20250526-0019
2025-05-26 00:20:05,093 - INFO - 
🔍 Processando block volume: LinuxTSPlus29_Bancos3_BR29_clone2904
2025-05-26 00:20:05,361 - INFO - ✅ Backup criado: BlockBackup-LinuxTSPlus29_Bancos3_BR29_clone2904-BKPAUTCITEL-20250526-0020
2025-05-26 00:20:05,949 - INFO - 
🔍 Processando block volume: LinuxTSPlus72_Banco2BR_72_clone2904
2025-05-26 00:20:06,230 - INFO - ✅ Backup criado: BlockBackup-LinuxTSPlus72_Banco2BR_72_clone2904-BKPAUTCITEL-20250526-0020
2025-05-26 00:20:06,866 - INFO - 
🔍 Processando block volume: LinuxTSPlus72_BancoBR_clone2904
2025-05-26 00:20:06,992 - WARNING - ⚠️ Tentativa 1: Limite de requisições. Aguardando 5s...
2025-05-26 00:20:16,374 - INFO - ✅ Backup criado: BlockBackup-LinuxTSPlus72_BancoBR_clone2904-BKPAUTCITEL-20250526-0020
2025-05-26 00:20:16,962 - INFO - 
🔍 Processando block volume: LinuxTSPlus43_Banco1LinuxTSPLUS43_clone2904
2025-05-26 00:20:17,270 - INFO - ✅ Backup criado: BlockBackup-LinuxTSPlus43_Banco1LinuxTSPLUS43_clone2904-BKPAUTCITEL-20250526-0020
2025-05-26 00:20:17,866 - INFO - 
🔍 Processando block volume: LinuxTSPlus43_HD4-LinuxDBA_clone2904
2025-05-26 00:20:17,990 - WARNING - ⚠️ Tentativa 1: Limite de requisições. Aguardando 5s...
2025-05-26 00:20:25,950 - WARNING - ⚠️ Tentativa 2: Limite de requisições. Aguardando 10s...
2025-05-26 00:20:39,899 - WARNING - ⚠️ Tentativa 3: Limite de requisições. Aguardando 20s...
2025-05-26 00:21:00,754 - INFO - ✅ Backup criado: BlockBackup-LinuxTSPlus43_HD4-LinuxDBA_clone2904-BKPAUTCITEL-20250526-0020
2025-05-26 00:21:01,341 - INFO - 
🔍 Processando block volume: LinuxTSPlus50_Banco1LinuxTSPlus50_clone2904
2025-05-26 00:21:01,662 - INFO - ✅ Backup criado: BlockBackup-LinuxTSPlus50_Banco1LinuxTSPlus50_clone2904-BKPAUTCITEL-20250526-0021
2025-05-26 00:21:02,249 - INFO - 
🔍 Processando block volume: LinuxTSPlus37_Banco1LinuxTSPLUS37_clone2904
2025-05-26 00:21:02,548 - INFO - ✅ Backup criado: BlockBackup-LinuxTSPlus37_Banco1LinuxTSPLUS37_clone2904-BKPAUTCITEL-20250526-0021
2025-05-26 00:21:03,126 - INFO - 
🔍 Processando block volume: LinuxTSPlus37_Banco2LinuxTSPLUS37_clone2904
2025-05-26 00:21:03,252 - WARNING - ⚠️ Tentativa 1: Limite de requisições. Aguardando 5s...
2025-05-26 00:21:12,031 - INFO - ✅ Backup criado: BlockBackup-LinuxTSPlus37_Banco2LinuxTSPLUS37_clone2904-BKPAUTCITEL-20250526-0021
2025-05-26 00:21:12,640 - INFO - 
🔍 Processando block volume: LinuxTSPlus40_Banco1
2025-05-26 00:21:12,937 - INFO - ✅ Backup criado: BlockBackup-LinuxTSPlus40_Banco1-BKPAUTCITEL-20250526-0021
2025-05-26 00:21:13,565 - INFO - 
🔍 Processando block volume: LinuxTSPlus32_Banco1LinuxTSPLUS32_clone2904
2025-05-26 00:21:13,893 - INFO - ✅ Backup criado: BlockBackup-LinuxTSPlus32_Banco1LinuxTSPLUS32_clone2904-BKPAUTCITEL-20250526-0021
2025-05-26 00:21:14,461 - INFO - 
🔍 Processando block volume: LinuxTSPlus32_Banco2LinuxTSPLUS32_clone2904
2025-05-26 00:21:14,586 - WARNING - ⚠️ Tentativa 1: Limite de requisições. Aguardando 5s...
2025-05-26 00:21:24,569 - WARNING - ⚠️ Tentativa 2: Limite de requisições. Aguardando 10s...
2025-05-26 00:21:35,281 - INFO - ✅ Backup criado: BlockBackup-LinuxTSPlus32_Banco2LinuxTSPLUS32_clone2904-BKPAUTCITEL-20250526-0021
2025-05-26 00:21:35,858 - INFO - 
🔍 Processando block volume: Banco2-LinuxData013
2025-05-26 00:21:35,983 - WARNING - ⚠️ Tentativa 1: Limite de requisições. Aguardando 5s...
2025-05-26 00:21:43,063 - INFO - ✅ Backup criado: BlockBackup-Banco2-LinuxData013-BKPAUTCITEL-20250526-0021
2025-05-26 00:21:43,631 - INFO - 
🔍 Processando block volume: Banco3-LinuxData013
2025-05-26 00:21:43,916 - INFO - ✅ Backup criado: BlockBackup-Banco3-LinuxData013-BKPAUTCITEL-20250526-0021
2025-05-26 00:21:44,496 - INFO - 
🔍 Processando block volume: Banco1-LinuxData013
2025-05-26 00:21:44,621 - WARNING - ⚠️ Tentativa 1: Limite de requisições. Aguardando 5s...
2025-05-26 00:21:50,427 - INFO - ✅ Backup criado: BlockBackup-Banco1-LinuxData013-BKPAUTCITEL-20250526-0021
2025-05-26 00:21:51,011 - INFO - 
🔍 Processando block volume: LinuxTSPlus14_BackupCoresVivas TKT 902822_clone2904
2025-05-26 00:21:51,281 - INFO - ✅ Backup criado: BlockBackup-LinuxTSPlus14_BackupCoresVivas TKT 902822_clone2904-BKPAUTCITEL-20250526-0021
2025-05-26 00:21:51,855 - INFO - 
🔍 Processando block volume: LinuxTSPlus14_Banco2LinuxTSPlus14_clone2904
2025-05-26 00:21:52,177 - INFO - ✅ Backup criado: BlockBackup-LinuxTSPlus14_Banco2LinuxTSPlus14_clone2904-BKPAUTCITEL-20250526-0021
2025-05-26 00:21:52,758 - INFO - 
🔍 Processando block volume: LinuxTSPlus9-Banco1LinuxTSPlus9-clone2904
2025-05-26 00:21:53,072 - INFO - ✅ Backup criado: BlockBackup-LinuxTSPlus9-Banco1LinuxTSPlus9-clone2904-BKPAUTCITEL-20250526-0021
2025-05-26 00:21:53,648 - INFO - 
🔍 Processando block volume: LinuxTSPlus9-Banco3LinuxTSPlus9-clone2904
2025-05-26 00:21:53,923 - INFO - ✅ Backup criado: BlockBackup-LinuxTSPlus9-Banco3LinuxTSPlus9-clone2904-BKPAUTCITEL-20250526-0021
2025-05-26 00:21:54,512 - INFO - 
🔍 Processando block volume: LinuxTSPlus14_BancoUbertintasTSPlus14_clone2904
2025-05-26 00:21:54,637 - WARNING - ⚠️ Tentativa 1: Limite de requisições. Aguardando 5s...
2025-05-26 00:22:03,241 - WARNING - ⚠️ Tentativa 2: Limite de requisições. Aguardando 10s...
2025-05-26 00:22:16,586 - WARNING - ⚠️ Tentativa 3: Limite de requisições. Aguardando 20s...
2025-05-26 00:22:41,745 - INFO - ✅ Backup criado: BlockBackup-LinuxTSPlus14_BancoUbertintasTSPlus14_clone2904-BKPAUTCITEL-20250526-0021
2025-05-26 00:22:42,337 - INFO - 
🔍 Processando block volume: LinuxTSPlus9-Bancos4_BR9-clone2904
2025-05-26 00:22:42,640 - INFO - ✅ Backup criado: BlockBackup-LinuxTSPlus9-Bancos4_BR9-clone2904-BKPAUTCITEL-20250526-0022
2025-05-26 00:22:43,232 - INFO - 
🔍 Processando block volume: LinuxTSPlus8-Banco1LinuxTSPlus8-clone2904
2025-05-26 00:22:43,641 - INFO - ✅ Backup criado: BlockBackup-LinuxTSPlus8-Banco1LinuxTSPlus8-clone2904-BKPAUTCITEL-20250526-0022
2025-05-26 00:22:44,215 - INFO - 
🔍 Processando block volume: LinuxTSPlus8-Banco3LinuxTSPlus8-clone2904
2025-05-26 00:22:44,479 - INFO - ✅ Backup criado: BlockBackup-LinuxTSPlus8-Banco3LinuxTSPlus8-clone2904-BKPAUTCITEL-20250526-0022
2025-05-26 00:22:45,069 - INFO - 
🔍 Processando block volume: LinuxTSPlus16_Banco1LinuxTSPlus16_clone2904
2025-05-26 00:22:45,344 - INFO - ✅ Backup criado: BlockBackup-LinuxTSPlus16_Banco1LinuxTSPlus16_clone2904-BKPAUTCITEL-20250526-0022
2025-05-26 00:22:45,943 - INFO - 
🔍 Processando block volume: LinuxTSPlus16_Banco2LinuxTSPlus16_clone2904
2025-05-26 00:22:46,242 - INFO - ✅ Backup criado: BlockBackup-LinuxTSPlus16_Banco2LinuxTSPlus16_clone2904-BKPAUTCITEL-20250526-0022
2025-05-26 00:22:46,797 - INFO - 
🔍 Processando block volume: LinuxTSPlus7-Banco2LinuxTSPlus7-block-clone2904
2025-05-26 00:22:46,921 - WARNING - ⚠️ Tentativa 1: Limite de requisições. Aguardando 5s...
2025-05-26 00:22:56,644 - INFO - ✅ Backup criado: BlockBackup-LinuxTSPlus7-Banco2LinuxTSPlus7-block-clone2904-BKPAUTCITEL-20250526-0022
2025-05-26 00:22:57,231 - INFO - 
🔍 Processando block volume: LinuxTSPlus7-Banco3LinuxTSPlus7-block-clone2904
2025-05-26 00:22:57,356 - WARNING - ⚠️ Tentativa 1: Limite de requisições. Aguardando 5s...
2025-05-26 00:23:04,202 - WARNING - ⚠️ Tentativa 2: Limite de requisições. Aguardando 10s...
2025-05-26 00:23:15,234 - INFO - ✅ Backup criado: BlockBackup-LinuxTSPlus7-Banco3LinuxTSPlus7-block-clone2904-BKPAUTCITEL-20250526-0022
2025-05-26 00:23:15,815 - INFO - 
🔍 Processando block volume: LinuxTSPlus7-Banco3_BR7-block-clone2904
2025-05-26 00:23:16,107 - INFO - ✅ Backup criado: BlockBackup-LinuxTSPlus7-Banco3_BR7-block-clone2904-BKPAUTCITEL-20250526-0023
2025-05-26 00:23:16,674 - INFO - 
🔍 Processando block volume: LinuxTSPlus17_Banco2LinuxTSPlus17_clone2904
2025-05-26 00:23:16,799 - WARNING - ⚠️ Tentativa 1: Limite de requisições. Aguardando 5s...
2025-05-26 00:23:25,124 - INFO - ✅ Backup criado: BlockBackup-LinuxTSPlus17_Banco2LinuxTSPlus17_clone2904-BKPAUTCITEL-20250526-0023
2025-05-26 00:23:25,701 - INFO - 
🔍 Processando block volume: LinuxTSPlus17_BancoPRODBelaTintas_clone2904
2025-05-26 00:23:25,825 - WARNING - ⚠️ Tentativa 1: Limite de requisições. Aguardando 5s...
2025-05-26 00:23:33,879 - WARNING - ⚠️ Tentativa 2: Limite de requisições. Aguardando 10s...
2025-05-26 00:23:45,414 - INFO - ✅ Backup criado: BlockBackup-LinuxTSPlus17_BancoPRODBelaTintas_clone2904-BKPAUTCITEL-20250526-0023
2025-05-26 00:23:46,030 - INFO - 
🔍 Processando block volume: LinuxTSPlus17_HD5-LinuxDBAs_clone2904
2025-05-26 00:23:46,361 - INFO - ✅ Backup criado: BlockBackup-LinuxTSPlus17_HD5-LinuxDBAs_clone2904-BKPAUTCITEL-20250526-0023
2025-05-26 00:23:46,938 - INFO - 
🔍 Processando block volume: LinuxTSPlus6-Banco3LinuxTSPlus6-block-clone2904
2025-05-26 00:23:47,238 - INFO - ✅ Backup criado: BlockBackup-LinuxTSPlus6-Banco3LinuxTSPlus6-block-clone2904-BKPAUTCITEL-20250526-0023
2025-05-26 00:23:47,808 - INFO - 
🔍 Processando block volume: LinuxTSPlus6-Banco4LinuxTSPlus6-block-clone2904
2025-05-26 00:23:48,275 - INFO - ✅ Backup criado: BlockBackup-LinuxTSPlus6-Banco4LinuxTSPlus6-block-clone2904-BKPAUTCITEL-20250526-0023
2025-05-26 00:23:48,852 - INFO - 
🔍 Processando block volume: LinuxTSPlus18-Banco1LinuxTSPlus18-block-2904
2025-05-26 00:23:49,146 - INFO - ✅ Backup criado: BlockBackup-LinuxTSPlus18-Banco1LinuxTSPlus18-block-2904-BKPAUTCITEL-20250526-0023
2025-05-26 00:23:49,718 - INFO - 
🔍 Processando block volume: LinuxTSPlus18-Banco2LinuxTSPlus18-block-2904
2025-05-26 00:23:49,842 - WARNING - ⚠️ Tentativa 1: Limite de requisições. Aguardando 5s...
2025-05-26 00:23:58,037 - INFO - ✅ Backup criado: BlockBackup-LinuxTSPlus18-Banco2LinuxTSPlus18-block-2904-BKPAUTCITEL-20250526-0023
2025-05-26 00:23:58,626 - INFO - 
🔍 Processando block volume: LinuxTSPlus18-Bancos4_BR18-block-2904
2025-05-26 00:23:58,909 - INFO - ✅ Backup criado: BlockBackup-LinuxTSPlus18-Bancos4_BR18-block-2904-BKPAUTCITEL-20250526-0023
2025-05-26 00:23:59,479 - INFO - 
🔍 Processando block volume: LinuxTsplus59-Banco2Linux59-block-clone2904
2025-05-26 00:23:59,770 - INFO - ✅ Backup criado: BlockBackup-LinuxTsplus59-Banco2Linux59-block-clone2904-BKPAUTCITEL-20250526-0023
2025-05-26 00:24:00,363 - INFO - 
🔍 Processando block volume: LinuxTsplus59-BancoLinux59-block-clone2904
2025-05-26 00:24:00,641 - INFO - ✅ Backup criado: BlockBackup-LinuxTsplus59-BancoLinux59-block-clone2904-BKPAUTCITEL-20250526-0024
2025-05-26 00:24:01,232 - INFO - 
🔍 Processando block volume: LinuxTSPlus19_Banco1LinuxTSPlus19_clone2904
2025-05-26 00:24:01,513 - INFO - ✅ Backup criado: BlockBackup-LinuxTSPlus19_Banco1LinuxTSPlus19_clone2904-BKPAUTCITEL-20250526-0024
2025-05-26 00:24:02,085 - INFO - 
🔍 Processando block volume: LinuxTSPlus19_Banco3LinuxTSPlus19_clone2904
2025-05-26 00:24:02,355 - INFO - ✅ Backup criado: BlockBackup-LinuxTSPlus19_Banco3LinuxTSPlus19_clone2904-BKPAUTCITEL-20250526-0024
2025-05-26 00:24:02,935 - INFO - 
🔍 Processando block volume: LinuxTSPlus20_Banco1LinuxTSPlus20_clone2904
2025-05-26 00:24:03,243 - INFO - ✅ Backup criado: BlockBackup-LinuxTSPlus20_Banco1LinuxTSPlus20_clone2904-BKPAUTCITEL-20250526-0024
2025-05-26 00:24:03,804 - INFO - 
🔍 Processando block volume: LinuxTSPlus20_Banco2LinuxTSPlus20_clone2904
2025-05-26 00:24:03,931 - WARNING - ⚠️ Tentativa 1: Limite de requisições. Aguardando 5s...
2025-05-26 00:24:09,610 - WARNING - ⚠️ Tentativa 2: Limite de requisições. Aguardando 10s...
2025-05-26 00:24:23,773 - INFO - ✅ Backup criado: BlockBackup-LinuxTSPlus20_Banco2LinuxTSPlus20_clone2904-BKPAUTCITEL-20250526-0024
2025-05-26 00:24:24,343 - INFO - 
🔍 Processando block volume: LinuxTSPlus20_Banco3_BR20_clone2904
2025-05-26 00:24:24,638 - INFO - ✅ Backup criado: BlockBackup-LinuxTSPlus20_Banco3_BR20_clone2904-BKPAUTCITEL-20250526-0024
2025-05-26 00:24:25,217 - INFO - 
🔍 Processando block volume: LinuxTSPlus20_Banco4LinuxTSPlus20_clone2904
2025-05-26 00:24:25,342 - WARNING - ⚠️ Tentativa 1: Limite de requisições. Aguardando 5s...
2025-05-26 00:24:34,135 - WARNING - ⚠️ Tentativa 2: Limite de requisições. Aguardando 10s...
2025-05-26 00:24:48,627 - WARNING - ⚠️ Tentativa 3: Limite de requisições. Aguardando 20s...
2025-05-26 00:25:09,768 - WARNING - ⚠️ Tentativa 4: Limite de requisições. Aguardando 40s...
2025-05-26 00:25:50,829 - INFO - ✅ Backup criado: BlockBackup-LinuxTSPlus20_Banco4LinuxTSPlus20_clone2904-BKPAUTCITEL-20250526-0024
2025-05-26 00:25:51,418 - INFO - 
🔍 Processando block volume: LinuxTSPlus5-Banco3LinuxBR5-block-clone2904
2025-05-26 00:25:51,708 - INFO - ✅ Backup criado: BlockBackup-LinuxTSPlus5-Banco3LinuxBR5-block-clone2904-BKPAUTCITEL-20250526-0025
2025-05-26 00:25:52,290 - INFO - 
🔍 Processando block volume: LinuxTSPlus5-Banco2LinuxBR5-block-clone2904
2025-05-26 00:25:52,572 - INFO - ✅ Backup criado: BlockBackup-LinuxTSPlus5-Banco2LinuxBR5-block-clone2904-BKPAUTCITEL-20250526-0025
2025-05-26 00:25:53,152 - INFO - 
🔍 Processando block volume: Banco1-LinuxData004
2025-05-26 00:25:53,461 - INFO - ✅ Backup criado: BlockBackup-Banco1-LinuxData004-BKPAUTCITEL-20250526-0025
2025-05-26 00:25:54,031 - INFO - 
🔍 Processando block volume: Banco2-LinuxData004
2025-05-26 00:25:54,352 - INFO - ✅ Backup criado: BlockBackup-Banco2-LinuxData004-BKPAUTCITEL-20250526-0025
2025-05-26 00:25:54,926 - INFO - 
🔍 Processando block volume: Banco3-LinuxData004
2025-05-26 00:25:55,214 - INFO - ✅ Backup criado: BlockBackup-Banco3-LinuxData004-BKPAUTCITEL-20250526-0025
2025-05-26 00:25:55,793 - INFO - 
🔍 Processando block volume: LinuxTSPlus48-block-Restore
2025-05-26 00:25:56,113 - INFO - ✅ Backup criado: BlockBackup-LinuxTSPlus48-block-Restore-BKPAUTCITEL-20250526-0025
2025-05-26 00:25:56,706 - INFO - 
🔍 Processando block volume: LinuxData007-Banco4
2025-05-26 00:25:56,988 - INFO - ✅ Backup criado: BlockBackup-LinuxData007-Banco4-BKPAUTCITEL-20250526-0025
2025-05-26 00:25:57,552 - INFO - 
🔍 Processando block volume: Banco2LinuxBR21-Restore
2025-05-26 00:25:57,829 - INFO - ✅ Backup criado: BlockBackup-Banco2LinuxBR21-Restore-BKPAUTCITEL-20250526-0025
2025-05-26 00:25:58,403 - INFO - 
🔍 Processando block volume: LinuxTSPlus41-block-Restore
2025-05-26 00:25:58,528 - WARNING - ⚠️ Tentativa 1: Limite de requisições. Aguardando 5s...
2025-05-26 00:26:05,579 - INFO - ✅ Backup criado: BlockBackup-LinuxTSPlus41-block-Restore-BKPAUTCITEL-20250526-0025
2025-05-26 00:26:06,191 - INFO - 
🔍 Processando block volume: Banco1LinuxTSPlus26-Restore
2025-05-26 00:26:06,316 - WARNING - ⚠️ Tentativa 1: Limite de requisições. Aguardando 5s...
2025-05-26 00:26:13,041 - INFO - ✅ Backup criado: BlockBackup-Banco1LinuxTSPlus26-Restore-BKPAUTCITEL-20250526-0026
2025-05-26 00:26:13,639 - INFO - 
🔍 Processando block volume: LinuxTSPlus36-block-Restore
2025-05-26 00:26:13,763 - WARNING - ⚠️ Tentativa 1: Limite de requisições. Aguardando 5s...
2025-05-26 00:26:22,843 - WARNING - ⚠️ Tentativa 2: Limite de requisições. Aguardando 10s...
2025-05-26 00:26:36,374 - WARNING - ⚠️ Tentativa 3: Limite de requisições. Aguardando 20s...
2025-05-26 00:26:57,312 - INFO - ✅ Backup criado: BlockBackup-LinuxTSPlus36-block-Restore-BKPAUTCITEL-20250526-0026
2025-05-26 00:26:57,887 - INFO - 
🔍 Processando block volume: LinuxTSPlus34-Bancos3_BR34-backup-Restore
2025-05-26 00:26:58,170 - INFO - ✅ Backup criado: BlockBackup-LinuxTSPlus34-Bancos3_BR34-backup-Restore-BKPAUTCITEL-20250526-0026
2025-05-26 00:26:58,753 - INFO - 
🔍 Processando block volume: LinuxTSPlus34-Bancos2_BR34-backup-Restore
2025-05-26 00:26:59,068 - INFO - ✅ Backup criado: BlockBackup-LinuxTSPlus34-Bancos2_BR34-backup-Restore-BKPAUTCITEL-20250526-0026
2025-05-26 00:26:59,652 - INFO - 
🔍 Processando block volume: Banco1LinuxTSPLUS33-Restore
2025-05-26 00:26:59,960 - INFO - ✅ Backup criado: BlockBackup-Banco1LinuxTSPLUS33-Restore-BKPAUTCITEL-20250526-0026
2025-05-26 00:27:00,531 - INFO - 
🔍 Processando block volume: Banco2BR33-Restore
2025-05-26 00:27:00,834 - INFO - ✅ Backup criado: BlockBackup-Banco2BR33-Restore-BKPAUTCITEL-20250526-0027
2025-05-26 00:27:01,402 - INFO - 
🔍 Processando block volume: LinuxTSPlus34-Banco1LinuxTSPLUS34-backup-Restore
2025-05-26 00:27:01,764 - INFO - ✅ Backup criado: BlockBackup-LinuxTSPlus34-Banco1LinuxTSPLUS34-backup-Restore-BKPAUTCITEL-20250526-0027
2025-05-26 00:27:02,353 - INFO - 
🔍 Processando block volume: LinuxTSPlus1-Restore1
2025-05-26 00:27:02,477 - WARNING - ⚠️ Tentativa 1: Limite de requisições. Aguardando 5s...
2025-05-26 00:27:13,156 - INFO - ✅ Backup criado: BlockBackup-LinuxTSPlus1-Restore1-BKPAUTCITEL-20250526-0027
2025-05-26 00:27:13,744 - INFO - 
🔍 Processando block volume: Bancos5_BR1-Restore2
2025-05-26 00:27:14,064 - INFO - ✅ Backup criado: BlockBackup-Bancos5_BR1-Restore2-BKPAUTCITEL-20250526-0027
2025-05-26 00:27:14,654 - INFO - 
🔍 Processando block volume: Bancos4_BR01-Restore3
2025-05-26 00:27:14,979 - INFO - ✅ Backup criado: BlockBackup-Bancos4_BR01-Restore3-BKPAUTCITEL-20250526-0027
2025-05-26 00:27:15,553 - INFO - 
🔍 Processando block volume: Banco3LinuxTSPlus1-Restore4
2025-05-26 00:27:15,829 - INFO - ✅ Backup criado: BlockBackup-Banco3LinuxTSPlus1-Restore4-BKPAUTCITEL-20250526-0027
2025-05-26 00:27:16,384 - INFO - 
🔍 Processando block volume: Banco1LinuxTSPlus24-Restore
2025-05-26 00:27:16,508 - WARNING - ⚠️ Tentativa 1: Limite de requisições. Aguardando 5s...
2025-05-26 00:27:24,558 - INFO - ✅ Backup criado: BlockBackup-Banco1LinuxTSPlus24-Restore-BKPAUTCITEL-20250526-0027
2025-05-26 00:27:25,126 - INFO - 
🔍 Processando block volume: Banco1LinuxTSPlus22-Restore
2025-05-26 00:27:25,250 - WARNING - ⚠️ Tentativa 1: Limite de requisições. Aguardando 5s...
2025-05-26 00:27:35,425 - INFO - ✅ Backup criado: BlockBackup-Banco1LinuxTSPlus22-Restore-BKPAUTCITEL-20250526-0027
2025-05-26 00:27:36,003 - INFO - 
🔍 Processando block volume: Banco3LinuxTSPlus22-Restore
2025-05-26 00:27:36,271 - INFO - ✅ Backup criado: BlockBackup-Banco3LinuxTSPlus22-Restore-BKPAUTCITEL-20250526-0027
2025-05-26 00:27:36,845 - INFO - 
🔍 Processando block volume: Banco2LinuxTSPlus22-Restore
2025-05-26 00:27:36,970 - WARNING - ⚠️ Tentativa 1: Limite de requisições. Aguardando 5s...
2025-05-26 00:27:47,372 - INFO - ✅ Backup criado: BlockBackup-Banco2LinuxTSPlus22-Restore-BKPAUTCITEL-20250526-0027
2025-05-26 00:27:47,956 - INFO - 
🔍 Processando block volume: LinuxData010-PalacioTKT651385
2025-05-26 00:27:48,080 - WARNING - ⚠️ Tentativa 1: Limite de requisições. Aguardando 5s...
2025-05-26 00:27:54,780 - INFO - ✅ Backup criado: BlockBackup-LinuxData010-PalacioTKT651385-BKPAUTCITEL-20250526-0027
2025-05-26 00:27:55,383 - INFO - 
🔍 Processando block volume: LinuxData010-Banco4
2025-05-26 00:27:55,678 - INFO - ✅ Backup criado: BlockBackup-LinuxData010-Banco4-BKPAUTCITEL-20250526-0027
2025-05-26 00:27:56,267 - INFO - 
🔍 Processando block volume: LinuxData010-Banco5
2025-05-26 00:27:56,396 - WARNING - ⚠️ Tentativa 1: Limite de requisições. Aguardando 5s...
2025-05-26 00:28:04,059 - INFO - ✅ Backup criado: BlockBackup-LinuxData010-Banco5-BKPAUTCITEL-20250526-0027
2025-05-26 00:28:04,646 - INFO - 
🔍 Processando block volume: LinuxData010-GeB
2025-05-26 00:28:04,770 - WARNING - ⚠️ Tentativa 1: Limite de requisições. Aguardando 5s...
2025-05-26 00:28:12,362 - INFO - ✅ Backup criado: BlockBackup-LinuxData010-GeB-BKPAUTCITEL-20250526-0028
2025-05-26 00:28:12,949 - INFO - 
🔍 Processando block volume: LinuxData020-Banco3_BR20
2025-05-26 00:28:13,279 - INFO - ✅ Backup criado: BlockBackup-LinuxData020-Banco3_BR20-BKPAUTCITEL-20250526-0028
2025-05-26 00:28:13,858 - INFO - 
🔍 Processando block volume: Banco3_BR20-RESTORE_FILES
2025-05-26 00:28:14,162 - INFO - ✅ Backup criado: BlockBackup-Banco3_BR20-RESTORE_FILES-BKPAUTCITEL-20250526-0028
2025-05-26 00:28:14,728 - INFO - 
🔍 Processando block volume: LinuxData030_clone06052025
2025-05-26 00:28:14,852 - WARNING - ⚠️ Tentativa 1: Limite de requisições. Aguardando 5s...
2025-05-26 00:28:23,991 - INFO - ✅ Backup criado: BlockBackup-LinuxData030_clone06052025-BKPAUTCITEL-20250526-0028
2025-05-26 00:28:24,552 - INFO - 
🔍 Processando block volume: Restore_Teste_Bancos3_BR20
2025-05-26 00:28:24,846 - INFO - ✅ Backup criado: BlockBackup-Restore_Teste_Bancos3_BR20-BKPAUTCITEL-20250526-0028
2025-05-26 00:28:25,420 - INFO - 
🔍 Processando block volume: Restore Banco ComercialCarvalho
2025-05-26 00:28:25,552 - WARNING - ⚠️ Tentativa 1: Limite de requisições. Aguardando 5s...
2025-05-26 00:28:35,171 - WARNING - ⚠️ Tentativa 2: Limite de requisições. Aguardando 10s...
2025-05-26 00:28:45,990 - INFO - ✅ Backup criado: BlockBackup-Restore Banco ComercialCarvalho-BKPAUTCITEL-20250526-0028
2025-05-26 00:28:46,573 - INFO - 
🔍 Processando block volume: Restore Banco Fluzao
2025-05-26 00:28:46,698 - WARNING - ⚠️ Tentativa 1: Limite de requisições. Aguardando 5s...
2025-05-26 00:28:55,792 - INFO - ✅ Backup criado: BlockBackup-Restore Banco Fluzao-BKPAUTCITEL-20250526-0028
2025-05-26 00:28:56,381 - INFO - 
🔍 Processando block volume: Restore Banco Suprema
2025-05-26 00:28:56,505 - WARNING - ⚠️ Tentativa 1: Limite de requisições. Aguardando 5s...
2025-05-26 00:29:02,646 - INFO - ✅ Backup criado: BlockBackup-Restore Banco Suprema-BKPAUTCITEL-20250526-0028
2025-05-26 00:29:03,222 - INFO - 
🔍 Processando block volume: BKP Fluzao Prudente
2025-05-26 00:29:03,558 - INFO - ✅ Backup criado: BlockBackup-BKP Fluzao Prudente-BKPAUTCITEL-20250526-0029
2025-05-26 00:29:04,122 - INFO - 
🔍 Processando block volume: LINUXDATA020-BANCO3-Testerecovery-14-05-2025
2025-05-26 00:29:04,427 - INFO - ✅ Backup criado: BlockBackup-LINUXDATA020-BANCO3-Testerecovery-14-05-2025-BKPAUTCITEL-20250526-0029
2025-05-26 00:29:04,997 - INFO - 
🔍 Processando block volume: Restore Banco BI Royal
2025-05-26 00:29:05,315 - INFO - ✅ Backup criado: BlockBackup-Restore Banco BI Royal-BKPAUTCITEL-20250526-0029
2025-05-26 00:29:05,867 - INFO - 
🔍 Processando block volume: Restore Banco BI Piso e Cia 
2025-05-26 00:29:05,991 - WARNING - ⚠️ Tentativa 1: Limite de requisições. Aguardando 5s...
2025-05-26 00:29:13,395 - WARNING - ⚠️ Tentativa 2: Limite de requisições. Aguardando 10s...
2025-05-26 00:29:24,967 - INFO - ✅ Backup criado: BlockBackup-Restore Banco BI Piso e Cia -BKPAUTCITEL-20250526-0029
2025-05-26 00:29:25,525 - INFO - 
🔍 Processando block volume: Restore Banco BI MaxVinil
2025-05-26 00:29:25,878 - INFO - ✅ Backup criado: BlockBackup-Restore Banco BI MaxVinil-BKPAUTCITEL-20250526-0029
2025-05-26 00:29:26,446 - INFO - 
🔍 Processando block volume: Restore Banco BI Vermat
2025-05-26 00:29:26,734 - INFO - ✅ Backup criado: BlockBackup-Restore Banco BI Vermat-BKPAUTCITEL-20250526-0029
2025-05-26 00:29:27,294 - INFO - 
🔍 Processando block volume: Restore Banco BI Perin
2025-05-26 00:29:27,567 - INFO - ✅ Backup criado: BlockBackup-Restore Banco BI Perin-BKPAUTCITEL-20250526-0029
2025-05-26 00:29:28,129 - INFO - 
🔍 Processando block volume: Restore Banco BI AtacadaoPT
2025-05-26 00:29:28,255 - WARNING - ⚠️ Tentativa 1: Limite de requisições. Aguardando 5s...
2025-05-26 00:29:36,297 - WARNING - ⚠️ Tentativa 2: Limite de requisições. Aguardando 10s...
2025-05-26 00:29:50,386 - INFO - ✅ Backup criado: BlockBackup-Restore Banco BI AtacadaoPT-BKPAUTCITEL-20250526-0029
2025-05-26 00:29:50,952 - INFO - 
🔍 Processando block volume: Restore Banco BI Agrocac
2025-05-26 00:29:51,234 - INFO - ✅ Backup criado: BlockBackup-Restore Banco BI Agrocac-BKPAUTCITEL-20250526-0029
2025-05-26 00:29:51,797 - INFO - 
🔍 Processando block volume: Restore Banco BI PadraoPVC
2025-05-26 00:29:52,145 - INFO - ✅ Backup criado: BlockBackup-Restore Banco BI PadraoPVC-BKPAUTCITEL-20250526-0029
2025-05-26 00:29:52,717 - INFO - 
🔍 Processando block volume: Restore Banco BI Rezende
2025-05-26 00:29:53,012 - INFO - ✅ Backup criado: BlockBackup-Restore Banco BI Rezende-BKPAUTCITEL-20250526-0029
2025-05-26 00:29:53,581 - INFO - 
🔍 Processando block volume: Restore Banco BI MadMapa
2025-05-26 00:29:53,898 - INFO - ✅ Backup criado: BlockBackup-Restore Banco BI MadMapa-BKPAUTCITEL-20250526-0029
2025-05-26 00:29:54,461 - INFO - 
🔍 Processando block volume: Restore Banco BI Santana
2025-05-26 00:29:54,759 - INFO - ✅ Backup criado: BlockBackup-Restore Banco BI Santana-BKPAUTCITEL-20250526-0029
2025-05-26 00:29:55,322 - INFO - 
🔍 Processando block volume: Restore Banco BI VarejaodasTintas
2025-05-26 00:29:55,447 - WARNING - ⚠️ Tentativa 1: Limite de requisições. Aguardando 5s...
2025-05-26 00:30:01,616 - WARNING - ⚠️ Tentativa 2: Limite de requisições. Aguardando 10s...
2025-05-26 00:30:14,694 - WARNING - ⚠️ Tentativa 3: Limite de requisições. Aguardando 20s...
2025-05-26 00:30:39,619 - INFO - ✅ Backup criado: BlockBackup-Restore Banco BI VarejaodasTintas-BKPAUTCITEL-20250526-0029
2025-05-26 00:30:40,200 - INFO - 
🔍 Processando block volume: Restore Banco BI ElloTintas
2025-05-26 00:30:40,500 - INFO - ✅ Backup criado: BlockBackup-Restore Banco BI ElloTintas-BKPAUTCITEL-20250526-0030
2025-05-26 00:30:41,076 - INFO - 
🔍 Processando block volume: Restore Banco BI Moto One
2025-05-26 00:30:41,409 - INFO - ✅ Backup criado: BlockBackup-Restore Banco BI Moto One-BKPAUTCITEL-20250526-0030
2025-05-26 00:30:41,974 - INFO - 
🔍 Processando block volume: Restore Banco BI OLV
2025-05-26 00:30:42,099 - WARNING - ⚠️ Tentativa 1: Limite de requisições. Aguardando 5s...
2025-05-26 00:30:51,857 - INFO - ✅ Backup criado: BlockBackup-Restore Banco BI OLV-BKPAUTCITEL-20250526-0030
2025-05-26 00:30:52,426 - INFO - 
🔍 Processando block volume: Restore Banco BI Construilma
2025-05-26 00:30:52,763 - INFO - ✅ Backup criado: BlockBackup-Restore Banco BI Construilma-BKPAUTCITEL-20250526-0030
2025-05-26 00:30:53,324 - INFO - 
🔍 Processando block volume: Restore Banco BI Baytek
2025-05-26 00:30:53,620 - INFO - ✅ Backup criado: BlockBackup-Restore Banco BI Baytek-BKPAUTCITEL-20250526-0030
2025-05-26 00:30:54,187 - INFO - 
🔍 Processando block volume: Restore Banco BI Soldage
2025-05-26 00:30:54,448 - INFO - ✅ Backup criado: BlockBackup-Restore Banco BI Soldage-BKPAUTCITEL-20250526-0030
2025-05-26 00:30:55,019 - INFO - 
🔍 Processando block volume: Banco Restore BI Rizato
2025-05-26 00:30:55,286 - INFO - ✅ Backup criado: BlockBackup-Banco Restore BI Rizato-BKPAUTCITEL-20250526-0030
2025-05-26 00:30:55,850 - INFO - 
🔍 Processando block volume: Restore Banco BI Colomarti
2025-05-26 00:30:56,212 - INFO - ✅ Backup criado: BlockBackup-Restore Banco BI Colomarti-BKPAUTCITEL-20250526-0030
2025-05-26 00:30:56,768 - INFO - 
🔍 Processando block volume: HD BKP BI Gasparzinho
2025-05-26 00:30:56,894 - WARNING - ⚠️ Tentativa 1: Limite de requisições. Aguardando 5s...
2025-05-26 00:31:05,083 - WARNING - ⚠️ Tentativa 2: Limite de requisições. Aguardando 10s...
2025-05-26 00:31:16,771 - INFO - ✅ Backup criado: BlockBackup-HD BKP BI Gasparzinho-BKPAUTCITEL-20250526-0030
2025-05-26 00:31:17,324 - INFO - 
🔍 Processando block volume: Banco_srvEstrategico
2025-05-26 00:31:17,646 - INFO - ✅ Backup criado: BlockBackup-Banco_srvEstrategico-BKPAUTCITEL-20250526-0031
2025-05-26 00:31:18,215 - INFO - 
🔍 Processando block volume: Restore banco Palmas bkp2 
2025-05-26 00:31:18,558 - INFO - ✅ Backup criado: BlockBackup-Restore banco Palmas bkp2 -BKPAUTCITEL-20250526-0031
2025-05-26 00:31:19,124 - INFO - 
🔍 Processando block volume: Restore Banco 2B bkp2
2025-05-26 00:31:19,400 - INFO - ✅ Backup criado: BlockBackup-Restore Banco 2B bkp2-BKPAUTCITEL-20250526-0031
2025-05-26 00:31:19,998 - INFO - 
🔍 Processando block volume: Restore Banco BI Refrigas2
2025-05-26 00:31:20,123 - WARNING - ⚠️ Tentativa 1: Limite de requisições. Aguardando 5s...
2025-05-26 00:31:30,594 - INFO - ✅ Backup criado: BlockBackup-Restore Banco BI Refrigas2-BKPAUTCITEL-20250526-0031
2025-05-26 00:31:31,162 - INFO - 
🔍 Processando block volume: BKP Valclei tkt 1076246
2025-05-26 00:31:31,535 - INFO - ✅ Backup criado: BlockBackup-BKP Valclei tkt 1076246-BKPAUTCITEL-20250526-0031
2025-05-26 00:31:32,111 - INFO - 
🔍 Processando block volume: Restore2 BI Paratudo
2025-05-26 00:31:32,442 - INFO - ✅ Backup criado: BlockBackup-Restore2 BI Paratudo-BKPAUTCITEL-20250526-0031
2025-05-26 00:31:32,990 - INFO - 
🔍 Processando block volume: Banco2 MiaraKruger bi 
2025-05-26 00:31:33,306 - INFO - ✅ Backup criado: BlockBackup-Banco2 MiaraKruger bi -BKPAUTCITEL-20250526-0031
2025-05-26 00:31:33,861 - INFO - 
🔁 Tentando novamente os backups que falharam...
2025-05-26 00:31:33,862 - INFO - 
🔄 Reprocessando: BKO Palacio TKT 651385
2025-05-26 00:31:33,986 - WARNING - ⚠️ Tentativa 1: Limite de requisições. Aguardando 5s...
2025-05-26 00:31:41,031 - WARNING - ⚠️ Tentativa 2: Limite de requisições. Aguardando 10s...
2025-05-26 00:31:53,812 - WARNING - ⚠️ Tentativa 3: Limite de requisições. Aguardando 20s...
2025-05-26 00:32:17,532 - ERROR - ❌ Erro ao criar backup: {'target_service': 'blockstorage', 'status': 409, 'code': 'Conflict', 'opc-request-id': 'A7B8384FDCB74BEEA6AAF741B48FED29/9C661D2D926CE3B50C3292C07BB2A6F8/AADCA510C32AD2A331F7DB94CCD117D4', 'message': 'There is currently a backup operation in progress for Volume ocid1.volume.oc1.sa-saopaulo-1.abtxeljrqaincqcyck47753wctaim3lfil7sko6g44sqeercjiikrbrdq5ba.', 'operation_name': 'create_volume_backup', 'timestamp': '2025-05-26T00:32:17.532713+00:00', 'client_version': 'Oracle-PythonSDK/2.150.3', 'request_endpoint': 'POST https://iaas.sa-saopaulo-1.oraclecloud.com/20160918/volumeBackups', 'logging_tips': 'To get more info on the failing request, refer to https://docs.oracle.com/en-us/iaas/tools/python/latest/logging.html for ways to log the request/response details.', 'troubleshooting_tips': "See https://docs.oracle.com/iaas/Content/API/References/apierrors.htm#apierrors_409__409_conflict for more information about resolving this error. Also see https://docs.oracle.com/iaas/api/#/en/iaas/20160918/VolumeBackup/CreateVolumeBackup for details on this operation's requirements. If you are unable to resolve this blockstorage issue, please contact Oracle support and provide them this full error message."}
2025-05-26 00:32:17,533 - INFO - 
✅ Execução concluída com sucesso
