2025-05-26 21:08:28,501 - INFO - 
🔍 Processando block volume: LinuxTSPlus1
2025-05-26 21:08:28,778 - INFO - ✅ Backup criado: BlockBackup-LinuxTSPlus1-BKPAUTCITEL-20250526-2108
2025-05-26 21:08:29,367 - WARNING - ⏳ Backup ignorado (estado TERMINATED): Auto-backup for 2025-05-11 08:00:00 via policy: Citel_Diario07
2025-05-26 21:08:29,367 - INFO - 
🔍 Processando block volume: Banco1LinuxTSPlus2
2025-05-26 21:08:29,681 - INFO - ✅ Backup criado: BlockBackup-Banco1LinuxTSPlus2-BKPAUTCITEL-20250526-2108
2025-05-26 21:08:30,276 - WARNING - ⏳ Backup ignorado (estado TERMINATED): Auto-backup for 2025-05-11 08:00:00 via policy: Citel_Diario07
2025-05-26 21:08:30,277 - INFO - 
🔍 Processando block volume: Banco1LinuxTSPlus4
2025-05-26 21:08:30,547 - INFO - ✅ Backup criado: BlockBackup-Banco1LinuxTSPlus4-BKPAUTCITEL-20250526-2108
2025-05-26 21:08:31,130 - INFO - 
🔍 Processando block volume: Banco1LinuxTSPlus20
2025-05-26 21:08:31,255 - WARNING - ⚠️ Tentativa 1: Limite de requisições. Aguardando 5s...
2025-05-26 21:08:41,150 - INFO - ✅ Backup criado: BlockBackup-Banco1LinuxTSPlus20-BKPAUTCITEL-20250526-2108
2025-05-26 21:08:41,360 - INFO - 
🔍 Processando block volume: Banco3LinuxTSPlus1
2025-05-26 21:08:41,639 - INFO - ✅ Backup criado: BlockBackup-Banco3LinuxTSPlus1-BKPAUTCITEL-20250526-2108
2025-05-26 21:08:42,203 - INFO - 
🔍 Processando block volume: Banco_PalacioFerramentas
2025-05-26 21:08:42,328 - WARNING - ⚠️ Tentativa 1: Limite de requisições. Aguardando 5s...
2025-05-26 21:08:51,542 - INFO - ✅ Backup criado: BlockBackup-Banco_PalacioFerramentas-BKPAUTCITEL-20250526-2108
2025-05-26 21:08:52,108 - INFO - 
🔍 Processando block volume: Banco1LinuxTSPlus25
2025-05-26 21:08:52,413 - INFO - ✅ Backup criado: BlockBackup-Banco1LinuxTSPlus25-BKPAUTCITEL-20250526-2108
2025-05-26 21:08:52,995 - INFO - 
🔍 Processando block volume: Banco1LinuxTSPlus30
2025-05-26 21:08:53,284 - INFO - ✅ Backup criado: BlockBackup-Banco1LinuxTSPlus30-BKPAUTCITEL-20250526-2108
2025-05-26 21:08:53,845 - INFO - 
🔍 Processando block volume: Banco5LinuxTSPlus10
2025-05-26 21:08:53,969 - WARNING - ⚠️ Tentativa 1: Limite de requisições. Aguardando 5s...
2025-05-26 21:09:01,667 - INFO - ✅ Backup criado: BlockBackup-Banco5LinuxTSPlus10-BKPAUTCITEL-20250526-2108
2025-05-26 21:09:02,242 - INFO - 
🔍 Processando block volume: Banco2LinuxTSPlus20
2025-05-26 21:09:02,532 - INFO - ✅ Backup criado: BlockBackup-Banco2LinuxTSPlus20-BKPAUTCITEL-20250526-2109
2025-05-26 21:09:03,129 - WARNING - ⏳ Backup ignorado (estado TERMINATED): Auto-backup for 2025-05-11 08:00:00 via policy: Citel_Diario07
2025-05-26 21:09:03,130 - INFO - 
🔍 Processando block volume: Banco2BR24
2025-05-26 21:09:03,443 - INFO - ✅ Backup criado: BlockBackup-Banco2BR24-BKPAUTCITEL-20250526-2109
2025-05-26 21:09:04,031 - WARNING - ⏳ Backup ignorado (estado TERMINATED): Auto-backup for 2025-05-11 08:00:00 via policy: Citel_Diario07
2025-05-26 21:09:04,031 - INFO - 
🔍 Processando block volume: LinuxDataBelaTintas
2025-05-26 21:09:04,312 - INFO - ✅ Backup criado: BlockBackup-LinuxDataBelaTintas-BKPAUTCITEL-20250526-2109
2025-05-26 21:09:04,894 - WARNING - ⏳ Backup ignorado (estado TERMINATED): Auto-backup for 2025-05-11 08:00:00 via policy: Citel_Diario07
2025-05-26 21:09:04,895 - INFO - 
🔍 Processando block volume: Bancos2_BR02
2025-05-26 21:09:05,187 - INFO - ✅ Backup criado: BlockBackup-Bancos2_BR02-BKPAUTCITEL-20250526-2109
2025-05-26 21:09:05,752 - WARNING - ⏳ Backup ignorado (estado TERMINATED): Auto-backup for 2025-05-11 08:00:00 via policy: Citel_Diario07
2025-05-26 21:09:05,753 - INFO - 
🔍 Processando block volume: Bancos4_BR01
2025-05-26 21:09:05,877 - WARNING - ⚠️ Tentativa 1: Limite de requisições. Aguardando 5s...
2025-05-26 21:09:12,149 - INFO - ✅ Backup criado: BlockBackup-Bancos4_BR01-BKPAUTCITEL-20250526-2109
2025-05-26 21:09:12,731 - INFO - 
🔍 Processando block volume: BKO Palacio TKT 651385
2025-05-26 21:09:13,024 - INFO - ✅ Backup criado: BlockBackup-BKO Palacio TKT 651385-BKPAUTCITEL-20250526-2109
2025-05-26 21:09:13,611 - INFO - 
🔍 Processando block volume: Bancos3_BR25
2025-05-26 21:09:13,898 - INFO - ✅ Backup criado: BlockBackup-Bancos3_BR25-BKPAUTCITEL-20250526-2109
2025-05-26 21:09:14,480 - WARNING - ⏳ Backup ignorado (estado TERMINATED): Auto-backup for 2025-05-11 08:00:00 via policy: Citel_Diario07
2025-05-26 21:09:14,481 - INFO - 
🔍 Processando block volume: GeB
2025-05-26 21:09:14,772 - INFO - ✅ Backup criado: BlockBackup-GeB-BKPAUTCITEL-20250526-2109
2025-05-26 21:09:15,358 - WARNING - ⏳ Backup ignorado (estado TERMINATED): Auto-backup for 2025-05-11 08:00:00 via policy: Citel_Diario07
2025-05-26 21:09:15,358 - INFO - 
🔍 Processando block volume: Banco3_BR20
2025-05-26 21:09:15,644 - INFO - ✅ Backup criado: BlockBackup-Banco3_BR20-BKPAUTCITEL-20250526-2109
2025-05-26 21:09:16,237 - WARNING - ⏳ Backup ignorado (estado TERMINATED): Auto-backup for 2025-05-11 08:00:00 via policy: Citel_Diario07
2025-05-26 21:09:16,237 - INFO - 
🔍 Processando block volume: Banco_Darka
2025-05-26 21:09:16,528 - INFO - ✅ Backup criado: BlockBackup-Banco_Darka-BKPAUTCITEL-20250526-2109
2025-05-26 21:09:17,108 - INFO - 
🔍 Processando block volume: Banco4LinuxTSPlus20
2025-05-26 21:09:17,460 - INFO - ✅ Backup criado: BlockBackup-Banco4LinuxTSPlus20-BKPAUTCITEL-20250526-2109
2025-05-26 21:09:18,072 - INFO - 
🔍 Processando block volume: BackupGeB
2025-05-26 21:09:18,197 - WARNING - ⚠️ Tentativa 1: Limite de requisições. Aguardando 5s...
2025-05-26 21:09:28,163 - WARNING - ⚠️ Tentativa 2: Limite de requisições. Aguardando 10s...
2025-05-26 21:09:40,889 - INFO - ✅ Backup criado: BlockBackup-BackupGeB-BKPAUTCITEL-20250526-2109
2025-05-26 21:09:41,471 - WARNING - ⏳ Backup ignorado (estado TERMINATED): Auto-backup for 2025-05-11 08:00:00 via policy: Citel_Diario07
2025-05-26 21:09:41,472 - INFO - 
🔍 Processando block volume: BancoGeB
2025-05-26 21:09:41,596 - WARNING - ⚠️ Tentativa 1: Limite de requisições. Aguardando 5s...
2025-05-26 21:09:48,834 - WARNING - ⚠️ Tentativa 2: Limite de requisições. Aguardando 10s...
2025-05-26 21:09:59,828 - INFO - ✅ Backup criado: BlockBackup-BancoGeB-BKPAUTCITEL-20250526-2109
2025-05-26 21:10:00,430 - INFO - 
🔍 Processando block volume: Bancos5_BR1
2025-05-26 21:10:00,717 - INFO - ✅ Backup criado: BlockBackup-Bancos5_BR1-BKPAUTCITEL-20250526-2110
2025-05-26 21:10:01,290 - WARNING - ⏳ Backup ignorado (estado TERMINATED): Auto-backup for 2025-05-11 08:00:00 via policy: Citel_Diario07
2025-05-26 21:10:01,291 - INFO - 
🔍 Processando block volume: BackupCoresVivas TKT 902822
2025-05-26 21:10:01,415 - WARNING - ⚠️ Tentativa 1: Limite de requisições. Aguardando 5s...
2025-05-26 21:10:07,172 - INFO - ✅ Backup criado: BlockBackup-BackupCoresVivas TKT 902822-BKPAUTCITEL-20250526-2110
2025-05-26 21:10:07,734 - INFO - 
🔍 Processando block volume: bkpBoomerVinicius
2025-05-26 21:10:08,022 - INFO - ✅ Backup criado: BlockBackup-bkpBoomerVinicius-BKPAUTCITEL-20250526-2110
2025-05-26 21:10:08,595 - INFO - 
🔍 Processando block volume: GeB2
2025-05-26 21:10:08,719 - WARNING - ⚠️ Tentativa 1: Limite de requisições. Aguardando 5s...
2025-05-26 21:10:14,596 - WARNING - ⚠️ Tentativa 2: Limite de requisições. Aguardando 10s...
2025-05-26 21:10:27,826 - INFO - ✅ Backup criado: BlockBackup-GeB2-BKPAUTCITEL-20250526-2110
2025-05-26 21:10:28,405 - INFO - 
🔍 Processando block volume: bkpParque1014464
2025-05-26 21:10:28,746 - INFO - ✅ Backup criado: BlockBackup-bkpParque1014464-BKPAUTCITEL-20250526-2110
2025-05-26 21:10:29,312 - INFO - 
🔍 Processando block volume: bkpPedrao1020442
2025-05-26 21:10:29,643 - INFO - ✅ Backup criado: BlockBackup-bkpPedrao1020442-BKPAUTCITEL-20250526-2110
2025-05-26 21:10:30,205 - INFO - 
🔍 Processando block volume: Backup_BR34_1031161
2025-05-26 21:10:30,331 - WARNING - ⚠️ Tentativa 1: Limite de requisições. Aguardando 5s...
2025-05-26 21:10:37,252 - INFO - ✅ Backup criado: BlockBackup-Backup_BR34_1031161-BKPAUTCITEL-20250526-2110
2025-05-26 21:10:37,833 - INFO - 
🔍 Processando block volume: GeB BancoTeste tkt 1048932
2025-05-26 21:10:38,171 - INFO - ✅ Backup criado: BlockBackup-GeB BancoTeste tkt 1048932-BKPAUTCITEL-20250526-2110
2025-05-26 21:10:38,743 - INFO - 
🔍 Processando block volume: Banco1LinuxTSPlus11_clone2904
2025-05-26 21:10:39,035 - INFO - ✅ Backup criado: BlockBackup-Banco1LinuxTSPlus11_clone2904-BKPAUTCITEL-20250526-2110
2025-05-26 21:10:39,602 - WARNING - ⏳ Backup ignorado (estado TERMINATED): Auto-backup for 2025-05-11 08:00:00 via policy: Citel_Diario07
2025-05-26 21:10:39,603 - INFO - 
🔍 Processando block volume: LinuxTSPlus11_BancoPRODJRPais_clone2904
2025-05-26 21:10:39,728 - WARNING - ⚠️ Tentativa 1: Limite de requisições. Aguardando 5s...
2025-05-26 21:10:48,852 - INFO - ✅ Backup criado: BlockBackup-LinuxTSPlus11_BancoPRODJRPais_clone2904-BKPAUTCITEL-20250526-2110
2025-05-26 21:10:49,429 - INFO - 
🔍 Processando block volume: LinuxTSPlus30_Banco1LinuxTSPlus30_clone2904
2025-05-26 21:10:49,733 - INFO - ✅ Backup criado: BlockBackup-LinuxTSPlus30_Banco1LinuxTSPlus30_clone2904-BKPAUTCITEL-20250526-2110
2025-05-26 21:10:50,308 - INFO - 
🔍 Processando block volume: Banco-1-LinuxData012
2025-05-26 21:10:50,432 - WARNING - ⚠️ Tentativa 1: Limite de requisições. Aguardando 5s...
2025-05-26 21:10:55,959 - WARNING - ⚠️ Tentativa 2: Limite de requisições. Aguardando 10s...
2025-05-26 21:11:10,883 - INFO - ✅ Backup criado: BlockBackup-Banco-1-LinuxData012-BKPAUTCITEL-20250526-2110
2025-05-26 21:11:11,445 - INFO - 
🔍 Processando block volume: Banco2-LinuxData012
2025-05-26 21:11:11,722 - INFO - ✅ Backup criado: BlockBackup-Banco2-LinuxData012-BKPAUTCITEL-20250526-2111
2025-05-26 21:11:12,293 - WARNING - ⏳ Backup ignorado (estado TERMINATED): Auto-backup for 2025-05-11 08:00:00 via policy: Citel_Diario07
2025-05-26 21:11:12,294 - INFO - 
🔍 Processando block volume: Banco3-LinuxData012
2025-05-26 21:11:12,581 - INFO - ✅ Backup criado: BlockBackup-Banco3-LinuxData012-BKPAUTCITEL-20250526-2111
2025-05-26 21:11:13,154 - INFO - 
🔍 Processando block volume: LinuxTSPlus55_Banco1BR55_clone2904
2025-05-26 21:11:13,416 - INFO - ✅ Backup criado: BlockBackup-LinuxTSPlus55_Banco1BR55_clone2904-BKPAUTCITEL-20250526-2111
2025-05-26 21:11:14,005 - INFO - 
🔍 Processando block volume: LinuxTSPlus55_Banco3BR55_clone2904
2025-05-26 21:11:14,273 - INFO - ✅ Backup criado: BlockBackup-LinuxTSPlus55_Banco3BR55_clone2904-BKPAUTCITEL-20250526-2111
2025-05-26 21:11:14,868 - WARNING - ⏳ Backup ignorado (estado TERMINATED): Auto-backup for 2025-05-11 08:00:00 via policy: Citel_Diario07
2025-05-26 21:11:14,868 - INFO - 
🔍 Processando block volume: LinuxTSPlus65_Banco1LinuxTSPLUS65_clone2904
2025-05-26 21:11:15,178 - INFO - ✅ Backup criado: BlockBackup-LinuxTSPlus65_Banco1LinuxTSPLUS65_clone2904-BKPAUTCITEL-20250526-2111
2025-05-26 21:11:15,742 - INFO - 
🔍 Processando block volume: LinuxTSPlus65_Banco2LinuxTSPLUS65_clone2904
2025-05-26 21:11:16,033 - INFO - ✅ Backup criado: BlockBackup-LinuxTSPlus65_Banco2LinuxTSPLUS65_clone2904-BKPAUTCITEL-20250526-2111
2025-05-26 21:11:16,618 - INFO - 
🔍 Processando block volume: LinuxTSPlus65_Banco3LinuxTSPLUS65_clone2904
2025-05-26 21:11:16,744 - WARNING - ⚠️ Tentativa 1: Limite de requisições. Aguardando 5s...
2025-05-26 21:11:27,131 - INFO - ✅ Backup criado: BlockBackup-LinuxTSPlus65_Banco3LinuxTSPLUS65_clone2904-BKPAUTCITEL-20250526-2111
2025-05-26 21:11:27,702 - WARNING - ⏳ Backup ignorado (estado TERMINATED): Auto-backup for 2025-05-11 08:00:00 via policy: Citel_Diario07
2025-05-26 21:11:27,702 - INFO - 
🔍 Processando block volume: LinuxTSPlus65_BinariosLinuxTSPLUS65_clone2904
2025-05-26 21:11:28,006 - INFO - ✅ Backup criado: BlockBackup-LinuxTSPlus65_BinariosLinuxTSPLUS65_clone2904-BKPAUTCITEL-20250526-2111
2025-05-26 21:11:28,573 - INFO - 
🔍 Processando block volume: LinuxTSPlus28_Banco2LinuxTSPlus28_clone2904
2025-05-26 21:11:28,698 - WARNING - ⚠️ Tentativa 1: Limite de requisições. Aguardando 5s...
2025-05-26 21:11:36,434 - INFO - ✅ Backup criado: BlockBackup-LinuxTSPlus28_Banco2LinuxTSPlus28_clone2904-BKPAUTCITEL-20250526-2111
2025-05-26 21:11:37,005 - INFO - 
🔍 Processando block volume: LinuxTSPlus28_bancos3_BR28_clone2904
2025-05-26 21:11:37,131 - WARNING - ⚠️ Tentativa 1: Limite de requisições. Aguardando 5s...
2025-05-26 21:11:43,281 - INFO - ✅ Backup criado: BlockBackup-LinuxTSPlus28_bancos3_BR28_clone2904-BKPAUTCITEL-20250526-2111
2025-05-26 21:11:43,863 - WARNING - ⏳ Backup ignorado (estado TERMINATED): Auto-backup for 2025-05-11 08:00:00 via policy: Citel_Diario07
2025-05-26 21:11:43,863 - INFO - 
🔍 Processando block volume: LinuxTSPlus29_Banco1LinuxTSPlus29_clone2904
2025-05-26 21:11:44,155 - INFO - ✅ Backup criado: BlockBackup-LinuxTSPlus29_Banco1LinuxTSPlus29_clone2904-BKPAUTCITEL-20250526-2111
2025-05-26 21:11:44,733 - INFO - 
🔍 Processando block volume: LinuxTSPlus29_Bancos2_BR29_clone2904
2025-05-26 21:11:45,016 - INFO - ✅ Backup criado: BlockBackup-LinuxTSPlus29_Bancos2_BR29_clone2904-BKPAUTCITEL-20250526-2111
2025-05-26 21:11:45,574 - WARNING - ⏳ Backup ignorado (estado TERMINATED): Auto-backup for 2025-05-11 08:00:00 via policy: Citel_Diario07
2025-05-26 21:11:45,575 - INFO - 
🔍 Processando block volume: LinuxTSPlus29_Bancos3_BR29_clone2904
2025-05-26 21:11:45,700 - WARNING - ⚠️ Tentativa 1: Limite de requisições. Aguardando 5s...
2025-05-26 21:11:53,010 - INFO - ✅ Backup criado: BlockBackup-LinuxTSPlus29_Bancos3_BR29_clone2904-BKPAUTCITEL-20250526-2111
2025-05-26 21:11:53,581 - WARNING - ⏳ Backup ignorado (estado TERMINATED): Auto-backup for 2025-05-11 08:00:00 via policy: Citel_Diario07
2025-05-26 21:11:53,582 - INFO - 
🔍 Processando block volume: LinuxTSPlus72_Banco2BR_72_clone2904
2025-05-26 21:11:53,881 - INFO - ✅ Backup criado: BlockBackup-LinuxTSPlus72_Banco2BR_72_clone2904-BKPAUTCITEL-20250526-2111
2025-05-26 21:11:54,462 - INFO - 
🔍 Processando block volume: LinuxTSPlus72_BancoBR_clone2904
2025-05-26 21:11:54,586 - WARNING - ⚠️ Tentativa 1: Limite de requisições. Aguardando 5s...
2025-05-26 21:12:05,246 - INFO - ✅ Backup criado: BlockBackup-LinuxTSPlus72_BancoBR_clone2904-BKPAUTCITEL-20250526-2111
2025-05-26 21:12:05,831 - INFO - 
🔍 Processando block volume: LinuxTSPlus43_Banco1LinuxTSPLUS43_clone2904
2025-05-26 21:12:06,158 - INFO - ✅ Backup criado: BlockBackup-LinuxTSPlus43_Banco1LinuxTSPLUS43_clone2904-BKPAUTCITEL-20250526-2112
2025-05-26 21:12:06,763 - INFO - 
🔍 Processando block volume: LinuxTSPlus43_HD4-LinuxDBA_clone2904
2025-05-26 21:12:07,050 - INFO - ✅ Backup criado: BlockBackup-LinuxTSPlus43_HD4-LinuxDBA_clone2904-BKPAUTCITEL-20250526-2112
2025-05-26 21:12:07,613 - INFO - 
🔍 Processando block volume: LinuxTSPlus50_Banco1LinuxTSPlus50_clone2904
2025-05-26 21:12:07,738 - WARNING - ⚠️ Tentativa 1: Limite de requisições. Aguardando 5s...
2025-05-26 21:12:16,684 - INFO - ✅ Backup criado: BlockBackup-LinuxTSPlus50_Banco1LinuxTSPlus50_clone2904-BKPAUTCITEL-20250526-2112
2025-05-26 21:12:17,271 - INFO - 
🔍 Processando block volume: LinuxTSPlus37_Banco1LinuxTSPLUS37_clone2904
2025-05-26 21:12:17,399 - WARNING - ⚠️ Tentativa 1: Limite de requisições. Aguardando 5s...
2025-05-26 21:12:24,262 - WARNING - ⚠️ Tentativa 2: Limite de requisições. Aguardando 10s...
2025-05-26 21:12:38,684 - WARNING - ⚠️ Tentativa 3: Limite de requisições. Aguardando 20s...
2025-05-26 21:13:01,359 - WARNING - ⚠️ Tentativa 4: Limite de requisições. Aguardando 40s...
2025-05-26 21:13:43,247 - INFO - ✅ Backup criado: BlockBackup-LinuxTSPlus37_Banco1LinuxTSPLUS37_clone2904-BKPAUTCITEL-20250526-2112
2025-05-26 21:13:43,834 - WARNING - ⏳ Backup ignorado (estado TERMINATED): Auto-backup for 2025-05-11 08:00:00 via policy: Citel_Diario07
2025-05-26 21:13:43,835 - INFO - 
🔍 Processando block volume: LinuxTSPlus37_Banco2LinuxTSPLUS37_clone2904
2025-05-26 21:13:44,121 - INFO - ✅ Backup criado: BlockBackup-LinuxTSPlus37_Banco2LinuxTSPLUS37_clone2904-BKPAUTCITEL-20250526-2113
2025-05-26 21:13:44,709 - WARNING - ⏳ Backup ignorado (estado TERMINATED): Auto-backup for 2025-05-11 08:00:00 via policy: Citel_Diario07
2025-05-26 21:13:44,710 - INFO - 
🔍 Processando block volume: LinuxTSPlus40_Banco1
2025-05-26 21:13:44,995 - INFO - ✅ Backup criado: BlockBackup-LinuxTSPlus40_Banco1-BKPAUTCITEL-20250526-2113
2025-05-26 21:13:45,569 - INFO - 
🔍 Processando block volume: LinuxTSPlus32_Banco1LinuxTSPLUS32_clone2904
2025-05-26 21:13:45,922 - INFO - ✅ Backup criado: BlockBackup-LinuxTSPlus32_Banco1LinuxTSPLUS32_clone2904-BKPAUTCITEL-20250526-2113
2025-05-26 21:13:46,488 - WARNING - ⏳ Backup ignorado (estado TERMINATED): Auto-backup for 2025-05-11 08:00:00 via policy: Citel_Diario07
2025-05-26 21:13:46,488 - INFO - 
🔍 Processando block volume: LinuxTSPlus32_Banco2LinuxTSPLUS32_clone2904
2025-05-26 21:13:46,612 - WARNING - ⚠️ Tentativa 1: Limite de requisições. Aguardando 5s...
2025-05-26 21:13:57,057 - INFO - ✅ Backup criado: BlockBackup-LinuxTSPlus32_Banco2LinuxTSPLUS32_clone2904-BKPAUTCITEL-20250526-2113
2025-05-26 21:13:57,647 - WARNING - ⏳ Backup ignorado (estado TERMINATED): Auto-backup for 2025-05-11 08:00:00 via policy: Citel_Diario07
2025-05-26 21:13:57,648 - INFO - 
🔍 Processando block volume: Banco2-LinuxData013
2025-05-26 21:13:57,987 - INFO - ✅ Backup criado: BlockBackup-Banco2-LinuxData013-BKPAUTCITEL-20250526-2113
2025-05-26 21:13:58,581 - INFO - 
🔍 Processando block volume: Banco3-LinuxData013
2025-05-26 21:13:58,862 - INFO - ✅ Backup criado: BlockBackup-Banco3-LinuxData013-BKPAUTCITEL-20250526-2113
2025-05-26 21:13:59,433 - INFO - 
🔍 Processando block volume: Banco1-LinuxData013
2025-05-26 21:13:59,733 - INFO - ✅ Backup criado: BlockBackup-Banco1-LinuxData013-BKPAUTCITEL-20250526-2113
2025-05-26 21:14:00,296 - INFO - 
🔍 Processando block volume: LinuxTSPlus14_BackupCoresVivas TKT 902822_clone2904
2025-05-26 21:14:00,421 - WARNING - ⚠️ Tentativa 1: Limite de requisições. Aguardando 5s...
2025-05-26 21:14:08,801 - INFO - ✅ Backup criado: BlockBackup-LinuxTSPlus14_BackupCoresVivas TKT 902822_clone2904-BKPAUTCITEL-20250526-2114
2025-05-26 21:14:09,372 - WARNING - ⏳ Backup ignorado (estado TERMINATED): Auto-backup for 2025-05-11 08:00:00 via policy: Citel_Diario07
2025-05-26 21:14:09,372 - INFO - 
🔍 Processando block volume: LinuxTSPlus14_Banco2LinuxTSPlus14_clone2904
2025-05-26 21:14:09,783 - INFO - ✅ Backup criado: BlockBackup-LinuxTSPlus14_Banco2LinuxTSPlus14_clone2904-BKPAUTCITEL-20250526-2114
2025-05-26 21:14:10,358 - INFO - 
🔍 Processando block volume: LinuxTSPlus9-Banco1LinuxTSPlus9-clone2904
2025-05-26 21:14:10,483 - WARNING - ⚠️ Tentativa 1: Limite de requisições. Aguardando 5s...
2025-05-26 21:14:17,798 - INFO - ✅ Backup criado: BlockBackup-LinuxTSPlus9-Banco1LinuxTSPlus9-clone2904-BKPAUTCITEL-20250526-2114
2025-05-26 21:14:18,371 - WARNING - ⏳ Backup ignorado (estado TERMINATED): Auto-backup for 2025-05-11 08:00:00 via policy: Citel_Diario07
2025-05-26 21:14:18,371 - INFO - 
🔍 Processando block volume: LinuxTSPlus9-Banco3LinuxTSPlus9-clone2904
2025-05-26 21:14:18,665 - INFO - ✅ Backup criado: BlockBackup-LinuxTSPlus9-Banco3LinuxTSPlus9-clone2904-BKPAUTCITEL-20250526-2114
2025-05-26 21:14:19,247 - INFO - 
🔍 Processando block volume: LinuxTSPlus14_BancoUbertintasTSPlus14_clone2904
2025-05-26 21:14:19,372 - WARNING - ⚠️ Tentativa 1: Limite de requisições. Aguardando 5s...
2025-05-26 21:14:25,737 - INFO - ✅ Backup criado: BlockBackup-LinuxTSPlus14_BancoUbertintasTSPlus14_clone2904-BKPAUTCITEL-20250526-2114
2025-05-26 21:14:26,342 - INFO - 
🔍 Processando block volume: LinuxTSPlus9-Bancos4_BR9-clone2904
2025-05-26 21:14:26,468 - WARNING - ⚠️ Tentativa 1: Limite de requisições. Aguardando 5s...
2025-05-26 21:14:33,468 - WARNING - ⚠️ Tentativa 2: Limite de requisições. Aguardando 10s...
2025-05-26 21:14:46,704 - INFO - ✅ Backup criado: BlockBackup-LinuxTSPlus9-Bancos4_BR9-clone2904-BKPAUTCITEL-20250526-2114
2025-05-26 21:14:47,300 - INFO - 
🔍 Processando block volume: LinuxTSPlus8-Banco1LinuxTSPlus8-clone2904
2025-05-26 21:14:47,574 - INFO - ✅ Backup criado: BlockBackup-LinuxTSPlus8-Banco1LinuxTSPlus8-clone2904-BKPAUTCITEL-20250526-2114
2025-05-26 21:14:48,165 - WARNING - ⏳ Backup ignorado (estado TERMINATED): Auto-backup for 2025-05-11 08:00:00 via policy: Citel_Diario07
2025-05-26 21:14:48,165 - INFO - 
🔍 Processando block volume: LinuxTSPlus8-Banco3LinuxTSPlus8-clone2904
2025-05-26 21:14:48,290 - WARNING - ⚠️ Tentativa 1: Limite de requisições. Aguardando 5s...
2025-05-26 21:14:58,658 - INFO - ✅ Backup criado: BlockBackup-LinuxTSPlus8-Banco3LinuxTSPlus8-clone2904-BKPAUTCITEL-20250526-2114
2025-05-26 21:14:59,253 - INFO - 
🔍 Processando block volume: LinuxTSPlus16_Banco1LinuxTSPlus16_clone2904
2025-05-26 21:14:59,377 - WARNING - ⚠️ Tentativa 1: Limite de requisições. Aguardando 5s...
2025-05-26 21:15:08,505 - WARNING - ⚠️ Tentativa 2: Limite de requisições. Aguardando 10s...
2025-05-26 21:15:24,007 - INFO - ✅ Backup criado: BlockBackup-LinuxTSPlus16_Banco1LinuxTSPlus16_clone2904-BKPAUTCITEL-20250526-2114
2025-05-26 21:15:24,682 - INFO - 
🔍 Processando block volume: LinuxTSPlus16_Banco2LinuxTSPlus16_clone2904
2025-05-26 21:15:25,001 - INFO - ✅ Backup criado: BlockBackup-LinuxTSPlus16_Banco2LinuxTSPlus16_clone2904-BKPAUTCITEL-20250526-2115
2025-05-26 21:15:25,578 - INFO - 
🔍 Processando block volume: LinuxTSPlus7-Banco2LinuxTSPlus7-block-clone2904
2025-05-26 21:15:25,858 - INFO - ✅ Backup criado: BlockBackup-LinuxTSPlus7-Banco2LinuxTSPlus7-block-clone2904-BKPAUTCITEL-20250526-2115
2025-05-26 21:15:26,423 - INFO - 
🔍 Processando block volume: LinuxTSPlus7-Banco3LinuxTSPlus7-block-clone2904
2025-05-26 21:15:26,899 - INFO - ✅ Backup criado: BlockBackup-LinuxTSPlus7-Banco3LinuxTSPlus7-block-clone2904-BKPAUTCITEL-20250526-2115
2025-05-26 21:15:27,483 - INFO - 
🔍 Processando block volume: LinuxTSPlus7-Banco3_BR7-block-clone2904
2025-05-26 21:15:27,817 - INFO - ✅ Backup criado: BlockBackup-LinuxTSPlus7-Banco3_BR7-block-clone2904-BKPAUTCITEL-20250526-2115
2025-05-26 21:15:28,410 - INFO - 
🔍 Processando block volume: LinuxTSPlus17_Banco2LinuxTSPlus17_clone2904
2025-05-26 21:15:28,695 - INFO - ✅ Backup criado: BlockBackup-LinuxTSPlus17_Banco2LinuxTSPlus17_clone2904-BKPAUTCITEL-20250526-2115
2025-05-26 21:15:29,278 - INFO - 
🔍 Processando block volume: LinuxTSPlus17_BancoPRODBelaTintas_clone2904
2025-05-26 21:15:29,567 - INFO - ✅ Backup criado: BlockBackup-LinuxTSPlus17_BancoPRODBelaTintas_clone2904-BKPAUTCITEL-20250526-2115
2025-05-26 21:15:30,152 - INFO - 
🔍 Processando block volume: LinuxTSPlus17_HD5-LinuxDBAs_clone2904
2025-05-26 21:15:30,430 - INFO - ✅ Backup criado: BlockBackup-LinuxTSPlus17_HD5-LinuxDBAs_clone2904-BKPAUTCITEL-20250526-2115
2025-05-26 21:15:30,997 - INFO - 
🔍 Processando block volume: LinuxTSPlus6-Banco3LinuxTSPlus6-block-clone2904
2025-05-26 21:15:31,408 - INFO - ✅ Backup criado: BlockBackup-LinuxTSPlus6-Banco3LinuxTSPlus6-block-clone2904-BKPAUTCITEL-20250526-2115
2025-05-26 21:15:31,972 - INFO - 
🔍 Processando block volume: LinuxTSPlus6-Banco4LinuxTSPlus6-block-clone2904
2025-05-26 21:15:32,097 - WARNING - ⚠️ Tentativa 1: Limite de requisições. Aguardando 5s...
2025-05-26 21:15:38,560 - INFO - ✅ Backup criado: BlockBackup-LinuxTSPlus6-Banco4LinuxTSPlus6-block-clone2904-BKPAUTCITEL-20250526-2115
2025-05-26 21:15:39,140 - INFO - 
🔍 Processando block volume: LinuxTSPlus18-Banco1LinuxTSPlus18-block-2904
2025-05-26 21:15:39,265 - WARNING - ⚠️ Tentativa 1: Limite de requisições. Aguardando 5s...
2025-05-26 21:15:49,153 - INFO - ✅ Backup criado: BlockBackup-LinuxTSPlus18-Banco1LinuxTSPlus18-block-2904-BKPAUTCITEL-20250526-2115
2025-05-26 21:15:49,745 - INFO - 
🔍 Processando block volume: LinuxTSPlus18-Banco2LinuxTSPlus18-block-2904
2025-05-26 21:15:49,870 - WARNING - ⚠️ Tentativa 1: Limite de requisições. Aguardando 5s...
2025-05-26 21:15:59,945 - INFO - ✅ Backup criado: BlockBackup-LinuxTSPlus18-Banco2LinuxTSPlus18-block-2904-BKPAUTCITEL-20250526-2115
2025-05-26 21:16:00,542 - INFO - 
🔍 Processando block volume: LinuxTSPlus18-Bancos4_BR18-block-2904
2025-05-26 21:16:00,904 - INFO - ✅ Backup criado: BlockBackup-LinuxTSPlus18-Bancos4_BR18-block-2904-BKPAUTCITEL-20250526-2116
2025-05-26 21:16:01,492 - INFO - 
🔍 Processando block volume: LinuxTsplus59-Banco2Linux59-block-clone2904
2025-05-26 21:16:01,617 - WARNING - ⚠️ Tentativa 1: Limite de requisições. Aguardando 5s...
2025-05-26 21:16:09,794 - INFO - ✅ Backup criado: BlockBackup-LinuxTsplus59-Banco2Linux59-block-clone2904-BKPAUTCITEL-20250526-2116
2025-05-26 21:16:10,400 - WARNING - ⏳ Backup ignorado (estado TERMINATED): Auto-backup for 2025-05-11 08:00:00 via policy: Citel_Diario07
2025-05-26 21:16:10,401 - INFO - 
🔍 Processando block volume: LinuxTsplus59-BancoLinux59-block-clone2904
2025-05-26 21:16:10,526 - WARNING - ⚠️ Tentativa 1: Limite de requisições. Aguardando 5s...
2025-05-26 21:16:20,606 - INFO - ✅ Backup criado: BlockBackup-LinuxTsplus59-BancoLinux59-block-clone2904-BKPAUTCITEL-20250526-2116
2025-05-26 21:16:21,259 - WARNING - ⏳ Backup ignorado (estado TERMINATED): Auto-backup for 2025-05-11 08:00:00 via policy: Citel_Diario07
2025-05-26 21:16:21,259 - INFO - 
🔍 Processando block volume: LinuxTSPlus19_Banco1LinuxTSPlus19_clone2904
2025-05-26 21:16:21,384 - WARNING - ⚠️ Tentativa 1: Limite de requisições. Aguardando 5s...
2025-05-26 21:16:29,791 - INFO - ✅ Backup criado: BlockBackup-LinuxTSPlus19_Banco1LinuxTSPlus19_clone2904-BKPAUTCITEL-20250526-2116
2025-05-26 21:16:30,390 - INFO - 
🔍 Processando block volume: LinuxTSPlus19_Banco3LinuxTSPlus19_clone2904
2025-05-26 21:16:30,517 - WARNING - ⚠️ Tentativa 1: Limite de requisições. Aguardando 5s...
2025-05-26 21:16:37,437 - WARNING - ⚠️ Tentativa 2: Limite de requisições. Aguardando 10s...
2025-05-26 21:16:50,744 - INFO - ✅ Backup criado: BlockBackup-LinuxTSPlus19_Banco3LinuxTSPlus19_clone2904-BKPAUTCITEL-20250526-2116
2025-05-26 21:16:51,331 - INFO - 
🔍 Processando block volume: LinuxTSPlus20_Banco1LinuxTSPlus20_clone2904
2025-05-26 21:16:51,457 - WARNING - ⚠️ Tentativa 1: Limite de requisições. Aguardando 5s...
2025-05-26 21:16:59,814 - INFO - ✅ Backup criado: BlockBackup-LinuxTSPlus20_Banco1LinuxTSPlus20_clone2904-BKPAUTCITEL-20250526-2116
2025-05-26 21:17:00,392 - INFO - 
🔍 Processando block volume: LinuxTSPlus20_Banco2LinuxTSPlus20_clone2904
2025-05-26 21:17:00,692 - INFO - ✅ Backup criado: BlockBackup-LinuxTSPlus20_Banco2LinuxTSPlus20_clone2904-BKPAUTCITEL-20250526-2117
2025-05-26 21:17:01,251 - INFO - 
🔍 Processando block volume: LinuxTSPlus20_Banco3_BR20_clone2904
2025-05-26 21:17:01,375 - WARNING - ⚠️ Tentativa 1: Limite de requisições. Aguardando 5s...
2025-05-26 21:17:10,297 - INFO - ✅ Backup criado: BlockBackup-LinuxTSPlus20_Banco3_BR20_clone2904-BKPAUTCITEL-20250526-2117
2025-05-26 21:17:11,921 - WARNING - ⏳ Backup ignorado (estado TERMINATED): Auto-backup for 2025-05-11 08:00:00 via policy: Citel_Diario07
2025-05-26 21:17:11,922 - INFO - 
🔍 Processando block volume: LinuxTSPlus20_Banco4LinuxTSPlus20_clone2904
2025-05-26 21:17:12,190 - INFO - ✅ Backup criado: BlockBackup-LinuxTSPlus20_Banco4LinuxTSPlus20_clone2904-BKPAUTCITEL-20250526-2117
2025-05-26 21:17:12,761 - WARNING - ⏳ Backup ignorado (estado TERMINATED): Auto-backup for 2025-05-11 08:00:00 via policy: Citel_Diario07
2025-05-26 21:17:12,761 - INFO - 
🔍 Processando block volume: LinuxTSPlus5-Banco3LinuxBR5-block-clone2904
2025-05-26 21:17:12,886 - WARNING - ⚠️ Tentativa 1: Limite de requisições. Aguardando 5s...
2025-05-26 21:17:21,658 - INFO - ✅ Backup criado: BlockBackup-LinuxTSPlus5-Banco3LinuxBR5-block-clone2904-BKPAUTCITEL-20250526-2117
2025-05-26 21:17:22,236 - WARNING - ⏳ Backup ignorado (estado TERMINATED): Auto-backup for 2025-05-11 08:00:00 via policy: Citel_Diario07
2025-05-26 21:17:22,236 - INFO - 
🔍 Processando block volume: LinuxTSPlus5-Banco2LinuxBR5-block-clone2904
2025-05-26 21:17:22,583 - INFO - ✅ Backup criado: BlockBackup-LinuxTSPlus5-Banco2LinuxBR5-block-clone2904-BKPAUTCITEL-20250526-2117
2025-05-26 21:17:23,147 - INFO - 
🔍 Processando block volume: Banco1-LinuxData004
2025-05-26 21:17:23,422 - INFO - ✅ Backup criado: BlockBackup-Banco1-LinuxData004-BKPAUTCITEL-20250526-2117
2025-05-26 21:17:24,004 - WARNING - ⏳ Backup ignorado (estado TERMINATED): Auto-backup for 2025-05-11 08:00:00 via policy: Citel_Diario07
2025-05-26 21:17:24,004 - INFO - 
🔍 Processando block volume: Banco2-LinuxData004
2025-05-26 21:17:24,129 - WARNING - ⚠️ Tentativa 1: Limite de requisições. Aguardando 5s...
2025-05-26 21:17:30,956 - INFO - ✅ Backup criado: BlockBackup-Banco2-LinuxData004-BKPAUTCITEL-20250526-2117
2025-05-26 21:17:31,539 - INFO - 
🔍 Processando block volume: Banco3-LinuxData004
2025-05-26 21:17:31,850 - INFO - ✅ Backup criado: BlockBackup-Banco3-LinuxData004-BKPAUTCITEL-20250526-2117
2025-05-26 21:17:32,427 - INFO - 
🔍 Processando block volume: LinuxTSPlus48-block-Restore
2025-05-26 21:17:32,552 - WARNING - ⚠️ Tentativa 1: Limite de requisições. Aguardando 5s...
2025-05-26 21:17:39,560 - INFO - ✅ Backup criado: BlockBackup-LinuxTSPlus48-block-Restore-BKPAUTCITEL-20250526-2117
2025-05-26 21:17:40,128 - WARNING - ⏳ Backup ignorado (estado TERMINATED): Auto-backup for 2025-05-11 08:00:00 via policy: Citel_Diario07
2025-05-26 21:17:40,128 - INFO - 
🔍 Processando block volume: LinuxData007-Banco4
2025-05-26 21:17:40,427 - INFO - ✅ Backup criado: BlockBackup-LinuxData007-Banco4-BKPAUTCITEL-20250526-2117
2025-05-26 21:17:41,005 - WARNING - ⏳ Backup ignorado (estado TERMINATED): Auto-backup for 2025-05-11 08:00:00 via policy: Citel_Diario07
2025-05-26 21:17:41,005 - INFO - 
🔍 Processando block volume: Banco2LinuxBR21-Restore
2025-05-26 21:17:41,129 - WARNING - ⚠️ Tentativa 1: Limite de requisições. Aguardando 5s...
2025-05-26 21:17:48,859 - INFO - ✅ Backup criado: BlockBackup-Banco2LinuxBR21-Restore-BKPAUTCITEL-20250526-2117
2025-05-26 21:17:49,449 - INFO - 
🔍 Processando block volume: LinuxTSPlus41-block-Restore
2025-05-26 21:17:49,750 - INFO - ✅ Backup criado: BlockBackup-LinuxTSPlus41-block-Restore-BKPAUTCITEL-20250526-2117
2025-05-26 21:17:50,329 - INFO - 
🔍 Processando block volume: Banco1LinuxTSPlus26-Restore
2025-05-26 21:17:50,453 - WARNING - ⚠️ Tentativa 1: Limite de requisições. Aguardando 5s...
2025-05-26 21:17:57,656 - INFO - ✅ Backup criado: BlockBackup-Banco1LinuxTSPlus26-Restore-BKPAUTCITEL-20250526-2117
2025-05-26 21:17:58,244 - INFO - 
🔍 Processando block volume: LinuxTSPlus36-block-Restore
2025-05-26 21:17:58,369 - WARNING - ⚠️ Tentativa 1: Limite de requisições. Aguardando 5s...
2025-05-26 21:18:05,778 - WARNING - ⚠️ Tentativa 2: Limite de requisições. Aguardando 10s...
2025-05-26 21:18:19,492 - WARNING - ⚠️ Tentativa 3: Limite de requisições. Aguardando 20s...
2025-05-26 21:18:42,191 - INFO - ✅ Backup criado: BlockBackup-LinuxTSPlus36-block-Restore-BKPAUTCITEL-20250526-2117
2025-05-26 21:18:42,769 - INFO - 
🔍 Processando block volume: LinuxTSPlus34-Bancos3_BR34-backup-Restore
2025-05-26 21:18:43,080 - INFO - ✅ Backup criado: BlockBackup-LinuxTSPlus34-Bancos3_BR34-backup-Restore-BKPAUTCITEL-20250526-2118
2025-05-26 21:18:43,668 - INFO - 
🔍 Processando block volume: LinuxTSPlus34-Bancos2_BR34-backup-Restore
2025-05-26 21:18:43,944 - INFO - ✅ Backup criado: BlockBackup-LinuxTSPlus34-Bancos2_BR34-backup-Restore-BKPAUTCITEL-20250526-2118
2025-05-26 21:18:44,518 - INFO - 
🔍 Processando block volume: Banco1LinuxTSPLUS33-Restore
2025-05-26 21:18:44,805 - INFO - ✅ Backup criado: BlockBackup-Banco1LinuxTSPLUS33-Restore-BKPAUTCITEL-20250526-2118
2025-05-26 21:18:45,374 - INFO - 
🔍 Processando block volume: Banco2BR33-Restore
2025-05-26 21:18:45,499 - WARNING - ⚠️ Tentativa 1: Limite de requisições. Aguardando 5s...
2025-05-26 21:18:52,342 - INFO - ✅ Backup criado: BlockBackup-Banco2BR33-Restore-BKPAUTCITEL-20250526-2118
2025-05-26 21:18:52,922 - WARNING - ⏳ Backup ignorado (estado TERMINATED): Auto-backup for 2025-05-11 08:00:00 via policy: Citel_Diario07
2025-05-26 21:18:52,922 - INFO - 
🔍 Processando block volume: LinuxTSPlus34-Banco1LinuxTSPLUS34-backup-Restore
2025-05-26 21:18:53,207 - INFO - ✅ Backup criado: BlockBackup-LinuxTSPlus34-Banco1LinuxTSPLUS34-backup-Restore-BKPAUTCITEL-20250526-2118
2025-05-26 21:18:53,827 - WARNING - ⏳ Backup ignorado (estado TERMINATED): Auto-backup for 2025-05-11 08:00:00 via policy: Citel_Diario07
2025-05-26 21:18:53,828 - INFO - 
🔍 Processando block volume: LinuxTSPlus1-Restore1
2025-05-26 21:18:54,132 - INFO - ✅ Backup criado: BlockBackup-LinuxTSPlus1-Restore1-BKPAUTCITEL-20250526-2118
2025-05-26 21:18:54,709 - WARNING - ⏳ Backup ignorado (estado TERMINATED): Auto-backup for 2025-05-11 08:00:00 via policy: Citel_Diario07
2025-05-26 21:18:54,709 - INFO - 
🔍 Processando block volume: Bancos5_BR1-Restore2
2025-05-26 21:18:54,834 - WARNING - ⚠️ Tentativa 1: Limite de requisições. Aguardando 5s...
2025-05-26 21:19:00,893 - INFO - ✅ Backup criado: BlockBackup-Bancos5_BR1-Restore2-BKPAUTCITEL-20250526-2118
2025-05-26 21:19:01,468 - INFO - 
🔍 Processando block volume: Bancos4_BR01-Restore3
2025-05-26 21:19:01,813 - INFO - ✅ Backup criado: BlockBackup-Bancos4_BR01-Restore3-BKPAUTCITEL-20250526-2119
2025-05-26 21:19:02,386 - WARNING - ⏳ Backup ignorado (estado TERMINATED): Auto-backup for 2025-05-11 08:00:00 via policy: Citel_Diario07
2025-05-26 21:19:02,387 - INFO - 
🔍 Processando block volume: Banco3LinuxTSPlus1-Restore4
2025-05-26 21:19:02,511 - WARNING - ⚠️ Tentativa 1: Limite de requisições. Aguardando 5s...
2025-05-26 21:19:09,831 - INFO - ✅ Backup criado: BlockBackup-Banco3LinuxTSPlus1-Restore4-BKPAUTCITEL-20250526-2119
2025-05-26 21:19:10,418 - INFO - 
🔍 Processando block volume: Banco1LinuxTSPlus24-Restore
2025-05-26 21:19:10,710 - INFO - ✅ Backup criado: BlockBackup-Banco1LinuxTSPlus24-Restore-BKPAUTCITEL-20250526-2119
2025-05-26 21:19:11,284 - INFO - 
🔍 Processando block volume: Banco1LinuxTSPlus22-Restore
2025-05-26 21:19:11,408 - WARNING - ⚠️ Tentativa 1: Limite de requisições. Aguardando 5s...
2025-05-26 21:19:18,924 - WARNING - ⚠️ Tentativa 2: Limite de requisições. Aguardando 10s...
2025-05-26 21:19:33,042 - INFO - ✅ Backup criado: BlockBackup-Banco1LinuxTSPlus22-Restore-BKPAUTCITEL-20250526-2119
2025-05-26 21:19:33,616 - INFO - 
🔍 Processando block volume: Banco3LinuxTSPlus22-Restore
2025-05-26 21:19:33,970 - INFO - ✅ Backup criado: BlockBackup-Banco3LinuxTSPlus22-Restore-BKPAUTCITEL-20250526-2119
2025-05-26 21:19:34,568 - INFO - 
🔍 Processando block volume: Banco2LinuxTSPlus22-Restore
2025-05-26 21:19:34,863 - INFO - ✅ Backup criado: BlockBackup-Banco2LinuxTSPlus22-Restore-BKPAUTCITEL-20250526-2119
2025-05-26 21:19:35,439 - WARNING - ⏳ Backup ignorado (estado TERMINATED): Auto-backup for 2025-05-11 08:00:00 via policy: Citel_Diario07
2025-05-26 21:19:35,439 - INFO - 
🔍 Processando block volume: LinuxData010-PalacioTKT651385
2025-05-26 21:19:35,563 - WARNING - ⚠️ Tentativa 1: Limite de requisições. Aguardando 5s...
2025-05-26 21:19:44,738 - INFO - ✅ Backup criado: BlockBackup-LinuxData010-PalacioTKT651385-BKPAUTCITEL-20250526-2119
2025-05-26 21:19:45,305 - WARNING - ⏳ Backup ignorado (estado TERMINATED): Auto-backup for 2025-05-11 08:00:00 via policy: Citel_Diario07
2025-05-26 21:19:45,306 - INFO - 
🔍 Processando block volume: LinuxData010-Banco4
2025-05-26 21:19:45,431 - WARNING - ⚠️ Tentativa 1: Limite de requisições. Aguardando 5s...
2025-05-26 21:19:53,577 - WARNING - ⚠️ Tentativa 2: Limite de requisições. Aguardando 10s...
2025-05-26 21:20:07,074 - INFO - ✅ Backup criado: BlockBackup-LinuxData010-Banco4-BKPAUTCITEL-20250526-2119
2025-05-26 21:20:07,666 - WARNING - ⏳ Backup ignorado (estado TERMINATED): Auto-backup for 2025-05-11 08:00:00 via policy: Citel_Diario07
2025-05-26 21:20:07,667 - INFO - 
🔍 Processando block volume: LinuxData010-Banco5
2025-05-26 21:20:07,966 - INFO - ✅ Backup criado: BlockBackup-LinuxData010-Banco5-BKPAUTCITEL-20250526-2120
2025-05-26 21:20:08,545 - WARNING - ⏳ Backup ignorado (estado TERMINATED): Auto-backup for 2025-05-11 08:00:00 via policy: Citel_Diario07
2025-05-26 21:20:08,545 - INFO - 
🔍 Processando block volume: LinuxData010-GeB
2025-05-26 21:20:08,829 - INFO - ✅ Backup criado: BlockBackup-LinuxData010-GeB-BKPAUTCITEL-20250526-2120
2025-05-26 21:20:09,424 - INFO - 
🔍 Processando block volume: LinuxData020-Banco3_BR20
2025-05-26 21:20:09,864 - INFO - ✅ Backup criado: BlockBackup-LinuxData020-Banco3_BR20-BKPAUTCITEL-20250526-2120
2025-05-26 21:20:10,445 - WARNING - ⏳ Backup ignorado (estado TERMINATED): Auto-backup for 2025-05-11 08:00:00 via policy: Citel_Diario07
2025-05-26 21:20:10,446 - INFO - 
🔍 Processando block volume: Banco3_BR20-RESTORE_FILES
2025-05-26 21:20:10,739 - INFO - ✅ Backup criado: BlockBackup-Banco3_BR20-RESTORE_FILES-BKPAUTCITEL-20250526-2120
2025-05-26 21:20:11,314 - INFO - 
🔍 Processando block volume: LinuxData030_clone06052025
2025-05-26 21:20:11,637 - INFO - ✅ Backup criado: BlockBackup-LinuxData030_clone06052025-BKPAUTCITEL-20250526-2120
2025-05-26 21:20:12,207 - INFO - 
🔍 Processando block volume: Restore_Teste_Bancos3_BR20
2025-05-26 21:20:12,469 - INFO - ✅ Backup criado: BlockBackup-Restore_Teste_Bancos3_BR20-BKPAUTCITEL-20250526-2120
2025-05-26 21:20:13,039 - INFO - 
🔍 Processando block volume: Restore Banco ComercialCarvalho
2025-05-26 21:20:13,314 - INFO - ✅ Backup criado: BlockBackup-Restore Banco ComercialCarvalho-BKPAUTCITEL-20250526-2120
2025-05-26 21:20:13,894 - INFO - 
🔍 Processando block volume: Restore Banco Fluzao
2025-05-26 21:20:14,171 - INFO - ✅ Backup criado: BlockBackup-Restore Banco Fluzao-BKPAUTCITEL-20250526-2120
2025-05-26 21:20:14,740 - INFO - 
🔍 Processando block volume: Restore Banco Suprema
2025-05-26 21:20:14,865 - WARNING - ⚠️ Tentativa 1: Limite de requisições. Aguardando 5s...
2025-05-26 21:20:21,033 - WARNING - ⚠️ Tentativa 2: Limite de requisições. Aguardando 10s...
2025-05-26 21:20:34,557 - INFO - ✅ Backup criado: BlockBackup-Restore Banco Suprema-BKPAUTCITEL-20250526-2120
2025-05-26 21:20:35,147 - INFO - 
🔍 Processando block volume: BKP Fluzao Prudente
2025-05-26 21:20:35,272 - WARNING - ⚠️ Tentativa 1: Limite de requisições. Aguardando 5s...
2025-05-26 21:20:45,632 - INFO - ✅ Backup criado: BlockBackup-BKP Fluzao Prudente-BKPAUTCITEL-20250526-2120
2025-05-26 21:20:46,204 - INFO - 
🔍 Processando block volume: LINUXDATA020-BANCO3-Testerecovery-14-05-2025
2025-05-26 21:20:46,328 - WARNING - ⚠️ Tentativa 1: Limite de requisições. Aguardando 5s...
2025-05-26 21:20:53,311 - INFO - ✅ Backup criado: BlockBackup-LINUXDATA020-BANCO3-Testerecovery-14-05-2025-BKPAUTCITEL-20250526-2120
2025-05-26 21:20:53,884 - INFO - 
🔍 Processando block volume: Restore Banco BI Royal
2025-05-26 21:20:54,009 - WARNING - ⚠️ Tentativa 1: Limite de requisições. Aguardando 5s...
2025-05-26 21:21:02,956 - INFO - ✅ Backup criado: BlockBackup-Restore Banco BI Royal-BKPAUTCITEL-20250526-2120
2025-05-26 21:21:03,629 - INFO - 
🔍 Processando block volume: Restore Banco BI Piso e Cia 
2025-05-26 21:21:03,756 - WARNING - ⚠️ Tentativa 1: Limite de requisições. Aguardando 5s...
2025-05-26 21:21:12,481 - WARNING - ⚠️ Tentativa 2: Limite de requisições. Aguardando 10s...
2025-05-26 21:21:25,184 - INFO - ✅ Backup criado: BlockBackup-Restore Banco BI Piso e Cia -BKPAUTCITEL-20250526-2121
2025-05-26 21:21:25,756 - INFO - 
🔍 Processando block volume: Restore Banco BI MaxVinil
2025-05-26 21:21:26,027 - INFO - ✅ Backup criado: BlockBackup-Restore Banco BI MaxVinil-BKPAUTCITEL-20250526-2121
2025-05-26 21:21:26,585 - INFO - 
🔍 Processando block volume: Restore Banco BI Vermat
2025-05-26 21:21:26,862 - INFO - ✅ Backup criado: BlockBackup-Restore Banco BI Vermat-BKPAUTCITEL-20250526-2121
2025-05-26 21:21:27,435 - INFO - 
🔍 Processando block volume: Restore Banco BI Perin
2025-05-26 21:21:27,561 - WARNING - ⚠️ Tentativa 1: Limite de requisições. Aguardando 5s...
2025-05-26 21:21:34,455 - INFO - ✅ Backup criado: BlockBackup-Restore Banco BI Perin-BKPAUTCITEL-20250526-2121
2025-05-26 21:21:35,023 - INFO - 
🔍 Processando block volume: Restore Banco BI AtacadaoPT
2025-05-26 21:21:35,151 - WARNING - ⚠️ Tentativa 1: Limite de requisições. Aguardando 5s...
2025-05-26 21:21:45,564 - INFO - ✅ Backup criado: BlockBackup-Restore Banco BI AtacadaoPT-BKPAUTCITEL-20250526-2121
2025-05-26 21:21:46,145 - INFO - 
🔍 Processando block volume: Restore Banco BI Agrocac
2025-05-26 21:21:46,421 - INFO - ✅ Backup criado: BlockBackup-Restore Banco BI Agrocac-BKPAUTCITEL-20250526-2121
2025-05-26 21:21:46,978 - INFO - 
🔍 Processando block volume: Restore Banco BI PadraoPVC
2025-05-26 21:21:47,293 - INFO - ✅ Backup criado: BlockBackup-Restore Banco BI PadraoPVC-BKPAUTCITEL-20250526-2121
2025-05-26 21:21:47,855 - INFO - 
🔍 Processando block volume: Restore Banco BI Rezende
2025-05-26 21:21:48,143 - INFO - ✅ Backup criado: BlockBackup-Restore Banco BI Rezende-BKPAUTCITEL-20250526-2121
2025-05-26 21:21:48,713 - INFO - 
🔍 Processando block volume: Restore Banco BI MadMapa
2025-05-26 21:21:49,028 - INFO - ✅ Backup criado: BlockBackup-Restore Banco BI MadMapa-BKPAUTCITEL-20250526-2121
2025-05-26 21:21:49,589 - INFO - 
🔍 Processando block volume: Restore Banco BI Santana
2025-05-26 21:21:49,714 - WARNING - ⚠️ Tentativa 1: Limite de requisições. Aguardando 5s...
2025-05-26 21:22:00,309 - INFO - ✅ Backup criado: BlockBackup-Restore Banco BI Santana-BKPAUTCITEL-20250526-2121
2025-05-26 21:22:00,883 - INFO - 
🔍 Processando block volume: Restore Banco BI VarejaodasTintas
2025-05-26 21:22:01,008 - WARNING - ⚠️ Tentativa 1: Limite de requisições. Aguardando 5s...
2025-05-26 21:22:11,159 - INFO - ✅ Backup criado: BlockBackup-Restore Banco BI VarejaodasTintas-BKPAUTCITEL-20250526-2122
2025-05-26 21:22:11,729 - INFO - 
🔍 Processando block volume: Restore Banco BI ElloTintas
2025-05-26 21:22:11,853 - WARNING - ⚠️ Tentativa 1: Limite de requisições. Aguardando 5s...
2025-05-26 21:22:21,374 - INFO - ✅ Backup criado: BlockBackup-Restore Banco BI ElloTintas-BKPAUTCITEL-20250526-2122
2025-05-26 21:22:21,952 - INFO - 
🔍 Processando block volume: Restore Banco BI Moto One
2025-05-26 21:22:22,079 - WARNING - ⚠️ Tentativa 1: Limite de requisições. Aguardando 5s...
2025-05-26 21:22:28,915 - INFO - ✅ Backup criado: BlockBackup-Restore Banco BI Moto One-BKPAUTCITEL-20250526-2122
2025-05-26 21:22:29,476 - INFO - 
🔍 Processando block volume: Restore Banco BI OLV
2025-05-26 21:22:29,749 - INFO - ✅ Backup criado: BlockBackup-Restore Banco BI OLV-BKPAUTCITEL-20250526-2122
2025-05-26 21:22:30,308 - INFO - 
🔍 Processando block volume: Restore Banco BI Construilma
2025-05-26 21:22:30,432 - WARNING - ⚠️ Tentativa 1: Limite de requisições. Aguardando 5s...
2025-05-26 21:22:36,643 - WARNING - ⚠️ Tentativa 2: Limite de requisições. Aguardando 10s...
2025-05-26 21:22:51,149 - INFO - ✅ Backup criado: BlockBackup-Restore Banco BI Construilma-BKPAUTCITEL-20250526-2122
2025-05-26 21:22:51,736 - INFO - 
🔍 Processando block volume: Restore Banco BI Baytek
2025-05-26 21:22:52,004 - INFO - ✅ Backup criado: BlockBackup-Restore Banco BI Baytek-BKPAUTCITEL-20250526-2122
2025-05-26 21:22:52,588 - INFO - 
🔍 Processando block volume: Restore Banco BI Soldage
2025-05-26 21:22:52,902 - INFO - ✅ Backup criado: BlockBackup-Restore Banco BI Soldage-BKPAUTCITEL-20250526-2122
2025-05-26 21:22:53,463 - INFO - 
🔍 Processando block volume: Banco Restore BI Rizato
2025-05-26 21:22:53,587 - WARNING - ⚠️ Tentativa 1: Limite de requisições. Aguardando 5s...
2025-05-26 21:23:01,513 - INFO - ✅ Backup criado: BlockBackup-Banco Restore BI Rizato-BKPAUTCITEL-20250526-2122
2025-05-26 21:23:02,084 - INFO - 
🔍 Processando block volume: Restore Banco BI Colomarti
2025-05-26 21:23:02,387 - INFO - ✅ Backup criado: BlockBackup-Restore Banco BI Colomarti-BKPAUTCITEL-20250526-2123
2025-05-26 21:23:02,960 - INFO - 
🔍 Processando block volume: HD BKP BI Gasparzinho
2025-05-26 21:23:03,253 - INFO - ✅ Backup criado: BlockBackup-HD BKP BI Gasparzinho-BKPAUTCITEL-20250526-2123
2025-05-26 21:23:03,810 - INFO - 
🔍 Processando block volume: Banco_srvEstrategico
2025-05-26 21:23:03,934 - WARNING - ⚠️ Tentativa 1: Limite de requisições. Aguardando 5s...
2025-05-26 21:23:10,123 - WARNING - ⚠️ Tentativa 2: Limite de requisições. Aguardando 10s...
2025-05-26 21:23:21,630 - INFO - ✅ Backup criado: BlockBackup-Banco_srvEstrategico-BKPAUTCITEL-20250526-2123
2025-05-26 21:23:22,218 - INFO - 
🔍 Processando block volume: Restore banco Palmas bkp2 
2025-05-26 21:23:22,343 - WARNING - ⚠️ Tentativa 1: Limite de requisições. Aguardando 5s...
2025-05-26 21:23:28,273 - INFO - ✅ Backup criado: BlockBackup-Restore banco Palmas bkp2 -BKPAUTCITEL-20250526-2123
2025-05-26 21:23:28,845 - INFO - 
🔍 Processando block volume: Restore Banco 2B bkp2
2025-05-26 21:23:28,970 - WARNING - ⚠️ Tentativa 1: Limite de requisições. Aguardando 5s...
2025-05-26 21:23:35,980 - WARNING - ⚠️ Tentativa 2: Limite de requisições. Aguardando 10s...
2025-05-26 21:23:50,178 - INFO - ✅ Backup criado: BlockBackup-Restore Banco 2B bkp2-BKPAUTCITEL-20250526-2123
2025-05-26 21:23:50,749 - INFO - 
🔍 Processando block volume: Restore Banco BI Refrigas2
2025-05-26 21:23:51,039 - INFO - ✅ Backup criado: BlockBackup-Restore Banco BI Refrigas2-BKPAUTCITEL-20250526-2123
2025-05-26 21:23:51,607 - INFO - 
🔍 Processando block volume: BKP Valclei tkt 1076246
2025-05-26 21:23:51,894 - INFO - ✅ Backup criado: BlockBackup-BKP Valclei tkt 1076246-BKPAUTCITEL-20250526-2123
2025-05-26 21:23:52,452 - INFO - 
🔍 Processando block volume: Restore2 BI Paratudo
2025-05-26 21:23:52,578 - WARNING - ⚠️ Tentativa 1: Limite de requisições. Aguardando 5s...
2025-05-26 21:23:59,604 - INFO - ✅ Backup criado: BlockBackup-Restore2 BI Paratudo-BKPAUTCITEL-20250526-2123
2025-05-26 21:24:00,150 - INFO - 
🔍 Processando block volume: Banco2 MiaraKruger bi 
2025-05-26 21:24:00,576 - INFO - ✅ Backup criado: BlockBackup-Banco2 MiaraKruger bi -BKPAUTCITEL-20250526-2124
2025-05-26 21:24:01,128 - INFO - 
✅ Execução concluída com sucesso
