2025-05-26 15:11:25,227 - INFO - 
🔍 Processando block volume: LinuxTSPlus1
2025-05-26 15:11:25,521 - INFO - ✅ Backup criado: BlockBackup-LinuxTSPlus1-BKPAUTCITEL-20250526-1511
2025-05-26 15:11:26,125 - WARNING - ⏳ Backup ignorado (estado TERMINATED): Auto-backup for 2025-05-11 08:00:00 via policy: Citel_Diario07
2025-05-26 15:11:26,126 - INFO - 
🔍 Processando block volume: Banco1LinuxTSPlus2
2025-05-26 15:11:26,464 - INFO - ✅ Backup criado: BlockBackup-Banco1LinuxTSPlus2-BKPAUTCITEL-20250526-1511
2025-05-26 15:11:27,041 - WARNING - ⏳ Backup ignorado (estado TERMINATED): Auto-backup for 2025-05-11 08:00:00 via policy: Citel_Diario07
2025-05-26 15:11:27,042 - INFO - 
🔍 Processando block volume: Banco1LinuxTSPlus4
2025-05-26 15:11:27,406 - INFO - ✅ Backup criado: BlockBackup-Banco1LinuxTSPlus4-BKPAUTCITEL-20250526-1511
2025-05-26 15:11:27,978 - WARNING - ⏳ Backup ignorado (estado TERMINATED): Auto-backup for 2025-05-11 08:00:00 via policy: Citel_Diario07
2025-05-26 15:11:27,978 - INFO - 
🔍 Processando block volume: Banco1LinuxTSPlus20
2025-05-26 15:11:28,104 - WARNING - ⚠️ Tentativa 1: Limite de requisições. Aguardando 5s...
2025-05-26 15:11:35,406 - WARNING - ⚠️ Tentativa 2: Limite de requisições. Aguardando 10s...
2025-05-26 15:11:50,681 - INFO - ✅ Backup criado: BlockBackup-Banco1LinuxTSPlus20-BKPAUTCITEL-20250526-1511
2025-05-26 15:11:51,252 - WARNING - ⏳ Backup ignorado (estado TERMINATED): Auto-backup for 2025-05-11 08:00:00 via policy: Citel_Diario07
2025-05-26 15:11:51,253 - INFO - 
🔍 Processando block volume: Banco3LinuxTSPlus1
2025-05-26 15:11:51,569 - INFO - ✅ Backup criado: BlockBackup-Banco3LinuxTSPlus1-BKPAUTCITEL-20250526-1511
2025-05-26 15:11:52,156 - WARNING - ⏳ Backup ignorado (estado TERMINATED): Auto-backup for 2025-05-11 08:00:00 via policy: Citel_Diario07
2025-05-26 15:11:52,156 - INFO - 
🔍 Processando block volume: Banco_PalacioFerramentas
2025-05-26 15:11:52,451 - INFO - ✅ Backup criado: BlockBackup-Banco_PalacioFerramentas-BKPAUTCITEL-20250526-1511
2025-05-26 15:11:53,015 - WARNING - ⏳ Backup ignorado (estado TERMINATED): Auto-backup for 2025-05-11 08:00:00 via policy: Citel_Diario07
2025-05-26 15:11:53,015 - INFO - 
🔍 Processando block volume: Banco1LinuxTSPlus25
2025-05-26 15:11:53,140 - WARNING - ⚠️ Tentativa 1: Limite de requisições. Aguardando 5s...
2025-05-26 15:12:00,473 - INFO - ✅ Backup criado: BlockBackup-Banco1LinuxTSPlus25-BKPAUTCITEL-20250526-1511
2025-05-26 15:12:01,067 - WARNING - ⏳ Backup ignorado (estado TERMINATED): Auto-backup for 2025-05-11 08:00:00 via policy: Citel_Diario07
2025-05-26 15:12:01,067 - INFO - 
🔍 Processando block volume: Banco1LinuxTSPlus30
2025-05-26 15:12:01,381 - INFO - ✅ Backup criado: BlockBackup-Banco1LinuxTSPlus30-BKPAUTCITEL-20250526-1512
2025-05-26 15:12:01,953 - WARNING - ⏳ Backup ignorado (estado TERMINATED): Auto-backup for 2025-05-11 08:00:00 via policy: Citel_Diario07
2025-05-26 15:12:01,954 - INFO - 
🔍 Processando block volume: Banco5LinuxTSPlus10
2025-05-26 15:12:02,275 - INFO - ✅ Backup criado: BlockBackup-Banco5LinuxTSPlus10-BKPAUTCITEL-20250526-1512
2025-05-26 15:12:02,885 - WARNING - ⏳ Backup ignorado (estado TERMINATED): Auto-backup for 2025-05-11 08:00:00 via policy: Citel_Diario07
2025-05-26 15:12:02,885 - INFO - 
🔍 Processando block volume: Banco2LinuxTSPlus20
2025-05-26 15:12:03,010 - WARNING - ⚠️ Tentativa 1: Limite de requisições. Aguardando 5s...
2025-05-26 15:12:11,383 - INFO - ✅ Backup criado: BlockBackup-Banco2LinuxTSPlus20-BKPAUTCITEL-20250526-1512
2025-05-26 15:12:11,957 - WARNING - ⏳ Backup ignorado (estado TERMINATED): Auto-backup for 2025-05-11 08:00:00 via policy: Citel_Diario07
2025-05-26 15:12:11,957 - INFO - 
🔍 Processando block volume: Banco2BR24
2025-05-26 15:12:12,257 - INFO - ✅ Backup criado: BlockBackup-Banco2BR24-BKPAUTCITEL-20250526-1512
2025-05-26 15:12:12,809 - WARNING - ⏳ Backup ignorado (estado TERMINATED): Auto-backup for 2025-05-11 08:00:00 via policy: Citel_Diario07
2025-05-26 15:12:12,809 - INFO - 
🔍 Processando block volume: LinuxDataBelaTintas
2025-05-26 15:12:12,934 - WARNING - ⚠️ Tentativa 1: Limite de requisições. Aguardando 5s...
2025-05-26 15:12:21,775 - WARNING - ⚠️ Tentativa 2: Limite de requisições. Aguardando 10s...
2025-05-26 15:12:32,860 - INFO - ✅ Backup criado: BlockBackup-LinuxDataBelaTintas-BKPAUTCITEL-20250526-1512
2025-05-26 15:12:33,476 - WARNING - ⏳ Backup ignorado (estado TERMINATED): Auto-backup for 2025-05-11 08:00:00 via policy: Citel_Diario07
2025-05-26 15:12:33,476 - INFO - 
🔍 Processando block volume: Bancos2_BR02
2025-05-26 15:12:33,601 - WARNING - ⚠️ Tentativa 1: Limite de requisições. Aguardando 5s...
2025-05-26 15:12:39,490 - INFO - ✅ Backup criado: BlockBackup-Bancos2_BR02-BKPAUTCITEL-20250526-1512
2025-05-26 15:12:40,079 - WARNING - ⏳ Backup ignorado (estado TERMINATED): Auto-backup for 2025-05-11 08:00:00 via policy: Citel_Diario07
2025-05-26 15:12:40,079 - INFO - 
🔍 Processando block volume: Bancos4_BR01
2025-05-26 15:12:40,204 - WARNING - ⚠️ Tentativa 1: Limite de requisições. Aguardando 5s...
2025-05-26 15:12:48,905 - INFO - ✅ Backup criado: BlockBackup-Bancos4_BR01-BKPAUTCITEL-20250526-1512
2025-05-26 15:12:49,478 - WARNING - ⏳ Backup ignorado (estado TERMINATED): Auto-backup for 2025-05-11 08:00:00 via policy: Citel_Diario07
2025-05-26 15:12:49,479 - INFO - 
🔍 Processando block volume: BKO Palacio TKT 651385
2025-05-26 15:12:49,881 - INFO - ✅ Backup criado: BlockBackup-BKO Palacio TKT 651385-BKPAUTCITEL-20250526-1512
2025-05-26 15:12:50,473 - WARNING - ⏳ Backup ignorado (estado TERMINATED): Auto-backup for 2025-05-11 08:00:00 via policy: Citel_Diario04
2025-05-26 15:12:50,474 - INFO - 
🔍 Processando block volume: Bancos3_BR25
2025-05-26 15:12:50,768 - INFO - ✅ Backup criado: BlockBackup-Bancos3_BR25-BKPAUTCITEL-20250526-1512
2025-05-26 15:12:51,332 - WARNING - ⏳ Backup ignorado (estado TERMINATED): Auto-backup for 2025-05-11 08:00:00 via policy: Citel_Diario07
2025-05-26 15:12:51,332 - INFO - 
🔍 Processando block volume: GeB
2025-05-26 15:12:51,614 - INFO - ✅ Backup criado: BlockBackup-GeB-BKPAUTCITEL-20250526-1512
2025-05-26 15:12:52,186 - WARNING - ⏳ Backup ignorado (estado TERMINATED): Auto-backup for 2025-05-11 08:00:00 via policy: Citel_Diario07
2025-05-26 15:12:52,187 - INFO - 
🔍 Processando block volume: Banco3_BR20
2025-05-26 15:12:52,311 - WARNING - ⚠️ Tentativa 1: Limite de requisições. Aguardando 5s...
2025-05-26 15:13:01,188 - WARNING - ⚠️ Tentativa 2: Limite de requisições. Aguardando 10s...
2025-05-26 15:13:16,550 - WARNING - ⚠️ Tentativa 3: Limite de requisições. Aguardando 20s...
2025-05-26 15:13:39,424 - INFO - ✅ Backup criado: BlockBackup-Banco3_BR20-BKPAUTCITEL-20250526-1512
2025-05-26 15:13:39,995 - WARNING - ⏳ Backup ignorado (estado TERMINATED): Auto-backup for 2025-05-11 08:00:00 via policy: Citel_Diario07
2025-05-26 15:13:39,995 - INFO - 
🔍 Processando block volume: Banco_Darka
2025-05-26 15:13:40,121 - WARNING - ⚠️ Tentativa 1: Limite de requisições. Aguardando 5s...
2025-05-26 15:13:47,623 - INFO - ✅ Backup criado: BlockBackup-Banco_Darka-BKPAUTCITEL-20250526-1513
2025-05-26 15:13:48,213 - WARNING - ⏳ Backup ignorado (estado TERMINATED): Auto-backup for 2025-05-11 08:00:00 via policy: Citel_Diario07
2025-05-26 15:13:48,214 - INFO - 
🔍 Processando block volume: Banco4LinuxTSPlus20
2025-05-26 15:13:48,509 - INFO - ✅ Backup criado: BlockBackup-Banco4LinuxTSPlus20-BKPAUTCITEL-20250526-1513
2025-05-26 15:13:49,078 - WARNING - ⏳ Backup ignorado (estado TERMINATED): Auto-backup for 2025-05-11 08:00:00 via policy: Citel_Diario07
2025-05-26 15:13:49,078 - INFO - 
🔍 Processando block volume: BackupGeB
2025-05-26 15:13:49,374 - INFO - ✅ Backup criado: BlockBackup-BackupGeB-BKPAUTCITEL-20250526-1513
2025-05-26 15:13:49,948 - WARNING - ⏳ Backup ignorado (estado TERMINATED): Auto-backup for 2025-05-11 08:00:00 via policy: Citel_Diario07
2025-05-26 15:13:49,948 - INFO - 
🔍 Processando block volume: BancoGeB
2025-05-26 15:13:50,240 - INFO - ✅ Backup criado: BlockBackup-BancoGeB-BKPAUTCITEL-20250526-1513
2025-05-26 15:13:50,851 - WARNING - ⏳ Backup ignorado (estado TERMINATED): Auto-backup for 2025-05-11 08:00:00 via policy: Citel_Diario07
2025-05-26 15:13:50,851 - INFO - 
🔍 Processando block volume: Bancos5_BR1
2025-05-26 15:13:51,150 - INFO - ✅ Backup criado: BlockBackup-Bancos5_BR1-BKPAUTCITEL-20250526-1513
2025-05-26 15:13:51,711 - WARNING - ⏳ Backup ignorado (estado TERMINATED): Auto-backup for 2025-05-11 08:00:00 via policy: Citel_Diario07
2025-05-26 15:13:51,711 - INFO - 
🔍 Processando block volume: BackupCoresVivas TKT 902822
2025-05-26 15:13:51,837 - WARNING - ⚠️ Tentativa 1: Limite de requisições. Aguardando 5s...
2025-05-26 15:14:00,862 - INFO - ✅ Backup criado: BlockBackup-BackupCoresVivas TKT 902822-BKPAUTCITEL-20250526-1513
2025-05-26 15:14:01,429 - WARNING - ⏳ Backup ignorado (estado TERMINATED): Auto-backup for 2025-05-11 08:00:00 via policy: Citel_Diario07
2025-05-26 15:14:01,430 - INFO - 
🔍 Processando block volume: bkpBoomerVinicius
2025-05-26 15:14:01,695 - INFO - ✅ Backup criado: BlockBackup-bkpBoomerVinicius-BKPAUTCITEL-20250526-1514
2025-05-26 15:14:02,279 - WARNING - ⏳ Backup ignorado (estado TERMINATED): Auto-backup for 2025-05-11 08:00:00 via policy: Citel_Diario07
2025-05-26 15:14:02,279 - INFO - 
🔍 Processando block volume: GeB2
2025-05-26 15:14:02,570 - INFO - ✅ Backup criado: BlockBackup-GeB2-BKPAUTCITEL-20250526-1514
2025-05-26 15:14:03,156 - WARNING - ⏳ Backup ignorado (estado TERMINATED): Auto-backup for 2025-05-11 08:00:00 via policy: Citel_Diario07
2025-05-26 15:14:03,156 - INFO - 
🔍 Processando block volume: bkpParque1014464
2025-05-26 15:14:03,471 - INFO - ✅ Backup criado: BlockBackup-bkpParque1014464-BKPAUTCITEL-20250526-1514
2025-05-26 15:14:04,078 - WARNING - ⏳ Backup ignorado (estado TERMINATED): Auto-backup for 2025-05-11 08:00:00 via policy: Citel_Diario07
2025-05-26 15:14:04,079 - INFO - 
🔍 Processando block volume: bkpPedrao1020442
2025-05-26 15:14:04,382 - INFO - ✅ Backup criado: BlockBackup-bkpPedrao1020442-BKPAUTCITEL-20250526-1514
2025-05-26 15:14:04,957 - WARNING - ⏳ Backup ignorado (estado TERMINATED): Auto-backup for 2025-05-11 08:00:00 via policy: Citel_Diario07
2025-05-26 15:14:04,958 - INFO - 
🔍 Processando block volume: Backup_BR34_1031161
2025-05-26 15:14:05,082 - WARNING - ⚠️ Tentativa 1: Limite de requisições. Aguardando 5s...
2025-05-26 15:14:12,562 - INFO - ✅ Backup criado: BlockBackup-Backup_BR34_1031161-BKPAUTCITEL-20250526-1514
2025-05-26 15:14:13,159 - WARNING - ⏳ Backup ignorado (estado TERMINATED): Auto-backup for 2025-05-11 08:00:00 via policy: Citel_Diario07
2025-05-26 15:14:13,159 - INFO - 
🔍 Processando block volume: GeB BancoTeste tkt 1048932
2025-05-26 15:14:13,439 - INFO - ✅ Backup criado: BlockBackup-GeB BancoTeste tkt 1048932-BKPAUTCITEL-20250526-1514
2025-05-26 15:14:14,031 - WARNING - ⏳ Backup ignorado (estado TERMINATED): Auto-backup for 2025-05-11 08:00:00 via policy: Citel_Diario07
2025-05-26 15:14:14,031 - INFO - 
🔍 Processando block volume: Banco1LinuxTSPlus11_clone2904
2025-05-26 15:14:14,156 - WARNING - ⚠️ Tentativa 1: Limite de requisições. Aguardando 5s...
2025-05-26 15:14:21,455 - WARNING - ⚠️ Tentativa 2: Limite de requisições. Aguardando 10s...
2025-05-26 15:14:33,497 - INFO - ✅ Backup criado: BlockBackup-Banco1LinuxTSPlus11_clone2904-BKPAUTCITEL-20250526-1514
2025-05-26 15:14:34,061 - WARNING - ⏳ Backup ignorado (estado TERMINATED): Auto-backup for 2025-05-11 08:00:00 via policy: Citel_Diario07
2025-05-26 15:14:34,061 - INFO - 
🔍 Processando block volume: LinuxTSPlus11_BancoPRODJRPais_clone2904
2025-05-26 15:14:34,186 - WARNING - ⚠️ Tentativa 1: Limite de requisições. Aguardando 5s...
2025-05-26 15:14:40,526 - WARNING - ⚠️ Tentativa 2: Limite de requisições. Aguardando 10s...
2025-05-26 15:14:53,617 - INFO - ✅ Backup criado: BlockBackup-LinuxTSPlus11_BancoPRODJRPais_clone2904-BKPAUTCITEL-20250526-1514
2025-05-26 15:14:54,195 - WARNING - ⏳ Backup ignorado (estado TERMINATED): Auto-backup for 2025-05-11 08:00:00 via policy: Citel_Diario07
2025-05-26 15:14:54,196 - INFO - 
🔍 Processando block volume: LinuxTSPlus30_Banco1LinuxTSPlus30_clone2904
2025-05-26 15:14:54,512 - INFO - ✅ Backup criado: BlockBackup-LinuxTSPlus30_Banco1LinuxTSPlus30_clone2904-BKPAUTCITEL-20250526-1514
2025-05-26 15:14:55,087 - WARNING - ⏳ Backup ignorado (estado TERMINATED): Auto-backup for 2025-05-11 08:00:00 via policy: Citel_Diario07
2025-05-26 15:14:55,087 - INFO - 
🔍 Processando block volume: Banco-1-LinuxData012
2025-05-26 15:14:55,386 - INFO - ✅ Backup criado: BlockBackup-Banco-1-LinuxData012-BKPAUTCITEL-20250526-1514
2025-05-26 15:14:55,975 - WARNING - ⏳ Backup ignorado (estado TERMINATED): Auto-backup for 2025-05-11 08:00:00 via policy: Citel_Diario07
2025-05-26 15:14:55,975 - INFO - 
🔍 Processando block volume: Banco2-LinuxData012
2025-05-26 15:14:56,256 - INFO - ✅ Backup criado: BlockBackup-Banco2-LinuxData012-BKPAUTCITEL-20250526-1514
2025-05-26 15:14:56,860 - WARNING - ⏳ Backup ignorado (estado TERMINATED): Auto-backup for 2025-05-11 08:00:00 via policy: Citel_Diario07
2025-05-26 15:14:56,861 - INFO - 
🔍 Processando block volume: Banco3-LinuxData012
2025-05-26 15:14:57,142 - INFO - ✅ Backup criado: BlockBackup-Banco3-LinuxData012-BKPAUTCITEL-20250526-1514
2025-05-26 15:14:57,714 - WARNING - ⏳ Backup ignorado (estado TERMINATED): Auto-backup for 2025-05-11 08:00:00 via policy: Citel_Diario07
2025-05-26 15:14:57,715 - INFO - 
🔍 Processando block volume: LinuxTSPlus55_Banco1BR55_clone2904
2025-05-26 15:14:57,992 - INFO - ✅ Backup criado: BlockBackup-LinuxTSPlus55_Banco1BR55_clone2904-BKPAUTCITEL-20250526-1514
2025-05-26 15:14:58,555 - WARNING - ⏳ Backup ignorado (estado TERMINATED): Auto-backup for 2025-05-11 08:00:00 via policy: Citel_Diario07
2025-05-26 15:14:58,556 - INFO - 
🔍 Processando block volume: LinuxTSPlus55_Banco3BR55_clone2904
2025-05-26 15:14:58,680 - WARNING - ⚠️ Tentativa 1: Limite de requisições. Aguardando 5s...
2025-05-26 15:15:07,636 - INFO - ✅ Backup criado: BlockBackup-LinuxTSPlus55_Banco3BR55_clone2904-BKPAUTCITEL-20250526-1514
2025-05-26 15:15:08,207 - WARNING - ⏳ Backup ignorado (estado TERMINATED): Auto-backup for 2025-05-11 08:00:00 via policy: Citel_Diario07
2025-05-26 15:15:08,207 - INFO - 
🔍 Processando block volume: LinuxTSPlus65_Banco1LinuxTSPLUS65_clone2904
2025-05-26 15:15:08,332 - WARNING - ⚠️ Tentativa 1: Limite de requisições. Aguardando 5s...
2025-05-26 15:15:15,897 - WARNING - ⚠️ Tentativa 2: Limite de requisições. Aguardando 10s...
2025-05-26 15:15:26,913 - INFO - ✅ Backup criado: BlockBackup-LinuxTSPlus65_Banco1LinuxTSPLUS65_clone2904-BKPAUTCITEL-20250526-1515
2025-05-26 15:15:27,481 - WARNING - ⏳ Backup ignorado (estado TERMINATED): Auto-backup for 2025-05-11 08:00:00 via policy: Citel_Diario07
2025-05-26 15:15:27,482 - INFO - 
🔍 Processando block volume: LinuxTSPlus65_Banco2LinuxTSPLUS65_clone2904
2025-05-26 15:15:27,606 - WARNING - ⚠️ Tentativa 1: Limite de requisições. Aguardando 5s...
2025-05-26 15:15:35,041 - INFO - ✅ Backup criado: BlockBackup-LinuxTSPlus65_Banco2LinuxTSPLUS65_clone2904-BKPAUTCITEL-20250526-1515
2025-05-26 15:15:35,621 - WARNING - ⏳ Backup ignorado (estado TERMINATED): Auto-backup for 2025-05-11 08:00:00 via policy: Citel_Diario07
2025-05-26 15:15:35,622 - INFO - 
🔍 Processando block volume: LinuxTSPlus65_Banco3LinuxTSPLUS65_clone2904
2025-05-26 15:15:35,906 - INFO - ✅ Backup criado: BlockBackup-LinuxTSPlus65_Banco3LinuxTSPLUS65_clone2904-BKPAUTCITEL-20250526-1515
2025-05-26 15:15:36,475 - WARNING - ⏳ Backup ignorado (estado TERMINATED): Auto-backup for 2025-05-11 08:00:00 via policy: Citel_Diario07
2025-05-26 15:15:36,475 - INFO - 
🔍 Processando block volume: LinuxTSPlus65_BinariosLinuxTSPLUS65_clone2904
2025-05-26 15:15:36,758 - INFO - ✅ Backup criado: BlockBackup-LinuxTSPlus65_BinariosLinuxTSPLUS65_clone2904-BKPAUTCITEL-20250526-1515
2025-05-26 15:15:37,338 - WARNING - ⏳ Backup ignorado (estado TERMINATED): Auto-backup for 2025-05-11 08:00:00 via policy: Citel_Diario07
2025-05-26 15:15:37,339 - INFO - 
🔍 Processando block volume: LinuxTSPlus28_Banco2LinuxTSPlus28_clone2904
2025-05-26 15:15:37,617 - INFO - ✅ Backup criado: BlockBackup-LinuxTSPlus28_Banco2LinuxTSPlus28_clone2904-BKPAUTCITEL-20250526-1515
2025-05-26 15:15:38,192 - WARNING - ⏳ Backup ignorado (estado TERMINATED): Auto-backup for 2025-05-11 08:00:00 via policy: Citel_Diario07
2025-05-26 15:15:38,192 - INFO - 
🔍 Processando block volume: LinuxTSPlus28_bancos3_BR28_clone2904
2025-05-26 15:15:38,319 - WARNING - ⚠️ Tentativa 1: Limite de requisições. Aguardando 5s...
2025-05-26 15:15:46,998 - INFO - ✅ Backup criado: BlockBackup-LinuxTSPlus28_bancos3_BR28_clone2904-BKPAUTCITEL-20250526-1515
2025-05-26 15:15:47,568 - WARNING - ⏳ Backup ignorado (estado TERMINATED): Auto-backup for 2025-05-11 08:00:00 via policy: Citel_Diario07
2025-05-26 15:15:47,568 - INFO - 
🔍 Processando block volume: LinuxTSPlus29_Banco1LinuxTSPlus29_clone2904
2025-05-26 15:15:47,828 - INFO - ✅ Backup criado: BlockBackup-LinuxTSPlus29_Banco1LinuxTSPlus29_clone2904-BKPAUTCITEL-20250526-1515
2025-05-26 15:15:48,396 - WARNING - ⏳ Backup ignorado (estado TERMINATED): Auto-backup for 2025-05-11 08:00:00 via policy: Citel_Diario07
2025-05-26 15:15:48,397 - INFO - 
🔍 Processando block volume: LinuxTSPlus29_Bancos2_BR29_clone2904
2025-05-26 15:15:48,523 - WARNING - ⚠️ Tentativa 1: Limite de requisições. Aguardando 5s...
2025-05-26 15:15:58,310 - INFO - ✅ Backup criado: BlockBackup-LinuxTSPlus29_Bancos2_BR29_clone2904-BKPAUTCITEL-20250526-1515
2025-05-26 15:15:58,876 - WARNING - ⏳ Backup ignorado (estado TERMINATED): Auto-backup for 2025-05-11 08:00:00 via policy: Citel_Diario07
2025-05-26 15:15:58,876 - INFO - 
🔍 Processando block volume: LinuxTSPlus29_Bancos3_BR29_clone2904
2025-05-26 15:15:59,173 - INFO - ✅ Backup criado: BlockBackup-LinuxTSPlus29_Bancos3_BR29_clone2904-BKPAUTCITEL-20250526-1515
2025-05-26 15:15:59,736 - WARNING - ⏳ Backup ignorado (estado TERMINATED): Auto-backup for 2025-05-11 08:00:00 via policy: Citel_Diario07
2025-05-26 15:15:59,737 - INFO - 
🔍 Processando block volume: LinuxTSPlus72_Banco2BR_72_clone2904
2025-05-26 15:16:00,027 - INFO - ✅ Backup criado: BlockBackup-LinuxTSPlus72_Banco2BR_72_clone2904-BKPAUTCITEL-20250526-1515
2025-05-26 15:16:00,612 - WARNING - ⏳ Backup ignorado (estado TERMINATED): Auto-backup for 2025-05-11 08:00:00 via policy: Citel_Diario07
2025-05-26 15:16:00,613 - INFO - 
🔍 Processando block volume: LinuxTSPlus72_BancoBR_clone2904
2025-05-26 15:16:00,918 - INFO - ✅ Backup criado: BlockBackup-LinuxTSPlus72_BancoBR_clone2904-BKPAUTCITEL-20250526-1516
2025-05-26 15:16:01,497 - WARNING - ⏳ Backup ignorado (estado TERMINATED): Auto-backup for 2025-05-11 08:00:00 via policy: Citel_Diario07
2025-05-26 15:16:01,498 - INFO - 
🔍 Processando block volume: LinuxTSPlus43_Banco1LinuxTSPLUS43_clone2904
2025-05-26 15:16:01,787 - INFO - ✅ Backup criado: BlockBackup-LinuxTSPlus43_Banco1LinuxTSPLUS43_clone2904-BKPAUTCITEL-20250526-1516
2025-05-26 15:16:02,350 - WARNING - ⏳ Backup ignorado (estado TERMINATED): Auto-backup for 2025-05-11 08:00:00 via policy: Citel_Diario07
2025-05-26 15:16:02,351 - INFO - 
🔍 Processando block volume: LinuxTSPlus43_HD4-LinuxDBA_clone2904
2025-05-26 15:16:02,475 - WARNING - ⚠️ Tentativa 1: Limite de requisições. Aguardando 5s...
2025-05-26 15:16:09,988 - INFO - ✅ Backup criado: BlockBackup-LinuxTSPlus43_HD4-LinuxDBA_clone2904-BKPAUTCITEL-20250526-1516
2025-05-26 15:16:10,214 - WARNING - ⏳ Backup ignorado (estado TERMINATED): Auto-backup for 2025-05-11 08:00:00 via policy: Citel_Diario07
2025-05-26 15:16:10,215 - INFO - 
🔍 Processando block volume: LinuxTSPlus50_Banco1LinuxTSPlus50_clone2904
2025-05-26 15:16:10,482 - INFO - ✅ Backup criado: BlockBackup-LinuxTSPlus50_Banco1LinuxTSPlus50_clone2904-BKPAUTCITEL-20250526-1516
2025-05-26 15:16:11,045 - WARNING - ⏳ Backup ignorado (estado TERMINATED): Auto-backup for 2025-05-11 08:00:00 via policy: Citel_Diario07
2025-05-26 15:16:11,046 - INFO - 
🔍 Processando block volume: LinuxTSPlus37_Banco1LinuxTSPLUS37_clone2904
2025-05-26 15:16:11,170 - WARNING - ⚠️ Tentativa 1: Limite de requisições. Aguardando 5s...
2025-05-26 15:16:20,747 - WARNING - ⚠️ Tentativa 2: Limite de requisições. Aguardando 10s...
2025-05-26 15:16:33,955 - WARNING - ⚠️ Tentativa 3: Limite de requisições. Aguardando 20s...
2025-05-26 15:16:58,440 - INFO - ✅ Backup criado: BlockBackup-LinuxTSPlus37_Banco1LinuxTSPLUS37_clone2904-BKPAUTCITEL-20250526-1516
2025-05-26 15:16:59,006 - WARNING - ⏳ Backup ignorado (estado TERMINATED): Auto-backup for 2025-05-11 08:00:00 via policy: Citel_Diario07
2025-05-26 15:16:59,006 - INFO - 
🔍 Processando block volume: LinuxTSPlus37_Banco2LinuxTSPLUS37_clone2904
2025-05-26 15:16:59,130 - WARNING - ⚠️ Tentativa 1: Limite de requisições. Aguardando 5s...
2025-05-26 15:17:09,381 - INFO - ✅ Backup criado: BlockBackup-LinuxTSPlus37_Banco2LinuxTSPLUS37_clone2904-BKPAUTCITEL-20250526-1516
2025-05-26 15:17:09,994 - WARNING - ⏳ Backup ignorado (estado TERMINATED): Auto-backup for 2025-05-11 08:00:00 via policy: Citel_Diario07
2025-05-26 15:17:09,995 - INFO - 
🔍 Processando block volume: LinuxTSPlus40_Banco1
2025-05-26 15:17:10,295 - INFO - ✅ Backup criado: BlockBackup-LinuxTSPlus40_Banco1-BKPAUTCITEL-20250526-1517
2025-05-26 15:17:10,861 - WARNING - ⏳ Backup ignorado (estado TERMINATED): Auto-backup for 2025-05-11 08:00:00 via policy: Citel_Diario07
2025-05-26 15:17:10,862 - INFO - 
🔍 Processando block volume: LinuxTSPlus32_Banco1LinuxTSPLUS32_clone2904
2025-05-26 15:17:11,148 - INFO - ✅ Backup criado: BlockBackup-LinuxTSPlus32_Banco1LinuxTSPLUS32_clone2904-BKPAUTCITEL-20250526-1517
2025-05-26 15:17:11,727 - WARNING - ⏳ Backup ignorado (estado TERMINATED): Auto-backup for 2025-05-11 08:00:00 via policy: Citel_Diario07
2025-05-26 15:17:11,727 - INFO - 
🔍 Processando block volume: LinuxTSPlus32_Banco2LinuxTSPLUS32_clone2904
2025-05-26 15:17:12,038 - INFO - ✅ Backup criado: BlockBackup-LinuxTSPlus32_Banco2LinuxTSPLUS32_clone2904-BKPAUTCITEL-20250526-1517
2025-05-26 15:17:12,585 - WARNING - ⏳ Backup ignorado (estado TERMINATED): Auto-backup for 2025-05-11 08:00:00 via policy: Citel_Diario07
2025-05-26 15:17:12,586 - INFO - 
🔍 Processando block volume: Banco2-LinuxData013
2025-05-26 15:17:12,711 - WARNING - ⚠️ Tentativa 1: Limite de requisições. Aguardando 5s...
2025-05-26 15:17:18,456 - INFO - ✅ Backup criado: BlockBackup-Banco2-LinuxData013-BKPAUTCITEL-20250526-1517
2025-05-26 15:17:19,041 - WARNING - ⏳ Backup ignorado (estado TERMINATED): Auto-backup for 2025-05-11 08:00:00 via policy: Citel_Diario07
2025-05-26 15:17:19,042 - INFO - 
🔍 Processando block volume: Banco3-LinuxData013
2025-05-26 15:17:19,336 - INFO - ✅ Backup criado: BlockBackup-Banco3-LinuxData013-BKPAUTCITEL-20250526-1517
2025-05-26 15:17:19,893 - WARNING - ⏳ Backup ignorado (estado TERMINATED): Auto-backup for 2025-05-11 08:00:00 via policy: Citel_Diario07
2025-05-26 15:17:19,894 - INFO - 
🔍 Processando block volume: Banco1-LinuxData013
2025-05-26 15:17:20,018 - WARNING - ⚠️ Tentativa 1: Limite de requisições. Aguardando 5s...
2025-05-26 15:17:29,801 - INFO - ✅ Backup criado: BlockBackup-Banco1-LinuxData013-BKPAUTCITEL-20250526-1517
2025-05-26 15:17:30,367 - WARNING - ⏳ Backup ignorado (estado TERMINATED): Auto-backup for 2025-05-11 08:00:00 via policy: Citel_Diario07
2025-05-26 15:17:30,368 - INFO - 
🔍 Processando block volume: LinuxTSPlus14_BackupCoresVivas TKT 902822_clone2904
2025-05-26 15:17:30,699 - INFO - ✅ Backup criado: BlockBackup-LinuxTSPlus14_BackupCoresVivas TKT 902822_clone2904-BKPAUTCITEL-20250526-1517
2025-05-26 15:17:31,277 - WARNING - ⏳ Backup ignorado (estado TERMINATED): Auto-backup for 2025-05-11 08:00:00 via policy: Citel_Diario07
2025-05-26 15:17:31,278 - INFO - 
🔍 Processando block volume: LinuxTSPlus14_Banco2LinuxTSPlus14_clone2904
2025-05-26 15:17:31,579 - INFO - ✅ Backup criado: BlockBackup-LinuxTSPlus14_Banco2LinuxTSPlus14_clone2904-BKPAUTCITEL-20250526-1517
2025-05-26 15:17:32,174 - WARNING - ⏳ Backup ignorado (estado TERMINATED): Auto-backup for 2025-05-11 08:00:00 via policy: Citel_Diario07
2025-05-26 15:17:32,175 - INFO - 
🔍 Processando block volume: LinuxTSPlus9-Banco1LinuxTSPlus9-clone2904
2025-05-26 15:17:32,512 - INFO - ✅ Backup criado: BlockBackup-LinuxTSPlus9-Banco1LinuxTSPlus9-clone2904-BKPAUTCITEL-20250526-1517
2025-05-26 15:17:33,119 - WARNING - ⏳ Backup ignorado (estado TERMINATED): Auto-backup for 2025-05-11 08:00:00 via policy: Citel_Diario07
2025-05-26 15:17:33,120 - INFO - 
🔍 Processando block volume: LinuxTSPlus9-Banco3LinuxTSPlus9-clone2904
2025-05-26 15:17:33,252 - WARNING - ⚠️ Tentativa 1: Limite de requisições. Aguardando 5s...
2025-05-26 15:17:41,864 - WARNING - ⚠️ Tentativa 2: Limite de requisições. Aguardando 10s...
2025-05-26 15:17:56,823 - INFO - ✅ Backup criado: BlockBackup-LinuxTSPlus9-Banco3LinuxTSPlus9-clone2904-BKPAUTCITEL-20250526-1517
2025-05-26 15:17:57,390 - WARNING - ⏳ Backup ignorado (estado TERMINATED): Auto-backup for 2025-05-11 08:00:00 via policy: Citel_Diario07
2025-05-26 15:17:57,391 - INFO - 
🔍 Processando block volume: LinuxTSPlus14_BancoUbertintasTSPlus14_clone2904
2025-05-26 15:17:57,515 - WARNING - ⚠️ Tentativa 1: Limite de requisições. Aguardando 5s...
2025-05-26 15:18:06,353 - INFO - ✅ Backup criado: BlockBackup-LinuxTSPlus14_BancoUbertintasTSPlus14_clone2904-BKPAUTCITEL-20250526-1517
2025-05-26 15:18:06,928 - WARNING - ⏳ Backup ignorado (estado TERMINATED): Auto-backup for 2025-05-11 08:00:00 via policy: Citel_Diario07
2025-05-26 15:18:06,928 - INFO - 
🔍 Processando block volume: LinuxTSPlus9-Bancos4_BR9-clone2904
2025-05-26 15:18:07,056 - WARNING - ⚠️ Tentativa 1: Limite de requisições. Aguardando 5s...
2025-05-26 15:18:17,107 - INFO - ✅ Backup criado: BlockBackup-LinuxTSPlus9-Bancos4_BR9-clone2904-BKPAUTCITEL-20250526-1518
2025-05-26 15:18:17,685 - WARNING - ⏳ Backup ignorado (estado TERMINATED): Auto-backup for 2025-05-11 08:00:00 via policy: Citel_Diario07
2025-05-26 15:18:17,686 - INFO - 
🔍 Processando block volume: LinuxTSPlus8-Banco1LinuxTSPlus8-clone2904
2025-05-26 15:18:17,810 - WARNING - ⚠️ Tentativa 1: Limite de requisições. Aguardando 5s...
2025-05-26 15:18:24,260 - INFO - ✅ Backup criado: BlockBackup-LinuxTSPlus8-Banco1LinuxTSPlus8-clone2904-BKPAUTCITEL-20250526-1518
2025-05-26 15:18:24,824 - WARNING - ⏳ Backup ignorado (estado TERMINATED): Auto-backup for 2025-05-11 08:00:00 via policy: Citel_Diario07
2025-05-26 15:18:24,825 - INFO - 
🔍 Processando block volume: LinuxTSPlus8-Banco3LinuxTSPlus8-clone2904
2025-05-26 15:18:25,130 - INFO - ✅ Backup criado: BlockBackup-LinuxTSPlus8-Banco3LinuxTSPlus8-clone2904-BKPAUTCITEL-20250526-1518
2025-05-26 15:18:25,733 - WARNING - ⏳ Backup ignorado (estado TERMINATED): Auto-backup for 2025-05-11 08:00:00 via policy: Citel_Diario07
2025-05-26 15:18:25,733 - INFO - 
🔍 Processando block volume: LinuxTSPlus16_Banco1LinuxTSPlus16_clone2904
2025-05-26 15:18:26,052 - INFO - ✅ Backup criado: BlockBackup-LinuxTSPlus16_Banco1LinuxTSPlus16_clone2904-BKPAUTCITEL-20250526-1518
2025-05-26 15:18:26,613 - INFO - 
🔍 Processando block volume: LinuxTSPlus16_Banco2LinuxTSPlus16_clone2904
2025-05-26 15:18:26,895 - INFO - ✅ Backup criado: BlockBackup-LinuxTSPlus16_Banco2LinuxTSPlus16_clone2904-BKPAUTCITEL-20250526-1518
2025-05-26 15:18:27,464 - INFO - 
🔍 Processando block volume: LinuxTSPlus7-Banco2LinuxTSPlus7-block-clone2904
2025-05-26 15:18:27,762 - INFO - ✅ Backup criado: BlockBackup-LinuxTSPlus7-Banco2LinuxTSPlus7-block-clone2904-BKPAUTCITEL-20250526-1518
2025-05-26 15:18:28,352 - INFO - 
🔍 Processando block volume: LinuxTSPlus7-Banco3LinuxTSPlus7-block-clone2904
2025-05-26 15:18:28,476 - WARNING - ⚠️ Tentativa 1: Limite de requisições. Aguardando 5s...
2025-05-26 15:18:36,455 - WARNING - ⚠️ Tentativa 2: Limite de requisições. Aguardando 10s...
2025-05-26 15:18:49,388 - INFO - ✅ Backup criado: BlockBackup-LinuxTSPlus7-Banco3LinuxTSPlus7-block-clone2904-BKPAUTCITEL-20250526-1518
2025-05-26 15:18:49,959 - INFO - 
🔍 Processando block volume: LinuxTSPlus7-Banco3_BR7-block-clone2904
2025-05-26 15:18:50,254 - INFO - ✅ Backup criado: BlockBackup-LinuxTSPlus7-Banco3_BR7-block-clone2904-BKPAUTCITEL-20250526-1518
2025-05-26 15:18:50,857 - INFO - 
🔍 Processando block volume: LinuxTSPlus17_Banco2LinuxTSPlus17_clone2904
2025-05-26 15:18:50,983 - WARNING - ⚠️ Tentativa 1: Limite de requisições. Aguardando 5s...
2025-05-26 15:18:57,845 - INFO - ✅ Backup criado: BlockBackup-LinuxTSPlus17_Banco2LinuxTSPlus17_clone2904-BKPAUTCITEL-20250526-1518
2025-05-26 15:18:58,415 - INFO - 
🔍 Processando block volume: LinuxTSPlus17_BancoPRODBelaTintas_clone2904
2025-05-26 15:18:58,706 - INFO - ✅ Backup criado: BlockBackup-LinuxTSPlus17_BancoPRODBelaTintas_clone2904-BKPAUTCITEL-20250526-1518
2025-05-26 15:18:59,269 - INFO - 
🔍 Processando block volume: LinuxTSPlus17_HD5-LinuxDBAs_clone2904
2025-05-26 15:18:59,393 - WARNING - ⚠️ Tentativa 1: Limite de requisições. Aguardando 5s...
2025-05-26 15:19:05,413 - WARNING - ⚠️ Tentativa 2: Limite de requisições. Aguardando 10s...
2025-05-26 15:19:18,200 - INFO - ✅ Backup criado: BlockBackup-LinuxTSPlus17_HD5-LinuxDBAs_clone2904-BKPAUTCITEL-20250526-1518
2025-05-26 15:19:18,783 - INFO - 
🔍 Processando block volume: LinuxTSPlus6-Banco3LinuxTSPlus6-block-clone2904
2025-05-26 15:19:19,067 - INFO - ✅ Backup criado: BlockBackup-LinuxTSPlus6-Banco3LinuxTSPlus6-block-clone2904-BKPAUTCITEL-20250526-1519
2025-05-26 15:19:19,641 - INFO - 
🔍 Processando block volume: LinuxTSPlus6-Banco4LinuxTSPlus6-block-clone2904
2025-05-26 15:19:19,766 - WARNING - ⚠️ Tentativa 1: Limite de requisições. Aguardando 5s...
2025-05-26 15:19:28,714 - INFO - ✅ Backup criado: BlockBackup-LinuxTSPlus6-Banco4LinuxTSPlus6-block-clone2904-BKPAUTCITEL-20250526-1519
2025-05-26 15:19:29,280 - WARNING - ⏳ Backup ignorado (estado TERMINATED): Auto-backup for 2025-05-11 08:00:00 via policy: Citel_Diario07
2025-05-26 15:19:29,281 - INFO - 
🔍 Processando block volume: LinuxTSPlus18-Banco1LinuxTSPlus18-block-2904
2025-05-26 15:19:29,547 - INFO - ✅ Backup criado: BlockBackup-LinuxTSPlus18-Banco1LinuxTSPlus18-block-2904-BKPAUTCITEL-20250526-1519
2025-05-26 15:19:30,116 - WARNING - ⏳ Backup ignorado (estado TERMINATED): Auto-backup for 2025-05-11 08:00:00 via policy: Citel_Diario07
2025-05-26 15:19:30,116 - INFO - 
🔍 Processando block volume: LinuxTSPlus18-Banco2LinuxTSPlus18-block-2904
2025-05-26 15:19:30,241 - WARNING - ⚠️ Tentativa 1: Limite de requisições. Aguardando 5s...
2025-05-26 15:19:39,751 - INFO - ✅ Backup criado: BlockBackup-LinuxTSPlus18-Banco2LinuxTSPlus18-block-2904-BKPAUTCITEL-20250526-1519
2025-05-26 15:19:40,335 - WARNING - ⏳ Backup ignorado (estado TERMINATED): Auto-backup for 2025-05-11 08:00:00 via policy: Citel_Diario07
2025-05-26 15:19:40,336 - INFO - 
🔍 Processando block volume: LinuxTSPlus18-Bancos4_BR18-block-2904
2025-05-26 15:19:40,654 - INFO - ✅ Backup criado: BlockBackup-LinuxTSPlus18-Bancos4_BR18-block-2904-BKPAUTCITEL-20250526-1519
2025-05-26 15:19:41,218 - WARNING - ⏳ Backup ignorado (estado TERMINATED): Auto-backup for 2025-05-11 08:00:00 via policy: Citel_Diario07
2025-05-26 15:19:41,219 - INFO - 
🔍 Processando block volume: LinuxTsplus59-Banco2Linux59-block-clone2904
2025-05-26 15:19:41,517 - INFO - ✅ Backup criado: BlockBackup-LinuxTsplus59-Banco2Linux59-block-clone2904-BKPAUTCITEL-20250526-1519
2025-05-26 15:19:42,086 - WARNING - ⏳ Backup ignorado (estado TERMINATED): Auto-backup for 2025-05-11 08:00:00 via policy: Citel_Diario07
2025-05-26 15:19:42,086 - INFO - 
🔍 Processando block volume: LinuxTsplus59-BancoLinux59-block-clone2904
2025-05-26 15:19:42,211 - WARNING - ⚠️ Tentativa 1: Limite de requisições. Aguardando 5s...
2025-05-26 15:19:51,381 - INFO - ✅ Backup criado: BlockBackup-LinuxTsplus59-BancoLinux59-block-clone2904-BKPAUTCITEL-20250526-1519
2025-05-26 15:19:51,960 - WARNING - ⏳ Backup ignorado (estado TERMINATED): Auto-backup for 2025-05-11 08:00:00 via policy: Citel_Diario07
2025-05-26 15:19:51,961 - INFO - 
🔍 Processando block volume: LinuxTSPlus19_Banco1LinuxTSPlus19_clone2904
2025-05-26 15:19:52,303 - INFO - ✅ Backup criado: BlockBackup-LinuxTSPlus19_Banco1LinuxTSPlus19_clone2904-BKPAUTCITEL-20250526-1519
2025-05-26 15:19:52,858 - WARNING - ⏳ Backup ignorado (estado TERMINATED): Auto-backup for 2025-05-11 08:00:00 via policy: Citel_Diario07
2025-05-26 15:19:52,858 - INFO - 
🔍 Processando block volume: LinuxTSPlus19_Banco3LinuxTSPlus19_clone2904
2025-05-26 15:19:52,983 - WARNING - ⚠️ Tentativa 1: Limite de requisições. Aguardando 5s...
2025-05-26 15:19:59,158 - INFO - ✅ Backup criado: BlockBackup-LinuxTSPlus19_Banco3LinuxTSPlus19_clone2904-BKPAUTCITEL-20250526-1519
2025-05-26 15:19:59,733 - WARNING - ⏳ Backup ignorado (estado TERMINATED): Auto-backup for 2025-05-11 08:00:00 via policy: Citel_Diario07
2025-05-26 15:19:59,734 - INFO - 
🔍 Processando block volume: LinuxTSPlus20_Banco1LinuxTSPlus20_clone2904
2025-05-26 15:20:00,104 - INFO - ✅ Backup criado: BlockBackup-LinuxTSPlus20_Banco1LinuxTSPlus20_clone2904-BKPAUTCITEL-20250526-1519
2025-05-26 15:20:00,671 - WARNING - ⏳ Backup ignorado (estado TERMINATED): Auto-backup for 2025-05-11 08:00:00 via policy: Citel_Diario07
2025-05-26 15:20:00,671 - INFO - 
🔍 Processando block volume: LinuxTSPlus20_Banco2LinuxTSPlus20_clone2904
2025-05-26 15:20:00,966 - INFO - ✅ Backup criado: BlockBackup-LinuxTSPlus20_Banco2LinuxTSPlus20_clone2904-BKPAUTCITEL-20250526-1520
2025-05-26 15:20:01,630 - WARNING - ⏳ Backup ignorado (estado TERMINATED): Auto-backup for 2025-05-11 08:00:00 via policy: Citel_Diario07
2025-05-26 15:20:01,631 - INFO - 
🔍 Processando block volume: LinuxTSPlus20_Banco3_BR20_clone2904
2025-05-26 15:20:01,909 - INFO - ✅ Backup criado: BlockBackup-LinuxTSPlus20_Banco3_BR20_clone2904-BKPAUTCITEL-20250526-1520
2025-05-26 15:20:02,497 - WARNING - ⏳ Backup ignorado (estado TERMINATED): Auto-backup for 2025-05-11 08:00:00 via policy: Citel_Diario07
2025-05-26 15:20:02,498 - INFO - 
🔍 Processando block volume: LinuxTSPlus20_Banco4LinuxTSPlus20_clone2904
2025-05-26 15:20:02,623 - WARNING - ⚠️ Tentativa 1: Limite de requisições. Aguardando 5s...
2025-05-26 15:20:12,894 - INFO - ✅ Backup criado: BlockBackup-LinuxTSPlus20_Banco4LinuxTSPlus20_clone2904-BKPAUTCITEL-20250526-1520
2025-05-26 15:20:13,474 - WARNING - ⏳ Backup ignorado (estado TERMINATED): Auto-backup for 2025-05-11 08:00:00 via policy: Citel_Diario07
2025-05-26 15:20:13,474 - INFO - 
🔍 Processando block volume: LinuxTSPlus5-Banco3LinuxBR5-block-clone2904
2025-05-26 15:20:13,599 - WARNING - ⚠️ Tentativa 1: Limite de requisições. Aguardando 5s...
2025-05-26 15:20:21,975 - INFO - ✅ Backup criado: BlockBackup-LinuxTSPlus5-Banco3LinuxBR5-block-clone2904-BKPAUTCITEL-20250526-1520
2025-05-26 15:20:22,559 - WARNING - ⏳ Backup ignorado (estado TERMINATED): Auto-backup for 2025-05-11 08:00:00 via policy: Citel_Diario07
2025-05-26 15:20:22,559 - INFO - 
🔍 Processando block volume: LinuxTSPlus5-Banco2LinuxBR5-block-clone2904
2025-05-26 15:20:22,888 - INFO - ✅ Backup criado: BlockBackup-LinuxTSPlus5-Banco2LinuxBR5-block-clone2904-BKPAUTCITEL-20250526-1520
2025-05-26 15:20:23,481 - WARNING - ⏳ Backup ignorado (estado TERMINATED): Auto-backup for 2025-05-11 08:00:00 via policy: Citel_Diario07
2025-05-26 15:20:23,481 - INFO - 
🔍 Processando block volume: Banco1-LinuxData004
2025-05-26 15:20:23,776 - INFO - ✅ Backup criado: BlockBackup-Banco1-LinuxData004-BKPAUTCITEL-20250526-1520
2025-05-26 15:20:24,366 - WARNING - ⏳ Backup ignorado (estado TERMINATED): Auto-backup for 2025-05-11 08:00:00 via policy: Citel_Diario07
2025-05-26 15:20:24,367 - INFO - 
🔍 Processando block volume: Banco2-LinuxData004
2025-05-26 15:20:24,658 - INFO - ✅ Backup criado: BlockBackup-Banco2-LinuxData004-BKPAUTCITEL-20250526-1520
2025-05-26 15:20:25,251 - WARNING - ⏳ Backup ignorado (estado TERMINATED): Auto-backup for 2025-05-11 08:00:00 via policy: Citel_Diario07
2025-05-26 15:20:25,251 - INFO - 
🔍 Processando block volume: Banco3-LinuxData004
2025-05-26 15:20:25,527 - INFO - ✅ Backup criado: BlockBackup-Banco3-LinuxData004-BKPAUTCITEL-20250526-1520
2025-05-26 15:20:26,132 - WARNING - ⏳ Backup ignorado (estado TERMINATED): Auto-backup for 2025-05-11 08:00:00 via policy: Citel_Diario07
2025-05-26 15:20:26,132 - INFO - 
🔍 Processando block volume: LinuxTSPlus48-block-Restore
2025-05-26 15:20:26,427 - INFO - ✅ Backup criado: BlockBackup-LinuxTSPlus48-block-Restore-BKPAUTCITEL-20250526-1520
2025-05-26 15:20:27,006 - WARNING - ⏳ Backup ignorado (estado TERMINATED): Auto-backup for 2025-05-11 08:00:00 via policy: Citel_Diario07
2025-05-26 15:20:27,007 - INFO - 
🔍 Processando block volume: LinuxData007-Banco4
2025-05-26 15:20:27,131 - WARNING - ⚠️ Tentativa 1: Limite de requisições. Aguardando 5s...
2025-05-26 15:20:35,343 - INFO - ✅ Backup criado: BlockBackup-LinuxData007-Banco4-BKPAUTCITEL-20250526-1520
2025-05-26 15:20:35,921 - WARNING - ⏳ Backup ignorado (estado TERMINATED): Auto-backup for 2025-05-11 08:00:00 via policy: Citel_Diario07
2025-05-26 15:20:35,922 - INFO - 
🔍 Processando block volume: Banco2LinuxBR21-Restore
2025-05-26 15:20:36,051 - WARNING - ⚠️ Tentativa 1: Limite de requisições. Aguardando 5s...
2025-05-26 15:20:45,768 - WARNING - ⚠️ Tentativa 2: Limite de requisições. Aguardando 10s...
2025-05-26 15:21:00,358 - INFO - ✅ Backup criado: BlockBackup-Banco2LinuxBR21-Restore-BKPAUTCITEL-20250526-1520
2025-05-26 15:21:00,931 - WARNING - ⏳ Backup ignorado (estado TERMINATED): Auto-backup for 2025-05-11 08:00:00 via policy: Citel_Diario07
2025-05-26 15:21:00,931 - INFO - 
🔍 Processando block volume: LinuxTSPlus41-block-Restore
2025-05-26 15:21:01,055 - WARNING - ⚠️ Tentativa 1: Limite de requisições. Aguardando 5s...
2025-05-26 15:21:09,743 - INFO - ✅ Backup criado: BlockBackup-LinuxTSPlus41-block-Restore-BKPAUTCITEL-20250526-1521
2025-05-26 15:21:10,340 - WARNING - ⏳ Backup ignorado (estado TERMINATED): Auto-backup for 2025-05-11 08:00:00 via policy: Citel_Diario07
2025-05-26 15:21:10,340 - INFO - 
🔍 Processando block volume: Banco1LinuxTSPlus26-Restore
2025-05-26 15:21:10,466 - WARNING - ⚠️ Tentativa 1: Limite de requisições. Aguardando 5s...
2025-05-26 15:21:20,937 - WARNING - ⚠️ Tentativa 2: Limite de requisições. Aguardando 10s...
2025-05-26 15:21:32,500 - INFO - ✅ Backup criado: BlockBackup-Banco1LinuxTSPlus26-Restore-BKPAUTCITEL-20250526-1521
2025-05-26 15:21:33,078 - WARNING - ⏳ Backup ignorado (estado TERMINATED): Auto-backup for 2025-05-11 08:00:00 via policy: Citel_Diario07
2025-05-26 15:21:33,078 - INFO - 
🔍 Processando block volume: LinuxTSPlus36-block-Restore
2025-05-26 15:21:33,368 - INFO - ✅ Backup criado: BlockBackup-LinuxTSPlus36-block-Restore-BKPAUTCITEL-20250526-1521
2025-05-26 15:21:33,947 - WARNING - ⏳ Backup ignorado (estado TERMINATED): Auto-backup for 2025-05-11 08:00:00 via policy: Citel_Diario07
2025-05-26 15:21:33,948 - INFO - 
🔍 Processando block volume: LinuxTSPlus34-Bancos3_BR34-backup-Restore
2025-05-26 15:21:34,072 - WARNING - ⚠️ Tentativa 1: Limite de requisições. Aguardando 5s...
2025-05-26 15:21:41,382 - INFO - ✅ Backup criado: BlockBackup-LinuxTSPlus34-Bancos3_BR34-backup-Restore-BKPAUTCITEL-20250526-1521
2025-05-26 15:21:41,958 - WARNING - ⏳ Backup ignorado (estado TERMINATED): Auto-backup for 2025-05-11 08:00:00 via policy: Citel_Diario07
2025-05-26 15:21:41,959 - INFO - 
🔍 Processando block volume: LinuxTSPlus34-Bancos2_BR34-backup-Restore
2025-05-26 15:21:42,239 - INFO - ✅ Backup criado: BlockBackup-LinuxTSPlus34-Bancos2_BR34-backup-Restore-BKPAUTCITEL-20250526-1521
2025-05-26 15:21:42,817 - WARNING - ⏳ Backup ignorado (estado TERMINATED): Auto-backup for 2025-05-11 08:00:00 via policy: Citel_Diario07
2025-05-26 15:21:42,818 - INFO - 
🔍 Processando block volume: Banco1LinuxTSPLUS33-Restore
2025-05-26 15:21:43,087 - INFO - ✅ Backup criado: BlockBackup-Banco1LinuxTSPLUS33-Restore-BKPAUTCITEL-20250526-1521
2025-05-26 15:21:43,652 - WARNING - ⏳ Backup ignorado (estado TERMINATED): Auto-backup for 2025-05-11 08:00:00 via policy: Citel_Diario07
2025-05-26 15:21:43,653 - INFO - 
🔍 Processando block volume: Banco2BR33-Restore
2025-05-26 15:21:43,945 - INFO - ✅ Backup criado: BlockBackup-Banco2BR33-Restore-BKPAUTCITEL-20250526-1521
2025-05-26 15:21:44,539 - WARNING - ⏳ Backup ignorado (estado TERMINATED): Auto-backup for 2025-05-11 08:00:00 via policy: Citel_Diario07
2025-05-26 15:21:44,540 - INFO - 
🔍 Processando block volume: LinuxTSPlus34-Banco1LinuxTSPLUS34-backup-Restore
2025-05-26 15:21:44,809 - INFO - ✅ Backup criado: BlockBackup-LinuxTSPlus34-Banco1LinuxTSPLUS34-backup-Restore-BKPAUTCITEL-20250526-1521
2025-05-26 15:21:45,382 - WARNING - ⏳ Backup ignorado (estado TERMINATED): Auto-backup for 2025-05-11 08:00:00 via policy: Citel_Diario07
2025-05-26 15:21:45,383 - INFO - 
🔍 Processando block volume: LinuxTSPlus1-Restore1
2025-05-26 15:21:45,507 - WARNING - ⚠️ Tentativa 1: Limite de requisições. Aguardando 5s...
2025-05-26 15:21:52,196 - INFO - ✅ Backup criado: BlockBackup-LinuxTSPlus1-Restore1-BKPAUTCITEL-20250526-1521
2025-05-26 15:21:52,771 - WARNING - ⏳ Backup ignorado (estado TERMINATED): Auto-backup for 2025-05-11 08:00:00 via policy: Citel_Diario07
2025-05-26 15:21:52,771 - INFO - 
🔍 Processando block volume: Bancos5_BR1-Restore2
2025-05-26 15:21:53,054 - INFO - ✅ Backup criado: BlockBackup-Bancos5_BR1-Restore2-BKPAUTCITEL-20250526-1521
2025-05-26 15:21:53,616 - WARNING - ⏳ Backup ignorado (estado TERMINATED): Auto-backup for 2025-05-11 08:00:00 via policy: Citel_Diario07
2025-05-26 15:21:53,617 - INFO - 
🔍 Processando block volume: Bancos4_BR01-Restore3
2025-05-26 15:21:53,742 - WARNING - ⚠️ Tentativa 1: Limite de requisições. Aguardando 5s...
2025-05-26 15:22:00,931 - INFO - ✅ Backup criado: BlockBackup-Bancos4_BR01-Restore3-BKPAUTCITEL-20250526-1521
2025-05-26 15:22:01,524 - WARNING - ⏳ Backup ignorado (estado TERMINATED): Auto-backup for 2025-05-11 08:00:00 via policy: Citel_Diario07
2025-05-26 15:22:01,524 - INFO - 
🔍 Processando block volume: Banco3LinuxTSPlus1-Restore4
2025-05-26 15:22:01,813 - INFO - ✅ Backup criado: BlockBackup-Banco3LinuxTSPlus1-Restore4-BKPAUTCITEL-20250526-1522
2025-05-26 15:22:02,373 - WARNING - ⏳ Backup ignorado (estado TERMINATED): Auto-backup for 2025-05-11 08:00:00 via policy: Citel_Diario07
2025-05-26 15:22:02,374 - INFO - 
🔍 Processando block volume: Banco1LinuxTSPlus24-Restore
2025-05-26 15:22:02,498 - WARNING - ⚠️ Tentativa 1: Limite de requisições. Aguardando 5s...
2025-05-26 15:22:10,163 - INFO - ✅ Backup criado: BlockBackup-Banco1LinuxTSPlus24-Restore-BKPAUTCITEL-20250526-1522
2025-05-26 15:22:10,756 - WARNING - ⏳ Backup ignorado (estado TERMINATED): Auto-backup for 2025-05-11 08:00:00 via policy: Citel_Diario07
2025-05-26 15:22:10,756 - INFO - 
🔍 Processando block volume: Banco1LinuxTSPlus22-Restore
2025-05-26 15:22:11,065 - INFO - ✅ Backup criado: BlockBackup-Banco1LinuxTSPlus22-Restore-BKPAUTCITEL-20250526-1522
2025-05-26 15:22:11,630 - WARNING - ⏳ Backup ignorado (estado TERMINATED): Auto-backup for 2025-05-11 08:00:00 via policy: Citel_Diario07
2025-05-26 15:22:11,630 - INFO - 
🔍 Processando block volume: Banco3LinuxTSPlus22-Restore
2025-05-26 15:22:11,754 - WARNING - ⚠️ Tentativa 1: Limite de requisições. Aguardando 5s...
2025-05-26 15:22:18,757 - INFO - ✅ Backup criado: BlockBackup-Banco3LinuxTSPlus22-Restore-BKPAUTCITEL-20250526-1522
2025-05-26 15:22:19,326 - WARNING - ⏳ Backup ignorado (estado TERMINATED): Auto-backup for 2025-05-11 08:00:00 via policy: Citel_Diario07
2025-05-26 15:22:19,327 - INFO - 
🔍 Processando block volume: Banco2LinuxTSPlus22-Restore
2025-05-26 15:22:19,451 - WARNING - ⚠️ Tentativa 1: Limite de requisições. Aguardando 5s...
2025-05-26 15:22:29,627 - WARNING - ⚠️ Tentativa 2: Limite de requisições. Aguardando 10s...
2025-05-26 15:22:42,241 - INFO - ✅ Backup criado: BlockBackup-Banco2LinuxTSPlus22-Restore-BKPAUTCITEL-20250526-1522
2025-05-26 15:22:42,824 - WARNING - ⏳ Backup ignorado (estado TERMINATED): Auto-backup for 2025-05-11 08:00:00 via policy: Citel_Diario07
2025-05-26 15:22:42,825 - INFO - 
🔍 Processando block volume: LinuxData010-PalacioTKT651385
2025-05-26 15:22:42,950 - WARNING - ⚠️ Tentativa 1: Limite de requisições. Aguardando 5s...
2025-05-26 15:22:50,723 - INFO - ✅ Backup criado: BlockBackup-LinuxData010-PalacioTKT651385-BKPAUTCITEL-20250526-1522
2025-05-26 15:22:51,298 - WARNING - ⏳ Backup ignorado (estado TERMINATED): Auto-backup for 2025-05-11 08:00:00 via policy: Citel_Diario07
2025-05-26 15:22:51,298 - INFO - 
🔍 Processando block volume: LinuxData010-Banco4
2025-05-26 15:22:51,617 - INFO - ✅ Backup criado: BlockBackup-LinuxData010-Banco4-BKPAUTCITEL-20250526-1522
2025-05-26 15:22:52,196 - WARNING - ⏳ Backup ignorado (estado TERMINATED): Auto-backup for 2025-05-11 08:00:00 via policy: Citel_Diario07
2025-05-26 15:22:52,197 - INFO - 
🔍 Processando block volume: LinuxData010-Banco5
2025-05-26 15:22:52,543 - INFO - ✅ Backup criado: BlockBackup-LinuxData010-Banco5-BKPAUTCITEL-20250526-1522
2025-05-26 15:22:53,116 - WARNING - ⏳ Backup ignorado (estado TERMINATED): Auto-backup for 2025-05-11 08:00:00 via policy: Citel_Diario07
2025-05-26 15:22:53,117 - INFO - 
🔍 Processando block volume: LinuxData010-GeB
2025-05-26 15:22:53,395 - INFO - ✅ Backup criado: BlockBackup-LinuxData010-GeB-BKPAUTCITEL-20250526-1522
2025-05-26 15:22:53,959 - WARNING - ⏳ Backup ignorado (estado TERMINATED): Auto-backup for 2025-05-11 08:00:00 via policy: Citel_Diario07
2025-05-26 15:22:53,960 - INFO - 
🔍 Processando block volume: LinuxData020-Banco3_BR20
2025-05-26 15:22:54,238 - INFO - ✅ Backup criado: BlockBackup-LinuxData020-Banco3_BR20-BKPAUTCITEL-20250526-1522
2025-05-26 15:22:54,798 - WARNING - ⏳ Backup ignorado (estado TERMINATED): Auto-backup for 2025-05-11 08:00:00 via policy: Citel_Diario07
2025-05-26 15:22:54,798 - INFO - 
🔍 Processando block volume: Banco3_BR20-RESTORE_FILES
2025-05-26 15:22:54,922 - WARNING - ⚠️ Tentativa 1: Limite de requisições. Aguardando 5s...
2025-05-26 15:23:03,539 - WARNING - ⚠️ Tentativa 2: Limite de requisições. Aguardando 10s...
2025-05-26 15:23:15,331 - WARNING - ⚠️ Tentativa 3: Limite de requisições. Aguardando 20s...
2025-05-26 15:23:38,173 - INFO - ✅ Backup criado: BlockBackup-Banco3_BR20-RESTORE_FILES-BKPAUTCITEL-20250526-1522
2025-05-26 15:23:38,743 - INFO - 
🔍 Processando block volume: LinuxData030_clone06052025
2025-05-26 15:23:39,026 - INFO - ✅ Backup criado: BlockBackup-LinuxData030_clone06052025-BKPAUTCITEL-20250526-1523
2025-05-26 15:23:39,588 - INFO - 
🔍 Processando block volume: Restore_Teste_Bancos3_BR20
2025-05-26 15:23:39,712 - WARNING - ⚠️ Tentativa 1: Limite de requisições. Aguardando 5s...
2025-05-26 15:23:49,696 - INFO - ✅ Backup criado: BlockBackup-Restore_Teste_Bancos3_BR20-BKPAUTCITEL-20250526-1523
2025-05-26 15:23:50,248 - INFO - 
🔍 Processando block volume: Restore Banco ComercialCarvalho
2025-05-26 15:23:50,525 - INFO - ✅ Backup criado: BlockBackup-Restore Banco ComercialCarvalho-BKPAUTCITEL-20250526-1523
2025-05-26 15:23:51,093 - WARNING - ⏳ Backup ignorado (estado TERMINATED): Auto-backup for 2025-05-11 08:00:00 via policy: Citel_Diario07
2025-05-26 15:23:51,093 - INFO - 
🔍 Processando block volume: Restore Banco Fluzao
2025-05-26 15:23:51,375 - INFO - ✅ Backup criado: BlockBackup-Restore Banco Fluzao-BKPAUTCITEL-20250526-1523
2025-05-26 15:23:51,945 - WARNING - ⏳ Backup ignorado (estado TERMINATED): Auto-backup for 2025-05-11 08:00:00 via policy: Citel_Diario07
2025-05-26 15:23:51,946 - INFO - 
🔍 Processando block volume: Restore Banco Suprema
2025-05-26 15:23:52,070 - WARNING - ⚠️ Tentativa 1: Limite de requisições. Aguardando 5s...
2025-05-26 15:23:59,338 - WARNING - ⚠️ Tentativa 2: Limite de requisições. Aguardando 10s...
2025-05-26 15:24:10,262 - INFO - ✅ Backup criado: BlockBackup-Restore Banco Suprema-BKPAUTCITEL-20250526-1523
2025-05-26 15:24:10,842 - INFO - 
🔍 Processando block volume: BKP Fluzao Prudente
2025-05-26 15:24:11,164 - INFO - ✅ Backup criado: BlockBackup-BKP Fluzao Prudente-BKPAUTCITEL-20250526-1524
2025-05-26 15:24:11,756 - INFO - 
🔍 Processando block volume: LINUXDATA020-BANCO3-Testerecovery-14-05-2025
2025-05-26 15:24:12,060 - INFO - ✅ Backup criado: BlockBackup-LINUXDATA020-BANCO3-Testerecovery-14-05-2025-BKPAUTCITEL-20250526-1524
2025-05-26 15:24:12,639 - INFO - 
🔍 Processando block volume: Restore Banco BI Royal
2025-05-26 15:24:12,765 - WARNING - ⚠️ Tentativa 1: Limite de requisições. Aguardando 5s...
2025-05-26 15:24:19,389 - WARNING - ⚠️ Tentativa 2: Limite de requisições. Aguardando 10s...
2025-05-26 15:24:32,865 - INFO - ✅ Backup criado: BlockBackup-Restore Banco BI Royal-BKPAUTCITEL-20250526-1524
2025-05-26 15:24:33,441 - INFO - 
🔍 Processando block volume: Restore Banco BI Piso e Cia 
2025-05-26 15:24:33,722 - INFO - ✅ Backup criado: BlockBackup-Restore Banco BI Piso e Cia -BKPAUTCITEL-20250526-1524
2025-05-26 15:24:34,274 - INFO - 
🔍 Processando block volume: Restore Banco BI MaxVinil
2025-05-26 15:24:34,563 - INFO - ✅ Backup criado: BlockBackup-Restore Banco BI MaxVinil-BKPAUTCITEL-20250526-1524
2025-05-26 15:24:35,130 - INFO - 
🔍 Processando block volume: Restore Banco BI Vermat
2025-05-26 15:24:35,435 - INFO - ✅ Backup criado: BlockBackup-Restore Banco BI Vermat-BKPAUTCITEL-20250526-1524
2025-05-26 15:24:36,003 - INFO - 
🔍 Processando block volume: Restore Banco BI Perin
2025-05-26 15:24:36,129 - WARNING - ⚠️ Tentativa 1: Limite de requisições. Aguardando 5s...
2025-05-26 15:24:43,969 - WARNING - ⚠️ Tentativa 2: Limite de requisições. Aguardando 10s...
2025-05-26 15:24:57,014 - INFO - ✅ Backup criado: BlockBackup-Restore Banco BI Perin-BKPAUTCITEL-20250526-1524
2025-05-26 15:24:57,628 - INFO - 
🔍 Processando block volume: Restore Banco BI AtacadaoPT
2025-05-26 15:24:57,753 - WARNING - ⚠️ Tentativa 1: Limite de requisições. Aguardando 5s...
2025-05-26 15:25:04,079 - INFO - ✅ Backup criado: BlockBackup-Restore Banco BI AtacadaoPT-BKPAUTCITEL-20250526-1524
2025-05-26 15:25:04,695 - INFO - 
🔍 Processando block volume: Restore Banco BI Agrocac
2025-05-26 15:25:04,821 - WARNING - ⚠️ Tentativa 1: Limite de requisições. Aguardando 5s...
2025-05-26 15:25:14,898 - INFO - ✅ Backup criado: BlockBackup-Restore Banco BI Agrocac-BKPAUTCITEL-20250526-1525
2025-05-26 15:25:15,468 - INFO - 
🔍 Processando block volume: Restore Banco BI PadraoPVC
2025-05-26 15:25:15,762 - INFO - ✅ Backup criado: BlockBackup-Restore Banco BI PadraoPVC-BKPAUTCITEL-20250526-1525
2025-05-26 15:25:16,321 - INFO - 
🔍 Processando block volume: Restore Banco BI Rezende
2025-05-26 15:25:16,446 - WARNING - ⚠️ Tentativa 1: Limite de requisições. Aguardando 5s...
2025-05-26 15:25:24,384 - INFO - ✅ Backup criado: BlockBackup-Restore Banco BI Rezende-BKPAUTCITEL-20250526-1525
2025-05-26 15:25:24,958 - INFO - 
🔍 Processando block volume: Restore Banco BI MadMapa
2025-05-26 15:25:25,223 - INFO - ✅ Backup criado: BlockBackup-Restore Banco BI MadMapa-BKPAUTCITEL-20250526-1525
2025-05-26 15:25:25,777 - INFO - 
🔍 Processando block volume: Restore Banco BI Santana
2025-05-26 15:25:26,047 - INFO - ✅ Backup criado: BlockBackup-Restore Banco BI Santana-BKPAUTCITEL-20250526-1525
2025-05-26 15:25:26,607 - INFO - 
🔍 Processando block volume: Restore Banco BI VarejaodasTintas
2025-05-26 15:25:26,731 - WARNING - ⚠️ Tentativa 1: Limite de requisições. Aguardando 5s...
2025-05-26 15:25:36,742 - INFO - ✅ Backup criado: BlockBackup-Restore Banco BI VarejaodasTintas-BKPAUTCITEL-20250526-1525
2025-05-26 15:25:37,309 - INFO - 
🔍 Processando block volume: Restore Banco BI ElloTintas
2025-05-26 15:25:37,434 - WARNING - ⚠️ Tentativa 1: Limite de requisições. Aguardando 5s...
2025-05-26 15:25:43,347 - INFO - ✅ Backup criado: BlockBackup-Restore Banco BI ElloTintas-BKPAUTCITEL-20250526-1525
2025-05-26 15:25:43,907 - INFO - 
🔍 Processando block volume: Restore Banco BI Moto One
2025-05-26 15:25:44,192 - INFO - ✅ Backup criado: BlockBackup-Restore Banco BI Moto One-BKPAUTCITEL-20250526-1525
2025-05-26 15:25:44,767 - INFO - 
🔍 Processando block volume: Restore Banco BI OLV
2025-05-26 15:25:45,131 - INFO - ✅ Backup criado: BlockBackup-Restore Banco BI OLV-BKPAUTCITEL-20250526-1525
2025-05-26 15:25:45,695 - INFO - 
🔍 Processando block volume: Restore Banco BI Construilma
2025-05-26 15:25:45,821 - WARNING - ⚠️ Tentativa 1: Limite de requisições. Aguardando 5s...
2025-05-26 15:25:55,853 - INFO - ✅ Backup criado: BlockBackup-Restore Banco BI Construilma-BKPAUTCITEL-20250526-1525
2025-05-26 15:25:56,412 - INFO - 
🔍 Processando block volume: Restore Banco BI Baytek
2025-05-26 15:25:56,706 - INFO - ✅ Backup criado: BlockBackup-Restore Banco BI Baytek-BKPAUTCITEL-20250526-1525
2025-05-26 15:25:57,265 - INFO - 
🔍 Processando block volume: Restore Banco BI Soldage
2025-05-26 15:25:57,598 - INFO - ✅ Backup criado: BlockBackup-Restore Banco BI Soldage-BKPAUTCITEL-20250526-1525
2025-05-26 15:25:58,173 - INFO - 
🔍 Processando block volume: Banco Restore BI Rizato
2025-05-26 15:25:58,301 - WARNING - ⚠️ Tentativa 1: Limite de requisições. Aguardando 5s...
2025-05-26 15:26:05,887 - INFO - ✅ Backup criado: BlockBackup-Banco Restore BI Rizato-BKPAUTCITEL-20250526-1525
2025-05-26 15:26:06,461 - INFO - 
🔍 Processando block volume: Restore Banco BI Colomarti
2025-05-26 15:26:06,730 - INFO - ✅ Backup criado: BlockBackup-Restore Banco BI Colomarti-BKPAUTCITEL-20250526-1526
2025-05-26 15:26:07,300 - INFO - 
🔍 Processando block volume: HD BKP BI Gasparzinho
2025-05-26 15:26:07,424 - WARNING - ⚠️ Tentativa 1: Limite de requisições. Aguardando 5s...
2025-05-26 15:26:16,179 - INFO - ✅ Backup criado: BlockBackup-HD BKP BI Gasparzinho-BKPAUTCITEL-20250526-1526
2025-05-26 15:26:16,745 - INFO - 
🔍 Processando block volume: Banco_srvEstrategico
2025-05-26 15:26:17,021 - INFO - ✅ Backup criado: BlockBackup-Banco_srvEstrategico-BKPAUTCITEL-20250526-1526
2025-05-26 15:26:17,592 - INFO - 
🔍 Processando block volume: Restore banco Palmas bkp2 
2025-05-26 15:26:17,870 - INFO - ✅ Backup criado: BlockBackup-Restore banco Palmas bkp2 -BKPAUTCITEL-20250526-1526
2025-05-26 15:26:18,450 - INFO - 
🔍 Processando block volume: Restore Banco 2B bkp2
2025-05-26 15:26:18,575 - WARNING - ⚠️ Tentativa 1: Limite de requisições. Aguardando 5s...
2025-05-26 15:26:28,568 - INFO - ✅ Backup criado: BlockBackup-Restore Banco 2B bkp2-BKPAUTCITEL-20250526-1526
2025-05-26 15:26:29,140 - INFO - 
🔍 Processando block volume: Restore Banco BI Refrigas2
2025-05-26 15:26:29,515 - INFO - ✅ Backup criado: BlockBackup-Restore Banco BI Refrigas2-BKPAUTCITEL-20250526-1526
2025-05-26 15:26:30,099 - INFO - 
🔍 Processando block volume: BKP Valclei tkt 1076246
2025-05-26 15:26:30,364 - INFO - ✅ Backup criado: BlockBackup-BKP Valclei tkt 1076246-BKPAUTCITEL-20250526-1526
2025-05-26 15:26:30,926 - INFO - 
🔍 Processando block volume: Restore2 BI Paratudo
2025-05-26 15:26:31,219 - INFO - ✅ Backup criado: BlockBackup-Restore2 BI Paratudo-BKPAUTCITEL-20250526-1526
2025-05-26 15:26:31,763 - INFO - 
🔍 Processando block volume: Banco2 MiaraKruger bi 
2025-05-26 15:26:32,040 - INFO - ✅ Backup criado: BlockBackup-Banco2 MiaraKruger bi -BKPAUTCITEL-20250526-1526
2025-05-26 15:26:32,584 - INFO - 
✅ Execução concluída com sucesso
