2025-05-26 21:03:04,468 - INFO - 
🔍 Processando boot volume: LinuxTSPlus20
2025-05-26 21:03:04,782 - INFO - ✅ Backup criado: BootBackup-LinuxTSPlus20-BKPAUTCITEL-20250526-2103
2025-05-26 21:03:05,437 - INFO - 
🔍 Processando boot volume: LinuxTSPlus1
2025-05-26 21:03:05,749 - INFO - ✅ Backup criado: BootBackup-LinuxTSPlus1-BKPAUTCITEL-20250526-2103
2025-05-26 21:03:06,393 - WARNING - ⏳ Backup ignorado (estado TERMINATED): Auto-backup for 2025-05-11 08:00:00 via policy: Citel_Diario04
2025-05-26 21:03:06,394 - INFO - 
🔍 Processando boot volume: LinuxTSPlus2
2025-05-26 21:03:06,704 - INFO - ✅ Backup criado: BootBackup-LinuxTSPlus2-BKPAUTCITEL-20250526-2103
2025-05-26 21:03:07,383 - WARNING - ⏳ Backup ignorado (estado TERMINATED): Auto-backup for 2025-05-11 08:00:00 via policy: Citel_Diario04
2025-05-26 21:03:07,383 - INFO - 
🔍 Processando boot volume: Temp-Subida_G_e_B (Boot Volume)
2025-05-26 21:03:07,792 - INFO - ✅ Backup criado: BootBackup-Temp-Subida_G_e_B (Boot Volume)-BKPAUTCITEL-20250526-2103
2025-05-26 21:03:08,447 - WARNING - ⏳ Backup ignorado (estado TERMINATED): Auto-backup for 2025-05-11 08:00:00 via policy: Citel_Diario04
2025-05-26 21:03:08,447 - INFO - 
🔍 Processando boot volume: Banco_BelaTintas (Boot Volume)
2025-05-26 21:03:08,776 - INFO - ✅ Backup criado: BootBackup-Banco_BelaTintas (Boot Volume)-BKPAUTCITEL-20250526-2103
2025-05-26 21:03:09,469 - INFO - 
🔍 Processando boot volume: LinuxTSPlus65_boot_clone2904
2025-05-26 21:03:09,783 - INFO - ✅ Backup criado: BootBackup-LinuxTSPlus65_boot_clone2904-BKPAUTCITEL-20250526-2103
2025-05-26 21:03:10,432 - INFO - 
🔍 Processando boot volume: LinuxTSPlus72_boot_clone2904
2025-05-26 21:03:10,764 - INFO - ✅ Backup criado: BootBackup-LinuxTSPlus72_boot_clone2904-BKPAUTCITEL-20250526-2103
2025-05-26 21:03:11,397 - WARNING - ⏳ Backup ignorado (estado TERMINATED): Auto-backup for 2025-05-11 08:00:00 via policy: Citel_Diario04
2025-05-26 21:03:11,398 - INFO - 
🔍 Processando boot volume: Linux-checkdisks (Boot Volume)
2025-05-26 21:03:11,709 - INFO - ✅ Backup criado: BootBackup-Linux-checkdisks (Boot Volume)-BKPAUTCITEL-20250526-2103
2025-05-26 21:03:11,953 - INFO - 
🔍 Processando boot volume: LinuxDataBelaTintas
2025-05-26 21:03:12,246 - INFO - ✅ Backup criado: BootBackup-LinuxDataBelaTintas-BKPAUTCITEL-20250526-2103
2025-05-26 21:03:12,889 - INFO - 
🔍 Processando boot volume: LinuxData010
2025-05-26 21:03:13,209 - INFO - ✅ Backup criado: BootBackup-LinuxData010-BKPAUTCITEL-20250526-2103
2025-05-26 21:03:13,855 - WARNING - ⏳ Backup ignorado (estado TERMINATED): Auto-backup for 2025-05-11 08:00:00 via policy: Citel_Diario04
2025-05-26 21:03:13,855 - INFO - 
🔍 Processando boot volume: LinuxData025
2025-05-26 21:03:13,980 - WARNING - ⚠️ Tentativa 1: Limite de requisições. Aguardando 1s...
2025-05-26 21:03:17,760 - INFO - ✅ Backup criado: BootBackup-LinuxData025-BKPAUTCITEL-20250526-2103
2025-05-26 21:03:18,418 - WARNING - ⏳ Backup ignorado (estado TERMINATED): Auto-backup for 2025-05-11 08:00:00 via policy: Citel_Diario04
2025-05-26 21:03:18,419 - INFO - 
🔍 Processando boot volume: LinuxData004
2025-05-26 21:03:18,543 - WARNING - ⚠️ Tentativa 1: Limite de requisições. Aguardando 1s...
2025-05-26 21:03:23,480 - WARNING - ⚠️ Tentativa 2: Limite de requisições. Aguardando 2s...
2025-05-26 21:03:27,022 - INFO - ✅ Backup criado: BootBackup-LinuxData004-BKPAUTCITEL-20250526-2103
2025-05-26 21:03:27,660 - WARNING - ⏳ Backup ignorado (estado TERMINATED): Auto-backup for 2025-05-11 08:00:00 via policy: Citel_Diario04
2025-05-26 21:03:27,661 - INFO - 
🔍 Processando boot volume: LinuxData005
2025-05-26 21:03:27,947 - INFO - ✅ Backup criado: BootBackup-LinuxData005-BKPAUTCITEL-20250526-2103
2025-05-26 21:03:28,624 - INFO - 
🔍 Processando boot volume: LinuxData012
2025-05-26 21:03:28,748 - WARNING - ⚠️ Tentativa 1: Limite de requisições. Aguardando 1s...
2025-05-26 21:03:31,574 - WARNING - ⚠️ Tentativa 2: Limite de requisições. Aguardando 2s...
2025-05-26 21:03:36,184 - INFO - ✅ Backup criado: BootBackup-LinuxData012-BKPAUTCITEL-20250526-2103
2025-05-26 21:03:36,841 - WARNING - ⏳ Backup ignorado (estado TERMINATED): Auto-backup for 2025-05-11 08:00:00 via policy: Citel_Diario04
2025-05-26 21:03:36,842 - INFO - 
🔍 Processando boot volume: LinuxData006
2025-05-26 21:03:36,967 - WARNING - ⚠️ Tentativa 1: Limite de requisições. Aguardando 1s...
2025-05-26 21:03:41,352 - WARNING - ⚠️ Tentativa 2: Limite de requisições. Aguardando 2s...
2025-05-26 21:03:45,211 - WARNING - ⚠️ Tentativa 3: Limite de requisições. Aguardando 4s...
2025-05-26 21:03:50,949 - INFO - ✅ Backup criado: BootBackup-LinuxData006-BKPAUTCITEL-20250526-2103
2025-05-26 21:03:51,614 - WARNING - ⏳ Backup ignorado (estado TERMINATED): Auto-backup for 2025-05-11 08:00:00 via policy: Citel_Diario04
2025-05-26 21:03:51,615 - INFO - 
🔍 Processando boot volume: LinuxData013
2025-05-26 21:03:51,924 - INFO - ✅ Backup criado: BootBackup-LinuxData013-BKPAUTCITEL-20250526-2103
2025-05-26 21:03:52,600 - WARNING - ⏳ Backup ignorado (estado TERMINATED): Auto-backup for 2025-05-11 08:00:00 via policy: Citel_Diario04
2025-05-26 21:03:52,600 - INFO - 
🔍 Processando boot volume: LinuxData011
2025-05-26 21:03:52,725 - WARNING - ⚠️ Tentativa 1: Limite de requisições. Aguardando 1s...
2025-05-26 21:03:57,892 - INFO - ✅ Backup criado: BootBackup-LinuxData011-BKPAUTCITEL-20250526-2103
2025-05-26 21:03:58,550 - INFO - 
🔍 Processando boot volume: LinuxData008
2025-05-26 21:03:58,674 - WARNING - ⚠️ Tentativa 1: Limite de requisições. Aguardando 1s...
2025-05-26 21:04:01,438 - INFO - ✅ Backup criado: BootBackup-LinuxData008-BKPAUTCITEL-20250526-2103
2025-05-26 21:04:02,089 - WARNING - ⏳ Backup ignorado (estado TERMINATED): Auto-backup for 2025-05-11 08:00:00 via policy: Citel_Diario04
2025-05-26 21:04:02,090 - INFO - 
🔍 Processando boot volume: LinuxData007
2025-05-26 21:04:02,376 - INFO - ✅ Backup criado: BootBackup-LinuxData007-BKPAUTCITEL-20250526-2104
2025-05-26 21:04:03,052 - WARNING - ⏳ Backup ignorado (estado TERMINATED): Auto-backup for 2025-05-11 08:00:00 via policy: Citel_Diario04
2025-05-26 21:04:03,053 - INFO - 
🔍 Processando boot volume: LinuxData055
2025-05-26 21:04:03,364 - INFO - ✅ Backup criado: BootBackup-LinuxData055-BKPAUTCITEL-20250526-2104
2025-05-26 21:04:04,154 - INFO - 
🔍 Processando boot volume: LinuxData009
2025-05-26 21:04:04,279 - WARNING - ⚠️ Tentativa 1: Limite de requisições. Aguardando 1s...
2025-05-26 21:04:07,134 - INFO - ✅ Backup criado: BootBackup-LinuxData009-BKPAUTCITEL-20250526-2104
2025-05-26 21:04:07,807 - WARNING - ⏳ Backup ignorado (estado TERMINATED): Auto-backup for 2025-05-11 08:00:00 via policy: Citel_Diario04
2025-05-26 21:04:07,807 - INFO - 
🔍 Processando boot volume: LinuxData014
2025-05-26 21:04:08,108 - INFO - ✅ Backup criado: BootBackup-LinuxData014-BKPAUTCITEL-20250526-2104
2025-05-26 21:04:08,810 - WARNING - ⏳ Backup ignorado (estado TERMINATED): Auto-backup for 2025-05-11 08:00:00 via policy: Citel_Diario04
2025-05-26 21:04:08,810 - INFO - 
🔍 Processando boot volume: LinuxData050
2025-05-26 21:04:09,113 - INFO - ✅ Backup criado: BootBackup-LinuxData050-BKPAUTCITEL-20250526-2104
2025-05-26 21:04:09,839 - WARNING - ⏳ Backup ignorado (estado TERMINATED): Auto-backup for 2025-05-11 08:00:00 via policy: Citel_Diario04
2025-05-26 21:04:09,839 - INFO - 
🔍 Processando boot volume: LinuxData018
2025-05-26 21:04:10,149 - INFO - ✅ Backup criado: BootBackup-LinuxData018-BKPAUTCITEL-20250526-2104
2025-05-26 21:04:10,826 - WARNING - ⏳ Backup ignorado (estado TERMINATED): Auto-backup for 2025-05-11 08:00:00 via policy: Citel_Diario04
2025-05-26 21:04:10,827 - INFO - 
🔍 Processando boot volume: LinuxData016
2025-05-26 21:04:10,951 - WARNING - ⚠️ Tentativa 1: Limite de requisições. Aguardando 1s...
2025-05-26 21:04:13,500 - WARNING - ⚠️ Tentativa 2: Limite de requisições. Aguardando 2s...
2025-05-26 21:04:18,808 - INFO - ✅ Backup criado: BootBackup-LinuxData016-BKPAUTCITEL-20250526-2104
2025-05-26 21:04:19,458 - WARNING - ⏳ Backup ignorado (estado TERMINATED): Auto-backup for 2025-05-11 08:00:00 via policy: Citel_Diario04
2025-05-26 21:04:19,459 - INFO - 
🔍 Processando boot volume: LinuxData059
2025-05-26 21:04:19,585 - WARNING - ⚠️ Tentativa 1: Limite de requisições. Aguardando 1s...
2025-05-26 21:04:22,830 - INFO - ✅ Backup criado: BootBackup-LinuxData059-BKPAUTCITEL-20250526-2104
2025-05-26 21:04:23,498 - WARNING - ⏳ Backup ignorado (estado TERMINATED): Auto-backup for 2025-05-11 08:00:00 via policy: Citel_Diario04
2025-05-26 21:04:23,499 - INFO - 
🔍 Processando boot volume: LinuxData037
2025-05-26 21:04:23,624 - WARNING - ⚠️ Tentativa 1: Limite de requisições. Aguardando 1s...
2025-05-26 21:04:27,826 - WARNING - ⚠️ Tentativa 2: Limite de requisições. Aguardando 2s...
2025-05-26 21:04:34,498 - INFO - ✅ Backup criado: BootBackup-LinuxData037-BKPAUTCITEL-20250526-2104
2025-05-26 21:04:35,156 - INFO - 
🔍 Processando boot volume: LinuxData036
2025-05-26 21:04:35,280 - WARNING - ⚠️ Tentativa 1: Limite de requisições. Aguardando 1s...
2025-05-26 21:04:39,226 - INFO - ✅ Backup criado: BootBackup-LinuxData036-BKPAUTCITEL-20250526-2104
2025-05-26 21:04:39,897 - WARNING - ⏳ Backup ignorado (estado TERMINATED): Auto-backup for 2025-05-11 08:00:00 via policy: Citel_Diario04
2025-05-26 21:04:39,897 - INFO - 
🔍 Processando boot volume: LinuxData017
2025-05-26 21:04:40,022 - WARNING - ⚠️ Tentativa 1: Limite de requisições. Aguardando 1s...
2025-05-26 21:04:45,953 - WARNING - ⚠️ Tentativa 2: Limite de requisições. Aguardando 2s...
2025-05-26 21:04:53,653 - INFO - ✅ Backup criado: BootBackup-LinuxData017-BKPAUTCITEL-20250526-2104
2025-05-26 21:04:54,319 - WARNING - ⏳ Backup ignorado (estado TERMINATED): Auto-backup for 2025-05-11 08:00:00 via policy: Citel_Diario04
2025-05-26 21:04:54,320 - INFO - 
🔍 Processando boot volume: LinuxData041
2025-05-26 21:04:54,444 - WARNING - ⚠️ Tentativa 1: Limite de requisições. Aguardando 1s...
2025-05-26 21:05:00,173 - INFO - ✅ Backup criado: BootBackup-LinuxData041-BKPAUTCITEL-20250526-2104
2025-05-26 21:05:00,840 - INFO - 
🔍 Processando boot volume: LinuxData043
2025-05-26 21:05:01,133 - INFO - ✅ Backup criado: BootBackup-LinuxData043-BKPAUTCITEL-20250526-2105
2025-05-26 21:05:01,810 - WARNING - ⏳ Backup ignorado (estado TERMINATED): Auto-backup for 2025-05-11 08:00:00 via policy: Citel_Diario04
2025-05-26 21:05:01,811 - INFO - 
🔍 Processando boot volume: LinuxData048
2025-05-26 21:05:01,938 - WARNING - ⚠️ Tentativa 1: Limite de requisições. Aguardando 1s...
2025-05-26 21:05:05,831 - WARNING - ⚠️ Tentativa 2: Limite de requisições. Aguardando 2s...
2025-05-26 21:05:10,698 - INFO - ✅ Backup criado: BootBackup-LinuxData048-BKPAUTCITEL-20250526-2105
2025-05-26 21:05:11,383 - INFO - 
🔍 Processando boot volume: LinuxData032
2025-05-26 21:05:11,699 - INFO - ✅ Backup criado: BootBackup-LinuxData032-BKPAUTCITEL-20250526-2105
2025-05-26 21:05:12,355 - WARNING - ⏳ Backup ignorado (estado TERMINATED): Auto-backup for 2025-05-11 08:00:00 via policy: Citel_Diario04
2025-05-26 21:05:12,356 - INFO - 
🔍 Processando boot volume: LinuxData033
2025-05-26 21:05:12,496 - WARNING - ⚠️ Tentativa 1: Limite de requisições. Aguardando 1s...
2025-05-26 21:05:17,830 - WARNING - ⚠️ Tentativa 2: Limite de requisições. Aguardando 2s...
2025-05-26 21:05:21,680 - INFO - ✅ Backup criado: BootBackup-LinuxData033-BKPAUTCITEL-20250526-2105
2025-05-26 21:05:22,352 - INFO - 
🔍 Processando boot volume: LinuxData034
2025-05-26 21:05:22,706 - INFO - ✅ Backup criado: BootBackup-LinuxData034-BKPAUTCITEL-20250526-2105
2025-05-26 21:05:23,392 - WARNING - ⏳ Backup ignorado (estado TERMINATED): Auto-backup for 2025-05-11 08:00:00 via policy: Citel_Diario04
2025-05-26 21:05:23,392 - INFO - 
🔍 Processando boot volume: LinuxData029
2025-05-26 21:05:23,522 - WARNING - ⚠️ Tentativa 1: Limite de requisições. Aguardando 1s...
2025-05-26 21:05:28,473 - INFO - ✅ Backup criado: BootBackup-LinuxData029-BKPAUTCITEL-20250526-2105
2025-05-26 21:05:29,144 - INFO - 
🔍 Processando boot volume: LinuxData019
2025-05-26 21:05:29,269 - WARNING - ⚠️ Tentativa 1: Limite de requisições. Aguardando 1s...
2025-05-26 21:05:31,828 - WARNING - ⚠️ Tentativa 2: Limite de requisições. Aguardando 2s...
2025-05-26 21:05:39,202 - INFO - ✅ Backup criado: BootBackup-LinuxData019-BKPAUTCITEL-20250526-2105
2025-05-26 21:05:39,858 - INFO - 
🔍 Processando boot volume: LinuxData021
2025-05-26 21:05:40,170 - INFO - ✅ Backup criado: BootBackup-LinuxData021-BKPAUTCITEL-20250526-2105
2025-05-26 21:05:40,821 - WARNING - ⏳ Backup ignorado (estado TERMINATED): Auto-backup for 2025-05-11 08:00:00 via policy: Citel_Diario04
2025-05-26 21:05:40,822 - INFO - 
🔍 Processando boot volume: LinuxData022
2025-05-26 21:05:40,946 - WARNING - ⚠️ Tentativa 1: Limite de requisições. Aguardando 1s...
2025-05-26 21:05:45,052 - WARNING - ⚠️ Tentativa 2: Limite de requisições. Aguardando 2s...
2025-05-26 21:05:50,611 - INFO - ✅ Backup criado: BootBackup-LinuxData022-BKPAUTCITEL-20250526-2105
2025-05-26 21:05:51,296 - WARNING - ⏳ Backup ignorado (estado TERMINATED): Auto-backup for 2025-05-11 08:00:00 via policy: Citel_Diario04
2025-05-26 21:05:51,297 - INFO - 
🔍 Processando boot volume: LinuxData024
2025-05-26 21:05:51,640 - INFO - ✅ Backup criado: BootBackup-LinuxData024-BKPAUTCITEL-20250526-2105
2025-05-26 21:05:52,293 - WARNING - ⏳ Backup ignorado (estado TERMINATED): Auto-backup for 2025-05-11 08:00:00 via policy: Citel_Diario04
2025-05-26 21:05:52,294 - INFO - 
🔍 Processando boot volume: LinuxData020
2025-05-26 21:05:52,419 - WARNING - ⚠️ Tentativa 1: Limite de requisições. Aguardando 1s...
2025-05-26 21:05:56,116 - INFO - ✅ Backup criado: BootBackup-LinuxData020-BKPAUTCITEL-20250526-2105
2025-05-26 21:05:56,770 - WARNING - ⏳ Backup ignorado (estado TERMINATED): Auto-backup for 2025-05-11 08:00:00 via policy: Citel_Diario04
2025-05-26 21:05:56,771 - INFO - 
🔍 Processando boot volume: LinuxData026
2025-05-26 21:05:57,114 - INFO - ✅ Backup criado: BootBackup-LinuxData026-BKPAUTCITEL-20250526-2105
2025-05-26 21:05:57,788 - WARNING - ⏳ Backup ignorado (estado TERMINATED): Auto-backup for 2025-05-11 08:00:00 via policy: Citel_Diario04
2025-05-26 21:05:57,788 - INFO - 
🔍 Processando boot volume: LinuxData028
2025-05-26 21:05:58,068 - INFO - ✅ Backup criado: BootBackup-LinuxData028-BKPAUTCITEL-20250526-2105
2025-05-26 21:05:58,727 - WARNING - ⏳ Backup ignorado (estado TERMINATED): Auto-backup for 2025-05-11 08:00:00 via policy: Citel_Diario04
2025-05-26 21:05:58,728 - INFO - 
🔍 Processando boot volume: LinuxData030
2025-05-26 21:05:58,852 - WARNING - ⚠️ Tentativa 1: Limite de requisições. Aguardando 1s...
2025-05-26 21:06:04,745 - INFO - ✅ Backup criado: BootBackup-LinuxData030-BKPAUTCITEL-20250526-2105
2025-05-26 21:06:05,425 - WARNING - ⏳ Backup ignorado (estado TERMINATED): Auto-backup for 2025-05-11 08:00:00 via policy: Citel_Diario04
2025-05-26 21:06:05,426 - INFO - 
🔍 Processando boot volume: LinuxData040
2025-05-26 21:06:05,722 - INFO - ✅ Backup criado: BootBackup-LinuxData040-BKPAUTCITEL-20250526-2106
2025-05-26 21:06:06,374 - WARNING - ⏳ Backup ignorado (estado TERMINATED): Auto-backup for 2025-05-11 08:00:00 via policy: Citel_Diario04
2025-05-26 21:06:06,374 - INFO - 
🔍 Processando boot volume: LinuxData065
2025-05-26 21:06:06,738 - INFO - ✅ Backup criado: BootBackup-LinuxData065-BKPAUTCITEL-20250526-2106
2025-05-26 21:06:07,446 - WARNING - ⏳ Backup ignorado (estado TERMINATED): Auto-backup for 2025-05-11 08:00:00 via policy: Citel_Diario04
2025-05-26 21:06:07,447 - INFO - 
🔍 Processando boot volume: LinuxData072
2025-05-26 21:06:07,847 - INFO - ✅ Backup criado: BootBackup-LinuxData072-BKPAUTCITEL-20250526-2106
2025-05-26 21:06:08,526 - WARNING - ⏳ Backup ignorado (estado TERMINATED): Auto-backup for 2025-05-11 08:00:00 via policy: Citel_Diario04
2025-05-26 21:06:08,527 - INFO - 
🔍 Processando boot volume: LinuxData001
2025-05-26 21:06:08,652 - WARNING - ⚠️ Tentativa 1: Limite de requisições. Aguardando 1s...
2025-05-26 21:06:12,030 - INFO - ✅ Backup criado: BootBackup-LinuxData001-BKPAUTCITEL-20250526-2106
2025-05-26 21:06:12,696 - INFO - 
🔍 Processando boot volume: LinuxData002
2025-05-26 21:06:12,820 - WARNING - ⚠️ Tentativa 1: Limite de requisições. Aguardando 1s...
2025-05-26 21:06:17,336 - INFO - ✅ Backup criado: BootBackup-LinuxData002-BKPAUTCITEL-20250526-2106
2025-05-26 21:06:18,004 - WARNING - ⏳ Backup ignorado (estado TERMINATED): Auto-backup for 2025-05-11 08:00:00 via policy: Citel_Diario04
2025-05-26 21:06:18,004 - INFO - 
🔍 Processando boot volume: LinuxTSPlus20_boot_clone0105
2025-05-26 21:06:18,129 - WARNING - ⚠️ Tentativa 1: Limite de requisições. Aguardando 1s...
2025-05-26 21:06:24,356 - INFO - ✅ Backup criado: BootBackup-LinuxTSPlus20_boot_clone0105-BKPAUTCITEL-20250526-2106
2025-05-26 21:06:24,974 - INFO - 
🔍 Processando boot volume: LinuxData013_clone06052025
2025-05-26 21:06:25,098 - WARNING - ⚠️ Tentativa 1: Limite de requisições. Aguardando 1s...
2025-05-26 21:06:28,455 - WARNING - ⚠️ Tentativa 2: Limite de requisições. Aguardando 2s...
2025-05-26 21:06:34,034 - WARNING - ⚠️ Tentativa 3: Limite de requisições. Aguardando 4s...
2025-05-26 21:06:43,538 - WARNING - ⚠️ Tentativa 4: Limite de requisições. Aguardando 8s...
2025-05-26 21:06:56,363 - WARNING - ⚠️ Tentativa 5: Limite de requisições. Aguardando 16s...
2025-05-26 21:07:13,323 - INFO - 
🔁 Tentando novamente os backups que falharam...
2025-05-26 21:07:13,323 - INFO - 
🔄 Reprocessando: LinuxData013_clone06052025
2025-05-26 21:07:13,670 - INFO - ✅ Backup criado: BootBackup-LinuxData013_clone06052025-BKPAUTCITEL-20250526-2107
2025-05-26 21:07:13,670 - INFO - 
✅ Execução concluída com sucesso
