2025-05-26 15:04:01,622 - INFO - 
🔍 Processando boot volume: LinuxTSPlus20
2025-05-26 15:04:01,928 - INFO - ✅ Backup criado: BootBackup-LinuxTSPlus20-BKPAUTCITEL-20250526-1504
2025-05-26 15:04:02,215 - WARNING - ⏳ Backup ignorado (estado TERMINATED): Auto-backup for 2025-05-11 08:00:00 via policy: Citel_Diario04
2025-05-26 15:04:02,215 - INFO - 
🔍 Processando boot volume: LinuxTSPlus1
2025-05-26 15:04:02,524 - INFO - ✅ Backup criado: BootBackup-LinuxTSPlus1-BKPAUTCITEL-20250526-1504
2025-05-26 15:04:03,171 - WARNING - ⏳ Backup ignorado (estado TERMINATED): Auto-backup for 2025-05-11 08:00:00 via policy: Citel_Diario04
2025-05-26 15:04:03,171 - INFO - 
🔍 Processando boot volume: LinuxTSPlus2
2025-05-26 15:04:03,478 - INFO - ✅ Backup criado: BootBackup-LinuxTSPlus2-BKPAUTCITEL-20250526-1504
2025-05-26 15:04:03,762 - WARNING - ⏳ Backup ignorado (estado TERMINATED): Auto-backup for 2025-05-11 08:00:00 via policy: Citel_Diario04
2025-05-26 15:04:03,763 - INFO - 
🔍 Processando boot volume: Temp-Subida_G_e_B (Boot Volume)
2025-05-26 15:04:04,072 - INFO - ✅ Backup criado: BootBackup-Temp-Subida_G_e_B (Boot Volume)-BKPAUTCITEL-20250526-1504
2025-05-26 15:04:04,716 - WARNING - ⏳ Backup ignorado (estado TERMINATED): Auto-backup for 2025-05-11 08:00:00 via policy: Citel_Diario04
2025-05-26 15:04:04,716 - INFO - 
🔍 Processando boot volume: Banco_BelaTintas (Boot Volume)
2025-05-26 15:04:04,841 - WARNING - ⚠️ Tentativa 1: Limite de requisições. Aguardando 1s...
2025-05-26 15:04:07,230 - WARNING - ⚠️ Tentativa 2: Limite de requisições. Aguardando 2s...
2025-05-26 15:04:10,557 - INFO - ✅ Backup criado: BootBackup-Banco_BelaTintas (Boot Volume)-BKPAUTCITEL-20250526-1504
2025-05-26 15:04:10,857 - WARNING - ⏳ Backup ignorado (estado TERMINATED): Auto-backup for 2025-05-11 08:00:00 via policy: Citel_Diario04
2025-05-26 15:04:10,857 - INFO - 
🔍 Processando boot volume: LinuxTSPlus65_boot_clone2904
2025-05-26 15:04:11,156 - INFO - ✅ Backup criado: BootBackup-LinuxTSPlus65_boot_clone2904-BKPAUTCITEL-20250526-1504
2025-05-26 15:04:11,807 - WARNING - ⏳ Backup ignorado (estado TERMINATED): Auto-backup for 2025-05-11 08:00:00 via policy: Citel_Diario04
2025-05-26 15:04:11,808 - INFO - 
🔍 Processando boot volume: LinuxTSPlus72_boot_clone2904
2025-05-26 15:04:12,104 - INFO - ✅ Backup criado: BootBackup-LinuxTSPlus72_boot_clone2904-BKPAUTCITEL-20250526-1504
2025-05-26 15:04:12,364 - WARNING - ⏳ Backup ignorado (estado TERMINATED): Auto-backup for 2025-05-11 08:00:00 via policy: Citel_Diario04
2025-05-26 15:04:12,364 - INFO - 
🔍 Processando boot volume: Linux-checkdisks (Boot Volume)
2025-05-26 15:04:12,711 - INFO - ✅ Backup criado: BootBackup-Linux-checkdisks (Boot Volume)-BKPAUTCITEL-20250526-1504
2025-05-26 15:04:13,346 - INFO - 
🔍 Processando boot volume: LinuxDataBelaTintas
2025-05-26 15:04:13,650 - INFO - ✅ Backup criado: BootBackup-LinuxDataBelaTintas-BKPAUTCITEL-20250526-1504
2025-05-26 15:04:13,918 - WARNING - ⏳ Backup ignorado (estado TERMINATED): Auto-backup for 2025-05-11 08:00:00 via policy: Citel_Diario04
2025-05-26 15:04:13,919 - INFO - 
🔍 Processando boot volume: LinuxData010
2025-05-26 15:04:14,223 - INFO - ✅ Backup criado: BootBackup-LinuxData010-BKPAUTCITEL-20250526-1504
2025-05-26 15:04:14,884 - WARNING - ⏳ Backup ignorado (estado TERMINATED): Auto-backup for 2025-05-11 08:00:00 via policy: Citel_Diario04
2025-05-26 15:04:14,885 - INFO - 
🔍 Processando boot volume: LinuxData025
2025-05-26 15:04:15,169 - INFO - ✅ Backup criado: BootBackup-LinuxData025-BKPAUTCITEL-20250526-1504
2025-05-26 15:04:15,818 - WARNING - ⏳ Backup ignorado (estado TERMINATED): Auto-backup for 2025-05-11 08:00:00 via policy: Citel_Diario04
2025-05-26 15:04:15,818 - INFO - 
🔍 Processando boot volume: LinuxData004
2025-05-26 15:04:16,126 - INFO - ✅ Backup criado: BootBackup-LinuxData004-BKPAUTCITEL-20250526-1504
2025-05-26 15:04:16,402 - WARNING - ⏳ Backup ignorado (estado TERMINATED): Auto-backup for 2025-05-11 08:00:00 via policy: Citel_Diario04
2025-05-26 15:04:16,402 - INFO - 
🔍 Processando boot volume: LinuxData005
2025-05-26 15:04:16,684 - INFO - ✅ Backup criado: BootBackup-LinuxData005-BKPAUTCITEL-20250526-1504
2025-05-26 15:04:17,314 - WARNING - ⏳ Backup ignorado (estado TERMINATED): Auto-backup for 2025-05-11 08:00:00 via policy: Citel_Diario04
2025-05-26 15:04:17,314 - INFO - 
🔍 Processando boot volume: LinuxData012
2025-05-26 15:04:17,440 - WARNING - ⚠️ Tentativa 1: Limite de requisições. Aguardando 1s...
2025-05-26 15:04:23,448 - WARNING - ⚠️ Tentativa 2: Limite de requisições. Aguardando 2s...
2025-05-26 15:04:27,641 - INFO - ✅ Backup criado: BootBackup-LinuxData012-BKPAUTCITEL-20250526-1504
2025-05-26 15:04:27,924 - WARNING - ⏳ Backup ignorado (estado TERMINATED): Auto-backup for 2025-05-11 08:00:00 via policy: Citel_Diario04
2025-05-26 15:04:27,924 - INFO - 
🔍 Processando boot volume: LinuxData006
2025-05-26 15:04:28,197 - INFO - ✅ Backup criado: BootBackup-LinuxData006-BKPAUTCITEL-20250526-1504
2025-05-26 15:04:28,842 - WARNING - ⏳ Backup ignorado (estado TERMINATED): Auto-backup for 2025-05-11 08:00:00 via policy: Citel_Diario04
2025-05-26 15:04:28,842 - INFO - 
🔍 Processando boot volume: LinuxData013
2025-05-26 15:04:29,152 - INFO - ✅ Backup criado: BootBackup-LinuxData013-BKPAUTCITEL-20250526-1504
2025-05-26 15:04:29,411 - WARNING - ⏳ Backup ignorado (estado TERMINATED): Auto-backup for 2025-05-11 08:00:00 via policy: Citel_Diario04
2025-05-26 15:04:29,411 - INFO - 
🔍 Processando boot volume: LinuxData011
2025-05-26 15:04:29,729 - INFO - ✅ Backup criado: BootBackup-LinuxData011-BKPAUTCITEL-20250526-1504
2025-05-26 15:04:30,356 - WARNING - ⏳ Backup ignorado (estado TERMINATED): Auto-backup for 2025-05-11 08:00:00 via policy: Citel_Diario04
2025-05-26 15:04:30,357 - INFO - 
🔍 Processando boot volume: LinuxData008
2025-05-26 15:04:30,652 - INFO - ✅ Backup criado: BootBackup-LinuxData008-BKPAUTCITEL-20250526-1504
2025-05-26 15:04:30,921 - WARNING - ⏳ Backup ignorado (estado TERMINATED): Auto-backup for 2025-05-11 08:00:00 via policy: Citel_Diario04
2025-05-26 15:04:30,922 - INFO - 
🔍 Processando boot volume: LinuxData007
2025-05-26 15:04:31,218 - INFO - ✅ Backup criado: BootBackup-LinuxData007-BKPAUTCITEL-20250526-1504
2025-05-26 15:04:31,866 - WARNING - ⏳ Backup ignorado (estado TERMINATED): Auto-backup for 2025-05-11 08:00:00 via policy: Citel_Diario04
2025-05-26 15:04:31,866 - INFO - 
🔍 Processando boot volume: LinuxData055
2025-05-26 15:04:31,993 - WARNING - ⚠️ Tentativa 1: Limite de requisições. Aguardando 1s...
2025-05-26 15:04:35,882 - WARNING - ⚠️ Tentativa 2: Limite de requisições. Aguardando 2s...
2025-05-26 15:04:41,943 - WARNING - ⚠️ Tentativa 3: Limite de requisições. Aguardando 4s...
2025-05-26 15:04:49,204 - WARNING - ⚠️ Tentativa 4: Limite de requisições. Aguardando 8s...
2025-05-26 15:05:01,179 - WARNING - ⚠️ Tentativa 5: Limite de requisições. Aguardando 16s...
2025-05-26 15:05:19,586 - WARNING - ⏳ Backup ignorado (estado TERMINATED): Auto-backup for 2025-05-11 08:00:00 via policy: Citel_Diario04
2025-05-26 15:05:19,587 - INFO - 
🔍 Processando boot volume: LinuxData009
2025-05-26 15:05:19,889 - INFO - ✅ Backup criado: BootBackup-LinuxData009-BKPAUTCITEL-20250526-1505
2025-05-26 15:05:20,174 - WARNING - ⏳ Backup ignorado (estado TERMINATED): Auto-backup for 2025-05-11 08:00:00 via policy: Citel_Diario04
2025-05-26 15:05:20,175 - INFO - 
🔍 Processando boot volume: LinuxData014
2025-05-26 15:05:20,463 - INFO - ✅ Backup criado: BootBackup-LinuxData014-BKPAUTCITEL-20250526-1505
2025-05-26 15:05:21,105 - WARNING - ⏳ Backup ignorado (estado TERMINATED): Auto-backup for 2025-05-11 08:00:00 via policy: Citel_Diario04
2025-05-26 15:05:21,106 - INFO - 
🔍 Processando boot volume: LinuxData050
2025-05-26 15:05:21,420 - INFO - ✅ Backup criado: BootBackup-LinuxData050-BKPAUTCITEL-20250526-1505
2025-05-26 15:05:22,078 - WARNING - ⏳ Backup ignorado (estado TERMINATED): Auto-backup for 2025-05-11 08:00:00 via policy: Citel_Diario04
2025-05-26 15:05:22,079 - INFO - 
🔍 Processando boot volume: LinuxData018
2025-05-26 15:05:22,204 - WARNING - ⚠️ Tentativa 1: Limite de requisições. Aguardando 1s...
2025-05-26 15:05:27,198 - INFO - ✅ Backup criado: BootBackup-LinuxData018-BKPAUTCITEL-20250526-1505
2025-05-26 15:05:27,490 - WARNING - ⏳ Backup ignorado (estado TERMINATED): Auto-backup for 2025-05-11 08:00:00 via policy: Citel_Diario04
2025-05-26 15:05:27,490 - INFO - 
🔍 Processando boot volume: LinuxData016
2025-05-26 15:05:27,817 - INFO - ✅ Backup criado: BootBackup-LinuxData016-BKPAUTCITEL-20250526-1505
2025-05-26 15:05:28,445 - WARNING - ⏳ Backup ignorado (estado TERMINATED): Auto-backup for 2025-05-11 08:00:00 via policy: Citel_Diario04
2025-05-26 15:05:28,446 - INFO - 
🔍 Processando boot volume: LinuxData059
2025-05-26 15:05:28,751 - INFO - ✅ Backup criado: BootBackup-LinuxData059-BKPAUTCITEL-20250526-1505
2025-05-26 15:05:29,400 - WARNING - ⏳ Backup ignorado (estado TERMINATED): Auto-backup for 2025-05-11 08:00:00 via policy: Citel_Diario04
2025-05-26 15:05:29,401 - INFO - 
🔍 Processando boot volume: LinuxData037
2025-05-26 15:05:29,680 - INFO - ✅ Backup criado: BootBackup-LinuxData037-BKPAUTCITEL-20250526-1505
2025-05-26 15:05:30,324 - WARNING - ⏳ Backup ignorado (estado TERMINATED): Auto-backup for 2025-05-11 08:00:00 via policy: Citel_Diario04
2025-05-26 15:05:30,325 - INFO - 
🔍 Processando boot volume: LinuxData036
2025-05-26 15:05:30,687 - INFO - ✅ Backup criado: BootBackup-LinuxData036-BKPAUTCITEL-20250526-1505
2025-05-26 15:05:30,946 - WARNING - ⏳ Backup ignorado (estado TERMINATED): Auto-backup for 2025-05-11 08:00:00 via policy: Citel_Diario04
2025-05-26 15:05:30,947 - INFO - 
🔍 Processando boot volume: LinuxData017
2025-05-26 15:05:31,249 - INFO - ✅ Backup criado: BootBackup-LinuxData017-BKPAUTCITEL-20250526-1505
2025-05-26 15:05:31,888 - WARNING - ⏳ Backup ignorado (estado TERMINATED): Auto-backup for 2025-05-11 08:00:00 via policy: Citel_Diario04
2025-05-26 15:05:31,889 - INFO - 
🔍 Processando boot volume: LinuxData041
2025-05-26 15:05:32,211 - INFO - ✅ Backup criado: BootBackup-LinuxData041-BKPAUTCITEL-20250526-1505
2025-05-26 15:05:32,874 - WARNING - ⏳ Backup ignorado (estado TERMINATED): Auto-backup for 2025-05-11 08:00:00 via policy: Citel_Diario04
2025-05-26 15:05:32,874 - INFO - 
🔍 Processando boot volume: LinuxData043
2025-05-26 15:05:33,155 - INFO - ✅ Backup criado: BootBackup-LinuxData043-BKPAUTCITEL-20250526-1505
2025-05-26 15:05:33,806 - WARNING - ⏳ Backup ignorado (estado TERMINATED): Auto-backup for 2025-05-11 08:00:00 via policy: Citel_Diario04
2025-05-26 15:05:33,806 - INFO - 
🔍 Processando boot volume: LinuxData048
2025-05-26 15:05:34,105 - INFO - ✅ Backup criado: BootBackup-LinuxData048-BKPAUTCITEL-20250526-1505
2025-05-26 15:05:34,376 - WARNING - ⏳ Backup ignorado (estado TERMINATED): Auto-backup for 2025-05-11 08:00:00 via policy: Citel_Diario04
2025-05-26 15:05:34,376 - INFO - 
🔍 Processando boot volume: LinuxData032
2025-05-26 15:05:34,693 - INFO - ✅ Backup criado: BootBackup-LinuxData032-BKPAUTCITEL-20250526-1505
2025-05-26 15:05:35,339 - WARNING - ⏳ Backup ignorado (estado TERMINATED): Auto-backup for 2025-05-11 08:00:00 via policy: Citel_Diario04
2025-05-26 15:05:35,340 - INFO - 
🔍 Processando boot volume: LinuxData033
2025-05-26 15:05:35,465 - WARNING - ⚠️ Tentativa 1: Limite de requisições. Aguardando 1s...
2025-05-26 15:05:37,059 - WARNING - ⚠️ Tentativa 2: Limite de requisições. Aguardando 2s...
2025-05-26 15:05:44,119 - WARNING - ⚠️ Tentativa 3: Limite de requisições. Aguardando 4s...
2025-05-26 15:05:51,324 - INFO - ✅ Backup criado: BootBackup-LinuxData033-BKPAUTCITEL-20250526-1505
2025-05-26 15:05:51,991 - WARNING - ⏳ Backup ignorado (estado TERMINATED): Auto-backup for 2025-05-11 08:00:00 via policy: Citel_Diario04
2025-05-26 15:05:51,992 - INFO - 
🔍 Processando boot volume: LinuxData034
2025-05-26 15:05:52,117 - WARNING - ⚠️ Tentativa 1: Limite de requisições. Aguardando 1s...
2025-05-26 15:05:54,119 - WARNING - ⚠️ Tentativa 2: Limite de requisições. Aguardando 2s...
2025-05-26 15:06:00,351 - WARNING - ⚠️ Tentativa 3: Limite de requisições. Aguardando 4s...
2025-05-26 15:06:05,801 - INFO - ✅ Backup criado: BootBackup-LinuxData034-BKPAUTCITEL-20250526-1505
2025-05-26 15:06:06,462 - WARNING - ⏳ Backup ignorado (estado TERMINATED): Auto-backup for 2025-05-11 08:00:00 via policy: Citel_Diario04
2025-05-26 15:06:06,463 - INFO - 
🔍 Processando boot volume: LinuxData029
2025-05-26 15:06:06,587 - WARNING - ⚠️ Tentativa 1: Limite de requisições. Aguardando 1s...
2025-05-26 15:06:08,690 - INFO - ✅ Backup criado: BootBackup-LinuxData029-BKPAUTCITEL-20250526-1506
2025-05-26 15:06:09,392 - WARNING - ⏳ Backup ignorado (estado TERMINATED): Auto-backup for 2025-05-11 08:00:00 via policy: Citel_Diario04
2025-05-26 15:06:09,392 - INFO - 
🔍 Processando boot volume: LinuxData019
2025-05-26 15:06:09,518 - WARNING - ⚠️ Tentativa 1: Limite de requisições. Aguardando 1s...
2025-05-26 15:06:13,689 - WARNING - ⚠️ Tentativa 2: Limite de requisições. Aguardando 2s...
2025-05-26 15:06:19,740 - INFO - ✅ Backup criado: BootBackup-LinuxData019-BKPAUTCITEL-20250526-1506
2025-05-26 15:06:20,389 - WARNING - ⏳ Backup ignorado (estado TERMINATED): Auto-backup for 2025-05-11 08:00:00 via policy: Citel_Diario04
2025-05-26 15:06:20,389 - INFO - 
🔍 Processando boot volume: LinuxData021
2025-05-26 15:06:20,715 - INFO - ✅ Backup criado: BootBackup-LinuxData021-BKPAUTCITEL-20250526-1506
2025-05-26 15:06:20,978 - WARNING - ⏳ Backup ignorado (estado TERMINATED): Auto-backup for 2025-05-11 08:00:00 via policy: Citel_Diario04
2025-05-26 15:06:20,979 - INFO - 
🔍 Processando boot volume: LinuxData022
2025-05-26 15:06:21,271 - INFO - ✅ Backup criado: BootBackup-LinuxData022-BKPAUTCITEL-20250526-1506
2025-05-26 15:06:21,929 - WARNING - ⏳ Backup ignorado (estado TERMINATED): Auto-backup for 2025-05-11 08:00:00 via policy: Citel_Diario04
2025-05-26 15:06:21,929 - INFO - 
🔍 Processando boot volume: LinuxData024
2025-05-26 15:06:22,054 - WARNING - ⚠️ Tentativa 1: Limite de requisições. Aguardando 1s...
2025-05-26 15:06:27,702 - INFO - ✅ Backup criado: BootBackup-LinuxData024-BKPAUTCITEL-20250526-1506
2025-05-26 15:06:28,358 - WARNING - ⏳ Backup ignorado (estado TERMINATED): Auto-backup for 2025-05-11 08:00:00 via policy: Citel_Diario04
2025-05-26 15:06:28,358 - INFO - 
🔍 Processando boot volume: LinuxData020
2025-05-26 15:06:28,642 - INFO - ✅ Backup criado: BootBackup-LinuxData020-BKPAUTCITEL-20250526-1506
2025-05-26 15:06:29,299 - WARNING - ⏳ Backup ignorado (estado TERMINATED): Auto-backup for 2025-05-11 08:00:00 via policy: Citel_Diario04
2025-05-26 15:06:29,300 - INFO - 
🔍 Processando boot volume: LinuxData026
2025-05-26 15:06:29,425 - WARNING - ⚠️ Tentativa 1: Limite de requisições. Aguardando 1s...
2025-05-26 15:06:31,976 - INFO - ✅ Backup criado: BootBackup-LinuxData026-BKPAUTCITEL-20250526-1506
2025-05-26 15:06:32,675 - WARNING - ⏳ Backup ignorado (estado TERMINATED): Auto-backup for 2025-05-11 08:00:00 via policy: Citel_Diario04
2025-05-26 15:06:32,676 - INFO - 
🔍 Processando boot volume: LinuxData028
2025-05-26 15:06:32,801 - WARNING - ⚠️ Tentativa 1: Limite de requisições. Aguardando 1s...
2025-05-26 15:06:34,814 - WARNING - ⚠️ Tentativa 2: Limite de requisições. Aguardando 2s...
2025-05-26 15:06:42,337 - INFO - ✅ Backup criado: BootBackup-LinuxData028-BKPAUTCITEL-20250526-1506
2025-05-26 15:06:42,978 - WARNING - ⏳ Backup ignorado (estado TERMINATED): Auto-backup for 2025-05-11 08:00:00 via policy: Citel_Diario04
2025-05-26 15:06:42,979 - INFO - 
🔍 Processando boot volume: LinuxData030
2025-05-26 15:06:43,272 - INFO - ✅ Backup criado: BootBackup-LinuxData030-BKPAUTCITEL-20250526-1506
2025-05-26 15:06:43,917 - WARNING - ⏳ Backup ignorado (estado TERMINATED): Auto-backup for 2025-05-11 08:00:00 via policy: Citel_Diario04
2025-05-26 15:06:43,918 - INFO - 
🔍 Processando boot volume: LinuxData040
2025-05-26 15:06:44,045 - WARNING - ⚠️ Tentativa 1: Limite de requisições. Aguardando 1s...
2025-05-26 15:06:47,975 - INFO - ✅ Backup criado: BootBackup-LinuxData040-BKPAUTCITEL-20250526-1506
2025-05-26 15:06:48,610 - WARNING - ⏳ Backup ignorado (estado TERMINATED): Auto-backup for 2025-05-11 08:00:00 via policy: Citel_Diario04
2025-05-26 15:06:48,611 - INFO - 
🔍 Processando boot volume: LinuxData065
2025-05-26 15:06:48,742 - WARNING - ⚠️ Tentativa 1: Limite de requisições. Aguardando 1s...
2025-05-26 15:06:51,238 - WARNING - ⚠️ Tentativa 2: Limite de requisições. Aguardando 2s...
2025-05-26 15:06:55,034 - WARNING - ⚠️ Tentativa 3: Limite de requisições. Aguardando 4s...
2025-05-26 15:07:02,514 - WARNING - ⚠️ Tentativa 4: Limite de requisições. Aguardando 8s...
2025-05-26 15:07:13,929 - INFO - ✅ Backup criado: BootBackup-LinuxData065-BKPAUTCITEL-20250526-1506
2025-05-26 15:07:14,579 - WARNING - ⏳ Backup ignorado (estado TERMINATED): Auto-backup for 2025-05-11 08:00:00 via policy: Citel_Diario04
2025-05-26 15:07:14,579 - INFO - 
🔍 Processando boot volume: LinuxData072
2025-05-26 15:07:14,704 - WARNING - ⚠️ Tentativa 1: Limite de requisições. Aguardando 1s...
2025-05-26 15:07:20,063 - WARNING - ⚠️ Tentativa 2: Limite de requisições. Aguardando 2s...
2025-05-26 15:07:24,248 - INFO - ✅ Backup criado: BootBackup-LinuxData072-BKPAUTCITEL-20250526-1507
2025-05-26 15:07:24,885 - WARNING - ⏳ Backup ignorado (estado TERMINATED): Auto-backup for 2025-05-11 08:00:00 via policy: Citel_Diario04
2025-05-26 15:07:24,886 - INFO - 
🔍 Processando boot volume: LinuxData001
2025-05-26 15:07:25,202 - INFO - ✅ Backup criado: BootBackup-LinuxData001-BKPAUTCITEL-20250526-1507
2025-05-26 15:07:25,831 - WARNING - ⏳ Backup ignorado (estado TERMINATED): Auto-backup for 2025-05-11 08:00:00 via policy: Citel_Diario04
2025-05-26 15:07:25,832 - INFO - 
🔍 Processando boot volume: LinuxData002
2025-05-26 15:07:25,957 - WARNING - ⚠️ Tentativa 1: Limite de requisições. Aguardando 1s...
2025-05-26 15:07:28,127 - INFO - ✅ Backup criado: BootBackup-LinuxData002-BKPAUTCITEL-20250526-1507
2025-05-26 15:07:28,787 - WARNING - ⏳ Backup ignorado (estado TERMINATED): Auto-backup for 2025-05-11 08:00:00 via policy: Citel_Diario04
2025-05-26 15:07:28,787 - INFO - 
🔍 Processando boot volume: LinuxTSPlus20_boot_clone0105
2025-05-26 15:07:29,098 - INFO - ✅ Backup criado: BootBackup-LinuxTSPlus20_boot_clone0105-BKPAUTCITEL-20250526-1507
2025-05-26 15:07:29,751 - INFO - 
🔍 Processando boot volume: LinuxData013_clone06052025
2025-05-26 15:07:30,047 - INFO - ✅ Backup criado: BootBackup-LinuxData013_clone06052025-BKPAUTCITEL-20250526-1507
2025-05-26 15:07:30,666 - INFO - 
🔁 Tentando novamente os backups que falharam...
2025-05-26 15:07:30,666 - INFO - 
🔄 Reprocessando: LinuxData055
2025-05-26 15:07:30,968 - INFO - ✅ Backup criado: BootBackup-LinuxData055-BKPAUTCITEL-20250526-1507
2025-05-26 15:07:30,968 - INFO - 
✅ Execução concluída com sucesso
