2025-05-26 11:01:00,956 - INFO - 
🔍 Processando boot volume: LinuxTSPlus20
2025-05-26 11:01:01,368 - INFO - ✅ Backup criado: BootBackup-LinuxTSPlus20-BKPAUTCITEL-20250526-1101
2025-05-26 11:01:01,634 - WARNING - ⏳ Backup ignorado (estado TERMINATED): Auto-backup for 2025-05-11 08:00:00 via policy: Citel_Diario04
2025-05-26 11:01:01,634 - INFO - 
🔍 Processando boot volume: LinuxTSPlus1
2025-05-26 11:01:01,969 - INFO - ✅ Backup criado: BootBackup-LinuxTSPlus1-BKPAUTCITEL-20250526-1101
2025-05-26 11:01:02,645 - WARNING - ⏳ Backup ignorado (estado TERMINATED): Auto-backup for 2025-05-11 08:00:00 via policy: Citel_Diario04
2025-05-26 11:01:02,645 - INFO - 
🔍 Processando boot volume: LinuxTSPlus2
2025-05-26 11:01:03,010 - INFO - ✅ Backup criado: BootBackup-LinuxTSPlus2-BKPAUTCITEL-20250526-1101
2025-05-26 11:01:03,293 - WARNING - ⏳ Backup ignorado (estado TERMINATED): Auto-backup for 2025-05-11 08:00:00 via policy: Citel_Diario04
2025-05-26 11:01:03,294 - INFO - 
🔍 Processando boot volume: LinuxTSPlus4
2025-05-26 11:01:03,656 - INFO - ✅ Backup criado: BootBackup-LinuxTSPlus4-BKPAUTCITEL-20250526-1101
2025-05-26 11:01:04,305 - WARNING - ⏳ Backup ignorado (estado TERMINATED): Auto-backup for 2025-05-11 08:00:00 via policy: Citel_Diario04
2025-05-26 11:01:04,306 - INFO - 
🔍 Processando boot volume: LinuxTSPlus6
2025-05-26 11:01:04,731 - INFO - ✅ Backup criado: BootBackup-LinuxTSPlus6-BKPAUTCITEL-20250526-1101
2025-05-26 11:01:04,995 - WARNING - ⏳ Backup ignorado (estado TERMINATED): Auto-backup for 2025-05-11 08:00:00 via policy: Citel_Diario04
2025-05-26 11:01:04,995 - INFO - 
🔍 Processando boot volume: Temp-Subida_G_e_B (Boot Volume)
2025-05-26 11:01:05,396 - INFO - ✅ Backup criado: BootBackup-Temp-Subida_G_e_B (Boot Volume)-BKPAUTCITEL-20250526-1101
2025-05-26 11:01:06,074 - WARNING - ⏳ Backup ignorado (estado TERMINATED): Auto-backup for 2025-05-11 08:00:00 via policy: Citel_Diario04
2025-05-26 11:01:06,074 - INFO - 
🔍 Processando boot volume: Banco_BelaTintas (Boot Volume)
2025-05-26 11:01:06,382 - INFO - ✅ Backup criado: BootBackup-Banco_BelaTintas (Boot Volume)-BKPAUTCITEL-20250526-1101
2025-05-26 11:01:06,647 - WARNING - ⏳ Backup ignorado (estado TERMINATED): Auto-backup for 2025-05-11 08:00:00 via policy: Citel_Diario04
2025-05-26 11:01:06,647 - INFO - 
🔍 Processando boot volume: LinuxTSPlus12_boot_clone2904
2025-05-26 11:01:06,962 - INFO - ✅ Backup criado: BootBackup-LinuxTSPlus12_boot_clone2904-BKPAUTCITEL-20250526-1101
2025-05-26 11:01:07,604 - WARNING - ⏳ Backup ignorado (estado TERMINATED): Auto-backup for 2025-05-11 08:00:00 via policy: Citel_Diario04
2025-05-26 11:01:07,605 - INFO - 
🔍 Processando boot volume: LinuxTSPlus65_boot_clone2904
2025-05-26 11:01:08,142 - INFO - ✅ Backup criado: BootBackup-LinuxTSPlus65_boot_clone2904-BKPAUTCITEL-20250526-1101
2025-05-26 11:01:08,394 - WARNING - ⏳ Backup ignorado (estado TERMINATED): Auto-backup for 2025-05-11 08:00:00 via policy: Citel_Diario04
2025-05-26 11:01:08,395 - INFO - 
🔍 Processando boot volume: LinuxTSPlus72_boot_clone2904
2025-05-26 11:01:08,764 - INFO - ✅ Backup criado: BootBackup-LinuxTSPlus72_boot_clone2904-BKPAUTCITEL-20250526-1101
2025-05-26 11:01:09,410 - WARNING - ⏳ Backup ignorado (estado TERMINATED): Auto-backup for 2025-05-11 08:00:00 via policy: Citel_Diario04
2025-05-26 11:01:09,410 - INFO - 
🔍 Processando boot volume: LinuxTSPlus43_boot_clone2904
2025-05-26 11:01:09,759 - INFO - ✅ Backup criado: BootBackup-LinuxTSPlus43_boot_clone2904-BKPAUTCITEL-20250526-1101
2025-05-26 11:01:10,033 - WARNING - ⏳ Backup ignorado (estado TERMINATED): Auto-backup for 2025-05-11 08:00:00 via policy: Citel_Diario04
2025-05-26 11:01:10,034 - INFO - 
🔍 Processando boot volume: LinuxTSPlus50_boot_clone2904
2025-05-26 11:01:10,334 - INFO - ✅ Backup criado: BootBackup-LinuxTSPlus50_boot_clone2904-BKPAUTCITEL-20250526-1101
2025-05-26 11:01:11,022 - WARNING - ⏳ Backup ignorado (estado TERMINATED): Auto-backup for 2025-05-11 08:00:00 via policy: Citel_Diario04
2025-05-26 11:01:11,022 - INFO - 
🔍 Processando boot volume: LinuxTSPlus37_boot_clone2904
2025-05-26 11:01:11,384 - INFO - ✅ Backup criado: BootBackup-LinuxTSPlus37_boot_clone2904-BKPAUTCITEL-20250526-1101
2025-05-26 11:01:11,635 - WARNING - ⏳ Backup ignorado (estado TERMINATED): Auto-backup for 2025-05-11 08:00:00 via policy: Citel_Diario04
2025-05-26 11:01:11,635 - INFO - 
🔍 Processando boot volume: LinuxTSPlus32_boot_clone2904
2025-05-26 11:01:11,991 - INFO - ✅ Backup criado: BootBackup-LinuxTSPlus32_boot_clone2904-BKPAUTCITEL-20250526-1101
2025-05-26 11:01:12,654 - WARNING - ⏳ Backup ignorado (estado TERMINATED): Auto-backup for 2025-05-11 08:00:00 via policy: Citel_Diario04
2025-05-26 11:01:12,654 - INFO - 
🔍 Processando boot volume: LinuxTSPlus13_boot_clone2904
2025-05-26 11:01:12,780 - WARNING - ⚠️ Tentativa 1: Limite de requisições. Aguardando 1s...
2025-05-26 11:01:15,367 - INFO - ✅ Backup criado: BootBackup-LinuxTSPlus13_boot_clone2904-BKPAUTCITEL-20250526-1101
2025-05-26 11:01:15,642 - WARNING - ⏳ Backup ignorado (estado TERMINATED): Auto-backup for 2025-05-11 08:00:00 via policy: Citel_Diario04
2025-05-26 11:01:15,642 - INFO - 
🔍 Processando boot volume: LinuxTSPlus16_boot_clone2904
2025-05-26 11:01:15,970 - INFO - ✅ Backup criado: BootBackup-LinuxTSPlus16_boot_clone2904-BKPAUTCITEL-20250526-1101
2025-05-26 11:01:16,657 - WARNING - ⏳ Backup ignorado (estado TERMINATED): Auto-backup for 2025-05-11 08:00:00 via policy: Citel_Diario04
2025-05-26 11:01:16,658 - INFO - 
🔍 Processando boot volume: Linux-checkdisks (Boot Volume)
2025-05-26 11:01:16,988 - INFO - ✅ Backup criado: BootBackup-Linux-checkdisks (Boot Volume)-BKPAUTCITEL-20250526-1101
2025-05-26 11:01:17,245 - INFO - 
🔍 Processando boot volume: LinuxDataBelaTintas
2025-05-26 11:01:17,582 - INFO - ✅ Backup criado: BootBackup-LinuxDataBelaTintas-BKPAUTCITEL-20250526-1101
2025-05-26 11:01:18,222 - WARNING - ⏳ Backup ignorado (estado TERMINATED): Auto-backup for 2025-05-11 08:00:00 via policy: Citel_Diario04
2025-05-26 11:01:18,222 - INFO - 
🔍 Processando boot volume: LinuxData010
2025-05-26 11:01:18,548 - INFO - ✅ Backup criado: BootBackup-LinuxData010-BKPAUTCITEL-20250526-1101
2025-05-26 11:01:18,800 - WARNING - ⏳ Backup ignorado (estado TERMINATED): Auto-backup for 2025-05-11 08:00:00 via policy: Citel_Diario04
2025-05-26 11:01:18,800 - INFO - 
🔍 Processando boot volume: LinuxData025
2025-05-26 11:01:19,087 - INFO - ✅ Backup criado: BootBackup-LinuxData025-BKPAUTCITEL-20250526-1101
2025-05-26 11:01:19,742 - WARNING - ⏳ Backup ignorado (estado TERMINATED): Auto-backup for 2025-05-11 08:00:00 via policy: Citel_Diario04
2025-05-26 11:01:19,743 - INFO - 
🔍 Processando boot volume: LinuxData004
2025-05-26 11:01:19,868 - WARNING - ⚠️ Tentativa 1: Limite de requisições. Aguardando 1s...
2025-05-26 11:01:21,920 - INFO - ✅ Backup criado: BootBackup-LinuxData004-BKPAUTCITEL-20250526-1101
2025-05-26 11:01:22,211 - WARNING - ⏳ Backup ignorado (estado TERMINATED): Auto-backup for 2025-05-11 08:00:00 via policy: Citel_Diario04
2025-05-26 11:01:22,212 - INFO - 
🔍 Processando boot volume: LinuxData005
2025-05-26 11:01:22,552 - INFO - ✅ Backup criado: BootBackup-LinuxData005-BKPAUTCITEL-20250526-1101
2025-05-26 11:01:23,180 - WARNING - ⏳ Backup ignorado (estado TERMINATED): Auto-backup for 2025-05-11 08:00:00 via policy: Citel_Diario04
2025-05-26 11:01:23,180 - INFO - 
🔍 Processando boot volume: LinuxData012
2025-05-26 11:01:23,305 - WARNING - ⚠️ Tentativa 1: Limite de requisições. Aguardando 1s...
2025-05-26 11:01:29,665 - WARNING - ⚠️ Tentativa 2: Limite de requisições. Aguardando 2s...
2025-05-26 11:01:35,477 - WARNING - ⚠️ Tentativa 3: Limite de requisições. Aguardando 4s...
2025-05-26 11:01:41,261 - INFO - ✅ Backup criado: BootBackup-LinuxData012-BKPAUTCITEL-20250526-1101
2025-05-26 11:01:41,510 - WARNING - ⏳ Backup ignorado (estado TERMINATED): Auto-backup for 2025-05-11 08:00:00 via policy: Citel_Diario04
2025-05-26 11:01:41,510 - INFO - 
🔍 Processando boot volume: LinuxData006
2025-05-26 11:01:41,813 - INFO - ✅ Backup criado: BootBackup-LinuxData006-BKPAUTCITEL-20250526-1101
2025-05-26 11:01:42,453 - WARNING - ⏳ Backup ignorado (estado TERMINATED): Auto-backup for 2025-05-11 08:00:00 via policy: Citel_Diario04
2025-05-26 11:01:42,454 - INFO - 
🔍 Processando boot volume: LinuxData013
2025-05-26 11:01:42,578 - WARNING - ⚠️ Tentativa 1: Limite de requisições. Aguardando 1s...
2025-05-26 11:01:46,348 - WARNING - ⚠️ Tentativa 2: Limite de requisições. Aguardando 2s...
2025-05-26 11:01:49,276 - WARNING - ⚠️ Tentativa 3: Limite de requisições. Aguardando 4s...
2025-05-26 11:01:56,756 - WARNING - ⚠️ Tentativa 4: Limite de requisições. Aguardando 8s...
2025-05-26 11:02:05,677 - WARNING - ⚠️ Tentativa 5: Limite de requisições. Aguardando 16s...
2025-05-26 11:02:24,679 - WARNING - ⏳ Backup ignorado (estado TERMINATED): Auto-backup for 2025-05-11 08:00:00 via policy: Citel_Diario04
2025-05-26 11:02:24,680 - INFO - 
🔍 Processando boot volume: LinuxData011
2025-05-26 11:02:25,096 - INFO - ✅ Backup criado: BootBackup-LinuxData011-BKPAUTCITEL-20250526-1102
2025-05-26 11:02:25,343 - WARNING - ⏳ Backup ignorado (estado TERMINATED): Auto-backup for 2025-05-11 08:00:00 via policy: Citel_Diario04
2025-05-26 11:02:25,343 - INFO - 
🔍 Processando boot volume: LinuxData008
2025-05-26 11:02:25,701 - INFO - ✅ Backup criado: BootBackup-LinuxData008-BKPAUTCITEL-20250526-1102
2025-05-26 11:02:26,330 - WARNING - ⏳ Backup ignorado (estado TERMINATED): Auto-backup for 2025-05-11 08:00:00 via policy: Citel_Diario04
2025-05-26 11:02:26,331 - INFO - 
🔍 Processando boot volume: LinuxData007
2025-05-26 11:02:26,643 - INFO - ✅ Backup criado: BootBackup-LinuxData007-BKPAUTCITEL-20250526-1102
2025-05-26 11:02:27,324 - WARNING - ⏳ Backup ignorado (estado TERMINATED): Auto-backup for 2025-05-11 08:00:00 via policy: Citel_Diario04
2025-05-26 11:02:27,324 - INFO - 
🔍 Processando boot volume: LinuxData055
2025-05-26 11:02:27,636 - INFO - ✅ Backup criado: BootBackup-LinuxData055-BKPAUTCITEL-20250526-1102
2025-05-26 11:02:27,928 - WARNING - ⏳ Backup ignorado (estado TERMINATED): Auto-backup for 2025-05-11 08:00:00 via policy: Citel_Diario04
2025-05-26 11:02:27,928 - INFO - 
🔍 Processando boot volume: LinuxData009
2025-05-26 11:02:28,236 - INFO - ✅ Backup criado: BootBackup-LinuxData009-BKPAUTCITEL-20250526-1102
2025-05-26 11:02:28,881 - WARNING - ⏳ Backup ignorado (estado TERMINATED): Auto-backup for 2025-05-11 08:00:00 via policy: Citel_Diario04
2025-05-26 11:02:28,881 - INFO - 
🔍 Processando boot volume: LinuxData014
2025-05-26 11:02:29,009 - WARNING - ⚠️ Tentativa 1: Limite de requisições. Aguardando 1s...
2025-05-26 11:02:33,491 - INFO - ✅ Backup criado: BootBackup-LinuxData014-BKPAUTCITEL-20250526-1102
2025-05-26 11:02:34,138 - WARNING - ⏳ Backup ignorado (estado TERMINATED): Auto-backup for 2025-05-11 08:00:00 via policy: Citel_Diario04
2025-05-26 11:02:34,138 - INFO - 
🔍 Processando boot volume: LinuxData050
2025-05-26 11:02:34,474 - INFO - ✅ Backup criado: BootBackup-LinuxData050-BKPAUTCITEL-20250526-1102
2025-05-26 11:02:35,140 - WARNING - ⏳ Backup ignorado (estado TERMINATED): Auto-backup for 2025-05-11 08:00:00 via policy: Citel_Diario04
2025-05-26 11:02:35,140 - INFO - 
🔍 Processando boot volume: LinuxData018
2025-05-26 11:02:35,266 - WARNING - ⚠️ Tentativa 1: Limite de requisições. Aguardando 1s...
2025-05-26 11:02:41,214 - INFO - ✅ Backup criado: BootBackup-LinuxData018-BKPAUTCITEL-20250526-1102
2025-05-26 11:02:41,858 - WARNING - ⏳ Backup ignorado (estado TERMINATED): Auto-backup for 2025-05-11 08:00:00 via policy: Citel_Diario04
2025-05-26 11:02:41,859 - INFO - 
🔍 Processando boot volume: LinuxData016
2025-05-26 11:02:41,983 - WARNING - ⚠️ Tentativa 1: Limite de requisições. Aguardando 1s...
2025-05-26 11:02:45,610 - WARNING - ⚠️ Tentativa 2: Limite de requisições. Aguardando 2s...
2025-05-26 11:02:48,686 - INFO - ✅ Backup criado: BootBackup-LinuxData016-BKPAUTCITEL-20250526-1102
2025-05-26 11:02:49,344 - WARNING - ⏳ Backup ignorado (estado TERMINATED): Auto-backup for 2025-05-11 08:00:00 via policy: Citel_Diario04
2025-05-26 11:02:49,344 - INFO - 
🔍 Processando boot volume: LinuxData059
2025-05-26 11:02:49,469 - WARNING - ⚠️ Tentativa 1: Limite de requisições. Aguardando 1s...
2025-05-26 11:02:51,132 - WARNING - ⚠️ Tentativa 2: Limite de requisições. Aguardando 2s...
2025-05-26 11:02:55,332 - INFO - ✅ Backup criado: BootBackup-LinuxData059-BKPAUTCITEL-20250526-1102
2025-05-26 11:02:55,590 - WARNING - ⏳ Backup ignorado (estado TERMINATED): Auto-backup for 2025-05-11 08:00:00 via policy: Citel_Diario04
2025-05-26 11:02:55,590 - INFO - 
🔍 Processando boot volume: LinuxData037
2025-05-26 11:02:55,909 - INFO - ✅ Backup criado: BootBackup-LinuxData037-BKPAUTCITEL-20250526-1102
2025-05-26 11:02:56,559 - WARNING - ⏳ Backup ignorado (estado TERMINATED): Auto-backup for 2025-05-11 08:00:00 via policy: Citel_Diario04
2025-05-26 11:02:56,559 - INFO - 
🔍 Processando boot volume: LinuxData036
2025-05-26 11:02:56,684 - WARNING - ⚠️ Tentativa 1: Limite de requisições. Aguardando 1s...
2025-05-26 11:03:02,806 - WARNING - ⚠️ Tentativa 2: Limite de requisições. Aguardando 2s...
2025-05-26 11:03:08,920 - INFO - ✅ Backup criado: BootBackup-LinuxData036-BKPAUTCITEL-20250526-1102
2025-05-26 11:03:09,567 - WARNING - ⏳ Backup ignorado (estado TERMINATED): Auto-backup for 2025-05-11 08:00:00 via policy: Citel_Diario04
2025-05-26 11:03:09,567 - INFO - 
🔍 Processando boot volume: LinuxData017
2025-05-26 11:03:09,863 - INFO - ✅ Backup criado: BootBackup-LinuxData017-BKPAUTCITEL-20250526-1103
2025-05-26 11:03:10,497 - WARNING - ⏳ Backup ignorado (estado TERMINATED): Auto-backup for 2025-05-11 08:00:00 via policy: Citel_Diario04
2025-05-26 11:03:10,498 - INFO - 
🔍 Processando boot volume: LinuxData041
2025-05-26 11:03:10,622 - WARNING - ⚠️ Tentativa 1: Limite de requisições. Aguardando 1s...
2025-05-26 11:03:13,760 - INFO - ✅ Backup criado: BootBackup-LinuxData041-BKPAUTCITEL-20250526-1103
2025-05-26 11:03:14,413 - WARNING - ⏳ Backup ignorado (estado TERMINATED): Auto-backup for 2025-05-11 08:00:00 via policy: Citel_Diario04
2025-05-26 11:03:14,414 - INFO - 
🔍 Processando boot volume: LinuxData043
2025-05-26 11:03:14,539 - WARNING - ⚠️ Tentativa 1: Limite de requisições. Aguardando 1s...
2025-05-26 11:03:17,855 - WARNING - ⚠️ Tentativa 2: Limite de requisições. Aguardando 2s...
2025-05-26 11:03:25,538 - INFO - ✅ Backup criado: BootBackup-LinuxData043-BKPAUTCITEL-20250526-1103
2025-05-26 11:03:26,190 - WARNING - ⏳ Backup ignorado (estado TERMINATED): Auto-backup for 2025-05-11 08:00:00 via policy: Citel_Diario04
2025-05-26 11:03:26,191 - INFO - 
🔍 Processando boot volume: LinuxData048
2025-05-26 11:03:26,316 - WARNING - ⚠️ Tentativa 1: Limite de requisições. Aguardando 1s...
2025-05-26 11:03:28,447 - INFO - ✅ Backup criado: BootBackup-LinuxData048-BKPAUTCITEL-20250526-1103
2025-05-26 11:03:29,091 - WARNING - ⏳ Backup ignorado (estado TERMINATED): Auto-backup for 2025-05-11 08:00:00 via policy: Citel_Diario04
2025-05-26 11:03:29,092 - INFO - 
🔍 Processando boot volume: LinuxData032
2025-05-26 11:03:29,219 - WARNING - ⚠️ Tentativa 1: Limite de requisições. Aguardando 1s...
2025-05-26 11:03:32,793 - INFO - ✅ Backup criado: BootBackup-LinuxData032-BKPAUTCITEL-20250526-1103
2025-05-26 11:03:33,466 - WARNING - ⏳ Backup ignorado (estado TERMINATED): Auto-backup for 2025-05-11 08:00:00 via policy: Citel_Diario04
2025-05-26 11:03:33,467 - INFO - 
🔍 Processando boot volume: LinuxData033
2025-05-26 11:03:33,779 - INFO - ✅ Backup criado: BootBackup-LinuxData033-BKPAUTCITEL-20250526-1103
2025-05-26 11:03:34,429 - WARNING - ⏳ Backup ignorado (estado TERMINATED): Auto-backup for 2025-05-11 08:00:00 via policy: Citel_Diario04
2025-05-26 11:03:34,429 - INFO - 
🔍 Processando boot volume: LinuxData034
2025-05-26 11:03:34,554 - WARNING - ⚠️ Tentativa 1: Limite de requisições. Aguardando 1s...
2025-05-26 11:03:36,830 - INFO - ✅ Backup criado: BootBackup-LinuxData034-BKPAUTCITEL-20250526-1103
2025-05-26 11:03:37,465 - WARNING - ⏳ Backup ignorado (estado TERMINATED): Auto-backup for 2025-05-11 08:00:00 via policy: Citel_Diario04
2025-05-26 11:03:37,466 - INFO - 
🔍 Processando boot volume: LinuxData029
2025-05-26 11:03:37,591 - WARNING - ⚠️ Tentativa 1: Limite de requisições. Aguardando 1s...
2025-05-26 11:03:40,983 - INFO - ✅ Backup criado: BootBackup-LinuxData029-BKPAUTCITEL-20250526-1103
2025-05-26 11:03:41,271 - WARNING - ⏳ Backup ignorado (estado TERMINATED): Auto-backup for 2025-05-11 08:00:00 via policy: Citel_Diario04
2025-05-26 11:03:41,271 - INFO - 
🔍 Processando boot volume: LinuxData019
2025-05-26 11:03:41,559 - INFO - ✅ Backup criado: BootBackup-LinuxData019-BKPAUTCITEL-20250526-1103
2025-05-26 11:03:42,206 - WARNING - ⏳ Backup ignorado (estado TERMINATED): Auto-backup for 2025-05-11 08:00:00 via policy: Citel_Diario04
2025-05-26 11:03:42,207 - INFO - 
🔍 Processando boot volume: LinuxData021
2025-05-26 11:03:42,331 - WARNING - ⚠️ Tentativa 1: Limite de requisições. Aguardando 1s...
2025-05-26 11:03:46,254 - WARNING - ⚠️ Tentativa 2: Limite de requisições. Aguardando 2s...
2025-05-26 11:03:53,499 - INFO - ✅ Backup criado: BootBackup-LinuxData021-BKPAUTCITEL-20250526-1103
2025-05-26 11:03:54,149 - WARNING - ⏳ Backup ignorado (estado TERMINATED): Auto-backup for 2025-05-11 08:00:00 via policy: Citel_Diario04
2025-05-26 11:03:54,149 - INFO - 
🔍 Processando boot volume: LinuxData022
2025-05-26 11:03:54,274 - WARNING - ⚠️ Tentativa 1: Limite de requisições. Aguardando 1s...
2025-05-26 11:03:58,983 - WARNING - ⚠️ Tentativa 2: Limite de requisições. Aguardando 2s...
2025-05-26 11:04:04,234 - INFO - ✅ Backup criado: BootBackup-LinuxData022-BKPAUTCITEL-20250526-1103
2025-05-26 11:04:04,523 - WARNING - ⏳ Backup ignorado (estado TERMINATED): Auto-backup for 2025-05-11 08:00:00 via policy: Citel_Diario04
2025-05-26 11:04:04,523 - INFO - 
🔍 Processando boot volume: LinuxData024
2025-05-26 11:04:04,827 - INFO - ✅ Backup criado: BootBackup-LinuxData024-BKPAUTCITEL-20250526-1104
2025-05-26 11:04:05,476 - WARNING - ⏳ Backup ignorado (estado TERMINATED): Auto-backup for 2025-05-11 08:00:00 via policy: Citel_Diario04
2025-05-26 11:04:05,477 - INFO - 
🔍 Processando boot volume: LinuxData020
2025-05-26 11:04:05,776 - INFO - ✅ Backup criado: BootBackup-LinuxData020-BKPAUTCITEL-20250526-1104
2025-05-26 11:04:06,450 - WARNING - ⏳ Backup ignorado (estado TERMINATED): Auto-backup for 2025-05-11 08:00:00 via policy: Citel_Diario04
2025-05-26 11:04:06,451 - INFO - 
🔍 Processando boot volume: LinuxData026
2025-05-26 11:04:06,768 - INFO - ✅ Backup criado: BootBackup-LinuxData026-BKPAUTCITEL-20250526-1104
2025-05-26 11:04:07,410 - WARNING - ⏳ Backup ignorado (estado TERMINATED): Auto-backup for 2025-05-11 08:00:00 via policy: Citel_Diario04
2025-05-26 11:04:07,411 - INFO - 
🔍 Processando boot volume: LinuxData028
2025-05-26 11:04:07,703 - INFO - ✅ Backup criado: BootBackup-LinuxData028-BKPAUTCITEL-20250526-1104
2025-05-26 11:04:08,348 - WARNING - ⏳ Backup ignorado (estado TERMINATED): Auto-backup for 2025-05-11 08:00:00 via policy: Citel_Diario04
2025-05-26 11:04:08,348 - INFO - 
🔍 Processando boot volume: LinuxData030
2025-05-26 11:04:08,641 - INFO - ✅ Backup criado: BootBackup-LinuxData030-BKPAUTCITEL-20250526-1104
2025-05-26 11:04:09,283 - WARNING - ⏳ Backup ignorado (estado TERMINATED): Auto-backup for 2025-05-11 08:00:00 via policy: Citel_Diario04
2025-05-26 11:04:09,283 - INFO - 
🔍 Processando boot volume: LinuxData040
2025-05-26 11:04:09,408 - WARNING - ⚠️ Tentativa 1: Limite de requisições. Aguardando 1s...
2025-05-26 11:04:13,455 - INFO - ✅ Backup criado: BootBackup-LinuxData040-BKPAUTCITEL-20250526-1104
2025-05-26 11:04:14,086 - WARNING - ⏳ Backup ignorado (estado TERMINATED): Auto-backup for 2025-05-11 08:00:00 via policy: Citel_Diario04
2025-05-26 11:04:14,087 - INFO - 
🔍 Processando boot volume: LinuxData065
2025-05-26 11:04:14,227 - WARNING - ⚠️ Tentativa 1: Limite de requisições. Aguardando 1s...
2025-05-26 11:04:20,750 - INFO - ✅ Backup criado: BootBackup-LinuxData065-BKPAUTCITEL-20250526-1104
2025-05-26 11:04:21,430 - WARNING - ⏳ Backup ignorado (estado TERMINATED): Auto-backup for 2025-05-11 08:00:00 via policy: Citel_Diario04
2025-05-26 11:04:21,430 - INFO - 
🔍 Processando boot volume: LinuxData072
2025-05-26 11:04:21,738 - INFO - ✅ Backup criado: BootBackup-LinuxData072-BKPAUTCITEL-20250526-1104
2025-05-26 11:04:22,383 - WARNING - ⏳ Backup ignorado (estado TERMINATED): Auto-backup for 2025-05-11 08:00:00 via policy: Citel_Diario04
2025-05-26 11:04:22,383 - INFO - 
🔍 Processando boot volume: LinuxData001
2025-05-26 11:04:22,508 - WARNING - ⚠️ Tentativa 1: Limite de requisições. Aguardando 1s...
2025-05-26 11:04:28,106 - WARNING - ⚠️ Tentativa 2: Limite de requisições. Aguardando 2s...
2025-05-26 11:04:34,067 - INFO - ✅ Backup criado: BootBackup-LinuxData001-BKPAUTCITEL-20250526-1104
2025-05-26 11:04:34,710 - WARNING - ⏳ Backup ignorado (estado TERMINATED): Auto-backup for 2025-05-11 08:00:00 via policy: Citel_Diario04
2025-05-26 11:04:34,710 - INFO - 
🔍 Processando boot volume: LinuxData002
2025-05-26 11:04:34,836 - WARNING - ⚠️ Tentativa 1: Limite de requisições. Aguardando 1s...
2025-05-26 11:04:38,170 - WARNING - ⚠️ Tentativa 2: Limite de requisições. Aguardando 2s...
2025-05-26 11:04:42,939 - INFO - ✅ Backup criado: BootBackup-LinuxData002-BKPAUTCITEL-20250526-1104
2025-05-26 11:04:43,554 - WARNING - ⏳ Backup ignorado (estado TERMINATED): Auto-backup for 2025-05-11 08:00:00 via policy: Citel_Diario04
2025-05-26 11:04:43,555 - INFO - 
🔍 Processando boot volume: LinuxTSPlus20_boot_clone0105
2025-05-26 11:04:43,679 - WARNING - ⚠️ Tentativa 1: Limite de requisições. Aguardando 1s...
2025-05-26 11:04:47,262 - INFO - ✅ Backup criado: BootBackup-LinuxTSPlus20_boot_clone0105-BKPAUTCITEL-20250526-1104
2025-05-26 11:04:47,874 - INFO - 
🔍 Processando boot volume: LinuxData013_clone06052025
2025-05-26 11:04:48,173 - INFO - ✅ Backup criado: BootBackup-LinuxData013_clone06052025-BKPAUTCITEL-20250526-1104
2025-05-26 11:04:48,792 - INFO - 
🔁 Tentando novamente os backups que falharam...
2025-05-26 11:04:48,793 - INFO - 
🔄 Reprocessando: LinuxData013
2025-05-26 11:04:49,086 - INFO - ✅ Backup criado: BootBackup-LinuxData013-BKPAUTCITEL-20250526-1104
2025-05-26 11:04:49,086 - INFO - 
✅ Execução concluída com sucesso
