2025-05-26 12:03:11,520 - INFO - 
🔍 Processando boot volume: LinuxTSPlus20
2025-05-26 12:03:11,856 - INFO - ✅ Backup criado: BootBackup-LinuxTSPlus20-BKPAUTCITEL-20250526-1203
2025-05-26 12:03:12,129 - WARNING - ⏳ Backup ignorado (estado TERMINATED): Auto-backup for 2025-05-11 08:00:00 via policy: Citel_Diario04
2025-05-26 12:03:12,130 - INFO - 
🔍 Processando boot volume: LinuxTSPlus1
2025-05-26 12:03:12,577 - INFO - ✅ Backup criado: BootBackup-LinuxTSPlus1-BKPAUTCITEL-20250526-1203
2025-05-26 12:03:13,218 - WARNING - ⏳ Backup ignorado (estado TERMINATED): Auto-backup for 2025-05-11 08:00:00 via policy: Citel_Diario04
2025-05-26 12:03:13,218 - INFO - 
🔍 Processando boot volume: LinuxTSPlus2
2025-05-26 12:03:13,544 - INFO - ✅ Backup criado: BootBackup-LinuxTSPlus2-BKPAUTCITEL-20250526-1203
2025-05-26 12:03:13,826 - WARNING - ⏳ Backup ignorado (estado TERMINATED): Auto-backup for 2025-05-11 08:00:00 via policy: Citel_Diario04
2025-05-26 12:03:13,827 - INFO - 
🔍 Processando boot volume: LinuxTSPlus4
2025-05-26 12:03:14,132 - INFO - ✅ Backup criado: BootBackup-LinuxTSPlus4-BKPAUTCITEL-20250526-1203
2025-05-26 12:03:14,779 - WARNING - ⏳ Backup ignorado (estado TERMINATED): Auto-backup for 2025-05-11 08:00:00 via policy: Citel_Diario04
2025-05-26 12:03:14,780 - INFO - 
🔍 Processando boot volume: LinuxTSPlus6
2025-05-26 12:03:15,097 - INFO - ✅ Backup criado: BootBackup-LinuxTSPlus6-BKPAUTCITEL-20250526-1203
2025-05-26 12:03:15,352 - WARNING - ⏳ Backup ignorado (estado TERMINATED): Auto-backup for 2025-05-11 08:00:00 via policy: Citel_Diario04
2025-05-26 12:03:15,353 - INFO - 
🔍 Processando boot volume: Temp-Subida_G_e_B (Boot Volume)
2025-05-26 12:03:15,666 - INFO - ✅ Backup criado: BootBackup-Temp-Subida_G_e_B (Boot Volume)-BKPAUTCITEL-20250526-1203
2025-05-26 12:03:16,290 - WARNING - ⏳ Backup ignorado (estado TERMINATED): Auto-backup for 2025-05-11 08:00:00 via policy: Citel_Diario04
2025-05-26 12:03:16,290 - INFO - 
🔍 Processando boot volume: Banco_BelaTintas (Boot Volume)
2025-05-26 12:03:16,418 - WARNING - ⚠️ Tentativa 1: Limite de requisições. Aguardando 1s...
2025-05-26 12:03:22,369 - INFO - ✅ Backup criado: BootBackup-Banco_BelaTintas (Boot Volume)-BKPAUTCITEL-20250526-1203
2025-05-26 12:03:22,656 - WARNING - ⏳ Backup ignorado (estado TERMINATED): Auto-backup for 2025-05-11 08:00:00 via policy: Citel_Diario04
2025-05-26 12:03:22,657 - INFO - 
🔍 Processando boot volume: LinuxTSPlus12_boot_clone2904
2025-05-26 12:03:22,978 - INFO - ✅ Backup criado: BootBackup-LinuxTSPlus12_boot_clone2904-BKPAUTCITEL-20250526-1203
2025-05-26 12:03:23,630 - WARNING - ⏳ Backup ignorado (estado TERMINATED): Auto-backup for 2025-05-11 08:00:00 via policy: Citel_Diario04
2025-05-26 12:03:23,631 - INFO - 
🔍 Processando boot volume: LinuxTSPlus65_boot_clone2904
2025-05-26 12:03:23,944 - INFO - ✅ Backup criado: BootBackup-LinuxTSPlus65_boot_clone2904-BKPAUTCITEL-20250526-1203
2025-05-26 12:03:24,202 - WARNING - ⏳ Backup ignorado (estado TERMINATED): Auto-backup for 2025-05-11 08:00:00 via policy: Citel_Diario04
2025-05-26 12:03:24,202 - INFO - 
🔍 Processando boot volume: LinuxTSPlus72_boot_clone2904
2025-05-26 12:03:24,522 - INFO - ✅ Backup criado: BootBackup-LinuxTSPlus72_boot_clone2904-BKPAUTCITEL-20250526-1203
2025-05-26 12:03:25,174 - WARNING - ⏳ Backup ignorado (estado TERMINATED): Auto-backup for 2025-05-11 08:00:00 via policy: Citel_Diario04
2025-05-26 12:03:25,175 - INFO - 
🔍 Processando boot volume: LinuxTSPlus43_boot_clone2904
2025-05-26 12:03:25,299 - WARNING - ⚠️ Tentativa 1: Limite de requisições. Aguardando 1s...
2025-05-26 12:03:29,844 - INFO - ✅ Backup criado: BootBackup-LinuxTSPlus43_boot_clone2904-BKPAUTCITEL-20250526-1203
2025-05-26 12:03:30,109 - WARNING - ⏳ Backup ignorado (estado TERMINATED): Auto-backup for 2025-05-11 08:00:00 via policy: Citel_Diario04
2025-05-26 12:03:30,109 - INFO - 
🔍 Processando boot volume: LinuxTSPlus50_boot_clone2904
2025-05-26 12:03:30,473 - INFO - ✅ Backup criado: BootBackup-LinuxTSPlus50_boot_clone2904-BKPAUTCITEL-20250526-1203
2025-05-26 12:03:31,105 - WARNING - ⏳ Backup ignorado (estado TERMINATED): Auto-backup for 2025-05-11 08:00:00 via policy: Citel_Diario04
2025-05-26 12:03:31,105 - INFO - 
🔍 Processando boot volume: LinuxTSPlus37_boot_clone2904
2025-05-26 12:03:31,418 - INFO - ✅ Backup criado: BootBackup-LinuxTSPlus37_boot_clone2904-BKPAUTCITEL-20250526-1203
2025-05-26 12:03:31,712 - WARNING - ⏳ Backup ignorado (estado TERMINATED): Auto-backup for 2025-05-11 08:00:00 via policy: Citel_Diario04
2025-05-26 12:03:31,712 - INFO - 
🔍 Processando boot volume: LinuxTSPlus32_boot_clone2904
2025-05-26 12:03:32,028 - INFO - ✅ Backup criado: BootBackup-LinuxTSPlus32_boot_clone2904-BKPAUTCITEL-20250526-1203
2025-05-26 12:03:32,672 - WARNING - ⏳ Backup ignorado (estado TERMINATED): Auto-backup for 2025-05-11 08:00:00 via policy: Citel_Diario04
2025-05-26 12:03:32,672 - INFO - 
🔍 Processando boot volume: LinuxTSPlus13_boot_clone2904
2025-05-26 12:03:32,798 - WARNING - ⚠️ Tentativa 1: Limite de requisições. Aguardando 1s...
2025-05-26 12:03:39,087 - INFO - ✅ Backup criado: BootBackup-LinuxTSPlus13_boot_clone2904-BKPAUTCITEL-20250526-1203
2025-05-26 12:03:39,343 - WARNING - ⏳ Backup ignorado (estado TERMINATED): Auto-backup for 2025-05-11 08:00:00 via policy: Citel_Diario04
2025-05-26 12:03:39,343 - INFO - 
🔍 Processando boot volume: LinuxTSPlus16_boot_clone2904
2025-05-26 12:03:39,637 - INFO - ✅ Backup criado: BootBackup-LinuxTSPlus16_boot_clone2904-BKPAUTCITEL-20250526-1203
2025-05-26 12:03:40,268 - WARNING - ⏳ Backup ignorado (estado TERMINATED): Auto-backup for 2025-05-11 08:00:00 via policy: Citel_Diario04
2025-05-26 12:03:40,268 - INFO - 
🔍 Processando boot volume: Linux-checkdisks (Boot Volume)
2025-05-26 12:03:40,571 - INFO - ✅ Backup criado: BootBackup-Linux-checkdisks (Boot Volume)-BKPAUTCITEL-20250526-1203
2025-05-26 12:03:40,864 - INFO - 
🔍 Processando boot volume: LinuxDataBelaTintas
2025-05-26 12:03:41,161 - INFO - ✅ Backup criado: BootBackup-LinuxDataBelaTintas-BKPAUTCITEL-20250526-1203
2025-05-26 12:03:41,804 - WARNING - ⏳ Backup ignorado (estado TERMINATED): Auto-backup for 2025-05-11 08:00:00 via policy: Citel_Diario04
2025-05-26 12:03:41,805 - INFO - 
🔍 Processando boot volume: LinuxData010
2025-05-26 12:03:42,108 - INFO - ✅ Backup criado: BootBackup-LinuxData010-BKPAUTCITEL-20250526-1203
2025-05-26 12:03:42,354 - WARNING - ⏳ Backup ignorado (estado TERMINATED): Auto-backup for 2025-05-11 08:00:00 via policy: Citel_Diario04
2025-05-26 12:03:42,355 - INFO - 
🔍 Processando boot volume: LinuxData025
2025-05-26 12:03:42,648 - INFO - ✅ Backup criado: BootBackup-LinuxData025-BKPAUTCITEL-20250526-1203
2025-05-26 12:03:43,291 - WARNING - ⏳ Backup ignorado (estado TERMINATED): Auto-backup for 2025-05-11 08:00:00 via policy: Citel_Diario04
2025-05-26 12:03:43,292 - INFO - 
🔍 Processando boot volume: LinuxData004
2025-05-26 12:03:43,626 - INFO - ✅ Backup criado: BootBackup-LinuxData004-BKPAUTCITEL-20250526-1203
2025-05-26 12:03:43,863 - WARNING - ⏳ Backup ignorado (estado TERMINATED): Auto-backup for 2025-05-11 08:00:00 via policy: Citel_Diario04
2025-05-26 12:03:43,864 - INFO - 
🔍 Processando boot volume: LinuxData005
2025-05-26 12:03:44,158 - INFO - ✅ Backup criado: BootBackup-LinuxData005-BKPAUTCITEL-20250526-1203
2025-05-26 12:03:44,873 - WARNING - ⏳ Backup ignorado (estado TERMINATED): Auto-backup for 2025-05-11 08:00:00 via policy: Citel_Diario04
2025-05-26 12:03:44,873 - INFO - 
🔍 Processando boot volume: LinuxData012
2025-05-26 12:03:44,997 - WARNING - ⚠️ Tentativa 1: Limite de requisições. Aguardando 1s...
2025-05-26 12:03:47,921 - WARNING - ⚠️ Tentativa 2: Limite de requisições. Aguardando 2s...
2025-05-26 12:03:51,013 - WARNING - ⚠️ Tentativa 3: Limite de requisições. Aguardando 4s...
2025-05-26 12:03:55,972 - WARNING - ⚠️ Tentativa 4: Limite de requisições. Aguardando 8s...
2025-05-26 12:04:07,416 - WARNING - ⚠️ Tentativa 5: Limite de requisições. Aguardando 16s...
2025-05-26 12:04:24,777 - WARNING - ⏳ Backup ignorado (estado TERMINATED): Auto-backup for 2025-05-11 08:00:00 via policy: Citel_Diario04
2025-05-26 12:04:24,777 - INFO - 
🔍 Processando boot volume: LinuxData006
2025-05-26 12:04:25,075 - INFO - ✅ Backup criado: BootBackup-LinuxData006-BKPAUTCITEL-20250526-1204
2025-05-26 12:04:25,321 - WARNING - ⏳ Backup ignorado (estado TERMINATED): Auto-backup for 2025-05-11 08:00:00 via policy: Citel_Diario04
2025-05-26 12:04:25,322 - INFO - 
🔍 Processando boot volume: LinuxData013
2025-05-26 12:04:25,635 - INFO - ✅ Backup criado: BootBackup-LinuxData013-BKPAUTCITEL-20250526-1204
2025-05-26 12:04:26,264 - WARNING - ⏳ Backup ignorado (estado TERMINATED): Auto-backup for 2025-05-11 08:00:00 via policy: Citel_Diario04
2025-05-26 12:04:26,264 - INFO - 
🔍 Processando boot volume: LinuxData011
2025-05-26 12:04:26,389 - WARNING - ⚠️ Tentativa 1: Limite de requisições. Aguardando 1s...
2025-05-26 12:04:32,393 - WARNING - ⚠️ Tentativa 2: Limite de requisições. Aguardando 2s...
2025-05-26 12:04:35,852 - INFO - ✅ Backup criado: BootBackup-LinuxData011-BKPAUTCITEL-20250526-1204
2025-05-26 12:04:36,507 - WARNING - ⏳ Backup ignorado (estado TERMINATED): Auto-backup for 2025-05-11 08:00:00 via policy: Citel_Diario04
2025-05-26 12:04:36,507 - INFO - 
🔍 Processando boot volume: LinuxData008
2025-05-26 12:04:36,839 - INFO - ✅ Backup criado: BootBackup-LinuxData008-BKPAUTCITEL-20250526-1204
2025-05-26 12:04:37,093 - WARNING - ⏳ Backup ignorado (estado TERMINATED): Auto-backup for 2025-05-11 08:00:00 via policy: Citel_Diario04
2025-05-26 12:04:37,094 - INFO - 
🔍 Processando boot volume: LinuxData007
2025-05-26 12:04:37,388 - INFO - ✅ Backup criado: BootBackup-LinuxData007-BKPAUTCITEL-20250526-1204
2025-05-26 12:04:38,048 - WARNING - ⏳ Backup ignorado (estado TERMINATED): Auto-backup for 2025-05-11 08:00:00 via policy: Citel_Diario04
2025-05-26 12:04:38,048 - INFO - 
🔍 Processando boot volume: LinuxData055
2025-05-26 12:04:38,172 - WARNING - ⚠️ Tentativa 1: Limite de requisições. Aguardando 1s...
2025-05-26 12:04:44,724 - INFO - ✅ Backup criado: BootBackup-LinuxData055-BKPAUTCITEL-20250526-1204
2025-05-26 12:04:45,342 - WARNING - ⏳ Backup ignorado (estado TERMINATED): Auto-backup for 2025-05-11 08:00:00 via policy: Citel_Diario04
2025-05-26 12:04:45,344 - INFO - 
🔍 Processando boot volume: LinuxData009
2025-05-26 12:04:45,469 - WARNING - ⚠️ Tentativa 1: Limite de requisições. Aguardando 1s...
2025-05-26 12:04:51,260 - INFO - ✅ Backup criado: BootBackup-LinuxData009-BKPAUTCITEL-20250526-1204
2025-05-26 12:04:51,905 - WARNING - ⏳ Backup ignorado (estado TERMINATED): Auto-backup for 2025-05-11 08:00:00 via policy: Citel_Diario04
2025-05-26 12:04:51,906 - INFO - 
🔍 Processando boot volume: LinuxData014
2025-05-26 12:04:52,030 - WARNING - ⚠️ Tentativa 1: Limite de requisições. Aguardando 1s...
2025-05-26 12:04:57,124 - INFO - ✅ Backup criado: BootBackup-LinuxData014-BKPAUTCITEL-20250526-1204
2025-05-26 12:04:57,763 - WARNING - ⏳ Backup ignorado (estado TERMINATED): Auto-backup for 2025-05-11 08:00:00 via policy: Citel_Diario04
2025-05-26 12:04:57,764 - INFO - 
🔍 Processando boot volume: LinuxData050
2025-05-26 12:04:58,130 - INFO - ✅ Backup criado: BootBackup-LinuxData050-BKPAUTCITEL-20250526-1204
2025-05-26 12:04:58,760 - WARNING - ⏳ Backup ignorado (estado TERMINATED): Auto-backup for 2025-05-11 08:00:00 via policy: Citel_Diario04
2025-05-26 12:04:58,760 - INFO - 
🔍 Processando boot volume: LinuxData018
2025-05-26 12:04:58,885 - WARNING - ⚠️ Tentativa 1: Limite de requisições. Aguardando 1s...
2025-05-26 12:05:01,356 - INFO - ✅ Backup criado: BootBackup-LinuxData018-BKPAUTCITEL-20250526-1204
2025-05-26 12:05:02,072 - WARNING - ⏳ Backup ignorado (estado TERMINATED): Auto-backup for 2025-05-11 08:00:00 via policy: Citel_Diario04
2025-05-26 12:05:02,073 - INFO - 
🔍 Processando boot volume: LinuxData016
2025-05-26 12:05:02,448 - INFO - ✅ Backup criado: BootBackup-LinuxData016-BKPAUTCITEL-20250526-1205
2025-05-26 12:05:03,127 - WARNING - ⏳ Backup ignorado (estado TERMINATED): Auto-backup for 2025-05-11 08:00:00 via policy: Citel_Diario04
2025-05-26 12:05:03,127 - INFO - 
🔍 Processando boot volume: LinuxData059
2025-05-26 12:05:03,252 - WARNING - ⚠️ Tentativa 1: Limite de requisições. Aguardando 1s...
2025-05-26 12:05:06,422 - WARNING - ⚠️ Tentativa 2: Limite de requisições. Aguardando 2s...
2025-05-26 12:05:11,533 - INFO - ✅ Backup criado: BootBackup-LinuxData059-BKPAUTCITEL-20250526-1205
2025-05-26 12:05:12,159 - WARNING - ⏳ Backup ignorado (estado TERMINATED): Auto-backup for 2025-05-11 08:00:00 via policy: Citel_Diario04
2025-05-26 12:05:12,160 - INFO - 
🔍 Processando boot volume: LinuxData037
2025-05-26 12:05:12,285 - WARNING - ⚠️ Tentativa 1: Limite de requisições. Aguardando 1s...
2025-05-26 12:05:16,203 - WARNING - ⚠️ Tentativa 2: Limite de requisições. Aguardando 2s...
2025-05-26 12:05:23,855 - INFO - ✅ Backup criado: BootBackup-LinuxData037-BKPAUTCITEL-20250526-1205
2025-05-26 12:05:24,499 - WARNING - ⏳ Backup ignorado (estado TERMINATED): Auto-backup for 2025-05-11 08:00:00 via policy: Citel_Diario04
2025-05-26 12:05:24,499 - INFO - 
🔍 Processando boot volume: LinuxData036
2025-05-26 12:05:24,624 - WARNING - ⚠️ Tentativa 1: Limite de requisições. Aguardando 1s...
2025-05-26 12:05:31,006 - INFO - ✅ Backup criado: BootBackup-LinuxData036-BKPAUTCITEL-20250526-1205
2025-05-26 12:05:31,633 - WARNING - ⏳ Backup ignorado (estado TERMINATED): Auto-backup for 2025-05-11 08:00:00 via policy: Citel_Diario04
2025-05-26 12:05:31,634 - INFO - 
🔍 Processando boot volume: LinuxData017
2025-05-26 12:05:31,758 - WARNING - ⚠️ Tentativa 1: Limite de requisições. Aguardando 1s...
2025-05-26 12:05:33,599 - INFO - ✅ Backup criado: BootBackup-LinuxData017-BKPAUTCITEL-20250526-1205
2025-05-26 12:05:34,261 - WARNING - ⏳ Backup ignorado (estado TERMINATED): Auto-backup for 2025-05-11 08:00:00 via policy: Citel_Diario04
2025-05-26 12:05:34,261 - INFO - 
🔍 Processando boot volume: LinuxData041
2025-05-26 12:05:34,564 - INFO - ✅ Backup criado: BootBackup-LinuxData041-BKPAUTCITEL-20250526-1205
2025-05-26 12:05:35,256 - WARNING - ⏳ Backup ignorado (estado TERMINATED): Auto-backup for 2025-05-11 08:00:00 via policy: Citel_Diario04
2025-05-26 12:05:35,256 - INFO - 
🔍 Processando boot volume: LinuxData043
2025-05-26 12:05:35,383 - WARNING - ⚠️ Tentativa 1: Limite de requisições. Aguardando 1s...
2025-05-26 12:05:37,466 - WARNING - ⚠️ Tentativa 2: Limite de requisições. Aguardando 2s...
2025-05-26 12:05:43,837 - INFO - ✅ Backup criado: BootBackup-LinuxData043-BKPAUTCITEL-20250526-1205
2025-05-26 12:05:44,483 - WARNING - ⏳ Backup ignorado (estado TERMINATED): Auto-backup for 2025-05-11 08:00:00 via policy: Citel_Diario04
2025-05-26 12:05:44,484 - INFO - 
🔍 Processando boot volume: LinuxData048
2025-05-26 12:05:44,766 - INFO - ✅ Backup criado: BootBackup-LinuxData048-BKPAUTCITEL-20250526-1205
2025-05-26 12:05:45,430 - WARNING - ⏳ Backup ignorado (estado TERMINATED): Auto-backup for 2025-05-11 08:00:00 via policy: Citel_Diario04
2025-05-26 12:05:45,431 - INFO - 
🔍 Processando boot volume: LinuxData032
2025-05-26 12:05:45,555 - WARNING - ⚠️ Tentativa 1: Limite de requisições. Aguardando 1s...
2025-05-26 12:05:51,532 - INFO - ✅ Backup criado: BootBackup-LinuxData032-BKPAUTCITEL-20250526-1205
2025-05-26 12:05:52,172 - WARNING - ⏳ Backup ignorado (estado TERMINATED): Auto-backup for 2025-05-11 08:00:00 via policy: Citel_Diario04
2025-05-26 12:05:52,172 - INFO - 
🔍 Processando boot volume: LinuxData033
2025-05-26 12:05:52,298 - WARNING - ⚠️ Tentativa 1: Limite de requisições. Aguardando 1s...
2025-05-26 12:05:57,068 - INFO - ✅ Backup criado: BootBackup-LinuxData033-BKPAUTCITEL-20250526-1205
2025-05-26 12:05:57,692 - WARNING - ⏳ Backup ignorado (estado TERMINATED): Auto-backup for 2025-05-11 08:00:00 via policy: Citel_Diario04
2025-05-26 12:05:57,693 - INFO - 
🔍 Processando boot volume: LinuxData034
2025-05-26 12:05:58,039 - INFO - ✅ Backup criado: BootBackup-LinuxData034-BKPAUTCITEL-20250526-1205
2025-05-26 12:05:58,274 - WARNING - ⏳ Backup ignorado (estado TERMINATED): Auto-backup for 2025-05-11 08:00:00 via policy: Citel_Diario04
2025-05-26 12:05:58,275 - INFO - 
🔍 Processando boot volume: LinuxData029
2025-05-26 12:05:58,558 - INFO - ✅ Backup criado: BootBackup-LinuxData029-BKPAUTCITEL-20250526-1205
2025-05-26 12:05:59,200 - WARNING - ⏳ Backup ignorado (estado TERMINATED): Auto-backup for 2025-05-11 08:00:00 via policy: Citel_Diario04
2025-05-26 12:05:59,200 - INFO - 
🔍 Processando boot volume: LinuxData019
2025-05-26 12:05:59,531 - INFO - ✅ Backup criado: BootBackup-LinuxData019-BKPAUTCITEL-20250526-1205
2025-05-26 12:06:00,185 - WARNING - ⏳ Backup ignorado (estado TERMINATED): Auto-backup for 2025-05-11 08:00:00 via policy: Citel_Diario04
2025-05-26 12:06:00,185 - INFO - 
🔍 Processando boot volume: LinuxData021
2025-05-26 12:06:00,505 - INFO - ✅ Backup criado: BootBackup-LinuxData021-BKPAUTCITEL-20250526-1206
2025-05-26 12:06:01,179 - WARNING - ⏳ Backup ignorado (estado TERMINATED): Auto-backup for 2025-05-11 08:00:00 via policy: Citel_Diario04
2025-05-26 12:06:01,180 - INFO - 
🔍 Processando boot volume: LinuxData022
2025-05-26 12:06:01,481 - INFO - ✅ Backup criado: BootBackup-LinuxData022-BKPAUTCITEL-20250526-1206
2025-05-26 12:06:01,750 - WARNING - ⏳ Backup ignorado (estado TERMINATED): Auto-backup for 2025-05-11 08:00:00 via policy: Citel_Diario04
2025-05-26 12:06:01,750 - INFO - 
🔍 Processando boot volume: LinuxData024
2025-05-26 12:06:02,058 - INFO - ✅ Backup criado: BootBackup-LinuxData024-BKPAUTCITEL-20250526-1206
2025-05-26 12:06:02,702 - WARNING - ⏳ Backup ignorado (estado TERMINATED): Auto-backup for 2025-05-11 08:00:00 via policy: Citel_Diario04
2025-05-26 12:06:02,703 - INFO - 
🔍 Processando boot volume: LinuxData020
2025-05-26 12:06:03,043 - INFO - ✅ Backup criado: BootBackup-LinuxData020-BKPAUTCITEL-20250526-1206
2025-05-26 12:06:03,290 - WARNING - ⏳ Backup ignorado (estado TERMINATED): Auto-backup for 2025-05-11 08:00:00 via policy: Citel_Diario04
2025-05-26 12:06:03,291 - INFO - 
🔍 Processando boot volume: LinuxData026
2025-05-26 12:06:03,591 - INFO - ✅ Backup criado: BootBackup-LinuxData026-BKPAUTCITEL-20250526-1206
2025-05-26 12:06:04,259 - WARNING - ⏳ Backup ignorado (estado TERMINATED): Auto-backup for 2025-05-11 08:00:00 via policy: Citel_Diario04
2025-05-26 12:06:04,260 - INFO - 
🔍 Processando boot volume: LinuxData028
2025-05-26 12:06:04,384 - WARNING - ⚠️ Tentativa 1: Limite de requisições. Aguardando 1s...
2025-05-26 12:06:09,349 - INFO - ✅ Backup criado: BootBackup-LinuxData028-BKPAUTCITEL-20250526-1206
2025-05-26 12:06:09,987 - WARNING - ⏳ Backup ignorado (estado TERMINATED): Auto-backup for 2025-05-11 08:00:00 via policy: Citel_Diario04
2025-05-26 12:06:09,987 - INFO - 
🔍 Processando boot volume: LinuxData030
2025-05-26 12:06:10,312 - INFO - ✅ Backup criado: BootBackup-LinuxData030-BKPAUTCITEL-20250526-1206
2025-05-26 12:06:10,944 - WARNING - ⏳ Backup ignorado (estado TERMINATED): Auto-backup for 2025-05-11 08:00:00 via policy: Citel_Diario04
2025-05-26 12:06:10,945 - INFO - 
🔍 Processando boot volume: LinuxData040
2025-05-26 12:06:11,076 - WARNING - ⚠️ Tentativa 1: Limite de requisições. Aguardando 1s...
2025-05-26 12:06:15,408 - WARNING - ⚠️ Tentativa 2: Limite de requisições. Aguardando 2s...
2025-05-26 12:06:18,153 - WARNING - ⚠️ Tentativa 3: Limite de requisições. Aguardando 4s...
2025-05-26 12:06:24,868 - INFO - ✅ Backup criado: BootBackup-LinuxData040-BKPAUTCITEL-20250526-1206
2025-05-26 12:06:25,546 - WARNING - ⏳ Backup ignorado (estado TERMINATED): Auto-backup for 2025-05-11 08:00:00 via policy: Citel_Diario04
2025-05-26 12:06:25,547 - INFO - 
🔍 Processando boot volume: LinuxData065
2025-05-26 12:06:25,672 - WARNING - ⚠️ Tentativa 1: Limite de requisições. Aguardando 1s...
2025-05-26 12:06:31,355 - WARNING - ⚠️ Tentativa 2: Limite de requisições. Aguardando 2s...
2025-05-26 12:06:33,919 - WARNING - ⚠️ Tentativa 3: Limite de requisições. Aguardando 4s...
2025-05-26 12:06:41,529 - INFO - ✅ Backup criado: BootBackup-LinuxData065-BKPAUTCITEL-20250526-1206
2025-05-26 12:06:42,164 - WARNING - ⏳ Backup ignorado (estado TERMINATED): Auto-backup for 2025-05-11 08:00:00 via policy: Citel_Diario04
2025-05-26 12:06:42,165 - INFO - 
🔍 Processando boot volume: LinuxData072
2025-05-26 12:06:42,289 - WARNING - ⚠️ Tentativa 1: Limite de requisições. Aguardando 1s...
2025-05-26 12:06:45,895 - INFO - ✅ Backup criado: BootBackup-LinuxData072-BKPAUTCITEL-20250526-1206
2025-05-26 12:06:46,525 - WARNING - ⏳ Backup ignorado (estado TERMINATED): Auto-backup for 2025-05-11 08:00:00 via policy: Citel_Diario04
2025-05-26 12:06:46,525 - INFO - 
🔍 Processando boot volume: LinuxData001
2025-05-26 12:06:46,835 - INFO - ✅ Backup criado: BootBackup-LinuxData001-BKPAUTCITEL-20250526-1206
2025-05-26 12:06:47,108 - WARNING - ⏳ Backup ignorado (estado TERMINATED): Auto-backup for 2025-05-11 08:00:00 via policy: Citel_Diario04
2025-05-26 12:06:47,109 - INFO - 
🔍 Processando boot volume: LinuxData002
2025-05-26 12:06:47,400 - INFO - ✅ Backup criado: BootBackup-LinuxData002-BKPAUTCITEL-20250526-1206
2025-05-26 12:06:48,047 - WARNING - ⏳ Backup ignorado (estado TERMINATED): Auto-backup for 2025-05-11 08:00:00 via policy: Citel_Diario04
2025-05-26 12:06:48,048 - INFO - 
🔍 Processando boot volume: LinuxTSPlus20_boot_clone0105
2025-05-26 12:06:48,172 - WARNING - ⚠️ Tentativa 1: Limite de requisições. Aguardando 1s...
2025-05-26 12:06:50,168 - INFO - ✅ Backup criado: BootBackup-LinuxTSPlus20_boot_clone0105-BKPAUTCITEL-20250526-1206
2025-05-26 12:06:50,814 - INFO - 
🔍 Processando boot volume: LinuxData013_clone06052025
2025-05-26 12:06:51,121 - INFO - ✅ Backup criado: BootBackup-LinuxData013_clone06052025-BKPAUTCITEL-20250526-1206
2025-05-26 12:06:51,764 - INFO - 
🔁 Tentando novamente os backups que falharam...
2025-05-26 12:06:51,764 - INFO - 
🔄 Reprocessando: LinuxData012
2025-05-26 12:06:51,899 - WARNING - ⚠️ Tentativa 1: Limite de requisições. Aguardando 1s...
2025-05-26 12:06:58,287 - WARNING - ⚠️ Tentativa 2: Limite de requisições. Aguardando 2s...
2025-05-26 12:07:04,695 - WARNING - ⚠️ Tentativa 3: Limite de requisições. Aguardando 4s...
2025-05-26 12:07:13,717 - INFO - ✅ Backup criado: BootBackup-LinuxData012-BKPAUTCITEL-20250526-1206
2025-05-26 12:07:13,717 - INFO - 
✅ Execução concluída com sucesso
