2025-05-22 19:00:49,738 - INFO - 
🔍 Processando boot volume: LinuxTSPlus20
2025-05-22 19:00:50,059 - INFO - ✅ Backup criado: BootBackup-LinuxTSPlus20-BKPAUTCITEL-20250522-1900
2025-05-22 19:00:50,400 - INFO - 
🔍 Processando boot volume: LinuxTSPlus25
2025-05-22 19:00:50,695 - INFO - ✅ Backup criado: BootBackup-LinuxTSPlus25-BKPAUTCITEL-20250522-1900
2025-05-22 19:00:51,395 - INFO - 
🔍 Processando boot volume: LinuxTSPlus1
2025-05-22 19:00:51,713 - INFO - ✅ Backup criado: BootBackup-LinuxTSPlus1-BKPAUTCITEL-20250522-1900
2025-05-22 19:00:51,994 - INFO - 
🔍 Processando boot volume: LinuxTSPlus2
2025-05-22 19:00:52,291 - INFO - ✅ Backup criado: BootBackup-LinuxTSPlus2-BKPAUTCITEL-20250522-1900
2025-05-22 19:00:52,931 - INFO - 
🔍 Processando boot volume: LinuxTSPlus4
2025-05-22 19:00:53,238 - INFO - ✅ Backup criado: BootBackup-LinuxTSPlus4-BKPAUTCITEL-20250522-1900
2025-05-22 19:00:53,495 - INFO - 
🔍 Processando boot volume: LinuxTSPlus6
2025-05-22 19:00:53,797 - INFO - ✅ Backup criado: BootBackup-LinuxTSPlus6-BKPAUTCITEL-20250522-1900
2025-05-22 19:00:54,483 - INFO - 
🔍 Processando boot volume: LinuxTSPlus30
2025-05-22 19:00:54,831 - INFO - ✅ Backup criado: BootBackup-LinuxTSPlus30-BKPAUTCITEL-20250522-1900
2025-05-22 19:00:55,072 - INFO - 
🔍 Processando boot volume: Temp-Subida_G_e_B (Boot Volume)
2025-05-22 19:00:55,379 - INFO - ✅ Backup criado: BootBackup-Temp-Subida_G_e_B (Boot Volume)-BKPAUTCITEL-20250522-1900
2025-05-22 19:00:55,989 - INFO - 
🔍 Processando boot volume: Banco_BelaTintas (Boot Volume)
2025-05-22 19:00:56,112 - WARNING - ⚠️ Tentativa 1: Limite de requisições. Aguardando 1s...
2025-05-22 19:00:58,505 - WARNING - ⚠️ Tentativa 2: Limite de requisições. Aguardando 2s...
2025-05-22 19:01:05,872 - INFO - ✅ Backup criado: BootBackup-Banco_BelaTintas (Boot Volume)-BKPAUTCITEL-20250522-1900
2025-05-22 19:01:06,488 - INFO - 
🔍 Processando boot volume: Banco_BelaTintas_clone29042025
2025-05-22 19:01:06,788 - INFO - ✅ Backup criado: BootBackup-Banco_BelaTintas_clone29042025-BKPAUTCITEL-20250522-1901
2025-05-22 19:01:07,030 - INFO - 
🔍 Processando boot volume: LinuxTSPlus11_clone2904
2025-05-22 19:01:07,419 - INFO - ✅ Backup criado: BootBackup-LinuxTSPlus11_clone2904-BKPAUTCITEL-20250522-1901
2025-05-22 19:01:08,029 - INFO - 
🔍 Processando boot volume: LinuxTSPlus30_boot_clone2904
2025-05-22 19:01:08,345 - INFO - ✅ Backup criado: BootBackup-LinuxTSPlus30_boot_clone2904-BKPAUTCITEL-20250522-1901
2025-05-22 19:01:08,584 - INFO - 
🔍 Processando boot volume: LinuxTSPlus12_boot_clone2904
2025-05-22 19:01:08,861 - INFO - ✅ Backup criado: BootBackup-LinuxTSPlus12_boot_clone2904-BKPAUTCITEL-20250522-1901
2025-05-22 19:01:09,489 - INFO - 
🔍 Processando boot volume: LinuxTSPlus55_boot_clone2904
2025-05-22 19:01:09,612 - WARNING - ⚠️ Tentativa 1: Limite de requisições. Aguardando 1s...
2025-05-22 19:01:11,847 - WARNING - ⚠️ Tentativa 2: Limite de requisições. Aguardando 2s...
2025-05-22 19:01:19,281 - INFO - ✅ Backup criado: BootBackup-LinuxTSPlus55_boot_clone2904-BKPAUTCITEL-20250522-1901
2025-05-22 19:01:19,528 - INFO - 
🔍 Processando boot volume: LinuxTSPlus65_boot_clone2904
2025-05-22 19:01:19,831 - INFO - ✅ Backup criado: BootBackup-LinuxTSPlus65_boot_clone2904-BKPAUTCITEL-20250522-1901
2025-05-22 19:01:20,438 - INFO - 
🔍 Processando boot volume: LinuxTSPlus28_boot_clone2904
2025-05-22 19:01:20,561 - WARNING - ⚠️ Tentativa 1: Limite de requisições. Aguardando 1s...
2025-05-22 19:01:25,780 - WARNING - ⚠️ Tentativa 2: Limite de requisições. Aguardando 2s...
2025-05-22 19:01:30,860 - WARNING - ⚠️ Tentativa 3: Limite de requisições. Aguardando 4s...
2025-05-22 19:01:36,891 - INFO - ✅ Backup criado: BootBackup-LinuxTSPlus28_boot_clone2904-BKPAUTCITEL-20250522-1901
2025-05-22 19:01:37,110 - INFO - 
🔍 Processando boot volume: LinuxTSPlus72_boot_clone2904
2025-05-22 19:01:37,402 - INFO - ✅ Backup criado: BootBackup-LinuxTSPlus72_boot_clone2904-BKPAUTCITEL-20250522-1901
2025-05-22 19:01:38,028 - INFO - 
🔍 Processando boot volume: LinuxTSPlus43_boot_clone2904
2025-05-22 19:01:38,151 - WARNING - ⚠️ Tentativa 1: Limite de requisições. Aguardando 1s...
2025-05-22 19:01:43,641 - INFO - ✅ Backup criado: BootBackup-LinuxTSPlus43_boot_clone2904-BKPAUTCITEL-20250522-1901
2025-05-22 19:01:43,872 - INFO - 
🔍 Processando boot volume: LinuxTSPlus50_boot_clone2904
2025-05-22 19:01:44,173 - INFO - ✅ Backup criado: BootBackup-LinuxTSPlus50_boot_clone2904-BKPAUTCITEL-20250522-1901
2025-05-22 19:01:44,784 - INFO - 
🔍 Processando boot volume: LinuxTSPlus37_boot_clone2904
2025-05-22 19:01:45,079 - INFO - ✅ Backup criado: BootBackup-LinuxTSPlus37_boot_clone2904-BKPAUTCITEL-20250522-1901
2025-05-22 19:01:45,310 - INFO - 
🔍 Processando boot volume: LinuxTSPlus37_boot_clone2904
2025-05-22 19:01:45,601 - INFO - ✅ Backup criado: BootBackup-LinuxTSPlus37_boot_clone2904-BKPAUTCITEL-20250522-1901
2025-05-22 19:01:46,205 - INFO - 
🔍 Processando boot volume: LinuxTSPlus32_boot_clone2904
2025-05-22 19:01:46,328 - WARNING - ⚠️ Tentativa 1: Limite de requisições. Aguardando 1s...
2025-05-22 19:01:50,022 - WARNING - ⚠️ Tentativa 2: Limite de requisições. Aguardando 2s...
2025-05-22 19:01:55,812 - INFO - ✅ Backup criado: BootBackup-LinuxTSPlus32_boot_clone2904-BKPAUTCITEL-20250522-1901
2025-05-22 19:01:56,437 - INFO - 
🔍 Processando boot volume: LinuxTSPlus2_boot_clone2904
2025-05-22 19:01:56,746 - INFO - ✅ Backup criado: BootBackup-LinuxTSPlus2_boot_clone2904-BKPAUTCITEL-20250522-1901
2025-05-22 19:01:57,340 - INFO - 
🔍 Processando boot volume: LinuxTSPlus25_boot_clone2904
2025-05-22 19:01:57,657 - INFO - ✅ Backup criado: BootBackup-LinuxTSPlus25_boot_clone2904-BKPAUTCITEL-20250522-1901
2025-05-22 19:01:57,870 - INFO - 
🔍 Processando boot volume: LinuxTSPlus1_boot_clone2904
2025-05-22 19:01:58,166 - INFO - ✅ Backup criado: BootBackup-LinuxTSPlus1_boot_clone2904-BKPAUTCITEL-20250522-1901
2025-05-22 19:01:58,761 - INFO - 
🔍 Processando boot volume: LinuxTSPlus13_boot_clone2904
2025-05-22 19:01:58,891 - WARNING - ⚠️ Tentativa 1: Limite de requisições. Aguardando 1s...
2025-05-22 19:02:04,128 - WARNING - ⚠️ Tentativa 2: Limite de requisições. Aguardando 2s...
2025-05-22 19:02:08,146 - INFO - ✅ Backup criado: BootBackup-LinuxTSPlus13_boot_clone2904-BKPAUTCITEL-20250522-1901
2025-05-22 19:02:08,749 - INFO - 
🔍 Processando boot volume: LinuxTSPlus14_boot_clone2904
2025-05-22 19:02:08,873 - WARNING - ⚠️ Tentativa 1: Limite de requisições. Aguardando 1s...
2025-05-22 19:02:11,533 - WARNING - ⚠️ Tentativa 2: Limite de requisições. Aguardando 2s...
2025-05-22 19:02:15,676 - INFO - ✅ Backup criado: BootBackup-LinuxTSPlus14_boot_clone2904-BKPAUTCITEL-20250522-1902
2025-05-22 19:02:16,294 - INFO - 
🔍 Processando boot volume: LinuxTSPlus9-boot_clone2904
2025-05-22 19:02:16,416 - WARNING - ⚠️ Tentativa 1: Limite de requisições. Aguardando 1s...
2025-05-22 19:02:22,200 - INFO - ✅ Backup criado: BootBackup-LinuxTSPlus9-boot_clone2904-BKPAUTCITEL-20250522-1902
2025-05-22 19:02:22,430 - INFO - 
🔍 Processando boot volume: LinuxTSPlus16_boot_clone2904
2025-05-22 19:02:22,734 - INFO - ✅ Backup criado: BootBackup-LinuxTSPlus16_boot_clone2904-BKPAUTCITEL-20250522-1902
2025-05-22 19:02:23,331 - INFO - 
🔍 Processando boot volume: LinuxTSPlus17_boot_clone2904
2025-05-22 19:02:23,685 - INFO - ✅ Backup criado: BootBackup-LinuxTSPlus17_boot_clone2904-BKPAUTCITEL-20250522-1902
2025-05-22 19:02:24,277 - INFO - 
🔍 Processando boot volume: LinuxTSPlus7-boot_clone2904
2025-05-22 19:02:24,400 - WARNING - ⚠️ Tentativa 1: Limite de requisições. Aguardando 1s...
2025-05-22 19:02:27,212 - WARNING - ⚠️ Tentativa 2: Limite de requisições. Aguardando 2s...
2025-05-22 19:02:33,622 - WARNING - ⚠️ Tentativa 3: Limite de requisições. Aguardando 4s...
2025-05-22 19:02:42,230 - INFO - ✅ Backup criado: BootBackup-LinuxTSPlus7-boot_clone2904-BKPAUTCITEL-20250522-1902
2025-05-22 19:02:42,874 - INFO - 
🔍 Processando boot volume: LinuxTSPlus6-boot-clone2904
2025-05-22 19:02:43,154 - INFO - ✅ Backup criado: BootBackup-LinuxTSPlus6-boot-clone2904-BKPAUTCITEL-20250522-1902
2025-05-22 19:02:43,767 - INFO - 
🔍 Processando boot volume: LinuxTSPlus18-boot-clone2904
2025-05-22 19:02:43,890 - WARNING - ⚠️ Tentativa 1: Limite de requisições. Aguardando 1s...
2025-05-22 19:02:48,714 - INFO - ✅ Backup criado: BootBackup-LinuxTSPlus18-boot-clone2904-BKPAUTCITEL-20250522-1902
2025-05-22 19:02:48,939 - INFO - 
🔍 Processando boot volume: LinuxTsplus59-boot-clone2904
2025-05-22 19:02:49,229 - INFO - ✅ Backup criado: BootBackup-LinuxTsplus59-boot-clone2904-BKPAUTCITEL-20250522-1902
2025-05-22 19:02:49,832 - INFO - 
🔍 Processando boot volume: LinuxTSPlus19_boot_clone2904
2025-05-22 19:02:49,954 - WARNING - ⚠️ Tentativa 1: Limite de requisições. Aguardando 1s...
2025-05-22 19:02:53,236 - INFO - ✅ Backup criado: BootBackup-LinuxTSPlus19_boot_clone2904-BKPAUTCITEL-20250522-1902
2025-05-22 19:02:53,461 - INFO - 
🔍 Processando boot volume: LinuxTSPlus20_boot_clone2904
2025-05-22 19:02:53,789 - INFO - ✅ Backup criado: BootBackup-LinuxTSPlus20_boot_clone2904-BKPAUTCITEL-20250522-1902
2025-05-22 19:02:54,388 - INFO - 
🔍 Processando boot volume: Linux-checkdisks (Boot Volume)
2025-05-22 19:02:54,692 - INFO - ✅ Backup criado: BootBackup-Linux-checkdisks (Boot Volume)-BKPAUTCITEL-20250522-1902
2025-05-22 19:02:54,915 - INFO - 
🔍 Processando boot volume: LinuxDataBelaTintas
2025-05-22 19:02:55,239 - INFO - ✅ Backup criado: BootBackup-LinuxDataBelaTintas-BKPAUTCITEL-20250522-1902
2025-05-22 19:02:55,838 - INFO - 
🔍 Processando boot volume: LinuxTSPlus5-boot-clone2904
2025-05-22 19:02:55,961 - WARNING - ⚠️ Tentativa 1: Limite de requisições. Aguardando 1s...
2025-05-22 19:02:57,526 - WARNING - ⚠️ Tentativa 2: Limite de requisições. Aguardando 2s...
2025-05-22 19:03:03,873 - INFO - ✅ Backup criado: BootBackup-LinuxTSPlus5-boot-clone2904-BKPAUTCITEL-20250522-1902
2025-05-22 19:03:04,458 - INFO - 
🔍 Processando boot volume: LinuxData010
2025-05-22 19:03:04,795 - INFO - ✅ Backup criado: BootBackup-LinuxData010-BKPAUTCITEL-20250522-1903
2025-05-22 19:03:05,417 - INFO - 
🔍 Processando boot volume: LinuxData025
2025-05-22 19:03:05,719 - INFO - ✅ Backup criado: BootBackup-LinuxData025-BKPAUTCITEL-20250522-1903
2025-05-22 19:03:06,324 - INFO - 
🔍 Processando boot volume: LinuxDataBelaTintas-14
2025-05-22 19:03:06,623 - INFO - ✅ Backup criado: BootBackup-LinuxDataBelaTintas-14-BKPAUTCITEL-20250522-1903
2025-05-22 19:03:06,863 - INFO - 
🔍 Processando boot volume: LinuxData004
2025-05-22 19:03:07,173 - INFO - ✅ Backup criado: BootBackup-LinuxData004-BKPAUTCITEL-20250522-1903
2025-05-22 19:03:07,764 - INFO - 
🔍 Processando boot volume: LinuxData026
2025-05-22 19:03:07,886 - WARNING - ⚠️ Tentativa 1: Limite de requisições. Aguardando 1s...
2025-05-22 19:03:10,826 - WARNING - ⚠️ Tentativa 2: Limite de requisições. Aguardando 2s...
2025-05-22 19:03:13,829 - WARNING - ⚠️ Tentativa 3: Limite de requisições. Aguardando 4s...
2025-05-22 19:03:20,897 - WARNING - ⚠️ Tentativa 4: Limite de requisições. Aguardando 8s...
2025-05-22 19:03:30,007 - INFO - ✅ Backup criado: BootBackup-LinuxData026-BKPAUTCITEL-20250522-1903
2025-05-22 19:03:30,608 - INFO - 
🔍 Processando boot volume: LinuxData005
2025-05-22 19:03:30,735 - WARNING - ⚠️ Tentativa 1: Limite de requisições. Aguardando 1s...
2025-05-22 19:03:35,150 - WARNING - ⚠️ Tentativa 2: Limite de requisições. Aguardando 2s...
2025-05-22 19:03:38,203 - INFO - ✅ Backup criado: BootBackup-LinuxData005-BKPAUTCITEL-20250522-1903
2025-05-22 19:03:38,801 - INFO - 
🔍 Processando boot volume: LinuxData012
2025-05-22 19:03:38,924 - WARNING - ⚠️ Tentativa 1: Limite de requisições. Aguardando 1s...
2025-05-22 19:03:43,928 - INFO - ✅ Backup criado: BootBackup-LinuxData012-BKPAUTCITEL-20250522-1903
2025-05-22 19:03:44,539 - INFO - 
🔍 Processando boot volume: LinuxData006
2025-05-22 19:03:44,849 - INFO - ✅ Backup criado: BootBackup-LinuxData006-BKPAUTCITEL-20250522-1903
2025-05-22 19:03:45,437 - INFO - 
🔍 Processando boot volume: LinuxData013
2025-05-22 19:03:45,560 - WARNING - ⚠️ Tentativa 1: Limite de requisições. Aguardando 1s...
2025-05-22 19:03:48,097 - WARNING - ⚠️ Tentativa 2: Limite de requisições. Aguardando 2s...
2025-05-22 19:03:54,314 - INFO - ✅ Backup criado: BootBackup-LinuxData013-BKPAUTCITEL-20250522-1903
2025-05-22 19:03:54,925 - INFO - 
🔍 Processando boot volume: LinuxData011
2025-05-22 19:03:55,217 - INFO - ✅ Backup criado: BootBackup-LinuxData011-BKPAUTCITEL-20250522-1903
2025-05-22 19:03:55,811 - INFO - 
🔍 Processando boot volume: LinuxData008
2025-05-22 19:03:56,106 - INFO - ✅ Backup criado: BootBackup-LinuxData008-BKPAUTCITEL-20250522-1903
2025-05-22 19:03:56,696 - INFO - 
🔍 Processando boot volume: LinuxData007
2025-05-22 19:03:57,002 - INFO - ✅ Backup criado: BootBackup-LinuxData007-BKPAUTCITEL-20250522-1903
2025-05-22 19:03:57,615 - INFO - 
🔍 Processando boot volume: LinuxData055
2025-05-22 19:03:57,927 - INFO - ✅ Backup criado: BootBackup-LinuxData055-BKPAUTCITEL-20250522-1903
2025-05-22 19:03:58,589 - INFO - 
🔍 Processando boot volume: LinuxData009
2025-05-22 19:03:58,883 - INFO - ✅ Backup criado: BootBackup-LinuxData009-BKPAUTCITEL-20250522-1903
2025-05-22 19:03:59,497 - INFO - 
🔍 Processando boot volume: LinuxData014
2025-05-22 19:03:59,854 - INFO - ✅ Backup criado: BootBackup-LinuxData014-BKPAUTCITEL-20250522-1903
2025-05-22 19:04:00,495 - INFO - 
🔍 Processando boot volume: LinuxData050
2025-05-22 19:04:00,617 - WARNING - ⚠️ Tentativa 1: Limite de requisições. Aguardando 1s...
2025-05-22 19:04:02,668 - INFO - ✅ Backup criado: BootBackup-LinuxData050-BKPAUTCITEL-20250522-1904
2025-05-22 19:04:03,307 - INFO - 
🔍 Processando boot volume: LinuxData018
2025-05-22 19:04:03,430 - WARNING - ⚠️ Tentativa 1: Limite de requisições. Aguardando 1s...
2025-05-22 19:04:07,551 - WARNING - ⚠️ Tentativa 2: Limite de requisições. Aguardando 2s...
2025-05-22 19:04:13,782 - INFO - ✅ Backup criado: BootBackup-LinuxData018-BKPAUTCITEL-20250522-1904
2025-05-22 19:04:14,377 - INFO - 
🔍 Processando boot volume: LinuxData016
2025-05-22 19:04:14,499 - WARNING - ⚠️ Tentativa 1: Limite de requisições. Aguardando 1s...
2025-05-22 19:04:16,813 - INFO - ✅ Backup criado: BootBackup-LinuxData016-BKPAUTCITEL-20250522-1904
2025-05-22 19:04:17,432 - INFO - 
🔍 Processando boot volume: LinuxData059
2025-05-22 19:04:17,711 - INFO - ✅ Backup criado: BootBackup-LinuxData059-BKPAUTCITEL-20250522-1904
2025-05-22 19:04:18,319 - INFO - 
🔍 Processando boot volume: LinuxData037
2025-05-22 19:04:18,442 - WARNING - ⚠️ Tentativa 1: Limite de requisições. Aguardando 1s...
2025-05-22 19:04:24,295 - WARNING - ⚠️ Tentativa 2: Limite de requisições. Aguardando 2s...
2025-05-22 19:04:27,310 - INFO - ✅ Backup criado: BootBackup-LinuxData037-BKPAUTCITEL-20250522-1904
2025-05-22 19:04:27,920 - INFO - 
🔍 Processando boot volume: LinuxData036
2025-05-22 19:04:28,043 - WARNING - ⚠️ Tentativa 1: Limite de requisições. Aguardando 1s...
2025-05-22 19:04:34,492 - WARNING - ⚠️ Tentativa 2: Limite de requisições. Aguardando 2s...
2025-05-22 19:04:38,297 - WARNING - ⚠️ Tentativa 3: Limite de requisições. Aguardando 4s...
2025-05-22 19:04:46,667 - WARNING - ⚠️ Tentativa 4: Limite de requisições. Aguardando 8s...
2025-05-22 19:05:00,034 - INFO - ✅ Backup criado: BootBackup-LinuxData036-BKPAUTCITEL-20250522-1904
2025-05-22 19:05:00,643 - INFO - 
🔍 Processando boot volume: LinuxData017
2025-05-22 19:05:00,953 - INFO - ✅ Backup criado: BootBackup-LinuxData017-BKPAUTCITEL-20250522-1905
2025-05-22 19:05:01,572 - INFO - 
🔍 Processando boot volume: LinuxData041
2025-05-22 19:05:01,876 - INFO - ✅ Backup criado: BootBackup-LinuxData041-BKPAUTCITEL-20250522-1905
2025-05-22 19:05:02,514 - INFO - 
🔍 Processando boot volume: LinuxData043
2025-05-22 19:05:02,841 - INFO - ✅ Backup criado: BootBackup-LinuxData043-BKPAUTCITEL-20250522-1905
2025-05-22 19:05:03,488 - INFO - 
🔍 Processando boot volume: LinuxData048
2025-05-22 19:05:03,788 - INFO - ✅ Backup criado: BootBackup-LinuxData048-BKPAUTCITEL-20250522-1905
2025-05-22 19:05:04,384 - INFO - 
🔍 Processando boot volume: LinuxData032
2025-05-22 19:05:04,702 - INFO - ✅ Backup criado: BootBackup-LinuxData032-BKPAUTCITEL-20250522-1905
2025-05-22 19:05:05,318 - INFO - 
🔍 Processando boot volume: TEMPLATE_LINUX
2025-05-22 19:05:05,622 - INFO - ✅ Backup criado: BootBackup-TEMPLATE_LINUX-BKPAUTCITEL-20250522-1905
2025-05-22 19:05:06,252 - INFO - 
🔍 Processando boot volume: LinuxData033
2025-05-22 19:05:06,547 - INFO - ✅ Backup criado: BootBackup-LinuxData033-BKPAUTCITEL-20250522-1905
2025-05-22 19:05:07,199 - INFO - 
🔍 Processando boot volume: LinuxData034
2025-05-22 19:05:07,323 - WARNING - ⚠️ Tentativa 1: Limite de requisições. Aguardando 1s...
2025-05-22 19:05:12,280 - WARNING - ⚠️ Tentativa 2: Limite de requisições. Aguardando 2s...
2025-05-22 19:05:17,113 - INFO - ✅ Backup criado: BootBackup-LinuxData034-BKPAUTCITEL-20250522-1905
2025-05-22 19:05:17,719 - INFO - 
🔍 Processando boot volume: LinuxData029
2025-05-22 19:05:18,020 - INFO - ✅ Backup criado: BootBackup-LinuxData029-BKPAUTCITEL-20250522-1905
2025-05-22 19:05:18,656 - INFO - 
🔍 Processando boot volume: LinuxData019
2025-05-22 19:05:18,952 - INFO - ✅ Backup criado: BootBackup-LinuxData019-BKPAUTCITEL-20250522-1905
2025-05-22 19:05:19,539 - INFO - 
🔍 Processando boot volume: LinuxData021
2025-05-22 19:05:19,662 - WARNING - ⚠️ Tentativa 1: Limite de requisições. Aguardando 1s...
2025-05-22 19:05:23,771 - WARNING - ⚠️ Tentativa 2: Limite de requisições. Aguardando 2s...
2025-05-22 19:05:26,858 - WARNING - ⚠️ Tentativa 3: Limite de requisições. Aguardando 4s...
2025-05-22 19:05:35,210 - INFO - ✅ Backup criado: BootBackup-LinuxData021-BKPAUTCITEL-20250522-1905
2025-05-22 19:05:35,826 - INFO - 
🔍 Processando boot volume: LinuxData022
2025-05-22 19:05:36,122 - INFO - ✅ Backup criado: BootBackup-LinuxData022-BKPAUTCITEL-20250522-1905
2025-05-22 19:05:36,766 - INFO - 
🔍 Processando boot volume: LinuxData024
2025-05-22 19:05:36,888 - WARNING - ⚠️ Tentativa 1: Limite de requisições. Aguardando 1s...
2025-05-22 19:05:38,418 - WARNING - ⚠️ Tentativa 2: Limite de requisições. Aguardando 2s...
2025-05-22 19:05:45,236 - INFO - ✅ Backup criado: BootBackup-LinuxData024-BKPAUTCITEL-20250522-1905
2025-05-22 19:05:45,853 - INFO - 
🔍 Processando boot volume: LinuxData020
2025-05-22 19:05:46,151 - INFO - ✅ Backup criado: BootBackup-LinuxData020-BKPAUTCITEL-20250522-1905
2025-05-22 19:05:46,754 - INFO - 
🔍 Processando boot volume: LinuxData026
2025-05-22 19:05:46,879 - WARNING - ⚠️ Tentativa 1: Limite de requisições. Aguardando 1s...
2025-05-22 19:05:50,139 - WARNING - ⚠️ Tentativa 2: Limite de requisições. Aguardando 2s...
2025-05-22 19:05:53,200 - INFO - ✅ Backup criado: BootBackup-LinuxData026-BKPAUTCITEL-20250522-1905
2025-05-22 19:05:53,825 - INFO - 
🔍 Processando boot volume: LinuxData028
2025-05-22 19:05:53,948 - WARNING - ⚠️ Tentativa 1: Limite de requisições. Aguardando 1s...
2025-05-22 19:05:59,033 - INFO - ✅ Backup criado: BootBackup-LinuxData028-BKPAUTCITEL-20250522-1905
2025-05-22 19:05:59,636 - INFO - 
🔍 Processando boot volume: LinuxData030
2025-05-22 19:05:59,757 - WARNING - ⚠️ Tentativa 1: Limite de requisições. Aguardando 1s...
2025-05-22 19:06:03,519 - WARNING - ⚠️ Tentativa 2: Limite de requisições. Aguardando 2s...
2025-05-22 19:06:08,811 - INFO - ✅ Backup criado: BootBackup-LinuxData030-BKPAUTCITEL-20250522-1905
2025-05-22 19:06:09,457 - INFO - 
🔍 Processando boot volume: LinuxData040
2025-05-22 19:06:09,732 - INFO - ✅ Backup criado: BootBackup-LinuxData040-BKPAUTCITEL-20250522-1906
2025-05-22 19:06:10,343 - INFO - 
🔍 Processando boot volume: LinuxData065
2025-05-22 19:06:10,465 - WARNING - ⚠️ Tentativa 1: Limite de requisições. Aguardando 1s...
2025-05-22 19:06:15,004 - INFO - ✅ Backup criado: BootBackup-LinuxData065-BKPAUTCITEL-20250522-1906
2025-05-22 19:06:15,611 - INFO - 
🔍 Processando boot volume: LinuxData072
2025-05-22 19:06:15,920 - INFO - ✅ Backup criado: BootBackup-LinuxData072-BKPAUTCITEL-20250522-1906
2025-05-22 19:06:16,542 - INFO - 
🔍 Processando boot volume: LinuxData001
2025-05-22 19:06:16,860 - INFO - ✅ Backup criado: BootBackup-LinuxData001-BKPAUTCITEL-20250522-1906
2025-05-22 19:06:17,483 - INFO - 
🔍 Processando boot volume: LinuxData002
2025-05-22 19:06:17,800 - INFO - ✅ Backup criado: BootBackup-LinuxData002-BKPAUTCITEL-20250522-1906
2025-05-22 19:06:18,401 - INFO - 
🔍 Processando boot volume: LinuxTSPlus20_boot_clone0105
2025-05-22 19:06:18,523 - WARNING - ⚠️ Tentativa 1: Limite de requisições. Aguardando 1s...
2025-05-22 19:06:20,493 - INFO - ✅ Backup criado: BootBackup-LinuxTSPlus20_boot_clone0105-BKPAUTCITEL-20250522-1906
2025-05-22 19:06:21,112 - INFO - 
🔍 Processando boot volume: FGW-CITE-CLIENTES-CLONE2904
2025-05-22 19:06:21,408 - INFO - ✅ Backup criado: BootBackup-FGW-CITE-CLIENTES-CLONE2904-BKPAUTCITEL-20250522-1906
2025-05-22 19:06:21,989 - INFO - 
🔍 Processando boot volume: LinuxData013_clone06052025
2025-05-22 19:06:22,113 - WARNING - ⚠️ Tentativa 1: Limite de requisições. Aguardando 1s...
2025-05-22 19:06:26,044 - WARNING - ⚠️ Tentativa 2: Limite de requisições. Aguardando 2s...
2025-05-22 19:06:32,212 - INFO - ✅ Backup criado: BootBackup-LinuxData013_clone06052025-BKPAUTCITEL-20250522-1906
2025-05-22 19:06:32,820 - INFO - 
✅ Execução concluída com sucesso
