2025-05-22 21:08:38,955 - INFO - 
🔍 Processando block volume: LinuxTSPlus1_clone070525
2025-05-22 21:08:39,242 - INFO - ✅ Backup criado: BlockBackup-LinuxTSPlus1_clone070525-BKPAUTCITEL-20250522-2108
2025-05-22 21:08:39,768 - INFO - 
🔍 Processando block volume: Banco1LinuxTSPlus2_clone070525
2025-05-22 21:08:40,039 - INFO - ✅ Backup criado: BlockBackup-Banco1LinuxTSPlus2_clone070525-BKPAUTCITEL-20250522-2108
2025-05-22 21:08:40,573 - INFO - 
🔍 Processando block volume: Banco1LinuxTSPlus4_clone070525
2025-05-22 21:08:40,847 - INFO - ✅ Backup criado: BlockBackup-Banco1LinuxTSPlus4_clone070525-BKPAUTCITEL-20250522-2108
2025-05-22 21:08:41,360 - INFO - 
🔍 Processando block volume: Banco2LinuxTSPlus4_clone070525
2025-05-22 21:08:41,483 - WARNING - ⚠️ Tentativa 1: Limite de requisições. Aguardando 5s...
2025-05-22 21:08:50,837 - INFO - ✅ Backup criado: BlockBackup-Banco2LinuxTSPlus4_clone070525-BKPAUTCITEL-20250522-2108
2025-05-22 21:08:51,352 - INFO - 
🔍 Processando block volume: Banco2LinuxTSPlus7_clone070525
2025-05-22 21:08:51,476 - WARNING - ⚠️ Tentativa 1: Limite de requisições. Aguardando 5s...
2025-05-22 21:09:00,361 - WARNING - ⚠️ Tentativa 2: Limite de requisições. Aguardando 10s...
2025-05-22 21:09:11,618 - INFO - ✅ Backup criado: BlockBackup-Banco2LinuxTSPlus7_clone070525-BKPAUTCITEL-20250522-2108
2025-05-22 21:09:12,137 - INFO - 
🔍 Processando block volume: Banco1LinuxTSPlus8_clone070525
2025-05-22 21:09:12,269 - WARNING - ⚠️ Tentativa 1: Limite de requisições. Aguardando 5s...
2025-05-22 21:09:21,380 - INFO - ✅ Backup criado: BlockBackup-Banco1LinuxTSPlus8_clone070525-BKPAUTCITEL-20250522-2109
2025-05-22 21:09:21,897 - INFO - 
🔍 Processando block volume: Banco1LinuxTSPlus9_clone070525
2025-05-22 21:09:22,189 - INFO - ✅ Backup criado: BlockBackup-Banco1LinuxTSPlus9_clone070525-BKPAUTCITEL-20250522-2109
2025-05-22 21:09:22,740 - INFO - 
🔍 Processando block volume: Banco1LinuxTSPlus12_clone070525
2025-05-22 21:09:23,013 - INFO - ✅ Backup criado: BlockBackup-Banco1LinuxTSPlus12_clone070525-BKPAUTCITEL-20250522-2109
2025-05-22 21:09:23,555 - INFO - 
🔍 Processando block volume: Banco2LinuxTSPlus13_clone070525
2025-05-22 21:09:23,677 - WARNING - ⚠️ Tentativa 1: Limite de requisições. Aguardando 5s...
2025-05-22 21:09:29,654 - INFO - ✅ Backup criado: BlockBackup-Banco2LinuxTSPlus13_clone070525-BKPAUTCITEL-20250522-2109
2025-05-22 21:09:30,192 - INFO - 
🔍 Processando block volume: BancoUbertintasTSPlus14_clone070525
2025-05-22 21:09:30,495 - INFO - ✅ Backup criado: BlockBackup-BancoUbertintasTSPlus14_clone070525-BKPAUTCITEL-20250522-2109
2025-05-22 21:09:31,046 - INFO - 
🔍 Processando block volume: Banco2LinuxTSPlus14_clone070525
2025-05-22 21:09:31,169 - WARNING - ⚠️ Tentativa 1: Limite de requisições. Aguardando 5s...
2025-05-22 21:09:36,784 - WARNING - ⚠️ Tentativa 2: Limite de requisições. Aguardando 10s...
2025-05-22 21:09:47,797 - WARNING - ⚠️ Tentativa 3: Limite de requisições. Aguardando 20s...
2025-05-22 21:10:10,298 - INFO - ✅ Backup criado: BlockBackup-Banco2LinuxTSPlus14_clone070525-BKPAUTCITEL-20250522-2109
2025-05-22 21:10:10,867 - INFO - 
🔍 Processando block volume: Banco1LinuxTSPlus16_clone070525
2025-05-22 21:10:11,165 - INFO - ✅ Backup criado: BlockBackup-Banco1LinuxTSPlus16_clone070525-BKPAUTCITEL-20250522-2110
2025-05-22 21:10:11,694 - INFO - 
🔍 Processando block volume: Banco2LinuxBR5_clone070525
2025-05-22 21:10:11,993 - INFO - ✅ Backup criado: BlockBackup-Banco2LinuxBR5_clone070525-BKPAUTCITEL-20250522-2110
2025-05-22 21:10:12,534 - INFO - 
🔍 Processando block volume: Banco2LinuxTSPlus18_clone070525
2025-05-22 21:10:12,867 - INFO - ✅ Backup criado: BlockBackup-Banco2LinuxTSPlus18_clone070525-BKPAUTCITEL-20250522-2110
2025-05-22 21:10:13,376 - INFO - 
🔍 Processando block volume: Banco1LinuxTSPlus19_clone070525
2025-05-22 21:10:13,509 - WARNING - ⚠️ Tentativa 1: Limite de requisições. Aguardando 5s...
2025-05-22 21:10:20,660 - INFO - ✅ Backup criado: BlockBackup-Banco1LinuxTSPlus19_clone070525-BKPAUTCITEL-20250522-2110
2025-05-22 21:10:21,177 - INFO - 
🔍 Processando block volume: Banco4LinuxTSPlus10_clone070525
2025-05-22 21:10:21,472 - INFO - ✅ Backup criado: BlockBackup-Banco4LinuxTSPlus10_clone070525-BKPAUTCITEL-20250522-2110
2025-05-22 21:10:22,010 - INFO - 
🔍 Processando block volume: Banco1LinuxTSPlus20_clone070525
2025-05-22 21:10:22,133 - WARNING - ⚠️ Tentativa 1: Limite de requisições. Aguardando 5s...
2025-05-22 21:10:30,300 - WARNING - ⚠️ Tentativa 2: Limite de requisições. Aguardando 10s...
2025-05-22 21:10:41,940 - INFO - ✅ Backup criado: BlockBackup-Banco1LinuxTSPlus20_clone070525-BKPAUTCITEL-20250522-2110
2025-05-22 21:10:42,461 - INFO - 
🔍 Processando block volume: Banco1LinuxTSPlus22_clone070525
2025-05-22 21:10:42,736 - INFO - ✅ Backup criado: BlockBackup-Banco1LinuxTSPlus22_clone070525-BKPAUTCITEL-20250522-2110
2025-05-22 21:10:43,260 - INFO - 
🔍 Processando block volume: Banco3LinuxTSPlus1_clone070525
2025-05-22 21:10:43,575 - INFO - ✅ Backup criado: BlockBackup-Banco3LinuxTSPlus1_clone070525-BKPAUTCITEL-20250522-2110
2025-05-22 21:10:44,084 - INFO - 
🔍 Processando block volume: Banco1LinuxTSPlus24_clone070525
2025-05-22 21:10:44,206 - WARNING - ⚠️ Tentativa 1: Limite de requisições. Aguardando 5s...
2025-05-22 21:10:53,049 - WARNING - ⚠️ Tentativa 2: Limite de requisições. Aguardando 10s...
2025-05-22 21:11:06,608 - WARNING - ⚠️ Tentativa 3: Limite de requisições. Aguardando 20s...
2025-05-22 21:11:30,190 - INFO - ✅ Backup criado: BlockBackup-Banco1LinuxTSPlus24_clone070525-BKPAUTCITEL-20250522-2110
2025-05-22 21:11:30,748 - INFO - 
🔍 Processando block volume: Banco3LinuxTSPlus9_clone070525
2025-05-22 21:11:31,049 - INFO - ✅ Backup criado: BlockBackup-Banco3LinuxTSPlus9_clone070525-BKPAUTCITEL-20250522-2111
2025-05-22 21:11:31,573 - INFO - 
🔍 Processando block volume: Banco_PalacioFerramentas_clone070525
2025-05-22 21:11:31,972 - INFO - ✅ Backup criado: BlockBackup-Banco_PalacioFerramentas_clone070525-BKPAUTCITEL-20250522-2111
2025-05-22 21:11:32,505 - INFO - 
🔍 Processando block volume: Banco1LinuxTSPlus25_clone070525
2025-05-22 21:11:32,788 - INFO - ✅ Backup criado: BlockBackup-Banco1LinuxTSPlus25_clone070525-BKPAUTCITEL-20250522-2111
2025-05-22 21:11:33,307 - INFO - 
🔍 Processando block volume: Banco1LinuxTSPlus26_clone070525
2025-05-22 21:11:33,578 - INFO - ✅ Backup criado: BlockBackup-Banco1LinuxTSPlus26_clone070525-BKPAUTCITEL-20250522-2111
2025-05-22 21:11:34,128 - INFO - 
🔍 Processando block volume: Banco2LinuxTSPlus12_clone070525
2025-05-22 21:11:34,393 - INFO - ✅ Backup criado: BlockBackup-Banco2LinuxTSPlus12_clone070525-BKPAUTCITEL-20250522-2111
2025-05-22 21:11:34,911 - INFO - 
🔍 Processando block volume: Banco2LinuxTSPlus28_clone070525
2025-05-22 21:11:35,034 - WARNING - ⚠️ Tentativa 1: Limite de requisições. Aguardando 5s...
2025-05-22 21:11:41,240 - INFO - ✅ Backup criado: BlockBackup-Banco2LinuxTSPlus28_clone070525-BKPAUTCITEL-20250522-2111
2025-05-22 21:11:41,788 - INFO - 
🔍 Processando block volume: Banco1LinuxTSPlus29_clone070525
2025-05-22 21:11:41,920 - WARNING - ⚠️ Tentativa 1: Limite de requisições. Aguardando 5s...
2025-05-22 21:11:52,218 - INFO - ✅ Backup criado: BlockBackup-Banco1LinuxTSPlus29_clone070525-BKPAUTCITEL-20250522-2111
2025-05-22 21:11:52,740 - INFO - 
🔍 Processando block volume: Banco1LinuxTSPlus30_clone070525
2025-05-22 21:11:53,007 - INFO - ✅ Backup criado: BlockBackup-Banco1LinuxTSPlus30_clone070525-BKPAUTCITEL-20250522-2111
2025-05-22 21:11:53,529 - INFO - 
🔍 Processando block volume: Banco3LinuxTSPlus6_clone070525
2025-05-22 21:11:53,877 - INFO - ✅ Backup criado: BlockBackup-Banco3LinuxTSPlus6_clone070525-BKPAUTCITEL-20250522-2111
2025-05-22 21:11:54,399 - INFO - 
🔍 Processando block volume: Banco1LinuxTSPLUS32_clone070525
2025-05-22 21:11:54,737 - INFO - ✅ Backup criado: BlockBackup-Banco1LinuxTSPLUS32_clone070525-BKPAUTCITEL-20250522-2111
2025-05-22 21:11:55,256 - INFO - 
🔍 Processando block volume: Banco1LinuxTSPLUS33_clone070525
2025-05-22 21:11:55,545 - INFO - ✅ Backup criado: BlockBackup-Banco1LinuxTSPLUS33_clone070525-BKPAUTCITEL-20250522-2111
2025-05-22 21:11:56,063 - INFO - 
🔍 Processando block volume: Banco1LinuxTSPLUS34_clone070525
2025-05-22 21:11:56,353 - INFO - ✅ Backup criado: BlockBackup-Banco1LinuxTSPLUS34_clone070525-BKPAUTCITEL-20250522-2111
2025-05-22 21:11:56,892 - INFO - 
🔍 Processando block volume: Banco1LinuxTSPLUS36_clone070525
2025-05-22 21:11:57,245 - INFO - ✅ Backup criado: BlockBackup-Banco1LinuxTSPLUS36_clone070525-BKPAUTCITEL-20250522-2111
2025-05-22 21:11:57,773 - INFO - 
🔍 Processando block volume: Banco1LinuxTSPLUS37_clone070525
2025-05-22 21:11:58,059 - INFO - ✅ Backup criado: BlockBackup-Banco1LinuxTSPLUS37_clone070525-BKPAUTCITEL-20250522-2111
2025-05-22 21:11:58,637 - INFO - 
🔍 Processando block volume: Banco1LinuxTSPLUS40_clone070525
2025-05-22 21:11:58,760 - WARNING - ⚠️ Tentativa 1: Limite de requisições. Aguardando 5s...
2025-05-22 21:12:07,255 - WARNING - ⚠️ Tentativa 2: Limite de requisições. Aguardando 10s...
2025-05-22 21:12:19,039 - INFO - ✅ Backup criado: BlockBackup-Banco1LinuxTSPLUS40_clone070525-BKPAUTCITEL-20250522-2111
2025-05-22 21:12:19,573 - INFO - 
🔍 Processando block volume: Banco1LinuxTSPLUS41_clone070525
2025-05-22 21:12:19,849 - INFO - ✅ Backup criado: BlockBackup-Banco1LinuxTSPLUS41_clone070525-BKPAUTCITEL-20250522-2112
2025-05-22 21:12:20,441 - INFO - 
🔍 Processando block volume: Banco3LinuxBR5_clone070525
2025-05-22 21:12:20,728 - INFO - ✅ Backup criado: BlockBackup-Banco3LinuxBR5_clone070525-BKPAUTCITEL-20250522-2112
2025-05-22 21:12:21,247 - INFO - 
🔍 Processando block volume: Banco1LinuxTSPLUS43_clone070525
2025-05-22 21:12:21,370 - WARNING - ⚠️ Tentativa 1: Limite de requisições. Aguardando 5s...
2025-05-22 21:12:27,773 - WARNING - ⚠️ Tentativa 2: Limite de requisições. Aguardando 10s...
2025-05-22 21:12:40,024 - WARNING - ⚠️ Tentativa 3: Limite de requisições. Aguardando 20s...
2025-05-22 21:13:04,586 - INFO - ✅ Backup criado: BlockBackup-Banco1LinuxTSPLUS43_clone070525-BKPAUTCITEL-20250522-2112
2025-05-22 21:13:05,113 - INFO - 
🔍 Processando block volume: Banco1LinuxTSPlus11_clone070525
2025-05-22 21:13:05,397 - INFO - ✅ Backup criado: BlockBackup-Banco1LinuxTSPlus11_clone070525-BKPAUTCITEL-20250522-2113
2025-05-22 21:13:05,917 - INFO - 
🔍 Processando block volume: Banco2LinuxTSPLUS65_clone070525
2025-05-22 21:13:06,200 - INFO - ✅ Backup criado: BlockBackup-Banco2LinuxTSPLUS65_clone070525-BKPAUTCITEL-20250522-2113
2025-05-22 21:13:06,725 - INFO - 
🔍 Processando block volume: Banco2LinuxTSPlus17_clone070525
2025-05-22 21:13:06,848 - WARNING - ⚠️ Tentativa 1: Limite de requisições. Aguardando 5s...
2025-05-22 21:13:16,727 - WARNING - ⚠️ Tentativa 2: Limite de requisições. Aguardando 10s...
2025-05-22 21:13:29,524 - INFO - ✅ Backup criado: BlockBackup-Banco2LinuxTSPlus17_clone070525-BKPAUTCITEL-20250522-2113
2025-05-22 21:13:30,051 - INFO - 
🔍 Processando block volume: Banco3LinuxTSPlus8_clone070525
2025-05-22 21:13:30,423 - INFO - ✅ Backup criado: BlockBackup-Banco3LinuxTSPlus8_clone070525-BKPAUTCITEL-20250522-2113
2025-05-22 21:13:30,988 - INFO - 
🔍 Processando block volume: Banco 1 OracleBr48_clone070525
2025-05-22 21:13:31,281 - INFO - ✅ Backup criado: BlockBackup-Banco 1 OracleBr48_clone070525-BKPAUTCITEL-20250522-2113
2025-05-22 21:13:31,802 - INFO - 
🔍 Processando block volume: Banco5LinuxTSPlus10_clone070525
2025-05-22 21:13:32,077 - INFO - ✅ Backup criado: BlockBackup-Banco5LinuxTSPlus10_clone070525-BKPAUTCITEL-20250522-2113
2025-05-22 21:13:32,611 - INFO - 
🔍 Processando block volume: Banco1LinuxTSPlus50_clone070525
2025-05-22 21:13:32,920 - INFO - ✅ Backup criado: BlockBackup-Banco1LinuxTSPlus50_clone070525-BKPAUTCITEL-20250522-2113
2025-05-22 21:13:33,439 - INFO - 
🔍 Processando block volume: Banco2LinuxTSPlus20_clone070525
2025-05-22 21:13:33,728 - INFO - ✅ Backup criado: BlockBackup-Banco2LinuxTSPlus20_clone070525-BKPAUTCITEL-20250522-2113
2025-05-22 21:13:34,244 - INFO - 
🔍 Processando block volume: BancoPRODBelaTintas_clone070525
2025-05-22 21:13:34,371 - WARNING - ⚠️ Tentativa 1: Limite de requisições. Aguardando 5s...
2025-05-22 21:13:44,699 - INFO - ✅ Backup criado: BlockBackup-BancoPRODBelaTintas_clone070525-BKPAUTCITEL-20250522-2113
2025-05-22 21:13:45,223 - INFO - 
🔍 Processando block volume: BancoPRODJRPais_clone070525
2025-05-22 21:13:45,346 - WARNING - ⚠️ Tentativa 1: Limite de requisições. Aguardando 5s...
2025-05-22 21:13:51,457 - WARNING - ⚠️ Tentativa 2: Limite de requisições. Aguardando 10s...
2025-05-22 21:14:04,764 - INFO - ✅ Backup criado: BlockBackup-BancoPRODJRPais_clone070525-BKPAUTCITEL-20250522-2113
2025-05-22 21:14:05,291 - INFO - 
🔍 Processando block volume: Banco3LinuxTSPlus7_clone070525
2025-05-22 21:14:05,414 - WARNING - ⚠️ Tentativa 1: Limite de requisições. Aguardando 5s...
2025-05-22 21:14:11,967 - INFO - ✅ Backup criado: BlockBackup-Banco3LinuxTSPlus7_clone070525-BKPAUTCITEL-20250522-2114
2025-05-22 21:14:12,497 - INFO - 
🔍 Processando block volume: Banco1BR55_clone070525
2025-05-22 21:14:12,786 - INFO - ✅ Backup criado: BlockBackup-Banco1BR55_clone070525-BKPAUTCITEL-20250522-2114
2025-05-22 21:14:13,307 - INFO - 
🔍 Processando block volume: BancoLinux59_clone070525
2025-05-22 21:14:13,587 - INFO - ✅ Backup criado: BlockBackup-BancoLinux59_clone070525-BKPAUTCITEL-20250522-2114
2025-05-22 21:14:14,114 - INFO - 
🔍 Processando block volume: Banco2LinuxBR21_clone070525
2025-05-22 21:14:14,426 - INFO - ✅ Backup criado: BlockBackup-Banco2LinuxBR21_clone070525-BKPAUTCITEL-20250522-2114
2025-05-22 21:14:14,943 - INFO - 
🔍 Processando block volume: Banco2Linux59_clone070525
2025-05-22 21:14:15,270 - INFO - ✅ Backup criado: BlockBackup-Banco2Linux59_clone070525-BKPAUTCITEL-20250522-2114
2025-05-22 21:14:15,779 - INFO - 
🔍 Processando block volume: Banco2BR24_clone070525
2025-05-22 21:14:15,902 - WARNING - ⚠️ Tentativa 1: Limite de requisições. Aguardando 5s...
2025-05-22 21:14:24,058 - INFO - ✅ Backup criado: BlockBackup-Banco2BR24_clone070525-BKPAUTCITEL-20250522-2114
2025-05-22 21:14:24,573 - INFO - 
🔍 Processando block volume: Banco2BR33_clone070525
2025-05-22 21:14:24,696 - WARNING - ⚠️ Tentativa 1: Limite de requisições. Aguardando 5s...
2025-05-22 21:14:31,316 - INFO - ✅ Backup criado: BlockBackup-Banco2BR33_clone070525-BKPAUTCITEL-20250522-2114
2025-05-22 21:14:31,879 - INFO - 
🔍 Processando block volume: Banco1LinuxTSPLUS65_clone070525
2025-05-22 21:14:32,231 - INFO - ✅ Backup criado: BlockBackup-Banco1LinuxTSPLUS65_clone070525-BKPAUTCITEL-20250522-2114
2025-05-22 21:14:32,761 - INFO - 
🔍 Processando block volume: BancoBR_72_clone070525
2025-05-22 21:14:32,884 - WARNING - ⚠️ Tentativa 1: Limite de requisições. Aguardando 5s...
2025-05-22 21:14:43,329 - INFO - ✅ Backup criado: BlockBackup-BancoBR_72_clone070525-BKPAUTCITEL-20250522-2114
2025-05-22 21:14:43,852 - INFO - 
🔍 Processando block volume: Banco1LinuxTSPlus18_clone070525
2025-05-22 21:14:43,974 - WARNING - ⚠️ Tentativa 1: Limite de requisições. Aguardando 5s...
2025-05-22 21:14:52,654 - WARNING - ⚠️ Tentativa 2: Limite de requisições. Aguardando 10s...
2025-05-22 21:15:04,152 - INFO - ✅ Backup criado: BlockBackup-Banco1LinuxTSPlus18_clone070525-BKPAUTCITEL-20250522-2114
2025-05-22 21:15:04,670 - INFO - 
🔍 Processando block volume: LinuxDataBelaTintas_clone070525
2025-05-22 21:15:04,943 - INFO - ✅ Backup criado: BlockBackup-LinuxDataBelaTintas_clone070525-BKPAUTCITEL-20250522-2115
2025-05-22 21:15:05,476 - INFO - 
🔍 Processando block volume: Banco2LinuxTSPlus22_clone070525
2025-05-22 21:15:05,767 - INFO - ✅ Backup criado: BlockBackup-Banco2LinuxTSPlus22_clone070525-BKPAUTCITEL-20250522-2115
2025-05-22 21:15:06,305 - INFO - 
🔍 Processando block volume: Banco2LinuxTSPLUS32_clone070525
2025-05-22 21:15:06,429 - WARNING - ⚠️ Tentativa 1: Limite de requisições. Aguardando 5s...
2025-05-22 21:15:12,831 - INFO - ✅ Backup criado: BlockBackup-Banco2LinuxTSPLUS32_clone070525-BKPAUTCITEL-20250522-2115
2025-05-22 21:15:13,359 - INFO - 
🔍 Processando block volume: Bancos2_BR29_clone070525
2025-05-22 21:15:13,639 - INFO - ✅ Backup criado: BlockBackup-Bancos2_BR29_clone070525-BKPAUTCITEL-20250522-2115
2025-05-22 21:15:14,158 - INFO - 
🔍 Processando block volume: Bancos4_BR9_clone070525
2025-05-22 21:15:14,281 - WARNING - ⚠️ Tentativa 1: Limite de requisições. Aguardando 5s...
2025-05-22 21:15:23,027 - INFO - ✅ Backup criado: BlockBackup-Bancos4_BR9_clone070525-BKPAUTCITEL-20250522-2115
2025-05-22 21:15:23,565 - INFO - 
🔍 Processando block volume: Bancos3_BR12_clone070525
2025-05-22 21:15:23,869 - INFO - ✅ Backup criado: BlockBackup-Bancos3_BR12_clone070525-BKPAUTCITEL-20250522-2115
2025-05-22 21:15:24,389 - INFO - 
🔍 Processando block volume: Bancos2_BR34_clone070525
2025-05-22 21:15:24,646 - INFO - ✅ Backup criado: BlockBackup-Bancos2_BR34_clone070525-BKPAUTCITEL-20250522-2115
2025-05-22 21:15:25,182 - INFO - 
🔍 Processando block volume: Bancos3_BR29_clone070525
2025-05-22 21:15:25,459 - INFO - ✅ Backup criado: BlockBackup-Bancos3_BR29_clone070525-BKPAUTCITEL-20250522-2115
2025-05-22 21:15:25,981 - INFO - 
🔍 Processando block volume: Banco3_BR7_clone070525
2025-05-22 21:15:26,274 - INFO - ✅ Backup criado: BlockBackup-Banco3_BR7_clone070525-BKPAUTCITEL-20250522-2115
2025-05-22 21:15:26,787 - INFO - 
🔍 Processando block volume: Bancos2_BR02_clone070525
2025-05-22 21:15:26,910 - WARNING - ⚠️ Tentativa 1: Limite de requisições. Aguardando 5s...
2025-05-22 21:15:36,385 - INFO - ✅ Backup criado: BlockBackup-Bancos2_BR02_clone070525-BKPAUTCITEL-20250522-2115
2025-05-22 21:15:36,910 - INFO - 
🔍 Processando block volume: Bancos4_BR18_clone070525
2025-05-22 21:15:37,216 - INFO - ✅ Backup criado: BlockBackup-Bancos4_BR18_clone070525-BKPAUTCITEL-20250522-2115
2025-05-22 21:15:37,735 - INFO - 
🔍 Processando block volume: Bancos4_BR01_clone070525
2025-05-22 21:15:38,033 - INFO - ✅ Backup criado: BlockBackup-Bancos4_BR01_clone070525-BKPAUTCITEL-20250522-2115
2025-05-22 21:15:38,583 - INFO - 
🔍 Processando block volume: Bancos3_BR13_clone070525
2025-05-22 21:15:38,707 - WARNING - ⚠️ Tentativa 1: Limite de requisições. Aguardando 5s...
2025-05-22 21:15:44,713 - INFO - ✅ Backup criado: BlockBackup-Bancos3_BR13_clone070525-BKPAUTCITEL-20250522-2115
2025-05-22 21:15:45,245 - INFO - 
🔍 Processando block volume: Banco3_BR4_clone070525
2025-05-22 21:15:45,529 - INFO - ✅ Backup criado: BlockBackup-Banco3_BR4_clone070525-BKPAUTCITEL-20250522-2115
2025-05-22 21:15:46,062 - INFO - 
🔍 Processando block volume: Banco2LinuxTSPlus16_clone070525
2025-05-22 21:15:46,185 - WARNING - ⚠️ Tentativa 1: Limite de requisições. Aguardando 5s...
2025-05-22 21:15:55,957 - WARNING - ⚠️ Tentativa 2: Limite de requisições. Aguardando 10s...
2025-05-22 21:16:09,157 - INFO - ✅ Backup criado: BlockBackup-Banco2LinuxTSPlus16_clone070525-BKPAUTCITEL-20250522-2115
2025-05-22 21:16:09,689 - INFO - 
🔍 Processando block volume: BKO Palacio TKT 651385_clone070525
2025-05-22 21:16:09,814 - WARNING - ⚠️ Tentativa 1: Limite de requisições. Aguardando 5s...
2025-05-22 21:16:18,870 - INFO - ✅ Backup criado: BlockBackup-BKO Palacio TKT 651385_clone070525-BKPAUTCITEL-20250522-2116
2025-05-22 21:16:19,403 - INFO - 
🔍 Processando block volume: Banco4LinuxTSPlus6_clone070525
2025-05-22 21:16:19,526 - WARNING - ⚠️ Tentativa 1: Limite de requisições. Aguardando 5s...
2025-05-22 21:16:25,543 - INFO - ✅ Backup criado: BlockBackup-Banco4LinuxTSPlus6_clone070525-BKPAUTCITEL-20250522-2116
2025-05-22 21:16:26,062 - INFO - 
🔍 Processando block volume: Banco2BR_72_clone070525
2025-05-22 21:16:26,185 - WARNING - ⚠️ Tentativa 1: Limite de requisições. Aguardando 5s...
2025-05-22 21:16:32,293 - WARNING - ⚠️ Tentativa 2: Limite de requisições. Aguardando 10s...
2025-05-22 21:16:43,206 - INFO - ✅ Backup criado: BlockBackup-Banco2BR_72_clone070525-BKPAUTCITEL-20250522-2116
2025-05-22 21:16:43,732 - INFO - 
🔍 Processando block volume: Bancos3_BR25_clone070525
2025-05-22 21:16:44,010 - INFO - ✅ Backup criado: BlockBackup-Bancos3_BR25_clone070525-BKPAUTCITEL-20250522-2116
2025-05-22 21:16:44,608 - INFO - 
🔍 Processando block volume: bancos3_BR28_clone070525
2025-05-22 21:16:44,733 - WARNING - ⚠️ Tentativa 1: Limite de requisições. Aguardando 5s...
2025-05-22 21:16:51,655 - INFO - ✅ Backup criado: BlockBackup-bancos3_BR28_clone070525-BKPAUTCITEL-20250522-2116
2025-05-22 21:16:52,175 - INFO - 
🔍 Processando block volume: GeB_clone070525
2025-05-22 21:16:52,446 - INFO - ✅ Backup criado: BlockBackup-GeB_clone070525-BKPAUTCITEL-20250522-2116
2025-05-22 21:16:52,978 - INFO - 
🔍 Processando block volume: Banco3_BR20_clone070525
2025-05-22 21:16:53,248 - INFO - ✅ Backup criado: BlockBackup-Banco3_BR20_clone070525-BKPAUTCITEL-20250522-2116
2025-05-22 21:16:53,771 - INFO - 
🔍 Processando block volume: Bancos3_BR34_clone070525
2025-05-22 21:16:54,061 - INFO - ✅ Backup criado: BlockBackup-Bancos3_BR34_clone070525-BKPAUTCITEL-20250522-2116
2025-05-22 21:16:54,610 - INFO - 
🔍 Processando block volume: Banco_Darka_clone070525
2025-05-22 21:16:54,899 - INFO - ✅ Backup criado: BlockBackup-Banco_Darka_clone070525-BKPAUTCITEL-20250522-2116
2025-05-22 21:16:55,430 - INFO - 
🔍 Processando block volume: Banco4LinuxTSPlus7_clone070525
2025-05-22 21:16:55,721 - INFO - ✅ Backup criado: BlockBackup-Banco4LinuxTSPlus7_clone070525-BKPAUTCITEL-20250522-2116
2025-05-22 21:16:56,239 - INFO - 
🔍 Processando block volume: Banco4LinuxTSPlus20_clone070525
2025-05-22 21:16:56,532 - INFO - ✅ Backup criado: BlockBackup-Banco4LinuxTSPlus20_clone070525-BKPAUTCITEL-20250522-2116
2025-05-22 21:16:57,055 - INFO - 
🔍 Processando block volume: Bancos4_BR13_clone070525
2025-05-22 21:16:57,347 - INFO - ✅ Backup criado: BlockBackup-Bancos4_BR13_clone070525-BKPAUTCITEL-20250522-2116
2025-05-22 21:16:57,863 - INFO - 
🔍 Processando block volume: Banco2LinuxTSPLUS37_clone070525
2025-05-22 21:16:58,165 - INFO - ✅ Backup criado: BlockBackup-Banco2LinuxTSPLUS37_clone070525-BKPAUTCITEL-20250522-2116
2025-05-22 21:16:58,686 - INFO - 
🔍 Processando block volume: BackupGeB_clone070525
2025-05-22 21:16:58,810 - WARNING - ⚠️ Tentativa 1: Limite de requisições. Aguardando 5s...
2025-05-22 21:17:06,355 - WARNING - ⚠️ Tentativa 2: Limite de requisições. Aguardando 10s...
2025-05-22 21:17:19,442 - INFO - ✅ Backup criado: BlockBackup-BackupGeB_clone070525-BKPAUTCITEL-20250522-2116
2025-05-22 21:17:19,981 - INFO - 
🔍 Processando block volume: BancoGeB_clone070525
2025-05-22 21:17:20,105 - WARNING - ⚠️ Tentativa 1: Limite de requisições. Aguardando 5s...
2025-05-22 21:17:26,054 - INFO - ✅ Backup criado: BlockBackup-BancoGeB_clone070525-BKPAUTCITEL-20250522-2117
2025-05-22 21:17:26,581 - INFO - 
🔍 Processando block volume: Banco3BR55_clone070525
2025-05-22 21:17:26,704 - WARNING - ⚠️ Tentativa 1: Limite de requisições. Aguardando 5s...
2025-05-22 21:17:33,229 - INFO - ✅ Backup criado: BlockBackup-Banco3BR55_clone070525-BKPAUTCITEL-20250522-2117
2025-05-22 21:17:33,752 - INFO - 
🔍 Processando block volume: Bancos5_BR1_clone070525
2025-05-22 21:17:33,876 - WARNING - ⚠️ Tentativa 1: Limite de requisições. Aguardando 5s...
2025-05-22 21:17:42,154 - WARNING - ⚠️ Tentativa 2: Limite de requisições. Aguardando 10s...
2025-05-22 21:17:54,958 - INFO - ✅ Backup criado: BlockBackup-Bancos5_BR1_clone070525-BKPAUTCITEL-20250522-2117
2025-05-22 21:17:55,485 - INFO - 
🔍 Processando block volume: Banco3LinuxTSPlus19_clone070525
2025-05-22 21:17:55,775 - INFO - ✅ Backup criado: BlockBackup-Banco3LinuxTSPlus19_clone070525-BKPAUTCITEL-20250522-2117
2025-05-22 21:17:56,290 - INFO - 
🔍 Processando block volume: BackupCoresVivas TKT 902822_clone070525
2025-05-22 21:17:56,545 - INFO - ✅ Backup criado: BlockBackup-BackupCoresVivas TKT 902822_clone070525-BKPAUTCITEL-20250522-2117
2025-05-22 21:17:57,063 - INFO - 
🔍 Processando block volume: bkpBoomerVinicius_clone070525
2025-05-22 21:17:57,359 - INFO - ✅ Backup criado: BlockBackup-bkpBoomerVinicius_clone070525-BKPAUTCITEL-20250522-2117
2025-05-22 21:17:57,875 - INFO - 
🔍 Processando block volume: GeB2_clone070525
2025-05-22 21:17:58,154 - INFO - ✅ Backup criado: BlockBackup-GeB2_clone070525-BKPAUTCITEL-20250522-2117
2025-05-22 21:17:58,667 - INFO - 
🔍 Processando block volume: bkpParque1014464_clone070525
2025-05-22 21:17:58,793 - WARNING - ⚠️ Tentativa 1: Limite de requisições. Aguardando 5s...
2025-05-22 21:18:09,000 - INFO - ✅ Backup criado: BlockBackup-bkpParque1014464_clone070525-BKPAUTCITEL-20250522-2117
2025-05-22 21:18:09,590 - INFO - 
🔍 Processando block volume: bkpPedrao1020442_clone070525
2025-05-22 21:18:09,892 - INFO - ✅ Backup criado: BlockBackup-bkpPedrao1020442_clone070525-BKPAUTCITEL-20250522-2118
2025-05-22 21:18:10,416 - INFO - 
🔍 Processando block volume: Backup_BR34_1031161_clone070525
2025-05-22 21:18:10,539 - WARNING - ⚠️ Tentativa 1: Limite de requisições. Aguardando 5s...
2025-05-22 21:18:16,847 - INFO - ✅ Backup criado: BlockBackup-Backup_BR34_1031161_clone070525-BKPAUTCITEL-20250522-2118
2025-05-22 21:18:17,366 - INFO - 
🔍 Processando block volume: Banco3LinuxTSPLUS65_clone070525
2025-05-22 21:18:17,489 - WARNING - ⚠️ Tentativa 1: Limite de requisições. Aguardando 5s...
2025-05-22 21:18:26,669 - WARNING - ⚠️ Tentativa 2: Limite de requisições. Aguardando 10s...
2025-05-22 21:18:37,910 - WARNING - ⚠️ Tentativa 3: Limite de requisições. Aguardando 20s...
2025-05-22 21:19:01,622 - INFO - ✅ Backup criado: BlockBackup-Banco3LinuxTSPLUS65_clone070525-BKPAUTCITEL-20250522-2118
2025-05-22 21:19:02,153 - INFO - 
🔍 Processando block volume: Banco3LinuxTSPlus22_clone070525
2025-05-22 21:19:02,425 - INFO - ✅ Backup criado: BlockBackup-Banco3LinuxTSPlus22_clone070525-BKPAUTCITEL-20250522-2119
2025-05-22 21:19:02,951 - INFO - 
🔍 Processando block volume: BinariosLinuxTSPLUS65_clone070525
2025-05-22 21:19:03,248 - INFO - ✅ Backup criado: BlockBackup-BinariosLinuxTSPLUS65_clone070525-BKPAUTCITEL-20250522-2119
2025-05-22 21:19:03,772 - INFO - 
🔍 Processando block volume: GeB BancoTeste tkt 1048932_clone070525
2025-05-22 21:19:04,124 - INFO - ✅ Backup criado: BlockBackup-GeB BancoTeste tkt 1048932_clone070525-BKPAUTCITEL-20250522-2119
2025-05-22 21:19:04,657 - INFO - 
🔍 Processando block volume: Banco2LinuxTSPlus19_BelaTintas_clone070525
2025-05-22 21:19:04,940 - INFO - ✅ Backup criado: BlockBackup-Banco2LinuxTSPlus19_BelaTintas_clone070525-BKPAUTCITEL-20250522-2119
2025-05-22 21:19:05,474 - INFO - 
🔍 Processando block volume: Banco1LinuxTSPlus11_clone2904_clone070525
2025-05-22 21:19:05,776 - INFO - ✅ Backup criado: BlockBackup-Banco1LinuxTSPlus11_clone2904_clone070525-BKPAUTCITEL-20250522-2119
2025-05-22 21:19:06,288 - INFO - 
🔍 Processando block volume: LinuxTSPlus11_BancoPRODJRPais_clone2904_clone070525
2025-05-22 21:19:06,411 - WARNING - ⚠️ Tentativa 1: Limite de requisições. Aguardando 5s...
2025-05-22 21:19:13,464 - INFO - ✅ Backup criado: BlockBackup-LinuxTSPlus11_BancoPRODJRPais_clone2904_clone070525-BKPAUTCITEL-20250522-2119
2025-05-22 21:19:13,991 - INFO - 
🔍 Processando block volume: LinuxTSPlus30_Banco1LinuxTSPlus30_clone2904_clone070525
2025-05-22 21:19:14,114 - WARNING - ⚠️ Tentativa 1: Limite de requisições. Aguardando 5s...
2025-05-22 21:19:23,996 - INFO - ✅ Backup criado: BlockBackup-LinuxTSPlus30_Banco1LinuxTSPlus30_clone2904_clone070525-BKPAUTCITEL-20250522-2119
2025-05-22 21:19:24,529 - INFO - 
🔍 Processando block volume: Banco-1-LinuxData012_clone070525
2025-05-22 21:19:24,653 - WARNING - ⚠️ Tentativa 1: Limite de requisições. Aguardando 5s...
2025-05-22 21:19:32,160 - WARNING - ⚠️ Tentativa 2: Limite de requisições. Aguardando 10s...
2025-05-22 21:19:43,165 - INFO - ✅ Backup criado: BlockBackup-Banco-1-LinuxData012_clone070525-BKPAUTCITEL-20250522-2119
2025-05-22 21:19:43,683 - INFO - 
🔍 Processando block volume: Banco2-LinuxData012_clone070525
2025-05-22 21:19:43,806 - WARNING - ⚠️ Tentativa 1: Limite de requisições. Aguardando 5s...
2025-05-22 21:19:52,260 - INFO - ✅ Backup criado: BlockBackup-Banco2-LinuxData012_clone070525-BKPAUTCITEL-20250522-2119
2025-05-22 21:19:52,777 - INFO - 
🔍 Processando block volume: Banco3-LinuxData012_clone070525
2025-05-22 21:19:53,043 - INFO - ✅ Backup criado: BlockBackup-Banco3-LinuxData012_clone070525-BKPAUTCITEL-20250522-2119
2025-05-22 21:19:53,619 - INFO - 
🔍 Processando block volume: LinuxTSPlus10_BKOPalacioTKT651385_clone2904_clone070525
2025-05-22 21:19:53,947 - INFO - ✅ Backup criado: BlockBackup-LinuxTSPlus10_BKOPalacioTKT651385_clone2904_clone070525-BKPAUTCITEL-20250522-2119
2025-05-22 21:19:54,467 - INFO - 
🔍 Processando block volume: LinuxTSPlus10_Banco4LinuxTSPlus10_clone2904_clone070525
2025-05-22 21:19:54,733 - INFO - ✅ Backup criado: BlockBackup-LinuxTSPlus10_Banco4LinuxTSPlus10_clone2904_clone070525-BKPAUTCITEL-20250522-2119
2025-05-22 21:19:55,270 - INFO - 
🔍 Processando block volume: LinuxTSPlus10_Banco5LinuxTSPlus10_clone2904_clone070525
2025-05-22 21:19:55,553 - INFO - ✅ Backup criado: BlockBackup-LinuxTSPlus10_Banco5LinuxTSPlus10_clone2904_clone070525-BKPAUTCITEL-20250522-2119
2025-05-22 21:19:56,077 - INFO - 
🔍 Processando block volume: LinuxTSPlus10_GeB_clone2904_clone070525
2025-05-22 21:19:56,370 - INFO - ✅ Backup criado: BlockBackup-LinuxTSPlus10_GeB_clone2904_clone070525-BKPAUTCITEL-20250522-2119
2025-05-22 21:19:56,885 - INFO - 
🔍 Processando block volume: LinuxTSPlus55_Banco1BR55_clone2904_clone070525
2025-05-22 21:19:57,178 - INFO - ✅ Backup criado: BlockBackup-LinuxTSPlus55_Banco1BR55_clone2904_clone070525-BKPAUTCITEL-20250522-2119
2025-05-22 21:19:57,706 - INFO - 
🔍 Processando block volume: LinuxTSPlus55_Banco3BR55_clone2904_clone070525
2025-05-22 21:19:57,829 - WARNING - ⚠️ Tentativa 1: Limite de requisições. Aguardando 5s...
2025-05-22 21:20:03,648 - WARNING - ⚠️ Tentativa 2: Limite de requisições. Aguardando 10s...
2025-05-22 21:20:19,061 - WARNING - ⚠️ Tentativa 3: Limite de requisições. Aguardando 20s...
2025-05-22 21:20:39,772 - WARNING - ⚠️ Tentativa 4: Limite de requisições. Aguardando 40s...
2025-05-22 21:21:24,448 - INFO - ✅ Backup criado: BlockBackup-LinuxTSPlus55_Banco3BR55_clone2904_clone070525-BKPAUTCITEL-20250522-2119
2025-05-22 21:21:24,968 - INFO - 
🔍 Processando block volume: LinuxTSPlus65_Banco1LinuxTSPLUS65_clone2904_clone070525
2025-05-22 21:21:25,263 - INFO - ✅ Backup criado: BlockBackup-LinuxTSPlus65_Banco1LinuxTSPLUS65_clone2904_clone070525-BKPAUTCITEL-20250522-2121
2025-05-22 21:21:25,782 - INFO - 
🔍 Processando block volume: LinuxTSPlus65_Banco2LinuxTSPLUS65_clone2904_clone070525
2025-05-22 21:21:26,180 - INFO - ✅ Backup criado: BlockBackup-LinuxTSPlus65_Banco2LinuxTSPLUS65_clone2904_clone070525-BKPAUTCITEL-20250522-2121
2025-05-22 21:21:26,698 - INFO - 
🔍 Processando block volume: LinuxTSPlus65_Banco3LinuxTSPLUS65_clone2904_clone070525
2025-05-22 21:21:26,970 - INFO - ✅ Backup criado: BlockBackup-LinuxTSPlus65_Banco3LinuxTSPLUS65_clone2904_clone070525-BKPAUTCITEL-20250522-2121
2025-05-22 21:21:27,506 - INFO - 
🔍 Processando block volume: LinuxTSPlus65_BinariosLinuxTSPLUS65_clone2904_clone070525
2025-05-22 21:21:27,822 - INFO - ✅ Backup criado: BlockBackup-LinuxTSPlus65_BinariosLinuxTSPLUS65_clone2904_clone070525-BKPAUTCITEL-20250522-2121
2025-05-22 21:21:28,345 - INFO - 
🔍 Processando block volume: LinuxTSPlus28_Banco2LinuxTSPlus28_clone2904_clone070525
2025-05-22 21:21:28,665 - INFO - ✅ Backup criado: BlockBackup-LinuxTSPlus28_Banco2LinuxTSPlus28_clone2904_clone070525-BKPAUTCITEL-20250522-2121
2025-05-22 21:21:29,176 - INFO - 
🔍 Processando block volume: LinuxTSPlus28_bancos3_BR28_clone2904_clone070525
2025-05-22 21:21:29,299 - WARNING - ⚠️ Tentativa 1: Limite de requisições. Aguardando 5s...
2025-05-22 21:21:39,706 - WARNING - ⚠️ Tentativa 2: Limite de requisições. Aguardando 10s...
2025-05-22 21:21:53,640 - WARNING - ⚠️ Tentativa 3: Limite de requisições. Aguardando 20s...
2025-05-22 21:22:18,204 - INFO - ✅ Backup criado: BlockBackup-LinuxTSPlus28_bancos3_BR28_clone2904_clone070525-BKPAUTCITEL-20250522-2121
2025-05-22 21:22:18,757 - INFO - 
🔍 Processando block volume: LinuxTSPlus29_Banco1LinuxTSPlus29_clone2904_clone070525
2025-05-22 21:22:19,078 - INFO - ✅ Backup criado: BlockBackup-LinuxTSPlus29_Banco1LinuxTSPlus29_clone2904_clone070525-BKPAUTCITEL-20250522-2122
2025-05-22 21:22:19,611 - INFO - 
🔍 Processando block volume: LinuxTSPlus29_Bancos2_BR29_clone2904_clone070525
2025-05-22 21:22:19,734 - WARNING - ⚠️ Tentativa 1: Limite de requisições. Aguardando 5s...
2025-05-22 21:22:26,604 - INFO - ✅ Backup criado: BlockBackup-LinuxTSPlus29_Bancos2_BR29_clone2904_clone070525-BKPAUTCITEL-20250522-2122
2025-05-22 21:22:27,119 - INFO - 
🔍 Processando block volume: LinuxTSPlus29_Bancos3_BR29_clone2904_clone070525
2025-05-22 21:22:27,390 - INFO - ✅ Backup criado: BlockBackup-LinuxTSPlus29_Bancos3_BR29_clone2904_clone070525-BKPAUTCITEL-20250522-2122
2025-05-22 21:22:27,917 - INFO - 
🔍 Processando block volume: LinuxTSPlus72_Banco2BR_72_clone2904_clone070525
2025-05-22 21:22:28,198 - INFO - ✅ Backup criado: BlockBackup-LinuxTSPlus72_Banco2BR_72_clone2904_clone070525-BKPAUTCITEL-20250522-2122
2025-05-22 21:22:28,725 - INFO - 
🔍 Processando block volume: LinuxTSPlus72_BancoBR_clone2904_clone070525
2025-05-22 21:22:29,014 - INFO - ✅ Backup criado: BlockBackup-LinuxTSPlus72_BancoBR_clone2904_clone070525-BKPAUTCITEL-20250522-2122
2025-05-22 21:22:29,534 - INFO - 
🔍 Processando block volume: LinuxTSPlus43_Banco1LinuxTSPLUS43_clone2904_clone070525
2025-05-22 21:22:29,848 - INFO - ✅ Backup criado: BlockBackup-LinuxTSPlus43_Banco1LinuxTSPLUS43_clone2904_clone070525-BKPAUTCITEL-20250522-2122
2025-05-22 21:22:30,362 - INFO - 
🔍 Processando block volume: LinuxTSPlus43_HD4-LinuxDBA_clone2904_clone070525
2025-05-22 21:22:30,485 - WARNING - ⚠️ Tentativa 1: Limite de requisições. Aguardando 5s...
2025-05-22 21:22:36,093 - WARNING - ⚠️ Tentativa 2: Limite de requisições. Aguardando 10s...
2025-05-22 21:22:49,074 - INFO - ✅ Backup criado: BlockBackup-LinuxTSPlus43_HD4-LinuxDBA_clone2904_clone070525-BKPAUTCITEL-20250522-2122
2025-05-22 21:22:49,600 - INFO - 
🔍 Processando block volume: LinuxTSPlus50_Banco1LinuxTSPlus50_clone2904_clone070525
2025-05-22 21:22:49,982 - INFO - ✅ Backup criado: BlockBackup-LinuxTSPlus50_Banco1LinuxTSPlus50_clone2904_clone070525-BKPAUTCITEL-20250522-2122
2025-05-22 21:22:50,502 - INFO - 
🔍 Processando block volume: LinuxTSPlus37_Banco1LinuxTSPLUS37_clone2904_clone070525
2025-05-22 21:22:50,822 - INFO - ✅ Backup criado: BlockBackup-LinuxTSPlus37_Banco1LinuxTSPLUS37_clone2904_clone070525-BKPAUTCITEL-20250522-2122
2025-05-22 21:22:51,338 - INFO - 
🔍 Processando block volume: LinuxTSPlus37_Banco2LinuxTSPLUS37_clone2904_clone070525
2025-05-22 21:22:51,629 - INFO - ✅ Backup criado: BlockBackup-LinuxTSPlus37_Banco2LinuxTSPLUS37_clone2904_clone070525-BKPAUTCITEL-20250522-2122
2025-05-22 21:22:52,160 - INFO - 
🔍 Processando block volume: LinuxTSPlus37_Banco1LinuxTSPLUS40_clone2904_clone070525
2025-05-22 21:22:52,434 - INFO - ✅ Backup criado: BlockBackup-LinuxTSPlus37_Banco1LinuxTSPLUS40_clone2904_clone070525-BKPAUTCITEL-20250522-2122
2025-05-22 21:22:52,976 - INFO - 
🔍 Processando block volume: LinuxTSPlus32_Banco1LinuxTSPLUS32_clone2904_clone070525
2025-05-22 21:22:53,257 - INFO - ✅ Backup criado: BlockBackup-LinuxTSPlus32_Banco1LinuxTSPLUS32_clone2904_clone070525-BKPAUTCITEL-20250522-2122
2025-05-22 21:22:53,779 - INFO - 
🔍 Processando block volume: LinuxTSPlus32_Banco2LinuxTSPLUS32_clone2904_clone070525
2025-05-22 21:22:53,901 - WARNING - ⚠️ Tentativa 1: Limite de requisições. Aguardando 5s...
2025-05-22 21:23:02,922 - INFO - ✅ Backup criado: BlockBackup-LinuxTSPlus32_Banco2LinuxTSPLUS32_clone2904_clone070525-BKPAUTCITEL-20250522-2122
2025-05-22 21:23:03,447 - INFO - 
🔍 Processando block volume: LinuxTSPlus2_Banco1LinuxTSPlus2_clone2904_clone070525
2025-05-22 21:23:03,570 - WARNING - ⚠️ Tentativa 1: Limite de requisições. Aguardando 5s...
2025-05-22 21:23:09,091 - WARNING - ⚠️ Tentativa 2: Limite de requisições. Aguardando 10s...
2025-05-22 21:23:22,242 - WARNING - ⚠️ Tentativa 3: Limite de requisições. Aguardando 20s...
2025-05-22 21:23:43,621 - INFO - ✅ Backup criado: BlockBackup-LinuxTSPlus2_Banco1LinuxTSPlus2_clone2904_clone070525-BKPAUTCITEL-20250522-2123
2025-05-22 21:23:44,138 - INFO - 
🔍 Processando block volume: LinuxTSPlus2_Banco_PalacioFerramentas_clone2904_clone070525
2025-05-22 21:23:44,392 - INFO - ✅ Backup criado: BlockBackup-LinuxTSPlus2_Banco_PalacioFerramentas_clone2904_clone070525-BKPAUTCITEL-20250522-2123
2025-05-22 21:23:44,926 - INFO - 
🔍 Processando block volume: LinuxTSPlus2_Bancos2_BR02_clone2904_clone070525
2025-05-22 21:23:45,054 - WARNING - ⚠️ Tentativa 1: Limite de requisições. Aguardando 5s...
2025-05-22 21:23:52,391 - INFO - ✅ Backup criado: BlockBackup-LinuxTSPlus2_Bancos2_BR02_clone2904_clone070525-BKPAUTCITEL-20250522-2123
2025-05-22 21:23:52,915 - INFO - 
🔍 Processando block volume: LinuxTSPlus25_Banco1LinuxTSPlus25_clone2904_clone070525
2025-05-22 21:23:53,191 - INFO - ✅ Backup criado: BlockBackup-LinuxTSPlus25_Banco1LinuxTSPlus25_clone2904_clone070525-BKPAUTCITEL-20250522-2123
2025-05-22 21:23:53,711 - INFO - 
🔍 Processando block volume: LinuxTSPlus25_Bancos3_BR25_clone2904_clone070525
2025-05-22 21:23:53,963 - INFO - ✅ Backup criado: BlockBackup-LinuxTSPlus25_Bancos3_BR25_clone2904_clone070525-BKPAUTCITEL-20250522-2123
2025-05-22 21:23:54,499 - INFO - 
🔍 Processando block volume: LinuxTSPlus1_Banco3LinuxTSPlus1_clone2904_clone070525
2025-05-22 21:23:54,781 - INFO - ✅ Backup criado: BlockBackup-LinuxTSPlus1_Banco3LinuxTSPlus1_clone2904_clone070525-BKPAUTCITEL-20250522-2123
2025-05-22 21:23:55,287 - INFO - 
🔍 Processando block volume: LinuxTSPlus1_Bancos4_BR01_clone2904_clone070525
2025-05-22 21:23:55,410 - WARNING - ⚠️ Tentativa 1: Limite de requisições. Aguardando 5s...
2025-05-22 21:24:01,076 - INFO - ✅ Backup criado: BlockBackup-LinuxTSPlus1_Bancos4_BR01_clone2904_clone070525-BKPAUTCITEL-20250522-2123
2025-05-22 21:24:01,606 - INFO - 
🔍 Processando block volume: LinuxTSPlus1_Bancos5_BR1_clone2904_clone070525
2025-05-22 21:24:01,941 - INFO - ✅ Backup criado: BlockBackup-LinuxTSPlus1_Bancos5_BR1_clone2904_clone070525-BKPAUTCITEL-20250522-2124
2025-05-22 21:24:02,461 - INFO - 
🔍 Processando block volume: LinuxTSPlus1_blockvolume_clone2904_clone070525
2025-05-22 21:24:02,584 - WARNING - ⚠️ Tentativa 1: Limite de requisições. Aguardando 5s...
2025-05-22 21:24:10,034 - INFO - ✅ Backup criado: BlockBackup-LinuxTSPlus1_blockvolume_clone2904_clone070525-BKPAUTCITEL-20250522-2124
2025-05-22 21:24:10,552 - INFO - 
🔍 Processando block volume: Banco2-LinuxData013_clone070525
2025-05-22 21:24:10,676 - WARNING - ⚠️ Tentativa 1: Limite de requisições. Aguardando 5s...
2025-05-22 21:24:19,577 - INFO - ✅ Backup criado: BlockBackup-Banco2-LinuxData013_clone070525-BKPAUTCITEL-20250522-2124
2025-05-22 21:24:20,093 - INFO - 
🔍 Processando block volume: Banco3-LinuxData013_clone070525
2025-05-22 21:24:20,215 - WARNING - ⚠️ Tentativa 1: Limite de requisições. Aguardando 5s...
2025-05-22 21:24:30,632 - INFO - ✅ Backup criado: BlockBackup-Banco3-LinuxData013_clone070525-BKPAUTCITEL-20250522-2124
2025-05-22 21:24:31,194 - INFO - 
🔍 Processando block volume: Banco1-LinuxData013_clone070525
2025-05-22 21:24:31,317 - WARNING - ⚠️ Tentativa 1: Limite de requisições. Aguardando 5s...
2025-05-22 21:24:41,868 - INFO - ✅ Backup criado: BlockBackup-Banco1-LinuxData013_clone070525-BKPAUTCITEL-20250522-2124
2025-05-22 21:24:42,390 - INFO - 
🔍 Processando block volume: LinuxTSPlus14_BackupCoresVivas TKT 902822_clone2904_clone070525
2025-05-22 21:24:42,513 - WARNING - ⚠️ Tentativa 1: Limite de requisições. Aguardando 5s...
2025-05-22 21:24:49,681 - INFO - ✅ Backup criado: BlockBackup-LinuxTSPlus14_BackupCoresVivas TKT 902822_clone2904_clone070525-BKPAUTCITEL-20250522-2124
2025-05-22 21:24:50,226 - INFO - 
🔍 Processando block volume: LinuxTSPlus14_Banco2LinuxTSPlus14_clone2904_clone070525
2025-05-22 21:24:50,532 - INFO - ✅ Backup criado: BlockBackup-LinuxTSPlus14_Banco2LinuxTSPlus14_clone2904_clone070525-BKPAUTCITEL-20250522-2124
2025-05-22 21:24:51,054 - INFO - 
🔍 Processando block volume: LinuxTSPlus9-Banco1LinuxTSPlus9-clone2904_clone070525
2025-05-22 21:24:51,318 - INFO - ✅ Backup criado: BlockBackup-LinuxTSPlus9-Banco1LinuxTSPlus9-clone2904_clone070525-BKPAUTCITEL-20250522-2124
2025-05-22 21:24:51,837 - INFO - 
🔍 Processando block volume: LinuxTSPlus9-Banco3LinuxTSPlus9-clone2904_clone070525
2025-05-22 21:24:51,960 - WARNING - ⚠️ Tentativa 1: Limite de requisições. Aguardando 5s...
2025-05-22 21:25:02,504 - INFO - ✅ Backup criado: BlockBackup-LinuxTSPlus9-Banco3LinuxTSPlus9-clone2904_clone070525-BKPAUTCITEL-20250522-2124
2025-05-22 21:25:03,030 - INFO - 
🔍 Processando block volume: LinuxTSPlus14_BancoUbertintasTSPlus14_clone2904_clone070525
2025-05-22 21:25:03,158 - WARNING - ⚠️ Tentativa 1: Limite de requisições. Aguardando 5s...
2025-05-22 21:25:12,354 - INFO - ✅ Backup criado: BlockBackup-LinuxTSPlus14_BancoUbertintasTSPlus14_clone2904_clone070525-BKPAUTCITEL-20250522-2125
2025-05-22 21:25:12,874 - INFO - 
🔍 Processando block volume: LinuxTSPlus9-Bancos4_BR9-clone2904_clone070525
2025-05-22 21:25:13,184 - INFO - ✅ Backup criado: BlockBackup-LinuxTSPlus9-Bancos4_BR9-clone2904_clone070525-BKPAUTCITEL-20250522-2125
2025-05-22 21:25:13,714 - INFO - 
🔍 Processando block volume: LinuxTSPlus8-Banco1LinuxTSPlus8-clone2904_clone070525
2025-05-22 21:25:14,002 - INFO - ✅ Backup criado: BlockBackup-LinuxTSPlus8-Banco1LinuxTSPlus8-clone2904_clone070525-BKPAUTCITEL-20250522-2125
2025-05-22 21:25:14,526 - INFO - 
🔍 Processando block volume: LinuxTSPlus8-Banco3LinuxTSPlus8-clone2904_clone070525
2025-05-22 21:25:14,789 - INFO - ✅ Backup criado: BlockBackup-LinuxTSPlus8-Banco3LinuxTSPlus8-clone2904_clone070525-BKPAUTCITEL-20250522-2125
2025-05-22 21:25:15,315 - INFO - 
🔍 Processando block volume: LinuxTSPlus16_Banco1LinuxTSPlus16_clone2904_clone070525
2025-05-22 21:25:15,438 - WARNING - ⚠️ Tentativa 1: Limite de requisições. Aguardando 5s...
2025-05-22 21:25:23,852 - INFO - ✅ Backup criado: BlockBackup-LinuxTSPlus16_Banco1LinuxTSPlus16_clone2904_clone070525-BKPAUTCITEL-20250522-2125
2025-05-22 21:25:24,373 - INFO - 
🔍 Processando block volume: LinuxTSPlus16_Banco2LinuxTSPlus16_clone2904_clone070525
2025-05-22 21:25:24,496 - WARNING - ⚠️ Tentativa 1: Limite de requisições. Aguardando 5s...
2025-05-22 21:25:30,666 - INFO - ✅ Backup criado: BlockBackup-LinuxTSPlus16_Banco2LinuxTSPlus16_clone2904_clone070525-BKPAUTCITEL-20250522-2125
2025-05-22 21:25:31,185 - INFO - 
🔍 Processando block volume: LinuxTSPlus7-Banco2LinuxTSPlus7-block-clone2904_clone070525
2025-05-22 21:25:31,307 - WARNING - ⚠️ Tentativa 1: Limite de requisições. Aguardando 5s...
2025-05-22 21:25:39,960 - INFO - ✅ Backup criado: BlockBackup-LinuxTSPlus7-Banco2LinuxTSPlus7-block-clone2904_clone070525-BKPAUTCITEL-20250522-2125
2025-05-22 21:25:40,479 - INFO - 
🔍 Processando block volume: LinuxTSPlus7-Banco3LinuxTSPlus7-block-clone2904_clone070525
2025-05-22 21:25:40,771 - INFO - ✅ Backup criado: BlockBackup-LinuxTSPlus7-Banco3LinuxTSPlus7-block-clone2904_clone070525-BKPAUTCITEL-20250522-2125
2025-05-22 21:25:41,295 - INFO - 
🔍 Processando block volume: LinuxTSPlus7-Banco3_BR7-block-clone2904_clone070525
2025-05-22 21:25:41,418 - WARNING - ⚠️ Tentativa 1: Limite de requisições. Aguardando 5s...
2025-05-22 21:25:48,975 - WARNING - ⚠️ Tentativa 2: Limite de requisições. Aguardando 10s...
2025-05-22 21:25:59,731 - INFO - ✅ Backup criado: BlockBackup-LinuxTSPlus7-Banco3_BR7-block-clone2904_clone070525-BKPAUTCITEL-20250522-2125
2025-05-22 21:26:00,253 - INFO - 
🔍 Processando block volume: LinuxTSPlus17_Banco2LinuxTSPlus17_clone2904_clone070525
2025-05-22 21:26:00,553 - INFO - ✅ Backup criado: BlockBackup-LinuxTSPlus17_Banco2LinuxTSPlus17_clone2904_clone070525-BKPAUTCITEL-20250522-2126
2025-05-22 21:26:01,125 - INFO - 
🔍 Processando block volume: LinuxTSPlus17_BancoPRODBelaTintas_clone2904_clone070525
2025-05-22 21:26:01,422 - INFO - ✅ Backup criado: BlockBackup-LinuxTSPlus17_BancoPRODBelaTintas_clone2904_clone070525-BKPAUTCITEL-20250522-2126
2025-05-22 21:26:01,946 - INFO - 
🔍 Processando block volume: LinuxTSPlus17_HD5-LinuxDBAs_clone2904_clone070525
2025-05-22 21:26:02,069 - WARNING - ⚠️ Tentativa 1: Limite de requisições. Aguardando 5s...
2025-05-22 21:26:10,864 - INFO - ✅ Backup criado: BlockBackup-LinuxTSPlus17_HD5-LinuxDBAs_clone2904_clone070525-BKPAUTCITEL-20250522-2126
2025-05-22 21:26:11,401 - INFO - 
🔍 Processando block volume: LinuxTSPlus6-Banco3LinuxTSPlus6-block-clone2904_clone070525
2025-05-22 21:26:11,733 - INFO - ✅ Backup criado: BlockBackup-LinuxTSPlus6-Banco3LinuxTSPlus6-block-clone2904_clone070525-BKPAUTCITEL-20250522-2126
2025-05-22 21:26:12,242 - INFO - 
🔍 Processando block volume: LinuxTSPlus6-Banco4LinuxTSPlus6-block-clone2904_clone070525
2025-05-22 21:26:12,365 - WARNING - ⚠️ Tentativa 1: Limite de requisições. Aguardando 5s...
2025-05-22 21:26:19,406 - INFO - ✅ Backup criado: BlockBackup-LinuxTSPlus6-Banco4LinuxTSPlus6-block-clone2904_clone070525-BKPAUTCITEL-20250522-2126
2025-05-22 21:26:19,930 - INFO - 
🔍 Processando block volume: LinuxTSPlus18-Banco1LinuxTSPlus18-block-2904_clone070525
2025-05-22 21:26:20,054 - WARNING - ⚠️ Tentativa 1: Limite de requisições. Aguardando 5s...
2025-05-22 21:26:29,845 - INFO - ✅ Backup criado: BlockBackup-LinuxTSPlus18-Banco1LinuxTSPlus18-block-2904_clone070525-BKPAUTCITEL-20250522-2126
2025-05-22 21:26:30,360 - INFO - 
🔍 Processando block volume: LinuxTSPlus18-Banco2LinuxTSPlus18-block-2904_clone070525
2025-05-22 21:26:30,651 - INFO - ✅ Backup criado: BlockBackup-LinuxTSPlus18-Banco2LinuxTSPlus18-block-2904_clone070525-BKPAUTCITEL-20250522-2126
2025-05-22 21:26:31,170 - INFO - 
🔍 Processando block volume: LinuxTSPlus18-Bancos4_BR18-block-2904_clone070525
2025-05-22 21:26:31,528 - INFO - ✅ Backup criado: BlockBackup-LinuxTSPlus18-Bancos4_BR18-block-2904_clone070525-BKPAUTCITEL-20250522-2126
2025-05-22 21:26:32,044 - INFO - 
🔍 Processando block volume: LinuxTsplus59-Banco2Linux59-block-clone2904_clone070525
2025-05-22 21:26:32,166 - WARNING - ⚠️ Tentativa 1: Limite de requisições. Aguardando 5s...
2025-05-22 21:26:41,085 - INFO - ✅ Backup criado: BlockBackup-LinuxTsplus59-Banco2Linux59-block-clone2904_clone070525-BKPAUTCITEL-20250522-2126
2025-05-22 21:26:41,609 - INFO - 
🔍 Processando block volume: LinuxTsplus59-BancoLinux59-block-clone2904_clone070525
2025-05-22 21:26:41,731 - WARNING - ⚠️ Tentativa 1: Limite de requisições. Aguardando 5s...
2025-05-22 21:26:52,116 - INFO - ✅ Backup criado: BlockBackup-LinuxTsplus59-BancoLinux59-block-clone2904_clone070525-BKPAUTCITEL-20250522-2126
2025-05-22 21:26:52,630 - INFO - 
🔍 Processando block volume: LinuxTSPlus19_Banco1LinuxTSPlus19_clone2904_clone070525
2025-05-22 21:26:52,906 - INFO - ✅ Backup criado: BlockBackup-LinuxTSPlus19_Banco1LinuxTSPlus19_clone2904_clone070525-BKPAUTCITEL-20250522-2126
2025-05-22 21:26:53,438 - INFO - 
🔍 Processando block volume: LinuxTSPlus19_Banco3LinuxTSPlus19_clone2904_clone070525
2025-05-22 21:26:53,561 - WARNING - ⚠️ Tentativa 1: Limite de requisições. Aguardando 5s...
2025-05-22 21:27:04,207 - INFO - ✅ Backup criado: BlockBackup-LinuxTSPlus19_Banco3LinuxTSPlus19_clone2904_clone070525-BKPAUTCITEL-20250522-2126
2025-05-22 21:27:04,735 - INFO - 
🔍 Processando block volume: LinuxTSPlus20_Banco1LinuxTSPlus20_clone2904_clone070525
2025-05-22 21:27:04,858 - WARNING - ⚠️ Tentativa 1: Limite de requisições. Aguardando 5s...
2025-05-22 21:27:13,875 - INFO - ✅ Backup criado: BlockBackup-LinuxTSPlus20_Banco1LinuxTSPlus20_clone2904_clone070525-BKPAUTCITEL-20250522-2127
2025-05-22 21:27:14,398 - INFO - 
🔍 Processando block volume: LinuxTSPlus20_Banco2LinuxTSPlus20_clone2904_clone070525
2025-05-22 21:27:14,686 - INFO - ✅ Backup criado: BlockBackup-LinuxTSPlus20_Banco2LinuxTSPlus20_clone2904_clone070525-BKPAUTCITEL-20250522-2127
2025-05-22 21:27:15,210 - INFO - 
🔍 Processando block volume: LinuxTSPlus20_Banco3_BR20_clone2904_clone070525
2025-05-22 21:27:15,333 - WARNING - ⚠️ Tentativa 1: Limite de requisições. Aguardando 5s...
2025-05-22 21:27:25,924 - INFO - ✅ Backup criado: BlockBackup-LinuxTSPlus20_Banco3_BR20_clone2904_clone070525-BKPAUTCITEL-20250522-2127
2025-05-22 21:27:26,451 - INFO - 
🔍 Processando block volume: LinuxTSPlus20_Banco4LinuxTSPlus20_clone2904_clone070525
2025-05-22 21:27:26,574 - WARNING - ⚠️ Tentativa 1: Limite de requisições. Aguardando 5s...
2025-05-22 21:27:36,471 - INFO - ✅ Backup criado: BlockBackup-LinuxTSPlus20_Banco4LinuxTSPlus20_clone2904_clone070525-BKPAUTCITEL-20250522-2127
2025-05-22 21:27:37,011 - INFO - 
🔍 Processando block volume: LinuxTSPlus5-Banco3LinuxBR5-block-clone2904_clone070525
2025-05-22 21:27:37,291 - INFO - ✅ Backup criado: BlockBackup-LinuxTSPlus5-Banco3LinuxBR5-block-clone2904_clone070525-BKPAUTCITEL-20250522-2127
2025-05-22 21:27:37,815 - INFO - 
🔍 Processando block volume: LinuxTSPlus5-Banco2LinuxBR5-block-clone2904_clone070525
2025-05-22 21:27:38,106 - INFO - ✅ Backup criado: BlockBackup-LinuxTSPlus5-Banco2LinuxBR5-block-clone2904_clone070525-BKPAUTCITEL-20250522-2127
2025-05-22 21:27:38,641 - INFO - 
🔍 Processando block volume: Banco1-LinuxData004_clone070525
2025-05-22 21:27:38,913 - INFO - ✅ Backup criado: BlockBackup-Banco1-LinuxData004_clone070525-BKPAUTCITEL-20250522-2127
2025-05-22 21:27:39,430 - INFO - 
🔍 Processando block volume: Banco2-LinuxData004_clone070525
2025-05-22 21:27:39,705 - INFO - ✅ Backup criado: BlockBackup-Banco2-LinuxData004_clone070525-BKPAUTCITEL-20250522-2127
2025-05-22 21:27:40,226 - INFO - 
🔍 Processando block volume: Banco3-LinuxData004_clone070525
2025-05-22 21:27:40,511 - INFO - ✅ Backup criado: BlockBackup-Banco3-LinuxData004_clone070525-BKPAUTCITEL-20250522-2127
2025-05-22 21:27:41,040 - INFO - 
🔍 Processando block volume: LinuxTSPlus48-block-Restore_clone070525
2025-05-22 21:27:41,333 - INFO - ✅ Backup criado: BlockBackup-LinuxTSPlus48-block-Restore_clone070525-BKPAUTCITEL-20250522-2127
2025-05-22 21:27:41,872 - INFO - 
🔍 Processando block volume: LinuxData007-Banco4_clone070525
2025-05-22 21:27:41,996 - WARNING - ⚠️ Tentativa 1: Limite de requisições. Aguardando 5s...
2025-05-22 21:27:47,679 - WARNING - ⚠️ Tentativa 2: Limite de requisições. Aguardando 10s...
2025-05-22 21:27:59,928 - INFO - ✅ Backup criado: BlockBackup-LinuxData007-Banco4_clone070525-BKPAUTCITEL-20250522-2127
2025-05-22 21:28:00,446 - INFO - 
🔍 Processando block volume: Banco2LinuxBR21-Restore_clone070525
2025-05-22 21:28:00,751 - INFO - ✅ Backup criado: BlockBackup-Banco2LinuxBR21-Restore_clone070525-BKPAUTCITEL-20250522-2128
2025-05-22 21:28:01,280 - INFO - 
🔍 Processando block volume: LinuxTSPlus41-block-Restore_clone070525
2025-05-22 21:28:01,403 - WARNING - ⚠️ Tentativa 1: Limite de requisições. Aguardando 5s...
2025-05-22 21:28:11,953 - INFO - ✅ Backup criado: BlockBackup-LinuxTSPlus41-block-Restore_clone070525-BKPAUTCITEL-20250522-2128
2025-05-22 21:28:12,474 - INFO - 
🔍 Processando block volume: Banco1LinuxTSPlus26-Restore_clone070525
2025-05-22 21:28:12,597 - WARNING - ⚠️ Tentativa 1: Limite de requisições. Aguardando 5s...
2025-05-22 21:28:18,735 - INFO - ✅ Backup criado: BlockBackup-Banco1LinuxTSPlus26-Restore_clone070525-BKPAUTCITEL-20250522-2128
2025-05-22 21:28:19,268 - INFO - 
🔍 Processando block volume: LinuxTSPlus36-block-Restore_clone070525
2025-05-22 21:28:19,391 - WARNING - ⚠️ Tentativa 1: Limite de requisições. Aguardando 5s...
2025-05-22 21:28:29,491 - INFO - ✅ Backup criado: BlockBackup-LinuxTSPlus36-block-Restore_clone070525-BKPAUTCITEL-20250522-2128
2025-05-22 21:28:30,014 - INFO - 
🔍 Processando block volume: LinuxTSPlus34-Bancos3_BR34-backup-Restore_clone070525
2025-05-22 21:28:30,322 - INFO - ✅ Backup criado: BlockBackup-LinuxTSPlus34-Bancos3_BR34-backup-Restore_clone070525-BKPAUTCITEL-20250522-2128
2025-05-22 21:28:30,847 - INFO - 
🔍 Processando block volume: LinuxTSPlus34-Bancos2_BR34-backup-Restore_clone070525
2025-05-22 21:28:31,157 - INFO - ✅ Backup criado: BlockBackup-LinuxTSPlus34-Bancos2_BR34-backup-Restore_clone070525-BKPAUTCITEL-20250522-2128
2025-05-22 21:28:31,688 - INFO - 
🔍 Processando block volume: Banco1LinuxTSPLUS33-Restore_clone070525
2025-05-22 21:28:31,962 - INFO - ✅ Backup criado: BlockBackup-Banco1LinuxTSPLUS33-Restore_clone070525-BKPAUTCITEL-20250522-2128
2025-05-22 21:28:32,479 - INFO - 
🔍 Processando block volume: Banco2BR33-Restore_clone070525
2025-05-22 21:28:32,601 - WARNING - ⚠️ Tentativa 1: Limite de requisições. Aguardando 5s...
2025-05-22 21:28:42,556 - INFO - ✅ Backup criado: BlockBackup-Banco2BR33-Restore_clone070525-BKPAUTCITEL-20250522-2128
2025-05-22 21:28:43,088 - INFO - 
🔍 Processando block volume: LinuxTSPlus34-Banco1LinuxTSPLUS34-backup-Restore_clone070525
2025-05-22 21:28:43,392 - INFO - ✅ Backup criado: BlockBackup-LinuxTSPlus34-Banco1LinuxTSPLUS34-backup-Restore_clone070525-BKPAUTCITEL-20250522-2128
2025-05-22 21:28:43,913 - INFO - 
🔍 Processando block volume: LinuxTSPlus1-Restore1_clone070525
2025-05-22 21:28:44,036 - WARNING - ⚠️ Tentativa 1: Limite de requisições. Aguardando 5s...
2025-05-22 21:28:51,820 - INFO - ✅ Backup criado: BlockBackup-LinuxTSPlus1-Restore1_clone070525-BKPAUTCITEL-20250522-2128
2025-05-22 21:28:52,349 - INFO - 
🔍 Processando block volume: Bancos5_BR1-Restore2_clone070525
2025-05-22 21:28:52,650 - INFO - ✅ Backup criado: BlockBackup-Bancos5_BR1-Restore2_clone070525-BKPAUTCITEL-20250522-2128
2025-05-22 21:28:53,170 - INFO - 
🔍 Processando block volume: Bancos4_BR01-Restore3_clone070525
2025-05-22 21:28:53,292 - WARNING - ⚠️ Tentativa 1: Limite de requisições. Aguardando 5s...
2025-05-22 21:29:01,786 - INFO - ✅ Backup criado: BlockBackup-Bancos4_BR01-Restore3_clone070525-BKPAUTCITEL-20250522-2128
2025-05-22 21:29:02,316 - INFO - 
🔍 Processando block volume: Banco3LinuxTSPlus1-Restore4_clone070525
2025-05-22 21:29:02,602 - INFO - ✅ Backup criado: BlockBackup-Banco3LinuxTSPlus1-Restore4_clone070525-BKPAUTCITEL-20250522-2129
2025-05-22 21:29:03,149 - INFO - 
🔍 Processando block volume: Banco1LinuxTSPlus24-Restore_clone070525
2025-05-22 21:29:03,271 - WARNING - ⚠️ Tentativa 1: Limite de requisições. Aguardando 5s...
2025-05-22 21:29:10,972 - WARNING - ⚠️ Tentativa 2: Limite de requisições. Aguardando 10s...
2025-05-22 21:29:22,041 - INFO - ✅ Backup criado: BlockBackup-Banco1LinuxTSPlus24-Restore_clone070525-BKPAUTCITEL-20250522-2129
2025-05-22 21:29:22,560 - INFO - 
🔍 Processando block volume: Banco1LinuxTSPlus22-Restore_clone070525
2025-05-22 21:29:22,682 - WARNING - ⚠️ Tentativa 1: Limite de requisições. Aguardando 5s...
2025-05-22 21:29:31,440 - WARNING - ⚠️ Tentativa 2: Limite de requisições. Aguardando 10s...
2025-05-22 21:29:45,232 - WARNING - ⚠️ Tentativa 3: Limite de requisições. Aguardando 20s...
2025-05-22 21:30:08,644 - INFO - ✅ Backup criado: BlockBackup-Banco1LinuxTSPlus22-Restore_clone070525-BKPAUTCITEL-20250522-2129
2025-05-22 21:30:09,171 - INFO - 
🔍 Processando block volume: Banco3LinuxTSPlus22-Restore_clone070525
2025-05-22 21:30:09,516 - INFO - ✅ Backup criado: BlockBackup-Banco3LinuxTSPlus22-Restore_clone070525-BKPAUTCITEL-20250522-2130
2025-05-22 21:30:10,106 - INFO - 
🔍 Processando block volume: Banco2LinuxTSPlus22-Restore_clone070525
2025-05-22 21:30:10,384 - INFO - ✅ Backup criado: BlockBackup-Banco2LinuxTSPlus22-Restore_clone070525-BKPAUTCITEL-20250522-2130
2025-05-22 21:30:10,898 - INFO - 
🔍 Processando block volume: LinuxData010-PalacioTKT651385_clone070525
2025-05-22 21:30:11,244 - INFO - ✅ Backup criado: BlockBackup-LinuxData010-PalacioTKT651385_clone070525-BKPAUTCITEL-20250522-2130
2025-05-22 21:30:11,768 - INFO - 
🔍 Processando block volume: LinuxData010-Banco4_clone070525
2025-05-22 21:30:12,059 - INFO - ✅ Backup criado: BlockBackup-LinuxData010-Banco4_clone070525-BKPAUTCITEL-20250522-2130
2025-05-22 21:30:12,583 - INFO - 
🔍 Processando block volume: LinuxData010-Banco5_clone070525
2025-05-22 21:30:12,901 - INFO - ✅ Backup criado: BlockBackup-LinuxData010-Banco5_clone070525-BKPAUTCITEL-20250522-2130
2025-05-22 21:30:13,434 - INFO - 
🔍 Processando block volume: LinuxData010-GeB_clone070525
2025-05-22 21:30:13,744 - INFO - ✅ Backup criado: BlockBackup-LinuxData010-GeB_clone070525-BKPAUTCITEL-20250522-2130
2025-05-22 21:30:14,277 - INFO - 
🔍 Processando block volume: Banco3LinuxTSPlus1-Restore4_copy_30-04-2025_clone070525
2025-05-22 21:30:14,554 - INFO - ✅ Backup criado: BlockBackup-Banco3LinuxTSPlus1-Restore4_copy_30-04-2025_clone070525-BKPAUTCITEL-20250522-2130
2025-05-22 21:30:15,079 - INFO - 
🔍 Processando block volume: Bancos5_BR1-Restore2_Copu_30-04-2025_clone070525
2025-05-22 21:30:15,368 - INFO - ✅ Backup criado: BlockBackup-Bancos5_BR1-Restore2_Copu_30-04-2025_clone070525-BKPAUTCITEL-20250522-2130
2025-05-22 21:30:16,103 - INFO - 
🔍 Processando block volume: LinuxTSPlus1-Restore1_Copy_30-04-2025_clone070525
2025-05-22 21:30:16,386 - INFO - ✅ Backup criado: BlockBackup-LinuxTSPlus1-Restore1_Copy_30-04-2025_clone070525-BKPAUTCITEL-20250522-2130
2025-05-22 21:30:16,913 - INFO - 
🔍 Processando block volume: Bancos4_BR01-Restore3_Copy_30-04-2025_clone070525
2025-05-22 21:30:17,190 - INFO - ✅ Backup criado: BlockBackup-Bancos4_BR01-Restore3_Copy_30-04-2025_clone070525-BKPAUTCITEL-20250522-2130
2025-05-22 21:30:17,721 - INFO - 
🔍 Processando block volume: Banco1LinuxTSPlus2_Copy_30-04-2025_clone070525
2025-05-22 21:30:17,844 - WARNING - ⚠️ Tentativa 1: Limite de requisições. Aguardando 5s...
2025-05-22 21:30:24,568 - WARNING - ⚠️ Tentativa 2: Limite de requisições. Aguardando 10s...
2025-05-22 21:30:38,022 - INFO - ✅ Backup criado: BlockBackup-Banco1LinuxTSPlus2_Copy_30-04-2025_clone070525-BKPAUTCITEL-20250522-2130
2025-05-22 21:30:38,542 - INFO - 
🔍 Processando block volume: Banco_PalacioFerramentas_Copy_30-04-2025_clone070525
2025-05-22 21:30:38,807 - INFO - ✅ Backup criado: BlockBackup-Banco_PalacioFerramentas_Copy_30-04-2025_clone070525-BKPAUTCITEL-20250522-2130
2025-05-22 21:30:39,335 - INFO - 
🔍 Processando block volume: LinuxData002_Bancos2_BR02_Copy_30-04-2025_clone070525
2025-05-22 21:30:39,608 - INFO - ✅ Backup criado: BlockBackup-LinuxData002_Bancos2_BR02_Copy_30-04-2025_clone070525-BKPAUTCITEL-20250522-2130
2025-05-22 21:30:40,154 - INFO - 
🔍 Processando block volume: LinuxData020-Banco3_BR20_clone070525
2025-05-22 21:30:40,444 - INFO - ✅ Backup criado: BlockBackup-LinuxData020-Banco3_BR20_clone070525-BKPAUTCITEL-20250522-2130
2025-05-22 21:30:40,968 - INFO - 
🔍 Processando block volume: Banco3_BR20-RESTORE_FILES_clone070525
2025-05-22 21:30:41,291 - INFO - ✅ Backup criado: BlockBackup-Banco3_BR20-RESTORE_FILES_clone070525-BKPAUTCITEL-20250522-2130
2025-05-22 21:30:41,827 - INFO - 
🔍 Processando block volume: LinuxData030_clone06052025_clone070525
2025-05-22 21:30:41,949 - WARNING - ⚠️ Tentativa 1: Limite de requisições. Aguardando 5s...
2025-05-22 21:30:49,225 - INFO - ✅ Backup criado: BlockBackup-LinuxData030_clone06052025_clone070525-BKPAUTCITEL-20250522-2130
2025-05-22 21:30:49,744 - INFO - 
🔍 Processando block volume: LinuxDataBelaTintas_Replica
2025-05-22 21:30:50,011 - INFO - ✅ Backup criado: BlockBackup-LinuxDataBelaTintas_Replica-BKPAUTCITEL-20250522-2130
2025-05-22 21:30:50,533 - INFO - 
🔍 Processando block volume: Banco3LinuxTSPlus1-Replica
2025-05-22 21:30:50,656 - WARNING - ⚠️ Tentativa 1: Limite de requisições. Aguardando 5s...
2025-05-22 21:30:57,930 - INFO - ✅ Backup criado: BlockBackup-Banco3LinuxTSPlus1-Replica-BKPAUTCITEL-20250522-2130
2025-05-22 21:30:58,452 - INFO - 
🔍 Processando block volume: Bancos4_BR01-Replica
2025-05-22 21:30:58,579 - WARNING - ⚠️ Tentativa 1: Limite de requisições. Aguardando 5s...
2025-05-22 21:31:06,133 - WARNING - ⚠️ Tentativa 2: Limite de requisições. Aguardando 10s...
2025-05-22 21:31:21,686 - INFO - ✅ Backup criado: BlockBackup-Bancos4_BR01-Replica-BKPAUTCITEL-20250522-2130
2025-05-22 21:31:22,243 - INFO - 
🔍 Processando block volume: Bancos5_BR1-Replica
2025-05-22 21:31:22,555 - INFO - ✅ Backup criado: BlockBackup-Bancos5_BR1-Replica-BKPAUTCITEL-20250522-2131
2025-05-22 21:31:23,090 - INFO - 
🔍 Processando block volume: LinuxTSPlus1-Replica
2025-05-22 21:31:23,374 - INFO - ✅ Backup criado: BlockBackup-LinuxTSPlus1-Replica-BKPAUTCITEL-20250522-2131
2025-05-22 21:31:23,893 - INFO - 
🔍 Processando block volume: Banco1-LinuxData004_Replica-Teste
2025-05-22 21:31:24,015 - WARNING - ⚠️ Tentativa 1: Limite de requisições. Aguardando 5s...
2025-05-22 21:31:32,622 - INFO - ✅ Backup criado: BlockBackup-Banco1-LinuxData004_Replica-Teste-BKPAUTCITEL-20250522-2131
2025-05-22 21:31:33,162 - INFO - 
✅ Execução concluída com sucesso
