2025-05-22 16:14:29,667 - INFO - 
🔍 Processando block volume: LinuxTSPlus1_clone070525
2025-05-22 16:14:30,029 - INFO - ✅ Backup criado: BlockBackup-LinuxTSPlus1_clone070525-BKPAUTCITEL-20250522-1614
2025-05-22 16:14:30,588 - INFO - 
🔍 Processando block volume: Banco1LinuxTSPlus2_clone070525
2025-05-22 16:14:30,939 - INFO - ✅ Backup criado: BlockBackup-Banco1LinuxTSPlus2_clone070525-BKPAUTCITEL-20250522-1614
2025-05-22 16:14:31,083 - INFO - 
🔍 Processando block volume: Banco1LinuxTSPlus4_clone070525
2025-05-22 16:14:31,491 - INFO - ✅ Backup criado: BlockBackup-Banco1LinuxTSPlus4_clone070525-BKPAUTCITEL-20250522-1614
2025-05-22 16:14:32,011 - INFO - 
🔍 Processando block volume: Banco2LinuxTSPlus4_clone070525
2025-05-22 16:14:32,377 - INFO - ✅ Backup criado: BlockBackup-Banco2LinuxTSPlus4_clone070525-BKPAUTCITEL-20250522-1614
2025-05-22 16:14:32,522 - INFO - 
🔍 Processando block volume: Banco2LinuxTSPlus7_clone070525
2025-05-22 16:14:32,793 - INFO - ✅ Backup criado: BlockBackup-Banco2LinuxTSPlus7_clone070525-BKPAUTCITEL-20250522-1614
2025-05-22 16:14:33,336 - INFO - 
🔍 Processando block volume: Banco1LinuxTSPlus8_clone070525
2025-05-22 16:14:33,622 - INFO - ✅ Backup criado: BlockBackup-Banco1LinuxTSPlus8_clone070525-BKPAUTCITEL-20250522-1614
2025-05-22 16:14:34,129 - INFO - 
🔍 Processando block volume: Banco1LinuxTSPlus9_clone070525
2025-05-22 16:14:34,252 - WARNING - ⚠️ Tentativa 1: Limite de requisições. Aguardando 5s...
2025-05-22 16:14:42,117 - INFO - ✅ Backup criado: BlockBackup-Banco1LinuxTSPlus9_clone070525-BKPAUTCITEL-20250522-1614
2025-05-22 16:14:42,278 - INFO - 
🔍 Processando block volume: Banco1LinuxTSPlus12_clone070525
2025-05-22 16:14:42,577 - INFO - ✅ Backup criado: BlockBackup-Banco1LinuxTSPlus12_clone070525-BKPAUTCITEL-20250522-1614
2025-05-22 16:14:43,095 - INFO - 
🔍 Processando block volume: Banco2LinuxTSPlus13_clone070525
2025-05-22 16:14:43,382 - INFO - ✅ Backup criado: BlockBackup-Banco2LinuxTSPlus13_clone070525-BKPAUTCITEL-20250522-1614
2025-05-22 16:14:43,912 - INFO - 
🔍 Processando block volume: BancoUbertintasTSPlus14_clone070525
2025-05-22 16:14:44,202 - INFO - ✅ Backup criado: BlockBackup-BancoUbertintasTSPlus14_clone070525-BKPAUTCITEL-20250522-1614
2025-05-22 16:14:44,342 - INFO - 
🔍 Processando block volume: Banco2LinuxTSPlus14_clone070525
2025-05-22 16:14:44,613 - INFO - ✅ Backup criado: BlockBackup-Banco2LinuxTSPlus14_clone070525-BKPAUTCITEL-20250522-1614
2025-05-22 16:14:45,148 - INFO - 
🔍 Processando block volume: Banco1LinuxTSPlus16_clone070525
2025-05-22 16:14:45,444 - INFO - ✅ Backup criado: BlockBackup-Banco1LinuxTSPlus16_clone070525-BKPAUTCITEL-20250522-1614
2025-05-22 16:14:45,588 - INFO - 
🔍 Processando block volume: Banco2LinuxBR5_clone070525
2025-05-22 16:14:45,884 - INFO - ✅ Backup criado: BlockBackup-Banco2LinuxBR5_clone070525-BKPAUTCITEL-20250522-1614
2025-05-22 16:14:46,408 - INFO - 
🔍 Processando block volume: Banco2LinuxTSPlus18_clone070525
2025-05-22 16:14:46,709 - INFO - ✅ Backup criado: BlockBackup-Banco2LinuxTSPlus18_clone070525-BKPAUTCITEL-20250522-1614
2025-05-22 16:14:46,933 - INFO - 
🔍 Processando block volume: Banco1LinuxTSPlus19_clone070525
2025-05-22 16:14:47,232 - INFO - ✅ Backup criado: BlockBackup-Banco1LinuxTSPlus19_clone070525-BKPAUTCITEL-20250522-1614
2025-05-22 16:14:47,750 - INFO - 
🔍 Processando block volume: Banco4LinuxTSPlus10_clone070525
2025-05-22 16:14:47,873 - WARNING - ⚠️ Tentativa 1: Limite de requisições. Aguardando 5s...
2025-05-22 16:14:53,541 - WARNING - ⚠️ Tentativa 2: Limite de requisições. Aguardando 10s...
2025-05-22 16:15:05,564 - INFO - ✅ Backup criado: BlockBackup-Banco4LinuxTSPlus10_clone070525-BKPAUTCITEL-20250522-1614
2025-05-22 16:15:06,098 - INFO - 
🔍 Processando block volume: Banco1LinuxTSPlus20_clone070525
2025-05-22 16:15:06,404 - INFO - ✅ Backup criado: BlockBackup-Banco1LinuxTSPlus20_clone070525-BKPAUTCITEL-20250522-1615
2025-05-22 16:15:06,933 - INFO - 
🔍 Processando block volume: Banco1LinuxTSPlus22_clone070525
2025-05-22 16:15:07,055 - WARNING - ⚠️ Tentativa 1: Limite de requisições. Aguardando 5s...
2025-05-22 16:15:15,077 - INFO - ✅ Backup criado: BlockBackup-Banco1LinuxTSPlus22_clone070525-BKPAUTCITEL-20250522-1615
2025-05-22 16:15:15,245 - INFO - 
🔍 Processando block volume: Banco3LinuxTSPlus1_clone070525
2025-05-22 16:15:15,533 - INFO - ✅ Backup criado: BlockBackup-Banco3LinuxTSPlus1_clone070525-BKPAUTCITEL-20250522-1615
2025-05-22 16:15:16,058 - INFO - 
🔍 Processando block volume: Banco1LinuxTSPlus24_clone070525
2025-05-22 16:15:16,181 - WARNING - ⚠️ Tentativa 1: Limite de requisições. Aguardando 5s...
2025-05-22 16:15:22,425 - WARNING - ⚠️ Tentativa 2: Limite de requisições. Aguardando 10s...
2025-05-22 16:15:35,523 - INFO - ✅ Backup criado: BlockBackup-Banco1LinuxTSPlus24_clone070525-BKPAUTCITEL-20250522-1615
2025-05-22 16:15:35,703 - INFO - 
🔍 Processando block volume: Banco3LinuxTSPlus9_clone070525
2025-05-22 16:15:35,991 - INFO - ✅ Backup criado: BlockBackup-Banco3LinuxTSPlus9_clone070525-BKPAUTCITEL-20250522-1615
2025-05-22 16:15:36,521 - INFO - 
🔍 Processando block volume: Banco_PalacioFerramentas_clone070525
2025-05-22 16:15:36,645 - WARNING - ⚠️ Tentativa 1: Limite de requisições. Aguardando 5s...
2025-05-22 16:15:42,252 - WARNING - ⚠️ Tentativa 2: Limite de requisições. Aguardando 10s...
2025-05-22 16:15:53,942 - INFO - ✅ Backup criado: BlockBackup-Banco_PalacioFerramentas_clone070525-BKPAUTCITEL-20250522-1615
2025-05-22 16:15:54,465 - INFO - 
🔍 Processando block volume: Banco1LinuxTSPlus25_clone070525
2025-05-22 16:15:54,588 - WARNING - ⚠️ Tentativa 1: Limite de requisições. Aguardando 5s...
2025-05-22 16:16:04,294 - INFO - ✅ Backup criado: BlockBackup-Banco1LinuxTSPlus25_clone070525-BKPAUTCITEL-20250522-1615
2025-05-22 16:16:04,807 - INFO - 
🔍 Processando block volume: Banco1LinuxTSPlus26_clone070525
2025-05-22 16:16:05,071 - INFO - ✅ Backup criado: BlockBackup-Banco1LinuxTSPlus26_clone070525-BKPAUTCITEL-20250522-1616
2025-05-22 16:16:05,602 - INFO - 
🔍 Processando block volume: Banco2LinuxTSPlus12_clone070525
2025-05-22 16:16:05,885 - INFO - ✅ Backup criado: BlockBackup-Banco2LinuxTSPlus12_clone070525-BKPAUTCITEL-20250522-1616
2025-05-22 16:16:06,402 - INFO - 
🔍 Processando block volume: Banco2LinuxTSPlus28_clone070525
2025-05-22 16:16:06,687 - INFO - ✅ Backup criado: BlockBackup-Banco2LinuxTSPlus28_clone070525-BKPAUTCITEL-20250522-1616
2025-05-22 16:16:07,213 - INFO - 
🔍 Processando block volume: Banco1LinuxTSPlus29_clone070525
2025-05-22 16:16:07,488 - INFO - ✅ Backup criado: BlockBackup-Banco1LinuxTSPlus29_clone070525-BKPAUTCITEL-20250522-1616
2025-05-22 16:16:08,100 - INFO - 
🔍 Processando block volume: Banco1LinuxTSPlus30_clone070525
2025-05-22 16:16:08,404 - INFO - ✅ Backup criado: BlockBackup-Banco1LinuxTSPlus30_clone070525-BKPAUTCITEL-20250522-1616
2025-05-22 16:16:08,932 - INFO - 
🔍 Processando block volume: Banco3LinuxTSPlus6_clone070525
2025-05-22 16:16:09,055 - WARNING - ⚠️ Tentativa 1: Limite de requisições. Aguardando 5s...
2025-05-22 16:16:19,239 - INFO - ✅ Backup criado: BlockBackup-Banco3LinuxTSPlus6_clone070525-BKPAUTCITEL-20250522-1616
2025-05-22 16:16:19,758 - INFO - 
🔍 Processando block volume: Banco1LinuxTSPLUS32_clone070525
2025-05-22 16:16:19,888 - WARNING - ⚠️ Tentativa 1: Limite de requisições. Aguardando 5s...
2025-05-22 16:16:29,784 - INFO - ✅ Backup criado: BlockBackup-Banco1LinuxTSPLUS32_clone070525-BKPAUTCITEL-20250522-1616
2025-05-22 16:16:30,297 - INFO - 
🔍 Processando block volume: Banco1LinuxTSPLUS33_clone070525
2025-05-22 16:16:30,420 - WARNING - ⚠️ Tentativa 1: Limite de requisições. Aguardando 5s...
2025-05-22 16:16:38,361 - INFO - ✅ Backup criado: BlockBackup-Banco1LinuxTSPLUS33_clone070525-BKPAUTCITEL-20250522-1616
2025-05-22 16:16:38,884 - INFO - 
🔍 Processando block volume: Banco1LinuxTSPLUS34_clone070525
2025-05-22 16:16:39,179 - INFO - ✅ Backup criado: BlockBackup-Banco1LinuxTSPLUS34_clone070525-BKPAUTCITEL-20250522-1616
2025-05-22 16:16:39,699 - INFO - 
🔍 Processando block volume: Banco1LinuxTSPLUS36_clone070525
2025-05-22 16:16:40,029 - INFO - ✅ Backup criado: BlockBackup-Banco1LinuxTSPLUS36_clone070525-BKPAUTCITEL-20250522-1616
2025-05-22 16:16:40,558 - INFO - 
🔍 Processando block volume: Banco1LinuxTSPLUS37_clone070525
2025-05-22 16:16:40,680 - WARNING - ⚠️ Tentativa 1: Limite de requisições. Aguardando 5s...
2025-05-22 16:16:50,781 - INFO - ✅ Backup criado: BlockBackup-Banco1LinuxTSPLUS37_clone070525-BKPAUTCITEL-20250522-1616
2025-05-22 16:16:51,297 - INFO - 
🔍 Processando block volume: Banco1LinuxTSPLUS40_clone070525
2025-05-22 16:16:51,616 - INFO - ✅ Backup criado: BlockBackup-Banco1LinuxTSPLUS40_clone070525-BKPAUTCITEL-20250522-1616
2025-05-22 16:16:52,142 - INFO - 
🔍 Processando block volume: Banco1LinuxTSPLUS41_clone070525
2025-05-22 16:16:52,426 - INFO - ✅ Backup criado: BlockBackup-Banco1LinuxTSPLUS41_clone070525-BKPAUTCITEL-20250522-1616
2025-05-22 16:16:53,008 - INFO - 
🔍 Processando block volume: Banco3LinuxBR5_clone070525
2025-05-22 16:16:53,313 - INFO - ✅ Backup criado: BlockBackup-Banco3LinuxBR5_clone070525-BKPAUTCITEL-20250522-1616
2025-05-22 16:16:53,832 - INFO - 
🔍 Processando block volume: Banco1LinuxTSPLUS43_clone070525
2025-05-22 16:16:54,135 - INFO - ✅ Backup criado: BlockBackup-Banco1LinuxTSPLUS43_clone070525-BKPAUTCITEL-20250522-1616
2025-05-22 16:16:54,286 - INFO - 
🔍 Processando block volume: Banco1LinuxTSPlus11_clone070525
2025-05-22 16:16:54,563 - INFO - ✅ Backup criado: BlockBackup-Banco1LinuxTSPlus11_clone070525-BKPAUTCITEL-20250522-1616
2025-05-22 16:16:55,100 - INFO - 
🔍 Processando block volume: Banco2LinuxTSPLUS65_clone070525
2025-05-22 16:16:55,434 - INFO - ✅ Backup criado: BlockBackup-Banco2LinuxTSPLUS65_clone070525-BKPAUTCITEL-20250522-1616
2025-05-22 16:16:55,948 - INFO - 
🔍 Processando block volume: Banco2LinuxTSPlus17_clone070525
2025-05-22 16:16:56,071 - WARNING - ⚠️ Tentativa 1: Limite de requisições. Aguardando 5s...
2025-05-22 16:17:03,196 - WARNING - ⚠️ Tentativa 2: Limite de requisições. Aguardando 10s...
2025-05-22 16:17:17,008 - INFO - ✅ Backup criado: BlockBackup-Banco2LinuxTSPlus17_clone070525-BKPAUTCITEL-20250522-1616
2025-05-22 16:17:17,525 - INFO - 
🔍 Processando block volume: Banco3LinuxTSPlus8_clone070525
2025-05-22 16:17:17,798 - INFO - ✅ Backup criado: BlockBackup-Banco3LinuxTSPlus8_clone070525-BKPAUTCITEL-20250522-1617
2025-05-22 16:17:18,424 - INFO - 
🔍 Processando block volume: Banco 1 OracleBr48_clone070525
2025-05-22 16:17:18,757 - INFO - ✅ Backup criado: BlockBackup-Banco 1 OracleBr48_clone070525-BKPAUTCITEL-20250522-1617
2025-05-22 16:17:19,272 - INFO - 
🔍 Processando block volume: Banco5LinuxTSPlus10_clone070525
2025-05-22 16:17:19,564 - INFO - ✅ Backup criado: BlockBackup-Banco5LinuxTSPlus10_clone070525-BKPAUTCITEL-20250522-1617
2025-05-22 16:17:20,082 - INFO - 
🔍 Processando block volume: Banco1LinuxTSPlus50_clone070525
2025-05-22 16:17:20,356 - INFO - ✅ Backup criado: BlockBackup-Banco1LinuxTSPlus50_clone070525-BKPAUTCITEL-20250522-1617
2025-05-22 16:17:20,866 - INFO - 
🔍 Processando block volume: Banco2LinuxTSPlus20_clone070525
2025-05-22 16:17:20,989 - WARNING - ⚠️ Tentativa 1: Limite de requisições. Aguardando 5s...
2025-05-22 16:17:28,712 - INFO - ✅ Backup criado: BlockBackup-Banco2LinuxTSPlus20_clone070525-BKPAUTCITEL-20250522-1617
2025-05-22 16:17:29,235 - INFO - 
🔍 Processando block volume: BancoPRODBelaTintas_clone070525
2025-05-22 16:17:29,358 - WARNING - ⚠️ Tentativa 1: Limite de requisições. Aguardando 5s...
2025-05-22 16:17:36,445 - INFO - ✅ Backup criado: BlockBackup-BancoPRODBelaTintas_clone070525-BKPAUTCITEL-20250522-1617
2025-05-22 16:17:36,975 - INFO - 
🔍 Processando block volume: BancoPRODJRPais_clone070525
2025-05-22 16:17:37,281 - INFO - ✅ Backup criado: BlockBackup-BancoPRODJRPais_clone070525-BKPAUTCITEL-20250522-1617
2025-05-22 16:17:37,802 - INFO - 
🔍 Processando block volume: Banco3LinuxTSPlus7_clone070525
2025-05-22 16:17:38,112 - INFO - ✅ Backup criado: BlockBackup-Banco3LinuxTSPlus7_clone070525-BKPAUTCITEL-20250522-1617
2025-05-22 16:17:38,640 - INFO - 
🔍 Processando block volume: Banco1BR55_clone070525
2025-05-22 16:17:38,941 - INFO - ✅ Backup criado: BlockBackup-Banco1BR55_clone070525-BKPAUTCITEL-20250522-1617
2025-05-22 16:17:39,468 - INFO - 
🔍 Processando block volume: BancoLinux59_clone070525
2025-05-22 16:17:39,593 - WARNING - ⚠️ Tentativa 1: Limite de requisições. Aguardando 5s...
2025-05-22 16:17:49,055 - WARNING - ⚠️ Tentativa 2: Limite de requisições. Aguardando 10s...
2025-05-22 16:18:00,193 - INFO - ✅ Backup criado: BlockBackup-BancoLinux59_clone070525-BKPAUTCITEL-20250522-1617
2025-05-22 16:18:00,722 - INFO - 
🔍 Processando block volume: Banco2LinuxBR21_clone070525
2025-05-22 16:18:01,006 - INFO - ✅ Backup criado: BlockBackup-Banco2LinuxBR21_clone070525-BKPAUTCITEL-20250522-1618
2025-05-22 16:18:01,529 - INFO - 
🔍 Processando block volume: Banco2Linux59_clone070525
2025-05-22 16:18:01,813 - INFO - ✅ Backup criado: BlockBackup-Banco2Linux59_clone070525-BKPAUTCITEL-20250522-1618
2025-05-22 16:18:02,342 - INFO - 
🔍 Processando block volume: Banco2BR24_clone070525
2025-05-22 16:18:02,628 - INFO - ✅ Backup criado: BlockBackup-Banco2BR24_clone070525-BKPAUTCITEL-20250522-1618
2025-05-22 16:18:03,149 - INFO - 
🔍 Processando block volume: Banco2BR33_clone070525
2025-05-22 16:18:03,272 - WARNING - ⚠️ Tentativa 1: Limite de requisições. Aguardando 5s...
2025-05-22 16:18:08,948 - INFO - ✅ Backup criado: BlockBackup-Banco2BR33_clone070525-BKPAUTCITEL-20250522-1618
2025-05-22 16:18:09,465 - INFO - 
🔍 Processando block volume: Banco1LinuxTSPLUS65_clone070525
2025-05-22 16:18:09,758 - INFO - ✅ Backup criado: BlockBackup-Banco1LinuxTSPLUS65_clone070525-BKPAUTCITEL-20250522-1618
2025-05-22 16:18:10,277 - INFO - 
🔍 Processando block volume: BancoBR_72_clone070525
2025-05-22 16:18:10,566 - INFO - ✅ Backup criado: BlockBackup-BancoBR_72_clone070525-BKPAUTCITEL-20250522-1618
2025-05-22 16:18:11,107 - INFO - 
🔍 Processando block volume: Banco1LinuxTSPlus18_clone070525
2025-05-22 16:18:11,386 - INFO - ✅ Backup criado: BlockBackup-Banco1LinuxTSPlus18_clone070525-BKPAUTCITEL-20250522-1618
2025-05-22 16:18:11,898 - INFO - 
🔍 Processando block volume: LinuxDataBelaTintas_clone070525
2025-05-22 16:18:12,020 - WARNING - ⚠️ Tentativa 1: Limite de requisições. Aguardando 5s...
2025-05-22 16:18:20,630 - WARNING - ⚠️ Tentativa 2: Limite de requisições. Aguardando 10s...
2025-05-22 16:18:34,295 - WARNING - ⚠️ Tentativa 3: Limite de requisições. Aguardando 20s...
2025-05-22 16:18:58,905 - INFO - ✅ Backup criado: BlockBackup-LinuxDataBelaTintas_clone070525-BKPAUTCITEL-20250522-1618
2025-05-22 16:18:59,431 - INFO - 
🔍 Processando block volume: Banco2LinuxTSPlus22_clone070525
2025-05-22 16:18:59,554 - WARNING - ⚠️ Tentativa 1: Limite de requisições. Aguardando 5s...
2025-05-22 16:19:08,630 - INFO - ✅ Backup criado: BlockBackup-Banco2LinuxTSPlus22_clone070525-BKPAUTCITEL-20250522-1618
2025-05-22 16:19:09,149 - INFO - 
🔍 Processando block volume: Banco2LinuxTSPLUS32_clone070525
2025-05-22 16:19:09,425 - INFO - ✅ Backup criado: BlockBackup-Banco2LinuxTSPLUS32_clone070525-BKPAUTCITEL-20250522-1619
2025-05-22 16:19:09,957 - INFO - 
🔍 Processando block volume: Bancos2_BR29_clone070525
2025-05-22 16:19:10,260 - INFO - ✅ Backup criado: BlockBackup-Bancos2_BR29_clone070525-BKPAUTCITEL-20250522-1619
2025-05-22 16:19:10,777 - INFO - 
🔍 Processando block volume: Bancos4_BR9_clone070525
2025-05-22 16:19:11,107 - INFO - ✅ Backup criado: BlockBackup-Bancos4_BR9_clone070525-BKPAUTCITEL-20250522-1619
2025-05-22 16:19:11,638 - INFO - 
🔍 Processando block volume: Bancos3_BR12_clone070525
2025-05-22 16:19:11,937 - INFO - ✅ Backup criado: BlockBackup-Bancos3_BR12_clone070525-BKPAUTCITEL-20250522-1619
2025-05-22 16:19:12,449 - INFO - 
🔍 Processando block volume: Bancos2_BR34_clone070525
2025-05-22 16:19:12,572 - WARNING - ⚠️ Tentativa 1: Limite de requisições. Aguardando 5s...
2025-05-22 16:19:21,183 - INFO - ✅ Backup criado: BlockBackup-Bancos2_BR34_clone070525-BKPAUTCITEL-20250522-1619
2025-05-22 16:19:21,709 - INFO - 
🔍 Processando block volume: Bancos3_BR29_clone070525
2025-05-22 16:19:21,985 - INFO - ✅ Backup criado: BlockBackup-Bancos3_BR29_clone070525-BKPAUTCITEL-20250522-1619
2025-05-22 16:19:22,529 - INFO - 
🔍 Processando block volume: Banco3_BR7_clone070525
2025-05-22 16:19:22,651 - WARNING - ⚠️ Tentativa 1: Limite de requisições. Aguardando 5s...
2025-05-22 16:19:32,841 - INFO - ✅ Backup criado: BlockBackup-Banco3_BR7_clone070525-BKPAUTCITEL-20250522-1619
2025-05-22 16:19:33,374 - INFO - 
🔍 Processando block volume: Bancos2_BR02_clone070525
2025-05-22 16:19:33,656 - INFO - ✅ Backup criado: BlockBackup-Bancos2_BR02_clone070525-BKPAUTCITEL-20250522-1619
2025-05-22 16:19:34,188 - INFO - 
🔍 Processando block volume: Bancos4_BR18_clone070525
2025-05-22 16:19:34,517 - INFO - ✅ Backup criado: BlockBackup-Bancos4_BR18_clone070525-BKPAUTCITEL-20250522-1619
2025-05-22 16:19:35,035 - INFO - 
🔍 Processando block volume: Bancos4_BR01_clone070525
2025-05-22 16:19:35,328 - INFO - ✅ Backup criado: BlockBackup-Bancos4_BR01_clone070525-BKPAUTCITEL-20250522-1619
2025-05-22 16:19:35,847 - INFO - 
🔍 Processando block volume: Bancos3_BR13_clone070525
2025-05-22 16:19:35,970 - WARNING - ⚠️ Tentativa 1: Limite de requisições. Aguardando 5s...
2025-05-22 16:19:43,922 - INFO - ✅ Backup criado: BlockBackup-Bancos3_BR13_clone070525-BKPAUTCITEL-20250522-1619
2025-05-22 16:19:44,451 - INFO - 
🔍 Processando block volume: Banco3_BR4_clone070525
2025-05-22 16:19:44,573 - WARNING - ⚠️ Tentativa 1: Limite de requisições. Aguardando 5s...
2025-05-22 16:19:53,215 - INFO - ✅ Backup criado: BlockBackup-Banco3_BR4_clone070525-BKPAUTCITEL-20250522-1619
2025-05-22 16:19:53,736 - INFO - 
🔍 Processando block volume: Banco2LinuxTSPlus16_clone070525
2025-05-22 16:19:54,018 - INFO - ✅ Backup criado: BlockBackup-Banco2LinuxTSPlus16_clone070525-BKPAUTCITEL-20250522-1619
2025-05-22 16:19:54,539 - INFO - 
🔍 Processando block volume: BKO Palacio TKT 651385_clone070525
2025-05-22 16:19:54,661 - WARNING - ⚠️ Tentativa 1: Limite de requisições. Aguardando 5s...
2025-05-22 16:20:01,300 - INFO - ✅ Backup criado: BlockBackup-BKO Palacio TKT 651385_clone070525-BKPAUTCITEL-20250522-1619
2025-05-22 16:20:01,840 - INFO - 
🔍 Processando block volume: Banco4LinuxTSPlus6_clone070525
2025-05-22 16:20:02,137 - INFO - ✅ Backup criado: BlockBackup-Banco4LinuxTSPlus6_clone070525-BKPAUTCITEL-20250522-1620
2025-05-22 16:20:02,653 - INFO - 
🔍 Processando block volume: Banco2BR_72_clone070525
2025-05-22 16:20:02,932 - INFO - ✅ Backup criado: BlockBackup-Banco2BR_72_clone070525-BKPAUTCITEL-20250522-1620
2025-05-22 16:20:03,465 - INFO - 
🔍 Processando block volume: Bancos3_BR25_clone070525
2025-05-22 16:20:03,590 - WARNING - ⚠️ Tentativa 1: Limite de requisições. Aguardando 5s...
2025-05-22 16:20:12,350 - INFO - ✅ Backup criado: BlockBackup-Bancos3_BR25_clone070525-BKPAUTCITEL-20250522-1620
2025-05-22 16:20:12,873 - INFO - 
🔍 Processando block volume: bancos3_BR28_clone070525
2025-05-22 16:20:12,995 - WARNING - ⚠️ Tentativa 1: Limite de requisições. Aguardando 5s...
2025-05-22 16:20:21,140 - INFO - ✅ Backup criado: BlockBackup-bancos3_BR28_clone070525-BKPAUTCITEL-20250522-1620
2025-05-22 16:20:21,679 - INFO - 
🔍 Processando block volume: GeB_clone070525
2025-05-22 16:20:21,802 - WARNING - ⚠️ Tentativa 1: Limite de requisições. Aguardando 5s...
2025-05-22 16:20:28,217 - WARNING - ⚠️ Tentativa 2: Limite de requisições. Aguardando 10s...
2025-05-22 16:20:41,257 - INFO - ✅ Backup criado: BlockBackup-GeB_clone070525-BKPAUTCITEL-20250522-1620
2025-05-22 16:20:41,782 - INFO - 
🔍 Processando block volume: Banco3_BR20_clone070525
2025-05-22 16:20:41,905 - WARNING - ⚠️ Tentativa 1: Limite de requisições. Aguardando 5s...
2025-05-22 16:20:47,619 - WARNING - ⚠️ Tentativa 2: Limite de requisições. Aguardando 10s...
2025-05-22 16:21:00,832 - INFO - ✅ Backup criado: BlockBackup-Banco3_BR20_clone070525-BKPAUTCITEL-20250522-1620
2025-05-22 16:21:01,366 - INFO - 
🔍 Processando block volume: Bancos3_BR34_clone070525
2025-05-22 16:21:01,680 - INFO - ✅ Backup criado: BlockBackup-Bancos3_BR34_clone070525-BKPAUTCITEL-20250522-1621
2025-05-22 16:21:02,201 - INFO - 
🔍 Processando block volume: Banco_Darka_clone070525
2025-05-22 16:21:02,484 - INFO - ✅ Backup criado: BlockBackup-Banco_Darka_clone070525-BKPAUTCITEL-20250522-1621
2025-05-22 16:21:03,012 - INFO - 
🔍 Processando block volume: Banco4LinuxTSPlus7_clone070525
2025-05-22 16:21:03,294 - INFO - ✅ Backup criado: BlockBackup-Banco4LinuxTSPlus7_clone070525-BKPAUTCITEL-20250522-1621
2025-05-22 16:21:03,817 - INFO - 
🔍 Processando block volume: Banco4LinuxTSPlus20_clone070525
2025-05-22 16:21:04,136 - INFO - ✅ Backup criado: BlockBackup-Banco4LinuxTSPlus20_clone070525-BKPAUTCITEL-20250522-1621
2025-05-22 16:21:04,656 - INFO - 
🔍 Processando block volume: Bancos4_BR13_clone070525
2025-05-22 16:21:04,974 - INFO - ✅ Backup criado: BlockBackup-Bancos4_BR13_clone070525-BKPAUTCITEL-20250522-1621
2025-05-22 16:21:05,496 - INFO - 
🔍 Processando block volume: Banco2LinuxTSPLUS37_clone070525
2025-05-22 16:21:05,789 - INFO - ✅ Backup criado: BlockBackup-Banco2LinuxTSPLUS37_clone070525-BKPAUTCITEL-20250522-1621
2025-05-22 16:21:06,363 - INFO - 
🔍 Processando block volume: BackupGeB_clone070525
2025-05-22 16:21:06,485 - WARNING - ⚠️ Tentativa 1: Limite de requisições. Aguardando 5s...
2025-05-22 16:21:15,493 - WARNING - ⚠️ Tentativa 2: Limite de requisições. Aguardando 10s...
2025-05-22 16:21:30,460 - INFO - ✅ Backup criado: BlockBackup-BackupGeB_clone070525-BKPAUTCITEL-20250522-1621
2025-05-22 16:21:30,985 - INFO - 
🔍 Processando block volume: BancoGeB_clone070525
2025-05-22 16:21:31,477 - INFO - ✅ Backup criado: BlockBackup-BancoGeB_clone070525-BKPAUTCITEL-20250522-1621
2025-05-22 16:21:32,014 - INFO - 
🔍 Processando block volume: Banco3BR55_clone070525
2025-05-22 16:21:32,146 - WARNING - ⚠️ Tentativa 1: Limite de requisições. Aguardando 5s...
2025-05-22 16:21:39,779 - INFO - ✅ Backup criado: BlockBackup-Banco3BR55_clone070525-BKPAUTCITEL-20250522-1621
2025-05-22 16:21:40,291 - INFO - 
🔍 Processando block volume: Bancos5_BR1_clone070525
2025-05-22 16:21:40,578 - INFO - ✅ Backup criado: BlockBackup-Bancos5_BR1_clone070525-BKPAUTCITEL-20250522-1621
2025-05-22 16:21:41,093 - INFO - 
🔍 Processando block volume: Banco3LinuxTSPlus19_clone070525
2025-05-22 16:21:41,216 - WARNING - ⚠️ Tentativa 1: Limite de requisições. Aguardando 5s...
2025-05-22 16:21:49,994 - INFO - ✅ Backup criado: BlockBackup-Banco3LinuxTSPlus19_clone070525-BKPAUTCITEL-20250522-1621
2025-05-22 16:21:50,513 - INFO - 
🔍 Processando block volume: BackupCoresVivas TKT 902822_clone070525
2025-05-22 16:21:50,636 - WARNING - ⚠️ Tentativa 1: Limite de requisições. Aguardando 5s...
2025-05-22 16:21:59,547 - INFO - ✅ Backup criado: BlockBackup-BackupCoresVivas TKT 902822_clone070525-BKPAUTCITEL-20250522-1621
2025-05-22 16:22:00,068 - INFO - 
🔍 Processando block volume: bkpBoomerVinicius_clone070525
2025-05-22 16:22:00,396 - INFO - ✅ Backup criado: BlockBackup-bkpBoomerVinicius_clone070525-BKPAUTCITEL-20250522-1622
2025-05-22 16:22:00,918 - INFO - 
🔍 Processando block volume: GeB2_clone070525
2025-05-22 16:22:01,196 - INFO - ✅ Backup criado: BlockBackup-GeB2_clone070525-BKPAUTCITEL-20250522-1622
2025-05-22 16:22:01,761 - INFO - 
🔍 Processando block volume: bkpParque1014464_clone070525
2025-05-22 16:22:01,884 - WARNING - ⚠️ Tentativa 1: Limite de requisições. Aguardando 5s...
2025-05-22 16:22:11,386 - INFO - ✅ Backup criado: BlockBackup-bkpParque1014464_clone070525-BKPAUTCITEL-20250522-1622
2025-05-22 16:22:11,914 - INFO - 
🔍 Processando block volume: bkpPedrao1020442_clone070525
2025-05-22 16:22:12,183 - INFO - ✅ Backup criado: BlockBackup-bkpPedrao1020442_clone070525-BKPAUTCITEL-20250522-1622
2025-05-22 16:22:12,708 - INFO - 
🔍 Processando block volume: Backup_BR34_1031161_clone070525
2025-05-22 16:22:12,985 - INFO - ✅ Backup criado: BlockBackup-Backup_BR34_1031161_clone070525-BKPAUTCITEL-20250522-1622
2025-05-22 16:22:13,503 - INFO - 
🔍 Processando block volume: Banco3LinuxTSPLUS65_clone070525
2025-05-22 16:22:13,785 - INFO - ✅ Backup criado: BlockBackup-Banco3LinuxTSPLUS65_clone070525-BKPAUTCITEL-20250522-1622
2025-05-22 16:22:14,303 - INFO - 
🔍 Processando block volume: Banco3LinuxTSPlus22_clone070525
2025-05-22 16:22:14,429 - WARNING - ⚠️ Tentativa 1: Limite de requisições. Aguardando 5s...
2025-05-22 16:22:24,227 - WARNING - ⚠️ Tentativa 2: Limite de requisições. Aguardando 10s...
2025-05-22 16:22:35,102 - INFO - ✅ Backup criado: BlockBackup-Banco3LinuxTSPlus22_clone070525-BKPAUTCITEL-20250522-1622
2025-05-22 16:22:35,625 - INFO - 
🔍 Processando block volume: BinariosLinuxTSPLUS65_clone070525
2025-05-22 16:22:35,747 - WARNING - ⚠️ Tentativa 1: Limite de requisições. Aguardando 5s...
2025-05-22 16:22:46,081 - INFO - ✅ Backup criado: BlockBackup-BinariosLinuxTSPLUS65_clone070525-BKPAUTCITEL-20250522-1622
2025-05-22 16:22:46,602 - INFO - 
🔍 Processando block volume: GeB BancoTeste tkt 1048932_clone070525
2025-05-22 16:22:46,725 - WARNING - ⚠️ Tentativa 1: Limite de requisições. Aguardando 5s...
2025-05-22 16:22:54,201 - INFO - ✅ Backup criado: BlockBackup-GeB BancoTeste tkt 1048932_clone070525-BKPAUTCITEL-20250522-1622
2025-05-22 16:22:54,718 - INFO - 
🔍 Processando block volume: Banco2LinuxTSPlus19_BelaTintas_clone070525
2025-05-22 16:22:54,840 - WARNING - ⚠️ Tentativa 1: Limite de requisições. Aguardando 5s...
2025-05-22 16:23:03,827 - INFO - ✅ Backup criado: BlockBackup-Banco2LinuxTSPlus19_BelaTintas_clone070525-BKPAUTCITEL-20250522-1622
2025-05-22 16:23:04,357 - INFO - 
🔍 Processando block volume: Banco1LinuxTSPlus11_clone2904_clone070525
2025-05-22 16:23:04,480 - WARNING - ⚠️ Tentativa 1: Limite de requisições. Aguardando 5s...
2025-05-22 16:23:11,470 - INFO - ✅ Backup criado: BlockBackup-Banco1LinuxTSPlus11_clone2904_clone070525-BKPAUTCITEL-20250522-1623
2025-05-22 16:23:11,985 - INFO - 
🔍 Processando block volume: LinuxTSPlus11_BancoPRODJRPais_clone2904_clone070525
2025-05-22 16:23:12,108 - WARNING - ⚠️ Tentativa 1: Limite de requisições. Aguardando 5s...
2025-05-22 16:23:22,074 - INFO - ✅ Backup criado: BlockBackup-LinuxTSPlus11_BancoPRODJRPais_clone2904_clone070525-BKPAUTCITEL-20250522-1623
2025-05-22 16:23:22,591 - INFO - 
🔍 Processando block volume: LinuxTSPlus30_Banco1LinuxTSPlus30_clone2904_clone070525
2025-05-22 16:23:22,714 - WARNING - ⚠️ Tentativa 1: Limite de requisições. Aguardando 5s...
2025-05-22 16:23:31,953 - INFO - ✅ Backup criado: BlockBackup-LinuxTSPlus30_Banco1LinuxTSPlus30_clone2904_clone070525-BKPAUTCITEL-20250522-1623
2025-05-22 16:23:32,467 - INFO - 
🔍 Processando block volume: Banco-1-LinuxData012_clone070525
2025-05-22 16:23:32,758 - INFO - ✅ Backup criado: BlockBackup-Banco-1-LinuxData012_clone070525-BKPAUTCITEL-20250522-1623
2025-05-22 16:23:33,283 - INFO - 
🔍 Processando block volume: Banco2-LinuxData012_clone070525
2025-05-22 16:23:33,572 - INFO - ✅ Backup criado: BlockBackup-Banco2-LinuxData012_clone070525-BKPAUTCITEL-20250522-1623
2025-05-22 16:23:34,091 - INFO - 
🔍 Processando block volume: Banco3-LinuxData012_clone070525
2025-05-22 16:23:34,363 - INFO - ✅ Backup criado: BlockBackup-Banco3-LinuxData012_clone070525-BKPAUTCITEL-20250522-1623
2025-05-22 16:23:34,880 - INFO - 
🔍 Processando block volume: LinuxTSPlus10_BKOPalacioTKT651385_clone2904_clone070525
2025-05-22 16:23:35,209 - INFO - ✅ Backup criado: BlockBackup-LinuxTSPlus10_BKOPalacioTKT651385_clone2904_clone070525-BKPAUTCITEL-20250522-1623
2025-05-22 16:23:35,746 - INFO - 
🔍 Processando block volume: LinuxTSPlus10_Banco4LinuxTSPlus10_clone2904_clone070525
2025-05-22 16:23:35,868 - WARNING - ⚠️ Tentativa 1: Limite de requisições. Aguardando 5s...
2025-05-22 16:23:42,849 - WARNING - ⚠️ Tentativa 2: Limite de requisições. Aguardando 10s...
2025-05-22 16:23:55,896 - INFO - ✅ Backup criado: BlockBackup-LinuxTSPlus10_Banco4LinuxTSPlus10_clone2904_clone070525-BKPAUTCITEL-20250522-1623
2025-05-22 16:23:56,424 - INFO - 
🔍 Processando block volume: LinuxTSPlus10_Banco5LinuxTSPlus10_clone2904_clone070525
2025-05-22 16:23:56,699 - INFO - ✅ Backup criado: BlockBackup-LinuxTSPlus10_Banco5LinuxTSPlus10_clone2904_clone070525-BKPAUTCITEL-20250522-1623
2025-05-22 16:23:57,229 - INFO - 
🔍 Processando block volume: LinuxTSPlus10_GeB_clone2904_clone070525
2025-05-22 16:23:57,533 - INFO - ✅ Backup criado: BlockBackup-LinuxTSPlus10_GeB_clone2904_clone070525-BKPAUTCITEL-20250522-1623
2025-05-22 16:23:58,047 - INFO - 
🔍 Processando block volume: LinuxTSPlus55_Banco1BR55_clone2904_clone070525
2025-05-22 16:23:58,335 - INFO - ✅ Backup criado: BlockBackup-LinuxTSPlus55_Banco1BR55_clone2904_clone070525-BKPAUTCITEL-20250522-1623
2025-05-22 16:23:58,867 - INFO - 
🔍 Processando block volume: LinuxTSPlus55_Banco3BR55_clone2904_clone070525
2025-05-22 16:23:59,160 - INFO - ✅ Backup criado: BlockBackup-LinuxTSPlus55_Banco3BR55_clone2904_clone070525-BKPAUTCITEL-20250522-1623
2025-05-22 16:23:59,677 - INFO - 
🔍 Processando block volume: LinuxTSPlus65_Banco1LinuxTSPLUS65_clone2904_clone070525
2025-05-22 16:23:59,967 - INFO - ✅ Backup criado: BlockBackup-LinuxTSPlus65_Banco1LinuxTSPLUS65_clone2904_clone070525-BKPAUTCITEL-20250522-1623
2025-05-22 16:24:00,488 - INFO - 
🔍 Processando block volume: LinuxTSPlus65_Banco2LinuxTSPLUS65_clone2904_clone070525
2025-05-22 16:24:00,755 - INFO - ✅ Backup criado: BlockBackup-LinuxTSPlus65_Banco2LinuxTSPLUS65_clone2904_clone070525-BKPAUTCITEL-20250522-1624
2025-05-22 16:24:01,272 - INFO - 
🔍 Processando block volume: LinuxTSPlus65_Banco3LinuxTSPLUS65_clone2904_clone070525
2025-05-22 16:24:01,606 - INFO - ✅ Backup criado: BlockBackup-LinuxTSPlus65_Banco3LinuxTSPLUS65_clone2904_clone070525-BKPAUTCITEL-20250522-1624
2025-05-22 16:24:02,159 - INFO - 
🔍 Processando block volume: LinuxTSPlus65_BinariosLinuxTSPLUS65_clone2904_clone070525
2025-05-22 16:24:02,282 - WARNING - ⚠️ Tentativa 1: Limite de requisições. Aguardando 5s...
2025-05-22 16:24:10,132 - WARNING - ⚠️ Tentativa 2: Limite de requisições. Aguardando 10s...
2025-05-22 16:24:22,115 - WARNING - ⚠️ Tentativa 3: Limite de requisições. Aguardando 20s...
2025-05-22 16:24:43,922 - INFO - ✅ Backup criado: BlockBackup-LinuxTSPlus65_BinariosLinuxTSPLUS65_clone2904_clone070525-BKPAUTCITEL-20250522-1624
2025-05-22 16:24:44,441 - INFO - 
🔍 Processando block volume: LinuxTSPlus28_Banco2LinuxTSPlus28_clone2904_clone070525
2025-05-22 16:24:44,704 - INFO - ✅ Backup criado: BlockBackup-LinuxTSPlus28_Banco2LinuxTSPlus28_clone2904_clone070525-BKPAUTCITEL-20250522-1624
2025-05-22 16:24:45,228 - INFO - 
🔍 Processando block volume: LinuxTSPlus28_bancos3_BR28_clone2904_clone070525
2025-05-22 16:24:45,578 - INFO - ✅ Backup criado: BlockBackup-LinuxTSPlus28_bancos3_BR28_clone2904_clone070525-BKPAUTCITEL-20250522-1624
2025-05-22 16:24:46,092 - INFO - 
🔍 Processando block volume: LinuxTSPlus29_Banco1LinuxTSPlus29_clone2904_clone070525
2025-05-22 16:24:46,215 - WARNING - ⚠️ Tentativa 1: Limite de requisições. Aguardando 5s...
2025-05-22 16:24:52,826 - INFO - ✅ Backup criado: BlockBackup-LinuxTSPlus29_Banco1LinuxTSPlus29_clone2904_clone070525-BKPAUTCITEL-20250522-1624
2025-05-22 16:24:53,357 - INFO - 
🔍 Processando block volume: LinuxTSPlus29_Bancos2_BR29_clone2904_clone070525
2025-05-22 16:24:53,647 - INFO - ✅ Backup criado: BlockBackup-LinuxTSPlus29_Bancos2_BR29_clone2904_clone070525-BKPAUTCITEL-20250522-1624
2025-05-22 16:24:54,173 - INFO - 
🔍 Processando block volume: LinuxTSPlus29_Bancos3_BR29_clone2904_clone070525
2025-05-22 16:24:54,295 - WARNING - ⚠️ Tentativa 1: Limite de requisições. Aguardando 5s...
2025-05-22 16:25:03,712 - INFO - ✅ Backup criado: BlockBackup-LinuxTSPlus29_Bancos3_BR29_clone2904_clone070525-BKPAUTCITEL-20250522-1624
2025-05-22 16:25:04,229 - INFO - 
🔍 Processando block volume: LinuxTSPlus72_Banco2BR_72_clone2904_clone070525
2025-05-22 16:25:04,562 - INFO - ✅ Backup criado: BlockBackup-LinuxTSPlus72_Banco2BR_72_clone2904_clone070525-BKPAUTCITEL-20250522-1625
2025-05-22 16:25:05,092 - INFO - 
🔍 Processando block volume: LinuxTSPlus72_BancoBR_clone2904_clone070525
2025-05-22 16:25:05,216 - WARNING - ⚠️ Tentativa 1: Limite de requisições. Aguardando 5s...
2025-05-22 16:25:14,146 - INFO - ✅ Backup criado: BlockBackup-LinuxTSPlus72_BancoBR_clone2904_clone070525-BKPAUTCITEL-20250522-1625
2025-05-22 16:25:14,667 - INFO - 
🔍 Processando block volume: LinuxTSPlus43_Banco1LinuxTSPLUS43_clone2904_clone070525
2025-05-22 16:25:14,789 - WARNING - ⚠️ Tentativa 1: Limite de requisições. Aguardando 5s...
2025-05-22 16:25:22,730 - INFO - ✅ Backup criado: BlockBackup-LinuxTSPlus43_Banco1LinuxTSPLUS43_clone2904_clone070525-BKPAUTCITEL-20250522-1625
2025-05-22 16:25:23,245 - INFO - 
🔍 Processando block volume: LinuxTSPlus43_HD4-LinuxDBA_clone2904_clone070525
2025-05-22 16:25:23,514 - INFO - ✅ Backup criado: BlockBackup-LinuxTSPlus43_HD4-LinuxDBA_clone2904_clone070525-BKPAUTCITEL-20250522-1625
2025-05-22 16:25:24,049 - INFO - 
🔍 Processando block volume: LinuxTSPlus50_Banco1LinuxTSPlus50_clone2904_clone070525
2025-05-22 16:25:24,172 - WARNING - ⚠️ Tentativa 1: Limite de requisições. Aguardando 5s...
2025-05-22 16:25:32,906 - INFO - ✅ Backup criado: BlockBackup-LinuxTSPlus50_Banco1LinuxTSPlus50_clone2904_clone070525-BKPAUTCITEL-20250522-1625
2025-05-22 16:25:33,491 - INFO - 
🔍 Processando block volume: LinuxTSPlus37_Banco1LinuxTSPLUS37_clone2904_clone070525
2025-05-22 16:25:33,789 - INFO - ✅ Backup criado: BlockBackup-LinuxTSPlus37_Banco1LinuxTSPLUS37_clone2904_clone070525-BKPAUTCITEL-20250522-1625
2025-05-22 16:25:34,313 - INFO - 
🔍 Processando block volume: LinuxTSPlus37_Banco2LinuxTSPLUS37_clone2904_clone070525
2025-05-22 16:25:34,612 - INFO - ✅ Backup criado: BlockBackup-LinuxTSPlus37_Banco2LinuxTSPLUS37_clone2904_clone070525-BKPAUTCITEL-20250522-1625
2025-05-22 16:25:35,161 - INFO - 
🔍 Processando block volume: LinuxTSPlus37_Banco1LinuxTSPLUS40_clone2904_clone070525
2025-05-22 16:25:35,284 - WARNING - ⚠️ Tentativa 1: Limite de requisições. Aguardando 5s...
2025-05-22 16:25:40,920 - WARNING - ⚠️ Tentativa 2: Limite de requisições. Aguardando 10s...
2025-05-22 16:25:52,363 - INFO - ✅ Backup criado: BlockBackup-LinuxTSPlus37_Banco1LinuxTSPLUS40_clone2904_clone070525-BKPAUTCITEL-20250522-1625
2025-05-22 16:25:52,882 - INFO - 
🔍 Processando block volume: LinuxTSPlus32_Banco1LinuxTSPLUS32_clone2904_clone070525
2025-05-22 16:25:53,004 - WARNING - ⚠️ Tentativa 1: Limite de requisições. Aguardando 5s...
2025-05-22 16:26:00,808 - WARNING - ⚠️ Tentativa 2: Limite de requisições. Aguardando 10s...
2025-05-22 16:26:13,137 - INFO - ✅ Backup criado: BlockBackup-LinuxTSPlus32_Banco1LinuxTSPLUS32_clone2904_clone070525-BKPAUTCITEL-20250522-1625
2025-05-22 16:26:13,666 - INFO - 
🔍 Processando block volume: LinuxTSPlus32_Banco2LinuxTSPLUS32_clone2904_clone070525
2025-05-22 16:26:13,957 - INFO - ✅ Backup criado: BlockBackup-LinuxTSPlus32_Banco2LinuxTSPLUS32_clone2904_clone070525-BKPAUTCITEL-20250522-1626
2025-05-22 16:26:14,473 - INFO - 
🔍 Processando block volume: LinuxTSPlus2_Banco1LinuxTSPlus2_clone2904_clone070525
2025-05-22 16:26:14,758 - INFO - ✅ Backup criado: BlockBackup-LinuxTSPlus2_Banco1LinuxTSPlus2_clone2904_clone070525-BKPAUTCITEL-20250522-1626
2025-05-22 16:26:15,272 - INFO - 
🔍 Processando block volume: LinuxTSPlus2_Banco_PalacioFerramentas_clone2904_clone070525
2025-05-22 16:26:15,544 - INFO - ✅ Backup criado: BlockBackup-LinuxTSPlus2_Banco_PalacioFerramentas_clone2904_clone070525-BKPAUTCITEL-20250522-1626
2025-05-22 16:26:16,066 - INFO - 
🔍 Processando block volume: LinuxTSPlus2_Bancos2_BR02_clone2904_clone070525
2025-05-22 16:26:16,356 - INFO - ✅ Backup criado: BlockBackup-LinuxTSPlus2_Bancos2_BR02_clone2904_clone070525-BKPAUTCITEL-20250522-1626
2025-05-22 16:26:16,880 - INFO - 
🔍 Processando block volume: LinuxTSPlus25_Banco1LinuxTSPlus25_clone2904_clone070525
2025-05-22 16:26:17,174 - INFO - ✅ Backup criado: BlockBackup-LinuxTSPlus25_Banco1LinuxTSPlus25_clone2904_clone070525-BKPAUTCITEL-20250522-1626
2025-05-22 16:26:17,684 - INFO - 
🔍 Processando block volume: LinuxTSPlus25_Bancos3_BR25_clone2904_clone070525
2025-05-22 16:26:17,807 - WARNING - ⚠️ Tentativa 1: Limite de requisições. Aguardando 5s...
2025-05-22 16:26:25,056 - WARNING - ⚠️ Tentativa 2: Limite de requisições. Aguardando 10s...
2025-05-22 16:26:38,590 - INFO - ✅ Backup criado: BlockBackup-LinuxTSPlus25_Bancos3_BR25_clone2904_clone070525-BKPAUTCITEL-20250522-1626
2025-05-22 16:26:39,106 - INFO - 
🔍 Processando block volume: LinuxTSPlus1_Banco3LinuxTSPlus1_clone2904_clone070525
2025-05-22 16:26:39,379 - INFO - ✅ Backup criado: BlockBackup-LinuxTSPlus1_Banco3LinuxTSPlus1_clone2904_clone070525-BKPAUTCITEL-20250522-1626
2025-05-22 16:26:39,895 - INFO - 
🔍 Processando block volume: LinuxTSPlus1_Bancos4_BR01_clone2904_clone070525
2025-05-22 16:26:40,185 - INFO - ✅ Backup criado: BlockBackup-LinuxTSPlus1_Bancos4_BR01_clone2904_clone070525-BKPAUTCITEL-20250522-1626
2025-05-22 16:26:40,716 - INFO - 
🔍 Processando block volume: LinuxTSPlus1_Bancos5_BR1_clone2904_clone070525
2025-05-22 16:26:40,980 - INFO - ✅ Backup criado: BlockBackup-LinuxTSPlus1_Bancos5_BR1_clone2904_clone070525-BKPAUTCITEL-20250522-1626
2025-05-22 16:26:41,504 - INFO - 
🔍 Processando block volume: LinuxTSPlus1_blockvolume_clone2904_clone070525
2025-05-22 16:26:41,827 - INFO - ✅ Backup criado: BlockBackup-LinuxTSPlus1_blockvolume_clone2904_clone070525-BKPAUTCITEL-20250522-1626
2025-05-22 16:26:42,356 - INFO - 
🔍 Processando block volume: Banco2-LinuxData013_clone070525
2025-05-22 16:26:42,645 - INFO - ✅ Backup criado: BlockBackup-Banco2-LinuxData013_clone070525-BKPAUTCITEL-20250522-1626
2025-05-22 16:26:43,162 - INFO - 
🔍 Processando block volume: Banco3-LinuxData013_clone070525
2025-05-22 16:26:43,285 - WARNING - ⚠️ Tentativa 1: Limite de requisições. Aguardando 5s...
2025-05-22 16:26:51,926 - INFO - ✅ Backup criado: BlockBackup-Banco3-LinuxData013_clone070525-BKPAUTCITEL-20250522-1626
2025-05-22 16:26:52,444 - INFO - 
🔍 Processando block volume: Banco1-LinuxData013_clone070525
2025-05-22 16:26:52,566 - WARNING - ⚠️ Tentativa 1: Limite de requisições. Aguardando 5s...
2025-05-22 16:26:58,932 - INFO - ✅ Backup criado: BlockBackup-Banco1-LinuxData013_clone070525-BKPAUTCITEL-20250522-1626
2025-05-22 16:26:59,446 - INFO - 
🔍 Processando block volume: LinuxTSPlus14_BackupCoresVivas TKT 902822_clone2904_clone070525
2025-05-22 16:26:59,734 - INFO - ✅ Backup criado: BlockBackup-LinuxTSPlus14_BackupCoresVivas TKT 902822_clone2904_clone070525-BKPAUTCITEL-20250522-1626
2025-05-22 16:27:00,256 - INFO - 
🔍 Processando block volume: LinuxTSPlus14_Banco2LinuxTSPlus14_clone2904_clone070525
2025-05-22 16:27:00,386 - WARNING - ⚠️ Tentativa 1: Limite de requisições. Aguardando 5s...
2025-05-22 16:27:09,432 - INFO - ✅ Backup criado: BlockBackup-LinuxTSPlus14_Banco2LinuxTSPlus14_clone2904_clone070525-BKPAUTCITEL-20250522-1627
2025-05-22 16:27:09,952 - INFO - 
🔍 Processando block volume: LinuxTSPlus9-Banco1LinuxTSPlus9-clone2904_clone070525
2025-05-22 16:27:10,234 - INFO - ✅ Backup criado: BlockBackup-LinuxTSPlus9-Banco1LinuxTSPlus9-clone2904_clone070525-BKPAUTCITEL-20250522-1627
2025-05-22 16:27:10,738 - INFO - 
🔍 Processando block volume: LinuxTSPlus9-Banco3LinuxTSPlus9-clone2904_clone070525
2025-05-22 16:27:10,860 - WARNING - ⚠️ Tentativa 1: Limite de requisições. Aguardando 5s...
2025-05-22 16:27:20,677 - INFO - ✅ Backup criado: BlockBackup-LinuxTSPlus9-Banco3LinuxTSPlus9-clone2904_clone070525-BKPAUTCITEL-20250522-1627
2025-05-22 16:27:21,193 - INFO - 
🔍 Processando block volume: LinuxTSPlus14_BancoUbertintasTSPlus14_clone2904_clone070525
2025-05-22 16:27:21,568 - INFO - ✅ Backup criado: BlockBackup-LinuxTSPlus14_BancoUbertintasTSPlus14_clone2904_clone070525-BKPAUTCITEL-20250522-1627
2025-05-22 16:27:22,084 - INFO - 
🔍 Processando block volume: LinuxTSPlus9-Bancos4_BR9-clone2904_clone070525
2025-05-22 16:27:22,369 - INFO - ✅ Backup criado: BlockBackup-LinuxTSPlus9-Bancos4_BR9-clone2904_clone070525-BKPAUTCITEL-20250522-1627
2025-05-22 16:27:22,882 - INFO - 
🔍 Processando block volume: LinuxTSPlus8-Banco1LinuxTSPlus8-clone2904_clone070525
2025-05-22 16:27:23,004 - WARNING - ⚠️ Tentativa 1: Limite de requisições. Aguardando 5s...
2025-05-22 16:27:29,615 - INFO - ✅ Backup criado: BlockBackup-LinuxTSPlus8-Banco1LinuxTSPlus8-clone2904_clone070525-BKPAUTCITEL-20250522-1627
2025-05-22 16:27:30,165 - INFO - 
🔍 Processando block volume: LinuxTSPlus8-Banco3LinuxTSPlus8-clone2904_clone070525
2025-05-22 16:27:30,288 - WARNING - ⚠️ Tentativa 1: Limite de requisições. Aguardando 5s...
2025-05-22 16:27:39,858 - INFO - ✅ Backup criado: BlockBackup-LinuxTSPlus8-Banco3LinuxTSPlus8-clone2904_clone070525-BKPAUTCITEL-20250522-1627
2025-05-22 16:27:40,381 - INFO - 
🔍 Processando block volume: LinuxTSPlus16_Banco1LinuxTSPlus16_clone2904_clone070525
2025-05-22 16:27:40,506 - WARNING - ⚠️ Tentativa 1: Limite de requisições. Aguardando 5s...
2025-05-22 16:27:47,761 - INFO - ✅ Backup criado: BlockBackup-LinuxTSPlus16_Banco1LinuxTSPlus16_clone2904_clone070525-BKPAUTCITEL-20250522-1627
2025-05-22 16:27:48,276 - INFO - 
🔍 Processando block volume: LinuxTSPlus16_Banco2LinuxTSPlus16_clone2904_clone070525
2025-05-22 16:27:48,568 - INFO - ✅ Backup criado: BlockBackup-LinuxTSPlus16_Banco2LinuxTSPlus16_clone2904_clone070525-BKPAUTCITEL-20250522-1627
2025-05-22 16:27:49,100 - INFO - 
🔍 Processando block volume: LinuxTSPlus7-Banco2LinuxTSPlus7-block-clone2904_clone070525
2025-05-22 16:27:49,223 - WARNING - ⚠️ Tentativa 1: Limite de requisições. Aguardando 5s...
2025-05-22 16:27:56,864 - INFO - ✅ Backup criado: BlockBackup-LinuxTSPlus7-Banco2LinuxTSPlus7-block-clone2904_clone070525-BKPAUTCITEL-20250522-1627
2025-05-22 16:27:57,385 - INFO - 
🔍 Processando block volume: LinuxTSPlus7-Banco3LinuxTSPlus7-block-clone2904_clone070525
2025-05-22 16:27:57,688 - INFO - ✅ Backup criado: BlockBackup-LinuxTSPlus7-Banco3LinuxTSPlus7-block-clone2904_clone070525-BKPAUTCITEL-20250522-1627
2025-05-22 16:27:58,212 - INFO - 
🔍 Processando block volume: LinuxTSPlus7-Banco3_BR7-block-clone2904_clone070525
2025-05-22 16:27:58,525 - INFO - ✅ Backup criado: BlockBackup-LinuxTSPlus7-Banco3_BR7-block-clone2904_clone070525-BKPAUTCITEL-20250522-1627
2025-05-22 16:27:59,049 - INFO - 
🔍 Processando block volume: LinuxTSPlus17_Banco2LinuxTSPlus17_clone2904_clone070525
2025-05-22 16:27:59,345 - INFO - ✅ Backup criado: BlockBackup-LinuxTSPlus17_Banco2LinuxTSPlus17_clone2904_clone070525-BKPAUTCITEL-20250522-1627
2025-05-22 16:27:59,863 - INFO - 
🔍 Processando block volume: LinuxTSPlus17_BancoPRODBelaTintas_clone2904_clone070525
2025-05-22 16:27:59,987 - WARNING - ⚠️ Tentativa 1: Limite de requisições. Aguardando 5s...
2025-05-22 16:28:06,837 - WARNING - ⚠️ Tentativa 2: Limite de requisições. Aguardando 10s...
2025-05-22 16:28:20,520 - INFO - ✅ Backup criado: BlockBackup-LinuxTSPlus17_BancoPRODBelaTintas_clone2904_clone070525-BKPAUTCITEL-20250522-1627
2025-05-22 16:28:21,041 - INFO - 
🔍 Processando block volume: LinuxTSPlus17_HD5-LinuxDBAs_clone2904_clone070525
2025-05-22 16:28:21,345 - INFO - ✅ Backup criado: BlockBackup-LinuxTSPlus17_HD5-LinuxDBAs_clone2904_clone070525-BKPAUTCITEL-20250522-1628
2025-05-22 16:28:21,877 - INFO - 
🔍 Processando block volume: LinuxTSPlus6-Banco3LinuxTSPlus6-block-clone2904_clone070525
2025-05-22 16:28:22,153 - INFO - ✅ Backup criado: BlockBackup-LinuxTSPlus6-Banco3LinuxTSPlus6-block-clone2904_clone070525-BKPAUTCITEL-20250522-1628
2025-05-22 16:28:22,676 - INFO - 
🔍 Processando block volume: LinuxTSPlus6-Banco4LinuxTSPlus6-block-clone2904_clone070525
2025-05-22 16:28:22,976 - INFO - ✅ Backup criado: BlockBackup-LinuxTSPlus6-Banco4LinuxTSPlus6-block-clone2904_clone070525-BKPAUTCITEL-20250522-1628
2025-05-22 16:28:23,486 - INFO - 
🔍 Processando block volume: LinuxTSPlus18-Banco1LinuxTSPlus18-block-2904_clone070525
2025-05-22 16:28:23,609 - WARNING - ⚠️ Tentativa 1: Limite de requisições. Aguardando 5s...
2025-05-22 16:28:33,384 - INFO - ✅ Backup criado: BlockBackup-LinuxTSPlus18-Banco1LinuxTSPlus18-block-2904_clone070525-BKPAUTCITEL-20250522-1628
2025-05-22 16:28:33,901 - INFO - 
🔍 Processando block volume: LinuxTSPlus18-Banco2LinuxTSPlus18-block-2904_clone070525
2025-05-22 16:28:34,182 - INFO - ✅ Backup criado: BlockBackup-LinuxTSPlus18-Banco2LinuxTSPlus18-block-2904_clone070525-BKPAUTCITEL-20250522-1628
2025-05-22 16:28:34,737 - INFO - 
🔍 Processando block volume: LinuxTSPlus18-Bancos4_BR18-block-2904_clone070525
2025-05-22 16:28:34,860 - WARNING - ⚠️ Tentativa 1: Limite de requisições. Aguardando 5s...
2025-05-22 16:28:44,813 - INFO - ✅ Backup criado: BlockBackup-LinuxTSPlus18-Bancos4_BR18-block-2904_clone070525-BKPAUTCITEL-20250522-1628
2025-05-22 16:28:45,338 - INFO - 
🔍 Processando block volume: LinuxTsplus59-Banco2Linux59-block-clone2904_clone070525
2025-05-22 16:28:45,649 - INFO - ✅ Backup criado: BlockBackup-LinuxTsplus59-Banco2Linux59-block-clone2904_clone070525-BKPAUTCITEL-20250522-1628
2025-05-22 16:28:46,165 - INFO - 
🔍 Processando block volume: LinuxTsplus59-BancoLinux59-block-clone2904_clone070525
2025-05-22 16:28:46,447 - INFO - ✅ Backup criado: BlockBackup-LinuxTsplus59-BancoLinux59-block-clone2904_clone070525-BKPAUTCITEL-20250522-1628
2025-05-22 16:28:47,005 - INFO - 
🔍 Processando block volume: LinuxTSPlus19_Banco1LinuxTSPlus19_clone2904_clone070525
2025-05-22 16:28:47,326 - INFO - ✅ Backup criado: BlockBackup-LinuxTSPlus19_Banco1LinuxTSPlus19_clone2904_clone070525-BKPAUTCITEL-20250522-1628
2025-05-22 16:28:47,856 - INFO - 
🔍 Processando block volume: LinuxTSPlus19_Banco3LinuxTSPlus19_clone2904_clone070525
2025-05-22 16:28:48,165 - INFO - ✅ Backup criado: BlockBackup-LinuxTSPlus19_Banco3LinuxTSPlus19_clone2904_clone070525-BKPAUTCITEL-20250522-1628
2025-05-22 16:28:48,688 - INFO - 
🔍 Processando block volume: LinuxTSPlus20_Banco1LinuxTSPlus20_clone2904_clone070525
2025-05-22 16:28:48,978 - INFO - ✅ Backup criado: BlockBackup-LinuxTSPlus20_Banco1LinuxTSPlus20_clone2904_clone070525-BKPAUTCITEL-20250522-1628
2025-05-22 16:28:49,490 - INFO - 
🔍 Processando block volume: LinuxTSPlus20_Banco2LinuxTSPlus20_clone2904_clone070525
2025-05-22 16:28:49,613 - WARNING - ⚠️ Tentativa 1: Limite de requisições. Aguardando 5s...
2025-05-22 16:28:57,627 - WARNING - ⚠️ Tentativa 2: Limite de requisições. Aguardando 10s...
2025-05-22 16:29:09,886 - INFO - ✅ Backup criado: BlockBackup-LinuxTSPlus20_Banco2LinuxTSPlus20_clone2904_clone070525-BKPAUTCITEL-20250522-1628
2025-05-22 16:29:10,405 - INFO - 
🔍 Processando block volume: LinuxTSPlus20_Banco3_BR20_clone2904_clone070525
2025-05-22 16:29:10,528 - WARNING - ⚠️ Tentativa 1: Limite de requisições. Aguardando 5s...
2025-05-22 16:29:19,387 - INFO - ✅ Backup criado: BlockBackup-LinuxTSPlus20_Banco3_BR20_clone2904_clone070525-BKPAUTCITEL-20250522-1629
2025-05-22 16:29:19,900 - INFO - 
🔍 Processando block volume: LinuxTSPlus20_Banco4LinuxTSPlus20_clone2904_clone070525
2025-05-22 16:29:20,023 - WARNING - ⚠️ Tentativa 1: Limite de requisições. Aguardando 5s...
2025-05-22 16:29:29,097 - INFO - ✅ Backup criado: BlockBackup-LinuxTSPlus20_Banco4LinuxTSPlus20_clone2904_clone070525-BKPAUTCITEL-20250522-1629
2025-05-22 16:29:29,611 - INFO - 
🔍 Processando block volume: LinuxTSPlus5-Banco3LinuxBR5-block-clone2904_clone070525
2025-05-22 16:29:29,734 - WARNING - ⚠️ Tentativa 1: Limite de requisições. Aguardando 5s...
2025-05-22 16:29:39,126 - INFO - ✅ Backup criado: BlockBackup-LinuxTSPlus5-Banco3LinuxBR5-block-clone2904_clone070525-BKPAUTCITEL-20250522-1629
2025-05-22 16:29:39,644 - INFO - 
🔍 Processando block volume: LinuxTSPlus5-Banco2LinuxBR5-block-clone2904_clone070525
2025-05-22 16:29:39,910 - INFO - ✅ Backup criado: BlockBackup-LinuxTSPlus5-Banco2LinuxBR5-block-clone2904_clone070525-BKPAUTCITEL-20250522-1629
2025-05-22 16:29:40,425 - INFO - 
🔍 Processando block volume: Banco1-LinuxData004_clone070525
2025-05-22 16:29:40,702 - INFO - ✅ Backup criado: BlockBackup-Banco1-LinuxData004_clone070525-BKPAUTCITEL-20250522-1629
2025-05-22 16:29:41,224 - INFO - 
🔍 Processando block volume: Banco2-LinuxData004_clone070525
2025-05-22 16:29:41,545 - INFO - ✅ Backup criado: BlockBackup-Banco2-LinuxData004_clone070525-BKPAUTCITEL-20250522-1629
2025-05-22 16:29:42,058 - INFO - 
🔍 Processando block volume: Banco3-LinuxData004_clone070525
2025-05-22 16:29:42,334 - INFO - ✅ Backup criado: BlockBackup-Banco3-LinuxData004_clone070525-BKPAUTCITEL-20250522-1629
2025-05-22 16:29:42,841 - INFO - 
🔍 Processando block volume: LinuxTSPlus48-block-Restore_clone070525
2025-05-22 16:29:42,964 - WARNING - ⚠️ Tentativa 1: Limite de requisições. Aguardando 5s...
2025-05-22 16:29:51,077 - INFO - ✅ Backup criado: BlockBackup-LinuxTSPlus48-block-Restore_clone070525-BKPAUTCITEL-20250522-1629
2025-05-22 16:29:51,592 - INFO - 
🔍 Processando block volume: LinuxData007-Banco4_clone070525
2025-05-22 16:29:51,890 - INFO - ✅ Backup criado: BlockBackup-LinuxData007-Banco4_clone070525-BKPAUTCITEL-20250522-1629
2025-05-22 16:29:52,401 - INFO - 
🔍 Processando block volume: Banco2LinuxBR21-Restore_clone070525
2025-05-22 16:29:52,525 - WARNING - ⚠️ Tentativa 1: Limite de requisições. Aguardando 5s...
2025-05-22 16:30:02,774 - INFO - ✅ Backup criado: BlockBackup-Banco2LinuxBR21-Restore_clone070525-BKPAUTCITEL-20250522-1629
2025-05-22 16:30:03,291 - INFO - 
🔍 Processando block volume: LinuxTSPlus41-block-Restore_clone070525
2025-05-22 16:30:03,414 - WARNING - ⚠️ Tentativa 1: Limite de requisições. Aguardando 5s...
2025-05-22 16:30:13,733 - INFO - ✅ Backup criado: BlockBackup-LinuxTSPlus41-block-Restore_clone070525-BKPAUTCITEL-20250522-1630
2025-05-22 16:30:14,259 - INFO - 
🔍 Processando block volume: Banco1LinuxTSPlus26-Restore_clone070525
2025-05-22 16:30:14,570 - INFO - ✅ Backup criado: BlockBackup-Banco1LinuxTSPlus26-Restore_clone070525-BKPAUTCITEL-20250522-1630
2025-05-22 16:30:15,083 - INFO - 
🔍 Processando block volume: LinuxTSPlus36-block-Restore_clone070525
2025-05-22 16:30:15,381 - INFO - ✅ Backup criado: BlockBackup-LinuxTSPlus36-block-Restore_clone070525-BKPAUTCITEL-20250522-1630
2025-05-22 16:30:15,894 - INFO - 
🔍 Processando block volume: LinuxTSPlus34-Bancos3_BR34-backup-Restore_clone070525
2025-05-22 16:30:16,017 - WARNING - ⚠️ Tentativa 1: Limite de requisições. Aguardando 5s...
2025-05-22 16:30:23,257 - INFO - ✅ Backup criado: BlockBackup-LinuxTSPlus34-Bancos3_BR34-backup-Restore_clone070525-BKPAUTCITEL-20250522-1630
2025-05-22 16:30:23,839 - INFO - 
🔍 Processando block volume: LinuxTSPlus34-Bancos2_BR34-backup-Restore_clone070525
2025-05-22 16:30:23,962 - WARNING - ⚠️ Tentativa 1: Limite de requisições. Aguardando 5s...
2025-05-22 16:30:34,303 - WARNING - ⚠️ Tentativa 2: Limite de requisições. Aguardando 10s...
2025-05-22 16:30:49,015 - INFO - ✅ Backup criado: BlockBackup-LinuxTSPlus34-Bancos2_BR34-backup-Restore_clone070525-BKPAUTCITEL-20250522-1630
2025-05-22 16:30:49,530 - INFO - 
🔍 Processando block volume: Banco1LinuxTSPLUS33-Restore_clone070525
2025-05-22 16:30:49,865 - INFO - ✅ Backup criado: BlockBackup-Banco1LinuxTSPLUS33-Restore_clone070525-BKPAUTCITEL-20250522-1630
2025-05-22 16:30:50,377 - INFO - 
🔍 Processando block volume: Banco2BR33-Restore_clone070525
2025-05-22 16:30:50,637 - INFO - ✅ Backup criado: BlockBackup-Banco2BR33-Restore_clone070525-BKPAUTCITEL-20250522-1630
2025-05-22 16:30:51,170 - INFO - 
🔍 Processando block volume: LinuxTSPlus34-Banco1LinuxTSPLUS34-backup-Restore_clone070525
2025-05-22 16:30:51,436 - INFO - ✅ Backup criado: BlockBackup-LinuxTSPlus34-Banco1LinuxTSPLUS34-backup-Restore_clone070525-BKPAUTCITEL-20250522-1630
2025-05-22 16:30:51,950 - INFO - 
🔍 Processando block volume: LinuxTSPlus1-Restore1_clone070525
2025-05-22 16:30:52,271 - INFO - ✅ Backup criado: BlockBackup-LinuxTSPlus1-Restore1_clone070525-BKPAUTCITEL-20250522-1630
2025-05-22 16:30:52,796 - INFO - 
🔍 Processando block volume: Bancos5_BR1-Restore2_clone070525
2025-05-22 16:30:53,082 - INFO - ✅ Backup criado: BlockBackup-Bancos5_BR1-Restore2_clone070525-BKPAUTCITEL-20250522-1630
2025-05-22 16:30:53,591 - INFO - 
🔍 Processando block volume: Bancos4_BR01-Restore3_clone070525
2025-05-22 16:30:53,714 - WARNING - ⚠️ Tentativa 1: Limite de requisições. Aguardando 5s...
2025-05-22 16:31:01,464 - WARNING - ⚠️ Tentativa 2: Limite de requisições. Aguardando 10s...
2025-05-22 16:31:14,361 - INFO - ✅ Backup criado: BlockBackup-Bancos4_BR01-Restore3_clone070525-BKPAUTCITEL-20250522-1630
2025-05-22 16:31:14,891 - INFO - 
🔍 Processando block volume: Banco3LinuxTSPlus1-Restore4_clone070525
2025-05-22 16:31:15,014 - WARNING - ⚠️ Tentativa 1: Limite de requisições. Aguardando 5s...
2025-05-22 16:31:23,992 - INFO - ✅ Backup criado: BlockBackup-Banco3LinuxTSPlus1-Restore4_clone070525-BKPAUTCITEL-20250522-1631
2025-05-22 16:31:24,526 - INFO - 
🔍 Processando block volume: Banco1LinuxTSPlus24-Restore_clone070525
2025-05-22 16:31:24,879 - INFO - ✅ Backup criado: BlockBackup-Banco1LinuxTSPlus24-Restore_clone070525-BKPAUTCITEL-20250522-1631
2025-05-22 16:31:25,405 - INFO - 
🔍 Processando block volume: Banco1LinuxTSPlus22-Restore_clone070525
2025-05-22 16:31:25,720 - INFO - ✅ Backup criado: BlockBackup-Banco1LinuxTSPlus22-Restore_clone070525-BKPAUTCITEL-20250522-1631
2025-05-22 16:31:26,243 - INFO - 
🔍 Processando block volume: Banco3LinuxTSPlus22-Restore_clone070525
2025-05-22 16:31:26,496 - INFO - ✅ Backup criado: BlockBackup-Banco3LinuxTSPlus22-Restore_clone070525-BKPAUTCITEL-20250522-1631
2025-05-22 16:31:27,007 - INFO - 
🔍 Processando block volume: Banco2LinuxTSPlus22-Restore_clone070525
2025-05-22 16:31:27,130 - WARNING - ⚠️ Tentativa 1: Limite de requisições. Aguardando 5s...
2025-05-22 16:31:35,860 - INFO - ✅ Backup criado: BlockBackup-Banco2LinuxTSPlus22-Restore_clone070525-BKPAUTCITEL-20250522-1631
2025-05-22 16:31:36,377 - INFO - 
🔍 Processando block volume: LinuxData010-PalacioTKT651385_clone070525
2025-05-22 16:31:36,501 - WARNING - ⚠️ Tentativa 1: Limite de requisições. Aguardando 5s...
2025-05-22 16:31:42,254 - INFO - ✅ Backup criado: BlockBackup-LinuxData010-PalacioTKT651385_clone070525-BKPAUTCITEL-20250522-1631
2025-05-22 16:31:42,768 - INFO - 
🔍 Processando block volume: LinuxData010-Banco4_clone070525
2025-05-22 16:31:42,891 - WARNING - ⚠️ Tentativa 1: Limite de requisições. Aguardando 5s...
2025-05-22 16:31:49,708 - WARNING - ⚠️ Tentativa 2: Limite de requisições. Aguardando 10s...
2025-05-22 16:32:02,274 - INFO - ✅ Backup criado: BlockBackup-LinuxData010-Banco4_clone070525-BKPAUTCITEL-20250522-1631
2025-05-22 16:32:02,791 - INFO - 
🔍 Processando block volume: LinuxData010-Banco5_clone070525
2025-05-22 16:32:02,914 - WARNING - ⚠️ Tentativa 1: Limite de requisições. Aguardando 5s...
2025-05-22 16:32:13,377 - INFO - ✅ Backup criado: BlockBackup-LinuxData010-Banco5_clone070525-BKPAUTCITEL-20250522-1632
2025-05-22 16:32:13,896 - INFO - 
🔍 Processando block volume: LinuxData010-GeB_clone070525
2025-05-22 16:32:14,200 - INFO - ✅ Backup criado: BlockBackup-LinuxData010-GeB_clone070525-BKPAUTCITEL-20250522-1632
2025-05-22 16:32:14,721 - INFO - 
🔍 Processando block volume: Banco3LinuxTSPlus1-Restore4_copy_30-04-2025_clone070525
2025-05-22 16:32:15,022 - INFO - ✅ Backup criado: BlockBackup-Banco3LinuxTSPlus1-Restore4_copy_30-04-2025_clone070525-BKPAUTCITEL-20250522-1632
2025-05-22 16:32:15,547 - INFO - 
🔍 Processando block volume: Bancos5_BR1-Restore2_Copu_30-04-2025_clone070525
2025-05-22 16:32:15,849 - INFO - ✅ Backup criado: BlockBackup-Bancos5_BR1-Restore2_Copu_30-04-2025_clone070525-BKPAUTCITEL-20250522-1632
2025-05-22 16:32:16,360 - INFO - 
🔍 Processando block volume: LinuxTSPlus1-Restore1_Copy_30-04-2025_clone070525
2025-05-22 16:32:16,483 - WARNING - ⚠️ Tentativa 1: Limite de requisições. Aguardando 5s...
2025-05-22 16:32:24,636 - WARNING - ⚠️ Tentativa 2: Limite de requisições. Aguardando 10s...
2025-05-22 16:32:35,849 - INFO - ✅ Backup criado: BlockBackup-LinuxTSPlus1-Restore1_Copy_30-04-2025_clone070525-BKPAUTCITEL-20250522-1632
2025-05-22 16:32:36,366 - INFO - 
🔍 Processando block volume: Bancos4_BR01-Restore3_Copy_30-04-2025_clone070525
2025-05-22 16:32:36,686 - INFO - ✅ Backup criado: BlockBackup-Bancos4_BR01-Restore3_Copy_30-04-2025_clone070525-BKPAUTCITEL-20250522-1632
2025-05-22 16:32:37,205 - INFO - 
🔍 Processando block volume: Banco1LinuxTSPlus2_Copy_30-04-2025_clone070525
2025-05-22 16:32:37,475 - INFO - ✅ Backup criado: BlockBackup-Banco1LinuxTSPlus2_Copy_30-04-2025_clone070525-BKPAUTCITEL-20250522-1632
2025-05-22 16:32:38,013 - INFO - 
🔍 Processando block volume: Banco_PalacioFerramentas_Copy_30-04-2025_clone070525
2025-05-22 16:32:38,347 - INFO - ✅ Backup criado: BlockBackup-Banco_PalacioFerramentas_Copy_30-04-2025_clone070525-BKPAUTCITEL-20250522-1632
2025-05-22 16:32:38,862 - INFO - 
🔍 Processando block volume: LinuxData002_Bancos2_BR02_Copy_30-04-2025_clone070525
2025-05-22 16:32:39,131 - INFO - ✅ Backup criado: BlockBackup-LinuxData002_Bancos2_BR02_Copy_30-04-2025_clone070525-BKPAUTCITEL-20250522-1632
2025-05-22 16:32:39,646 - INFO - 
🔍 Processando block volume: LinuxData020-Banco3_BR20_clone070525
2025-05-22 16:32:39,925 - INFO - ✅ Backup criado: BlockBackup-LinuxData020-Banco3_BR20_clone070525-BKPAUTCITEL-20250522-1632
2025-05-22 16:32:40,435 - INFO - 
🔍 Processando block volume: Banco3_BR20-RESTORE_FILES_clone070525
2025-05-22 16:32:40,557 - WARNING - ⚠️ Tentativa 1: Limite de requisições. Aguardando 5s...
2025-05-22 16:32:46,543 - WARNING - ⚠️ Tentativa 2: Limite de requisições. Aguardando 10s...
2025-05-22 16:32:59,130 - WARNING - ⚠️ Tentativa 3: Limite de requisições. Aguardando 20s...
2025-05-22 16:33:23,827 - INFO - ✅ Backup criado: BlockBackup-Banco3_BR20-RESTORE_FILES_clone070525-BKPAUTCITEL-20250522-1632
2025-05-22 16:33:24,354 - INFO - 
🔍 Processando block volume: LinuxData030_clone06052025_clone070525
2025-05-22 16:33:24,663 - INFO - ✅ Backup criado: BlockBackup-LinuxData030_clone06052025_clone070525-BKPAUTCITEL-20250522-1633
2025-05-22 16:33:25,218 - INFO - 
🔍 Processando block volume: LinuxDataBelaTintas_Replica
2025-05-22 16:33:25,527 - INFO - ✅ Backup criado: BlockBackup-LinuxDataBelaTintas_Replica-BKPAUTCITEL-20250522-1633
2025-05-22 16:33:26,041 - INFO - 
🔍 Processando block volume: Banco3LinuxTSPlus1-Replica
2025-05-22 16:33:26,354 - INFO - ✅ Backup criado: BlockBackup-Banco3LinuxTSPlus1-Replica-BKPAUTCITEL-20250522-1633
2025-05-22 16:33:26,892 - INFO - 
🔍 Processando block volume: Bancos4_BR01-Replica
2025-05-22 16:33:27,191 - INFO - ✅ Backup criado: BlockBackup-Bancos4_BR01-Replica-BKPAUTCITEL-20250522-1633
2025-05-22 16:33:27,718 - INFO - 
🔍 Processando block volume: Bancos5_BR1-Replica
2025-05-22 16:33:27,999 - INFO - ✅ Backup criado: BlockBackup-Bancos5_BR1-Replica-BKPAUTCITEL-20250522-1633
2025-05-22 16:33:28,522 - INFO - 
🔍 Processando block volume: LinuxTSPlus1-Replica
2025-05-22 16:33:28,799 - INFO - ✅ Backup criado: BlockBackup-LinuxTSPlus1-Replica-BKPAUTCITEL-20250522-1633
2025-05-22 16:33:29,318 - INFO - 
🔍 Processando block volume: Banco1-LinuxData004_Replica-Teste
2025-05-22 16:33:29,642 - INFO - ✅ Backup criado: BlockBackup-Banco1-LinuxData004_Replica-Teste-BKPAUTCITEL-20250522-1633
2025-05-22 16:33:30,164 - INFO - 
✅ Execução concluída com sucesso
