2025-05-22 19:11:01,284 - INFO - 
🔍 Processando block volume: LinuxTSPlus1_clone070525
2025-05-22 19:11:01,616 - INFO - ✅ Backup criado: BlockBackup-LinuxTSPlus1_clone070525-BKPAUTCITEL-20250522-1911
2025-05-22 19:11:02,153 - INFO - 
🔍 Processando block volume: Banco1LinuxTSPlus2_clone070525
2025-05-22 19:11:02,481 - INFO - ✅ Backup criado: BlockBackup-Banco1LinuxTSPlus2_clone070525-BKPAUTCITEL-20250522-1911
2025-05-22 19:11:03,009 - INFO - 
🔍 Processando block volume: Banco1LinuxTSPlus4_clone070525
2025-05-22 19:11:03,284 - INFO - ✅ Backup criado: BlockBackup-Banco1LinuxTSPlus4_clone070525-BKPAUTCITEL-20250522-1911
2025-05-22 19:11:03,808 - INFO - 
🔍 Processando block volume: Banco2LinuxTSPlus4_clone070525
2025-05-22 19:11:04,186 - INFO - ✅ Backup criado: BlockBackup-Banco2LinuxTSPlus4_clone070525-BKPAUTCITEL-20250522-1911
2025-05-22 19:11:04,704 - INFO - 
🔍 Processando block volume: Banco2LinuxTSPlus7_clone070525
2025-05-22 19:11:04,979 - INFO - ✅ Backup criado: BlockBackup-Banco2LinuxTSPlus7_clone070525-BKPAUTCITEL-20250522-1911
2025-05-22 19:11:05,498 - INFO - 
🔍 Processando block volume: Banco1LinuxTSPlus8_clone070525
2025-05-22 19:11:05,623 - WARNING - ⚠️ Tentativa 1: Limite de requisições. Aguardando 5s...
2025-05-22 19:11:15,461 - WARNING - ⚠️ Tentativa 2: Limite de requisições. Aguardando 10s...
2025-05-22 19:11:28,340 - INFO - ✅ Backup criado: BlockBackup-Banco1LinuxTSPlus8_clone070525-BKPAUTCITEL-20250522-1911
2025-05-22 19:11:28,893 - INFO - 
🔍 Processando block volume: Banco1LinuxTSPlus9_clone070525
2025-05-22 19:11:29,252 - INFO - ✅ Backup criado: BlockBackup-Banco1LinuxTSPlus9_clone070525-BKPAUTCITEL-20250522-1911
2025-05-22 19:11:29,797 - INFO - 
🔍 Processando block volume: Banco1LinuxTSPlus12_clone070525
2025-05-22 19:11:30,114 - INFO - ✅ Backup criado: BlockBackup-Banco1LinuxTSPlus12_clone070525-BKPAUTCITEL-20250522-1911
2025-05-22 19:11:30,674 - INFO - 
🔍 Processando block volume: Banco2LinuxTSPlus13_clone070525
2025-05-22 19:11:31,013 - INFO - ✅ Backup criado: BlockBackup-Banco2LinuxTSPlus13_clone070525-BKPAUTCITEL-20250522-1911
2025-05-22 19:11:31,541 - INFO - 
🔍 Processando block volume: BancoUbertintasTSPlus14_clone070525
2025-05-22 19:11:31,929 - INFO - ✅ Backup criado: BlockBackup-BancoUbertintasTSPlus14_clone070525-BKPAUTCITEL-20250522-1911
2025-05-22 19:11:32,489 - INFO - 
🔍 Processando block volume: Banco2LinuxTSPlus14_clone070525
2025-05-22 19:11:32,781 - INFO - ✅ Backup criado: BlockBackup-Banco2LinuxTSPlus14_clone070525-BKPAUTCITEL-20250522-1911
2025-05-22 19:11:33,302 - INFO - 
🔍 Processando block volume: Banco1LinuxTSPlus16_clone070525
2025-05-22 19:11:33,425 - WARNING - ⚠️ Tentativa 1: Limite de requisições. Aguardando 5s...
2025-05-22 19:11:39,240 - WARNING - ⚠️ Tentativa 2: Limite de requisições. Aguardando 10s...
2025-05-22 19:11:51,337 - INFO - ✅ Backup criado: BlockBackup-Banco1LinuxTSPlus16_clone070525-BKPAUTCITEL-20250522-1911
2025-05-22 19:11:51,866 - INFO - 
🔍 Processando block volume: Banco2LinuxBR5_clone070525
2025-05-22 19:11:52,157 - INFO - ✅ Backup criado: BlockBackup-Banco2LinuxBR5_clone070525-BKPAUTCITEL-20250522-1911
2025-05-22 19:11:52,682 - INFO - 
🔍 Processando block volume: Banco2LinuxTSPlus18_clone070525
2025-05-22 19:11:53,004 - INFO - ✅ Backup criado: BlockBackup-Banco2LinuxTSPlus18_clone070525-BKPAUTCITEL-20250522-1911
2025-05-22 19:11:53,525 - INFO - 
🔍 Processando block volume: Banco1LinuxTSPlus19_clone070525
2025-05-22 19:11:53,648 - WARNING - ⚠️ Tentativa 1: Limite de requisições. Aguardando 5s...
2025-05-22 19:11:59,334 - INFO - ✅ Backup criado: BlockBackup-Banco1LinuxTSPlus19_clone070525-BKPAUTCITEL-20250522-1911
2025-05-22 19:11:59,854 - INFO - 
🔍 Processando block volume: Banco4LinuxTSPlus10_clone070525
2025-05-22 19:11:59,982 - WARNING - ⚠️ Tentativa 1: Limite de requisições. Aguardando 5s...
2025-05-22 19:12:09,623 - INFO - ✅ Backup criado: BlockBackup-Banco4LinuxTSPlus10_clone070525-BKPAUTCITEL-20250522-1911
2025-05-22 19:12:10,138 - INFO - 
🔍 Processando block volume: Banco1LinuxTSPlus20_clone070525
2025-05-22 19:12:10,442 - INFO - ✅ Backup criado: BlockBackup-Banco1LinuxTSPlus20_clone070525-BKPAUTCITEL-20250522-1912
2025-05-22 19:12:10,964 - INFO - 
🔍 Processando block volume: Banco1LinuxTSPlus22_clone070525
2025-05-22 19:12:11,262 - INFO - ✅ Backup criado: BlockBackup-Banco1LinuxTSPlus22_clone070525-BKPAUTCITEL-20250522-1912
2025-05-22 19:12:11,849 - INFO - 
🔍 Processando block volume: Banco3LinuxTSPlus1_clone070525
2025-05-22 19:12:11,972 - WARNING - ⚠️ Tentativa 1: Limite de requisições. Aguardando 5s...
2025-05-22 19:12:18,094 - INFO - ✅ Backup criado: BlockBackup-Banco3LinuxTSPlus1_clone070525-BKPAUTCITEL-20250522-1912
2025-05-22 19:12:18,634 - INFO - 
🔍 Processando block volume: Banco1LinuxTSPlus24_clone070525
2025-05-22 19:12:18,916 - INFO - ✅ Backup criado: BlockBackup-Banco1LinuxTSPlus24_clone070525-BKPAUTCITEL-20250522-1912
2025-05-22 19:12:19,434 - INFO - 
🔍 Processando block volume: Banco3LinuxTSPlus9_clone070525
2025-05-22 19:12:19,705 - INFO - ✅ Backup criado: BlockBackup-Banco3LinuxTSPlus9_clone070525-BKPAUTCITEL-20250522-1912
2025-05-22 19:12:20,220 - INFO - 
🔍 Processando block volume: Banco_PalacioFerramentas_clone070525
2025-05-22 19:12:20,343 - WARNING - ⚠️ Tentativa 1: Limite de requisições. Aguardando 5s...
2025-05-22 19:12:26,407 - WARNING - ⚠️ Tentativa 2: Limite de requisições. Aguardando 10s...
2025-05-22 19:12:37,672 - WARNING - ⚠️ Tentativa 3: Limite de requisições. Aguardando 20s...
2025-05-22 19:13:00,109 - INFO - ✅ Backup criado: BlockBackup-Banco_PalacioFerramentas_clone070525-BKPAUTCITEL-20250522-1912
2025-05-22 19:13:00,631 - INFO - 
🔍 Processando block volume: Banco1LinuxTSPlus25_clone070525
2025-05-22 19:13:00,949 - INFO - ✅ Backup criado: BlockBackup-Banco1LinuxTSPlus25_clone070525-BKPAUTCITEL-20250522-1913
2025-05-22 19:13:01,502 - INFO - 
🔍 Processando block volume: Banco1LinuxTSPlus26_clone070525
2025-05-22 19:13:01,929 - INFO - ✅ Backup criado: BlockBackup-Banco1LinuxTSPlus26_clone070525-BKPAUTCITEL-20250522-1913
2025-05-22 19:13:02,464 - INFO - 
🔍 Processando block volume: Banco2LinuxTSPlus12_clone070525
2025-05-22 19:13:02,786 - INFO - ✅ Backup criado: BlockBackup-Banco2LinuxTSPlus12_clone070525-BKPAUTCITEL-20250522-1913
2025-05-22 19:13:03,302 - INFO - 
🔍 Processando block volume: Banco2LinuxTSPlus28_clone070525
2025-05-22 19:13:03,571 - INFO - ✅ Backup criado: BlockBackup-Banco2LinuxTSPlus28_clone070525-BKPAUTCITEL-20250522-1913
2025-05-22 19:13:04,098 - INFO - 
🔍 Processando block volume: Banco1LinuxTSPlus29_clone070525
2025-05-22 19:13:04,379 - INFO - ✅ Backup criado: BlockBackup-Banco1LinuxTSPlus29_clone070525-BKPAUTCITEL-20250522-1913
2025-05-22 19:13:04,901 - INFO - 
🔍 Processando block volume: Banco1LinuxTSPlus30_clone070525
2025-05-22 19:13:05,196 - INFO - ✅ Backup criado: BlockBackup-Banco1LinuxTSPlus30_clone070525-BKPAUTCITEL-20250522-1913
2025-05-22 19:13:05,717 - INFO - 
🔍 Processando block volume: Banco3LinuxTSPlus6_clone070525
2025-05-22 19:13:06,036 - INFO - ✅ Backup criado: BlockBackup-Banco3LinuxTSPlus6_clone070525-BKPAUTCITEL-20250522-1913
2025-05-22 19:13:06,561 - INFO - 
🔍 Processando block volume: Banco1LinuxTSPLUS32_clone070525
2025-05-22 19:13:06,838 - INFO - ✅ Backup criado: BlockBackup-Banco1LinuxTSPLUS32_clone070525-BKPAUTCITEL-20250522-1913
2025-05-22 19:13:07,375 - INFO - 
🔍 Processando block volume: Banco1LinuxTSPLUS33_clone070525
2025-05-22 19:13:07,656 - INFO - ✅ Backup criado: BlockBackup-Banco1LinuxTSPLUS33_clone070525-BKPAUTCITEL-20250522-1913
2025-05-22 19:13:08,186 - INFO - 
🔍 Processando block volume: Banco1LinuxTSPLUS34_clone070525
2025-05-22 19:13:08,493 - INFO - ✅ Backup criado: BlockBackup-Banco1LinuxTSPLUS34_clone070525-BKPAUTCITEL-20250522-1913
2025-05-22 19:13:09,016 - INFO - 
🔍 Processando block volume: Banco1LinuxTSPLUS36_clone070525
2025-05-22 19:13:09,139 - WARNING - ⚠️ Tentativa 1: Limite de requisições. Aguardando 5s...
2025-05-22 19:13:17,059 - WARNING - ⚠️ Tentativa 2: Limite de requisições. Aguardando 10s...
2025-05-22 19:13:29,366 - WARNING - ⚠️ Tentativa 3: Limite de requisições. Aguardando 20s...
2025-05-22 19:13:53,654 - INFO - ✅ Backup criado: BlockBackup-Banco1LinuxTSPLUS36_clone070525-BKPAUTCITEL-20250522-1913
2025-05-22 19:13:54,173 - INFO - 
🔍 Processando block volume: Banco1LinuxTSPLUS37_clone070525
2025-05-22 19:13:54,434 - INFO - ✅ Backup criado: BlockBackup-Banco1LinuxTSPLUS37_clone070525-BKPAUTCITEL-20250522-1913
2025-05-22 19:13:54,954 - INFO - 
🔍 Processando block volume: Banco1LinuxTSPLUS40_clone070525
2025-05-22 19:13:55,255 - INFO - ✅ Backup criado: BlockBackup-Banco1LinuxTSPLUS40_clone070525-BKPAUTCITEL-20250522-1913
2025-05-22 19:13:55,788 - INFO - 
🔍 Processando block volume: Banco1LinuxTSPLUS41_clone070525
2025-05-22 19:13:56,075 - INFO - ✅ Backup criado: BlockBackup-Banco1LinuxTSPLUS41_clone070525-BKPAUTCITEL-20250522-1913
2025-05-22 19:13:56,600 - INFO - 
🔍 Processando block volume: Banco3LinuxBR5_clone070525
2025-05-22 19:13:56,900 - INFO - ✅ Backup criado: BlockBackup-Banco3LinuxBR5_clone070525-BKPAUTCITEL-20250522-1913
2025-05-22 19:13:57,415 - INFO - 
🔍 Processando block volume: Banco1LinuxTSPLUS43_clone070525
2025-05-22 19:13:57,538 - WARNING - ⚠️ Tentativa 1: Limite de requisições. Aguardando 5s...
2025-05-22 19:14:07,303 - INFO - ✅ Backup criado: BlockBackup-Banco1LinuxTSPLUS43_clone070525-BKPAUTCITEL-20250522-1913
2025-05-22 19:14:07,818 - INFO - 
🔍 Processando block volume: Banco1LinuxTSPlus11_clone070525
2025-05-22 19:14:08,129 - INFO - ✅ Backup criado: BlockBackup-Banco1LinuxTSPlus11_clone070525-BKPAUTCITEL-20250522-1914
2025-05-22 19:14:08,652 - INFO - 
🔍 Processando block volume: Banco2LinuxTSPLUS65_clone070525
2025-05-22 19:14:08,993 - INFO - ✅ Backup criado: BlockBackup-Banco2LinuxTSPLUS65_clone070525-BKPAUTCITEL-20250522-1914
2025-05-22 19:14:09,516 - INFO - 
🔍 Processando block volume: Banco2LinuxTSPlus17_clone070525
2025-05-22 19:14:09,639 - WARNING - ⚠️ Tentativa 1: Limite de requisições. Aguardando 5s...
2025-05-22 19:14:15,785 - INFO - ✅ Backup criado: BlockBackup-Banco2LinuxTSPlus17_clone070525-BKPAUTCITEL-20250522-1914
2025-05-22 19:14:15,946 - INFO - 
🔍 Processando block volume: Banco3LinuxTSPlus8_clone070525
2025-05-22 19:14:16,243 - INFO - ✅ Backup criado: BlockBackup-Banco3LinuxTSPlus8_clone070525-BKPAUTCITEL-20250522-1914
2025-05-22 19:14:16,786 - INFO - 
🔍 Processando block volume: Banco 1 OracleBr48_clone070525
2025-05-22 19:14:16,908 - WARNING - ⚠️ Tentativa 1: Limite de requisições. Aguardando 5s...
2025-05-22 19:14:22,582 - WARNING - ⚠️ Tentativa 2: Limite de requisições. Aguardando 10s...
2025-05-22 19:14:34,103 - INFO - ✅ Backup criado: BlockBackup-Banco 1 OracleBr48_clone070525-BKPAUTCITEL-20250522-1914
2025-05-22 19:14:34,638 - INFO - 
🔍 Processando block volume: Banco5LinuxTSPlus10_clone070525
2025-05-22 19:14:34,760 - WARNING - ⚠️ Tentativa 1: Limite de requisições. Aguardando 5s...
2025-05-22 19:14:43,117 - INFO - ✅ Backup criado: BlockBackup-Banco5LinuxTSPlus10_clone070525-BKPAUTCITEL-20250522-1914
2025-05-22 19:14:43,639 - INFO - 
🔍 Processando block volume: Banco1LinuxTSPlus50_clone070525
2025-05-22 19:14:43,918 - INFO - ✅ Backup criado: BlockBackup-Banco1LinuxTSPlus50_clone070525-BKPAUTCITEL-20250522-1914
2025-05-22 19:14:44,435 - INFO - 
🔍 Processando block volume: Banco2LinuxTSPlus20_clone070525
2025-05-22 19:14:44,707 - INFO - ✅ Backup criado: BlockBackup-Banco2LinuxTSPlus20_clone070525-BKPAUTCITEL-20250522-1914
2025-05-22 19:14:45,232 - INFO - 
🔍 Processando block volume: BancoPRODBelaTintas_clone070525
2025-05-22 19:14:45,500 - INFO - ✅ Backup criado: BlockBackup-BancoPRODBelaTintas_clone070525-BKPAUTCITEL-20250522-1914
2025-05-22 19:14:46,040 - INFO - 
🔍 Processando block volume: BancoPRODJRPais_clone070525
2025-05-22 19:14:46,309 - INFO - ✅ Backup criado: BlockBackup-BancoPRODJRPais_clone070525-BKPAUTCITEL-20250522-1914
2025-05-22 19:14:46,834 - INFO - 
🔍 Processando block volume: Banco3LinuxTSPlus7_clone070525
2025-05-22 19:14:46,957 - WARNING - ⚠️ Tentativa 1: Limite de requisições. Aguardando 5s...
2025-05-22 19:14:57,029 - WARNING - ⚠️ Tentativa 2: Limite de requisições. Aguardando 10s...
2025-05-22 19:15:10,809 - WARNING - ⚠️ Tentativa 3: Limite de requisições. Aguardando 20s...
2025-05-22 19:15:32,308 - INFO - ✅ Backup criado: BlockBackup-Banco3LinuxTSPlus7_clone070525-BKPAUTCITEL-20250522-1914
2025-05-22 19:15:32,838 - INFO - 
🔍 Processando block volume: Banco1BR55_clone070525
2025-05-22 19:15:32,961 - WARNING - ⚠️ Tentativa 1: Limite de requisições. Aguardando 5s...
2025-05-22 19:15:39,767 - INFO - ✅ Backup criado: BlockBackup-Banco1BR55_clone070525-BKPAUTCITEL-20250522-1915
2025-05-22 19:15:40,291 - INFO - 
🔍 Processando block volume: BancoLinux59_clone070525
2025-05-22 19:15:40,664 - INFO - ✅ Backup criado: BlockBackup-BancoLinux59_clone070525-BKPAUTCITEL-20250522-1915
2025-05-22 19:15:41,193 - INFO - 
🔍 Processando block volume: Banco2LinuxBR21_clone070525
2025-05-22 19:15:41,500 - INFO - ✅ Backup criado: BlockBackup-Banco2LinuxBR21_clone070525-BKPAUTCITEL-20250522-1915
2025-05-22 19:15:42,024 - INFO - 
🔍 Processando block volume: Banco2Linux59_clone070525
2025-05-22 19:15:42,295 - INFO - ✅ Backup criado: BlockBackup-Banco2Linux59_clone070525-BKPAUTCITEL-20250522-1915
2025-05-22 19:15:42,813 - INFO - 
🔍 Processando block volume: Banco2BR24_clone070525
2025-05-22 19:15:43,095 - INFO - ✅ Backup criado: BlockBackup-Banco2BR24_clone070525-BKPAUTCITEL-20250522-1915
2025-05-22 19:15:43,628 - INFO - 
🔍 Processando block volume: Banco2BR33_clone070525
2025-05-22 19:15:43,923 - INFO - ✅ Backup criado: BlockBackup-Banco2BR33_clone070525-BKPAUTCITEL-20250522-1915
2025-05-22 19:15:44,439 - INFO - 
🔍 Processando block volume: Banco1LinuxTSPLUS65_clone070525
2025-05-22 19:15:44,724 - INFO - ✅ Backup criado: BlockBackup-Banco1LinuxTSPLUS65_clone070525-BKPAUTCITEL-20250522-1915
2025-05-22 19:15:45,290 - INFO - 
🔍 Processando block volume: BancoBR_72_clone070525
2025-05-22 19:15:45,595 - INFO - ✅ Backup criado: BlockBackup-BancoBR_72_clone070525-BKPAUTCITEL-20250522-1915
2025-05-22 19:15:46,116 - INFO - 
🔍 Processando block volume: Banco1LinuxTSPlus18_clone070525
2025-05-22 19:15:46,398 - INFO - ✅ Backup criado: BlockBackup-Banco1LinuxTSPlus18_clone070525-BKPAUTCITEL-20250522-1915
2025-05-22 19:15:46,942 - INFO - 
🔍 Processando block volume: LinuxDataBelaTintas_clone070525
2025-05-22 19:15:47,204 - INFO - ✅ Backup criado: BlockBackup-LinuxDataBelaTintas_clone070525-BKPAUTCITEL-20250522-1915
2025-05-22 19:15:47,721 - INFO - 
🔍 Processando block volume: Banco2LinuxTSPlus22_clone070525
2025-05-22 19:15:47,844 - WARNING - ⚠️ Tentativa 1: Limite de requisições. Aguardando 5s...
2025-05-22 19:15:55,333 - INFO - ✅ Backup criado: BlockBackup-Banco2LinuxTSPlus22_clone070525-BKPAUTCITEL-20250522-1915
2025-05-22 19:15:55,854 - INFO - 
🔍 Processando block volume: Banco2LinuxTSPLUS32_clone070525
2025-05-22 19:15:55,976 - WARNING - ⚠️ Tentativa 1: Limite de requisições. Aguardando 5s...
2025-05-22 19:16:05,282 - INFO - ✅ Backup criado: BlockBackup-Banco2LinuxTSPLUS32_clone070525-BKPAUTCITEL-20250522-1915
2025-05-22 19:16:05,805 - INFO - 
🔍 Processando block volume: Bancos2_BR29_clone070525
2025-05-22 19:16:05,928 - WARNING - ⚠️ Tentativa 1: Limite de requisições. Aguardando 5s...
2025-05-22 19:16:11,550 - WARNING - ⚠️ Tentativa 2: Limite de requisições. Aguardando 10s...
2025-05-22 19:16:23,935 - INFO - ✅ Backup criado: BlockBackup-Bancos2_BR29_clone070525-BKPAUTCITEL-20250522-1916
2025-05-22 19:16:24,467 - INFO - 
🔍 Processando block volume: Bancos4_BR9_clone070525
2025-05-22 19:16:24,754 - INFO - ✅ Backup criado: BlockBackup-Bancos4_BR9_clone070525-BKPAUTCITEL-20250522-1916
2025-05-22 19:16:25,277 - INFO - 
🔍 Processando block volume: Bancos3_BR12_clone070525
2025-05-22 19:16:25,544 - INFO - ✅ Backup criado: BlockBackup-Bancos3_BR12_clone070525-BKPAUTCITEL-20250522-1916
2025-05-22 19:16:26,058 - INFO - 
🔍 Processando block volume: Bancos2_BR34_clone070525
2025-05-22 19:16:26,181 - WARNING - ⚠️ Tentativa 1: Limite de requisições. Aguardando 5s...
2025-05-22 19:16:33,275 - INFO - ✅ Backup criado: BlockBackup-Bancos2_BR34_clone070525-BKPAUTCITEL-20250522-1916
2025-05-22 19:16:33,796 - INFO - 
🔍 Processando block volume: Bancos3_BR29_clone070525
2025-05-22 19:16:33,919 - WARNING - ⚠️ Tentativa 1: Limite de requisições. Aguardando 5s...
2025-05-22 19:16:40,634 - WARNING - ⚠️ Tentativa 2: Limite de requisições. Aguardando 10s...
2025-05-22 19:16:54,529 - INFO - ✅ Backup criado: BlockBackup-Bancos3_BR29_clone070525-BKPAUTCITEL-20250522-1916
2025-05-22 19:16:55,067 - INFO - 
🔍 Processando block volume: Banco3_BR7_clone070525
2025-05-22 19:16:55,373 - INFO - ✅ Backup criado: BlockBackup-Banco3_BR7_clone070525-BKPAUTCITEL-20250522-1916
2025-05-22 19:16:55,889 - INFO - 
🔍 Processando block volume: Bancos2_BR02_clone070525
2025-05-22 19:16:56,012 - WARNING - ⚠️ Tentativa 1: Limite de requisições. Aguardando 5s...
2025-05-22 19:17:03,984 - INFO - ✅ Backup criado: BlockBackup-Bancos2_BR02_clone070525-BKPAUTCITEL-20250522-1916
2025-05-22 19:17:04,521 - INFO - 
🔍 Processando block volume: Bancos4_BR18_clone070525
2025-05-22 19:17:04,825 - INFO - ✅ Backup criado: BlockBackup-Bancos4_BR18_clone070525-BKPAUTCITEL-20250522-1917
2025-05-22 19:17:05,344 - INFO - 
🔍 Processando block volume: Bancos4_BR01_clone070525
2025-05-22 19:17:05,466 - WARNING - ⚠️ Tentativa 1: Limite de requisições. Aguardando 5s...
2025-05-22 19:17:13,810 - WARNING - ⚠️ Tentativa 2: Limite de requisições. Aguardando 10s...
2025-05-22 19:17:28,161 - INFO - ✅ Backup criado: BlockBackup-Bancos4_BR01_clone070525-BKPAUTCITEL-20250522-1917
2025-05-22 19:17:28,705 - INFO - 
🔍 Processando block volume: Bancos3_BR13_clone070525
2025-05-22 19:17:29,006 - INFO - ✅ Backup criado: BlockBackup-Bancos3_BR13_clone070525-BKPAUTCITEL-20250522-1917
2025-05-22 19:17:29,524 - INFO - 
🔍 Processando block volume: Banco3_BR4_clone070525
2025-05-22 19:17:29,647 - WARNING - ⚠️ Tentativa 1: Limite de requisições. Aguardando 5s...
2025-05-22 19:17:36,072 - INFO - ✅ Backup criado: BlockBackup-Banco3_BR4_clone070525-BKPAUTCITEL-20250522-1917
2025-05-22 19:17:36,596 - INFO - 
🔍 Processando block volume: Banco2LinuxTSPlus16_clone070525
2025-05-22 19:17:36,877 - INFO - ✅ Backup criado: BlockBackup-Banco2LinuxTSPlus16_clone070525-BKPAUTCITEL-20250522-1917
2025-05-22 19:17:37,411 - INFO - 
🔍 Processando block volume: BKO Palacio TKT 651385_clone070525
2025-05-22 19:17:37,533 - WARNING - ⚠️ Tentativa 1: Limite de requisições. Aguardando 5s...
2025-05-22 19:17:47,297 - INFO - ✅ Backup criado: BlockBackup-BKO Palacio TKT 651385_clone070525-BKPAUTCITEL-20250522-1917
2025-05-22 19:17:47,821 - INFO - 
🔍 Processando block volume: Banco4LinuxTSPlus6_clone070525
2025-05-22 19:17:47,943 - WARNING - ⚠️ Tentativa 1: Limite de requisições. Aguardando 5s...
2025-05-22 19:17:53,855 - INFO - ✅ Backup criado: BlockBackup-Banco4LinuxTSPlus6_clone070525-BKPAUTCITEL-20250522-1917
2025-05-22 19:17:54,374 - INFO - 
🔍 Processando block volume: Banco2BR_72_clone070525
2025-05-22 19:17:54,656 - INFO - ✅ Backup criado: BlockBackup-Banco2BR_72_clone070525-BKPAUTCITEL-20250522-1917
2025-05-22 19:17:55,195 - INFO - 
🔍 Processando block volume: Bancos3_BR25_clone070525
2025-05-22 19:17:55,466 - INFO - ✅ Backup criado: BlockBackup-Bancos3_BR25_clone070525-BKPAUTCITEL-20250522-1917
2025-05-22 19:17:56,002 - INFO - 
🔍 Processando block volume: bancos3_BR28_clone070525
2025-05-22 19:17:56,266 - INFO - ✅ Backup criado: BlockBackup-bancos3_BR28_clone070525-BKPAUTCITEL-20250522-1917
2025-05-22 19:17:56,793 - INFO - 
🔍 Processando block volume: GeB_clone070525
2025-05-22 19:17:56,916 - WARNING - ⚠️ Tentativa 1: Limite de requisições. Aguardando 5s...
2025-05-22 19:18:06,810 - WARNING - ⚠️ Tentativa 2: Limite de requisições. Aguardando 10s...
2025-05-22 19:18:18,060 - INFO - ✅ Backup criado: BlockBackup-GeB_clone070525-BKPAUTCITEL-20250522-1917
2025-05-22 19:18:18,578 - INFO - 
🔍 Processando block volume: Banco3_BR20_clone070525
2025-05-22 19:18:18,701 - WARNING - ⚠️ Tentativa 1: Limite de requisições. Aguardando 5s...
2025-05-22 19:18:29,158 - WARNING - ⚠️ Tentativa 2: Limite de requisições. Aguardando 10s...
2025-05-22 19:18:44,181 - INFO - ✅ Backup criado: BlockBackup-Banco3_BR20_clone070525-BKPAUTCITEL-20250522-1918
2025-05-22 19:18:44,701 - INFO - 
🔍 Processando block volume: Bancos3_BR34_clone070525
2025-05-22 19:18:45,035 - INFO - ✅ Backup criado: BlockBackup-Bancos3_BR34_clone070525-BKPAUTCITEL-20250522-1918
2025-05-22 19:18:45,563 - INFO - 
🔍 Processando block volume: Banco_Darka_clone070525
2025-05-22 19:18:45,853 - INFO - ✅ Backup criado: BlockBackup-Banco_Darka_clone070525-BKPAUTCITEL-20250522-1918
2025-05-22 19:18:46,382 - INFO - 
🔍 Processando block volume: Banco4LinuxTSPlus7_clone070525
2025-05-22 19:18:46,680 - INFO - ✅ Backup criado: BlockBackup-Banco4LinuxTSPlus7_clone070525-BKPAUTCITEL-20250522-1918
2025-05-22 19:18:47,202 - INFO - 
🔍 Processando block volume: Banco4LinuxTSPlus20_clone070525
2025-05-22 19:18:47,324 - WARNING - ⚠️ Tentativa 1: Limite de requisições. Aguardando 5s...
2025-05-22 19:18:56,612 - INFO - ✅ Backup criado: BlockBackup-Banco4LinuxTSPlus20_clone070525-BKPAUTCITEL-20250522-1918
2025-05-22 19:18:57,130 - INFO - 
🔍 Processando block volume: Bancos4_BR13_clone070525
2025-05-22 19:18:57,429 - INFO - ✅ Backup criado: BlockBackup-Bancos4_BR13_clone070525-BKPAUTCITEL-20250522-1918
2025-05-22 19:18:57,966 - INFO - 
🔍 Processando block volume: Banco2LinuxTSPLUS37_clone070525
2025-05-22 19:18:58,260 - INFO - ✅ Backup criado: BlockBackup-Banco2LinuxTSPLUS37_clone070525-BKPAUTCITEL-20250522-1918
2025-05-22 19:18:58,787 - INFO - 
🔍 Processando block volume: BackupGeB_clone070525
2025-05-22 19:18:58,910 - WARNING - ⚠️ Tentativa 1: Limite de requisições. Aguardando 5s...
2025-05-22 19:19:09,089 - INFO - ✅ Backup criado: BlockBackup-BackupGeB_clone070525-BKPAUTCITEL-20250522-1918
2025-05-22 19:19:09,609 - INFO - 
🔍 Processando block volume: BancoGeB_clone070525
2025-05-22 19:19:09,945 - INFO - ✅ Backup criado: BlockBackup-BancoGeB_clone070525-BKPAUTCITEL-20250522-1919
2025-05-22 19:19:10,483 - INFO - 
🔍 Processando block volume: Banco3BR55_clone070525
2025-05-22 19:19:10,605 - WARNING - ⚠️ Tentativa 1: Limite de requisições. Aguardando 5s...
2025-05-22 19:19:18,522 - WARNING - ⚠️ Tentativa 2: Limite de requisições. Aguardando 10s...
2025-05-22 19:19:33,799 - INFO - ✅ Backup criado: BlockBackup-Banco3BR55_clone070525-BKPAUTCITEL-20250522-1919
2025-05-22 19:19:34,327 - INFO - 
🔍 Processando block volume: Bancos5_BR1_clone070525
2025-05-22 19:19:34,590 - INFO - ✅ Backup criado: BlockBackup-Bancos5_BR1_clone070525-BKPAUTCITEL-20250522-1919
2025-05-22 19:19:35,121 - INFO - 
🔍 Processando block volume: Banco3LinuxTSPlus19_clone070525
2025-05-22 19:19:35,407 - INFO - ✅ Backup criado: BlockBackup-Banco3LinuxTSPlus19_clone070525-BKPAUTCITEL-20250522-1919
2025-05-22 19:19:35,930 - INFO - 
🔍 Processando block volume: BackupCoresVivas TKT 902822_clone070525
2025-05-22 19:19:36,052 - WARNING - ⚠️ Tentativa 1: Limite de requisições. Aguardando 5s...
2025-05-22 19:19:45,235 - INFO - ✅ Backup criado: BlockBackup-BackupCoresVivas TKT 902822_clone070525-BKPAUTCITEL-20250522-1919
2025-05-22 19:19:45,752 - INFO - 
🔍 Processando block volume: bkpBoomerVinicius_clone070525
2025-05-22 19:19:45,874 - WARNING - ⚠️ Tentativa 1: Limite de requisições. Aguardando 5s...
2025-05-22 19:19:54,283 - INFO - ✅ Backup criado: BlockBackup-bkpBoomerVinicius_clone070525-BKPAUTCITEL-20250522-1919
2025-05-22 19:19:54,802 - INFO - 
🔍 Processando block volume: GeB2_clone070525
2025-05-22 19:19:55,075 - INFO - ✅ Backup criado: BlockBackup-GeB2_clone070525-BKPAUTCITEL-20250522-1919
2025-05-22 19:19:55,608 - INFO - 
🔍 Processando block volume: bkpParque1014464_clone070525
2025-05-22 19:19:55,731 - WARNING - ⚠️ Tentativa 1: Limite de requisições. Aguardando 5s...
2025-05-22 19:20:04,328 - INFO - ✅ Backup criado: BlockBackup-bkpParque1014464_clone070525-BKPAUTCITEL-20250522-1919
2025-05-22 19:20:04,850 - INFO - 
🔍 Processando block volume: bkpPedrao1020442_clone070525
2025-05-22 19:20:05,123 - INFO - ✅ Backup criado: BlockBackup-bkpPedrao1020442_clone070525-BKPAUTCITEL-20250522-1920
2025-05-22 19:20:05,640 - INFO - 
🔍 Processando block volume: Backup_BR34_1031161_clone070525
2025-05-22 19:20:05,936 - INFO - ✅ Backup criado: BlockBackup-Backup_BR34_1031161_clone070525-BKPAUTCITEL-20250522-1920
2025-05-22 19:20:06,452 - INFO - 
🔍 Processando block volume: Banco3LinuxTSPLUS65_clone070525
2025-05-22 19:20:06,769 - INFO - ✅ Backup criado: BlockBackup-Banco3LinuxTSPLUS65_clone070525-BKPAUTCITEL-20250522-1920
2025-05-22 19:20:07,289 - INFO - 
🔍 Processando block volume: Banco3LinuxTSPlus22_clone070525
2025-05-22 19:20:07,590 - INFO - ✅ Backup criado: BlockBackup-Banco3LinuxTSPlus22_clone070525-BKPAUTCITEL-20250522-1920
2025-05-22 19:20:08,128 - INFO - 
🔍 Processando block volume: BinariosLinuxTSPLUS65_clone070525
2025-05-22 19:20:08,250 - WARNING - ⚠️ Tentativa 1: Limite de requisições. Aguardando 5s...
2025-05-22 19:20:14,483 - WARNING - ⚠️ Tentativa 2: Limite de requisições. Aguardando 10s...
2025-05-22 19:20:25,257 - WARNING - ⚠️ Tentativa 3: Limite de requisições. Aguardando 20s...
2025-05-22 19:20:50,634 - WARNING - ⚠️ Tentativa 4: Limite de requisições. Aguardando 40s...
2025-05-22 19:21:35,732 - INFO - ✅ Backup criado: BlockBackup-BinariosLinuxTSPLUS65_clone070525-BKPAUTCITEL-20250522-1920
2025-05-22 19:21:36,251 - INFO - 
🔍 Processando block volume: GeB BancoTeste tkt 1048932_clone070525
2025-05-22 19:21:36,539 - INFO - ✅ Backup criado: BlockBackup-GeB BancoTeste tkt 1048932_clone070525-BKPAUTCITEL-20250522-1921
2025-05-22 19:21:37,057 - INFO - 
🔍 Processando block volume: Banco2LinuxTSPlus19_BelaTintas_clone070525
2025-05-22 19:21:37,337 - INFO - ✅ Backup criado: BlockBackup-Banco2LinuxTSPlus19_BelaTintas_clone070525-BKPAUTCITEL-20250522-1921
2025-05-22 19:21:37,867 - INFO - 
🔍 Processando block volume: Banco1LinuxTSPlus11_clone2904_clone070525
2025-05-22 19:21:38,184 - INFO - ✅ Backup criado: BlockBackup-Banco1LinuxTSPlus11_clone2904_clone070525-BKPAUTCITEL-20250522-1921
2025-05-22 19:21:38,707 - INFO - 
🔍 Processando block volume: LinuxTSPlus11_BancoPRODJRPais_clone2904_clone070525
2025-05-22 19:21:39,032 - INFO - ✅ Backup criado: BlockBackup-LinuxTSPlus11_BancoPRODJRPais_clone2904_clone070525-BKPAUTCITEL-20250522-1921
2025-05-22 19:21:39,555 - INFO - 
🔍 Processando block volume: LinuxTSPlus30_Banco1LinuxTSPlus30_clone2904_clone070525
2025-05-22 19:21:39,873 - INFO - ✅ Backup criado: BlockBackup-LinuxTSPlus30_Banco1LinuxTSPlus30_clone2904_clone070525-BKPAUTCITEL-20250522-1921
2025-05-22 19:21:40,383 - INFO - 
🔍 Processando block volume: Banco-1-LinuxData012_clone070525
2025-05-22 19:21:40,510 - WARNING - ⚠️ Tentativa 1: Limite de requisições. Aguardando 5s...
2025-05-22 19:21:46,242 - INFO - ✅ Backup criado: BlockBackup-Banco-1-LinuxData012_clone070525-BKPAUTCITEL-20250522-1921
2025-05-22 19:21:46,779 - INFO - 
🔍 Processando block volume: Banco2-LinuxData012_clone070525
2025-05-22 19:21:47,096 - INFO - ✅ Backup criado: BlockBackup-Banco2-LinuxData012_clone070525-BKPAUTCITEL-20250522-1921
2025-05-22 19:21:47,610 - INFO - 
🔍 Processando block volume: Banco3-LinuxData012_clone070525
2025-05-22 19:21:47,733 - WARNING - ⚠️ Tentativa 1: Limite de requisições. Aguardando 5s...
2025-05-22 19:21:58,007 - WARNING - ⚠️ Tentativa 2: Limite de requisições. Aguardando 10s...
2025-05-22 19:22:10,075 - INFO - ✅ Backup criado: BlockBackup-Banco3-LinuxData012_clone070525-BKPAUTCITEL-20250522-1921
2025-05-22 19:22:10,601 - INFO - 
🔍 Processando block volume: LinuxTSPlus10_BKOPalacioTKT651385_clone2904_clone070525
2025-05-22 19:22:11,102 - INFO - ✅ Backup criado: BlockBackup-LinuxTSPlus10_BKOPalacioTKT651385_clone2904_clone070525-BKPAUTCITEL-20250522-1922
2025-05-22 19:22:11,620 - INFO - 
🔍 Processando block volume: LinuxTSPlus10_Banco4LinuxTSPlus10_clone2904_clone070525
2025-05-22 19:22:11,905 - INFO - ✅ Backup criado: BlockBackup-LinuxTSPlus10_Banco4LinuxTSPlus10_clone2904_clone070525-BKPAUTCITEL-20250522-1922
2025-05-22 19:22:12,417 - INFO - 
🔍 Processando block volume: LinuxTSPlus10_Banco5LinuxTSPlus10_clone2904_clone070525
2025-05-22 19:22:12,701 - INFO - ✅ Backup criado: BlockBackup-LinuxTSPlus10_Banco5LinuxTSPlus10_clone2904_clone070525-BKPAUTCITEL-20250522-1922
2025-05-22 19:22:13,240 - INFO - 
🔍 Processando block volume: LinuxTSPlus10_GeB_clone2904_clone070525
2025-05-22 19:22:13,514 - INFO - ✅ Backup criado: BlockBackup-LinuxTSPlus10_GeB_clone2904_clone070525-BKPAUTCITEL-20250522-1922
2025-05-22 19:22:14,045 - INFO - 
🔍 Processando block volume: LinuxTSPlus55_Banco1BR55_clone2904_clone070525
2025-05-22 19:22:14,345 - INFO - ✅ Backup criado: BlockBackup-LinuxTSPlus55_Banco1BR55_clone2904_clone070525-BKPAUTCITEL-20250522-1922
2025-05-22 19:22:14,874 - INFO - 
🔍 Processando block volume: LinuxTSPlus55_Banco3BR55_clone2904_clone070525
2025-05-22 19:22:15,142 - INFO - ✅ Backup criado: BlockBackup-LinuxTSPlus55_Banco3BR55_clone2904_clone070525-BKPAUTCITEL-20250522-1922
2025-05-22 19:22:15,671 - INFO - 
🔍 Processando block volume: LinuxTSPlus65_Banco1LinuxTSPLUS65_clone2904_clone070525
2025-05-22 19:22:16,003 - INFO - ✅ Backup criado: BlockBackup-LinuxTSPlus65_Banco1LinuxTSPLUS65_clone2904_clone070525-BKPAUTCITEL-20250522-1922
2025-05-22 19:22:16,540 - INFO - 
🔍 Processando block volume: LinuxTSPlus65_Banco2LinuxTSPLUS65_clone2904_clone070525
2025-05-22 19:22:16,668 - WARNING - ⚠️ Tentativa 1: Limite de requisições. Aguardando 5s...
2025-05-22 19:22:24,532 - INFO - ✅ Backup criado: BlockBackup-LinuxTSPlus65_Banco2LinuxTSPLUS65_clone2904_clone070525-BKPAUTCITEL-20250522-1922
2025-05-22 19:22:25,050 - INFO - 
🔍 Processando block volume: LinuxTSPlus65_Banco3LinuxTSPLUS65_clone2904_clone070525
2025-05-22 19:22:25,320 - INFO - ✅ Backup criado: BlockBackup-LinuxTSPlus65_Banco3LinuxTSPLUS65_clone2904_clone070525-BKPAUTCITEL-20250522-1922
2025-05-22 19:22:25,845 - INFO - 
🔍 Processando block volume: LinuxTSPlus65_BinariosLinuxTSPLUS65_clone2904_clone070525
2025-05-22 19:22:25,968 - WARNING - ⚠️ Tentativa 1: Limite de requisições. Aguardando 5s...
2025-05-22 19:22:33,634 - INFO - ✅ Backup criado: BlockBackup-LinuxTSPlus65_BinariosLinuxTSPLUS65_clone2904_clone070525-BKPAUTCITEL-20250522-1922
2025-05-22 19:22:34,163 - INFO - 
🔍 Processando block volume: LinuxTSPlus28_Banco2LinuxTSPlus28_clone2904_clone070525
2025-05-22 19:22:34,289 - WARNING - ⚠️ Tentativa 1: Limite de requisições. Aguardando 5s...
2025-05-22 19:22:40,189 - WARNING - ⚠️ Tentativa 2: Limite de requisições. Aguardando 10s...
2025-05-22 19:22:53,851 - INFO - ✅ Backup criado: BlockBackup-LinuxTSPlus28_Banco2LinuxTSPlus28_clone2904_clone070525-BKPAUTCITEL-20250522-1922
2025-05-22 19:22:54,399 - INFO - 
🔍 Processando block volume: LinuxTSPlus28_bancos3_BR28_clone2904_clone070525
2025-05-22 19:22:54,522 - WARNING - ⚠️ Tentativa 1: Limite de requisições. Aguardando 5s...
2025-05-22 19:23:00,796 - WARNING - ⚠️ Tentativa 2: Limite de requisições. Aguardando 10s...
2025-05-22 19:23:13,200 - INFO - ✅ Backup criado: BlockBackup-LinuxTSPlus28_bancos3_BR28_clone2904_clone070525-BKPAUTCITEL-20250522-1922
2025-05-22 19:23:13,729 - INFO - 
🔍 Processando block volume: LinuxTSPlus29_Banco1LinuxTSPlus29_clone2904_clone070525
2025-05-22 19:23:14,053 - INFO - ✅ Backup criado: BlockBackup-LinuxTSPlus29_Banco1LinuxTSPlus29_clone2904_clone070525-BKPAUTCITEL-20250522-1923
2025-05-22 19:23:14,577 - INFO - 
🔍 Processando block volume: LinuxTSPlus29_Bancos2_BR29_clone2904_clone070525
2025-05-22 19:23:14,886 - INFO - ✅ Backup criado: BlockBackup-LinuxTSPlus29_Bancos2_BR29_clone2904_clone070525-BKPAUTCITEL-20250522-1923
2025-05-22 19:23:15,413 - INFO - 
🔍 Processando block volume: LinuxTSPlus29_Bancos3_BR29_clone2904_clone070525
2025-05-22 19:23:15,707 - INFO - ✅ Backup criado: BlockBackup-LinuxTSPlus29_Bancos3_BR29_clone2904_clone070525-BKPAUTCITEL-20250522-1923
2025-05-22 19:23:16,228 - INFO - 
🔍 Processando block volume: LinuxTSPlus72_Banco2BR_72_clone2904_clone070525
2025-05-22 19:23:16,575 - INFO - ✅ Backup criado: BlockBackup-LinuxTSPlus72_Banco2BR_72_clone2904_clone070525-BKPAUTCITEL-20250522-1923
2025-05-22 19:23:17,095 - INFO - 
🔍 Processando block volume: LinuxTSPlus72_BancoBR_clone2904_clone070525
2025-05-22 19:23:17,394 - INFO - ✅ Backup criado: BlockBackup-LinuxTSPlus72_BancoBR_clone2904_clone070525-BKPAUTCITEL-20250522-1923
2025-05-22 19:23:17,913 - INFO - 
🔍 Processando block volume: LinuxTSPlus43_Banco1LinuxTSPLUS43_clone2904_clone070525
2025-05-22 19:23:18,205 - INFO - ✅ Backup criado: BlockBackup-LinuxTSPlus43_Banco1LinuxTSPLUS43_clone2904_clone070525-BKPAUTCITEL-20250522-1923
2025-05-22 19:23:18,721 - INFO - 
🔍 Processando block volume: LinuxTSPlus43_HD4-LinuxDBA_clone2904_clone070525
2025-05-22 19:23:18,983 - INFO - ✅ Backup criado: BlockBackup-LinuxTSPlus43_HD4-LinuxDBA_clone2904_clone070525-BKPAUTCITEL-20250522-1923
2025-05-22 19:23:19,511 - INFO - 
🔍 Processando block volume: LinuxTSPlus50_Banco1LinuxTSPlus50_clone2904_clone070525
2025-05-22 19:23:19,635 - WARNING - ⚠️ Tentativa 1: Limite de requisições. Aguardando 5s...
2025-05-22 19:23:25,372 - WARNING - ⚠️ Tentativa 2: Limite de requisições. Aguardando 10s...
2025-05-22 19:23:39,903 - WARNING - ⚠️ Tentativa 3: Limite de requisições. Aguardando 20s...
2025-05-22 19:24:02,176 - INFO - ✅ Backup criado: BlockBackup-LinuxTSPlus50_Banco1LinuxTSPlus50_clone2904_clone070525-BKPAUTCITEL-20250522-1923
2025-05-22 19:24:02,704 - INFO - 
🔍 Processando block volume: LinuxTSPlus37_Banco1LinuxTSPLUS37_clone2904_clone070525
2025-05-22 19:24:03,072 - INFO - ✅ Backup criado: BlockBackup-LinuxTSPlus37_Banco1LinuxTSPLUS37_clone2904_clone070525-BKPAUTCITEL-20250522-1924
2025-05-22 19:24:03,596 - INFO - 
🔍 Processando block volume: LinuxTSPlus37_Banco2LinuxTSPLUS37_clone2904_clone070525
2025-05-22 19:24:03,870 - INFO - ✅ Backup criado: BlockBackup-LinuxTSPlus37_Banco2LinuxTSPLUS37_clone2904_clone070525-BKPAUTCITEL-20250522-1924
2025-05-22 19:24:04,395 - INFO - 
🔍 Processando block volume: LinuxTSPlus37_Banco1LinuxTSPLUS40_clone2904_clone070525
2025-05-22 19:24:04,518 - WARNING - ⚠️ Tentativa 1: Limite de requisições. Aguardando 5s...
2025-05-22 19:24:14,852 - INFO - ✅ Backup criado: BlockBackup-LinuxTSPlus37_Banco1LinuxTSPLUS40_clone2904_clone070525-BKPAUTCITEL-20250522-1924
2025-05-22 19:24:15,370 - INFO - 
🔍 Processando block volume: LinuxTSPlus32_Banco1LinuxTSPLUS32_clone2904_clone070525
2025-05-22 19:24:15,633 - INFO - ✅ Backup criado: BlockBackup-LinuxTSPlus32_Banco1LinuxTSPLUS32_clone2904_clone070525-BKPAUTCITEL-20250522-1924
2025-05-22 19:24:16,233 - INFO - 
🔍 Processando block volume: LinuxTSPlus32_Banco2LinuxTSPLUS32_clone2904_clone070525
2025-05-22 19:24:16,355 - WARNING - ⚠️ Tentativa 1: Limite de requisições. Aguardando 5s...
2025-05-22 19:24:22,279 - WARNING - ⚠️ Tentativa 2: Limite de requisições. Aguardando 10s...
2025-05-22 19:24:37,038 - INFO - ✅ Backup criado: BlockBackup-LinuxTSPlus32_Banco2LinuxTSPLUS32_clone2904_clone070525-BKPAUTCITEL-20250522-1924
2025-05-22 19:24:37,580 - INFO - 
🔍 Processando block volume: LinuxTSPlus2_Banco1LinuxTSPlus2_clone2904_clone070525
2025-05-22 19:24:37,987 - INFO - ✅ Backup criado: BlockBackup-LinuxTSPlus2_Banco1LinuxTSPlus2_clone2904_clone070525-BKPAUTCITEL-20250522-1924
2025-05-22 19:24:38,509 - INFO - 
🔍 Processando block volume: LinuxTSPlus2_Banco_PalacioFerramentas_clone2904_clone070525
2025-05-22 19:24:38,801 - INFO - ✅ Backup criado: BlockBackup-LinuxTSPlus2_Banco_PalacioFerramentas_clone2904_clone070525-BKPAUTCITEL-20250522-1924
2025-05-22 19:24:39,319 - INFO - 
🔍 Processando block volume: LinuxTSPlus2_Bancos2_BR02_clone2904_clone070525
2025-05-22 19:24:39,442 - WARNING - ⚠️ Tentativa 1: Limite de requisições. Aguardando 5s...
2025-05-22 19:24:48,586 - INFO - ✅ Backup criado: BlockBackup-LinuxTSPlus2_Bancos2_BR02_clone2904_clone070525-BKPAUTCITEL-20250522-1924
2025-05-22 19:24:49,113 - INFO - 
🔍 Processando block volume: LinuxTSPlus25_Banco1LinuxTSPlus25_clone2904_clone070525
2025-05-22 19:24:49,235 - WARNING - ⚠️ Tentativa 1: Limite de requisições. Aguardando 5s...
2025-05-22 19:24:56,578 - INFO - ✅ Backup criado: BlockBackup-LinuxTSPlus25_Banco1LinuxTSPlus25_clone2904_clone070525-BKPAUTCITEL-20250522-1924
2025-05-22 19:24:57,098 - INFO - 
🔍 Processando block volume: LinuxTSPlus25_Bancos3_BR25_clone2904_clone070525
2025-05-22 19:24:57,386 - INFO - ✅ Backup criado: BlockBackup-LinuxTSPlus25_Bancos3_BR25_clone2904_clone070525-BKPAUTCITEL-20250522-1924
2025-05-22 19:24:57,917 - INFO - 
🔍 Processando block volume: LinuxTSPlus1_Banco3LinuxTSPlus1_clone2904_clone070525
2025-05-22 19:24:58,224 - INFO - ✅ Backup criado: BlockBackup-LinuxTSPlus1_Banco3LinuxTSPlus1_clone2904_clone070525-BKPAUTCITEL-20250522-1924
2025-05-22 19:24:58,744 - INFO - 
🔍 Processando block volume: LinuxTSPlus1_Bancos4_BR01_clone2904_clone070525
2025-05-22 19:24:58,869 - WARNING - ⚠️ Tentativa 1: Limite de requisições. Aguardando 5s...
2025-05-22 19:25:06,716 - INFO - ✅ Backup criado: BlockBackup-LinuxTSPlus1_Bancos4_BR01_clone2904_clone070525-BKPAUTCITEL-20250522-1924
2025-05-22 19:25:07,238 - INFO - 
🔍 Processando block volume: LinuxTSPlus1_Bancos5_BR1_clone2904_clone070525
2025-05-22 19:25:07,362 - WARNING - ⚠️ Tentativa 1: Limite de requisições. Aguardando 5s...
2025-05-22 19:25:14,480 - WARNING - ⚠️ Tentativa 2: Limite de requisições. Aguardando 10s...
2025-05-22 19:25:27,268 - INFO - ✅ Backup criado: BlockBackup-LinuxTSPlus1_Bancos5_BR1_clone2904_clone070525-BKPAUTCITEL-20250522-1925
2025-05-22 19:25:27,785 - INFO - 
🔍 Processando block volume: LinuxTSPlus1_blockvolume_clone2904_clone070525
2025-05-22 19:25:28,073 - INFO - ✅ Backup criado: BlockBackup-LinuxTSPlus1_blockvolume_clone2904_clone070525-BKPAUTCITEL-20250522-1925
2025-05-22 19:25:28,594 - INFO - 
🔍 Processando block volume: Banco2-LinuxData013_clone070525
2025-05-22 19:25:28,872 - INFO - ✅ Backup criado: BlockBackup-Banco2-LinuxData013_clone070525-BKPAUTCITEL-20250522-1925
2025-05-22 19:25:29,382 - INFO - 
🔍 Processando block volume: Banco3-LinuxData013_clone070525
2025-05-22 19:25:29,505 - WARNING - ⚠️ Tentativa 1: Limite de requisições. Aguardando 5s...
2025-05-22 19:25:40,010 - INFO - ✅ Backup criado: BlockBackup-Banco3-LinuxData013_clone070525-BKPAUTCITEL-20250522-1925
2025-05-22 19:25:40,529 - INFO - 
🔍 Processando block volume: Banco1-LinuxData013_clone070525
2025-05-22 19:25:40,807 - INFO - ✅ Backup criado: BlockBackup-Banco1-LinuxData013_clone070525-BKPAUTCITEL-20250522-1925
2025-05-22 19:25:41,324 - INFO - 
🔍 Processando block volume: LinuxTSPlus14_BackupCoresVivas TKT 902822_clone2904_clone070525
2025-05-22 19:25:41,622 - INFO - ✅ Backup criado: BlockBackup-LinuxTSPlus14_BackupCoresVivas TKT 902822_clone2904_clone070525-BKPAUTCITEL-20250522-1925
2025-05-22 19:25:42,153 - INFO - 
🔍 Processando block volume: LinuxTSPlus14_Banco2LinuxTSPlus14_clone2904_clone070525
2025-05-22 19:25:42,449 - INFO - ✅ Backup criado: BlockBackup-LinuxTSPlus14_Banco2LinuxTSPlus14_clone2904_clone070525-BKPAUTCITEL-20250522-1925
2025-05-22 19:25:42,988 - INFO - 
🔍 Processando block volume: LinuxTSPlus9-Banco1LinuxTSPlus9-clone2904_clone070525
2025-05-22 19:25:43,113 - WARNING - ⚠️ Tentativa 1: Limite de requisições. Aguardando 5s...
2025-05-22 19:25:49,263 - INFO - ✅ Backup criado: BlockBackup-LinuxTSPlus9-Banco1LinuxTSPlus9-clone2904_clone070525-BKPAUTCITEL-20250522-1925
2025-05-22 19:25:49,792 - INFO - 
🔍 Processando block volume: LinuxTSPlus9-Banco3LinuxTSPlus9-clone2904_clone070525
2025-05-22 19:25:50,074 - INFO - ✅ Backup criado: BlockBackup-LinuxTSPlus9-Banco3LinuxTSPlus9-clone2904_clone070525-BKPAUTCITEL-20250522-1925
2025-05-22 19:25:50,586 - INFO - 
🔍 Processando block volume: LinuxTSPlus14_BancoUbertintasTSPlus14_clone2904_clone070525
2025-05-22 19:25:50,708 - WARNING - ⚠️ Tentativa 1: Limite de requisições. Aguardando 5s...
2025-05-22 19:25:56,981 - INFO - ✅ Backup criado: BlockBackup-LinuxTSPlus14_BancoUbertintasTSPlus14_clone2904_clone070525-BKPAUTCITEL-20250522-1925
2025-05-22 19:25:57,526 - INFO - 
🔍 Processando block volume: LinuxTSPlus9-Bancos4_BR9-clone2904_clone070525
2025-05-22 19:25:57,798 - INFO - ✅ Backup criado: BlockBackup-LinuxTSPlus9-Bancos4_BR9-clone2904_clone070525-BKPAUTCITEL-20250522-1925
2025-05-22 19:25:58,327 - INFO - 
🔍 Processando block volume: LinuxTSPlus8-Banco1LinuxTSPlus8-clone2904_clone070525
2025-05-22 19:25:58,640 - INFO - ✅ Backup criado: BlockBackup-LinuxTSPlus8-Banco1LinuxTSPlus8-clone2904_clone070525-BKPAUTCITEL-20250522-1925
2025-05-22 19:25:59,174 - INFO - 
🔍 Processando block volume: LinuxTSPlus8-Banco3LinuxTSPlus8-clone2904_clone070525
2025-05-22 19:25:59,480 - INFO - ✅ Backup criado: BlockBackup-LinuxTSPlus8-Banco3LinuxTSPlus8-clone2904_clone070525-BKPAUTCITEL-20250522-1925
2025-05-22 19:26:00,010 - INFO - 
🔍 Processando block volume: LinuxTSPlus16_Banco1LinuxTSPlus16_clone2904_clone070525
2025-05-22 19:26:00,133 - WARNING - ⚠️ Tentativa 1: Limite de requisições. Aguardando 5s...
2025-05-22 19:26:10,200 - INFO - ✅ Backup criado: BlockBackup-LinuxTSPlus16_Banco1LinuxTSPlus16_clone2904_clone070525-BKPAUTCITEL-20250522-1926
2025-05-22 19:26:10,758 - INFO - 
🔍 Processando block volume: LinuxTSPlus16_Banco2LinuxTSPlus16_clone2904_clone070525
2025-05-22 19:26:11,126 - INFO - ✅ Backup criado: BlockBackup-LinuxTSPlus16_Banco2LinuxTSPlus16_clone2904_clone070525-BKPAUTCITEL-20250522-1926
2025-05-22 19:26:11,650 - INFO - 
🔍 Processando block volume: LinuxTSPlus7-Banco2LinuxTSPlus7-block-clone2904_clone070525
2025-05-22 19:26:11,962 - INFO - ✅ Backup criado: BlockBackup-LinuxTSPlus7-Banco2LinuxTSPlus7-block-clone2904_clone070525-BKPAUTCITEL-20250522-1926
2025-05-22 19:26:12,487 - INFO - 
🔍 Processando block volume: LinuxTSPlus7-Banco3LinuxTSPlus7-block-clone2904_clone070525
2025-05-22 19:26:12,610 - WARNING - ⚠️ Tentativa 1: Limite de requisições. Aguardando 5s...
2025-05-22 19:26:21,426 - WARNING - ⚠️ Tentativa 2: Limite de requisições. Aguardando 10s...
2025-05-22 19:26:33,384 - WARNING - ⚠️ Tentativa 3: Limite de requisições. Aguardando 20s...
2025-05-22 19:26:54,296 - INFO - ✅ Backup criado: BlockBackup-LinuxTSPlus7-Banco3LinuxTSPlus7-block-clone2904_clone070525-BKPAUTCITEL-20250522-1926
2025-05-22 19:26:54,820 - INFO - 
🔍 Processando block volume: LinuxTSPlus7-Banco3_BR7-block-clone2904_clone070525
2025-05-22 19:26:55,096 - INFO - ✅ Backup criado: BlockBackup-LinuxTSPlus7-Banco3_BR7-block-clone2904_clone070525-BKPAUTCITEL-20250522-1926
2025-05-22 19:26:55,633 - INFO - 
🔍 Processando block volume: LinuxTSPlus17_Banco2LinuxTSPlus17_clone2904_clone070525
2025-05-22 19:26:55,756 - WARNING - ⚠️ Tentativa 1: Limite de requisições. Aguardando 5s...
2025-05-22 19:27:03,534 - INFO - ✅ Backup criado: BlockBackup-LinuxTSPlus17_Banco2LinuxTSPlus17_clone2904_clone070525-BKPAUTCITEL-20250522-1926
2025-05-22 19:27:04,061 - INFO - 
🔍 Processando block volume: LinuxTSPlus17_BancoPRODBelaTintas_clone2904_clone070525
2025-05-22 19:27:04,358 - INFO - ✅ Backup criado: BlockBackup-LinuxTSPlus17_BancoPRODBelaTintas_clone2904_clone070525-BKPAUTCITEL-20250522-1927
2025-05-22 19:27:04,882 - INFO - 
🔍 Processando block volume: LinuxTSPlus17_HD5-LinuxDBAs_clone2904_clone070525
2025-05-22 19:27:05,149 - INFO - ✅ Backup criado: BlockBackup-LinuxTSPlus17_HD5-LinuxDBAs_clone2904_clone070525-BKPAUTCITEL-20250522-1927
2025-05-22 19:27:05,671 - INFO - 
🔍 Processando block volume: LinuxTSPlus6-Banco3LinuxTSPlus6-block-clone2904_clone070525
2025-05-22 19:27:05,968 - INFO - ✅ Backup criado: BlockBackup-LinuxTSPlus6-Banco3LinuxTSPlus6-block-clone2904_clone070525-BKPAUTCITEL-20250522-1927
2025-05-22 19:27:06,487 - INFO - 
🔍 Processando block volume: LinuxTSPlus6-Banco4LinuxTSPlus6-block-clone2904_clone070525
2025-05-22 19:27:06,766 - INFO - ✅ Backup criado: BlockBackup-LinuxTSPlus6-Banco4LinuxTSPlus6-block-clone2904_clone070525-BKPAUTCITEL-20250522-1927
2025-05-22 19:27:07,301 - INFO - 
🔍 Processando block volume: LinuxTSPlus18-Banco1LinuxTSPlus18-block-2904_clone070525
2025-05-22 19:27:07,601 - INFO - ✅ Backup criado: BlockBackup-LinuxTSPlus18-Banco1LinuxTSPlus18-block-2904_clone070525-BKPAUTCITEL-20250522-1927
2025-05-22 19:27:08,135 - INFO - 
🔍 Processando block volume: LinuxTSPlus18-Banco2LinuxTSPlus18-block-2904_clone070525
2025-05-22 19:27:08,406 - INFO - ✅ Backup criado: BlockBackup-LinuxTSPlus18-Banco2LinuxTSPlus18-block-2904_clone070525-BKPAUTCITEL-20250522-1927
2025-05-22 19:27:08,921 - INFO - 
🔍 Processando block volume: LinuxTSPlus18-Bancos4_BR18-block-2904_clone070525
2025-05-22 19:27:09,244 - INFO - ✅ Backup criado: BlockBackup-LinuxTSPlus18-Bancos4_BR18-block-2904_clone070525-BKPAUTCITEL-20250522-1927
2025-05-22 19:27:09,771 - INFO - 
🔍 Processando block volume: LinuxTsplus59-Banco2Linux59-block-clone2904_clone070525
2025-05-22 19:27:10,143 - INFO - ✅ Backup criado: BlockBackup-LinuxTsplus59-Banco2Linux59-block-clone2904_clone070525-BKPAUTCITEL-20250522-1927
2025-05-22 19:27:10,679 - INFO - 
🔍 Processando block volume: LinuxTsplus59-BancoLinux59-block-clone2904_clone070525
2025-05-22 19:27:10,801 - WARNING - ⚠️ Tentativa 1: Limite de requisições. Aguardando 5s...
2025-05-22 19:27:17,335 - INFO - ✅ Backup criado: BlockBackup-LinuxTsplus59-BancoLinux59-block-clone2904_clone070525-BKPAUTCITEL-20250522-1927
2025-05-22 19:27:17,862 - INFO - 
🔍 Processando block volume: LinuxTSPlus19_Banco1LinuxTSPlus19_clone2904_clone070525
2025-05-22 19:27:18,146 - INFO - ✅ Backup criado: BlockBackup-LinuxTSPlus19_Banco1LinuxTSPlus19_clone2904_clone070525-BKPAUTCITEL-20250522-1927
2025-05-22 19:27:18,681 - INFO - 
🔍 Processando block volume: LinuxTSPlus19_Banco3LinuxTSPlus19_clone2904_clone070525
2025-05-22 19:27:18,804 - WARNING - ⚠️ Tentativa 1: Limite de requisições. Aguardando 5s...
2025-05-22 19:27:25,315 - WARNING - ⚠️ Tentativa 2: Limite de requisições. Aguardando 10s...
2025-05-22 19:27:38,791 - INFO - ✅ Backup criado: BlockBackup-LinuxTSPlus19_Banco3LinuxTSPlus19_clone2904_clone070525-BKPAUTCITEL-20250522-1927
2025-05-22 19:27:39,334 - INFO - 
🔍 Processando block volume: LinuxTSPlus20_Banco1LinuxTSPlus20_clone2904_clone070525
2025-05-22 19:27:39,457 - WARNING - ⚠️ Tentativa 1: Limite de requisições. Aguardando 5s...
2025-05-22 19:27:47,729 - INFO - ✅ Backup criado: BlockBackup-LinuxTSPlus20_Banco1LinuxTSPlus20_clone2904_clone070525-BKPAUTCITEL-20250522-1927
2025-05-22 19:27:48,248 - INFO - 
🔍 Processando block volume: LinuxTSPlus20_Banco2LinuxTSPlus20_clone2904_clone070525
2025-05-22 19:27:48,525 - INFO - ✅ Backup criado: BlockBackup-LinuxTSPlus20_Banco2LinuxTSPlus20_clone2904_clone070525-BKPAUTCITEL-20250522-1927
2025-05-22 19:27:49,045 - INFO - 
🔍 Processando block volume: LinuxTSPlus20_Banco3_BR20_clone2904_clone070525
2025-05-22 19:27:49,324 - INFO - ✅ Backup criado: BlockBackup-LinuxTSPlus20_Banco3_BR20_clone2904_clone070525-BKPAUTCITEL-20250522-1927
2025-05-22 19:27:49,847 - INFO - 
🔍 Processando block volume: LinuxTSPlus20_Banco4LinuxTSPlus20_clone2904_clone070525
2025-05-22 19:27:49,970 - WARNING - ⚠️ Tentativa 1: Limite de requisições. Aguardando 5s...
2025-05-22 19:27:59,207 - WARNING - ⚠️ Tentativa 2: Limite de requisições. Aguardando 10s...
2025-05-22 19:28:11,430 - INFO - ✅ Backup criado: BlockBackup-LinuxTSPlus20_Banco4LinuxTSPlus20_clone2904_clone070525-BKPAUTCITEL-20250522-1927
2025-05-22 19:28:11,950 - INFO - 
🔍 Processando block volume: LinuxTSPlus5-Banco3LinuxBR5-block-clone2904_clone070525
2025-05-22 19:28:12,243 - INFO - ✅ Backup criado: BlockBackup-LinuxTSPlus5-Banco3LinuxBR5-block-clone2904_clone070525-BKPAUTCITEL-20250522-1928
2025-05-22 19:28:12,810 - INFO - 
🔍 Processando block volume: LinuxTSPlus5-Banco2LinuxBR5-block-clone2904_clone070525
2025-05-22 19:28:13,134 - INFO - ✅ Backup criado: BlockBackup-LinuxTSPlus5-Banco2LinuxBR5-block-clone2904_clone070525-BKPAUTCITEL-20250522-1928
2025-05-22 19:28:13,658 - INFO - 
🔍 Processando block volume: Banco1-LinuxData004_clone070525
2025-05-22 19:28:13,781 - WARNING - ⚠️ Tentativa 1: Limite de requisições. Aguardando 5s...
2025-05-22 19:28:23,467 - INFO - ✅ Backup criado: BlockBackup-Banco1-LinuxData004_clone070525-BKPAUTCITEL-20250522-1928
2025-05-22 19:28:23,985 - INFO - 
🔍 Processando block volume: Banco2-LinuxData004_clone070525
2025-05-22 19:28:24,261 - INFO - ✅ Backup criado: BlockBackup-Banco2-LinuxData004_clone070525-BKPAUTCITEL-20250522-1928
2025-05-22 19:28:24,802 - INFO - 
🔍 Processando block volume: Banco3-LinuxData004_clone070525
2025-05-22 19:28:24,924 - WARNING - ⚠️ Tentativa 1: Limite de requisições. Aguardando 5s...
2025-05-22 19:28:31,988 - INFO - ✅ Backup criado: BlockBackup-Banco3-LinuxData004_clone070525-BKPAUTCITEL-20250522-1928
2025-05-22 19:28:32,528 - INFO - 
🔍 Processando block volume: LinuxTSPlus48-block-Restore_clone070525
2025-05-22 19:28:32,822 - INFO - ✅ Backup criado: BlockBackup-LinuxTSPlus48-block-Restore_clone070525-BKPAUTCITEL-20250522-1928
2025-05-22 19:28:33,352 - INFO - 
🔍 Processando block volume: LinuxData007-Banco4_clone070525
2025-05-22 19:28:33,654 - INFO - ✅ Backup criado: BlockBackup-LinuxData007-Banco4_clone070525-BKPAUTCITEL-20250522-1928
2025-05-22 19:28:34,179 - INFO - 
🔍 Processando block volume: Banco2LinuxBR21-Restore_clone070525
2025-05-22 19:28:34,301 - WARNING - ⚠️ Tentativa 1: Limite de requisições. Aguardando 5s...
2025-05-22 19:28:43,818 - WARNING - ⚠️ Tentativa 2: Limite de requisições. Aguardando 10s...
2025-05-22 19:28:54,555 - INFO - ✅ Backup criado: BlockBackup-Banco2LinuxBR21-Restore_clone070525-BKPAUTCITEL-20250522-1928
2025-05-22 19:28:55,085 - INFO - 
🔍 Processando block volume: LinuxTSPlus41-block-Restore_clone070525
2025-05-22 19:28:55,207 - WARNING - ⚠️ Tentativa 1: Limite de requisições. Aguardando 5s...
2025-05-22 19:29:04,060 - INFO - ✅ Backup criado: BlockBackup-LinuxTSPlus41-block-Restore_clone070525-BKPAUTCITEL-20250522-1928
2025-05-22 19:29:04,576 - INFO - 
🔍 Processando block volume: Banco1LinuxTSPlus26-Restore_clone070525
2025-05-22 19:29:04,870 - INFO - ✅ Backup criado: BlockBackup-Banco1LinuxTSPlus26-Restore_clone070525-BKPAUTCITEL-20250522-1929
2025-05-22 19:29:05,413 - INFO - 
🔍 Processando block volume: LinuxTSPlus36-block-Restore_clone070525
2025-05-22 19:29:05,540 - WARNING - ⚠️ Tentativa 1: Limite de requisições. Aguardando 5s...
2025-05-22 19:29:13,759 - INFO - ✅ Backup criado: BlockBackup-LinuxTSPlus36-block-Restore_clone070525-BKPAUTCITEL-20250522-1929
2025-05-22 19:29:14,274 - INFO - 
🔍 Processando block volume: LinuxTSPlus34-Bancos3_BR34-backup-Restore_clone070525
2025-05-22 19:29:14,533 - INFO - ✅ Backup criado: BlockBackup-LinuxTSPlus34-Bancos3_BR34-backup-Restore_clone070525-BKPAUTCITEL-20250522-1929
2025-05-22 19:29:15,052 - INFO - 
🔍 Processando block volume: LinuxTSPlus34-Bancos2_BR34-backup-Restore_clone070525
2025-05-22 19:29:15,342 - INFO - ✅ Backup criado: BlockBackup-LinuxTSPlus34-Bancos2_BR34-backup-Restore_clone070525-BKPAUTCITEL-20250522-1929
2025-05-22 19:29:15,866 - INFO - 
🔍 Processando block volume: Banco1LinuxTSPLUS33-Restore_clone070525
2025-05-22 19:29:16,145 - INFO - ✅ Backup criado: BlockBackup-Banco1LinuxTSPLUS33-Restore_clone070525-BKPAUTCITEL-20250522-1929
2025-05-22 19:29:16,661 - INFO - 
🔍 Processando block volume: Banco2BR33-Restore_clone070525
2025-05-22 19:29:16,918 - INFO - ✅ Backup criado: BlockBackup-Banco2BR33-Restore_clone070525-BKPAUTCITEL-20250522-1929
2025-05-22 19:29:17,443 - INFO - 
🔍 Processando block volume: LinuxTSPlus34-Banco1LinuxTSPLUS34-backup-Restore_clone070525
2025-05-22 19:29:17,718 - INFO - ✅ Backup criado: BlockBackup-LinuxTSPlus34-Banco1LinuxTSPLUS34-backup-Restore_clone070525-BKPAUTCITEL-20250522-1929
2025-05-22 19:29:18,237 - INFO - 
🔍 Processando block volume: LinuxTSPlus1-Restore1_clone070525
2025-05-22 19:29:18,543 - INFO - ✅ Backup criado: BlockBackup-LinuxTSPlus1-Restore1_clone070525-BKPAUTCITEL-20250522-1929
2025-05-22 19:29:19,052 - INFO - 
🔍 Processando block volume: Bancos5_BR1-Restore2_clone070525
2025-05-22 19:29:19,174 - WARNING - ⚠️ Tentativa 1: Limite de requisições. Aguardando 5s...
2025-05-22 19:29:29,501 - INFO - ✅ Backup criado: BlockBackup-Bancos5_BR1-Restore2_clone070525-BKPAUTCITEL-20250522-1929
2025-05-22 19:29:30,028 - INFO - 
🔍 Processando block volume: Bancos4_BR01-Restore3_clone070525
2025-05-22 19:29:30,151 - WARNING - ⚠️ Tentativa 1: Limite de requisições. Aguardando 5s...
2025-05-22 19:29:36,493 - INFO - ✅ Backup criado: BlockBackup-Bancos4_BR01-Restore3_clone070525-BKPAUTCITEL-20250522-1929
2025-05-22 19:29:37,021 - INFO - 
🔍 Processando block volume: Banco3LinuxTSPlus1-Restore4_clone070525
2025-05-22 19:29:37,145 - WARNING - ⚠️ Tentativa 1: Limite de requisições. Aguardando 5s...
2025-05-22 19:29:43,266 - WARNING - ⚠️ Tentativa 2: Limite de requisições. Aguardando 10s...
2025-05-22 19:29:54,950 - WARNING - ⚠️ Tentativa 3: Limite de requisições. Aguardando 20s...
2025-05-22 19:30:17,349 - INFO - ✅ Backup criado: BlockBackup-Banco3LinuxTSPlus1-Restore4_clone070525-BKPAUTCITEL-20250522-1929
2025-05-22 19:30:17,898 - INFO - 
🔍 Processando block volume: Banco1LinuxTSPlus24-Restore_clone070525
2025-05-22 19:30:18,187 - INFO - ✅ Backup criado: BlockBackup-Banco1LinuxTSPlus24-Restore_clone070525-BKPAUTCITEL-20250522-1930
2025-05-22 19:30:18,716 - INFO - 
🔍 Processando block volume: Banco1LinuxTSPlus22-Restore_clone070525
2025-05-22 19:30:18,986 - INFO - ✅ Backup criado: BlockBackup-Banco1LinuxTSPlus22-Restore_clone070525-BKPAUTCITEL-20250522-1930
2025-05-22 19:30:19,523 - INFO - 
🔍 Processando block volume: Banco3LinuxTSPlus22-Restore_clone070525
2025-05-22 19:30:20,004 - INFO - ✅ Backup criado: BlockBackup-Banco3LinuxTSPlus22-Restore_clone070525-BKPAUTCITEL-20250522-1930
2025-05-22 19:30:20,528 - INFO - 
🔍 Processando block volume: Banco2LinuxTSPlus22-Restore_clone070525
2025-05-22 19:30:20,865 - INFO - ✅ Backup criado: BlockBackup-Banco2LinuxTSPlus22-Restore_clone070525-BKPAUTCITEL-20250522-1930
2025-05-22 19:30:21,414 - INFO - 
🔍 Processando block volume: LinuxData010-PalacioTKT651385_clone070525
2025-05-22 19:30:21,537 - WARNING - ⚠️ Tentativa 1: Limite de requisições. Aguardando 5s...
2025-05-22 19:30:30,889 - INFO - ✅ Backup criado: BlockBackup-LinuxData010-PalacioTKT651385_clone070525-BKPAUTCITEL-20250522-1930
2025-05-22 19:30:31,421 - INFO - 
🔍 Processando block volume: LinuxData010-Banco4_clone070525
2025-05-22 19:30:31,543 - WARNING - ⚠️ Tentativa 1: Limite de requisições. Aguardando 5s...
2025-05-22 19:30:40,685 - INFO - ✅ Backup criado: BlockBackup-LinuxData010-Banco4_clone070525-BKPAUTCITEL-20250522-1930
2025-05-22 19:30:41,276 - INFO - 
🔍 Processando block volume: LinuxData010-Banco5_clone070525
2025-05-22 19:30:41,626 - INFO - ✅ Backup criado: BlockBackup-LinuxData010-Banco5_clone070525-BKPAUTCITEL-20250522-1930
2025-05-22 19:30:42,152 - INFO - 
🔍 Processando block volume: LinuxData010-GeB_clone070525
2025-05-22 19:30:42,428 - INFO - ✅ Backup criado: BlockBackup-LinuxData010-GeB_clone070525-BKPAUTCITEL-20250522-1930
2025-05-22 19:30:42,948 - INFO - 
🔍 Processando block volume: Banco3LinuxTSPlus1-Restore4_copy_30-04-2025_clone070525
2025-05-22 19:30:43,071 - WARNING - ⚠️ Tentativa 1: Limite de requisições. Aguardando 5s...
2025-05-22 19:30:50,676 - INFO - ✅ Backup criado: BlockBackup-Banco3LinuxTSPlus1-Restore4_copy_30-04-2025_clone070525-BKPAUTCITEL-20250522-1930
2025-05-22 19:30:51,197 - INFO - 
🔍 Processando block volume: Bancos5_BR1-Restore2_Copu_30-04-2025_clone070525
2025-05-22 19:30:51,320 - WARNING - ⚠️ Tentativa 1: Limite de requisições. Aguardando 5s...
2025-05-22 19:30:57,856 - INFO - ✅ Backup criado: BlockBackup-Bancos5_BR1-Restore2_Copu_30-04-2025_clone070525-BKPAUTCITEL-20250522-1930
2025-05-22 19:30:58,417 - INFO - 
🔍 Processando block volume: LinuxTSPlus1-Restore1_Copy_30-04-2025_clone070525
2025-05-22 19:30:58,688 - INFO - ✅ Backup criado: BlockBackup-LinuxTSPlus1-Restore1_Copy_30-04-2025_clone070525-BKPAUTCITEL-20250522-1930
2025-05-22 19:30:59,205 - INFO - 
🔍 Processando block volume: Bancos4_BR01-Restore3_Copy_30-04-2025_clone070525
2025-05-22 19:30:59,535 - INFO - ✅ Backup criado: BlockBackup-Bancos4_BR01-Restore3_Copy_30-04-2025_clone070525-BKPAUTCITEL-20250522-1930
2025-05-22 19:31:00,065 - INFO - 
🔍 Processando block volume: Banco1LinuxTSPlus2_Copy_30-04-2025_clone070525
2025-05-22 19:31:00,356 - INFO - ✅ Backup criado: BlockBackup-Banco1LinuxTSPlus2_Copy_30-04-2025_clone070525-BKPAUTCITEL-20250522-1931
2025-05-22 19:31:00,887 - INFO - 
🔍 Processando block volume: Banco_PalacioFerramentas_Copy_30-04-2025_clone070525
2025-05-22 19:31:01,187 - INFO - ✅ Backup criado: BlockBackup-Banco_PalacioFerramentas_Copy_30-04-2025_clone070525-BKPAUTCITEL-20250522-1931
2025-05-22 19:31:01,729 - INFO - 
🔍 Processando block volume: LinuxData002_Bancos2_BR02_Copy_30-04-2025_clone070525
2025-05-22 19:31:02,010 - INFO - ✅ Backup criado: BlockBackup-LinuxData002_Bancos2_BR02_Copy_30-04-2025_clone070525-BKPAUTCITEL-20250522-1931
2025-05-22 19:31:02,534 - INFO - 
🔍 Processando block volume: LinuxData020-Banco3_BR20_clone070525
2025-05-22 19:31:02,657 - WARNING - ⚠️ Tentativa 1: Limite de requisições. Aguardando 5s...
2025-05-22 19:31:09,429 - INFO - ✅ Backup criado: BlockBackup-LinuxData020-Banco3_BR20_clone070525-BKPAUTCITEL-20250522-1931
2025-05-22 19:31:09,955 - INFO - 
🔍 Processando block volume: Banco3_BR20-RESTORE_FILES_clone070525
2025-05-22 19:31:10,077 - WARNING - ⚠️ Tentativa 1: Limite de requisições. Aguardando 5s...
2025-05-22 19:31:18,267 - WARNING - ⚠️ Tentativa 2: Limite de requisições. Aguardando 10s...
2025-05-22 19:31:31,871 - INFO - ✅ Backup criado: BlockBackup-Banco3_BR20-RESTORE_FILES_clone070525-BKPAUTCITEL-20250522-1931
2025-05-22 19:31:32,455 - INFO - 
🔍 Processando block volume: LinuxData030_clone06052025_clone070525
2025-05-22 19:31:32,578 - WARNING - ⚠️ Tentativa 1: Limite de requisições. Aguardando 5s...
2025-05-22 19:31:39,617 - WARNING - ⚠️ Tentativa 2: Limite de requisições. Aguardando 10s...
2025-05-22 19:31:54,399 - INFO - ✅ Backup criado: BlockBackup-LinuxData030_clone06052025_clone070525-BKPAUTCITEL-20250522-1931
2025-05-22 19:31:54,921 - INFO - 
🔍 Processando block volume: LinuxDataBelaTintas_Replica
2025-05-22 19:31:55,292 - INFO - ✅ Backup criado: BlockBackup-LinuxDataBelaTintas_Replica-BKPAUTCITEL-20250522-1931
2025-05-22 19:31:55,810 - INFO - 
🔍 Processando block volume: Banco3LinuxTSPlus1-Replica
2025-05-22 19:31:56,092 - INFO - ✅ Backup criado: BlockBackup-Banco3LinuxTSPlus1-Replica-BKPAUTCITEL-20250522-1931
2025-05-22 19:31:56,608 - INFO - 
🔍 Processando block volume: Bancos4_BR01-Replica
2025-05-22 19:31:56,731 - WARNING - ⚠️ Tentativa 1: Limite de requisições. Aguardando 5s...
2025-05-22 19:32:04,230 - INFO - ✅ Backup criado: BlockBackup-Bancos4_BR01-Replica-BKPAUTCITEL-20250522-1931
2025-05-22 19:32:04,762 - INFO - 
🔍 Processando block volume: Bancos5_BR1-Replica
2025-05-22 19:32:04,885 - WARNING - ⚠️ Tentativa 1: Limite de requisições. Aguardando 5s...
2025-05-22 19:32:14,626 - WARNING - ⚠️ Tentativa 2: Limite de requisições. Aguardando 10s...
2025-05-22 19:32:29,827 - INFO - ✅ Backup criado: BlockBackup-Bancos5_BR1-Replica-BKPAUTCITEL-20250522-1932
2025-05-22 19:32:30,352 - INFO - 
🔍 Processando block volume: LinuxTSPlus1-Replica
2025-05-22 19:32:30,691 - INFO - ✅ Backup criado: BlockBackup-LinuxTSPlus1-Replica-BKPAUTCITEL-20250522-1932
2025-05-22 19:32:31,211 - INFO - 
🔍 Processando block volume: Banco1-LinuxData004_Replica-Teste
2025-05-22 19:32:31,530 - INFO - ✅ Backup criado: BlockBackup-Banco1-LinuxData004_Replica-Teste-BKPAUTCITEL-20250522-1932
2025-05-22 19:32:32,060 - INFO - 
✅ Execução concluída com sucesso
