2025-05-22 20:04:17,030 - INFO - 
🔍 Processando boot volume: LinuxTSPlus20
2025-05-22 20:04:17,360 - INFO - ✅ Backup criado: BootBackup-LinuxTSPlus20-BKPAUTCITEL-20250522-2004
2025-05-22 20:04:17,696 - INFO - 
🔍 Processando boot volume: LinuxTSPlus25
2025-05-22 20:04:18,001 - INFO - ✅ Backup criado: BootBackup-LinuxTSPlus25-BKPAUTCITEL-20250522-2004
2025-05-22 20:04:18,692 - INFO - 
🔍 Processando boot volume: LinuxTSPlus1
2025-05-22 20:04:18,977 - INFO - ✅ Backup criado: BootBackup-LinuxTSPlus1-BKPAUTCITEL-20250522-2004
2025-05-22 20:04:19,263 - INFO - 
🔍 Processando boot volume: LinuxTSPlus2
2025-05-22 20:04:19,543 - INFO - ✅ Backup criado: BootBackup-LinuxTSPlus2-BKPAUTCITEL-20250522-2004
2025-05-22 20:04:20,195 - INFO - 
🔍 Processando boot volume: LinuxTSPlus4
2025-05-22 20:04:20,526 - INFO - ✅ Backup criado: BootBackup-LinuxTSPlus4-BKPAUTCITEL-20250522-2004
2025-05-22 20:04:20,809 - INFO - 
🔍 Processando boot volume: LinuxTSPlus6
2025-05-22 20:04:21,114 - INFO - ✅ Backup criado: BootBackup-LinuxTSPlus6-BKPAUTCITEL-20250522-2004
2025-05-22 20:04:21,745 - INFO - 
🔍 Processando boot volume: LinuxTSPlus30
2025-05-22 20:04:22,072 - INFO - ✅ Backup criado: BootBackup-LinuxTSPlus30-BKPAUTCITEL-20250522-2004
2025-05-22 20:04:22,342 - INFO - 
🔍 Processando boot volume: Temp-Subida_G_e_B (Boot Volume)
2025-05-22 20:04:22,619 - INFO - ✅ Backup criado: BootBackup-Temp-Subida_G_e_B (Boot Volume)-BKPAUTCITEL-20250522-2004
2025-05-22 20:04:23,239 - INFO - 
🔍 Processando boot volume: Banco_BelaTintas (Boot Volume)
2025-05-22 20:04:23,590 - INFO - ✅ Backup criado: BootBackup-Banco_BelaTintas (Boot Volume)-BKPAUTCITEL-20250522-2004
2025-05-22 20:04:23,851 - INFO - 
🔍 Processando boot volume: Banco_BelaTintas_clone29042025
2025-05-22 20:04:24,202 - INFO - ✅ Backup criado: BootBackup-Banco_BelaTintas_clone29042025-BKPAUTCITEL-20250522-2004
2025-05-22 20:04:24,832 - INFO - 
🔍 Processando boot volume: LinuxTSPlus11_clone2904
2025-05-22 20:04:25,132 - INFO - ✅ Backup criado: BootBackup-LinuxTSPlus11_clone2904-BKPAUTCITEL-20250522-2004
2025-05-22 20:04:25,384 - INFO - 
🔍 Processando boot volume: LinuxTSPlus30_boot_clone2904
2025-05-22 20:04:25,679 - INFO - ✅ Backup criado: BootBackup-LinuxTSPlus30_boot_clone2904-BKPAUTCITEL-20250522-2004
2025-05-22 20:04:26,307 - INFO - 
🔍 Processando boot volume: LinuxTSPlus12_boot_clone2904
2025-05-22 20:04:26,626 - INFO - ✅ Backup criado: BootBackup-LinuxTSPlus12_boot_clone2904-BKPAUTCITEL-20250522-2004
2025-05-22 20:04:26,864 - INFO - 
🔍 Processando boot volume: LinuxTSPlus55_boot_clone2904
2025-05-22 20:04:27,160 - INFO - ✅ Backup criado: BootBackup-LinuxTSPlus55_boot_clone2904-BKPAUTCITEL-20250522-2004
2025-05-22 20:04:27,798 - INFO - 
🔍 Processando boot volume: LinuxTSPlus65_boot_clone2904
2025-05-22 20:04:28,172 - INFO - ✅ Backup criado: BootBackup-LinuxTSPlus65_boot_clone2904-BKPAUTCITEL-20250522-2004
2025-05-22 20:04:28,414 - INFO - 
🔍 Processando boot volume: LinuxTSPlus28_boot_clone2904
2025-05-22 20:04:28,709 - INFO - ✅ Backup criado: BootBackup-LinuxTSPlus28_boot_clone2904-BKPAUTCITEL-20250522-2004
2025-05-22 20:04:29,310 - INFO - 
🔍 Processando boot volume: LinuxTSPlus72_boot_clone2904
2025-05-22 20:04:29,436 - WARNING - ⚠️ Tentativa 1: Limite de requisições. Aguardando 1s...
2025-05-22 20:04:33,199 - WARNING - ⚠️ Tentativa 2: Limite de requisições. Aguardando 2s...
2025-05-22 20:04:39,655 - INFO - ✅ Backup criado: BootBackup-LinuxTSPlus72_boot_clone2904-BKPAUTCITEL-20250522-2004
2025-05-22 20:04:39,902 - INFO - 
🔍 Processando boot volume: LinuxTSPlus43_boot_clone2904
2025-05-22 20:04:40,194 - INFO - ✅ Backup criado: BootBackup-LinuxTSPlus43_boot_clone2904-BKPAUTCITEL-20250522-2004
2025-05-22 20:04:40,814 - INFO - 
🔍 Processando boot volume: LinuxTSPlus50_boot_clone2904
2025-05-22 20:04:40,936 - WARNING - ⚠️ Tentativa 1: Limite de requisições. Aguardando 1s...
2025-05-22 20:04:44,000 - WARNING - ⚠️ Tentativa 2: Limite de requisições. Aguardando 2s...
2025-05-22 20:04:51,607 - INFO - ✅ Backup criado: BootBackup-LinuxTSPlus50_boot_clone2904-BKPAUTCITEL-20250522-2004
2025-05-22 20:04:51,842 - INFO - 
🔍 Processando boot volume: LinuxTSPlus37_boot_clone2904
2025-05-22 20:04:52,161 - INFO - ✅ Backup criado: BootBackup-LinuxTSPlus37_boot_clone2904-BKPAUTCITEL-20250522-2004
2025-05-22 20:04:52,795 - INFO - 
🔍 Processando boot volume: LinuxTSPlus37_boot_clone2904
2025-05-22 20:04:52,919 - WARNING - ⚠️ Tentativa 1: Limite de requisições. Aguardando 1s...
2025-05-22 20:04:57,336 - INFO - ✅ Backup criado: BootBackup-LinuxTSPlus37_boot_clone2904-BKPAUTCITEL-20250522-2004
2025-05-22 20:04:57,585 - INFO - 
🔍 Processando boot volume: LinuxTSPlus32_boot_clone2904
2025-05-22 20:04:57,870 - INFO - ✅ Backup criado: BootBackup-LinuxTSPlus32_boot_clone2904-BKPAUTCITEL-20250522-2004
2025-05-22 20:04:58,465 - INFO - 
🔍 Processando boot volume: LinuxTSPlus2_boot_clone2904
2025-05-22 20:04:58,748 - INFO - ✅ Backup criado: BootBackup-LinuxTSPlus2_boot_clone2904-BKPAUTCITEL-20250522-2004
2025-05-22 20:04:58,972 - INFO - 
🔍 Processando boot volume: LinuxTSPlus25_boot_clone2904
2025-05-22 20:04:59,256 - INFO - ✅ Backup criado: BootBackup-LinuxTSPlus25_boot_clone2904-BKPAUTCITEL-20250522-2004
2025-05-22 20:04:59,859 - INFO - 
🔍 Processando boot volume: LinuxTSPlus1_boot_clone2904
2025-05-22 20:05:00,220 - INFO - ✅ Backup criado: BootBackup-LinuxTSPlus1_boot_clone2904-BKPAUTCITEL-20250522-2004
2025-05-22 20:05:00,456 - INFO - 
🔍 Processando boot volume: LinuxTSPlus13_boot_clone2904
2025-05-22 20:05:00,761 - INFO - ✅ Backup criado: BootBackup-LinuxTSPlus13_boot_clone2904-BKPAUTCITEL-20250522-2005
2025-05-22 20:05:01,346 - INFO - 
🔍 Processando boot volume: LinuxTSPlus14_boot_clone2904
2025-05-22 20:05:01,469 - WARNING - ⚠️ Tentativa 1: Limite de requisições. Aguardando 1s...
2025-05-22 20:05:04,465 - WARNING - ⚠️ Tentativa 2: Limite de requisições. Aguardando 2s...
2025-05-22 20:05:08,646 - WARNING - ⚠️ Tentativa 3: Limite de requisições. Aguardando 4s...
2025-05-22 20:05:13,471 - WARNING - ⚠️ Tentativa 4: Limite de requisições. Aguardando 8s...
2025-05-22 20:05:24,959 - INFO - ✅ Backup criado: BootBackup-LinuxTSPlus14_boot_clone2904-BKPAUTCITEL-20250522-2005
2025-05-22 20:05:25,557 - INFO - 
🔍 Processando boot volume: LinuxTSPlus9-boot_clone2904
2025-05-22 20:05:25,681 - WARNING - ⚠️ Tentativa 1: Limite de requisições. Aguardando 1s...
2025-05-22 20:05:29,920 - INFO - ✅ Backup criado: BootBackup-LinuxTSPlus9-boot_clone2904-BKPAUTCITEL-20250522-2005
2025-05-22 20:05:30,191 - INFO - 
🔍 Processando boot volume: LinuxTSPlus16_boot_clone2904
2025-05-22 20:05:30,575 - INFO - ✅ Backup criado: BootBackup-LinuxTSPlus16_boot_clone2904-BKPAUTCITEL-20250522-2005
2025-05-22 20:05:31,183 - INFO - 
🔍 Processando boot volume: LinuxTSPlus17_boot_clone2904
2025-05-22 20:05:31,488 - INFO - ✅ Backup criado: BootBackup-LinuxTSPlus17_boot_clone2904-BKPAUTCITEL-20250522-2005
2025-05-22 20:05:32,085 - INFO - 
🔍 Processando boot volume: LinuxTSPlus7-boot_clone2904
2025-05-22 20:05:32,420 - INFO - ✅ Backup criado: BootBackup-LinuxTSPlus7-boot_clone2904-BKPAUTCITEL-20250522-2005
2025-05-22 20:05:32,676 - INFO - 
🔍 Processando boot volume: LinuxTSPlus6-boot-clone2904
2025-05-22 20:05:32,975 - INFO - ✅ Backup criado: BootBackup-LinuxTSPlus6-boot-clone2904-BKPAUTCITEL-20250522-2005
2025-05-22 20:05:33,590 - INFO - 
🔍 Processando boot volume: LinuxTSPlus18-boot-clone2904
2025-05-22 20:05:33,712 - WARNING - ⚠️ Tentativa 1: Limite de requisições. Aguardando 1s...
2025-05-22 20:05:38,547 - INFO - ✅ Backup criado: BootBackup-LinuxTSPlus18-boot-clone2904-BKPAUTCITEL-20250522-2005
2025-05-22 20:05:38,801 - INFO - 
🔍 Processando boot volume: LinuxTsplus59-boot-clone2904
2025-05-22 20:05:39,086 - INFO - ✅ Backup criado: BootBackup-LinuxTsplus59-boot-clone2904-BKPAUTCITEL-20250522-2005
2025-05-22 20:05:39,707 - INFO - 
🔍 Processando boot volume: LinuxTSPlus19_boot_clone2904
2025-05-22 20:05:39,831 - WARNING - ⚠️ Tentativa 1: Limite de requisições. Aguardando 1s...
2025-05-22 20:05:43,933 - WARNING - ⚠️ Tentativa 2: Limite de requisições. Aguardando 2s...
2025-05-22 20:05:46,510 - WARNING - ⚠️ Tentativa 3: Limite de requisições. Aguardando 4s...
2025-05-22 20:05:51,580 - INFO - ✅ Backup criado: BootBackup-LinuxTSPlus19_boot_clone2904-BKPAUTCITEL-20250522-2005
2025-05-22 20:05:51,823 - INFO - 
🔍 Processando boot volume: LinuxTSPlus20_boot_clone2904
2025-05-22 20:05:52,146 - INFO - ✅ Backup criado: BootBackup-LinuxTSPlus20_boot_clone2904-BKPAUTCITEL-20250522-2005
2025-05-22 20:05:52,743 - INFO - 
🔍 Processando boot volume: Linux-checkdisks (Boot Volume)
2025-05-22 20:05:53,032 - INFO - ✅ Backup criado: BootBackup-Linux-checkdisks (Boot Volume)-BKPAUTCITEL-20250522-2005
2025-05-22 20:05:53,616 - INFO - 
🔍 Processando boot volume: LinuxDataBelaTintas
2025-05-22 20:05:53,739 - WARNING - ⚠️ Tentativa 1: Limite de requisições. Aguardando 1s...
2025-05-22 20:05:57,719 - WARNING - ⚠️ Tentativa 2: Limite de requisições. Aguardando 2s...
2025-05-22 20:06:05,208 - WARNING - ⚠️ Tentativa 3: Limite de requisições. Aguardando 4s...
2025-05-22 20:06:12,738 - INFO - ✅ Backup criado: BootBackup-LinuxDataBelaTintas-BKPAUTCITEL-20250522-2005
2025-05-22 20:06:13,350 - INFO - 
🔍 Processando boot volume: LinuxTSPlus5-boot-clone2904
2025-05-22 20:06:13,667 - INFO - ✅ Backup criado: BootBackup-LinuxTSPlus5-boot-clone2904-BKPAUTCITEL-20250522-2006
2025-05-22 20:06:14,274 - INFO - 
🔍 Processando boot volume: LinuxData010
2025-05-22 20:06:14,399 - WARNING - ⚠️ Tentativa 1: Limite de requisições. Aguardando 1s...
2025-05-22 20:06:15,928 - WARNING - ⚠️ Tentativa 2: Limite de requisições. Aguardando 2s...
2025-05-22 20:06:22,165 - WARNING - ⚠️ Tentativa 3: Limite de requisições. Aguardando 4s...
2025-05-22 20:06:30,794 - WARNING - ⚠️ Tentativa 4: Limite de requisições. Aguardando 8s...
2025-05-22 20:06:41,564 - INFO - ✅ Backup criado: BootBackup-LinuxData010-BKPAUTCITEL-20250522-2006
2025-05-22 20:06:42,154 - INFO - 
🔍 Processando boot volume: LinuxData025
2025-05-22 20:06:42,461 - INFO - ✅ Backup criado: BootBackup-LinuxData025-BKPAUTCITEL-20250522-2006
2025-05-22 20:06:43,079 - INFO - 
🔍 Processando boot volume: LinuxDataBelaTintas-14
2025-05-22 20:06:43,380 - INFO - ✅ Backup criado: BootBackup-LinuxDataBelaTintas-14-BKPAUTCITEL-20250522-2006
2025-05-22 20:06:43,990 - INFO - 
🔍 Processando boot volume: LinuxData004
2025-05-22 20:06:44,113 - WARNING - ⚠️ Tentativa 1: Limite de requisições. Aguardando 1s...
2025-05-22 20:06:48,790 - INFO - ✅ Backup criado: BootBackup-LinuxData004-BKPAUTCITEL-20250522-2006
2025-05-22 20:06:49,441 - INFO - 
🔍 Processando boot volume: LinuxData026
2025-05-22 20:06:49,738 - INFO - ✅ Backup criado: BootBackup-LinuxData026-BKPAUTCITEL-20250522-2006
2025-05-22 20:06:50,326 - INFO - 
🔍 Processando boot volume: LinuxData005
2025-05-22 20:06:50,636 - INFO - ✅ Backup criado: BootBackup-LinuxData005-BKPAUTCITEL-20250522-2006
2025-05-22 20:06:51,252 - INFO - 
🔍 Processando boot volume: LinuxData012
2025-05-22 20:06:51,534 - INFO - ✅ Backup criado: BootBackup-LinuxData012-BKPAUTCITEL-20250522-2006
2025-05-22 20:06:52,113 - INFO - 
🔍 Processando boot volume: LinuxData006
2025-05-22 20:06:52,238 - WARNING - ⚠️ Tentativa 1: Limite de requisições. Aguardando 1s...
2025-05-22 20:06:56,286 - WARNING - ⚠️ Tentativa 2: Limite de requisições. Aguardando 2s...
2025-05-22 20:07:02,947 - INFO - ✅ Backup criado: BootBackup-LinuxData006-BKPAUTCITEL-20250522-2006
2025-05-22 20:07:03,547 - INFO - 
🔍 Processando boot volume: LinuxData013
2025-05-22 20:07:03,841 - INFO - ✅ Backup criado: BootBackup-LinuxData013-BKPAUTCITEL-20250522-2007
2025-05-22 20:07:04,445 - INFO - 
🔍 Processando boot volume: LinuxData011
2025-05-22 20:07:04,567 - WARNING - ⚠️ Tentativa 1: Limite de requisições. Aguardando 1s...
2025-05-22 20:07:07,674 - INFO - ✅ Backup criado: BootBackup-LinuxData011-BKPAUTCITEL-20250522-2007
2025-05-22 20:07:08,283 - INFO - 
🔍 Processando boot volume: LinuxData008
2025-05-22 20:07:08,577 - INFO - ✅ Backup criado: BootBackup-LinuxData008-BKPAUTCITEL-20250522-2007
2025-05-22 20:07:09,179 - INFO - 
🔍 Processando boot volume: LinuxData007
2025-05-22 20:07:09,463 - INFO - ✅ Backup criado: BootBackup-LinuxData007-BKPAUTCITEL-20250522-2007
2025-05-22 20:07:10,113 - INFO - 
🔍 Processando boot volume: LinuxData055
2025-05-22 20:07:10,240 - WARNING - ⚠️ Tentativa 1: Limite de requisições. Aguardando 1s...
2025-05-22 20:07:12,183 - INFO - ✅ Backup criado: BootBackup-LinuxData055-BKPAUTCITEL-20250522-2007
2025-05-22 20:07:12,796 - INFO - 
🔍 Processando boot volume: LinuxData009
2025-05-22 20:07:12,918 - WARNING - ⚠️ Tentativa 1: Limite de requisições. Aguardando 1s...
2025-05-22 20:07:15,016 - WARNING - ⚠️ Tentativa 2: Limite de requisições. Aguardando 2s...
2025-05-22 20:07:20,253 - INFO - ✅ Backup criado: BootBackup-LinuxData009-BKPAUTCITEL-20250522-2007
2025-05-22 20:07:20,861 - INFO - 
🔍 Processando boot volume: LinuxData014
2025-05-22 20:07:20,984 - WARNING - ⚠️ Tentativa 1: Limite de requisições. Aguardando 1s...
2025-05-22 20:07:23,662 - INFO - ✅ Backup criado: BootBackup-LinuxData014-BKPAUTCITEL-20250522-2007
2025-05-22 20:07:24,284 - INFO - 
🔍 Processando boot volume: LinuxData050
2025-05-22 20:07:24,407 - WARNING - ⚠️ Tentativa 1: Limite de requisições. Aguardando 1s...
2025-05-22 20:07:29,815 - WARNING - ⚠️ Tentativa 2: Limite de requisições. Aguardando 2s...
2025-05-22 20:07:33,643 - INFO - ✅ Backup criado: BootBackup-LinuxData050-BKPAUTCITEL-20250522-2007
2025-05-22 20:07:34,254 - INFO - 
🔍 Processando boot volume: LinuxData018
2025-05-22 20:07:34,581 - INFO - ✅ Backup criado: BootBackup-LinuxData018-BKPAUTCITEL-20250522-2007
2025-05-22 20:07:35,194 - INFO - 
🔍 Processando boot volume: LinuxData016
2025-05-22 20:07:35,316 - WARNING - ⚠️ Tentativa 1: Limite de requisições. Aguardando 1s...
2025-05-22 20:07:37,193 - INFO - ✅ Backup criado: BootBackup-LinuxData016-BKPAUTCITEL-20250522-2007
2025-05-22 20:07:37,844 - INFO - 
🔍 Processando boot volume: LinuxData059
2025-05-22 20:07:38,184 - INFO - ✅ Backup criado: BootBackup-LinuxData059-BKPAUTCITEL-20250522-2007
2025-05-22 20:07:38,786 - INFO - 
🔍 Processando boot volume: LinuxData037
2025-05-22 20:07:38,908 - WARNING - ⚠️ Tentativa 1: Limite de requisições. Aguardando 1s...
2025-05-22 20:07:42,902 - INFO - ✅ Backup criado: BootBackup-LinuxData037-BKPAUTCITEL-20250522-2007
2025-05-22 20:07:43,530 - INFO - 
🔍 Processando boot volume: LinuxData036
2025-05-22 20:07:43,655 - WARNING - ⚠️ Tentativa 1: Limite de requisições. Aguardando 1s...
2025-05-22 20:07:50,087 - WARNING - ⚠️ Tentativa 2: Limite de requisições. Aguardando 2s...
2025-05-22 20:07:56,576 - INFO - ✅ Backup criado: BootBackup-LinuxData036-BKPAUTCITEL-20250522-2007
2025-05-22 20:07:57,177 - INFO - 
🔍 Processando boot volume: LinuxData017
2025-05-22 20:07:57,472 - INFO - ✅ Backup criado: BootBackup-LinuxData017-BKPAUTCITEL-20250522-2007
2025-05-22 20:07:58,091 - INFO - 
🔍 Processando boot volume: LinuxData041
2025-05-22 20:07:58,215 - WARNING - ⚠️ Tentativa 1: Limite de requisições. Aguardando 1s...
2025-05-22 20:08:03,171 - INFO - ✅ Backup criado: BootBackup-LinuxData041-BKPAUTCITEL-20250522-2007
2025-05-22 20:08:03,805 - INFO - 
🔍 Processando boot volume: LinuxData043
2025-05-22 20:08:03,930 - WARNING - ⚠️ Tentativa 1: Limite de requisições. Aguardando 1s...
2025-05-22 20:08:06,336 - WARNING - ⚠️ Tentativa 2: Limite de requisições. Aguardando 2s...
2025-05-22 20:08:10,989 - INFO - ✅ Backup criado: BootBackup-LinuxData043-BKPAUTCITEL-20250522-2008
2025-05-22 20:08:11,639 - INFO - 
🔍 Processando boot volume: LinuxData048
2025-05-22 20:08:11,763 - WARNING - ⚠️ Tentativa 1: Limite de requisições. Aguardando 1s...
2025-05-22 20:08:14,649 - INFO - ✅ Backup criado: BootBackup-LinuxData048-BKPAUTCITEL-20250522-2008
2025-05-22 20:08:15,245 - INFO - 
🔍 Processando boot volume: LinuxData032
2025-05-22 20:08:15,367 - WARNING - ⚠️ Tentativa 1: Limite de requisições. Aguardando 1s...
2025-05-22 20:08:20,546 - WARNING - ⚠️ Tentativa 2: Limite de requisições. Aguardando 2s...
2025-05-22 20:08:25,193 - WARNING - ⚠️ Tentativa 3: Limite de requisições. Aguardando 4s...
2025-05-22 20:08:33,028 - INFO - ✅ Backup criado: BootBackup-LinuxData032-BKPAUTCITEL-20250522-2008
2025-05-22 20:08:33,637 - INFO - 
🔍 Processando boot volume: TEMPLATE_LINUX
2025-05-22 20:08:33,935 - INFO - ✅ Backup criado: BootBackup-TEMPLATE_LINUX-BKPAUTCITEL-20250522-2008
2025-05-22 20:08:34,564 - INFO - 
🔍 Processando boot volume: LinuxData033
2025-05-22 20:08:34,863 - INFO - ✅ Backup criado: BootBackup-LinuxData033-BKPAUTCITEL-20250522-2008
2025-05-22 20:08:35,470 - INFO - 
🔍 Processando boot volume: LinuxData034
2025-05-22 20:08:35,769 - INFO - ✅ Backup criado: BootBackup-LinuxData034-BKPAUTCITEL-20250522-2008
2025-05-22 20:08:36,380 - INFO - 
🔍 Processando boot volume: LinuxData029
2025-05-22 20:08:36,773 - INFO - ✅ Backup criado: BootBackup-LinuxData029-BKPAUTCITEL-20250522-2008
2025-05-22 20:08:37,388 - INFO - 
🔍 Processando boot volume: LinuxData019
2025-05-22 20:08:37,693 - INFO - ✅ Backup criado: BootBackup-LinuxData019-BKPAUTCITEL-20250522-2008
2025-05-22 20:08:38,327 - INFO - 
🔍 Processando boot volume: LinuxData021
2025-05-22 20:08:38,622 - INFO - ✅ Backup criado: BootBackup-LinuxData021-BKPAUTCITEL-20250522-2008
2025-05-22 20:08:39,259 - INFO - 
🔍 Processando boot volume: LinuxData022
2025-05-22 20:08:39,573 - INFO - ✅ Backup criado: BootBackup-LinuxData022-BKPAUTCITEL-20250522-2008
2025-05-22 20:08:40,240 - INFO - 
🔍 Processando boot volume: LinuxData024
2025-05-22 20:08:40,517 - INFO - ✅ Backup criado: BootBackup-LinuxData024-BKPAUTCITEL-20250522-2008
2025-05-22 20:08:41,129 - INFO - 
🔍 Processando boot volume: LinuxData020
2025-05-22 20:08:41,394 - INFO - ✅ Backup criado: BootBackup-LinuxData020-BKPAUTCITEL-20250522-2008
2025-05-22 20:08:41,999 - INFO - 
🔍 Processando boot volume: LinuxData026
2025-05-22 20:08:42,323 - INFO - ✅ Backup criado: BootBackup-LinuxData026-BKPAUTCITEL-20250522-2008
2025-05-22 20:08:42,908 - INFO - 
🔍 Processando boot volume: LinuxData028
2025-05-22 20:08:43,030 - WARNING - ⚠️ Tentativa 1: Limite de requisições. Aguardando 1s...
2025-05-22 20:08:47,964 - WARNING - ⚠️ Tentativa 2: Limite de requisições. Aguardando 2s...
2025-05-22 20:08:51,661 - WARNING - ⚠️ Tentativa 3: Limite de requisições. Aguardando 4s...
2025-05-22 20:08:57,314 - INFO - ✅ Backup criado: BootBackup-LinuxData028-BKPAUTCITEL-20250522-2008
2025-05-22 20:08:57,924 - INFO - 
🔍 Processando boot volume: LinuxData030
2025-05-22 20:08:58,282 - INFO - ✅ Backup criado: BootBackup-LinuxData030-BKPAUTCITEL-20250522-2008
2025-05-22 20:08:58,894 - INFO - 
🔍 Processando boot volume: LinuxData040
2025-05-22 20:08:59,188 - INFO - ✅ Backup criado: BootBackup-LinuxData040-BKPAUTCITEL-20250522-2008
2025-05-22 20:08:59,800 - INFO - 
🔍 Processando boot volume: LinuxData065
2025-05-22 20:08:59,922 - WARNING - ⚠️ Tentativa 1: Limite de requisições. Aguardando 1s...
2025-05-22 20:09:04,579 - WARNING - ⚠️ Tentativa 2: Limite de requisições. Aguardando 2s...
2025-05-22 20:09:08,023 - WARNING - ⚠️ Tentativa 3: Limite de requisições. Aguardando 4s...
2025-05-22 20:09:13,647 - INFO - ✅ Backup criado: BootBackup-LinuxData065-BKPAUTCITEL-20250522-2008
2025-05-22 20:09:14,268 - INFO - 
🔍 Processando boot volume: LinuxData072
2025-05-22 20:09:14,391 - WARNING - ⚠️ Tentativa 1: Limite de requisições. Aguardando 1s...
2025-05-22 20:09:19,806 - WARNING - ⚠️ Tentativa 2: Limite de requisições. Aguardando 2s...
2025-05-22 20:09:24,877 - INFO - ✅ Backup criado: BootBackup-LinuxData072-BKPAUTCITEL-20250522-2009
2025-05-22 20:09:25,498 - INFO - 
🔍 Processando boot volume: LinuxData001
2025-05-22 20:09:25,620 - WARNING - ⚠️ Tentativa 1: Limite de requisições. Aguardando 1s...
2025-05-22 20:09:27,445 - WARNING - ⚠️ Tentativa 2: Limite de requisições. Aguardando 2s...
2025-05-22 20:09:30,372 - INFO - ✅ Backup criado: BootBackup-LinuxData001-BKPAUTCITEL-20250522-2009
2025-05-22 20:09:30,983 - INFO - 
🔍 Processando boot volume: LinuxData002
2025-05-22 20:09:31,105 - WARNING - ⚠️ Tentativa 1: Limite de requisições. Aguardando 1s...
2025-05-22 20:09:34,704 - INFO - ✅ Backup criado: BootBackup-LinuxData002-BKPAUTCITEL-20250522-2009
2025-05-22 20:09:35,346 - INFO - 
🔍 Processando boot volume: LinuxTSPlus20_boot_clone0105
2025-05-22 20:09:35,468 - WARNING - ⚠️ Tentativa 1: Limite de requisições. Aguardando 1s...
2025-05-22 20:09:39,123 - INFO - ✅ Backup criado: BootBackup-LinuxTSPlus20_boot_clone0105-BKPAUTCITEL-20250522-2009
2025-05-22 20:09:39,710 - INFO - 
🔍 Processando boot volume: FGW-CITE-CLIENTES-CLONE2904
2025-05-22 20:09:39,990 - INFO - ✅ Backup criado: BootBackup-FGW-CITE-CLIENTES-CLONE2904-BKPAUTCITEL-20250522-2009
2025-05-22 20:09:40,618 - INFO - 
🔍 Processando boot volume: LinuxData013_clone06052025
2025-05-22 20:09:40,981 - INFO - ✅ Backup criado: BootBackup-LinuxData013_clone06052025-BKPAUTCITEL-20250522-2009
2025-05-22 20:09:41,581 - INFO - 
✅ Execução concluída com sucesso
