2025-05-23 00:17:26,599 - INFO - 
🔍 Processando block volume: LinuxTSPlus1_clone070525
2025-05-23 00:17:26,932 - INFO - ✅ Backup criado: BlockBackup-LinuxTSPlus1_clone070525-BKPAUTCITEL-20250523-0017
2025-05-23 00:17:27,452 - INFO - 
🔍 Processando block volume: Banco1LinuxTSPlus2_clone070525
2025-05-23 00:17:27,575 - WARNING - ⚠️ Tentativa 1: Limite de requisições. Aguardando 5s...
2025-05-23 00:17:37,630 - INFO - ✅ Backup criado: BlockBackup-Banco1LinuxTSPlus2_clone070525-BKPAUTCITEL-20250523-0017
2025-05-23 00:17:38,153 - INFO - 
🔍 Processando block volume: Banco1LinuxTSPlus4_clone070525
2025-05-23 00:17:38,449 - INFO - ✅ Backup criado: BlockBackup-Banco1LinuxTSPlus4_clone070525-BKPAUTCITEL-20250523-0017
2025-05-23 00:17:38,975 - INFO - 
🔍 Processando block volume: Banco2LinuxTSPlus4_clone070525
2025-05-23 00:17:39,279 - INFO - ✅ Backup criado: BlockBackup-Banco2LinuxTSPlus4_clone070525-BKPAUTCITEL-20250523-0017
2025-05-23 00:17:39,811 - INFO - 
🔍 Processando block volume: Banco2LinuxTSPlus7_clone070525
2025-05-23 00:17:40,178 - INFO - ✅ Backup criado: BlockBackup-Banco2LinuxTSPlus7_clone070525-BKPAUTCITEL-20250523-0017
2025-05-23 00:17:40,721 - INFO - 
🔍 Processando block volume: Banco1LinuxTSPlus8_clone070525
2025-05-23 00:17:40,844 - WARNING - ⚠️ Tentativa 1: Limite de requisições. Aguardando 5s...
2025-05-23 00:17:50,507 - INFO - ✅ Backup criado: BlockBackup-Banco1LinuxTSPlus8_clone070525-BKPAUTCITEL-20250523-0017
2025-05-23 00:17:51,036 - INFO - 
🔍 Processando block volume: Banco1LinuxTSPlus9_clone070525
2025-05-23 00:17:51,316 - INFO - ✅ Backup criado: BlockBackup-Banco1LinuxTSPlus9_clone070525-BKPAUTCITEL-20250523-0017
2025-05-23 00:17:51,837 - INFO - 
🔍 Processando block volume: Banco1LinuxTSPlus12_clone070525
2025-05-23 00:17:52,119 - INFO - ✅ Backup criado: BlockBackup-Banco1LinuxTSPlus12_clone070525-BKPAUTCITEL-20250523-0017
2025-05-23 00:17:52,670 - INFO - 
🔍 Processando block volume: Banco2LinuxTSPlus13_clone070525
2025-05-23 00:17:52,965 - INFO - ✅ Backup criado: BlockBackup-Banco2LinuxTSPlus13_clone070525-BKPAUTCITEL-20250523-0017
2025-05-23 00:17:53,480 - INFO - 
🔍 Processando block volume: BancoUbertintasTSPlus14_clone070525
2025-05-23 00:17:53,603 - WARNING - ⚠️ Tentativa 1: Limite de requisições. Aguardando 5s...
2025-05-23 00:18:03,559 - WARNING - ⚠️ Tentativa 2: Limite de requisições. Aguardando 10s...
2025-05-23 00:18:14,732 - INFO - ✅ Backup criado: BlockBackup-BancoUbertintasTSPlus14_clone070525-BKPAUTCITEL-20250523-0017
2025-05-23 00:18:15,263 - INFO - 
🔍 Processando block volume: Banco2LinuxTSPlus14_clone070525
2025-05-23 00:18:15,548 - INFO - ✅ Backup criado: BlockBackup-Banco2LinuxTSPlus14_clone070525-BKPAUTCITEL-20250523-0018
2025-05-23 00:18:16,082 - INFO - 
🔍 Processando block volume: Banco1LinuxTSPlus16_clone070525
2025-05-23 00:18:16,414 - INFO - ✅ Backup criado: BlockBackup-Banco1LinuxTSPlus16_clone070525-BKPAUTCITEL-20250523-0018
2025-05-23 00:18:16,938 - INFO - 
🔍 Processando block volume: Banco2LinuxBR5_clone070525
2025-05-23 00:18:17,232 - INFO - ✅ Backup criado: BlockBackup-Banco2LinuxBR5_clone070525-BKPAUTCITEL-20250523-0018
2025-05-23 00:18:17,766 - INFO - 
🔍 Processando block volume: Banco2LinuxTSPlus18_clone070525
2025-05-23 00:18:18,063 - INFO - ✅ Backup criado: BlockBackup-Banco2LinuxTSPlus18_clone070525-BKPAUTCITEL-20250523-0018
2025-05-23 00:18:18,600 - INFO - 
🔍 Processando block volume: Banco1LinuxTSPlus19_clone070525
2025-05-23 00:18:18,951 - INFO - ✅ Backup criado: BlockBackup-Banco1LinuxTSPlus19_clone070525-BKPAUTCITEL-20250523-0018
2025-05-23 00:18:19,476 - INFO - 
🔍 Processando block volume: Banco4LinuxTSPlus10_clone070525
2025-05-23 00:18:19,748 - INFO - ✅ Backup criado: BlockBackup-Banco4LinuxTSPlus10_clone070525-BKPAUTCITEL-20250523-0018
2025-05-23 00:18:20,259 - INFO - 
🔍 Processando block volume: Banco1LinuxTSPlus20_clone070525
2025-05-23 00:18:20,382 - WARNING - ⚠️ Tentativa 1: Limite de requisições. Aguardando 5s...
2025-05-23 00:18:30,947 - INFO - ✅ Backup criado: BlockBackup-Banco1LinuxTSPlus20_clone070525-BKPAUTCITEL-20250523-0018
2025-05-23 00:18:31,466 - INFO - 
🔍 Processando block volume: Banco1LinuxTSPlus22_clone070525
2025-05-23 00:18:31,590 - WARNING - ⚠️ Tentativa 1: Limite de requisições. Aguardando 5s...
2025-05-23 00:18:38,079 - WARNING - ⚠️ Tentativa 2: Limite de requisições. Aguardando 10s...
2025-05-23 00:18:53,492 - INFO - ✅ Backup criado: BlockBackup-Banco1LinuxTSPlus22_clone070525-BKPAUTCITEL-20250523-0018
2025-05-23 00:18:54,022 - INFO - 
🔍 Processando block volume: Banco3LinuxTSPlus1_clone070525
2025-05-23 00:18:54,397 - INFO - ✅ Backup criado: BlockBackup-Banco3LinuxTSPlus1_clone070525-BKPAUTCITEL-20250523-0018
2025-05-23 00:18:54,912 - INFO - 
🔍 Processando block volume: Banco1LinuxTSPlus24_clone070525
2025-05-23 00:18:55,035 - WARNING - ⚠️ Tentativa 1: Limite de requisições. Aguardando 5s...
2025-05-23 00:19:04,735 - INFO - ✅ Backup criado: BlockBackup-Banco1LinuxTSPlus24_clone070525-BKPAUTCITEL-20250523-0018
2025-05-23 00:19:05,268 - INFO - 
🔍 Processando block volume: Banco3LinuxTSPlus9_clone070525
2025-05-23 00:19:05,391 - WARNING - ⚠️ Tentativa 1: Limite de requisições. Aguardando 5s...
2025-05-23 00:19:11,588 - WARNING - ⚠️ Tentativa 2: Limite de requisições. Aguardando 10s...
2025-05-23 00:19:27,051 - INFO - ✅ Backup criado: BlockBackup-Banco3LinuxTSPlus9_clone070525-BKPAUTCITEL-20250523-0019
2025-05-23 00:19:27,573 - INFO - 
🔍 Processando block volume: Banco_PalacioFerramentas_clone070525
2025-05-23 00:19:27,703 - WARNING - ⚠️ Tentativa 1: Limite de requisições. Aguardando 5s...
2025-05-23 00:19:33,426 - INFO - ✅ Backup criado: BlockBackup-Banco_PalacioFerramentas_clone070525-BKPAUTCITEL-20250523-0019
2025-05-23 00:19:33,974 - INFO - 
🔍 Processando block volume: Banco1LinuxTSPlus25_clone070525
2025-05-23 00:19:34,255 - INFO - ✅ Backup criado: BlockBackup-Banco1LinuxTSPlus25_clone070525-BKPAUTCITEL-20250523-0019
2025-05-23 00:19:34,783 - INFO - 
🔍 Processando block volume: Banco1LinuxTSPlus26_clone070525
2025-05-23 00:19:35,079 - INFO - ✅ Backup criado: BlockBackup-Banco1LinuxTSPlus26_clone070525-BKPAUTCITEL-20250523-0019
2025-05-23 00:19:35,616 - INFO - 
🔍 Processando block volume: Banco2LinuxTSPlus12_clone070525
2025-05-23 00:19:35,926 - INFO - ✅ Backup criado: BlockBackup-Banco2LinuxTSPlus12_clone070525-BKPAUTCITEL-20250523-0019
2025-05-23 00:19:36,439 - INFO - 
🔍 Processando block volume: Banco2LinuxTSPlus28_clone070525
2025-05-23 00:19:36,564 - WARNING - ⚠️ Tentativa 1: Limite de requisições. Aguardando 5s...
2025-05-23 00:19:44,005 - INFO - ✅ Backup criado: BlockBackup-Banco2LinuxTSPlus28_clone070525-BKPAUTCITEL-20250523-0019
2025-05-23 00:19:44,537 - INFO - 
🔍 Processando block volume: Banco1LinuxTSPlus29_clone070525
2025-05-23 00:19:44,821 - INFO - ✅ Backup criado: BlockBackup-Banco1LinuxTSPlus29_clone070525-BKPAUTCITEL-20250523-0019
2025-05-23 00:19:45,354 - INFO - 
🔍 Processando block volume: Banco1LinuxTSPlus30_clone070525
2025-05-23 00:19:45,478 - WARNING - ⚠️ Tentativa 1: Limite de requisições. Aguardando 5s...
2025-05-23 00:19:56,023 - INFO - ✅ Backup criado: BlockBackup-Banco1LinuxTSPlus30_clone070525-BKPAUTCITEL-20250523-0019
2025-05-23 00:19:56,573 - INFO - 
🔍 Processando block volume: Banco3LinuxTSPlus6_clone070525
2025-05-23 00:19:56,880 - INFO - ✅ Backup criado: BlockBackup-Banco3LinuxTSPlus6_clone070525-BKPAUTCITEL-20250523-0019
2025-05-23 00:19:57,411 - INFO - 
🔍 Processando block volume: Banco1LinuxTSPLUS32_clone070525
2025-05-23 00:19:57,534 - WARNING - ⚠️ Tentativa 1: Limite de requisições. Aguardando 5s...
2025-05-23 00:20:03,235 - INFO - ✅ Backup criado: BlockBackup-Banco1LinuxTSPLUS32_clone070525-BKPAUTCITEL-20250523-0019
2025-05-23 00:20:03,754 - INFO - 
🔍 Processando block volume: Banco1LinuxTSPLUS33_clone070525
2025-05-23 00:20:04,056 - INFO - ✅ Backup criado: BlockBackup-Banco1LinuxTSPLUS33_clone070525-BKPAUTCITEL-20250523-0020
2025-05-23 00:20:04,598 - INFO - 
🔍 Processando block volume: Banco1LinuxTSPLUS34_clone070525
2025-05-23 00:20:04,722 - WARNING - ⚠️ Tentativa 1: Limite de requisições. Aguardando 5s...
2025-05-23 00:20:12,131 - INFO - ✅ Backup criado: BlockBackup-Banco1LinuxTSPLUS34_clone070525-BKPAUTCITEL-20250523-0020
2025-05-23 00:20:12,682 - INFO - 
🔍 Processando block volume: Banco1LinuxTSPLUS36_clone070525
2025-05-23 00:20:12,959 - INFO - ✅ Backup criado: BlockBackup-Banco1LinuxTSPLUS36_clone070525-BKPAUTCITEL-20250523-0020
2025-05-23 00:20:13,498 - INFO - 
🔍 Processando block volume: Banco1LinuxTSPLUS37_clone070525
2025-05-23 00:20:13,621 - WARNING - ⚠️ Tentativa 1: Limite de requisições. Aguardando 5s...
2025-05-23 00:20:19,746 - INFO - ✅ Backup criado: BlockBackup-Banco1LinuxTSPLUS37_clone070525-BKPAUTCITEL-20250523-0020
2025-05-23 00:20:20,312 - INFO - 
🔍 Processando block volume: Banco1LinuxTSPLUS40_clone070525
2025-05-23 00:20:20,434 - WARNING - ⚠️ Tentativa 1: Limite de requisições. Aguardando 5s...
2025-05-23 00:20:30,846 - WARNING - ⚠️ Tentativa 2: Limite de requisições. Aguardando 10s...
2025-05-23 00:20:44,904 - WARNING - ⚠️ Tentativa 3: Limite de requisições. Aguardando 20s...
2025-05-23 00:21:06,188 - INFO - ✅ Backup criado: BlockBackup-Banco1LinuxTSPLUS40_clone070525-BKPAUTCITEL-20250523-0020
2025-05-23 00:21:06,863 - INFO - 
🔍 Processando block volume: Banco1LinuxTSPLUS41_clone070525
2025-05-23 00:21:07,180 - INFO - ✅ Backup criado: BlockBackup-Banco1LinuxTSPLUS41_clone070525-BKPAUTCITEL-20250523-0021
2025-05-23 00:21:07,714 - INFO - 
🔍 Processando block volume: Banco3LinuxBR5_clone070525
2025-05-23 00:21:08,004 - INFO - ✅ Backup criado: BlockBackup-Banco3LinuxBR5_clone070525-BKPAUTCITEL-20250523-0021
2025-05-23 00:21:08,556 - INFO - 
🔍 Processando block volume: Banco1LinuxTSPLUS43_clone070525
2025-05-23 00:21:08,834 - INFO - ✅ Backup criado: BlockBackup-Banco1LinuxTSPLUS43_clone070525-BKPAUTCITEL-20250523-0021
2025-05-23 00:21:09,371 - INFO - 
🔍 Processando block volume: Banco1LinuxTSPlus11_clone070525
2025-05-23 00:21:09,649 - INFO - ✅ Backup criado: BlockBackup-Banco1LinuxTSPlus11_clone070525-BKPAUTCITEL-20250523-0021
2025-05-23 00:21:10,166 - INFO - 
🔍 Processando block volume: Banco2LinuxTSPLUS65_clone070525
2025-05-23 00:21:10,498 - INFO - ✅ Backup criado: BlockBackup-Banco2LinuxTSPLUS65_clone070525-BKPAUTCITEL-20250523-0021
2025-05-23 00:21:11,039 - INFO - 
🔍 Processando block volume: Banco2LinuxTSPlus17_clone070525
2025-05-23 00:21:11,162 - WARNING - ⚠️ Tentativa 1: Limite de requisições. Aguardando 5s...
2025-05-23 00:21:18,299 - INFO - ✅ Backup criado: BlockBackup-Banco2LinuxTSPlus17_clone070525-BKPAUTCITEL-20250523-0021
2025-05-23 00:21:18,816 - INFO - 
🔍 Processando block volume: Banco3LinuxTSPlus8_clone070525
2025-05-23 00:21:19,106 - INFO - ✅ Backup criado: BlockBackup-Banco3LinuxTSPlus8_clone070525-BKPAUTCITEL-20250523-0021
2025-05-23 00:21:19,636 - INFO - 
🔍 Processando block volume: Banco 1 OracleBr48_clone070525
2025-05-23 00:21:19,928 - INFO - ✅ Backup criado: BlockBackup-Banco 1 OracleBr48_clone070525-BKPAUTCITEL-20250523-0021
2025-05-23 00:21:20,079 - INFO - 
🔍 Processando block volume: Banco5LinuxTSPlus10_clone070525
2025-05-23 00:21:20,347 - INFO - ✅ Backup criado: BlockBackup-Banco5LinuxTSPlus10_clone070525-BKPAUTCITEL-20250523-0021
2025-05-23 00:21:20,873 - INFO - 
🔍 Processando block volume: Banco1LinuxTSPlus50_clone070525
2025-05-23 00:21:20,995 - WARNING - ⚠️ Tentativa 1: Limite de requisições. Aguardando 5s...
2025-05-23 00:21:26,814 - WARNING - ⚠️ Tentativa 2: Limite de requisições. Aguardando 10s...
2025-05-23 00:21:38,125 - INFO - ✅ Backup criado: BlockBackup-Banco1LinuxTSPlus50_clone070525-BKPAUTCITEL-20250523-0021
2025-05-23 00:21:38,648 - INFO - 
🔍 Processando block volume: Banco2LinuxTSPlus20_clone070525
2025-05-23 00:21:38,926 - INFO - ✅ Backup criado: BlockBackup-Banco2LinuxTSPlus20_clone070525-BKPAUTCITEL-20250523-0021
2025-05-23 00:21:39,446 - INFO - 
🔍 Processando block volume: BancoPRODBelaTintas_clone070525
2025-05-23 00:21:39,732 - INFO - ✅ Backup criado: BlockBackup-BancoPRODBelaTintas_clone070525-BKPAUTCITEL-20250523-0021
2025-05-23 00:21:40,263 - INFO - 
🔍 Processando block volume: BancoPRODJRPais_clone070525
2025-05-23 00:21:40,544 - INFO - ✅ Backup criado: BlockBackup-BancoPRODJRPais_clone070525-BKPAUTCITEL-20250523-0021
2025-05-23 00:21:41,063 - INFO - 
🔍 Processando block volume: Banco3LinuxTSPlus7_clone070525
2025-05-23 00:21:41,186 - WARNING - ⚠️ Tentativa 1: Limite de requisições. Aguardando 5s...
2025-05-23 00:21:49,777 - INFO - ✅ Backup criado: BlockBackup-Banco3LinuxTSPlus7_clone070525-BKPAUTCITEL-20250523-0021
2025-05-23 00:21:50,315 - INFO - 
🔍 Processando block volume: Banco1BR55_clone070525
2025-05-23 00:21:50,437 - WARNING - ⚠️ Tentativa 1: Limite de requisições. Aguardando 5s...
2025-05-23 00:21:59,929 - INFO - ✅ Backup criado: BlockBackup-Banco1BR55_clone070525-BKPAUTCITEL-20250523-0021
2025-05-23 00:22:00,453 - INFO - 
🔍 Processando block volume: BancoLinux59_clone070525
2025-05-23 00:22:00,575 - WARNING - ⚠️ Tentativa 1: Limite de requisições. Aguardando 5s...
2025-05-23 00:22:09,443 - INFO - ✅ Backup criado: BlockBackup-BancoLinux59_clone070525-BKPAUTCITEL-20250523-0022
2025-05-23 00:22:09,971 - INFO - 
🔍 Processando block volume: Banco2LinuxBR21_clone070525
2025-05-23 00:22:10,307 - INFO - ✅ Backup criado: BlockBackup-Banco2LinuxBR21_clone070525-BKPAUTCITEL-20250523-0022
2025-05-23 00:22:10,843 - INFO - 
🔍 Processando block volume: Banco2Linux59_clone070525
2025-05-23 00:22:10,966 - WARNING - ⚠️ Tentativa 1: Limite de requisições. Aguardando 5s...
2025-05-23 00:22:16,687 - WARNING - ⚠️ Tentativa 2: Limite de requisições. Aguardando 10s...
2025-05-23 00:22:29,157 - INFO - ✅ Backup criado: BlockBackup-Banco2Linux59_clone070525-BKPAUTCITEL-20250523-0022
2025-05-23 00:22:29,677 - INFO - 
🔍 Processando block volume: Banco2BR24_clone070525
2025-05-23 00:22:29,987 - INFO - ✅ Backup criado: BlockBackup-Banco2BR24_clone070525-BKPAUTCITEL-20250523-0022
2025-05-23 00:22:30,504 - INFO - 
🔍 Processando block volume: Banco2BR33_clone070525
2025-05-23 00:22:30,773 - INFO - ✅ Backup criado: BlockBackup-Banco2BR33_clone070525-BKPAUTCITEL-20250523-0022
2025-05-23 00:22:31,316 - INFO - 
🔍 Processando block volume: Banco1LinuxTSPLUS65_clone070525
2025-05-23 00:22:31,593 - INFO - ✅ Backup criado: BlockBackup-Banco1LinuxTSPLUS65_clone070525-BKPAUTCITEL-20250523-0022
2025-05-23 00:22:32,119 - INFO - 
🔍 Processando block volume: BancoBR_72_clone070525
2025-05-23 00:22:32,412 - INFO - ✅ Backup criado: BlockBackup-BancoBR_72_clone070525-BKPAUTCITEL-20250523-0022
2025-05-23 00:22:32,939 - INFO - 
🔍 Processando block volume: Banco1LinuxTSPlus18_clone070525
2025-05-23 00:22:33,286 - INFO - ✅ Backup criado: BlockBackup-Banco1LinuxTSPlus18_clone070525-BKPAUTCITEL-20250523-0022
2025-05-23 00:22:33,832 - INFO - 
🔍 Processando block volume: LinuxDataBelaTintas_clone070525
2025-05-23 00:22:34,121 - INFO - ✅ Backup criado: BlockBackup-LinuxDataBelaTintas_clone070525-BKPAUTCITEL-20250523-0022
2025-05-23 00:22:34,661 - INFO - 
🔍 Processando block volume: Banco2LinuxTSPlus22_clone070525
2025-05-23 00:22:34,963 - INFO - ✅ Backup criado: BlockBackup-Banco2LinuxTSPlus22_clone070525-BKPAUTCITEL-20250523-0022
2025-05-23 00:22:35,486 - INFO - 
🔍 Processando block volume: Banco2LinuxTSPLUS32_clone070525
2025-05-23 00:22:35,766 - INFO - ✅ Backup criado: BlockBackup-Banco2LinuxTSPLUS32_clone070525-BKPAUTCITEL-20250523-0022
2025-05-23 00:22:36,307 - INFO - 
🔍 Processando block volume: Bancos2_BR29_clone070525
2025-05-23 00:22:36,429 - WARNING - ⚠️ Tentativa 1: Limite de requisições. Aguardando 5s...
2025-05-23 00:22:43,468 - INFO - ✅ Backup criado: BlockBackup-Bancos2_BR29_clone070525-BKPAUTCITEL-20250523-0022
2025-05-23 00:22:44,011 - INFO - 
🔍 Processando block volume: Bancos4_BR9_clone070525
2025-05-23 00:22:44,284 - INFO - ✅ Backup criado: BlockBackup-Bancos4_BR9_clone070525-BKPAUTCITEL-20250523-0022
2025-05-23 00:22:44,846 - INFO - 
🔍 Processando block volume: Bancos3_BR12_clone070525
2025-05-23 00:22:45,150 - INFO - ✅ Backup criado: BlockBackup-Bancos3_BR12_clone070525-BKPAUTCITEL-20250523-0022
2025-05-23 00:22:45,690 - INFO - 
🔍 Processando block volume: Bancos2_BR34_clone070525
2025-05-23 00:22:45,813 - WARNING - ⚠️ Tentativa 1: Limite de requisições. Aguardando 5s...
2025-05-23 00:22:54,872 - WARNING - ⚠️ Tentativa 2: Limite de requisições. Aguardando 10s...
2025-05-23 00:23:08,061 - WARNING - ⚠️ Tentativa 3: Limite de requisições. Aguardando 20s...
2025-05-23 00:23:30,086 - INFO - ✅ Backup criado: BlockBackup-Bancos2_BR34_clone070525-BKPAUTCITEL-20250523-0022
2025-05-23 00:23:30,634 - INFO - 
🔍 Processando block volume: Bancos3_BR29_clone070525
2025-05-23 00:23:30,985 - INFO - ✅ Backup criado: BlockBackup-Bancos3_BR29_clone070525-BKPAUTCITEL-20250523-0023
2025-05-23 00:23:31,716 - INFO - 
🔍 Processando block volume: Banco3_BR7_clone070525
2025-05-23 00:23:32,010 - INFO - ✅ Backup criado: BlockBackup-Banco3_BR7_clone070525-BKPAUTCITEL-20250523-0023
2025-05-23 00:23:32,536 - INFO - 
🔍 Processando block volume: Bancos2_BR02_clone070525
2025-05-23 00:23:32,853 - INFO - ✅ Backup criado: BlockBackup-Bancos2_BR02_clone070525-BKPAUTCITEL-20250523-0023
2025-05-23 00:23:33,360 - INFO - 
🔍 Processando block volume: Bancos4_BR18_clone070525
2025-05-23 00:23:33,482 - WARNING - ⚠️ Tentativa 1: Limite de requisições. Aguardando 5s...
2025-05-23 00:23:41,119 - WARNING - ⚠️ Tentativa 2: Limite de requisições. Aguardando 10s...
2025-05-23 00:23:53,999 - INFO - ✅ Backup criado: BlockBackup-Bancos4_BR18_clone070525-BKPAUTCITEL-20250523-0023
2025-05-23 00:23:54,524 - INFO - 
🔍 Processando block volume: Bancos4_BR01_clone070525
2025-05-23 00:23:54,648 - WARNING - ⚠️ Tentativa 1: Limite de requisições. Aguardando 5s...
2025-05-23 00:24:02,986 - INFO - ✅ Backup criado: BlockBackup-Bancos4_BR01_clone070525-BKPAUTCITEL-20250523-0023
2025-05-23 00:24:03,524 - INFO - 
🔍 Processando block volume: Bancos3_BR13_clone070525
2025-05-23 00:24:03,809 - INFO - ✅ Backup criado: BlockBackup-Bancos3_BR13_clone070525-BKPAUTCITEL-20250523-0024
2025-05-23 00:24:04,343 - INFO - 
🔍 Processando block volume: Banco3_BR4_clone070525
2025-05-23 00:24:04,659 - INFO - ✅ Backup criado: BlockBackup-Banco3_BR4_clone070525-BKPAUTCITEL-20250523-0024
2025-05-23 00:24:05,191 - INFO - 
🔍 Processando block volume: Banco2LinuxTSPlus16_clone070525
2025-05-23 00:24:05,456 - INFO - ✅ Backup criado: BlockBackup-Banco2LinuxTSPlus16_clone070525-BKPAUTCITEL-20250523-0024
2025-05-23 00:24:05,978 - INFO - 
🔍 Processando block volume: BKO Palacio TKT 651385_clone070525
2025-05-23 00:24:06,337 - INFO - ✅ Backup criado: BlockBackup-BKO Palacio TKT 651385_clone070525-BKPAUTCITEL-20250523-0024
2025-05-23 00:24:06,849 - INFO - 
🔍 Processando block volume: Banco4LinuxTSPlus6_clone070525
2025-05-23 00:24:06,971 - WARNING - ⚠️ Tentativa 1: Limite de requisições. Aguardando 5s...
2025-05-23 00:24:15,545 - WARNING - ⚠️ Tentativa 2: Limite de requisições. Aguardando 10s...
2025-05-23 00:24:28,552 - INFO - ✅ Backup criado: BlockBackup-Banco4LinuxTSPlus6_clone070525-BKPAUTCITEL-20250523-0024
2025-05-23 00:24:29,119 - INFO - 
🔍 Processando block volume: Banco2BR_72_clone070525
2025-05-23 00:24:29,424 - INFO - ✅ Backup criado: BlockBackup-Banco2BR_72_clone070525-BKPAUTCITEL-20250523-0024
2025-05-23 00:24:29,941 - INFO - 
🔍 Processando block volume: Bancos3_BR25_clone070525
2025-05-23 00:24:30,203 - INFO - ✅ Backup criado: BlockBackup-Bancos3_BR25_clone070525-BKPAUTCITEL-20250523-0024
2025-05-23 00:24:30,735 - INFO - 
🔍 Processando block volume: bancos3_BR28_clone070525
2025-05-23 00:24:30,858 - WARNING - ⚠️ Tentativa 1: Limite de requisições. Aguardando 5s...
2025-05-23 00:24:40,369 - INFO - ✅ Backup criado: BlockBackup-bancos3_BR28_clone070525-BKPAUTCITEL-20250523-0024
2025-05-23 00:24:40,904 - INFO - 
🔍 Processando block volume: GeB_clone070525
2025-05-23 00:24:41,182 - INFO - ✅ Backup criado: BlockBackup-GeB_clone070525-BKPAUTCITEL-20250523-0024
2025-05-23 00:24:41,711 - INFO - 
🔍 Processando block volume: Banco3_BR20_clone070525
2025-05-23 00:24:41,833 - WARNING - ⚠️ Tentativa 1: Limite de requisições. Aguardando 5s...
2025-05-23 00:24:49,771 - WARNING - ⚠️ Tentativa 2: Limite de requisições. Aguardando 10s...
2025-05-23 00:25:03,971 - INFO - ✅ Backup criado: BlockBackup-Banco3_BR20_clone070525-BKPAUTCITEL-20250523-0024
2025-05-23 00:25:04,493 - INFO - 
🔍 Processando block volume: Bancos3_BR34_clone070525
2025-05-23 00:25:04,616 - WARNING - ⚠️ Tentativa 1: Limite de requisições. Aguardando 5s...
2025-05-23 00:25:14,445 - INFO - ✅ Backup criado: BlockBackup-Bancos3_BR34_clone070525-BKPAUTCITEL-20250523-0025
2025-05-23 00:25:14,988 - INFO - 
🔍 Processando block volume: Banco_Darka_clone070525
2025-05-23 00:25:15,383 - INFO - ✅ Backup criado: BlockBackup-Banco_Darka_clone070525-BKPAUTCITEL-20250523-0025
2025-05-23 00:25:15,919 - INFO - 
🔍 Processando block volume: Banco4LinuxTSPlus7_clone070525
2025-05-23 00:25:16,194 - INFO - ✅ Backup criado: BlockBackup-Banco4LinuxTSPlus7_clone070525-BKPAUTCITEL-20250523-0025
2025-05-23 00:25:16,721 - INFO - 
🔍 Processando block volume: Banco4LinuxTSPlus20_clone070525
2025-05-23 00:25:17,005 - INFO - ✅ Backup criado: BlockBackup-Banco4LinuxTSPlus20_clone070525-BKPAUTCITEL-20250523-0025
2025-05-23 00:25:17,532 - INFO - 
🔍 Processando block volume: Bancos4_BR13_clone070525
2025-05-23 00:25:17,805 - INFO - ✅ Backup criado: BlockBackup-Bancos4_BR13_clone070525-BKPAUTCITEL-20250523-0025
2025-05-23 00:25:18,333 - INFO - 
🔍 Processando block volume: Banco2LinuxTSPLUS37_clone070525
2025-05-23 00:25:18,601 - INFO - ✅ Backup criado: BlockBackup-Banco2LinuxTSPLUS37_clone070525-BKPAUTCITEL-20250523-0025
2025-05-23 00:25:19,139 - INFO - 
🔍 Processando block volume: BackupGeB_clone070525
2025-05-23 00:25:19,411 - INFO - ✅ Backup criado: BlockBackup-BackupGeB_clone070525-BKPAUTCITEL-20250523-0025
2025-05-23 00:25:19,928 - INFO - 
🔍 Processando block volume: BancoGeB_clone070525
2025-05-23 00:25:20,050 - WARNING - ⚠️ Tentativa 1: Limite de requisições. Aguardando 5s...
2025-05-23 00:25:26,702 - WARNING - ⚠️ Tentativa 2: Limite de requisições. Aguardando 10s...
2025-05-23 00:25:38,815 - INFO - ✅ Backup criado: BlockBackup-BancoGeB_clone070525-BKPAUTCITEL-20250523-0025
2025-05-23 00:25:39,339 - INFO - 
🔍 Processando block volume: Banco3BR55_clone070525
2025-05-23 00:25:39,599 - INFO - ✅ Backup criado: BlockBackup-Banco3BR55_clone070525-BKPAUTCITEL-20250523-0025
2025-05-23 00:25:40,123 - INFO - 
🔍 Processando block volume: Bancos5_BR1_clone070525
2025-05-23 00:25:40,245 - WARNING - ⚠️ Tentativa 1: Limite de requisições. Aguardando 5s...
2025-05-23 00:25:48,900 - INFO - ✅ Backup criado: BlockBackup-Bancos5_BR1_clone070525-BKPAUTCITEL-20250523-0025
2025-05-23 00:25:49,424 - INFO - 
🔍 Processando block volume: Banco3LinuxTSPlus19_clone070525
2025-05-23 00:25:49,546 - WARNING - ⚠️ Tentativa 1: Limite de requisições. Aguardando 5s...
2025-05-23 00:25:58,322 - INFO - ✅ Backup criado: BlockBackup-Banco3LinuxTSPlus19_clone070525-BKPAUTCITEL-20250523-0025
2025-05-23 00:25:58,845 - INFO - 
🔍 Processando block volume: BackupCoresVivas TKT 902822_clone070525
2025-05-23 00:25:59,130 - INFO - ✅ Backup criado: BlockBackup-BackupCoresVivas TKT 902822_clone070525-BKPAUTCITEL-20250523-0025
2025-05-23 00:25:59,665 - INFO - 
🔍 Processando block volume: bkpBoomerVinicius_clone070525
2025-05-23 00:25:59,787 - WARNING - ⚠️ Tentativa 1: Limite de requisições. Aguardando 5s...
2025-05-23 00:26:06,479 - INFO - ✅ Backup criado: BlockBackup-bkpBoomerVinicius_clone070525-BKPAUTCITEL-20250523-0025
2025-05-23 00:26:07,016 - INFO - 
🔍 Processando block volume: GeB2_clone070525
2025-05-23 00:26:07,139 - WARNING - ⚠️ Tentativa 1: Limite de requisições. Aguardando 5s...
2025-05-23 00:26:13,870 - INFO - ✅ Backup criado: BlockBackup-GeB2_clone070525-BKPAUTCITEL-20250523-0026
2025-05-23 00:26:14,398 - INFO - 
🔍 Processando block volume: bkpParque1014464_clone070525
2025-05-23 00:26:14,677 - INFO - ✅ Backup criado: BlockBackup-bkpParque1014464_clone070525-BKPAUTCITEL-20250523-0026
2025-05-23 00:26:15,203 - INFO - 
🔍 Processando block volume: bkpPedrao1020442_clone070525
2025-05-23 00:26:15,561 - INFO - ✅ Backup criado: BlockBackup-bkpPedrao1020442_clone070525-BKPAUTCITEL-20250523-0026
2025-05-23 00:26:16,093 - INFO - 
🔍 Processando block volume: Backup_BR34_1031161_clone070525
2025-05-23 00:26:16,215 - WARNING - ⚠️ Tentativa 1: Limite de requisições. Aguardando 5s...
2025-05-23 00:26:23,048 - INFO - ✅ Backup criado: BlockBackup-Backup_BR34_1031161_clone070525-BKPAUTCITEL-20250523-0026
2025-05-23 00:26:23,602 - INFO - 
🔍 Processando block volume: Banco3LinuxTSPLUS65_clone070525
2025-05-23 00:26:23,877 - INFO - ✅ Backup criado: BlockBackup-Banco3LinuxTSPLUS65_clone070525-BKPAUTCITEL-20250523-0026
2025-05-23 00:26:24,407 - INFO - 
🔍 Processando block volume: Banco3LinuxTSPlus22_clone070525
2025-05-23 00:26:24,690 - INFO - ✅ Backup criado: BlockBackup-Banco3LinuxTSPlus22_clone070525-BKPAUTCITEL-20250523-0026
2025-05-23 00:26:25,217 - INFO - 
🔍 Processando block volume: BinariosLinuxTSPLUS65_clone070525
2025-05-23 00:26:25,513 - INFO - ✅ Backup criado: BlockBackup-BinariosLinuxTSPLUS65_clone070525-BKPAUTCITEL-20250523-0026
2025-05-23 00:26:26,032 - INFO - 
🔍 Processando block volume: GeB BancoTeste tkt 1048932_clone070525
2025-05-23 00:26:26,315 - INFO - ✅ Backup criado: BlockBackup-GeB BancoTeste tkt 1048932_clone070525-BKPAUTCITEL-20250523-0026
2025-05-23 00:26:26,835 - INFO - 
🔍 Processando block volume: Banco2LinuxTSPlus19_BelaTintas_clone070525
2025-05-23 00:26:27,117 - INFO - ✅ Backup criado: BlockBackup-Banco2LinuxTSPlus19_BelaTintas_clone070525-BKPAUTCITEL-20250523-0026
2025-05-23 00:26:27,650 - INFO - 
🔍 Processando block volume: Banco1LinuxTSPlus11_clone2904_clone070525
2025-05-23 00:26:28,010 - INFO - ✅ Backup criado: BlockBackup-Banco1LinuxTSPlus11_clone2904_clone070525-BKPAUTCITEL-20250523-0026
2025-05-23 00:26:28,531 - INFO - 
🔍 Processando block volume: LinuxTSPlus11_BancoPRODJRPais_clone2904_clone070525
2025-05-23 00:26:28,824 - INFO - ✅ Backup criado: BlockBackup-LinuxTSPlus11_BancoPRODJRPais_clone2904_clone070525-BKPAUTCITEL-20250523-0026
2025-05-23 00:26:29,335 - INFO - 
🔍 Processando block volume: LinuxTSPlus30_Banco1LinuxTSPlus30_clone2904_clone070525
2025-05-23 00:26:29,463 - WARNING - ⚠️ Tentativa 1: Limite de requisições. Aguardando 5s...
2025-05-23 00:26:39,837 - INFO - ✅ Backup criado: BlockBackup-LinuxTSPlus30_Banco1LinuxTSPlus30_clone2904_clone070525-BKPAUTCITEL-20250523-0026
2025-05-23 00:26:40,368 - INFO - 
🔍 Processando block volume: Banco-1-LinuxData012_clone070525
2025-05-23 00:26:40,651 - INFO - ✅ Backup criado: BlockBackup-Banco-1-LinuxData012_clone070525-BKPAUTCITEL-20250523-0026
2025-05-23 00:26:41,169 - INFO - 
🔍 Processando block volume: Banco2-LinuxData012_clone070525
2025-05-23 00:26:41,457 - INFO - ✅ Backup criado: BlockBackup-Banco2-LinuxData012_clone070525-BKPAUTCITEL-20250523-0026
2025-05-23 00:26:41,987 - INFO - 
🔍 Processando block volume: Banco3-LinuxData012_clone070525
2025-05-23 00:26:42,110 - WARNING - ⚠️ Tentativa 1: Limite de requisições. Aguardando 5s...
2025-05-23 00:26:50,170 - WARNING - ⚠️ Tentativa 2: Limite de requisições. Aguardando 10s...
2025-05-23 00:27:03,619 - WARNING - ⚠️ Tentativa 3: Limite de requisições. Aguardando 20s...
2025-05-23 00:27:25,175 - INFO - ✅ Backup criado: BlockBackup-Banco3-LinuxData012_clone070525-BKPAUTCITEL-20250523-0026
2025-05-23 00:27:25,709 - INFO - 
🔍 Processando block volume: LinuxTSPlus10_BKOPalacioTKT651385_clone2904_clone070525
2025-05-23 00:27:26,009 - INFO - ✅ Backup criado: BlockBackup-LinuxTSPlus10_BKOPalacioTKT651385_clone2904_clone070525-BKPAUTCITEL-20250523-0027
2025-05-23 00:27:26,547 - INFO - 
🔍 Processando block volume: LinuxTSPlus10_Banco4LinuxTSPlus10_clone2904_clone070525
2025-05-23 00:27:26,670 - WARNING - ⚠️ Tentativa 1: Limite de requisições. Aguardando 5s...
2025-05-23 00:27:37,233 - INFO - ✅ Backup criado: BlockBackup-LinuxTSPlus10_Banco4LinuxTSPlus10_clone2904_clone070525-BKPAUTCITEL-20250523-0027
2025-05-23 00:27:37,763 - INFO - 
🔍 Processando block volume: LinuxTSPlus10_Banco5LinuxTSPlus10_clone2904_clone070525
2025-05-23 00:27:38,072 - INFO - ✅ Backup criado: BlockBackup-LinuxTSPlus10_Banco5LinuxTSPlus10_clone2904_clone070525-BKPAUTCITEL-20250523-0027
2025-05-23 00:27:38,596 - INFO - 
🔍 Processando block volume: LinuxTSPlus10_GeB_clone2904_clone070525
2025-05-23 00:27:38,719 - WARNING - ⚠️ Tentativa 1: Limite de requisições. Aguardando 5s...
2025-05-23 00:27:48,458 - INFO - ✅ Backup criado: BlockBackup-LinuxTSPlus10_GeB_clone2904_clone070525-BKPAUTCITEL-20250523-0027
2025-05-23 00:27:48,989 - INFO - 
🔍 Processando block volume: LinuxTSPlus55_Banco1BR55_clone2904_clone070525
2025-05-23 00:27:49,366 - INFO - ✅ Backup criado: BlockBackup-LinuxTSPlus55_Banco1BR55_clone2904_clone070525-BKPAUTCITEL-20250523-0027
2025-05-23 00:27:49,890 - INFO - 
🔍 Processando block volume: LinuxTSPlus55_Banco3BR55_clone2904_clone070525
2025-05-23 00:27:50,013 - WARNING - ⚠️ Tentativa 1: Limite de requisições. Aguardando 5s...
2025-05-23 00:27:57,711 - INFO - ✅ Backup criado: BlockBackup-LinuxTSPlus55_Banco3BR55_clone2904_clone070525-BKPAUTCITEL-20250523-0027
2025-05-23 00:27:58,236 - INFO - 
🔍 Processando block volume: LinuxTSPlus65_Banco1LinuxTSPLUS65_clone2904_clone070525
2025-05-23 00:27:58,585 - INFO - ✅ Backup criado: BlockBackup-LinuxTSPlus65_Banco1LinuxTSPLUS65_clone2904_clone070525-BKPAUTCITEL-20250523-0027
2025-05-23 00:27:59,118 - INFO - 
🔍 Processando block volume: LinuxTSPlus65_Banco2LinuxTSPLUS65_clone2904_clone070525
2025-05-23 00:27:59,429 - INFO - ✅ Backup criado: BlockBackup-LinuxTSPlus65_Banco2LinuxTSPLUS65_clone2904_clone070525-BKPAUTCITEL-20250523-0027
2025-05-23 00:27:59,962 - INFO - 
🔍 Processando block volume: LinuxTSPlus65_Banco3LinuxTSPLUS65_clone2904_clone070525
2025-05-23 00:28:00,327 - INFO - ✅ Backup criado: BlockBackup-LinuxTSPlus65_Banco3LinuxTSPLUS65_clone2904_clone070525-BKPAUTCITEL-20250523-0027
2025-05-23 00:28:00,861 - INFO - 
🔍 Processando block volume: LinuxTSPlus65_BinariosLinuxTSPLUS65_clone2904_clone070525
2025-05-23 00:28:00,983 - WARNING - ⚠️ Tentativa 1: Limite de requisições. Aguardando 5s...
2025-05-23 00:28:06,783 - WARNING - ⚠️ Tentativa 2: Limite de requisições. Aguardando 10s...
2025-05-23 00:28:18,207 - INFO - ✅ Backup criado: BlockBackup-LinuxTSPlus65_BinariosLinuxTSPLUS65_clone2904_clone070525-BKPAUTCITEL-20250523-0028
2025-05-23 00:28:18,730 - INFO - 
🔍 Processando block volume: LinuxTSPlus28_Banco2LinuxTSPlus28_clone2904_clone070525
2025-05-23 00:28:19,038 - INFO - ✅ Backup criado: BlockBackup-LinuxTSPlus28_Banco2LinuxTSPlus28_clone2904_clone070525-BKPAUTCITEL-20250523-0028
2025-05-23 00:28:19,553 - INFO - 
🔍 Processando block volume: LinuxTSPlus28_bancos3_BR28_clone2904_clone070525
2025-05-23 00:28:19,675 - WARNING - ⚠️ Tentativa 1: Limite de requisições. Aguardando 5s...
2025-05-23 00:28:26,175 - WARNING - ⚠️ Tentativa 2: Limite de requisições. Aguardando 10s...
2025-05-23 00:28:40,099 - WARNING - ⚠️ Tentativa 3: Limite de requisições. Aguardando 20s...
2025-05-23 00:29:02,330 - INFO - ✅ Backup criado: BlockBackup-LinuxTSPlus28_bancos3_BR28_clone2904_clone070525-BKPAUTCITEL-20250523-0028
2025-05-23 00:29:02,850 - INFO - 
🔍 Processando block volume: LinuxTSPlus29_Banco1LinuxTSPlus29_clone2904_clone070525
2025-05-23 00:29:03,144 - INFO - ✅ Backup criado: BlockBackup-LinuxTSPlus29_Banco1LinuxTSPlus29_clone2904_clone070525-BKPAUTCITEL-20250523-0029
2025-05-23 00:29:03,670 - INFO - 
🔍 Processando block volume: LinuxTSPlus29_Bancos2_BR29_clone2904_clone070525
2025-05-23 00:29:03,969 - INFO - ✅ Backup criado: BlockBackup-LinuxTSPlus29_Bancos2_BR29_clone2904_clone070525-BKPAUTCITEL-20250523-0029
2025-05-23 00:29:04,505 - INFO - 
🔍 Processando block volume: LinuxTSPlus29_Bancos3_BR29_clone2904_clone070525
2025-05-23 00:29:04,802 - INFO - ✅ Backup criado: BlockBackup-LinuxTSPlus29_Bancos3_BR29_clone2904_clone070525-BKPAUTCITEL-20250523-0029
2025-05-23 00:29:05,324 - INFO - 
🔍 Processando block volume: LinuxTSPlus72_Banco2BR_72_clone2904_clone070525
2025-05-23 00:29:05,662 - INFO - ✅ Backup criado: BlockBackup-LinuxTSPlus72_Banco2BR_72_clone2904_clone070525-BKPAUTCITEL-20250523-0029
2025-05-23 00:29:06,223 - INFO - 
🔍 Processando block volume: LinuxTSPlus72_BancoBR_clone2904_clone070525
2025-05-23 00:29:06,347 - WARNING - ⚠️ Tentativa 1: Limite de requisições. Aguardando 5s...
2025-05-23 00:29:15,618 - WARNING - ⚠️ Tentativa 2: Limite de requisições. Aguardando 10s...
2025-05-23 00:29:30,353 - INFO - ✅ Backup criado: BlockBackup-LinuxTSPlus72_BancoBR_clone2904_clone070525-BKPAUTCITEL-20250523-0029
2025-05-23 00:29:30,879 - INFO - 
🔍 Processando block volume: LinuxTSPlus43_Banco1LinuxTSPLUS43_clone2904_clone070525
2025-05-23 00:29:31,158 - INFO - ✅ Backup criado: BlockBackup-LinuxTSPlus43_Banco1LinuxTSPLUS43_clone2904_clone070525-BKPAUTCITEL-20250523-0029
2025-05-23 00:29:31,688 - INFO - 
🔍 Processando block volume: LinuxTSPlus43_HD4-LinuxDBA_clone2904_clone070525
2025-05-23 00:29:31,811 - WARNING - ⚠️ Tentativa 1: Limite de requisições. Aguardando 5s...
2025-05-23 00:29:41,934 - INFO - ✅ Backup criado: BlockBackup-LinuxTSPlus43_HD4-LinuxDBA_clone2904_clone070525-BKPAUTCITEL-20250523-0029
2025-05-23 00:29:42,454 - INFO - 
🔍 Processando block volume: LinuxTSPlus50_Banco1LinuxTSPlus50_clone2904_clone070525
2025-05-23 00:29:42,732 - INFO - ✅ Backup criado: BlockBackup-LinuxTSPlus50_Banco1LinuxTSPlus50_clone2904_clone070525-BKPAUTCITEL-20250523-0029
2025-05-23 00:29:43,257 - INFO - 
🔍 Processando block volume: LinuxTSPlus37_Banco1LinuxTSPLUS37_clone2904_clone070525
2025-05-23 00:29:43,560 - INFO - ✅ Backup criado: BlockBackup-LinuxTSPlus37_Banco1LinuxTSPLUS37_clone2904_clone070525-BKPAUTCITEL-20250523-0029
2025-05-23 00:29:44,089 - INFO - 
🔍 Processando block volume: LinuxTSPlus37_Banco2LinuxTSPLUS37_clone2904_clone070525
2025-05-23 00:29:44,212 - WARNING - ⚠️ Tentativa 1: Limite de requisições. Aguardando 5s...
2025-05-23 00:29:53,376 - WARNING - ⚠️ Tentativa 2: Limite de requisições. Aguardando 10s...
2025-05-23 00:30:07,077 - INFO - ✅ Backup criado: BlockBackup-LinuxTSPlus37_Banco2LinuxTSPLUS37_clone2904_clone070525-BKPAUTCITEL-20250523-0029
2025-05-23 00:30:07,605 - INFO - 
🔍 Processando block volume: LinuxTSPlus37_Banco1LinuxTSPLUS40_clone2904_clone070525
2025-05-23 00:30:07,907 - INFO - ✅ Backup criado: BlockBackup-LinuxTSPlus37_Banco1LinuxTSPLUS40_clone2904_clone070525-BKPAUTCITEL-20250523-0030
2025-05-23 00:30:08,439 - INFO - 
🔍 Processando block volume: LinuxTSPlus32_Banco1LinuxTSPLUS32_clone2904_clone070525
2025-05-23 00:30:08,741 - INFO - ✅ Backup criado: BlockBackup-LinuxTSPlus32_Banco1LinuxTSPLUS32_clone2904_clone070525-BKPAUTCITEL-20250523-0030
2025-05-23 00:30:09,303 - INFO - 
🔍 Processando block volume: LinuxTSPlus32_Banco2LinuxTSPLUS32_clone2904_clone070525
2025-05-23 00:30:09,581 - INFO - ✅ Backup criado: BlockBackup-LinuxTSPlus32_Banco2LinuxTSPLUS32_clone2904_clone070525-BKPAUTCITEL-20250523-0030
2025-05-23 00:30:10,118 - INFO - 
🔍 Processando block volume: LinuxTSPlus2_Banco1LinuxTSPlus2_clone2904_clone070525
2025-05-23 00:30:10,444 - INFO - ✅ Backup criado: BlockBackup-LinuxTSPlus2_Banco1LinuxTSPlus2_clone2904_clone070525-BKPAUTCITEL-20250523-0030
2025-05-23 00:30:10,979 - INFO - 
🔍 Processando block volume: LinuxTSPlus2_Banco_PalacioFerramentas_clone2904_clone070525
2025-05-23 00:30:11,267 - INFO - ✅ Backup criado: BlockBackup-LinuxTSPlus2_Banco_PalacioFerramentas_clone2904_clone070525-BKPAUTCITEL-20250523-0030
2025-05-23 00:30:11,804 - INFO - 
🔍 Processando block volume: LinuxTSPlus2_Bancos2_BR02_clone2904_clone070525
2025-05-23 00:30:12,116 - INFO - ✅ Backup criado: BlockBackup-LinuxTSPlus2_Bancos2_BR02_clone2904_clone070525-BKPAUTCITEL-20250523-0030
2025-05-23 00:30:12,653 - INFO - 
🔍 Processando block volume: LinuxTSPlus25_Banco1LinuxTSPlus25_clone2904_clone070525
2025-05-23 00:30:12,957 - INFO - ✅ Backup criado: BlockBackup-LinuxTSPlus25_Banco1LinuxTSPlus25_clone2904_clone070525-BKPAUTCITEL-20250523-0030
2025-05-23 00:30:13,506 - INFO - 
🔍 Processando block volume: LinuxTSPlus25_Bancos3_BR25_clone2904_clone070525
2025-05-23 00:30:13,781 - INFO - ✅ Backup criado: BlockBackup-LinuxTSPlus25_Bancos3_BR25_clone2904_clone070525-BKPAUTCITEL-20250523-0030
2025-05-23 00:30:14,316 - INFO - 
🔍 Processando block volume: LinuxTSPlus1_Banco3LinuxTSPlus1_clone2904_clone070525
2025-05-23 00:30:14,440 - WARNING - ⚠️ Tentativa 1: Limite de requisições. Aguardando 5s...
2025-05-23 00:30:21,128 - INFO - ✅ Backup criado: BlockBackup-LinuxTSPlus1_Banco3LinuxTSPlus1_clone2904_clone070525-BKPAUTCITEL-20250523-0030
2025-05-23 00:30:21,651 - INFO - 
🔍 Processando block volume: LinuxTSPlus1_Bancos4_BR01_clone2904_clone070525
2025-05-23 00:30:21,920 - INFO - ✅ Backup criado: BlockBackup-LinuxTSPlus1_Bancos4_BR01_clone2904_clone070525-BKPAUTCITEL-20250523-0030
2025-05-23 00:30:22,445 - INFO - 
🔍 Processando block volume: LinuxTSPlus1_Bancos5_BR1_clone2904_clone070525
2025-05-23 00:30:22,568 - WARNING - ⚠️ Tentativa 1: Limite de requisições. Aguardando 5s...
2025-05-23 00:30:31,949 - INFO - ✅ Backup criado: BlockBackup-LinuxTSPlus1_Bancos5_BR1_clone2904_clone070525-BKPAUTCITEL-20250523-0030
2025-05-23 00:30:32,469 - INFO - 
🔍 Processando block volume: LinuxTSPlus1_blockvolume_clone2904_clone070525
2025-05-23 00:30:32,759 - INFO - ✅ Backup criado: BlockBackup-LinuxTSPlus1_blockvolume_clone2904_clone070525-BKPAUTCITEL-20250523-0030
2025-05-23 00:30:33,278 - INFO - 
🔍 Processando block volume: Banco2-LinuxData013_clone070525
2025-05-23 00:30:33,675 - INFO - ✅ Backup criado: BlockBackup-Banco2-LinuxData013_clone070525-BKPAUTCITEL-20250523-0030
2025-05-23 00:30:34,213 - INFO - 
🔍 Processando block volume: Banco3-LinuxData013_clone070525
2025-05-23 00:30:34,480 - INFO - ✅ Backup criado: BlockBackup-Banco3-LinuxData013_clone070525-BKPAUTCITEL-20250523-0030
2025-05-23 00:30:35,011 - INFO - 
🔍 Processando block volume: Banco1-LinuxData013_clone070525
2025-05-23 00:30:35,133 - WARNING - ⚠️ Tentativa 1: Limite de requisições. Aguardando 5s...
2025-05-23 00:30:42,157 - INFO - ✅ Backup criado: BlockBackup-Banco1-LinuxData013_clone070525-BKPAUTCITEL-20250523-0030
2025-05-23 00:30:42,685 - INFO - 
🔍 Processando block volume: LinuxTSPlus14_BackupCoresVivas TKT 902822_clone2904_clone070525
2025-05-23 00:30:42,807 - WARNING - ⚠️ Tentativa 1: Limite de requisições. Aguardando 5s...
2025-05-23 00:30:48,457 - WARNING - ⚠️ Tentativa 2: Limite de requisições. Aguardando 10s...
2025-05-23 00:31:02,748 - INFO - ✅ Backup criado: BlockBackup-LinuxTSPlus14_BackupCoresVivas TKT 902822_clone2904_clone070525-BKPAUTCITEL-20250523-0030
2025-05-23 00:31:03,276 - INFO - 
🔍 Processando block volume: LinuxTSPlus14_Banco2LinuxTSPlus14_clone2904_clone070525
2025-05-23 00:31:03,637 - INFO - ✅ Backup criado: BlockBackup-LinuxTSPlus14_Banco2LinuxTSPlus14_clone2904_clone070525-BKPAUTCITEL-20250523-0031
2025-05-23 00:31:04,159 - INFO - 
🔍 Processando block volume: LinuxTSPlus9-Banco1LinuxTSPlus9-clone2904_clone070525
2025-05-23 00:31:04,447 - INFO - ✅ Backup criado: BlockBackup-LinuxTSPlus9-Banco1LinuxTSPlus9-clone2904_clone070525-BKPAUTCITEL-20250523-0031
2025-05-23 00:31:04,968 - INFO - 
🔍 Processando block volume: LinuxTSPlus9-Banco3LinuxTSPlus9-clone2904_clone070525
2025-05-23 00:31:05,091 - WARNING - ⚠️ Tentativa 1: Limite de requisições. Aguardando 5s...
2025-05-23 00:31:11,129 - INFO - ✅ Backup criado: BlockBackup-LinuxTSPlus9-Banco3LinuxTSPlus9-clone2904_clone070525-BKPAUTCITEL-20250523-0031
2025-05-23 00:31:11,657 - INFO - 
🔍 Processando block volume: LinuxTSPlus14_BancoUbertintasTSPlus14_clone2904_clone070525
2025-05-23 00:31:11,780 - WARNING - ⚠️ Tentativa 1: Limite de requisições. Aguardando 5s...
2025-05-23 00:31:22,437 - INFO - ✅ Backup criado: BlockBackup-LinuxTSPlus14_BancoUbertintasTSPlus14_clone2904_clone070525-BKPAUTCITEL-20250523-0031
2025-05-23 00:31:22,958 - INFO - 
🔍 Processando block volume: LinuxTSPlus9-Bancos4_BR9-clone2904_clone070525
2025-05-23 00:31:23,080 - WARNING - ⚠️ Tentativa 1: Limite de requisições. Aguardando 5s...
2025-05-23 00:31:33,687 - INFO - ✅ Backup criado: BlockBackup-LinuxTSPlus9-Bancos4_BR9-clone2904_clone070525-BKPAUTCITEL-20250523-0031
2025-05-23 00:31:34,211 - INFO - 
🔍 Processando block volume: LinuxTSPlus8-Banco1LinuxTSPlus8-clone2904_clone070525
2025-05-23 00:31:34,532 - INFO - ✅ Backup criado: BlockBackup-LinuxTSPlus8-Banco1LinuxTSPlus8-clone2904_clone070525-BKPAUTCITEL-20250523-0031
2025-05-23 00:31:35,082 - INFO - 
🔍 Processando block volume: LinuxTSPlus8-Banco3LinuxTSPlus8-clone2904_clone070525
2025-05-23 00:31:35,340 - INFO - ✅ Backup criado: BlockBackup-LinuxTSPlus8-Banco3LinuxTSPlus8-clone2904_clone070525-BKPAUTCITEL-20250523-0031
2025-05-23 00:31:35,888 - INFO - 
🔍 Processando block volume: LinuxTSPlus16_Banco1LinuxTSPlus16_clone2904_clone070525
2025-05-23 00:31:36,208 - INFO - ✅ Backup criado: BlockBackup-LinuxTSPlus16_Banco1LinuxTSPlus16_clone2904_clone070525-BKPAUTCITEL-20250523-0031
2025-05-23 00:31:36,741 - INFO - 
🔍 Processando block volume: LinuxTSPlus16_Banco2LinuxTSPlus16_clone2904_clone070525
2025-05-23 00:31:36,864 - WARNING - ⚠️ Tentativa 1: Limite de requisições. Aguardando 5s...
2025-05-23 00:31:44,892 - INFO - ✅ Backup criado: BlockBackup-LinuxTSPlus16_Banco2LinuxTSPlus16_clone2904_clone070525-BKPAUTCITEL-20250523-0031
2025-05-23 00:31:45,417 - INFO - 
🔍 Processando block volume: LinuxTSPlus7-Banco2LinuxTSPlus7-block-clone2904_clone070525
2025-05-23 00:31:45,748 - INFO - ✅ Backup criado: BlockBackup-LinuxTSPlus7-Banco2LinuxTSPlus7-block-clone2904_clone070525-BKPAUTCITEL-20250523-0031
2025-05-23 00:31:46,280 - INFO - 
🔍 Processando block volume: LinuxTSPlus7-Banco3LinuxTSPlus7-block-clone2904_clone070525
2025-05-23 00:31:46,403 - WARNING - ⚠️ Tentativa 1: Limite de requisições. Aguardando 5s...
2025-05-23 00:31:56,130 - INFO - ✅ Backup criado: BlockBackup-LinuxTSPlus7-Banco3LinuxTSPlus7-block-clone2904_clone070525-BKPAUTCITEL-20250523-0031
2025-05-23 00:31:56,652 - INFO - 
🔍 Processando block volume: LinuxTSPlus7-Banco3_BR7-block-clone2904_clone070525
2025-05-23 00:31:56,930 - INFO - ✅ Backup criado: BlockBackup-LinuxTSPlus7-Banco3_BR7-block-clone2904_clone070525-BKPAUTCITEL-20250523-0031
2025-05-23 00:31:57,468 - INFO - 
🔍 Processando block volume: LinuxTSPlus17_Banco2LinuxTSPlus17_clone2904_clone070525
2025-05-23 00:31:57,765 - INFO - ✅ Backup criado: BlockBackup-LinuxTSPlus17_Banco2LinuxTSPlus17_clone2904_clone070525-BKPAUTCITEL-20250523-0031
2025-05-23 00:31:58,284 - INFO - 
🔍 Processando block volume: LinuxTSPlus17_BancoPRODBelaTintas_clone2904_clone070525
2025-05-23 00:31:58,406 - WARNING - ⚠️ Tentativa 1: Limite de requisições. Aguardando 5s...
2025-05-23 00:32:07,977 - INFO - ✅ Backup criado: BlockBackup-LinuxTSPlus17_BancoPRODBelaTintas_clone2904_clone070525-BKPAUTCITEL-20250523-0031
2025-05-23 00:32:08,500 - INFO - 
🔍 Processando block volume: LinuxTSPlus17_HD5-LinuxDBAs_clone2904_clone070525
2025-05-23 00:32:08,622 - WARNING - ⚠️ Tentativa 1: Limite de requisições. Aguardando 5s...
2025-05-23 00:32:16,411 - WARNING - ⚠️ Tentativa 2: Limite de requisições. Aguardando 10s...
2025-05-23 00:32:29,963 - WARNING - ⚠️ Tentativa 3: Limite de requisições. Aguardando 20s...
2025-05-23 00:32:52,712 - INFO - ✅ Backup criado: BlockBackup-LinuxTSPlus17_HD5-LinuxDBAs_clone2904_clone070525-BKPAUTCITEL-20250523-0032
2025-05-23 00:32:53,280 - INFO - 
🔍 Processando block volume: LinuxTSPlus6-Banco3LinuxTSPlus6-block-clone2904_clone070525
2025-05-23 00:32:53,558 - INFO - ✅ Backup criado: BlockBackup-LinuxTSPlus6-Banco3LinuxTSPlus6-block-clone2904_clone070525-BKPAUTCITEL-20250523-0032
2025-05-23 00:32:54,086 - INFO - 
🔍 Processando block volume: LinuxTSPlus6-Banco4LinuxTSPlus6-block-clone2904_clone070525
2025-05-23 00:32:54,407 - INFO - ✅ Backup criado: BlockBackup-LinuxTSPlus6-Banco4LinuxTSPlus6-block-clone2904_clone070525-BKPAUTCITEL-20250523-0032
2025-05-23 00:32:54,936 - INFO - 
🔍 Processando block volume: LinuxTSPlus18-Banco1LinuxTSPlus18-block-2904_clone070525
2025-05-23 00:32:55,222 - INFO - ✅ Backup criado: BlockBackup-LinuxTSPlus18-Banco1LinuxTSPlus18-block-2904_clone070525-BKPAUTCITEL-20250523-0032
2025-05-23 00:32:55,759 - INFO - 
🔍 Processando block volume: LinuxTSPlus18-Banco2LinuxTSPlus18-block-2904_clone070525
2025-05-23 00:32:55,882 - WARNING - ⚠️ Tentativa 1: Limite de requisições. Aguardando 5s...
2025-05-23 00:33:03,101 - INFO - ✅ Backup criado: BlockBackup-LinuxTSPlus18-Banco2LinuxTSPlus18-block-2904_clone070525-BKPAUTCITEL-20250523-0032
2025-05-23 00:33:03,626 - INFO - 
🔍 Processando block volume: LinuxTSPlus18-Bancos4_BR18-block-2904_clone070525
2025-05-23 00:33:03,912 - INFO - ✅ Backup criado: BlockBackup-LinuxTSPlus18-Bancos4_BR18-block-2904_clone070525-BKPAUTCITEL-20250523-0033
2025-05-23 00:33:04,442 - INFO - 
🔍 Processando block volume: LinuxTsplus59-Banco2Linux59-block-clone2904_clone070525
2025-05-23 00:33:04,746 - INFO - ✅ Backup criado: BlockBackup-LinuxTsplus59-Banco2Linux59-block-clone2904_clone070525-BKPAUTCITEL-20250523-0033
2025-05-23 00:33:05,276 - INFO - 
🔍 Processando block volume: LinuxTsplus59-BancoLinux59-block-clone2904_clone070525
2025-05-23 00:33:05,591 - INFO - ✅ Backup criado: BlockBackup-LinuxTsplus59-BancoLinux59-block-clone2904_clone070525-BKPAUTCITEL-20250523-0033
2025-05-23 00:33:06,125 - INFO - 
🔍 Processando block volume: LinuxTSPlus19_Banco1LinuxTSPlus19_clone2904_clone070525
2025-05-23 00:33:06,407 - INFO - ✅ Backup criado: BlockBackup-LinuxTSPlus19_Banco1LinuxTSPlus19_clone2904_clone070525-BKPAUTCITEL-20250523-0033
2025-05-23 00:33:06,932 - INFO - 
🔍 Processando block volume: LinuxTSPlus19_Banco3LinuxTSPlus19_clone2904_clone070525
2025-05-23 00:33:07,236 - INFO - ✅ Backup criado: BlockBackup-LinuxTSPlus19_Banco3LinuxTSPlus19_clone2904_clone070525-BKPAUTCITEL-20250523-0033
2025-05-23 00:33:07,754 - INFO - 
🔍 Processando block volume: LinuxTSPlus20_Banco1LinuxTSPlus20_clone2904_clone070525
2025-05-23 00:33:08,077 - INFO - ✅ Backup criado: BlockBackup-LinuxTSPlus20_Banco1LinuxTSPlus20_clone2904_clone070525-BKPAUTCITEL-20250523-0033
2025-05-23 00:33:08,604 - INFO - 
🔍 Processando block volume: LinuxTSPlus20_Banco2LinuxTSPlus20_clone2904_clone070525
2025-05-23 00:33:08,952 - INFO - ✅ Backup criado: BlockBackup-LinuxTSPlus20_Banco2LinuxTSPlus20_clone2904_clone070525-BKPAUTCITEL-20250523-0033
2025-05-23 00:33:09,474 - INFO - 
🔍 Processando block volume: LinuxTSPlus20_Banco3_BR20_clone2904_clone070525
2025-05-23 00:33:09,597 - WARNING - ⚠️ Tentativa 1: Limite de requisições. Aguardando 5s...
2025-05-23 00:33:18,203 - INFO - ✅ Backup criado: BlockBackup-LinuxTSPlus20_Banco3_BR20_clone2904_clone070525-BKPAUTCITEL-20250523-0033
2025-05-23 00:33:18,732 - INFO - 
🔍 Processando block volume: LinuxTSPlus20_Banco4LinuxTSPlus20_clone2904_clone070525
2025-05-23 00:33:18,854 - WARNING - ⚠️ Tentativa 1: Limite de requisições. Aguardando 5s...
2025-05-23 00:33:27,592 - INFO - ✅ Backup criado: BlockBackup-LinuxTSPlus20_Banco4LinuxTSPlus20_clone2904_clone070525-BKPAUTCITEL-20250523-0033
2025-05-23 00:33:28,125 - INFO - 
🔍 Processando block volume: LinuxTSPlus5-Banco3LinuxBR5-block-clone2904_clone070525
2025-05-23 00:33:28,248 - WARNING - ⚠️ Tentativa 1: Limite de requisições. Aguardando 5s...
2025-05-23 00:33:37,278 - INFO - ✅ Backup criado: BlockBackup-LinuxTSPlus5-Banco3LinuxBR5-block-clone2904_clone070525-BKPAUTCITEL-20250523-0033
2025-05-23 00:33:37,798 - INFO - 
🔍 Processando block volume: LinuxTSPlus5-Banco2LinuxBR5-block-clone2904_clone070525
2025-05-23 00:33:37,923 - WARNING - ⚠️ Tentativa 1: Limite de requisições. Aguardando 5s...
2025-05-23 00:33:45,171 - WARNING - ⚠️ Tentativa 2: Limite de requisições. Aguardando 10s...
2025-05-23 00:33:59,088 - INFO - ✅ Backup criado: BlockBackup-LinuxTSPlus5-Banco2LinuxBR5-block-clone2904_clone070525-BKPAUTCITEL-20250523-0033
2025-05-23 00:33:59,645 - INFO - 
🔍 Processando block volume: Banco1-LinuxData004_clone070525
2025-05-23 00:33:59,935 - INFO - ✅ Backup criado: BlockBackup-Banco1-LinuxData004_clone070525-BKPAUTCITEL-20250523-0033
2025-05-23 00:34:00,474 - INFO - 
🔍 Processando block volume: Banco2-LinuxData004_clone070525
2025-05-23 00:34:00,597 - WARNING - ⚠️ Tentativa 1: Limite de requisições. Aguardando 5s...
2025-05-23 00:34:10,769 - INFO - ✅ Backup criado: BlockBackup-Banco2-LinuxData004_clone070525-BKPAUTCITEL-20250523-0034
2025-05-23 00:34:11,288 - INFO - 
🔍 Processando block volume: Banco3-LinuxData004_clone070525
2025-05-23 00:34:11,634 - INFO - ✅ Backup criado: BlockBackup-Banco3-LinuxData004_clone070525-BKPAUTCITEL-20250523-0034
2025-05-23 00:34:12,143 - INFO - 
🔍 Processando block volume: LinuxTSPlus48-block-Restore_clone070525
2025-05-23 00:34:12,265 - WARNING - ⚠️ Tentativa 1: Limite de requisições. Aguardando 5s...
2025-05-23 00:34:18,400 - INFO - ✅ Backup criado: BlockBackup-LinuxTSPlus48-block-Restore_clone070525-BKPAUTCITEL-20250523-0034
2025-05-23 00:34:18,923 - INFO - 
🔍 Processando block volume: LinuxData007-Banco4_clone070525
2025-05-23 00:34:19,190 - INFO - ✅ Backup criado: BlockBackup-LinuxData007-Banco4_clone070525-BKPAUTCITEL-20250523-0034
2025-05-23 00:34:19,714 - INFO - 
🔍 Processando block volume: Banco2LinuxBR21-Restore_clone070525
2025-05-23 00:34:20,013 - INFO - ✅ Backup criado: BlockBackup-Banco2LinuxBR21-Restore_clone070525-BKPAUTCITEL-20250523-0034
2025-05-23 00:34:20,540 - INFO - 
🔍 Processando block volume: LinuxTSPlus41-block-Restore_clone070525
2025-05-23 00:34:20,663 - WARNING - ⚠️ Tentativa 1: Limite de requisições. Aguardando 5s...
2025-05-23 00:34:29,795 - INFO - ✅ Backup criado: BlockBackup-LinuxTSPlus41-block-Restore_clone070525-BKPAUTCITEL-20250523-0034
2025-05-23 00:34:30,317 - INFO - 
🔍 Processando block volume: Banco1LinuxTSPlus26-Restore_clone070525
2025-05-23 00:34:30,595 - INFO - ✅ Backup criado: BlockBackup-Banco1LinuxTSPlus26-Restore_clone070525-BKPAUTCITEL-20250523-0034
2025-05-23 00:34:31,118 - INFO - 
🔍 Processando block volume: LinuxTSPlus36-block-Restore_clone070525
2025-05-23 00:34:31,240 - WARNING - ⚠️ Tentativa 1: Limite de requisições. Aguardando 5s...
2025-05-23 00:34:37,585 - INFO - ✅ Backup criado: BlockBackup-LinuxTSPlus36-block-Restore_clone070525-BKPAUTCITEL-20250523-0034
2025-05-23 00:34:38,110 - INFO - 
🔍 Processando block volume: LinuxTSPlus34-Bancos3_BR34-backup-Restore_clone070525
2025-05-23 00:34:38,233 - WARNING - ⚠️ Tentativa 1: Limite de requisições. Aguardando 5s...
2025-05-23 00:34:44,923 - INFO - ✅ Backup criado: BlockBackup-LinuxTSPlus34-Bancos3_BR34-backup-Restore_clone070525-BKPAUTCITEL-20250523-0034
2025-05-23 00:34:45,451 - INFO - 
🔍 Processando block volume: LinuxTSPlus34-Bancos2_BR34-backup-Restore_clone070525
2025-05-23 00:34:45,574 - WARNING - ⚠️ Tentativa 1: Limite de requisições. Aguardando 5s...
2025-05-23 00:34:51,818 - WARNING - ⚠️ Tentativa 2: Limite de requisições. Aguardando 10s...
2025-05-23 00:35:07,139 - INFO - ✅ Backup criado: BlockBackup-LinuxTSPlus34-Bancos2_BR34-backup-Restore_clone070525-BKPAUTCITEL-20250523-0034
2025-05-23 00:35:07,675 - INFO - 
🔍 Processando block volume: Banco1LinuxTSPLUS33-Restore_clone070525
2025-05-23 00:35:07,824 - WARNING - ⚠️ Tentativa 1: Limite de requisições. Aguardando 5s...
2025-05-23 00:35:17,805 - INFO - ✅ Backup criado: BlockBackup-Banco1LinuxTSPLUS33-Restore_clone070525-BKPAUTCITEL-20250523-0035
2025-05-23 00:35:18,334 - INFO - 
🔍 Processando block volume: Banco2BR33-Restore_clone070525
2025-05-23 00:35:18,598 - INFO - ✅ Backup criado: BlockBackup-Banco2BR33-Restore_clone070525-BKPAUTCITEL-20250523-0035
2025-05-23 00:35:19,119 - INFO - 
🔍 Processando block volume: LinuxTSPlus34-Banco1LinuxTSPLUS34-backup-Restore_clone070525
2025-05-23 00:35:19,392 - INFO - ✅ Backup criado: BlockBackup-LinuxTSPlus34-Banco1LinuxTSPLUS34-backup-Restore_clone070525-BKPAUTCITEL-20250523-0035
2025-05-23 00:35:19,955 - INFO - 
🔍 Processando block volume: LinuxTSPlus1-Restore1_clone070525
2025-05-23 00:35:20,237 - INFO - ✅ Backup criado: BlockBackup-LinuxTSPlus1-Restore1_clone070525-BKPAUTCITEL-20250523-0035
2025-05-23 00:35:20,756 - INFO - 
🔍 Processando block volume: Bancos5_BR1-Restore2_clone070525
2025-05-23 00:35:21,054 - INFO - ✅ Backup criado: BlockBackup-Bancos5_BR1-Restore2_clone070525-BKPAUTCITEL-20250523-0035
2025-05-23 00:35:21,606 - INFO - 
🔍 Processando block volume: Bancos4_BR01-Restore3_clone070525
2025-05-23 00:35:21,926 - INFO - ✅ Backup criado: BlockBackup-Bancos4_BR01-Restore3_clone070525-BKPAUTCITEL-20250523-0035
2025-05-23 00:35:22,454 - INFO - 
🔍 Processando block volume: Banco3LinuxTSPlus1-Restore4_clone070525
2025-05-23 00:35:22,577 - WARNING - ⚠️ Tentativa 1: Limite de requisições. Aguardando 5s...
2025-05-23 00:35:32,329 - INFO - ✅ Backup criado: BlockBackup-Banco3LinuxTSPlus1-Restore4_clone070525-BKPAUTCITEL-20250523-0035
2025-05-23 00:35:32,849 - INFO - 
🔍 Processando block volume: Banco1LinuxTSPlus24-Restore_clone070525
2025-05-23 00:35:32,971 - WARNING - ⚠️ Tentativa 1: Limite de requisições. Aguardando 5s...
2025-05-23 00:35:41,552 - WARNING - ⚠️ Tentativa 2: Limite de requisições. Aguardando 10s...
2025-05-23 00:35:54,394 - INFO - ✅ Backup criado: BlockBackup-Banco1LinuxTSPlus24-Restore_clone070525-BKPAUTCITEL-20250523-0035
2025-05-23 00:35:54,917 - INFO - 
🔍 Processando block volume: Banco1LinuxTSPlus22-Restore_clone070525
2025-05-23 00:35:55,192 - INFO - ✅ Backup criado: BlockBackup-Banco1LinuxTSPlus22-Restore_clone070525-BKPAUTCITEL-20250523-0035
2025-05-23 00:35:55,717 - INFO - 
🔍 Processando block volume: Banco3LinuxTSPlus22-Restore_clone070525
2025-05-23 00:35:55,841 - WARNING - ⚠️ Tentativa 1: Limite de requisições. Aguardando 5s...
2025-05-23 00:36:05,794 - WARNING - ⚠️ Tentativa 2: Limite de requisições. Aguardando 10s...
2025-05-23 00:36:18,910 - WARNING - ⚠️ Tentativa 3: Limite de requisições. Aguardando 20s...
2025-05-23 00:36:39,986 - INFO - ✅ Backup criado: BlockBackup-Banco3LinuxTSPlus22-Restore_clone070525-BKPAUTCITEL-20250523-0035
2025-05-23 00:36:40,509 - INFO - 
🔍 Processando block volume: Banco2LinuxTSPlus22-Restore_clone070525
2025-05-23 00:36:40,774 - INFO - ✅ Backup criado: BlockBackup-Banco2LinuxTSPlus22-Restore_clone070525-BKPAUTCITEL-20250523-0036
2025-05-23 00:36:41,304 - INFO - 
🔍 Processando block volume: LinuxData010-PalacioTKT651385_clone070525
2025-05-23 00:36:41,627 - INFO - ✅ Backup criado: BlockBackup-LinuxData010-PalacioTKT651385_clone070525-BKPAUTCITEL-20250523-0036
2025-05-23 00:36:42,135 - INFO - 
🔍 Processando block volume: LinuxData010-Banco4_clone070525
2025-05-23 00:36:42,257 - WARNING - ⚠️ Tentativa 1: Limite de requisições. Aguardando 5s...
2025-05-23 00:36:51,070 - INFO - ✅ Backup criado: BlockBackup-LinuxData010-Banco4_clone070525-BKPAUTCITEL-20250523-0036
2025-05-23 00:36:51,590 - INFO - 
🔍 Processando block volume: LinuxData010-Banco5_clone070525
2025-05-23 00:36:51,910 - INFO - ✅ Backup criado: BlockBackup-LinuxData010-Banco5_clone070525-BKPAUTCITEL-20250523-0036
2025-05-23 00:36:52,448 - INFO - 
🔍 Processando block volume: LinuxData010-GeB_clone070525
2025-05-23 00:36:52,724 - INFO - ✅ Backup criado: BlockBackup-LinuxData010-GeB_clone070525-BKPAUTCITEL-20250523-0036
2025-05-23 00:36:53,254 - INFO - 
🔍 Processando block volume: Banco3LinuxTSPlus1-Restore4_copy_30-04-2025_clone070525
2025-05-23 00:36:53,377 - WARNING - ⚠️ Tentativa 1: Limite de requisições. Aguardando 5s...
2025-05-23 00:37:02,604 - INFO - ✅ Backup criado: BlockBackup-Banco3LinuxTSPlus1-Restore4_copy_30-04-2025_clone070525-BKPAUTCITEL-20250523-0036
2025-05-23 00:37:03,141 - INFO - 
🔍 Processando block volume: Bancos5_BR1-Restore2_Copu_30-04-2025_clone070525
2025-05-23 00:37:03,266 - WARNING - ⚠️ Tentativa 1: Limite de requisições. Aguardando 5s...
2025-05-23 00:37:11,239 - WARNING - ⚠️ Tentativa 2: Limite de requisições. Aguardando 10s...
2025-05-23 00:37:23,669 - WARNING - ⚠️ Tentativa 3: Limite de requisições. Aguardando 20s...
2025-05-23 00:37:44,943 - INFO - ✅ Backup criado: BlockBackup-Bancos5_BR1-Restore2_Copu_30-04-2025_clone070525-BKPAUTCITEL-20250523-0037
2025-05-23 00:37:45,474 - INFO - 
🔍 Processando block volume: LinuxTSPlus1-Restore1_Copy_30-04-2025_clone070525
2025-05-23 00:37:46,111 - INFO - ✅ Backup criado: BlockBackup-LinuxTSPlus1-Restore1_Copy_30-04-2025_clone070525-BKPAUTCITEL-20250523-0037
2025-05-23 00:37:46,637 - INFO - 
🔍 Processando block volume: Bancos4_BR01-Restore3_Copy_30-04-2025_clone070525
2025-05-23 00:37:46,917 - INFO - ✅ Backup criado: BlockBackup-Bancos4_BR01-Restore3_Copy_30-04-2025_clone070525-BKPAUTCITEL-20250523-0037
2025-05-23 00:37:47,442 - INFO - 
🔍 Processando block volume: Banco1LinuxTSPlus2_Copy_30-04-2025_clone070525
2025-05-23 00:37:47,734 - INFO - ✅ Backup criado: BlockBackup-Banco1LinuxTSPlus2_Copy_30-04-2025_clone070525-BKPAUTCITEL-20250523-0037
2025-05-23 00:37:48,255 - INFO - 
🔍 Processando block volume: Banco_PalacioFerramentas_Copy_30-04-2025_clone070525
2025-05-23 00:37:48,563 - INFO - ✅ Backup criado: BlockBackup-Banco_PalacioFerramentas_Copy_30-04-2025_clone070525-BKPAUTCITEL-20250523-0037
2025-05-23 00:37:49,122 - INFO - 
🔍 Processando block volume: LinuxData002_Bancos2_BR02_Copy_30-04-2025_clone070525
2025-05-23 00:37:49,420 - INFO - ✅ Backup criado: BlockBackup-LinuxData002_Bancos2_BR02_Copy_30-04-2025_clone070525-BKPAUTCITEL-20250523-0037
2025-05-23 00:37:49,940 - INFO - 
🔍 Processando block volume: LinuxData020-Banco3_BR20_clone070525
2025-05-23 00:37:50,062 - WARNING - ⚠️ Tentativa 1: Limite de requisições. Aguardando 5s...
2025-05-23 00:37:56,670 - INFO - ✅ Backup criado: BlockBackup-LinuxData020-Banco3_BR20_clone070525-BKPAUTCITEL-20250523-0037
2025-05-23 00:37:57,189 - INFO - 
🔍 Processando block volume: Banco3_BR20-RESTORE_FILES_clone070525
2025-05-23 00:37:57,311 - WARNING - ⚠️ Tentativa 1: Limite de requisições. Aguardando 5s...
2025-05-23 00:38:07,610 - INFO - ✅ Backup criado: BlockBackup-Banco3_BR20-RESTORE_FILES_clone070525-BKPAUTCITEL-20250523-0037
2025-05-23 00:38:08,144 - INFO - 
🔍 Processando block volume: LinuxData030_clone06052025_clone070525
2025-05-23 00:38:08,421 - INFO - ✅ Backup criado: BlockBackup-LinuxData030_clone06052025_clone070525-BKPAUTCITEL-20250523-0038
2025-05-23 00:38:08,981 - INFO - 
🔍 Processando block volume: LinuxDataBelaTintas_Replica
2025-05-23 00:38:09,104 - WARNING - ⚠️ Tentativa 1: Limite de requisições. Aguardando 5s...
2025-05-23 00:38:16,173 - WARNING - ⚠️ Tentativa 2: Limite de requisições. Aguardando 10s...
2025-05-23 00:38:31,775 - INFO - ✅ Backup criado: BlockBackup-LinuxDataBelaTintas_Replica-BKPAUTCITEL-20250523-0038
2025-05-23 00:38:32,293 - INFO - 
🔍 Processando block volume: Banco3LinuxTSPlus1-Replica
2025-05-23 00:38:32,595 - INFO - ✅ Backup criado: BlockBackup-Banco3LinuxTSPlus1-Replica-BKPAUTCITEL-20250523-0038
2025-05-23 00:38:33,140 - INFO - 
🔍 Processando block volume: Bancos4_BR01-Replica
2025-05-23 00:38:33,264 - WARNING - ⚠️ Tentativa 1: Limite de requisições. Aguardando 5s...
2025-05-23 00:38:42,089 - INFO - ✅ Backup criado: BlockBackup-Bancos4_BR01-Replica-BKPAUTCITEL-20250523-0038
2025-05-23 00:38:42,614 - INFO - 
🔍 Processando block volume: Bancos5_BR1-Replica
2025-05-23 00:38:42,737 - WARNING - ⚠️ Tentativa 1: Limite de requisições. Aguardando 5s...
2025-05-23 00:38:51,398 - INFO - ✅ Backup criado: BlockBackup-Bancos5_BR1-Replica-BKPAUTCITEL-20250523-0038
2025-05-23 00:38:51,914 - INFO - 
🔍 Processando block volume: LinuxTSPlus1-Replica
2025-05-23 00:38:52,201 - INFO - ✅ Backup criado: BlockBackup-LinuxTSPlus1-Replica-BKPAUTCITEL-20250523-0038
2025-05-23 00:38:52,719 - INFO - 
🔍 Processando block volume: Banco1-LinuxData004_Replica-Teste
2025-05-23 00:38:52,842 - WARNING - ⚠️ Tentativa 1: Limite de requisições. Aguardando 5s...
2025-05-23 00:39:00,320 - WARNING - ⚠️ Tentativa 2: Limite de requisições. Aguardando 10s...
2025-05-23 00:39:12,769 - INFO - ✅ Backup criado: BlockBackup-Banco1-LinuxData004_Replica-Teste-BKPAUTCITEL-20250523-0038
2025-05-23 00:39:13,296 - INFO - 
✅ Execução concluída com sucesso
