2025-05-23 00:08:33,450 - INFO - 
🔍 Processando boot volume: LinuxTSPlus20
2025-05-23 00:08:33,817 - INFO - ✅ Backup criado: BootBackup-LinuxTSPlus20-BKPAUTCITEL-20250523-0008
2025-05-23 00:08:34,568 - INFO - 
🔍 Processando boot volume: LinuxTSPlus25
2025-05-23 00:08:35,217 - INFO - ✅ Backup criado: BootBackup-LinuxTSPlus25-BKPAUTCITEL-20250523-0008
2025-05-23 00:08:35,932 - INFO - 
🔍 Processando boot volume: LinuxTSPlus1
2025-05-23 00:08:36,638 - INFO - ✅ Backup criado: BootBackup-LinuxTSPlus1-BKPAUTCITEL-20250523-0008
2025-05-23 00:08:37,313 - INFO - 
🔍 Processando boot volume: LinuxTSPlus2
2025-05-23 00:08:37,619 - INFO - ✅ Backup criado: BootBackup-LinuxTSPlus2-BKPAUTCITEL-20250523-0008
2025-05-23 00:08:38,283 - INFO - 
🔍 Processando boot volume: LinuxTSPlus4
2025-05-23 00:08:38,585 - INFO - ✅ Backup criado: BootBackup-LinuxTSPlus4-BKPAUTCITEL-20250523-0008
2025-05-23 00:08:39,229 - INFO - 
🔍 Processando boot volume: LinuxTSPlus6
2025-05-23 00:08:39,354 - WARNING - ⚠️ Tentativa 1: Limite de requisições. Aguardando 1s...
2025-05-23 00:08:41,252 - INFO - ✅ Backup criado: BootBackup-LinuxTSPlus6-BKPAUTCITEL-20250523-0008
2025-05-23 00:08:41,961 - INFO - 
🔍 Processando boot volume: LinuxTSPlus30
2025-05-23 00:08:42,240 - INFO - ✅ Backup criado: BootBackup-LinuxTSPlus30-BKPAUTCITEL-20250523-0008
2025-05-23 00:08:42,874 - INFO - 
🔍 Processando boot volume: Temp-Subida_G_e_B (Boot Volume)
2025-05-23 00:08:42,997 - WARNING - ⚠️ Tentativa 1: Limite de requisições. Aguardando 1s...
2025-05-23 00:08:49,139 - INFO - ✅ Backup criado: BootBackup-Temp-Subida_G_e_B (Boot Volume)-BKPAUTCITEL-20250523-0008
2025-05-23 00:08:49,817 - INFO - 
🔍 Processando boot volume: Banco_BelaTintas (Boot Volume)
2025-05-23 00:08:49,957 - WARNING - ⚠️ Tentativa 1: Limite de requisições. Aguardando 1s...
2025-05-23 00:08:54,268 - INFO - ✅ Backup criado: BootBackup-Banco_BelaTintas (Boot Volume)-BKPAUTCITEL-20250523-0008
2025-05-23 00:08:54,864 - INFO - 
🔍 Processando boot volume: Banco_BelaTintas_clone29042025
2025-05-23 00:08:54,986 - WARNING - ⚠️ Tentativa 1: Limite de requisições. Aguardando 1s...
2025-05-23 00:09:01,027 - INFO - ✅ Backup criado: BootBackup-Banco_BelaTintas_clone29042025-BKPAUTCITEL-20250523-0008
2025-05-23 00:09:01,679 - INFO - 
🔍 Processando boot volume: LinuxTSPlus11_clone2904
2025-05-23 00:09:02,077 - INFO - ✅ Backup criado: BootBackup-LinuxTSPlus11_clone2904-BKPAUTCITEL-20250523-0009
2025-05-23 00:09:02,677 - INFO - 
🔍 Processando boot volume: LinuxTSPlus30_boot_clone2904
2025-05-23 00:09:02,967 - INFO - ✅ Backup criado: BootBackup-LinuxTSPlus30_boot_clone2904-BKPAUTCITEL-20250523-0009
2025-05-23 00:09:03,596 - INFO - 
🔍 Processando boot volume: LinuxTSPlus12_boot_clone2904
2025-05-23 00:09:03,719 - WARNING - ⚠️ Tentativa 1: Limite de requisições. Aguardando 1s...
2025-05-23 00:09:06,697 - WARNING - ⚠️ Tentativa 2: Limite de requisições. Aguardando 2s...
2025-05-23 00:09:13,025 - WARNING - ⚠️ Tentativa 3: Limite de requisições. Aguardando 4s...
2025-05-23 00:09:22,339 - WARNING - ⚠️ Tentativa 4: Limite de requisições. Aguardando 8s...
2025-05-23 00:09:35,089 - INFO - ✅ Backup criado: BootBackup-LinuxTSPlus12_boot_clone2904-BKPAUTCITEL-20250523-0009
2025-05-23 00:09:35,754 - INFO - 
🔍 Processando boot volume: LinuxTSPlus55_boot_clone2904
2025-05-23 00:09:36,093 - INFO - ✅ Backup criado: BootBackup-LinuxTSPlus55_boot_clone2904-BKPAUTCITEL-20250523-0009
2025-05-23 00:09:36,731 - INFO - 
🔍 Processando boot volume: LinuxTSPlus65_boot_clone2904
2025-05-23 00:09:37,021 - INFO - ✅ Backup criado: BootBackup-LinuxTSPlus65_boot_clone2904-BKPAUTCITEL-20250523-0009
2025-05-23 00:09:37,620 - INFO - 
🔍 Processando boot volume: LinuxTSPlus28_boot_clone2904
2025-05-23 00:09:37,929 - INFO - ✅ Backup criado: BootBackup-LinuxTSPlus28_boot_clone2904-BKPAUTCITEL-20250523-0009
2025-05-23 00:09:38,547 - INFO - 
🔍 Processando boot volume: LinuxTSPlus72_boot_clone2904
2025-05-23 00:09:38,861 - INFO - ✅ Backup criado: BootBackup-LinuxTSPlus72_boot_clone2904-BKPAUTCITEL-20250523-0009
2025-05-23 00:09:39,478 - INFO - 
🔍 Processando boot volume: LinuxTSPlus43_boot_clone2904
2025-05-23 00:09:39,827 - INFO - ✅ Backup criado: BootBackup-LinuxTSPlus43_boot_clone2904-BKPAUTCITEL-20250523-0009
2025-05-23 00:09:40,436 - INFO - 
🔍 Processando boot volume: LinuxTSPlus50_boot_clone2904
2025-05-23 00:09:40,723 - INFO - ✅ Backup criado: BootBackup-LinuxTSPlus50_boot_clone2904-BKPAUTCITEL-20250523-0009
2025-05-23 00:09:41,316 - INFO - 
🔍 Processando boot volume: LinuxTSPlus37_boot_clone2904
2025-05-23 00:09:41,617 - INFO - ✅ Backup criado: BootBackup-LinuxTSPlus37_boot_clone2904-BKPAUTCITEL-20250523-0009
2025-05-23 00:09:42,276 - INFO - 
🔍 Processando boot volume: LinuxTSPlus37_boot_clone2904
2025-05-23 00:09:42,399 - WARNING - ⚠️ Tentativa 1: Limite de requisições. Aguardando 1s...
2025-05-23 00:09:47,388 - WARNING - ⚠️ Tentativa 2: Limite de requisições. Aguardando 2s...
2025-05-23 00:09:50,486 - WARNING - ⚠️ Tentativa 3: Limite de requisições. Aguardando 4s...
2025-05-23 00:09:57,633 - WARNING - ⚠️ Tentativa 4: Limite de requisições. Aguardando 8s...
2025-05-23 00:10:06,819 - WARNING - ⚠️ Tentativa 5: Limite de requisições. Aguardando 16s...
2025-05-23 00:10:26,905 - INFO - 
🔍 Processando boot volume: LinuxTSPlus32_boot_clone2904
2025-05-23 00:10:27,216 - INFO - ✅ Backup criado: BootBackup-LinuxTSPlus32_boot_clone2904-BKPAUTCITEL-20250523-0010
2025-05-23 00:10:27,839 - INFO - 
🔍 Processando boot volume: LinuxTSPlus2_boot_clone2904
2025-05-23 00:10:28,189 - INFO - ✅ Backup criado: BootBackup-LinuxTSPlus2_boot_clone2904-BKPAUTCITEL-20250523-0010
2025-05-23 00:10:28,834 - INFO - 
🔍 Processando boot volume: LinuxTSPlus25_boot_clone2904
2025-05-23 00:10:29,199 - INFO - ✅ Backup criado: BootBackup-LinuxTSPlus25_boot_clone2904-BKPAUTCITEL-20250523-0010
2025-05-23 00:10:29,804 - INFO - 
🔍 Processando boot volume: LinuxTSPlus1_boot_clone2904
2025-05-23 00:10:30,128 - INFO - ✅ Backup criado: BootBackup-LinuxTSPlus1_boot_clone2904-BKPAUTCITEL-20250523-0010
2025-05-23 00:10:30,735 - INFO - 
🔍 Processando boot volume: LinuxTSPlus13_boot_clone2904
2025-05-23 00:10:30,857 - WARNING - ⚠️ Tentativa 1: Limite de requisições. Aguardando 1s...
2025-05-23 00:10:34,657 - INFO - ✅ Backup criado: BootBackup-LinuxTSPlus13_boot_clone2904-BKPAUTCITEL-20250523-0010
2025-05-23 00:10:35,245 - INFO - 
🔍 Processando boot volume: LinuxTSPlus14_boot_clone2904
2025-05-23 00:10:35,564 - INFO - ✅ Backup criado: BootBackup-LinuxTSPlus14_boot_clone2904-BKPAUTCITEL-20250523-0010
2025-05-23 00:10:36,170 - INFO - 
🔍 Processando boot volume: LinuxTSPlus9-boot_clone2904
2025-05-23 00:10:36,459 - INFO - ✅ Backup criado: BootBackup-LinuxTSPlus9-boot_clone2904-BKPAUTCITEL-20250523-0010
2025-05-23 00:10:37,086 - INFO - 
🔍 Processando boot volume: LinuxTSPlus16_boot_clone2904
2025-05-23 00:10:37,369 - INFO - ✅ Backup criado: BootBackup-LinuxTSPlus16_boot_clone2904-BKPAUTCITEL-20250523-0010
2025-05-23 00:10:38,045 - INFO - 
🔍 Processando boot volume: LinuxTSPlus17_boot_clone2904
2025-05-23 00:10:38,168 - WARNING - ⚠️ Tentativa 1: Limite de requisições. Aguardando 1s...
2025-05-23 00:10:43,628 - INFO - ✅ Backup criado: BootBackup-LinuxTSPlus17_boot_clone2904-BKPAUTCITEL-20250523-0010
2025-05-23 00:10:44,221 - INFO - 
🔍 Processando boot volume: LinuxTSPlus7-boot_clone2904
2025-05-23 00:10:44,344 - WARNING - ⚠️ Tentativa 1: Limite de requisições. Aguardando 1s...
2025-05-23 00:10:49,797 - WARNING - ⚠️ Tentativa 2: Limite de requisições. Aguardando 2s...
2025-05-23 00:10:55,981 - INFO - ✅ Backup criado: BootBackup-LinuxTSPlus7-boot_clone2904-BKPAUTCITEL-20250523-0010
2025-05-23 00:10:56,597 - INFO - 
🔍 Processando boot volume: LinuxTSPlus6-boot-clone2904
2025-05-23 00:10:56,888 - INFO - ✅ Backup criado: BootBackup-LinuxTSPlus6-boot-clone2904-BKPAUTCITEL-20250523-0010
2025-05-23 00:10:57,506 - INFO - 
🔍 Processando boot volume: LinuxTSPlus18-boot-clone2904
2025-05-23 00:10:57,633 - WARNING - ⚠️ Tentativa 1: Limite de requisições. Aguardando 1s...
2025-05-23 00:11:02,270 - INFO - ✅ Backup criado: BootBackup-LinuxTSPlus18-boot-clone2904-BKPAUTCITEL-20250523-0010
2025-05-23 00:11:02,876 - INFO - 
🔍 Processando boot volume: LinuxTsplus59-boot-clone2904
2025-05-23 00:11:02,999 - WARNING - ⚠️ Tentativa 1: Limite de requisições. Aguardando 1s...
2025-05-23 00:11:06,980 - INFO - ✅ Backup criado: BootBackup-LinuxTsplus59-boot-clone2904-BKPAUTCITEL-20250523-0011
2025-05-23 00:11:07,592 - INFO - 
🔍 Processando boot volume: LinuxTSPlus19_boot_clone2904
2025-05-23 00:11:07,714 - WARNING - ⚠️ Tentativa 1: Limite de requisições. Aguardando 1s...
2025-05-23 00:11:11,041 - INFO - ✅ Backup criado: BootBackup-LinuxTSPlus19_boot_clone2904-BKPAUTCITEL-20250523-0011
2025-05-23 00:11:11,656 - INFO - 
🔍 Processando boot volume: LinuxTSPlus20_boot_clone2904
2025-05-23 00:11:11,778 - WARNING - ⚠️ Tentativa 1: Limite de requisições. Aguardando 1s...
2025-05-23 00:11:14,878 - INFO - ✅ Backup criado: BootBackup-LinuxTSPlus20_boot_clone2904-BKPAUTCITEL-20250523-0011
2025-05-23 00:11:15,496 - INFO - 
🔍 Processando boot volume: Linux-checkdisks (Boot Volume)
2025-05-23 00:11:15,618 - WARNING - ⚠️ Tentativa 1: Limite de requisições. Aguardando 1s...
2025-05-23 00:11:21,758 - WARNING - ⚠️ Tentativa 2: Limite de requisições. Aguardando 2s...
2025-05-23 00:11:28,070 - WARNING - ⚠️ Tentativa 3: Limite de requisições. Aguardando 4s...
2025-05-23 00:11:37,523 - INFO - ✅ Backup criado: BootBackup-Linux-checkdisks (Boot Volume)-BKPAUTCITEL-20250523-0011
2025-05-23 00:11:38,117 - INFO - 
🔍 Processando boot volume: LinuxDataBelaTintas
2025-05-23 00:11:38,469 - INFO - ✅ Backup criado: BootBackup-LinuxDataBelaTintas-BKPAUTCITEL-20250523-0011
2025-05-23 00:11:39,081 - INFO - 
🔍 Processando boot volume: LinuxTSPlus5-boot-clone2904
2025-05-23 00:11:39,206 - WARNING - ⚠️ Tentativa 1: Limite de requisições. Aguardando 1s...
2025-05-23 00:11:45,390 - INFO - ✅ Backup criado: BootBackup-LinuxTSPlus5-boot-clone2904-BKPAUTCITEL-20250523-0011
2025-05-23 00:11:45,997 - INFO - 
🔍 Processando boot volume: LinuxData010
2025-05-23 00:11:46,297 - INFO - ✅ Backup criado: BootBackup-LinuxData010-BKPAUTCITEL-20250523-0011
2025-05-23 00:11:46,932 - INFO - 
🔍 Processando boot volume: LinuxData025
2025-05-23 00:11:47,054 - WARNING - ⚠️ Tentativa 1: Limite de requisições. Aguardando 1s...
2025-05-23 00:11:51,809 - INFO - ✅ Backup criado: BootBackup-LinuxData025-BKPAUTCITEL-20250523-0011
2025-05-23 00:11:52,411 - INFO - 
🔍 Processando boot volume: LinuxDataBelaTintas-14
2025-05-23 00:11:52,534 - WARNING - ⚠️ Tentativa 1: Limite de requisições. Aguardando 1s...
2025-05-23 00:11:56,020 - INFO - ✅ Backup criado: BootBackup-LinuxDataBelaTintas-14-BKPAUTCITEL-20250523-0011
2025-05-23 00:11:56,637 - INFO - 
🔍 Processando boot volume: LinuxData004
2025-05-23 00:11:56,762 - WARNING - ⚠️ Tentativa 1: Limite de requisições. Aguardando 1s...
2025-05-23 00:12:02,257 - WARNING - ⚠️ Tentativa 2: Limite de requisições. Aguardando 2s...
2025-05-23 00:12:08,375 - WARNING - ⚠️ Tentativa 3: Limite de requisições. Aguardando 4s...
2025-05-23 00:12:13,185 - INFO - ✅ Backup criado: BootBackup-LinuxData004-BKPAUTCITEL-20250523-0011
2025-05-23 00:12:13,789 - INFO - 
🔍 Processando boot volume: LinuxData026
2025-05-23 00:12:14,085 - INFO - ✅ Backup criado: BootBackup-LinuxData026-BKPAUTCITEL-20250523-0012
2025-05-23 00:12:14,692 - INFO - 
🔍 Processando boot volume: LinuxData005
2025-05-23 00:12:14,999 - INFO - ✅ Backup criado: BootBackup-LinuxData005-BKPAUTCITEL-20250523-0012
2025-05-23 00:12:15,615 - INFO - 
🔍 Processando boot volume: LinuxData012
2025-05-23 00:12:15,907 - INFO - ✅ Backup criado: BootBackup-LinuxData012-BKPAUTCITEL-20250523-0012
2025-05-23 00:12:16,516 - INFO - 
🔍 Processando boot volume: LinuxData006
2025-05-23 00:12:16,638 - WARNING - ⚠️ Tentativa 1: Limite de requisições. Aguardando 1s...
2025-05-23 00:12:23,220 - INFO - ✅ Backup criado: BootBackup-LinuxData006-BKPAUTCITEL-20250523-0012
2025-05-23 00:12:23,818 - INFO - 
🔍 Processando boot volume: LinuxData013
2025-05-23 00:12:23,940 - WARNING - ⚠️ Tentativa 1: Limite de requisições. Aguardando 1s...
2025-05-23 00:12:27,058 - WARNING - ⚠️ Tentativa 2: Limite de requisições. Aguardando 2s...
2025-05-23 00:12:32,135 - INFO - ✅ Backup criado: BootBackup-LinuxData013-BKPAUTCITEL-20250523-0012
2025-05-23 00:12:32,761 - INFO - 
🔍 Processando boot volume: LinuxData011
2025-05-23 00:12:33,061 - INFO - ✅ Backup criado: BootBackup-LinuxData011-BKPAUTCITEL-20250523-0012
2025-05-23 00:12:33,683 - INFO - 
🔍 Processando boot volume: LinuxData008
2025-05-23 00:12:34,026 - INFO - ✅ Backup criado: BootBackup-LinuxData008-BKPAUTCITEL-20250523-0012
2025-05-23 00:12:34,639 - INFO - 
🔍 Processando boot volume: LinuxData007
2025-05-23 00:12:34,761 - WARNING - ⚠️ Tentativa 1: Limite de requisições. Aguardando 1s...
2025-05-23 00:12:36,403 - WARNING - ⚠️ Tentativa 2: Limite de requisições. Aguardando 2s...
2025-05-23 00:12:40,407 - WARNING - ⚠️ Tentativa 3: Limite de requisições. Aguardando 4s...
2025-05-23 00:12:49,439 - INFO - ✅ Backup criado: BootBackup-LinuxData007-BKPAUTCITEL-20250523-0012
2025-05-23 00:12:50,106 - INFO - 
🔍 Processando boot volume: LinuxData055
2025-05-23 00:12:50,407 - INFO - ✅ Backup criado: BootBackup-LinuxData055-BKPAUTCITEL-20250523-0012
2025-05-23 00:12:51,028 - INFO - 
🔍 Processando boot volume: LinuxData009
2025-05-23 00:12:51,152 - WARNING - ⚠️ Tentativa 1: Limite de requisições. Aguardando 1s...
2025-05-23 00:12:56,778 - INFO - ✅ Backup criado: BootBackup-LinuxData009-BKPAUTCITEL-20250523-0012
2025-05-23 00:12:57,391 - INFO - 
🔍 Processando boot volume: LinuxData014
2025-05-23 00:12:57,514 - WARNING - ⚠️ Tentativa 1: Limite de requisições. Aguardando 1s...
2025-05-23 00:12:59,229 - WARNING - ⚠️ Tentativa 2: Limite de requisições. Aguardando 2s...
2025-05-23 00:13:02,262 - INFO - ✅ Backup criado: BootBackup-LinuxData014-BKPAUTCITEL-20250523-0012
2025-05-23 00:13:02,911 - INFO - 
🔍 Processando boot volume: LinuxData050
2025-05-23 00:13:03,034 - WARNING - ⚠️ Tentativa 1: Limite de requisições. Aguardando 1s...
2025-05-23 00:13:08,643 - INFO - ✅ Backup criado: BootBackup-LinuxData050-BKPAUTCITEL-20250523-0013
2025-05-23 00:13:09,256 - INFO - 
🔍 Processando boot volume: LinuxData018
2025-05-23 00:13:09,585 - INFO - ✅ Backup criado: BootBackup-LinuxData018-BKPAUTCITEL-20250523-0013
2025-05-23 00:13:10,182 - INFO - 
🔍 Processando boot volume: LinuxData016
2025-05-23 00:13:10,305 - WARNING - ⚠️ Tentativa 1: Limite de requisições. Aguardando 1s...
2025-05-23 00:13:15,203 - WARNING - ⚠️ Tentativa 2: Limite de requisições. Aguardando 2s...
2025-05-23 00:13:18,575 - WARNING - ⚠️ Tentativa 3: Limite de requisições. Aguardando 4s...
2025-05-23 00:13:23,646 - INFO - ✅ Backup criado: BootBackup-LinuxData016-BKPAUTCITEL-20250523-0013
2025-05-23 00:13:24,254 - INFO - 
🔍 Processando boot volume: LinuxData059
2025-05-23 00:13:24,376 - WARNING - ⚠️ Tentativa 1: Limite de requisições. Aguardando 1s...
2025-05-23 00:13:26,547 - INFO - ✅ Backup criado: BootBackup-LinuxData059-BKPAUTCITEL-20250523-0013
2025-05-23 00:13:27,158 - INFO - 
🔍 Processando boot volume: LinuxData037
2025-05-23 00:13:27,473 - INFO - ✅ Backup criado: BootBackup-LinuxData037-BKPAUTCITEL-20250523-0013
2025-05-23 00:13:28,094 - INFO - 
🔍 Processando boot volume: LinuxData036
2025-05-23 00:13:28,217 - WARNING - ⚠️ Tentativa 1: Limite de requisições. Aguardando 1s...
2025-05-23 00:13:30,026 - WARNING - ⚠️ Tentativa 2: Limite de requisições. Aguardando 2s...
2025-05-23 00:13:36,550 - INFO - ✅ Backup criado: BootBackup-LinuxData036-BKPAUTCITEL-20250523-0013
2025-05-23 00:13:37,189 - INFO - 
🔍 Processando boot volume: LinuxData017
2025-05-23 00:13:37,312 - WARNING - ⚠️ Tentativa 1: Limite de requisições. Aguardando 1s...
2025-05-23 00:13:39,293 - INFO - ✅ Backup criado: BootBackup-LinuxData017-BKPAUTCITEL-20250523-0013
2025-05-23 00:13:39,900 - INFO - 
🔍 Processando boot volume: LinuxData041
2025-05-23 00:13:40,203 - INFO - ✅ Backup criado: BootBackup-LinuxData041-BKPAUTCITEL-20250523-0013
2025-05-23 00:13:40,815 - INFO - 
🔍 Processando boot volume: LinuxData043
2025-05-23 00:13:40,937 - WARNING - ⚠️ Tentativa 1: Limite de requisições. Aguardando 1s...
2025-05-23 00:13:46,982 - WARNING - ⚠️ Tentativa 2: Limite de requisições. Aguardando 2s...
2025-05-23 00:13:52,065 - WARNING - ⚠️ Tentativa 3: Limite de requisições. Aguardando 4s...
2025-05-23 00:13:58,752 - INFO - ✅ Backup criado: BootBackup-LinuxData043-BKPAUTCITEL-20250523-0013
2025-05-23 00:13:59,355 - INFO - 
🔍 Processando boot volume: LinuxData048
2025-05-23 00:13:59,477 - WARNING - ⚠️ Tentativa 1: Limite de requisições. Aguardando 1s...
2025-05-23 00:14:04,909 - INFO - ✅ Backup criado: BootBackup-LinuxData048-BKPAUTCITEL-20250523-0013
2025-05-23 00:14:05,529 - INFO - 
🔍 Processando boot volume: LinuxData032
2025-05-23 00:14:05,653 - WARNING - ⚠️ Tentativa 1: Limite de requisições. Aguardando 1s...
2025-05-23 00:14:11,468 - INFO - ✅ Backup criado: BootBackup-LinuxData032-BKPAUTCITEL-20250523-0014
2025-05-23 00:14:12,082 - INFO - 
🔍 Processando boot volume: TEMPLATE_LINUX
2025-05-23 00:14:12,205 - WARNING - ⚠️ Tentativa 1: Limite de requisições. Aguardando 1s...
2025-05-23 00:14:17,724 - INFO - ✅ Backup criado: BootBackup-TEMPLATE_LINUX-BKPAUTCITEL-20250523-0014
2025-05-23 00:14:18,359 - INFO - 
🔍 Processando boot volume: LinuxData033
2025-05-23 00:14:18,666 - INFO - ✅ Backup criado: BootBackup-LinuxData033-BKPAUTCITEL-20250523-0014
2025-05-23 00:14:19,309 - INFO - 
🔍 Processando boot volume: LinuxData034
2025-05-23 00:14:19,696 - INFO - ✅ Backup criado: BootBackup-LinuxData034-BKPAUTCITEL-20250523-0014
2025-05-23 00:14:20,317 - INFO - 
🔍 Processando boot volume: LinuxData029
2025-05-23 00:14:20,598 - INFO - ✅ Backup criado: BootBackup-LinuxData029-BKPAUTCITEL-20250523-0014
2025-05-23 00:14:21,216 - INFO - 
🔍 Processando boot volume: LinuxData019
2025-05-23 00:14:21,511 - INFO - ✅ Backup criado: BootBackup-LinuxData019-BKPAUTCITEL-20250523-0014
2025-05-23 00:14:22,118 - INFO - 
🔍 Processando boot volume: LinuxData021
2025-05-23 00:14:22,410 - INFO - ✅ Backup criado: BootBackup-LinuxData021-BKPAUTCITEL-20250523-0014
2025-05-23 00:14:23,031 - INFO - 
🔍 Processando boot volume: LinuxData022
2025-05-23 00:14:23,153 - WARNING - ⚠️ Tentativa 1: Limite de requisições. Aguardando 1s...
2025-05-23 00:14:25,440 - WARNING - ⚠️ Tentativa 2: Limite de requisições. Aguardando 2s...
2025-05-23 00:14:30,046 - WARNING - ⚠️ Tentativa 3: Limite de requisições. Aguardando 4s...
2025-05-23 00:14:37,230 - WARNING - ⚠️ Tentativa 4: Limite de requisições. Aguardando 8s...
2025-05-23 00:14:47,027 - WARNING - ⚠️ Tentativa 5: Limite de requisições. Aguardando 16s...
2025-05-23 00:15:05,070 - INFO - 
🔍 Processando boot volume: LinuxData024
2025-05-23 00:15:05,193 - WARNING - ⚠️ Tentativa 1: Limite de requisições. Aguardando 1s...
2025-05-23 00:15:09,118 - INFO - ✅ Backup criado: BootBackup-LinuxData024-BKPAUTCITEL-20250523-0015
2025-05-23 00:15:09,753 - INFO - 
🔍 Processando boot volume: LinuxData020
2025-05-23 00:15:10,105 - INFO - ✅ Backup criado: BootBackup-LinuxData020-BKPAUTCITEL-20250523-0015
2025-05-23 00:15:10,758 - INFO - 
🔍 Processando boot volume: LinuxData026
2025-05-23 00:15:11,052 - INFO - ✅ Backup criado: BootBackup-LinuxData026-BKPAUTCITEL-20250523-0015
2025-05-23 00:15:11,670 - INFO - 
🔍 Processando boot volume: LinuxData028
2025-05-23 00:15:11,991 - INFO - ✅ Backup criado: BootBackup-LinuxData028-BKPAUTCITEL-20250523-0015
2025-05-23 00:15:12,623 - INFO - 
🔍 Processando boot volume: LinuxData030
2025-05-23 00:15:12,965 - INFO - ✅ Backup criado: BootBackup-LinuxData030-BKPAUTCITEL-20250523-0015
2025-05-23 00:15:13,592 - INFO - 
🔍 Processando boot volume: LinuxData040
2025-05-23 00:15:13,902 - INFO - ✅ Backup criado: BootBackup-LinuxData040-BKPAUTCITEL-20250523-0015
2025-05-23 00:15:14,520 - INFO - 
🔍 Processando boot volume: LinuxData065
2025-05-23 00:15:14,817 - INFO - ✅ Backup criado: BootBackup-LinuxData065-BKPAUTCITEL-20250523-0015
2025-05-23 00:15:15,445 - INFO - 
🔍 Processando boot volume: LinuxData072
2025-05-23 00:15:15,773 - INFO - ✅ Backup criado: BootBackup-LinuxData072-BKPAUTCITEL-20250523-0015
2025-05-23 00:15:16,396 - INFO - 
🔍 Processando boot volume: LinuxData001
2025-05-23 00:15:16,692 - INFO - ✅ Backup criado: BootBackup-LinuxData001-BKPAUTCITEL-20250523-0015
2025-05-23 00:15:17,302 - INFO - 
🔍 Processando boot volume: LinuxData002
2025-05-23 00:15:17,424 - WARNING - ⚠️ Tentativa 1: Limite de requisições. Aguardando 1s...
2025-05-23 00:15:22,953 - WARNING - ⚠️ Tentativa 2: Limite de requisições. Aguardando 2s...
2025-05-23 00:15:26,440 - INFO - ✅ Backup criado: BootBackup-LinuxData002-BKPAUTCITEL-20250523-0015
2025-05-23 00:15:27,050 - INFO - 
🔍 Processando boot volume: LinuxTSPlus20_boot_clone0105
2025-05-23 00:15:27,424 - INFO - ✅ Backup criado: BootBackup-LinuxTSPlus20_boot_clone0105-BKPAUTCITEL-20250523-0015
2025-05-23 00:15:28,046 - INFO - 
🔍 Processando boot volume: FGW-CITE-CLIENTES-CLONE2904
2025-05-23 00:15:28,367 - INFO - ✅ Backup criado: BootBackup-FGW-CITE-CLIENTES-CLONE2904-BKPAUTCITEL-20250523-0015
2025-05-23 00:15:28,980 - INFO - 
🔍 Processando boot volume: LinuxData013_clone06052025
2025-05-23 00:15:29,282 - INFO - ✅ Backup criado: BootBackup-LinuxData013_clone06052025-BKPAUTCITEL-20250523-0015
2025-05-23 00:15:29,890 - INFO - 
🔁 Tentando novamente os backups que falharam...
2025-05-23 00:15:29,890 - INFO - 
🔄 Reprocessando: LinuxTSPlus37_boot_clone2904
2025-05-23 00:15:30,013 - WARNING - ⚠️ Tentativa 1: Limite de requisições. Aguardando 1s...
2025-05-23 00:15:35,725 - WARNING - ⚠️ Tentativa 2: Limite de requisições. Aguardando 2s...
2025-05-23 00:15:42,000 - WARNING - ⚠️ Tentativa 3: Limite de requisições. Aguardando 4s...
2025-05-23 00:15:51,310 - WARNING - ⚠️ Tentativa 4: Limite de requisições. Aguardando 8s...
2025-05-23 00:16:01,143 - INFO - ✅ Backup criado: BootBackup-LinuxTSPlus37_boot_clone2904-BKPAUTCITEL-20250523-0015
2025-05-23 00:16:01,144 - INFO - 
🔄 Reprocessando: LinuxData022
2025-05-23 00:16:01,879 - INFO - ✅ Backup criado: BootBackup-LinuxData022-BKPAUTCITEL-20250523-0016
2025-05-23 00:16:01,880 - INFO - 
✅ Execução concluída com sucesso
