2025-05-22 17:11:49,155 - INFO - 
🔍 Processando block volume: LinuxTSPlus1_clone070525
2025-05-22 17:11:49,465 - INFO - ✅ Backup criado: BlockBackup-LinuxTSPlus1_clone070525-BKPAUTCITEL-20250522-1711
2025-05-22 17:11:49,627 - INFO - 
🔍 Processando block volume: Banco1LinuxTSPlus2_clone070525
2025-05-22 17:11:49,904 - INFO - ✅ Backup criado: BlockBackup-Banco1LinuxTSPlus2_clone070525-BKPAUTCITEL-20250522-1711
2025-05-22 17:11:50,438 - INFO - 
🔍 Processando block volume: Banco1LinuxTSPlus4_clone070525
2025-05-22 17:11:50,728 - INFO - ✅ Backup criado: BlockBackup-Banco1LinuxTSPlus4_clone070525-BKPAUTCITEL-20250522-1711
2025-05-22 17:11:51,258 - INFO - 
🔍 Processando block volume: Banco2LinuxTSPlus4_clone070525
2025-05-22 17:11:51,558 - INFO - ✅ Backup criado: BlockBackup-Banco2LinuxTSPlus4_clone070525-BKPAUTCITEL-20250522-1711
2025-05-22 17:11:51,710 - INFO - 
🔍 Processando block volume: Banco2LinuxTSPlus7_clone070525
2025-05-22 17:11:52,048 - INFO - ✅ Backup criado: BlockBackup-Banco2LinuxTSPlus7_clone070525-BKPAUTCITEL-20250522-1711
2025-05-22 17:11:52,577 - INFO - 
🔍 Processando block volume: Banco1LinuxTSPlus8_clone070525
2025-05-22 17:11:52,872 - INFO - ✅ Backup criado: BlockBackup-Banco1LinuxTSPlus8_clone070525-BKPAUTCITEL-20250522-1711
2025-05-22 17:11:53,398 - INFO - 
🔍 Processando block volume: Banco1LinuxTSPlus9_clone070525
2025-05-22 17:11:53,691 - INFO - ✅ Backup criado: BlockBackup-Banco1LinuxTSPlus9_clone070525-BKPAUTCITEL-20250522-1711
2025-05-22 17:11:54,209 - INFO - 
🔍 Processando block volume: Banco1LinuxTSPlus12_clone070525
2025-05-22 17:11:54,502 - INFO - ✅ Backup criado: BlockBackup-Banco1LinuxTSPlus12_clone070525-BKPAUTCITEL-20250522-1711
2025-05-22 17:11:55,010 - INFO - 
🔍 Processando block volume: Banco2LinuxTSPlus13_clone070525
2025-05-22 17:11:55,134 - WARNING - ⚠️ Tentativa 1: Limite de requisições. Aguardando 5s...
2025-05-22 17:12:01,041 - INFO - ✅ Backup criado: BlockBackup-Banco2LinuxTSPlus13_clone070525-BKPAUTCITEL-20250522-1711
2025-05-22 17:12:01,553 - INFO - 
🔍 Processando block volume: BancoUbertintasTSPlus14_clone070525
2025-05-22 17:12:01,826 - INFO - ✅ Backup criado: BlockBackup-BancoUbertintasTSPlus14_clone070525-BKPAUTCITEL-20250522-1712
2025-05-22 17:12:02,348 - INFO - 
🔍 Processando block volume: Banco2LinuxTSPlus14_clone070525
2025-05-22 17:12:02,615 - INFO - ✅ Backup criado: BlockBackup-Banco2LinuxTSPlus14_clone070525-BKPAUTCITEL-20250522-1712
2025-05-22 17:12:03,138 - INFO - 
🔍 Processando block volume: Banco1LinuxTSPlus16_clone070525
2025-05-22 17:12:03,438 - INFO - ✅ Backup criado: BlockBackup-Banco1LinuxTSPlus16_clone070525-BKPAUTCITEL-20250522-1712
2025-05-22 17:12:03,588 - INFO - 
🔍 Processando block volume: Banco2LinuxBR5_clone070525
2025-05-22 17:12:03,881 - INFO - ✅ Backup criado: BlockBackup-Banco2LinuxBR5_clone070525-BKPAUTCITEL-20250522-1712
2025-05-22 17:12:04,397 - INFO - 
🔍 Processando block volume: Banco2LinuxTSPlus18_clone070525
2025-05-22 17:12:04,729 - INFO - ✅ Backup criado: BlockBackup-Banco2LinuxTSPlus18_clone070525-BKPAUTCITEL-20250522-1712
2025-05-22 17:12:05,240 - INFO - 
🔍 Processando block volume: Banco1LinuxTSPlus19_clone070525
2025-05-22 17:12:05,362 - WARNING - ⚠️ Tentativa 1: Limite de requisições. Aguardando 5s...
2025-05-22 17:12:11,488 - WARNING - ⚠️ Tentativa 2: Limite de requisições. Aguardando 10s...
2025-05-22 17:12:26,131 - WARNING - ⚠️ Tentativa 3: Limite de requisições. Aguardando 20s...
2025-05-22 17:12:50,565 - INFO - ✅ Backup criado: BlockBackup-Banco1LinuxTSPlus19_clone070525-BKPAUTCITEL-20250522-1712
2025-05-22 17:12:51,100 - INFO - 
🔍 Processando block volume: Banco4LinuxTSPlus10_clone070525
2025-05-22 17:12:51,223 - WARNING - ⚠️ Tentativa 1: Limite de requisições. Aguardando 5s...
2025-05-22 17:13:00,950 - INFO - ✅ Backup criado: BlockBackup-Banco4LinuxTSPlus10_clone070525-BKPAUTCITEL-20250522-1712
2025-05-22 17:13:01,485 - INFO - 
🔍 Processando block volume: Banco1LinuxTSPlus20_clone070525
2025-05-22 17:13:01,802 - INFO - ✅ Backup criado: BlockBackup-Banco1LinuxTSPlus20_clone070525-BKPAUTCITEL-20250522-1713
2025-05-22 17:13:02,328 - INFO - 
🔍 Processando block volume: Banco1LinuxTSPlus22_clone070525
2025-05-22 17:13:02,661 - INFO - ✅ Backup criado: BlockBackup-Banco1LinuxTSPlus22_clone070525-BKPAUTCITEL-20250522-1713
2025-05-22 17:13:02,805 - INFO - 
🔍 Processando block volume: Banco3LinuxTSPlus1_clone070525
2025-05-22 17:13:03,077 - INFO - ✅ Backup criado: BlockBackup-Banco3LinuxTSPlus1_clone070525-BKPAUTCITEL-20250522-1713
2025-05-22 17:13:03,600 - INFO - 
🔍 Processando block volume: Banco1LinuxTSPlus24_clone070525
2025-05-22 17:13:03,884 - INFO - ✅ Backup criado: BlockBackup-Banco1LinuxTSPlus24_clone070525-BKPAUTCITEL-20250522-1713
2025-05-22 17:13:04,402 - INFO - 
🔍 Processando block volume: Banco3LinuxTSPlus9_clone070525
2025-05-22 17:13:04,685 - INFO - ✅ Backup criado: BlockBackup-Banco3LinuxTSPlus9_clone070525-BKPAUTCITEL-20250522-1713
2025-05-22 17:13:04,825 - INFO - 
🔍 Processando block volume: Banco_PalacioFerramentas_clone070525
2025-05-22 17:13:05,079 - INFO - ✅ Backup criado: BlockBackup-Banco_PalacioFerramentas_clone070525-BKPAUTCITEL-20250522-1713
2025-05-22 17:13:05,596 - INFO - 
🔍 Processando block volume: Banco1LinuxTSPlus25_clone070525
2025-05-22 17:13:05,870 - INFO - ✅ Backup criado: BlockBackup-Banco1LinuxTSPlus25_clone070525-BKPAUTCITEL-20250522-1713
2025-05-22 17:13:06,388 - INFO - 
🔍 Processando block volume: Banco1LinuxTSPlus26_clone070525
2025-05-22 17:13:06,711 - INFO - ✅ Backup criado: BlockBackup-Banco1LinuxTSPlus26_clone070525-BKPAUTCITEL-20250522-1713
2025-05-22 17:13:07,237 - INFO - 
🔍 Processando block volume: Banco2LinuxTSPlus12_clone070525
2025-05-22 17:13:07,563 - INFO - ✅ Backup criado: BlockBackup-Banco2LinuxTSPlus12_clone070525-BKPAUTCITEL-20250522-1713
2025-05-22 17:13:07,712 - INFO - 
🔍 Processando block volume: Banco2LinuxTSPlus28_clone070525
2025-05-22 17:13:08,001 - INFO - ✅ Backup criado: BlockBackup-Banco2LinuxTSPlus28_clone070525-BKPAUTCITEL-20250522-1713
2025-05-22 17:13:08,528 - INFO - 
🔍 Processando block volume: Banco1LinuxTSPlus29_clone070525
2025-05-22 17:13:08,823 - INFO - ✅ Backup criado: BlockBackup-Banco1LinuxTSPlus29_clone070525-BKPAUTCITEL-20250522-1713
2025-05-22 17:13:09,342 - INFO - 
🔍 Processando block volume: Banco1LinuxTSPlus30_clone070525
2025-05-22 17:13:09,637 - INFO - ✅ Backup criado: BlockBackup-Banco1LinuxTSPlus30_clone070525-BKPAUTCITEL-20250522-1713
2025-05-22 17:13:10,159 - INFO - 
🔍 Processando block volume: Banco3LinuxTSPlus6_clone070525
2025-05-22 17:13:10,437 - INFO - ✅ Backup criado: BlockBackup-Banco3LinuxTSPlus6_clone070525-BKPAUTCITEL-20250522-1713
2025-05-22 17:13:10,954 - INFO - 
🔍 Processando block volume: Banco1LinuxTSPLUS32_clone070525
2025-05-22 17:13:11,231 - INFO - ✅ Backup criado: BlockBackup-Banco1LinuxTSPLUS32_clone070525-BKPAUTCITEL-20250522-1713
2025-05-22 17:13:11,750 - INFO - 
🔍 Processando block volume: Banco1LinuxTSPLUS33_clone070525
2025-05-22 17:13:11,873 - WARNING - ⚠️ Tentativa 1: Limite de requisições. Aguardando 5s...
2025-05-22 17:13:17,477 - WARNING - ⚠️ Tentativa 2: Limite de requisições. Aguardando 10s...
2025-05-22 17:13:29,815 - WARNING - ⚠️ Tentativa 3: Limite de requisições. Aguardando 20s...
2025-05-22 17:13:51,750 - INFO - ✅ Backup criado: BlockBackup-Banco1LinuxTSPLUS33_clone070525-BKPAUTCITEL-20250522-1713
2025-05-22 17:13:52,270 - INFO - 
🔍 Processando block volume: Banco1LinuxTSPLUS34_clone070525
2025-05-22 17:13:52,554 - INFO - ✅ Backup criado: BlockBackup-Banco1LinuxTSPLUS34_clone070525-BKPAUTCITEL-20250522-1713
2025-05-22 17:13:53,068 - INFO - 
🔍 Processando block volume: Banco1LinuxTSPLUS36_clone070525
2025-05-22 17:13:53,191 - WARNING - ⚠️ Tentativa 1: Limite de requisições. Aguardando 5s...
2025-05-22 17:14:01,693 - INFO - ✅ Backup criado: BlockBackup-Banco1LinuxTSPLUS36_clone070525-BKPAUTCITEL-20250522-1713
2025-05-22 17:14:02,213 - INFO - 
🔍 Processando block volume: Banco1LinuxTSPLUS37_clone070525
2025-05-22 17:14:02,549 - INFO - ✅ Backup criado: BlockBackup-Banco1LinuxTSPLUS37_clone070525-BKPAUTCITEL-20250522-1714
2025-05-22 17:14:03,056 - INFO - 
🔍 Processando block volume: Banco1LinuxTSPLUS40_clone070525
2025-05-22 17:14:03,180 - WARNING - ⚠️ Tentativa 1: Limite de requisições. Aguardando 5s...
2025-05-22 17:14:09,095 - INFO - ✅ Backup criado: BlockBackup-Banco1LinuxTSPLUS40_clone070525-BKPAUTCITEL-20250522-1714
2025-05-22 17:14:09,613 - INFO - 
🔍 Processando block volume: Banco1LinuxTSPLUS41_clone070525
2025-05-22 17:14:09,892 - INFO - ✅ Backup criado: BlockBackup-Banco1LinuxTSPLUS41_clone070525-BKPAUTCITEL-20250522-1714
2025-05-22 17:14:10,410 - INFO - 
🔍 Processando block volume: Banco3LinuxBR5_clone070525
2025-05-22 17:14:10,533 - WARNING - ⚠️ Tentativa 1: Limite de requisições. Aguardando 5s...
2025-05-22 17:14:18,947 - INFO - ✅ Backup criado: BlockBackup-Banco3LinuxBR5_clone070525-BKPAUTCITEL-20250522-1714
2025-05-22 17:14:19,468 - INFO - 
🔍 Processando block volume: Banco1LinuxTSPLUS43_clone070525
2025-05-22 17:14:19,591 - WARNING - ⚠️ Tentativa 1: Limite de requisições. Aguardando 5s...
2025-05-22 17:14:27,462 - WARNING - ⚠️ Tentativa 2: Limite de requisições. Aguardando 10s...
2025-05-22 17:14:41,234 - INFO - ✅ Backup criado: BlockBackup-Banco1LinuxTSPLUS43_clone070525-BKPAUTCITEL-20250522-1714
2025-05-22 17:14:41,767 - INFO - 
🔍 Processando block volume: Banco1LinuxTSPlus11_clone070525
2025-05-22 17:14:42,043 - INFO - ✅ Backup criado: BlockBackup-Banco1LinuxTSPlus11_clone070525-BKPAUTCITEL-20250522-1714
2025-05-22 17:14:42,559 - INFO - 
🔍 Processando block volume: Banco2LinuxTSPLUS65_clone070525
2025-05-22 17:14:42,850 - INFO - ✅ Backup criado: BlockBackup-Banco2LinuxTSPLUS65_clone070525-BKPAUTCITEL-20250522-1714
2025-05-22 17:14:43,364 - INFO - 
🔍 Processando block volume: Banco2LinuxTSPlus17_clone070525
2025-05-22 17:14:43,638 - INFO - ✅ Backup criado: BlockBackup-Banco2LinuxTSPlus17_clone070525-BKPAUTCITEL-20250522-1714
2025-05-22 17:14:44,149 - INFO - 
🔍 Processando block volume: Banco3LinuxTSPlus8_clone070525
2025-05-22 17:14:44,271 - WARNING - ⚠️ Tentativa 1: Limite de requisições. Aguardando 5s...
2025-05-22 17:14:52,173 - WARNING - ⚠️ Tentativa 2: Limite de requisições. Aguardando 10s...
2025-05-22 17:15:05,560 - INFO - ✅ Backup criado: BlockBackup-Banco3LinuxTSPlus8_clone070525-BKPAUTCITEL-20250522-1714
2025-05-22 17:15:06,079 - INFO - 
🔍 Processando block volume: Banco 1 OracleBr48_clone070525
2025-05-22 17:15:06,375 - INFO - ✅ Backup criado: BlockBackup-Banco 1 OracleBr48_clone070525-BKPAUTCITEL-20250522-1715
2025-05-22 17:15:06,900 - INFO - 
🔍 Processando block volume: Banco5LinuxTSPlus10_clone070525
2025-05-22 17:15:07,184 - INFO - ✅ Backup criado: BlockBackup-Banco5LinuxTSPlus10_clone070525-BKPAUTCITEL-20250522-1715
2025-05-22 17:15:07,714 - INFO - 
🔍 Processando block volume: Banco1LinuxTSPlus50_clone070525
2025-05-22 17:15:07,983 - INFO - ✅ Backup criado: BlockBackup-Banco1LinuxTSPlus50_clone070525-BKPAUTCITEL-20250522-1715
2025-05-22 17:15:08,499 - INFO - 
🔍 Processando block volume: Banco2LinuxTSPlus20_clone070525
2025-05-22 17:15:08,783 - INFO - ✅ Backup criado: BlockBackup-Banco2LinuxTSPlus20_clone070525-BKPAUTCITEL-20250522-1715
2025-05-22 17:15:09,291 - INFO - 
🔍 Processando block volume: BancoPRODBelaTintas_clone070525
2025-05-22 17:15:09,413 - WARNING - ⚠️ Tentativa 1: Limite de requisições. Aguardando 5s...
2025-05-22 17:15:15,905 - INFO - ✅ Backup criado: BlockBackup-BancoPRODBelaTintas_clone070525-BKPAUTCITEL-20250522-1715
2025-05-22 17:15:16,433 - INFO - 
🔍 Processando block volume: BancoPRODJRPais_clone070525
2025-05-22 17:15:16,736 - INFO - ✅ Backup criado: BlockBackup-BancoPRODJRPais_clone070525-BKPAUTCITEL-20250522-1715
2025-05-22 17:15:17,254 - INFO - 
🔍 Processando block volume: Banco3LinuxTSPlus7_clone070525
2025-05-22 17:15:17,603 - INFO - ✅ Backup criado: BlockBackup-Banco3LinuxTSPlus7_clone070525-BKPAUTCITEL-20250522-1715
2025-05-22 17:15:18,131 - INFO - 
🔍 Processando block volume: Banco1BR55_clone070525
2025-05-22 17:15:18,474 - INFO - ✅ Backup criado: BlockBackup-Banco1BR55_clone070525-BKPAUTCITEL-20250522-1715
2025-05-22 17:15:19,006 - INFO - 
🔍 Processando block volume: BancoLinux59_clone070525
2025-05-22 17:15:19,317 - INFO - ✅ Backup criado: BlockBackup-BancoLinux59_clone070525-BKPAUTCITEL-20250522-1715
2025-05-22 17:15:19,858 - INFO - 
🔍 Processando block volume: Banco2LinuxBR21_clone070525
2025-05-22 17:15:20,165 - INFO - ✅ Backup criado: BlockBackup-Banco2LinuxBR21_clone070525-BKPAUTCITEL-20250522-1715
2025-05-22 17:15:20,693 - INFO - 
🔍 Processando block volume: Banco2Linux59_clone070525
2025-05-22 17:15:20,817 - WARNING - ⚠️ Tentativa 1: Limite de requisições. Aguardando 5s...
2025-05-22 17:15:27,603 - WARNING - ⚠️ Tentativa 2: Limite de requisições. Aguardando 10s...
2025-05-22 17:15:38,519 - WARNING - ⚠️ Tentativa 3: Limite de requisições. Aguardando 20s...
2025-05-22 17:16:02,308 - INFO - ✅ Backup criado: BlockBackup-Banco2Linux59_clone070525-BKPAUTCITEL-20250522-1715
2025-05-22 17:16:02,832 - INFO - 
🔍 Processando block volume: Banco2BR24_clone070525
2025-05-22 17:16:03,132 - INFO - ✅ Backup criado: BlockBackup-Banco2BR24_clone070525-BKPAUTCITEL-20250522-1716
2025-05-22 17:16:03,650 - INFO - 
🔍 Processando block volume: Banco2BR33_clone070525
2025-05-22 17:16:03,940 - INFO - ✅ Backup criado: BlockBackup-Banco2BR33_clone070525-BKPAUTCITEL-20250522-1716
2025-05-22 17:16:04,457 - INFO - 
🔍 Processando block volume: Banco1LinuxTSPLUS65_clone070525
2025-05-22 17:16:04,732 - INFO - ✅ Backup criado: BlockBackup-Banco1LinuxTSPLUS65_clone070525-BKPAUTCITEL-20250522-1716
2025-05-22 17:16:05,239 - INFO - 
🔍 Processando block volume: BancoBR_72_clone070525
2025-05-22 17:16:05,362 - WARNING - ⚠️ Tentativa 1: Limite de requisições. Aguardando 5s...
2025-05-22 17:16:11,992 - WARNING - ⚠️ Tentativa 2: Limite de requisições. Aguardando 10s...
2025-05-22 17:16:24,996 - INFO - ✅ Backup criado: BlockBackup-BancoBR_72_clone070525-BKPAUTCITEL-20250522-1716
2025-05-22 17:16:25,532 - INFO - 
🔍 Processando block volume: Banco1LinuxTSPlus18_clone070525
2025-05-22 17:16:25,654 - WARNING - ⚠️ Tentativa 1: Limite de requisições. Aguardando 5s...
2025-05-22 17:16:34,886 - INFO - ✅ Backup criado: BlockBackup-Banco1LinuxTSPlus18_clone070525-BKPAUTCITEL-20250522-1716
2025-05-22 17:16:35,410 - INFO - 
🔍 Processando block volume: LinuxDataBelaTintas_clone070525
2025-05-22 17:16:35,695 - INFO - ✅ Backup criado: BlockBackup-LinuxDataBelaTintas_clone070525-BKPAUTCITEL-20250522-1716
2025-05-22 17:16:36,234 - INFO - 
🔍 Processando block volume: Banco2LinuxTSPlus22_clone070525
2025-05-22 17:16:36,517 - INFO - ✅ Backup criado: BlockBackup-Banco2LinuxTSPlus22_clone070525-BKPAUTCITEL-20250522-1716
2025-05-22 17:16:37,030 - INFO - 
🔍 Processando block volume: Banco2LinuxTSPLUS32_clone070525
2025-05-22 17:16:37,310 - INFO - ✅ Backup criado: BlockBackup-Banco2LinuxTSPLUS32_clone070525-BKPAUTCITEL-20250522-1716
2025-05-22 17:16:37,828 - INFO - 
🔍 Processando block volume: Bancos2_BR29_clone070525
2025-05-22 17:16:38,117 - INFO - ✅ Backup criado: BlockBackup-Bancos2_BR29_clone070525-BKPAUTCITEL-20250522-1716
2025-05-22 17:16:38,635 - INFO - 
🔍 Processando block volume: Bancos4_BR9_clone070525
2025-05-22 17:16:39,041 - INFO - ✅ Backup criado: BlockBackup-Bancos4_BR9_clone070525-BKPAUTCITEL-20250522-1716
2025-05-22 17:16:39,580 - INFO - 
🔍 Processando block volume: Bancos3_BR12_clone070525
2025-05-22 17:16:39,723 - WARNING - ⚠️ Tentativa 1: Limite de requisições. Aguardando 5s...
2025-05-22 17:16:49,422 - INFO - ✅ Backup criado: BlockBackup-Bancos3_BR12_clone070525-BKPAUTCITEL-20250522-1716
2025-05-22 17:16:49,943 - INFO - 
🔍 Processando block volume: Bancos2_BR34_clone070525
2025-05-22 17:16:50,067 - WARNING - ⚠️ Tentativa 1: Limite de requisições. Aguardando 5s...
2025-05-22 17:16:58,227 - INFO - ✅ Backup criado: BlockBackup-Bancos2_BR34_clone070525-BKPAUTCITEL-20250522-1716
2025-05-22 17:16:58,750 - INFO - 
🔍 Processando block volume: Bancos3_BR29_clone070525
2025-05-22 17:16:58,873 - WARNING - ⚠️ Tentativa 1: Limite de requisições. Aguardando 5s...
2025-05-22 17:17:07,571 - INFO - ✅ Backup criado: BlockBackup-Bancos3_BR29_clone070525-BKPAUTCITEL-20250522-1716
2025-05-22 17:17:08,091 - INFO - 
🔍 Processando block volume: Banco3_BR7_clone070525
2025-05-22 17:17:08,214 - WARNING - ⚠️ Tentativa 1: Limite de requisições. Aguardando 5s...
2025-05-22 17:17:18,435 - WARNING - ⚠️ Tentativa 2: Limite de requisições. Aguardando 10s...
2025-05-22 17:17:29,317 - INFO - ✅ Backup criado: BlockBackup-Banco3_BR7_clone070525-BKPAUTCITEL-20250522-1717
2025-05-22 17:17:29,846 - INFO - 
🔍 Processando block volume: Bancos2_BR02_clone070525
2025-05-22 17:17:29,968 - WARNING - ⚠️ Tentativa 1: Limite de requisições. Aguardando 5s...
2025-05-22 17:17:40,571 - INFO - ✅ Backup criado: BlockBackup-Bancos2_BR02_clone070525-BKPAUTCITEL-20250522-1717
2025-05-22 17:17:41,094 - INFO - 
🔍 Processando block volume: Bancos4_BR18_clone070525
2025-05-22 17:17:41,403 - INFO - ✅ Backup criado: BlockBackup-Bancos4_BR18_clone070525-BKPAUTCITEL-20250522-1717
2025-05-22 17:17:41,920 - INFO - 
🔍 Processando block volume: Bancos4_BR01_clone070525
2025-05-22 17:17:42,207 - INFO - ✅ Backup criado: BlockBackup-Bancos4_BR01_clone070525-BKPAUTCITEL-20250522-1717
2025-05-22 17:17:42,730 - INFO - 
🔍 Processando block volume: Bancos3_BR13_clone070525
2025-05-22 17:17:43,014 - INFO - ✅ Backup criado: BlockBackup-Bancos3_BR13_clone070525-BKPAUTCITEL-20250522-1717
2025-05-22 17:17:43,541 - INFO - 
🔍 Processando block volume: Banco3_BR4_clone070525
2025-05-22 17:17:43,823 - INFO - ✅ Backup criado: BlockBackup-Banco3_BR4_clone070525-BKPAUTCITEL-20250522-1717
2025-05-22 17:17:44,343 - INFO - 
🔍 Processando block volume: Banco2LinuxTSPlus16_clone070525
2025-05-22 17:17:44,620 - INFO - ✅ Backup criado: BlockBackup-Banco2LinuxTSPlus16_clone070525-BKPAUTCITEL-20250522-1717
2025-05-22 17:17:45,142 - INFO - 
🔍 Processando block volume: BKO Palacio TKT 651385_clone070525
2025-05-22 17:17:45,405 - INFO - ✅ Backup criado: BlockBackup-BKO Palacio TKT 651385_clone070525-BKPAUTCITEL-20250522-1717
2025-05-22 17:17:45,941 - INFO - 
🔍 Processando block volume: Banco4LinuxTSPlus6_clone070525
2025-05-22 17:17:46,064 - WARNING - ⚠️ Tentativa 1: Limite de requisições. Aguardando 5s...
2025-05-22 17:17:54,619 - WARNING - ⚠️ Tentativa 2: Limite de requisições. Aguardando 10s...
2025-05-22 17:18:06,505 - INFO - ✅ Backup criado: BlockBackup-Banco4LinuxTSPlus6_clone070525-BKPAUTCITEL-20250522-1717
2025-05-22 17:18:07,049 - INFO - 
🔍 Processando block volume: Banco2BR_72_clone070525
2025-05-22 17:18:07,174 - WARNING - ⚠️ Tentativa 1: Limite de requisições. Aguardando 5s...
2025-05-22 17:18:14,194 - INFO - ✅ Backup criado: BlockBackup-Banco2BR_72_clone070525-BKPAUTCITEL-20250522-1718
2025-05-22 17:18:14,773 - INFO - 
🔍 Processando block volume: Bancos3_BR25_clone070525
2025-05-22 17:18:15,065 - INFO - ✅ Backup criado: BlockBackup-Bancos3_BR25_clone070525-BKPAUTCITEL-20250522-1718
2025-05-22 17:18:15,592 - INFO - 
🔍 Processando block volume: bancos3_BR28_clone070525
2025-05-22 17:18:15,716 - WARNING - ⚠️ Tentativa 1: Limite de requisições. Aguardando 5s...
2025-05-22 17:18:25,110 - WARNING - ⚠️ Tentativa 2: Limite de requisições. Aguardando 10s...
2025-05-22 17:18:40,068 - INFO - ✅ Backup criado: BlockBackup-bancos3_BR28_clone070525-BKPAUTCITEL-20250522-1718
2025-05-22 17:18:40,587 - INFO - 
🔍 Processando block volume: GeB_clone070525
2025-05-22 17:18:40,892 - INFO - ✅ Backup criado: BlockBackup-GeB_clone070525-BKPAUTCITEL-20250522-1718
2025-05-22 17:18:41,414 - INFO - 
🔍 Processando block volume: Banco3_BR20_clone070525
2025-05-22 17:18:41,687 - INFO - ✅ Backup criado: BlockBackup-Banco3_BR20_clone070525-BKPAUTCITEL-20250522-1718
2025-05-22 17:18:42,203 - INFO - 
🔍 Processando block volume: Bancos3_BR34_clone070525
2025-05-22 17:18:42,326 - WARNING - ⚠️ Tentativa 1: Limite de requisições. Aguardando 5s...
2025-05-22 17:18:49,827 - INFO - ✅ Backup criado: BlockBackup-Bancos3_BR34_clone070525-BKPAUTCITEL-20250522-1718
2025-05-22 17:18:50,351 - INFO - 
🔍 Processando block volume: Banco_Darka_clone070525
2025-05-22 17:18:50,635 - INFO - ✅ Backup criado: BlockBackup-Banco_Darka_clone070525-BKPAUTCITEL-20250522-1718
2025-05-22 17:18:51,161 - INFO - 
🔍 Processando block volume: Banco4LinuxTSPlus7_clone070525
2025-05-22 17:18:51,460 - INFO - ✅ Backup criado: BlockBackup-Banco4LinuxTSPlus7_clone070525-BKPAUTCITEL-20250522-1718
2025-05-22 17:18:51,980 - INFO - 
🔍 Processando block volume: Banco4LinuxTSPlus20_clone070525
2025-05-22 17:18:52,102 - WARNING - ⚠️ Tentativa 1: Limite de requisições. Aguardando 5s...
2025-05-22 17:19:02,415 - WARNING - ⚠️ Tentativa 2: Limite de requisições. Aguardando 10s...
2025-05-22 17:19:17,433 - INFO - ✅ Backup criado: BlockBackup-Banco4LinuxTSPlus20_clone070525-BKPAUTCITEL-20250522-1718
2025-05-22 17:19:17,981 - INFO - 
🔍 Processando block volume: Bancos4_BR13_clone070525
2025-05-22 17:19:18,265 - INFO - ✅ Backup criado: BlockBackup-Bancos4_BR13_clone070525-BKPAUTCITEL-20250522-1719
2025-05-22 17:19:18,786 - INFO - 
🔍 Processando block volume: Banco2LinuxTSPLUS37_clone070525
2025-05-22 17:19:18,908 - WARNING - ⚠️ Tentativa 1: Limite de requisições. Aguardando 5s...
2025-05-22 17:19:29,302 - WARNING - ⚠️ Tentativa 2: Limite de requisições. Aguardando 10s...
2025-05-22 17:19:43,417 - INFO - ✅ Backup criado: BlockBackup-Banco2LinuxTSPLUS37_clone070525-BKPAUTCITEL-20250522-1719
2025-05-22 17:19:43,933 - INFO - 
🔍 Processando block volume: BackupGeB_clone070525
2025-05-22 17:19:44,208 - INFO - ✅ Backup criado: BlockBackup-BackupGeB_clone070525-BKPAUTCITEL-20250522-1719
2025-05-22 17:19:44,737 - INFO - 
🔍 Processando block volume: BancoGeB_clone070525
2025-05-22 17:19:45,029 - INFO - ✅ Backup criado: BlockBackup-BancoGeB_clone070525-BKPAUTCITEL-20250522-1719
2025-05-22 17:19:45,561 - INFO - 
🔍 Processando block volume: Banco3BR55_clone070525
2025-05-22 17:19:45,882 - INFO - ✅ Backup criado: BlockBackup-Banco3BR55_clone070525-BKPAUTCITEL-20250522-1719
2025-05-22 17:19:46,407 - INFO - 
🔍 Processando block volume: Bancos5_BR1_clone070525
2025-05-22 17:19:46,534 - WARNING - ⚠️ Tentativa 1: Limite de requisições. Aguardando 5s...
2025-05-22 17:19:55,506 - INFO - ✅ Backup criado: BlockBackup-Bancos5_BR1_clone070525-BKPAUTCITEL-20250522-1719
2025-05-22 17:19:56,068 - INFO - 
🔍 Processando block volume: Banco3LinuxTSPlus19_clone070525
2025-05-22 17:19:56,192 - WARNING - ⚠️ Tentativa 1: Limite de requisições. Aguardando 5s...
2025-05-22 17:20:05,731 - WARNING - ⚠️ Tentativa 2: Limite de requisições. Aguardando 10s...
2025-05-22 17:20:18,468 - INFO - ✅ Backup criado: BlockBackup-Banco3LinuxTSPlus19_clone070525-BKPAUTCITEL-20250522-1719
2025-05-22 17:20:18,982 - INFO - 
🔍 Processando block volume: BackupCoresVivas TKT 902822_clone070525
2025-05-22 17:20:19,284 - INFO - ✅ Backup criado: BlockBackup-BackupCoresVivas TKT 902822_clone070525-BKPAUTCITEL-20250522-1720
2025-05-22 17:20:19,797 - INFO - 
🔍 Processando block volume: bkpBoomerVinicius_clone070525
2025-05-22 17:20:20,118 - INFO - ✅ Backup criado: BlockBackup-bkpBoomerVinicius_clone070525-BKPAUTCITEL-20250522-1720
2025-05-22 17:20:20,641 - INFO - 
🔍 Processando block volume: GeB2_clone070525
2025-05-22 17:20:20,919 - INFO - ✅ Backup criado: BlockBackup-GeB2_clone070525-BKPAUTCITEL-20250522-1720
2025-05-22 17:20:21,440 - INFO - 
🔍 Processando block volume: bkpParque1014464_clone070525
2025-05-22 17:20:21,737 - INFO - ✅ Backup criado: BlockBackup-bkpParque1014464_clone070525-BKPAUTCITEL-20250522-1720
2025-05-22 17:20:22,281 - INFO - 
🔍 Processando block volume: bkpPedrao1020442_clone070525
2025-05-22 17:20:22,560 - INFO - ✅ Backup criado: BlockBackup-bkpPedrao1020442_clone070525-BKPAUTCITEL-20250522-1720
2025-05-22 17:20:23,075 - INFO - 
🔍 Processando block volume: Backup_BR34_1031161_clone070525
2025-05-22 17:20:23,200 - WARNING - ⚠️ Tentativa 1: Limite de requisições. Aguardando 5s...
2025-05-22 17:20:30,761 - INFO - ✅ Backup criado: BlockBackup-Backup_BR34_1031161_clone070525-BKPAUTCITEL-20250522-1720
2025-05-22 17:20:31,283 - INFO - 
🔍 Processando block volume: Banco3LinuxTSPLUS65_clone070525
2025-05-22 17:20:31,579 - INFO - ✅ Backup criado: BlockBackup-Banco3LinuxTSPLUS65_clone070525-BKPAUTCITEL-20250522-1720
2025-05-22 17:20:32,097 - INFO - 
🔍 Processando block volume: Banco3LinuxTSPlus22_clone070525
2025-05-22 17:20:32,401 - INFO - ✅ Backup criado: BlockBackup-Banco3LinuxTSPlus22_clone070525-BKPAUTCITEL-20250522-1720
2025-05-22 17:20:32,911 - INFO - 
🔍 Processando block volume: BinariosLinuxTSPLUS65_clone070525
2025-05-22 17:20:33,034 - WARNING - ⚠️ Tentativa 1: Limite de requisições. Aguardando 5s...
2025-05-22 17:20:41,194 - WARNING - ⚠️ Tentativa 2: Limite de requisições. Aguardando 10s...
2025-05-22 17:20:53,249 - WARNING - ⚠️ Tentativa 3: Limite de requisições. Aguardando 20s...
2025-05-22 17:21:18,627 - INFO - ✅ Backup criado: BlockBackup-BinariosLinuxTSPLUS65_clone070525-BKPAUTCITEL-20250522-1720
2025-05-22 17:21:19,143 - INFO - 
🔍 Processando block volume: GeB BancoTeste tkt 1048932_clone070525
2025-05-22 17:21:19,454 - INFO - ✅ Backup criado: BlockBackup-GeB BancoTeste tkt 1048932_clone070525-BKPAUTCITEL-20250522-1721
2025-05-22 17:21:19,964 - INFO - 
🔍 Processando block volume: Banco2LinuxTSPlus19_BelaTintas_clone070525
2025-05-22 17:21:20,089 - WARNING - ⚠️ Tentativa 1: Limite de requisições. Aguardando 5s...
2025-05-22 17:21:28,930 - INFO - ✅ Backup criado: BlockBackup-Banco2LinuxTSPlus19_BelaTintas_clone070525-BKPAUTCITEL-20250522-1721
2025-05-22 17:21:29,451 - INFO - 
🔍 Processando block volume: Banco1LinuxTSPlus11_clone2904_clone070525
2025-05-22 17:21:29,801 - INFO - ✅ Backup criado: BlockBackup-Banco1LinuxTSPlus11_clone2904_clone070525-BKPAUTCITEL-20250522-1721
2025-05-22 17:21:30,327 - INFO - 
🔍 Processando block volume: LinuxTSPlus11_BancoPRODJRPais_clone2904_clone070525
2025-05-22 17:21:30,629 - INFO - ✅ Backup criado: BlockBackup-LinuxTSPlus11_BancoPRODJRPais_clone2904_clone070525-BKPAUTCITEL-20250522-1721
2025-05-22 17:21:31,141 - INFO - 
🔍 Processando block volume: LinuxTSPlus30_Banco1LinuxTSPlus30_clone2904_clone070525
2025-05-22 17:21:31,445 - INFO - ✅ Backup criado: BlockBackup-LinuxTSPlus30_Banco1LinuxTSPlus30_clone2904_clone070525-BKPAUTCITEL-20250522-1721
2025-05-22 17:21:31,972 - INFO - 
🔍 Processando block volume: Banco-1-LinuxData012_clone070525
2025-05-22 17:21:32,096 - WARNING - ⚠️ Tentativa 1: Limite de requisições. Aguardando 5s...
2025-05-22 17:21:40,083 - WARNING - ⚠️ Tentativa 2: Limite de requisições. Aguardando 10s...
2025-05-22 17:21:54,788 - WARNING - ⚠️ Tentativa 3: Limite de requisições. Aguardando 20s...
2025-05-22 17:22:17,935 - INFO - ✅ Backup criado: BlockBackup-Banco-1-LinuxData012_clone070525-BKPAUTCITEL-20250522-1721
2025-05-22 17:22:18,461 - INFO - 
🔍 Processando block volume: Banco2-LinuxData012_clone070525
2025-05-22 17:22:18,862 - INFO - ✅ Backup criado: BlockBackup-Banco2-LinuxData012_clone070525-BKPAUTCITEL-20250522-1722
2025-05-22 17:22:19,376 - INFO - 
🔍 Processando block volume: Banco3-LinuxData012_clone070525
2025-05-22 17:22:19,686 - INFO - ✅ Backup criado: BlockBackup-Banco3-LinuxData012_clone070525-BKPAUTCITEL-20250522-1722
2025-05-22 17:22:20,230 - INFO - 
🔍 Processando block volume: LinuxTSPlus10_BKOPalacioTKT651385_clone2904_clone070525
2025-05-22 17:22:20,536 - INFO - ✅ Backup criado: BlockBackup-LinuxTSPlus10_BKOPalacioTKT651385_clone2904_clone070525-BKPAUTCITEL-20250522-1722
2025-05-22 17:22:21,077 - INFO - 
🔍 Processando block volume: LinuxTSPlus10_Banco4LinuxTSPlus10_clone2904_clone070525
2025-05-22 17:22:21,391 - INFO - ✅ Backup criado: BlockBackup-LinuxTSPlus10_Banco4LinuxTSPlus10_clone2904_clone070525-BKPAUTCITEL-20250522-1722
2025-05-22 17:22:21,914 - INFO - 
🔍 Processando block volume: LinuxTSPlus10_Banco5LinuxTSPlus10_clone2904_clone070525
2025-05-22 17:22:22,200 - INFO - ✅ Backup criado: BlockBackup-LinuxTSPlus10_Banco5LinuxTSPlus10_clone2904_clone070525-BKPAUTCITEL-20250522-1722
2025-05-22 17:22:22,776 - INFO - 
🔍 Processando block volume: LinuxTSPlus10_GeB_clone2904_clone070525
2025-05-22 17:22:23,050 - INFO - ✅ Backup criado: BlockBackup-LinuxTSPlus10_GeB_clone2904_clone070525-BKPAUTCITEL-20250522-1722
2025-05-22 17:22:23,560 - INFO - 
🔍 Processando block volume: LinuxTSPlus55_Banco1BR55_clone2904_clone070525
2025-05-22 17:22:23,684 - WARNING - ⚠️ Tentativa 1: Limite de requisições. Aguardando 5s...
2025-05-22 17:22:31,679 - INFO - ✅ Backup criado: BlockBackup-LinuxTSPlus55_Banco1BR55_clone2904_clone070525-BKPAUTCITEL-20250522-1722
2025-05-22 17:22:32,194 - INFO - 
🔍 Processando block volume: LinuxTSPlus55_Banco3BR55_clone2904_clone070525
2025-05-22 17:22:32,506 - INFO - ✅ Backup criado: BlockBackup-LinuxTSPlus55_Banco3BR55_clone2904_clone070525-BKPAUTCITEL-20250522-1722
2025-05-22 17:22:33,024 - INFO - 
🔍 Processando block volume: LinuxTSPlus65_Banco1LinuxTSPLUS65_clone2904_clone070525
2025-05-22 17:22:33,147 - WARNING - ⚠️ Tentativa 1: Limite de requisições. Aguardando 5s...
2025-05-22 17:22:39,893 - INFO - ✅ Backup criado: BlockBackup-LinuxTSPlus65_Banco1LinuxTSPLUS65_clone2904_clone070525-BKPAUTCITEL-20250522-1722
2025-05-22 17:22:40,417 - INFO - 
🔍 Processando block volume: LinuxTSPlus65_Banco2LinuxTSPLUS65_clone2904_clone070525
2025-05-22 17:22:40,540 - WARNING - ⚠️ Tentativa 1: Limite de requisições. Aguardando 5s...
2025-05-22 17:22:46,820 - WARNING - ⚠️ Tentativa 2: Limite de requisições. Aguardando 10s...
2025-05-22 17:23:01,366 - INFO - ✅ Backup criado: BlockBackup-LinuxTSPlus65_Banco2LinuxTSPLUS65_clone2904_clone070525-BKPAUTCITEL-20250522-1722
2025-05-22 17:23:01,896 - INFO - 
🔍 Processando block volume: LinuxTSPlus65_Banco3LinuxTSPLUS65_clone2904_clone070525
2025-05-22 17:23:02,018 - WARNING - ⚠️ Tentativa 1: Limite de requisições. Aguardando 5s...
2025-05-22 17:23:11,525 - INFO - ✅ Backup criado: BlockBackup-LinuxTSPlus65_Banco3LinuxTSPLUS65_clone2904_clone070525-BKPAUTCITEL-20250522-1723
2025-05-22 17:23:12,049 - INFO - 
🔍 Processando block volume: LinuxTSPlus65_BinariosLinuxTSPLUS65_clone2904_clone070525
2025-05-22 17:23:12,309 - INFO - ✅ Backup criado: BlockBackup-LinuxTSPlus65_BinariosLinuxTSPLUS65_clone2904_clone070525-BKPAUTCITEL-20250522-1723
2025-05-22 17:23:12,857 - INFO - 
🔍 Processando block volume: LinuxTSPlus28_Banco2LinuxTSPlus28_clone2904_clone070525
2025-05-22 17:23:12,980 - WARNING - ⚠️ Tentativa 1: Limite de requisições. Aguardando 5s...
2025-05-22 17:23:22,680 - INFO - ✅ Backup criado: BlockBackup-LinuxTSPlus28_Banco2LinuxTSPlus28_clone2904_clone070525-BKPAUTCITEL-20250522-1723
2025-05-22 17:23:23,223 - INFO - 
🔍 Processando block volume: LinuxTSPlus28_bancos3_BR28_clone2904_clone070525
2025-05-22 17:23:23,505 - INFO - ✅ Backup criado: BlockBackup-LinuxTSPlus28_bancos3_BR28_clone2904_clone070525-BKPAUTCITEL-20250522-1723
2025-05-22 17:23:24,038 - INFO - 
🔍 Processando block volume: LinuxTSPlus29_Banco1LinuxTSPlus29_clone2904_clone070525
2025-05-22 17:23:24,400 - INFO - ✅ Backup criado: BlockBackup-LinuxTSPlus29_Banco1LinuxTSPlus29_clone2904_clone070525-BKPAUTCITEL-20250522-1723
2025-05-22 17:23:24,930 - INFO - 
🔍 Processando block volume: LinuxTSPlus29_Bancos2_BR29_clone2904_clone070525
2025-05-22 17:23:25,237 - INFO - ✅ Backup criado: BlockBackup-LinuxTSPlus29_Bancos2_BR29_clone2904_clone070525-BKPAUTCITEL-20250522-1723
2025-05-22 17:23:25,754 - INFO - 
🔍 Processando block volume: LinuxTSPlus29_Bancos3_BR29_clone2904_clone070525
2025-05-22 17:23:25,877 - WARNING - ⚠️ Tentativa 1: Limite de requisições. Aguardando 5s...
2025-05-22 17:23:34,886 - WARNING - ⚠️ Tentativa 2: Limite de requisições. Aguardando 10s...
2025-05-22 17:23:46,192 - WARNING - ⚠️ Tentativa 3: Limite de requisições. Aguardando 20s...
2025-05-22 17:24:11,224 - WARNING - ⚠️ Tentativa 4: Limite de requisições. Aguardando 40s...
2025-05-22 17:24:56,425 - INFO - ✅ Backup criado: BlockBackup-LinuxTSPlus29_Bancos3_BR29_clone2904_clone070525-BKPAUTCITEL-20250522-1723
2025-05-22 17:24:56,942 - INFO - 
🔍 Processando block volume: LinuxTSPlus72_Banco2BR_72_clone2904_clone070525
2025-05-22 17:24:57,065 - WARNING - ⚠️ Tentativa 1: Limite de requisições. Aguardando 5s...
2025-05-22 17:25:06,489 - INFO - ✅ Backup criado: BlockBackup-LinuxTSPlus72_Banco2BR_72_clone2904_clone070525-BKPAUTCITEL-20250522-1724
2025-05-22 17:25:07,015 - INFO - 
🔍 Processando block volume: LinuxTSPlus72_BancoBR_clone2904_clone070525
2025-05-22 17:25:07,323 - INFO - ✅ Backup criado: BlockBackup-LinuxTSPlus72_BancoBR_clone2904_clone070525-BKPAUTCITEL-20250522-1725
2025-05-22 17:25:07,844 - INFO - 
🔍 Processando block volume: LinuxTSPlus43_Banco1LinuxTSPLUS43_clone2904_clone070525
2025-05-22 17:25:08,128 - INFO - ✅ Backup criado: BlockBackup-LinuxTSPlus43_Banco1LinuxTSPLUS43_clone2904_clone070525-BKPAUTCITEL-20250522-1725
2025-05-22 17:25:08,657 - INFO - 
🔍 Processando block volume: LinuxTSPlus43_HD4-LinuxDBA_clone2904_clone070525
2025-05-22 17:25:08,964 - INFO - ✅ Backup criado: BlockBackup-LinuxTSPlus43_HD4-LinuxDBA_clone2904_clone070525-BKPAUTCITEL-20250522-1725
2025-05-22 17:25:09,492 - INFO - 
🔍 Processando block volume: LinuxTSPlus50_Banco1LinuxTSPlus50_clone2904_clone070525
2025-05-22 17:25:09,838 - INFO - ✅ Backup criado: BlockBackup-LinuxTSPlus50_Banco1LinuxTSPlus50_clone2904_clone070525-BKPAUTCITEL-20250522-1725
2025-05-22 17:25:10,357 - INFO - 
🔍 Processando block volume: LinuxTSPlus37_Banco1LinuxTSPLUS37_clone2904_clone070525
2025-05-22 17:25:10,480 - WARNING - ⚠️ Tentativa 1: Limite de requisições. Aguardando 5s...
2025-05-22 17:25:17,837 - INFO - ✅ Backup criado: BlockBackup-LinuxTSPlus37_Banco1LinuxTSPLUS37_clone2904_clone070525-BKPAUTCITEL-20250522-1725
2025-05-22 17:25:18,354 - INFO - 
🔍 Processando block volume: LinuxTSPlus37_Banco2LinuxTSPLUS37_clone2904_clone070525
2025-05-22 17:25:18,636 - INFO - ✅ Backup criado: BlockBackup-LinuxTSPlus37_Banco2LinuxTSPLUS37_clone2904_clone070525-BKPAUTCITEL-20250522-1725
2025-05-22 17:25:19,152 - INFO - 
🔍 Processando block volume: LinuxTSPlus37_Banco1LinuxTSPLUS40_clone2904_clone070525
2025-05-22 17:25:19,275 - WARNING - ⚠️ Tentativa 1: Limite de requisições. Aguardando 5s...
2025-05-22 17:25:26,418 - INFO - ✅ Backup criado: BlockBackup-LinuxTSPlus37_Banco1LinuxTSPLUS40_clone2904_clone070525-BKPAUTCITEL-20250522-1725
2025-05-22 17:25:26,945 - INFO - 
🔍 Processando block volume: LinuxTSPlus32_Banco1LinuxTSPLUS32_clone2904_clone070525
2025-05-22 17:25:27,265 - INFO - ✅ Backup criado: BlockBackup-LinuxTSPlus32_Banco1LinuxTSPLUS32_clone2904_clone070525-BKPAUTCITEL-20250522-1725
2025-05-22 17:25:27,789 - INFO - 
🔍 Processando block volume: LinuxTSPlus32_Banco2LinuxTSPLUS32_clone2904_clone070525
2025-05-22 17:25:28,078 - INFO - ✅ Backup criado: BlockBackup-LinuxTSPlus32_Banco2LinuxTSPLUS32_clone2904_clone070525-BKPAUTCITEL-20250522-1725
2025-05-22 17:25:28,599 - INFO - 
🔍 Processando block volume: LinuxTSPlus2_Banco1LinuxTSPlus2_clone2904_clone070525
2025-05-22 17:25:28,725 - WARNING - ⚠️ Tentativa 1: Limite de requisições. Aguardando 5s...
2025-05-22 17:25:34,284 - WARNING - ⚠️ Tentativa 2: Limite de requisições. Aguardando 10s...
2025-05-22 17:25:49,888 - INFO - ✅ Backup criado: BlockBackup-LinuxTSPlus2_Banco1LinuxTSPlus2_clone2904_clone070525-BKPAUTCITEL-20250522-1725
2025-05-22 17:25:50,416 - INFO - 
🔍 Processando block volume: LinuxTSPlus2_Banco_PalacioFerramentas_clone2904_clone070525
2025-05-22 17:25:50,699 - INFO - ✅ Backup criado: BlockBackup-LinuxTSPlus2_Banco_PalacioFerramentas_clone2904_clone070525-BKPAUTCITEL-20250522-1725
2025-05-22 17:25:51,216 - INFO - 
🔍 Processando block volume: LinuxTSPlus2_Bancos2_BR02_clone2904_clone070525
2025-05-22 17:25:51,339 - WARNING - ⚠️ Tentativa 1: Limite de requisições. Aguardando 5s...
2025-05-22 17:26:01,475 - INFO - ✅ Backup criado: BlockBackup-LinuxTSPlus2_Bancos2_BR02_clone2904_clone070525-BKPAUTCITEL-20250522-1725
2025-05-22 17:26:02,034 - INFO - 
🔍 Processando block volume: LinuxTSPlus25_Banco1LinuxTSPlus25_clone2904_clone070525
2025-05-22 17:26:02,349 - INFO - ✅ Backup criado: BlockBackup-LinuxTSPlus25_Banco1LinuxTSPlus25_clone2904_clone070525-BKPAUTCITEL-20250522-1726
2025-05-22 17:26:02,869 - INFO - 
🔍 Processando block volume: LinuxTSPlus25_Bancos3_BR25_clone2904_clone070525
2025-05-22 17:26:03,143 - INFO - ✅ Backup criado: BlockBackup-LinuxTSPlus25_Bancos3_BR25_clone2904_clone070525-BKPAUTCITEL-20250522-1726
2025-05-22 17:26:03,664 - INFO - 
🔍 Processando block volume: LinuxTSPlus1_Banco3LinuxTSPlus1_clone2904_clone070525
2025-05-22 17:26:04,016 - INFO - ✅ Backup criado: BlockBackup-LinuxTSPlus1_Banco3LinuxTSPlus1_clone2904_clone070525-BKPAUTCITEL-20250522-1726
2025-05-22 17:26:04,535 - INFO - 
🔍 Processando block volume: LinuxTSPlus1_Bancos4_BR01_clone2904_clone070525
2025-05-22 17:26:04,852 - INFO - ✅ Backup criado: BlockBackup-LinuxTSPlus1_Bancos4_BR01_clone2904_clone070525-BKPAUTCITEL-20250522-1726
2025-05-22 17:26:05,379 - INFO - 
🔍 Processando block volume: LinuxTSPlus1_Bancos5_BR1_clone2904_clone070525
2025-05-22 17:26:05,502 - WARNING - ⚠️ Tentativa 1: Limite de requisições. Aguardando 5s...
2025-05-22 17:26:15,946 - INFO - ✅ Backup criado: BlockBackup-LinuxTSPlus1_Bancos5_BR1_clone2904_clone070525-BKPAUTCITEL-20250522-1726
2025-05-22 17:26:16,483 - INFO - 
🔍 Processando block volume: LinuxTSPlus1_blockvolume_clone2904_clone070525
2025-05-22 17:26:16,797 - INFO - ✅ Backup criado: BlockBackup-LinuxTSPlus1_blockvolume_clone2904_clone070525-BKPAUTCITEL-20250522-1726
2025-05-22 17:26:17,311 - INFO - 
🔍 Processando block volume: Banco2-LinuxData013_clone070525
2025-05-22 17:26:17,624 - INFO - ✅ Backup criado: BlockBackup-Banco2-LinuxData013_clone070525-BKPAUTCITEL-20250522-1726
2025-05-22 17:26:18,157 - INFO - 
🔍 Processando block volume: Banco3-LinuxData013_clone070525
2025-05-22 17:26:18,281 - WARNING - ⚠️ Tentativa 1: Limite de requisições. Aguardando 5s...
2025-05-22 17:26:24,420 - WARNING - ⚠️ Tentativa 2: Limite de requisições. Aguardando 10s...
2025-05-22 17:26:39,138 - INFO - ✅ Backup criado: BlockBackup-Banco3-LinuxData013_clone070525-BKPAUTCITEL-20250522-1726
2025-05-22 17:26:39,674 - INFO - 
🔍 Processando block volume: Banco1-LinuxData013_clone070525
2025-05-22 17:26:39,957 - INFO - ✅ Backup criado: BlockBackup-Banco1-LinuxData013_clone070525-BKPAUTCITEL-20250522-1726
2025-05-22 17:26:40,478 - INFO - 
🔍 Processando block volume: LinuxTSPlus14_BackupCoresVivas TKT 902822_clone2904_clone070525
2025-05-22 17:26:40,759 - INFO - ✅ Backup criado: BlockBackup-LinuxTSPlus14_BackupCoresVivas TKT 902822_clone2904_clone070525-BKPAUTCITEL-20250522-1726
2025-05-22 17:26:41,303 - INFO - 
🔍 Processando block volume: LinuxTSPlus14_Banco2LinuxTSPlus14_clone2904_clone070525
2025-05-22 17:26:41,432 - WARNING - ⚠️ Tentativa 1: Limite de requisições. Aguardando 5s...
2025-05-22 17:26:47,326 - WARNING - ⚠️ Tentativa 2: Limite de requisições. Aguardando 10s...
2025-05-22 17:27:00,404 - INFO - ✅ Backup criado: BlockBackup-LinuxTSPlus14_Banco2LinuxTSPlus14_clone2904_clone070525-BKPAUTCITEL-20250522-1726
2025-05-22 17:27:00,938 - INFO - 
🔍 Processando block volume: LinuxTSPlus9-Banco1LinuxTSPlus9-clone2904_clone070525
2025-05-22 17:27:01,063 - WARNING - ⚠️ Tentativa 1: Limite de requisições. Aguardando 5s...
2025-05-22 17:27:07,359 - INFO - ✅ Backup criado: BlockBackup-LinuxTSPlus9-Banco1LinuxTSPlus9-clone2904_clone070525-BKPAUTCITEL-20250522-1727
2025-05-22 17:27:07,877 - INFO - 
🔍 Processando block volume: LinuxTSPlus9-Banco3LinuxTSPlus9-clone2904_clone070525
2025-05-22 17:27:08,000 - WARNING - ⚠️ Tentativa 1: Limite de requisições. Aguardando 5s...
2025-05-22 17:27:13,845 - INFO - ✅ Backup criado: BlockBackup-LinuxTSPlus9-Banco3LinuxTSPlus9-clone2904_clone070525-BKPAUTCITEL-20250522-1727
2025-05-22 17:27:14,378 - INFO - 
🔍 Processando block volume: LinuxTSPlus14_BancoUbertintasTSPlus14_clone2904_clone070525
2025-05-22 17:27:14,673 - INFO - ✅ Backup criado: BlockBackup-LinuxTSPlus14_BancoUbertintasTSPlus14_clone2904_clone070525-BKPAUTCITEL-20250522-1727
2025-05-22 17:27:15,202 - INFO - 
🔍 Processando block volume: LinuxTSPlus9-Bancos4_BR9-clone2904_clone070525
2025-05-22 17:27:15,324 - WARNING - ⚠️ Tentativa 1: Limite de requisições. Aguardando 5s...
2025-05-22 17:27:21,404 - INFO - ✅ Backup criado: BlockBackup-LinuxTSPlus9-Bancos4_BR9-clone2904_clone070525-BKPAUTCITEL-20250522-1727
2025-05-22 17:27:21,925 - INFO - 
🔍 Processando block volume: LinuxTSPlus8-Banco1LinuxTSPlus8-clone2904_clone070525
2025-05-22 17:27:22,199 - INFO - ✅ Backup criado: BlockBackup-LinuxTSPlus8-Banco1LinuxTSPlus8-clone2904_clone070525-BKPAUTCITEL-20250522-1727
2025-05-22 17:27:22,725 - INFO - 
🔍 Processando block volume: LinuxTSPlus8-Banco3LinuxTSPlus8-clone2904_clone070525
2025-05-22 17:27:22,848 - WARNING - ⚠️ Tentativa 1: Limite de requisições. Aguardando 5s...
2025-05-22 17:27:33,361 - INFO - ✅ Backup criado: BlockBackup-LinuxTSPlus8-Banco3LinuxTSPlus8-clone2904_clone070525-BKPAUTCITEL-20250522-1727
2025-05-22 17:27:33,880 - INFO - 
🔍 Processando block volume: LinuxTSPlus16_Banco1LinuxTSPlus16_clone2904_clone070525
2025-05-22 17:27:34,003 - WARNING - ⚠️ Tentativa 1: Limite de requisições. Aguardando 5s...
2025-05-22 17:27:41,720 - INFO - ✅ Backup criado: BlockBackup-LinuxTSPlus16_Banco1LinuxTSPlus16_clone2904_clone070525-BKPAUTCITEL-20250522-1727
2025-05-22 17:27:42,243 - INFO - 
🔍 Processando block volume: LinuxTSPlus16_Banco2LinuxTSPlus16_clone2904_clone070525
2025-05-22 17:27:42,519 - INFO - ✅ Backup criado: BlockBackup-LinuxTSPlus16_Banco2LinuxTSPlus16_clone2904_clone070525-BKPAUTCITEL-20250522-1727
2025-05-22 17:27:43,039 - INFO - 
🔍 Processando block volume: LinuxTSPlus7-Banco2LinuxTSPlus7-block-clone2904_clone070525
2025-05-22 17:27:43,325 - INFO - ✅ Backup criado: BlockBackup-LinuxTSPlus7-Banco2LinuxTSPlus7-block-clone2904_clone070525-BKPAUTCITEL-20250522-1727
2025-05-22 17:27:43,861 - INFO - 
🔍 Processando block volume: LinuxTSPlus7-Banco3LinuxTSPlus7-block-clone2904_clone070525
2025-05-22 17:27:44,167 - INFO - ✅ Backup criado: BlockBackup-LinuxTSPlus7-Banco3LinuxTSPlus7-block-clone2904_clone070525-BKPAUTCITEL-20250522-1727
2025-05-22 17:27:44,690 - INFO - 
🔍 Processando block volume: LinuxTSPlus7-Banco3_BR7-block-clone2904_clone070525
2025-05-22 17:27:44,974 - INFO - ✅ Backup criado: BlockBackup-LinuxTSPlus7-Banco3_BR7-block-clone2904_clone070525-BKPAUTCITEL-20250522-1727
2025-05-22 17:27:45,493 - INFO - 
🔍 Processando block volume: LinuxTSPlus17_Banco2LinuxTSPlus17_clone2904_clone070525
2025-05-22 17:27:45,756 - INFO - ✅ Backup criado: BlockBackup-LinuxTSPlus17_Banco2LinuxTSPlus17_clone2904_clone070525-BKPAUTCITEL-20250522-1727
2025-05-22 17:27:46,263 - INFO - 
🔍 Processando block volume: LinuxTSPlus17_BancoPRODBelaTintas_clone2904_clone070525
2025-05-22 17:27:46,385 - WARNING - ⚠️ Tentativa 1: Limite de requisições. Aguardando 5s...
2025-05-22 17:27:53,516 - WARNING - ⚠️ Tentativa 2: Limite de requisições. Aguardando 10s...
2025-05-22 17:28:05,879 - INFO - ✅ Backup criado: BlockBackup-LinuxTSPlus17_BancoPRODBelaTintas_clone2904_clone070525-BKPAUTCITEL-20250522-1727
2025-05-22 17:28:06,401 - INFO - 
🔍 Processando block volume: LinuxTSPlus17_HD5-LinuxDBAs_clone2904_clone070525
2025-05-22 17:28:06,676 - INFO - ✅ Backup criado: BlockBackup-LinuxTSPlus17_HD5-LinuxDBAs_clone2904_clone070525-BKPAUTCITEL-20250522-1728
2025-05-22 17:28:07,234 - INFO - 
🔍 Processando block volume: LinuxTSPlus6-Banco3LinuxTSPlus6-block-clone2904_clone070525
2025-05-22 17:28:07,357 - WARNING - ⚠️ Tentativa 1: Limite de requisições. Aguardando 5s...
2025-05-22 17:28:13,045 - INFO - ✅ Backup criado: BlockBackup-LinuxTSPlus6-Banco3LinuxTSPlus6-block-clone2904_clone070525-BKPAUTCITEL-20250522-1728
2025-05-22 17:28:13,557 - INFO - 
🔍 Processando block volume: LinuxTSPlus6-Banco4LinuxTSPlus6-block-clone2904_clone070525
2025-05-22 17:28:13,839 - INFO - ✅ Backup criado: BlockBackup-LinuxTSPlus6-Banco4LinuxTSPlus6-block-clone2904_clone070525-BKPAUTCITEL-20250522-1728
2025-05-22 17:28:14,361 - INFO - 
🔍 Processando block volume: LinuxTSPlus18-Banco1LinuxTSPlus18-block-2904_clone070525
2025-05-22 17:28:14,485 - WARNING - ⚠️ Tentativa 1: Limite de requisições. Aguardando 5s...
2025-05-22 17:28:23,536 - INFO - ✅ Backup criado: BlockBackup-LinuxTSPlus18-Banco1LinuxTSPlus18-block-2904_clone070525-BKPAUTCITEL-20250522-1728
2025-05-22 17:28:24,059 - INFO - 
🔍 Processando block volume: LinuxTSPlus18-Banco2LinuxTSPlus18-block-2904_clone070525
2025-05-22 17:28:24,350 - INFO - ✅ Backup criado: BlockBackup-LinuxTSPlus18-Banco2LinuxTSPlus18-block-2904_clone070525-BKPAUTCITEL-20250522-1728
2025-05-22 17:28:24,891 - INFO - 
🔍 Processando block volume: LinuxTSPlus18-Bancos4_BR18-block-2904_clone070525
2025-05-22 17:28:25,013 - WARNING - ⚠️ Tentativa 1: Limite de requisições. Aguardando 5s...
2025-05-22 17:28:31,812 - WARNING - ⚠️ Tentativa 2: Limite de requisições. Aguardando 10s...
2025-05-22 17:28:46,370 - INFO - ✅ Backup criado: BlockBackup-LinuxTSPlus18-Bancos4_BR18-block-2904_clone070525-BKPAUTCITEL-20250522-1728
2025-05-22 17:28:46,908 - INFO - 
🔍 Processando block volume: LinuxTsplus59-Banco2Linux59-block-clone2904_clone070525
2025-05-22 17:28:47,211 - INFO - ✅ Backup criado: BlockBackup-LinuxTsplus59-Banco2Linux59-block-clone2904_clone070525-BKPAUTCITEL-20250522-1728
2025-05-22 17:28:47,746 - INFO - 
🔍 Processando block volume: LinuxTsplus59-BancoLinux59-block-clone2904_clone070525
2025-05-22 17:28:48,036 - INFO - ✅ Backup criado: BlockBackup-LinuxTsplus59-BancoLinux59-block-clone2904_clone070525-BKPAUTCITEL-20250522-1728
2025-05-22 17:28:48,546 - INFO - 
🔍 Processando block volume: LinuxTSPlus19_Banco1LinuxTSPlus19_clone2904_clone070525
2025-05-22 17:28:48,669 - WARNING - ⚠️ Tentativa 1: Limite de requisições. Aguardando 5s...
2025-05-22 17:28:57,516 - INFO - ✅ Backup criado: BlockBackup-LinuxTSPlus19_Banco1LinuxTSPlus19_clone2904_clone070525-BKPAUTCITEL-20250522-1728
2025-05-22 17:28:58,035 - INFO - 
🔍 Processando block volume: LinuxTSPlus19_Banco3LinuxTSPlus19_clone2904_clone070525
2025-05-22 17:28:58,393 - INFO - ✅ Backup criado: BlockBackup-LinuxTSPlus19_Banco3LinuxTSPlus19_clone2904_clone070525-BKPAUTCITEL-20250522-1728
2025-05-22 17:28:58,917 - INFO - 
🔍 Processando block volume: LinuxTSPlus20_Banco1LinuxTSPlus20_clone2904_clone070525
2025-05-22 17:28:59,200 - INFO - ✅ Backup criado: BlockBackup-LinuxTSPlus20_Banco1LinuxTSPlus20_clone2904_clone070525-BKPAUTCITEL-20250522-1728
2025-05-22 17:28:59,720 - INFO - 
🔍 Processando block volume: LinuxTSPlus20_Banco2LinuxTSPlus20_clone2904_clone070525
2025-05-22 17:29:00,007 - INFO - ✅ Backup criado: BlockBackup-LinuxTSPlus20_Banco2LinuxTSPlus20_clone2904_clone070525-BKPAUTCITEL-20250522-1728
2025-05-22 17:29:00,523 - INFO - 
🔍 Processando block volume: LinuxTSPlus20_Banco3_BR20_clone2904_clone070525
2025-05-22 17:29:00,646 - WARNING - ⚠️ Tentativa 1: Limite de requisições. Aguardando 5s...
2025-05-22 17:29:10,319 - WARNING - ⚠️ Tentativa 2: Limite de requisições. Aguardando 10s...
2025-05-22 17:29:25,899 - INFO - ✅ Backup criado: BlockBackup-LinuxTSPlus20_Banco3_BR20_clone2904_clone070525-BKPAUTCITEL-20250522-1729
2025-05-22 17:29:26,418 - INFO - 
🔍 Processando block volume: LinuxTSPlus20_Banco4LinuxTSPlus20_clone2904_clone070525
2025-05-22 17:29:26,708 - INFO - ✅ Backup criado: BlockBackup-LinuxTSPlus20_Banco4LinuxTSPlus20_clone2904_clone070525-BKPAUTCITEL-20250522-1729
2025-05-22 17:29:27,239 - INFO - 
🔍 Processando block volume: LinuxTSPlus5-Banco3LinuxBR5-block-clone2904_clone070525
2025-05-22 17:29:27,506 - INFO - ✅ Backup criado: BlockBackup-LinuxTSPlus5-Banco3LinuxBR5-block-clone2904_clone070525-BKPAUTCITEL-20250522-1729
2025-05-22 17:29:28,021 - INFO - 
🔍 Processando block volume: LinuxTSPlus5-Banco2LinuxBR5-block-clone2904_clone070525
2025-05-22 17:29:28,318 - INFO - ✅ Backup criado: BlockBackup-LinuxTSPlus5-Banco2LinuxBR5-block-clone2904_clone070525-BKPAUTCITEL-20250522-1729
2025-05-22 17:29:28,839 - INFO - 
🔍 Processando block volume: Banco1-LinuxData004_clone070525
2025-05-22 17:29:29,126 - INFO - ✅ Backup criado: BlockBackup-Banco1-LinuxData004_clone070525-BKPAUTCITEL-20250522-1729
2025-05-22 17:29:29,647 - INFO - 
🔍 Processando block volume: Banco2-LinuxData004_clone070525
2025-05-22 17:29:29,770 - WARNING - ⚠️ Tentativa 1: Limite de requisições. Aguardando 5s...
2025-05-22 17:29:36,136 - WARNING - ⚠️ Tentativa 2: Limite de requisições. Aguardando 10s...
2025-05-22 17:29:51,185 - WARNING - ⚠️ Tentativa 3: Limite de requisições. Aguardando 20s...
2025-05-22 17:30:14,837 - INFO - ✅ Backup criado: BlockBackup-Banco2-LinuxData004_clone070525-BKPAUTCITEL-20250522-1729
2025-05-22 17:30:15,366 - INFO - 
🔍 Processando block volume: Banco3-LinuxData004_clone070525
2025-05-22 17:30:15,658 - INFO - ✅ Backup criado: BlockBackup-Banco3-LinuxData004_clone070525-BKPAUTCITEL-20250522-1730
2025-05-22 17:30:16,303 - INFO - 
🔍 Processando block volume: LinuxTSPlus48-block-Restore_clone070525
2025-05-22 17:30:16,426 - WARNING - ⚠️ Tentativa 1: Limite de requisições. Aguardando 5s...
2025-05-22 17:30:23,261 - INFO - ✅ Backup criado: BlockBackup-LinuxTSPlus48-block-Restore_clone070525-BKPAUTCITEL-20250522-1730
2025-05-22 17:30:23,791 - INFO - 
🔍 Processando block volume: LinuxData007-Banco4_clone070525
2025-05-22 17:30:24,111 - INFO - ✅ Backup criado: BlockBackup-LinuxData007-Banco4_clone070525-BKPAUTCITEL-20250522-1730
2025-05-22 17:30:24,677 - INFO - 
🔍 Processando block volume: Banco2LinuxBR21-Restore_clone070525
2025-05-22 17:30:24,991 - INFO - ✅ Backup criado: BlockBackup-Banco2LinuxBR21-Restore_clone070525-BKPAUTCITEL-20250522-1730
2025-05-22 17:30:25,528 - INFO - 
🔍 Processando block volume: LinuxTSPlus41-block-Restore_clone070525
2025-05-22 17:30:25,798 - INFO - ✅ Backup criado: BlockBackup-LinuxTSPlus41-block-Restore_clone070525-BKPAUTCITEL-20250522-1730
2025-05-22 17:30:26,322 - INFO - 
🔍 Processando block volume: Banco1LinuxTSPlus26-Restore_clone070525
2025-05-22 17:30:26,445 - WARNING - ⚠️ Tentativa 1: Limite de requisições. Aguardando 5s...
2025-05-22 17:30:36,994 - INFO - ✅ Backup criado: BlockBackup-Banco1LinuxTSPlus26-Restore_clone070525-BKPAUTCITEL-20250522-1730
2025-05-22 17:30:37,512 - INFO - 
🔍 Processando block volume: LinuxTSPlus36-block-Restore_clone070525
2025-05-22 17:30:37,841 - INFO - ✅ Backup criado: BlockBackup-LinuxTSPlus36-block-Restore_clone070525-BKPAUTCITEL-20250522-1730
2025-05-22 17:30:38,370 - INFO - 
🔍 Processando block volume: LinuxTSPlus34-Bancos3_BR34-backup-Restore_clone070525
2025-05-22 17:30:38,492 - WARNING - ⚠️ Tentativa 1: Limite de requisições. Aguardando 5s...
2025-05-22 17:30:47,070 - INFO - ✅ Backup criado: BlockBackup-LinuxTSPlus34-Bancos3_BR34-backup-Restore_clone070525-BKPAUTCITEL-20250522-1730
2025-05-22 17:30:47,593 - INFO - 
🔍 Processando block volume: LinuxTSPlus34-Bancos2_BR34-backup-Restore_clone070525
2025-05-22 17:30:47,715 - WARNING - ⚠️ Tentativa 1: Limite de requisições. Aguardando 5s...
2025-05-22 17:30:55,199 - WARNING - ⚠️ Tentativa 2: Limite de requisições. Aguardando 10s...
2025-05-22 17:31:09,562 - INFO - ✅ Backup criado: BlockBackup-LinuxTSPlus34-Bancos2_BR34-backup-Restore_clone070525-BKPAUTCITEL-20250522-1730
2025-05-22 17:31:10,092 - INFO - 
🔍 Processando block volume: Banco1LinuxTSPLUS33-Restore_clone070525
2025-05-22 17:31:10,379 - INFO - ✅ Backup criado: BlockBackup-Banco1LinuxTSPLUS33-Restore_clone070525-BKPAUTCITEL-20250522-1731
2025-05-22 17:31:10,911 - INFO - 
🔍 Processando block volume: Banco2BR33-Restore_clone070525
2025-05-22 17:31:11,034 - WARNING - ⚠️ Tentativa 1: Limite de requisições. Aguardando 5s...
2025-05-22 17:31:18,290 - WARNING - ⚠️ Tentativa 2: Limite de requisições. Aguardando 10s...
2025-05-22 17:31:31,736 - INFO - ✅ Backup criado: BlockBackup-Banco2BR33-Restore_clone070525-BKPAUTCITEL-20250522-1731
2025-05-22 17:31:32,268 - INFO - 
🔍 Processando block volume: LinuxTSPlus34-Banco1LinuxTSPLUS34-backup-Restore_clone070525
2025-05-22 17:31:32,558 - INFO - ✅ Backup criado: BlockBackup-LinuxTSPlus34-Banco1LinuxTSPLUS34-backup-Restore_clone070525-BKPAUTCITEL-20250522-1731
2025-05-22 17:31:33,082 - INFO - 
🔍 Processando block volume: LinuxTSPlus1-Restore1_clone070525
2025-05-22 17:31:33,373 - INFO - ✅ Backup criado: BlockBackup-LinuxTSPlus1-Restore1_clone070525-BKPAUTCITEL-20250522-1731
2025-05-22 17:31:33,900 - INFO - 
🔍 Processando block volume: Bancos5_BR1-Restore2_clone070525
2025-05-22 17:31:34,192 - INFO - ✅ Backup criado: BlockBackup-Bancos5_BR1-Restore2_clone070525-BKPAUTCITEL-20250522-1731
2025-05-22 17:31:34,701 - INFO - 
🔍 Processando block volume: Bancos4_BR01-Restore3_clone070525
2025-05-22 17:31:34,825 - WARNING - ⚠️ Tentativa 1: Limite de requisições. Aguardando 5s...
2025-05-22 17:31:44,854 - INFO - ✅ Backup criado: BlockBackup-Bancos4_BR01-Restore3_clone070525-BKPAUTCITEL-20250522-1731
2025-05-22 17:31:45,387 - INFO - 
🔍 Processando block volume: Banco3LinuxTSPlus1-Restore4_clone070525
2025-05-22 17:31:45,700 - INFO - ✅ Backup criado: BlockBackup-Banco3LinuxTSPlus1-Restore4_clone070525-BKPAUTCITEL-20250522-1731
2025-05-22 17:31:46,218 - INFO - 
🔍 Processando block volume: Banco1LinuxTSPlus24-Restore_clone070525
2025-05-22 17:31:46,472 - INFO - ✅ Backup criado: BlockBackup-Banco1LinuxTSPlus24-Restore_clone070525-BKPAUTCITEL-20250522-1731
2025-05-22 17:31:47,009 - INFO - 
🔍 Processando block volume: Banco1LinuxTSPlus22-Restore_clone070525
2025-05-22 17:31:47,302 - INFO - ✅ Backup criado: BlockBackup-Banco1LinuxTSPlus22-Restore_clone070525-BKPAUTCITEL-20250522-1731
2025-05-22 17:31:47,822 - INFO - 
🔍 Processando block volume: Banco3LinuxTSPlus22-Restore_clone070525
2025-05-22 17:31:47,962 - WARNING - ⚠️ Tentativa 1: Limite de requisições. Aguardando 5s...
2025-05-22 17:31:55,155 - INFO - ✅ Backup criado: BlockBackup-Banco3LinuxTSPlus22-Restore_clone070525-BKPAUTCITEL-20250522-1731
2025-05-22 17:31:55,677 - INFO - 
🔍 Processando block volume: Banco2LinuxTSPlus22-Restore_clone070525
2025-05-22 17:31:55,800 - WARNING - ⚠️ Tentativa 1: Limite de requisições. Aguardando 5s...
2025-05-22 17:32:04,995 - WARNING - ⚠️ Tentativa 2: Limite de requisições. Aguardando 10s...
2025-05-22 17:32:19,432 - INFO - ✅ Backup criado: BlockBackup-Banco2LinuxTSPlus22-Restore_clone070525-BKPAUTCITEL-20250522-1731
2025-05-22 17:32:19,961 - INFO - 
🔍 Processando block volume: LinuxData010-PalacioTKT651385_clone070525
2025-05-22 17:32:20,261 - INFO - ✅ Backup criado: BlockBackup-LinuxData010-PalacioTKT651385_clone070525-BKPAUTCITEL-20250522-1732
2025-05-22 17:32:20,789 - INFO - 
🔍 Processando block volume: LinuxData010-Banco4_clone070525
2025-05-22 17:32:21,054 - INFO - ✅ Backup criado: BlockBackup-LinuxData010-Banco4_clone070525-BKPAUTCITEL-20250522-1732
2025-05-22 17:32:21,568 - INFO - 
🔍 Processando block volume: LinuxData010-Banco5_clone070525
2025-05-22 17:32:21,692 - WARNING - ⚠️ Tentativa 1: Limite de requisições. Aguardando 5s...
2025-05-22 17:32:30,706 - INFO - ✅ Backup criado: BlockBackup-LinuxData010-Banco5_clone070525-BKPAUTCITEL-20250522-1732
2025-05-22 17:32:31,261 - INFO - 
🔍 Processando block volume: LinuxData010-GeB_clone070525
2025-05-22 17:32:31,578 - INFO - ✅ Backup criado: BlockBackup-LinuxData010-GeB_clone070525-BKPAUTCITEL-20250522-1732
2025-05-22 17:32:32,097 - INFO - 
🔍 Processando block volume: Banco3LinuxTSPlus1-Restore4_copy_30-04-2025_clone070525
2025-05-22 17:32:32,399 - INFO - ✅ Backup criado: BlockBackup-Banco3LinuxTSPlus1-Restore4_copy_30-04-2025_clone070525-BKPAUTCITEL-20250522-1732
2025-05-22 17:32:32,922 - INFO - 
🔍 Processando block volume: Bancos5_BR1-Restore2_Copu_30-04-2025_clone070525
2025-05-22 17:32:33,045 - WARNING - ⚠️ Tentativa 1: Limite de requisições. Aguardando 5s...
2025-05-22 17:32:41,482 - INFO - ✅ Backup criado: BlockBackup-Bancos5_BR1-Restore2_Copu_30-04-2025_clone070525-BKPAUTCITEL-20250522-1732
2025-05-22 17:32:42,057 - INFO - 
🔍 Processando block volume: LinuxTSPlus1-Restore1_Copy_30-04-2025_clone070525
2025-05-22 17:32:42,182 - WARNING - ⚠️ Tentativa 1: Limite de requisições. Aguardando 5s...
2025-05-22 17:32:50,006 - WARNING - ⚠️ Tentativa 2: Limite de requisições. Aguardando 10s...
2025-05-22 17:33:05,252 - INFO - ✅ Backup criado: BlockBackup-LinuxTSPlus1-Restore1_Copy_30-04-2025_clone070525-BKPAUTCITEL-20250522-1732
2025-05-22 17:33:05,799 - INFO - 
🔍 Processando block volume: Bancos4_BR01-Restore3_Copy_30-04-2025_clone070525
2025-05-22 17:33:06,075 - INFO - ✅ Backup criado: BlockBackup-Bancos4_BR01-Restore3_Copy_30-04-2025_clone070525-BKPAUTCITEL-20250522-1733
2025-05-22 17:33:06,590 - INFO - 
🔍 Processando block volume: Banco1LinuxTSPlus2_Copy_30-04-2025_clone070525
2025-05-22 17:33:06,873 - INFO - ✅ Backup criado: BlockBackup-Banco1LinuxTSPlus2_Copy_30-04-2025_clone070525-BKPAUTCITEL-20250522-1733
2025-05-22 17:33:07,390 - INFO - 
🔍 Processando block volume: Banco_PalacioFerramentas_Copy_30-04-2025_clone070525
2025-05-22 17:33:07,667 - INFO - ✅ Backup criado: BlockBackup-Banco_PalacioFerramentas_Copy_30-04-2025_clone070525-BKPAUTCITEL-20250522-1733
2025-05-22 17:33:08,187 - INFO - 
🔍 Processando block volume: LinuxData002_Bancos2_BR02_Copy_30-04-2025_clone070525
2025-05-22 17:33:08,310 - WARNING - ⚠️ Tentativa 1: Limite de requisições. Aguardando 5s...
2025-05-22 17:33:17,826 - INFO - ✅ Backup criado: BlockBackup-LinuxData002_Bancos2_BR02_Copy_30-04-2025_clone070525-BKPAUTCITEL-20250522-1733
2025-05-22 17:33:18,349 - INFO - 
🔍 Processando block volume: LinuxData020-Banco3_BR20_clone070525
2025-05-22 17:33:18,631 - INFO - ✅ Backup criado: BlockBackup-LinuxData020-Banco3_BR20_clone070525-BKPAUTCITEL-20250522-1733
2025-05-22 17:33:19,149 - INFO - 
🔍 Processando block volume: Banco3_BR20-RESTORE_FILES_clone070525
2025-05-22 17:33:19,438 - INFO - ✅ Backup criado: BlockBackup-Banco3_BR20-RESTORE_FILES_clone070525-BKPAUTCITEL-20250522-1733
2025-05-22 17:33:19,968 - INFO - 
🔍 Processando block volume: LinuxData030_clone06052025_clone070525
2025-05-22 17:33:20,229 - INFO - ✅ Backup criado: BlockBackup-LinuxData030_clone06052025_clone070525-BKPAUTCITEL-20250522-1733
2025-05-22 17:33:20,756 - INFO - 
🔍 Processando block volume: LinuxDataBelaTintas_Replica
2025-05-22 17:33:21,040 - INFO - ✅ Backup criado: BlockBackup-LinuxDataBelaTintas_Replica-BKPAUTCITEL-20250522-1733
2025-05-22 17:33:21,554 - INFO - 
🔍 Processando block volume: Banco3LinuxTSPlus1-Replica
2025-05-22 17:33:21,677 - WARNING - ⚠️ Tentativa 1: Limite de requisições. Aguardando 5s...
2025-05-22 17:33:30,178 - WARNING - ⚠️ Tentativa 2: Limite de requisições. Aguardando 10s...
2025-05-22 17:33:42,709 - WARNING - ⚠️ Tentativa 3: Limite de requisições. Aguardando 20s...
2025-05-22 17:34:06,708 - INFO - ✅ Backup criado: BlockBackup-Banco3LinuxTSPlus1-Replica-BKPAUTCITEL-20250522-1733
2025-05-22 17:34:07,230 - INFO - 
🔍 Processando block volume: Bancos4_BR01-Replica
2025-05-22 17:34:07,545 - INFO - ✅ Backup criado: BlockBackup-Bancos4_BR01-Replica-BKPAUTCITEL-20250522-1734
2025-05-22 17:34:08,076 - INFO - 
🔍 Processando block volume: Bancos5_BR1-Replica
2025-05-22 17:34:08,386 - INFO - ✅ Backup criado: BlockBackup-Bancos5_BR1-Replica-BKPAUTCITEL-20250522-1734
2025-05-22 17:34:08,925 - INFO - 
🔍 Processando block volume: LinuxTSPlus1-Replica
2025-05-22 17:34:09,223 - INFO - ✅ Backup criado: BlockBackup-LinuxTSPlus1-Replica-BKPAUTCITEL-20250522-1734
2025-05-22 17:34:09,744 - INFO - 
🔍 Processando block volume: Banco1-LinuxData004_Replica-Teste
2025-05-22 17:34:09,867 - WARNING - ⚠️ Tentativa 1: Limite de requisições. Aguardando 5s...
2025-05-22 17:34:18,492 - INFO - ✅ Backup criado: BlockBackup-Banco1-LinuxData004_Replica-Teste-BKPAUTCITEL-20250522-1734
2025-05-22 17:34:19,093 - INFO - 
✅ Execução concluída com sucesso
