2025-05-22 15:11:33,783 - INFO - 
🔍 Processando block volume: LinuxTSPlus1_clone070525
2025-05-22 15:11:34,088 - INFO - ✅ Backup criado: BlockBackup-LinuxTSPlus1_clone070525-BKPAUTCITEL-20250522-1511
2025-05-22 15:11:34,604 - INFO - 
🔍 Processando block volume: Banco1LinuxTSPlus2_clone070525
2025-05-22 15:11:34,889 - INFO - ✅ Backup criado: BlockBackup-Banco1LinuxTSPlus2_clone070525-BKPAUTCITEL-20250522-1511
2025-05-22 15:11:35,420 - INFO - 
🔍 Processando block volume: Banco1LinuxTSPlus4_clone070525
2025-05-22 15:11:35,727 - INFO - ✅ Backup criado: BlockBackup-Banco1LinuxTSPlus4_clone070525-BKPAUTCITEL-20250522-1511
2025-05-22 15:11:36,254 - INFO - 
🔍 Processando block volume: Banco2LinuxTSPlus4_clone070525
2025-05-22 15:11:36,543 - INFO - ✅ Backup criado: BlockBackup-Banco2LinuxTSPlus4_clone070525-BKPAUTCITEL-20250522-1511
2025-05-22 15:11:37,067 - INFO - 
🔍 Processando block volume: Banco2LinuxTSPlus7_clone070525
2025-05-22 15:11:37,408 - INFO - ✅ Backup criado: BlockBackup-Banco2LinuxTSPlus7_clone070525-BKPAUTCITEL-20250522-1511
2025-05-22 15:11:37,929 - INFO - 
🔍 Processando block volume: Banco1LinuxTSPlus8_clone070525
2025-05-22 15:11:38,221 - INFO - ✅ Backup criado: BlockBackup-Banco1LinuxTSPlus8_clone070525-BKPAUTCITEL-20250522-1511
2025-05-22 15:11:38,741 - INFO - 
🔍 Processando block volume: Banco1LinuxTSPlus9_clone070525
2025-05-22 15:11:39,054 - INFO - ✅ Backup criado: BlockBackup-Banco1LinuxTSPlus9_clone070525-BKPAUTCITEL-20250522-1511
2025-05-22 15:11:39,556 - INFO - 
🔍 Processando block volume: Banco1LinuxTSPlus12_clone070525
2025-05-22 15:11:39,679 - WARNING - ⚠️ Tentativa 1: Limite de requisições. Aguardando 5s...
2025-05-22 15:11:46,440 - INFO - ✅ Backup criado: BlockBackup-Banco1LinuxTSPlus12_clone070525-BKPAUTCITEL-20250522-1511
2025-05-22 15:11:46,964 - INFO - 
🔍 Processando block volume: Banco2LinuxTSPlus13_clone070525
2025-05-22 15:11:47,088 - WARNING - ⚠️ Tentativa 1: Limite de requisições. Aguardando 5s...
2025-05-22 15:11:56,659 - WARNING - ⚠️ Tentativa 2: Limite de requisições. Aguardando 10s...
2025-05-22 15:12:12,041 - WARNING - ⚠️ Tentativa 3: Limite de requisições. Aguardando 20s...
2025-05-22 15:12:35,704 - INFO - ✅ Backup criado: BlockBackup-Banco2LinuxTSPlus13_clone070525-BKPAUTCITEL-20250522-1511
2025-05-22 15:12:36,226 - INFO - 
🔍 Processando block volume: BancoUbertintasTSPlus14_clone070525
2025-05-22 15:12:36,502 - INFO - ✅ Backup criado: BlockBackup-BancoUbertintasTSPlus14_clone070525-BKPAUTCITEL-20250522-1512
2025-05-22 15:12:37,027 - INFO - 
🔍 Processando block volume: Banco2LinuxTSPlus14_clone070525
2025-05-22 15:12:37,325 - INFO - ✅ Backup criado: BlockBackup-Banco2LinuxTSPlus14_clone070525-BKPAUTCITEL-20250522-1512
2025-05-22 15:12:37,860 - INFO - 
🔍 Processando block volume: Banco1LinuxTSPlus16_clone070525
2025-05-22 15:12:37,983 - WARNING - ⚠️ Tentativa 1: Limite de requisições. Aguardando 5s...
2025-05-22 15:12:48,544 - INFO - ✅ Backup criado: BlockBackup-Banco1LinuxTSPlus16_clone070525-BKPAUTCITEL-20250522-1512
2025-05-22 15:12:49,062 - INFO - 
🔍 Processando block volume: Banco2LinuxBR5_clone070525
2025-05-22 15:12:49,184 - WARNING - ⚠️ Tentativa 1: Limite de requisições. Aguardando 5s...
2025-05-22 15:12:58,400 - INFO - ✅ Backup criado: BlockBackup-Banco2LinuxBR5_clone070525-BKPAUTCITEL-20250522-1512
2025-05-22 15:12:58,929 - INFO - 
🔍 Processando block volume: Banco2LinuxTSPlus18_clone070525
2025-05-22 15:12:59,268 - INFO - ✅ Backup criado: BlockBackup-Banco2LinuxTSPlus18_clone070525-BKPAUTCITEL-20250522-1512
2025-05-22 15:12:59,807 - INFO - 
🔍 Processando block volume: Banco1LinuxTSPlus19_clone070525
2025-05-22 15:12:59,929 - WARNING - ⚠️ Tentativa 1: Limite de requisições. Aguardando 5s...
2025-05-22 15:13:09,381 - INFO - ✅ Backup criado: BlockBackup-Banco1LinuxTSPlus19_clone070525-BKPAUTCITEL-20250522-1512
2025-05-22 15:13:09,926 - INFO - 
🔍 Processando block volume: Banco4LinuxTSPlus10_clone070525
2025-05-22 15:13:10,048 - WARNING - ⚠️ Tentativa 1: Limite de requisições. Aguardando 5s...
2025-05-22 15:13:15,993 - INFO - ✅ Backup criado: BlockBackup-Banco4LinuxTSPlus10_clone070525-BKPAUTCITEL-20250522-1513
2025-05-22 15:13:16,515 - INFO - 
🔍 Processando block volume: Banco1LinuxTSPlus20_clone070525
2025-05-22 15:13:16,818 - INFO - ✅ Backup criado: BlockBackup-Banco1LinuxTSPlus20_clone070525-BKPAUTCITEL-20250522-1513
2025-05-22 15:13:17,356 - INFO - 
🔍 Processando block volume: Banco1LinuxTSPlus22_clone070525
2025-05-22 15:13:17,618 - INFO - ✅ Backup criado: BlockBackup-Banco1LinuxTSPlus22_clone070525-BKPAUTCITEL-20250522-1513
2025-05-22 15:13:18,139 - INFO - 
🔍 Processando block volume: Banco3LinuxTSPlus1_clone070525
2025-05-22 15:13:18,404 - INFO - ✅ Backup criado: BlockBackup-Banco3LinuxTSPlus1_clone070525-BKPAUTCITEL-20250522-1513
2025-05-22 15:13:18,929 - INFO - 
🔍 Processando block volume: Banco1LinuxTSPlus24_clone070525
2025-05-22 15:13:19,249 - INFO - ✅ Backup criado: BlockBackup-Banco1LinuxTSPlus24_clone070525-BKPAUTCITEL-20250522-1513
2025-05-22 15:13:19,765 - INFO - 
🔍 Processando block volume: Banco3LinuxTSPlus9_clone070525
2025-05-22 15:13:19,887 - WARNING - ⚠️ Tentativa 1: Limite de requisições. Aguardando 5s...
2025-05-22 15:13:25,759 - WARNING - ⚠️ Tentativa 2: Limite de requisições. Aguardando 10s...
2025-05-22 15:13:36,539 - WARNING - ⚠️ Tentativa 3: Limite de requisições. Aguardando 20s...
2025-05-22 15:14:01,092 - WARNING - ⚠️ Tentativa 4: Limite de requisições. Aguardando 40s...
2025-05-22 15:14:45,111 - INFO - ✅ Backup criado: BlockBackup-Banco3LinuxTSPlus9_clone070525-BKPAUTCITEL-20250522-1513
2025-05-22 15:14:45,634 - INFO - 
🔍 Processando block volume: Banco_PalacioFerramentas_clone070525
2025-05-22 15:14:45,922 - INFO - ✅ Backup criado: BlockBackup-Banco_PalacioFerramentas_clone070525-BKPAUTCITEL-20250522-1514
2025-05-22 15:14:46,450 - INFO - 
🔍 Processando block volume: Banco1LinuxTSPlus25_clone070525
2025-05-22 15:14:46,731 - INFO - ✅ Backup criado: BlockBackup-Banco1LinuxTSPlus25_clone070525-BKPAUTCITEL-20250522-1514
2025-05-22 15:14:47,258 - INFO - 
🔍 Processando block volume: Banco1LinuxTSPlus26_clone070525
2025-05-22 15:14:47,542 - INFO - ✅ Backup criado: BlockBackup-Banco1LinuxTSPlus26_clone070525-BKPAUTCITEL-20250522-1514
2025-05-22 15:14:48,044 - INFO - 
🔍 Processando block volume: Banco2LinuxTSPlus12_clone070525
2025-05-22 15:14:48,167 - WARNING - ⚠️ Tentativa 1: Limite de requisições. Aguardando 5s...
2025-05-22 15:14:55,396 - INFO - ✅ Backup criado: BlockBackup-Banco2LinuxTSPlus12_clone070525-BKPAUTCITEL-20250522-1514
2025-05-22 15:14:55,916 - INFO - 
🔍 Processando block volume: Banco2LinuxTSPlus28_clone070525
2025-05-22 15:14:56,041 - WARNING - ⚠️ Tentativa 1: Limite de requisições. Aguardando 5s...
2025-05-22 15:15:05,026 - INFO - ✅ Backup criado: BlockBackup-Banco2LinuxTSPlus28_clone070525-BKPAUTCITEL-20250522-1514
2025-05-22 15:15:05,548 - INFO - 
🔍 Processando block volume: Banco1LinuxTSPlus29_clone070525
2025-05-22 15:15:05,672 - WARNING - ⚠️ Tentativa 1: Limite de requisições. Aguardando 5s...
2025-05-22 15:15:13,264 - INFO - ✅ Backup criado: BlockBackup-Banco1LinuxTSPlus29_clone070525-BKPAUTCITEL-20250522-1515
2025-05-22 15:15:13,797 - INFO - 
🔍 Processando block volume: Banco1LinuxTSPlus30_clone070525
2025-05-22 15:15:14,123 - INFO - ✅ Backup criado: BlockBackup-Banco1LinuxTSPlus30_clone070525-BKPAUTCITEL-20250522-1515
2025-05-22 15:15:14,645 - INFO - 
🔍 Processando block volume: Banco3LinuxTSPlus6_clone070525
2025-05-22 15:15:14,924 - INFO - ✅ Backup criado: BlockBackup-Banco3LinuxTSPlus6_clone070525-BKPAUTCITEL-20250522-1515
2025-05-22 15:15:15,436 - INFO - 
🔍 Processando block volume: Banco1LinuxTSPLUS32_clone070525
2025-05-22 15:15:15,559 - WARNING - ⚠️ Tentativa 1: Limite de requisições. Aguardando 5s...
2025-05-22 15:15:21,855 - INFO - ✅ Backup criado: BlockBackup-Banco1LinuxTSPLUS32_clone070525-BKPAUTCITEL-20250522-1515
2025-05-22 15:15:22,375 - INFO - 
🔍 Processando block volume: Banco1LinuxTSPLUS33_clone070525
2025-05-22 15:15:22,726 - INFO - ✅ Backup criado: BlockBackup-Banco1LinuxTSPLUS33_clone070525-BKPAUTCITEL-20250522-1515
2025-05-22 15:15:23,248 - INFO - 
🔍 Processando block volume: Banco1LinuxTSPLUS34_clone070525
2025-05-22 15:15:23,371 - WARNING - ⚠️ Tentativa 1: Limite de requisições. Aguardando 5s...
2025-05-22 15:15:31,134 - INFO - ✅ Backup criado: BlockBackup-Banco1LinuxTSPLUS34_clone070525-BKPAUTCITEL-20250522-1515
2025-05-22 15:15:31,651 - INFO - 
🔍 Processando block volume: Banco1LinuxTSPLUS36_clone070525
2025-05-22 15:15:31,928 - INFO - ✅ Backup criado: BlockBackup-Banco1LinuxTSPLUS36_clone070525-BKPAUTCITEL-20250522-1515
2025-05-22 15:15:32,438 - INFO - 
🔍 Processando block volume: Banco1LinuxTSPLUS37_clone070525
2025-05-22 15:15:32,733 - INFO - ✅ Backup criado: BlockBackup-Banco1LinuxTSPLUS37_clone070525-BKPAUTCITEL-20250522-1515
2025-05-22 15:15:33,239 - INFO - 
🔍 Processando block volume: Banco1LinuxTSPLUS40_clone070525
2025-05-22 15:15:33,363 - WARNING - ⚠️ Tentativa 1: Limite de requisições. Aguardando 5s...
2025-05-22 15:15:43,213 - WARNING - ⚠️ Tentativa 2: Limite de requisições. Aguardando 10s...
2025-05-22 15:15:57,989 - INFO - ✅ Backup criado: BlockBackup-Banco1LinuxTSPLUS40_clone070525-BKPAUTCITEL-20250522-1515
2025-05-22 15:15:58,505 - INFO - 
🔍 Processando block volume: Banco1LinuxTSPLUS41_clone070525
2025-05-22 15:15:58,814 - INFO - ✅ Backup criado: BlockBackup-Banco1LinuxTSPLUS41_clone070525-BKPAUTCITEL-20250522-1515
2025-05-22 15:15:59,350 - INFO - 
🔍 Processando block volume: Banco3LinuxBR5_clone070525
2025-05-22 15:15:59,474 - WARNING - ⚠️ Tentativa 1: Limite de requisições. Aguardando 5s...
2025-05-22 15:16:06,770 - WARNING - ⚠️ Tentativa 2: Limite de requisições. Aguardando 10s...
2025-05-22 15:16:17,534 - INFO - ✅ Backup criado: BlockBackup-Banco3LinuxBR5_clone070525-BKPAUTCITEL-20250522-1515
2025-05-22 15:16:18,080 - INFO - 
🔍 Processando block volume: Banco1LinuxTSPLUS43_clone070525
2025-05-22 15:16:18,381 - INFO - ✅ Backup criado: BlockBackup-Banco1LinuxTSPLUS43_clone070525-BKPAUTCITEL-20250522-1516
2025-05-22 15:16:18,909 - INFO - 
🔍 Processando block volume: Banco1LinuxTSPlus11_clone070525
2025-05-22 15:16:19,184 - INFO - ✅ Backup criado: BlockBackup-Banco1LinuxTSPlus11_clone070525-BKPAUTCITEL-20250522-1516
2025-05-22 15:16:19,701 - INFO - 
🔍 Processando block volume: Banco2LinuxTSPLUS65_clone070525
2025-05-22 15:16:19,996 - INFO - ✅ Backup criado: BlockBackup-Banco2LinuxTSPLUS65_clone070525-BKPAUTCITEL-20250522-1516
2025-05-22 15:16:20,553 - INFO - 
🔍 Processando block volume: Banco2LinuxTSPlus17_clone070525
2025-05-22 15:16:20,679 - WARNING - ⚠️ Tentativa 1: Limite de requisições. Aguardando 5s...
2025-05-22 15:16:30,496 - INFO - ✅ Backup criado: BlockBackup-Banco2LinuxTSPlus17_clone070525-BKPAUTCITEL-20250522-1516
2025-05-22 15:16:31,010 - INFO - 
🔍 Processando block volume: Banco3LinuxTSPlus8_clone070525
2025-05-22 15:16:31,322 - INFO - ✅ Backup criado: BlockBackup-Banco3LinuxTSPlus8_clone070525-BKPAUTCITEL-20250522-1516
2025-05-22 15:16:31,847 - INFO - 
🔍 Processando block volume: Banco 1 OracleBr48_clone070525
2025-05-22 15:16:31,971 - WARNING - ⚠️ Tentativa 1: Limite de requisições. Aguardando 5s...
2025-05-22 15:16:39,104 - INFO - ✅ Backup criado: BlockBackup-Banco 1 OracleBr48_clone070525-BKPAUTCITEL-20250522-1516
2025-05-22 15:16:39,617 - INFO - 
🔍 Processando block volume: Banco5LinuxTSPlus10_clone070525
2025-05-22 15:16:39,890 - INFO - ✅ Backup criado: BlockBackup-Banco5LinuxTSPlus10_clone070525-BKPAUTCITEL-20250522-1516
2025-05-22 15:16:40,412 - INFO - 
🔍 Processando block volume: Banco1LinuxTSPlus50_clone070525
2025-05-22 15:16:40,671 - INFO - ✅ Backup criado: BlockBackup-Banco1LinuxTSPlus50_clone070525-BKPAUTCITEL-20250522-1516
2025-05-22 15:16:41,198 - INFO - 
🔍 Processando block volume: Banco2LinuxTSPlus20_clone070525
2025-05-22 15:16:41,461 - INFO - ✅ Backup criado: BlockBackup-Banco2LinuxTSPlus20_clone070525-BKPAUTCITEL-20250522-1516
2025-05-22 15:16:41,967 - INFO - 
🔍 Processando block volume: BancoPRODBelaTintas_clone070525
2025-05-22 15:16:42,089 - WARNING - ⚠️ Tentativa 1: Limite de requisições. Aguardando 5s...
2025-05-22 15:16:50,180 - INFO - ✅ Backup criado: BlockBackup-BancoPRODBelaTintas_clone070525-BKPAUTCITEL-20250522-1516
2025-05-22 15:16:50,694 - INFO - 
🔍 Processando block volume: BancoPRODJRPais_clone070525
2025-05-22 15:16:50,969 - INFO - ✅ Backup criado: BlockBackup-BancoPRODJRPais_clone070525-BKPAUTCITEL-20250522-1516
2025-05-22 15:16:51,490 - INFO - 
🔍 Processando block volume: Banco3LinuxTSPlus7_clone070525
2025-05-22 15:16:51,757 - INFO - ✅ Backup criado: BlockBackup-Banco3LinuxTSPlus7_clone070525-BKPAUTCITEL-20250522-1516
2025-05-22 15:16:52,283 - INFO - 
🔍 Processando block volume: Banco1BR55_clone070525
2025-05-22 15:16:52,406 - WARNING - ⚠️ Tentativa 1: Limite de requisições. Aguardando 5s...
2025-05-22 15:17:00,162 - WARNING - ⚠️ Tentativa 2: Limite de requisições. Aguardando 10s...
2025-05-22 15:17:11,112 - INFO - ✅ Backup criado: BlockBackup-Banco1BR55_clone070525-BKPAUTCITEL-20250522-1516
2025-05-22 15:17:11,631 - INFO - 
🔍 Processando block volume: BancoLinux59_clone070525
2025-05-22 15:17:11,754 - WARNING - ⚠️ Tentativa 1: Limite de requisições. Aguardando 5s...
2025-05-22 15:17:17,459 - INFO - ✅ Backup criado: BlockBackup-BancoLinux59_clone070525-BKPAUTCITEL-20250522-1517
2025-05-22 15:17:17,974 - INFO - 
🔍 Processando block volume: Banco2LinuxBR21_clone070525
2025-05-22 15:17:18,266 - INFO - ✅ Backup criado: BlockBackup-Banco2LinuxBR21_clone070525-BKPAUTCITEL-20250522-1517
2025-05-22 15:17:18,784 - INFO - 
🔍 Processando block volume: Banco2Linux59_clone070525
2025-05-22 15:17:19,059 - INFO - ✅ Backup criado: BlockBackup-Banco2Linux59_clone070525-BKPAUTCITEL-20250522-1517
2025-05-22 15:17:19,581 - INFO - 
🔍 Processando block volume: Banco2BR24_clone070525
2025-05-22 15:17:19,857 - INFO - ✅ Backup criado: BlockBackup-Banco2BR24_clone070525-BKPAUTCITEL-20250522-1517
2025-05-22 15:17:20,386 - INFO - 
🔍 Processando block volume: Banco2BR33_clone070525
2025-05-22 15:17:20,509 - WARNING - ⚠️ Tentativa 1: Limite de requisições. Aguardando 5s...
2025-05-22 15:17:29,507 - INFO - ✅ Backup criado: BlockBackup-Banco2BR33_clone070525-BKPAUTCITEL-20250522-1517
2025-05-22 15:17:30,025 - INFO - 
🔍 Processando block volume: Banco1LinuxTSPLUS65_clone070525
2025-05-22 15:17:30,149 - WARNING - ⚠️ Tentativa 1: Limite de requisições. Aguardando 5s...
2025-05-22 15:17:37,209 - INFO - ✅ Backup criado: BlockBackup-Banco1LinuxTSPLUS65_clone070525-BKPAUTCITEL-20250522-1517
2025-05-22 15:17:37,740 - INFO - 
🔍 Processando block volume: BancoBR_72_clone070525
2025-05-22 15:17:38,045 - INFO - ✅ Backup criado: BlockBackup-BancoBR_72_clone070525-BKPAUTCITEL-20250522-1517
2025-05-22 15:17:38,558 - INFO - 
🔍 Processando block volume: Banco1LinuxTSPlus18_clone070525
2025-05-22 15:17:38,681 - WARNING - ⚠️ Tentativa 1: Limite de requisições. Aguardando 5s...
2025-05-22 15:17:45,899 - INFO - ✅ Backup criado: BlockBackup-Banco1LinuxTSPlus18_clone070525-BKPAUTCITEL-20250522-1517
2025-05-22 15:17:46,420 - INFO - 
🔍 Processando block volume: LinuxDataBelaTintas_clone070525
2025-05-22 15:17:46,690 - INFO - ✅ Backup criado: BlockBackup-LinuxDataBelaTintas_clone070525-BKPAUTCITEL-20250522-1517
2025-05-22 15:17:47,205 - INFO - 
🔍 Processando block volume: Banco2LinuxTSPlus22_clone070525
2025-05-22 15:17:47,490 - INFO - ✅ Backup criado: BlockBackup-Banco2LinuxTSPlus22_clone070525-BKPAUTCITEL-20250522-1517
2025-05-22 15:17:48,019 - INFO - 
🔍 Processando block volume: Banco2LinuxTSPLUS32_clone070525
2025-05-22 15:17:48,142 - WARNING - ⚠️ Tentativa 1: Limite de requisições. Aguardando 5s...
2025-05-22 15:17:54,707 - INFO - ✅ Backup criado: BlockBackup-Banco2LinuxTSPLUS32_clone070525-BKPAUTCITEL-20250522-1517
2025-05-22 15:17:55,226 - INFO - 
🔍 Processando block volume: Bancos2_BR29_clone070525
2025-05-22 15:17:55,350 - WARNING - ⚠️ Tentativa 1: Limite de requisições. Aguardando 5s...
2025-05-22 15:18:01,746 - WARNING - ⚠️ Tentativa 2: Limite de requisições. Aguardando 10s...
2025-05-22 15:18:15,607 - INFO - ✅ Backup criado: BlockBackup-Bancos2_BR29_clone070525-BKPAUTCITEL-20250522-1517
2025-05-22 15:18:16,137 - INFO - 
🔍 Processando block volume: Bancos4_BR9_clone070525
2025-05-22 15:18:16,408 - INFO - ✅ Backup criado: BlockBackup-Bancos4_BR9_clone070525-BKPAUTCITEL-20250522-1518
2025-05-22 15:18:16,939 - INFO - 
🔍 Processando block volume: Bancos3_BR12_clone070525
2025-05-22 15:18:17,063 - WARNING - ⚠️ Tentativa 1: Limite de requisições. Aguardando 5s...
2025-05-22 15:18:25,933 - INFO - ✅ Backup criado: BlockBackup-Bancos3_BR12_clone070525-BKPAUTCITEL-20250522-1518
2025-05-22 15:18:26,458 - INFO - 
🔍 Processando block volume: Bancos2_BR34_clone070525
2025-05-22 15:18:26,580 - WARNING - ⚠️ Tentativa 1: Limite de requisições. Aguardando 5s...
2025-05-22 15:18:37,009 - WARNING - ⚠️ Tentativa 2: Limite de requisições. Aguardando 10s...
2025-05-22 15:18:48,758 - INFO - ✅ Backup criado: BlockBackup-Bancos2_BR34_clone070525-BKPAUTCITEL-20250522-1518
2025-05-22 15:18:49,272 - INFO - 
🔍 Processando block volume: Bancos3_BR29_clone070525
2025-05-22 15:18:49,395 - WARNING - ⚠️ Tentativa 1: Limite de requisições. Aguardando 5s...
2025-05-22 15:18:56,580 - INFO - ✅ Backup criado: BlockBackup-Bancos3_BR29_clone070525-BKPAUTCITEL-20250522-1518
2025-05-22 15:18:57,095 - INFO - 
🔍 Processando block volume: Banco3_BR7_clone070525
2025-05-22 15:18:57,386 - INFO - ✅ Backup criado: BlockBackup-Banco3_BR7_clone070525-BKPAUTCITEL-20250522-1518
2025-05-22 15:18:57,913 - INFO - 
🔍 Processando block volume: Bancos2_BR02_clone070525
2025-05-22 15:18:58,195 - INFO - ✅ Backup criado: BlockBackup-Bancos2_BR02_clone070525-BKPAUTCITEL-20250522-1518
2025-05-22 15:18:58,709 - INFO - 
🔍 Processando block volume: Bancos4_BR18_clone070525
2025-05-22 15:18:58,971 - INFO - ✅ Backup criado: BlockBackup-Bancos4_BR18_clone070525-BKPAUTCITEL-20250522-1518
2025-05-22 15:18:59,497 - INFO - 
🔍 Processando block volume: Bancos4_BR01_clone070525
2025-05-22 15:18:59,757 - INFO - ✅ Backup criado: BlockBackup-Bancos4_BR01_clone070525-BKPAUTCITEL-20250522-1518
2025-05-22 15:19:00,268 - INFO - 
🔍 Processando block volume: Bancos3_BR13_clone070525
2025-05-22 15:19:00,390 - WARNING - ⚠️ Tentativa 1: Limite de requisições. Aguardando 5s...
2025-05-22 15:19:08,301 - WARNING - ⚠️ Tentativa 2: Limite de requisições. Aguardando 10s...
2025-05-22 15:19:19,599 - INFO - ✅ Backup criado: BlockBackup-Bancos3_BR13_clone070525-BKPAUTCITEL-20250522-1519
2025-05-22 15:19:20,132 - INFO - 
🔍 Processando block volume: Banco3_BR4_clone070525
2025-05-22 15:19:20,254 - WARNING - ⚠️ Tentativa 1: Limite de requisições. Aguardando 5s...
2025-05-22 15:19:29,254 - INFO - ✅ Backup criado: BlockBackup-Banco3_BR4_clone070525-BKPAUTCITEL-20250522-1519
2025-05-22 15:19:29,766 - INFO - 
🔍 Processando block volume: Banco2LinuxTSPlus16_clone070525
2025-05-22 15:19:30,027 - INFO - ✅ Backup criado: BlockBackup-Banco2LinuxTSPlus16_clone070525-BKPAUTCITEL-20250522-1519
2025-05-22 15:19:30,545 - INFO - 
🔍 Processando block volume: BKO Palacio TKT 651385_clone070525
2025-05-22 15:19:30,667 - WARNING - ⚠️ Tentativa 1: Limite de requisições. Aguardando 5s...
2025-05-22 15:19:38,030 - WARNING - ⚠️ Tentativa 2: Limite de requisições. Aguardando 10s...
2025-05-22 15:19:51,729 - INFO - ✅ Backup criado: BlockBackup-BKO Palacio TKT 651385_clone070525-BKPAUTCITEL-20250522-1519
2025-05-22 15:19:52,245 - INFO - 
🔍 Processando block volume: Banco4LinuxTSPlus6_clone070525
2025-05-22 15:19:52,517 - INFO - ✅ Backup criado: BlockBackup-Banco4LinuxTSPlus6_clone070525-BKPAUTCITEL-20250522-1519
2025-05-22 15:19:53,035 - INFO - 
🔍 Processando block volume: Banco2BR_72_clone070525
2025-05-22 15:19:53,377 - INFO - ✅ Backup criado: BlockBackup-Banco2BR_72_clone070525-BKPAUTCITEL-20250522-1519
2025-05-22 15:19:53,907 - INFO - 
🔍 Processando block volume: Bancos3_BR25_clone070525
2025-05-22 15:19:54,236 - INFO - ✅ Backup criado: BlockBackup-Bancos3_BR25_clone070525-BKPAUTCITEL-20250522-1519
2025-05-22 15:19:54,749 - INFO - 
🔍 Processando block volume: bancos3_BR28_clone070525
2025-05-22 15:19:55,016 - INFO - ✅ Backup criado: BlockBackup-bancos3_BR28_clone070525-BKPAUTCITEL-20250522-1519
2025-05-22 15:19:55,528 - INFO - 
🔍 Processando block volume: GeB_clone070525
2025-05-22 15:19:55,652 - WARNING - ⚠️ Tentativa 1: Limite de requisições. Aguardando 5s...
2025-05-22 15:20:02,389 - INFO - ✅ Backup criado: BlockBackup-GeB_clone070525-BKPAUTCITEL-20250522-1519
2025-05-22 15:20:02,906 - INFO - 
🔍 Processando block volume: Banco3_BR20_clone070525
2025-05-22 15:20:03,182 - INFO - ✅ Backup criado: BlockBackup-Banco3_BR20_clone070525-BKPAUTCITEL-20250522-1520
2025-05-22 15:20:03,693 - INFO - 
🔍 Processando block volume: Bancos3_BR34_clone070525
2025-05-22 15:20:03,816 - WARNING - ⚠️ Tentativa 1: Limite de requisições. Aguardando 5s...
2025-05-22 15:20:13,633 - INFO - ✅ Backup criado: BlockBackup-Bancos3_BR34_clone070525-BKPAUTCITEL-20250522-1520
2025-05-22 15:20:14,149 - INFO - 
🔍 Processando block volume: Banco_Darka_clone070525
2025-05-22 15:20:14,271 - WARNING - ⚠️ Tentativa 1: Limite de requisições. Aguardando 5s...
2025-05-22 15:20:21,207 - WARNING - ⚠️ Tentativa 2: Limite de requisições. Aguardando 10s...
2025-05-22 15:20:35,416 - INFO - ✅ Backup criado: BlockBackup-Banco_Darka_clone070525-BKPAUTCITEL-20250522-1520
2025-05-22 15:20:35,935 - INFO - 
🔍 Processando block volume: Banco4LinuxTSPlus7_clone070525
2025-05-22 15:20:36,218 - INFO - ✅ Backup criado: BlockBackup-Banco4LinuxTSPlus7_clone070525-BKPAUTCITEL-20250522-1520
2025-05-22 15:20:36,739 - INFO - 
🔍 Processando block volume: Banco4LinuxTSPlus20_clone070525
2025-05-22 15:20:37,010 - INFO - ✅ Backup criado: BlockBackup-Banco4LinuxTSPlus20_clone070525-BKPAUTCITEL-20250522-1520
2025-05-22 15:20:37,605 - INFO - 
🔍 Processando block volume: Bancos4_BR13_clone070525
2025-05-22 15:20:37,728 - WARNING - ⚠️ Tentativa 1: Limite de requisições. Aguardando 5s...
2025-05-22 15:20:47,165 - INFO - ✅ Backup criado: BlockBackup-Bancos4_BR13_clone070525-BKPAUTCITEL-20250522-1520
2025-05-22 15:20:47,681 - INFO - 
🔍 Processando block volume: Banco2LinuxTSPLUS37_clone070525
2025-05-22 15:20:47,995 - INFO - ✅ Backup criado: BlockBackup-Banco2LinuxTSPLUS37_clone070525-BKPAUTCITEL-20250522-1520
2025-05-22 15:20:48,540 - INFO - 
🔍 Processando block volume: BackupGeB_clone070525
2025-05-22 15:20:48,808 - INFO - ✅ Backup criado: BlockBackup-BackupGeB_clone070525-BKPAUTCITEL-20250522-1520
2025-05-22 15:20:49,317 - INFO - 
🔍 Processando block volume: BancoGeB_clone070525
2025-05-22 15:20:49,440 - WARNING - ⚠️ Tentativa 1: Limite de requisições. Aguardando 5s...
2025-05-22 15:20:55,108 - WARNING - ⚠️ Tentativa 2: Limite de requisições. Aguardando 10s...
2025-05-22 15:21:10,049 - INFO - ✅ Backup criado: BlockBackup-BancoGeB_clone070525-BKPAUTCITEL-20250522-1520
2025-05-22 15:21:10,577 - INFO - 
🔍 Processando block volume: Banco3BR55_clone070525
2025-05-22 15:21:10,699 - WARNING - ⚠️ Tentativa 1: Limite de requisições. Aguardando 5s...
2025-05-22 15:21:16,490 - INFO - ✅ Backup criado: BlockBackup-Banco3BR55_clone070525-BKPAUTCITEL-20250522-1521
2025-05-22 15:21:17,010 - INFO - 
🔍 Processando block volume: Bancos5_BR1_clone070525
2025-05-22 15:21:17,133 - WARNING - ⚠️ Tentativa 1: Limite de requisições. Aguardando 5s...
2025-05-22 15:21:27,290 - INFO - ✅ Backup criado: BlockBackup-Bancos5_BR1_clone070525-BKPAUTCITEL-20250522-1521
2025-05-22 15:21:27,845 - INFO - 
🔍 Processando block volume: Banco3LinuxTSPlus19_clone070525
2025-05-22 15:21:28,113 - INFO - ✅ Backup criado: BlockBackup-Banco3LinuxTSPlus19_clone070525-BKPAUTCITEL-20250522-1521
2025-05-22 15:21:28,632 - INFO - 
🔍 Processando block volume: BackupCoresVivas TKT 902822_clone070525
2025-05-22 15:21:28,921 - INFO - ✅ Backup criado: BlockBackup-BackupCoresVivas TKT 902822_clone070525-BKPAUTCITEL-20250522-1521
2025-05-22 15:21:29,438 - INFO - 
🔍 Processando block volume: bkpBoomerVinicius_clone070525
2025-05-22 15:21:29,561 - WARNING - ⚠️ Tentativa 1: Limite de requisições. Aguardando 5s...
2025-05-22 15:21:36,886 - INFO - ✅ Backup criado: BlockBackup-bkpBoomerVinicius_clone070525-BKPAUTCITEL-20250522-1521
2025-05-22 15:21:37,406 - INFO - 
🔍 Processando block volume: GeB2_clone070525
2025-05-22 15:21:37,530 - WARNING - ⚠️ Tentativa 1: Limite de requisições. Aguardando 5s...
2025-05-22 15:21:46,662 - INFO - ✅ Backup criado: BlockBackup-GeB2_clone070525-BKPAUTCITEL-20250522-1521
2025-05-22 15:21:47,176 - INFO - 
🔍 Processando block volume: bkpParque1014464_clone070525
2025-05-22 15:21:47,494 - INFO - ✅ Backup criado: BlockBackup-bkpParque1014464_clone070525-BKPAUTCITEL-20250522-1521
2025-05-22 15:21:48,014 - INFO - 
🔍 Processando block volume: bkpPedrao1020442_clone070525
2025-05-22 15:21:48,288 - INFO - ✅ Backup criado: BlockBackup-bkpPedrao1020442_clone070525-BKPAUTCITEL-20250522-1521
2025-05-22 15:21:48,812 - INFO - 
🔍 Processando block volume: Backup_BR34_1031161_clone070525
2025-05-22 15:21:48,936 - WARNING - ⚠️ Tentativa 1: Limite de requisições. Aguardando 5s...
2025-05-22 15:21:55,316 - WARNING - ⚠️ Tentativa 2: Limite de requisições. Aguardando 10s...
2025-05-22 15:22:08,720 - INFO - ✅ Backup criado: BlockBackup-Backup_BR34_1031161_clone070525-BKPAUTCITEL-20250522-1521
2025-05-22 15:22:09,236 - INFO - 
🔍 Processando block volume: Banco3LinuxTSPLUS65_clone070525
2025-05-22 15:22:09,361 - WARNING - ⚠️ Tentativa 1: Limite de requisições. Aguardando 5s...
2025-05-22 15:22:15,791 - INFO - ✅ Backup criado: BlockBackup-Banco3LinuxTSPLUS65_clone070525-BKPAUTCITEL-20250522-1522
2025-05-22 15:22:16,325 - INFO - 
🔍 Processando block volume: Banco3LinuxTSPlus22_clone070525
2025-05-22 15:22:16,617 - INFO - ✅ Backup criado: BlockBackup-Banco3LinuxTSPlus22_clone070525-BKPAUTCITEL-20250522-1522
2025-05-22 15:22:17,136 - INFO - 
🔍 Processando block volume: BinariosLinuxTSPLUS65_clone070525
2025-05-22 15:22:17,442 - INFO - ✅ Backup criado: BlockBackup-BinariosLinuxTSPLUS65_clone070525-BKPAUTCITEL-20250522-1522
2025-05-22 15:22:17,990 - INFO - 
🔍 Processando block volume: GeB BancoTeste tkt 1048932_clone070525
2025-05-22 15:22:18,116 - WARNING - ⚠️ Tentativa 1: Limite de requisições. Aguardando 5s...
2025-05-22 15:22:27,692 - WARNING - ⚠️ Tentativa 2: Limite de requisições. Aguardando 10s...
2025-05-22 15:22:40,018 - INFO - ✅ Backup criado: BlockBackup-GeB BancoTeste tkt 1048932_clone070525-BKPAUTCITEL-20250522-1522
2025-05-22 15:22:40,535 - INFO - 
🔍 Processando block volume: Banco2LinuxTSPlus19_BelaTintas_clone070525
2025-05-22 15:22:40,658 - WARNING - ⚠️ Tentativa 1: Limite de requisições. Aguardando 5s...
2025-05-22 15:22:49,126 - WARNING - ⚠️ Tentativa 2: Limite de requisições. Aguardando 10s...
2025-05-22 15:23:00,411 - INFO - ✅ Backup criado: BlockBackup-Banco2LinuxTSPlus19_BelaTintas_clone070525-BKPAUTCITEL-20250522-1522
2025-05-22 15:23:00,930 - INFO - 
🔍 Processando block volume: Banco1LinuxTSPlus11_clone2904_clone070525
2025-05-22 15:23:01,228 - INFO - ✅ Backup criado: BlockBackup-Banco1LinuxTSPlus11_clone2904_clone070525-BKPAUTCITEL-20250522-1523
2025-05-22 15:23:01,751 - INFO - 
🔍 Processando block volume: LinuxTSPlus11_BancoPRODJRPais_clone2904_clone070525
2025-05-22 15:23:02,128 - INFO - ✅ Backup criado: BlockBackup-LinuxTSPlus11_BancoPRODJRPais_clone2904_clone070525-BKPAUTCITEL-20250522-1523
2025-05-22 15:23:02,667 - INFO - 
🔍 Processando block volume: LinuxTSPlus30_Banco1LinuxTSPlus30_clone2904_clone070525
2025-05-22 15:23:02,974 - INFO - ✅ Backup criado: BlockBackup-LinuxTSPlus30_Banco1LinuxTSPlus30_clone2904_clone070525-BKPAUTCITEL-20250522-1523
2025-05-22 15:23:03,503 - INFO - 
🔍 Processando block volume: Banco-1-LinuxData012_clone070525
2025-05-22 15:23:03,823 - INFO - ✅ Backup criado: BlockBackup-Banco-1-LinuxData012_clone070525-BKPAUTCITEL-20250522-1523
2025-05-22 15:23:04,336 - INFO - 
🔍 Processando block volume: Banco2-LinuxData012_clone070525
2025-05-22 15:23:04,458 - WARNING - ⚠️ Tentativa 1: Limite de requisições. Aguardando 5s...
2025-05-22 15:23:13,820 - INFO - ✅ Backup criado: BlockBackup-Banco2-LinuxData012_clone070525-BKPAUTCITEL-20250522-1523
2025-05-22 15:23:14,332 - INFO - 
🔍 Processando block volume: Banco3-LinuxData012_clone070525
2025-05-22 15:23:14,454 - WARNING - ⚠️ Tentativa 1: Limite de requisições. Aguardando 5s...
2025-05-22 15:23:24,818 - INFO - ✅ Backup criado: BlockBackup-Banco3-LinuxData012_clone070525-BKPAUTCITEL-20250522-1523
2025-05-22 15:23:25,340 - INFO - 
🔍 Processando block volume: LinuxTSPlus10_BKOPalacioTKT651385_clone2904_clone070525
2025-05-22 15:23:25,633 - INFO - ✅ Backup criado: BlockBackup-LinuxTSPlus10_BKOPalacioTKT651385_clone2904_clone070525-BKPAUTCITEL-20250522-1523
2025-05-22 15:23:26,160 - INFO - 
🔍 Processando block volume: LinuxTSPlus10_Banco4LinuxTSPlus10_clone2904_clone070525
2025-05-22 15:23:26,471 - INFO - ✅ Backup criado: BlockBackup-LinuxTSPlus10_Banco4LinuxTSPlus10_clone2904_clone070525-BKPAUTCITEL-20250522-1523
2025-05-22 15:23:26,992 - INFO - 
🔍 Processando block volume: LinuxTSPlus10_Banco5LinuxTSPlus10_clone2904_clone070525
2025-05-22 15:23:27,256 - INFO - ✅ Backup criado: BlockBackup-LinuxTSPlus10_Banco5LinuxTSPlus10_clone2904_clone070525-BKPAUTCITEL-20250522-1523
2025-05-22 15:23:27,789 - INFO - 
🔍 Processando block volume: LinuxTSPlus10_GeB_clone2904_clone070525
2025-05-22 15:23:27,913 - WARNING - ⚠️ Tentativa 1: Limite de requisições. Aguardando 5s...
2025-05-22 15:23:34,817 - INFO - ✅ Backup criado: BlockBackup-LinuxTSPlus10_GeB_clone2904_clone070525-BKPAUTCITEL-20250522-1523
2025-05-22 15:23:35,342 - INFO - 
🔍 Processando block volume: LinuxTSPlus55_Banco1BR55_clone2904_clone070525
2025-05-22 15:23:35,648 - INFO - ✅ Backup criado: BlockBackup-LinuxTSPlus55_Banco1BR55_clone2904_clone070525-BKPAUTCITEL-20250522-1523
2025-05-22 15:23:36,201 - INFO - 
🔍 Processando block volume: LinuxTSPlus55_Banco3BR55_clone2904_clone070525
2025-05-22 15:23:36,546 - INFO - ✅ Backup criado: BlockBackup-LinuxTSPlus55_Banco3BR55_clone2904_clone070525-BKPAUTCITEL-20250522-1523
2025-05-22 15:23:37,067 - INFO - 
🔍 Processando block volume: LinuxTSPlus65_Banco1LinuxTSPLUS65_clone2904_clone070525
2025-05-22 15:23:37,347 - INFO - ✅ Backup criado: BlockBackup-LinuxTSPlus65_Banco1LinuxTSPLUS65_clone2904_clone070525-BKPAUTCITEL-20250522-1523
2025-05-22 15:23:37,858 - INFO - 
🔍 Processando block volume: LinuxTSPlus65_Banco2LinuxTSPLUS65_clone2904_clone070525
2025-05-22 15:23:37,981 - WARNING - ⚠️ Tentativa 1: Limite de requisições. Aguardando 5s...
2025-05-22 15:23:44,202 - WARNING - ⚠️ Tentativa 2: Limite de requisições. Aguardando 10s...
2025-05-22 15:23:57,267 - INFO - ✅ Backup criado: BlockBackup-LinuxTSPlus65_Banco2LinuxTSPLUS65_clone2904_clone070525-BKPAUTCITEL-20250522-1523
2025-05-22 15:23:57,799 - INFO - 
🔍 Processando block volume: LinuxTSPlus65_Banco3LinuxTSPLUS65_clone2904_clone070525
2025-05-22 15:23:57,921 - WARNING - ⚠️ Tentativa 1: Limite de requisições. Aguardando 5s...
2025-05-22 15:24:03,673 - INFO - ✅ Backup criado: BlockBackup-LinuxTSPlus65_Banco3LinuxTSPLUS65_clone2904_clone070525-BKPAUTCITEL-20250522-1523
2025-05-22 15:24:04,197 - INFO - 
🔍 Processando block volume: LinuxTSPlus65_BinariosLinuxTSPLUS65_clone2904_clone070525
2025-05-22 15:24:04,320 - WARNING - ⚠️ Tentativa 1: Limite de requisições. Aguardando 5s...
2025-05-22 15:24:10,626 - INFO - ✅ Backup criado: BlockBackup-LinuxTSPlus65_BinariosLinuxTSPLUS65_clone2904_clone070525-BKPAUTCITEL-20250522-1524
2025-05-22 15:24:11,152 - INFO - 
🔍 Processando block volume: LinuxTSPlus28_Banco2LinuxTSPlus28_clone2904_clone070525
2025-05-22 15:24:11,446 - INFO - ✅ Backup criado: BlockBackup-LinuxTSPlus28_Banco2LinuxTSPlus28_clone2904_clone070525-BKPAUTCITEL-20250522-1524
2025-05-22 15:24:11,971 - INFO - 
🔍 Processando block volume: LinuxTSPlus28_bancos3_BR28_clone2904_clone070525
2025-05-22 15:24:12,096 - WARNING - ⚠️ Tentativa 1: Limite de requisições. Aguardando 5s...
2025-05-22 15:24:20,128 - WARNING - ⚠️ Tentativa 2: Limite de requisições. Aguardando 10s...
2025-05-22 15:24:33,083 - INFO - ✅ Backup criado: BlockBackup-LinuxTSPlus28_bancos3_BR28_clone2904_clone070525-BKPAUTCITEL-20250522-1524
2025-05-22 15:24:33,599 - INFO - 
🔍 Processando block volume: LinuxTSPlus29_Banco1LinuxTSPlus29_clone2904_clone070525
2025-05-22 15:24:33,889 - INFO - ✅ Backup criado: BlockBackup-LinuxTSPlus29_Banco1LinuxTSPlus29_clone2904_clone070525-BKPAUTCITEL-20250522-1524
2025-05-22 15:24:34,397 - INFO - 
🔍 Processando block volume: LinuxTSPlus29_Bancos2_BR29_clone2904_clone070525
2025-05-22 15:24:34,519 - WARNING - ⚠️ Tentativa 1: Limite de requisições. Aguardando 5s...
2025-05-22 15:24:44,612 - INFO - ✅ Backup criado: BlockBackup-LinuxTSPlus29_Bancos2_BR29_clone2904_clone070525-BKPAUTCITEL-20250522-1524
2025-05-22 15:24:45,131 - INFO - 
🔍 Processando block volume: LinuxTSPlus29_Bancos3_BR29_clone2904_clone070525
2025-05-22 15:24:45,390 - INFO - ✅ Backup criado: BlockBackup-LinuxTSPlus29_Bancos3_BR29_clone2904_clone070525-BKPAUTCITEL-20250522-1524
2025-05-22 15:24:45,919 - INFO - 
🔍 Processando block volume: LinuxTSPlus72_Banco2BR_72_clone2904_clone070525
2025-05-22 15:24:46,041 - WARNING - ⚠️ Tentativa 1: Limite de requisições. Aguardando 5s...
2025-05-22 15:24:51,804 - INFO - ✅ Backup criado: BlockBackup-LinuxTSPlus72_Banco2BR_72_clone2904_clone070525-BKPAUTCITEL-20250522-1524
2025-05-22 15:24:52,328 - INFO - 
🔍 Processando block volume: LinuxTSPlus72_BancoBR_clone2904_clone070525
2025-05-22 15:24:52,841 - INFO - ✅ Backup criado: BlockBackup-LinuxTSPlus72_BancoBR_clone2904_clone070525-BKPAUTCITEL-20250522-1524
2025-05-22 15:24:53,373 - INFO - 
🔍 Processando block volume: LinuxTSPlus43_Banco1LinuxTSPLUS43_clone2904_clone070525
2025-05-22 15:24:53,704 - INFO - ✅ Backup criado: BlockBackup-LinuxTSPlus43_Banco1LinuxTSPLUS43_clone2904_clone070525-BKPAUTCITEL-20250522-1524
2025-05-22 15:24:54,216 - INFO - 
🔍 Processando block volume: LinuxTSPlus43_HD4-LinuxDBA_clone2904_clone070525
2025-05-22 15:24:54,338 - WARNING - ⚠️ Tentativa 1: Limite de requisições. Aguardando 5s...
2025-05-22 15:25:04,939 - INFO - ✅ Backup criado: BlockBackup-LinuxTSPlus43_HD4-LinuxDBA_clone2904_clone070525-BKPAUTCITEL-20250522-1524
2025-05-22 15:25:05,453 - INFO - 
🔍 Processando block volume: LinuxTSPlus50_Banco1LinuxTSPlus50_clone2904_clone070525
2025-05-22 15:25:05,726 - INFO - ✅ Backup criado: BlockBackup-LinuxTSPlus50_Banco1LinuxTSPlus50_clone2904_clone070525-BKPAUTCITEL-20250522-1525
2025-05-22 15:25:06,276 - INFO - 
🔍 Processando block volume: LinuxTSPlus37_Banco1LinuxTSPLUS37_clone2904_clone070525
2025-05-22 15:25:06,559 - INFO - ✅ Backup criado: BlockBackup-LinuxTSPlus37_Banco1LinuxTSPLUS37_clone2904_clone070525-BKPAUTCITEL-20250522-1525
2025-05-22 15:25:07,068 - INFO - 
🔍 Processando block volume: LinuxTSPlus37_Banco2LinuxTSPLUS37_clone2904_clone070525
2025-05-22 15:25:07,190 - WARNING - ⚠️ Tentativa 1: Limite de requisições. Aguardando 5s...
2025-05-22 15:25:14,296 - INFO - ✅ Backup criado: BlockBackup-LinuxTSPlus37_Banco2LinuxTSPLUS37_clone2904_clone070525-BKPAUTCITEL-20250522-1525
2025-05-22 15:25:14,825 - INFO - 
🔍 Processando block volume: LinuxTSPlus37_Banco1LinuxTSPLUS40_clone2904_clone070525
2025-05-22 15:25:15,143 - INFO - ✅ Backup criado: BlockBackup-LinuxTSPlus37_Banco1LinuxTSPLUS40_clone2904_clone070525-BKPAUTCITEL-20250522-1525
2025-05-22 15:25:15,663 - INFO - 
🔍 Processando block volume: LinuxTSPlus32_Banco1LinuxTSPLUS32_clone2904_clone070525
2025-05-22 15:25:15,786 - WARNING - ⚠️ Tentativa 1: Limite de requisições. Aguardando 5s...
2025-05-22 15:25:22,756 - WARNING - ⚠️ Tentativa 2: Limite de requisições. Aguardando 10s...
2025-05-22 15:25:34,715 - INFO - ✅ Backup criado: BlockBackup-LinuxTSPlus32_Banco1LinuxTSPLUS32_clone2904_clone070525-BKPAUTCITEL-20250522-1525
2025-05-22 15:25:35,236 - INFO - 
🔍 Processando block volume: LinuxTSPlus32_Banco2LinuxTSPLUS32_clone2904_clone070525
2025-05-22 15:25:35,509 - INFO - ✅ Backup criado: BlockBackup-LinuxTSPlus32_Banco2LinuxTSPLUS32_clone2904_clone070525-BKPAUTCITEL-20250522-1525
2025-05-22 15:25:36,033 - INFO - 
🔍 Processando block volume: LinuxTSPlus2_Banco1LinuxTSPlus2_clone2904_clone070525
2025-05-22 15:25:36,308 - INFO - ✅ Backup criado: BlockBackup-LinuxTSPlus2_Banco1LinuxTSPlus2_clone2904_clone070525-BKPAUTCITEL-20250522-1525
2025-05-22 15:25:36,824 - INFO - 
🔍 Processando block volume: LinuxTSPlus2_Banco_PalacioFerramentas_clone2904_clone070525
2025-05-22 15:25:37,087 - INFO - ✅ Backup criado: BlockBackup-LinuxTSPlus2_Banco_PalacioFerramentas_clone2904_clone070525-BKPAUTCITEL-20250522-1525
2025-05-22 15:25:37,600 - INFO - 
🔍 Processando block volume: LinuxTSPlus2_Bancos2_BR02_clone2904_clone070525
2025-05-22 15:25:37,722 - WARNING - ⚠️ Tentativa 1: Limite de requisições. Aguardando 5s...
2025-05-22 15:25:46,889 - INFO - ✅ Backup criado: BlockBackup-LinuxTSPlus2_Bancos2_BR02_clone2904_clone070525-BKPAUTCITEL-20250522-1525
2025-05-22 15:25:47,406 - INFO - 
🔍 Processando block volume: LinuxTSPlus25_Banco1LinuxTSPlus25_clone2904_clone070525
2025-05-22 15:25:47,692 - INFO - ✅ Backup criado: BlockBackup-LinuxTSPlus25_Banco1LinuxTSPlus25_clone2904_clone070525-BKPAUTCITEL-20250522-1525
2025-05-22 15:25:48,215 - INFO - 
🔍 Processando block volume: LinuxTSPlus25_Bancos3_BR25_clone2904_clone070525
2025-05-22 15:25:48,550 - INFO - ✅ Backup criado: BlockBackup-LinuxTSPlus25_Bancos3_BR25_clone2904_clone070525-BKPAUTCITEL-20250522-1525
2025-05-22 15:25:49,070 - INFO - 
🔍 Processando block volume: LinuxTSPlus1_Banco3LinuxTSPlus1_clone2904_clone070525
2025-05-22 15:25:49,406 - INFO - ✅ Backup criado: BlockBackup-LinuxTSPlus1_Banco3LinuxTSPlus1_clone2904_clone070525-BKPAUTCITEL-20250522-1525
2025-05-22 15:25:49,987 - INFO - 
🔍 Processando block volume: LinuxTSPlus1_Bancos4_BR01_clone2904_clone070525
2025-05-22 15:25:50,245 - INFO - ✅ Backup criado: BlockBackup-LinuxTSPlus1_Bancos4_BR01_clone2904_clone070525-BKPAUTCITEL-20250522-1525
2025-05-22 15:25:50,760 - INFO - 
🔍 Processando block volume: LinuxTSPlus1_Bancos5_BR1_clone2904_clone070525
2025-05-22 15:25:50,883 - WARNING - ⚠️ Tentativa 1: Limite de requisições. Aguardando 5s...
2025-05-22 15:25:58,795 - WARNING - ⚠️ Tentativa 2: Limite de requisições. Aguardando 10s...
2025-05-22 15:26:13,957 - INFO - ✅ Backup criado: BlockBackup-LinuxTSPlus1_Bancos5_BR1_clone2904_clone070525-BKPAUTCITEL-20250522-1525
2025-05-22 15:26:14,471 - INFO - 
🔍 Processando block volume: LinuxTSPlus1_blockvolume_clone2904_clone070525
2025-05-22 15:26:14,824 - INFO - ✅ Backup criado: BlockBackup-LinuxTSPlus1_blockvolume_clone2904_clone070525-BKPAUTCITEL-20250522-1526
2025-05-22 15:26:15,350 - INFO - 
🔍 Processando block volume: Banco2-LinuxData013_clone070525
2025-05-22 15:26:15,472 - WARNING - ⚠️ Tentativa 1: Limite de requisições. Aguardando 5s...
2025-05-22 15:26:23,429 - INFO - ✅ Backup criado: BlockBackup-Banco2-LinuxData013_clone070525-BKPAUTCITEL-20250522-1526
2025-05-22 15:26:23,946 - INFO - 
🔍 Processando block volume: Banco3-LinuxData013_clone070525
2025-05-22 15:26:24,205 - INFO - ✅ Backup criado: BlockBackup-Banco3-LinuxData013_clone070525-BKPAUTCITEL-20250522-1526
2025-05-22 15:26:24,723 - INFO - 
🔍 Processando block volume: Banco1-LinuxData013_clone070525
2025-05-22 15:26:25,115 - INFO - ✅ Backup criado: BlockBackup-Banco1-LinuxData013_clone070525-BKPAUTCITEL-20250522-1526
2025-05-22 15:26:25,642 - INFO - 
🔍 Processando block volume: LinuxTSPlus14_BackupCoresVivas TKT 902822_clone2904_clone070525
2025-05-22 15:26:25,941 - INFO - ✅ Backup criado: BlockBackup-LinuxTSPlus14_BackupCoresVivas TKT 902822_clone2904_clone070525-BKPAUTCITEL-20250522-1526
2025-05-22 15:26:26,457 - INFO - 
🔍 Processando block volume: LinuxTSPlus14_Banco2LinuxTSPlus14_clone2904_clone070525
2025-05-22 15:26:26,785 - INFO - ✅ Backup criado: BlockBackup-LinuxTSPlus14_Banco2LinuxTSPlus14_clone2904_clone070525-BKPAUTCITEL-20250522-1526
2025-05-22 15:26:27,373 - INFO - 
🔍 Processando block volume: LinuxTSPlus9-Banco1LinuxTSPlus9-clone2904_clone070525
2025-05-22 15:26:27,685 - INFO - ✅ Backup criado: BlockBackup-LinuxTSPlus9-Banco1LinuxTSPlus9-clone2904_clone070525-BKPAUTCITEL-20250522-1526
2025-05-22 15:26:28,200 - INFO - 
🔍 Processando block volume: LinuxTSPlus9-Banco3LinuxTSPlus9-clone2904_clone070525
2025-05-22 15:26:28,322 - WARNING - ⚠️ Tentativa 1: Limite de requisições. Aguardando 5s...
2025-05-22 15:26:36,555 - INFO - ✅ Backup criado: BlockBackup-LinuxTSPlus9-Banco3LinuxTSPlus9-clone2904_clone070525-BKPAUTCITEL-20250522-1526
2025-05-22 15:26:37,066 - INFO - 
🔍 Processando block volume: LinuxTSPlus14_BancoUbertintasTSPlus14_clone2904_clone070525
2025-05-22 15:26:37,189 - WARNING - ⚠️ Tentativa 1: Limite de requisições. Aguardando 5s...
2025-05-22 15:26:43,629 - WARNING - ⚠️ Tentativa 2: Limite de requisições. Aguardando 10s...
2025-05-22 15:26:57,802 - INFO - ✅ Backup criado: BlockBackup-LinuxTSPlus14_BancoUbertintasTSPlus14_clone2904_clone070525-BKPAUTCITEL-20250522-1526
2025-05-22 15:26:58,323 - INFO - 
🔍 Processando block volume: LinuxTSPlus9-Bancos4_BR9-clone2904_clone070525
2025-05-22 15:26:58,618 - INFO - ✅ Backup criado: BlockBackup-LinuxTSPlus9-Bancos4_BR9-clone2904_clone070525-BKPAUTCITEL-20250522-1526
2025-05-22 15:26:59,141 - INFO - 
🔍 Processando block volume: LinuxTSPlus8-Banco1LinuxTSPlus8-clone2904_clone070525
2025-05-22 15:26:59,465 - INFO - ✅ Backup criado: BlockBackup-LinuxTSPlus8-Banco1LinuxTSPlus8-clone2904_clone070525-BKPAUTCITEL-20250522-1526
2025-05-22 15:26:59,982 - INFO - 
🔍 Processando block volume: LinuxTSPlus8-Banco3LinuxTSPlus8-clone2904_clone070525
2025-05-22 15:27:00,105 - WARNING - ⚠️ Tentativa 1: Limite de requisições. Aguardando 5s...
2025-05-22 15:27:10,598 - WARNING - ⚠️ Tentativa 2: Limite de requisições. Aguardando 10s...
2025-05-22 15:27:25,587 - INFO - ✅ Backup criado: BlockBackup-LinuxTSPlus8-Banco3LinuxTSPlus8-clone2904_clone070525-BKPAUTCITEL-20250522-1526
2025-05-22 15:27:26,104 - INFO - 
🔍 Processando block volume: LinuxTSPlus16_Banco1LinuxTSPlus16_clone2904_clone070525
2025-05-22 15:27:26,227 - WARNING - ⚠️ Tentativa 1: Limite de requisições. Aguardando 5s...
2025-05-22 15:27:33,476 - INFO - ✅ Backup criado: BlockBackup-LinuxTSPlus16_Banco1LinuxTSPlus16_clone2904_clone070525-BKPAUTCITEL-20250522-1527
2025-05-22 15:27:33,995 - INFO - 
🔍 Processando block volume: LinuxTSPlus16_Banco2LinuxTSPlus16_clone2904_clone070525
2025-05-22 15:27:34,263 - INFO - ✅ Backup criado: BlockBackup-LinuxTSPlus16_Banco2LinuxTSPlus16_clone2904_clone070525-BKPAUTCITEL-20250522-1527
2025-05-22 15:27:34,789 - INFO - 
🔍 Processando block volume: LinuxTSPlus7-Banco2LinuxTSPlus7-block-clone2904_clone070525
2025-05-22 15:27:35,076 - INFO - ✅ Backup criado: BlockBackup-LinuxTSPlus7-Banco2LinuxTSPlus7-block-clone2904_clone070525-BKPAUTCITEL-20250522-1527
2025-05-22 15:27:35,595 - INFO - 
🔍 Processando block volume: LinuxTSPlus7-Banco3LinuxTSPlus7-block-clone2904_clone070525
2025-05-22 15:27:35,899 - INFO - ✅ Backup criado: BlockBackup-LinuxTSPlus7-Banco3LinuxTSPlus7-block-clone2904_clone070525-BKPAUTCITEL-20250522-1527
2025-05-22 15:27:36,417 - INFO - 
🔍 Processando block volume: LinuxTSPlus7-Banco3_BR7-block-clone2904_clone070525
2025-05-22 15:27:36,705 - INFO - ✅ Backup criado: BlockBackup-LinuxTSPlus7-Banco3_BR7-block-clone2904_clone070525-BKPAUTCITEL-20250522-1527
2025-05-22 15:27:37,229 - INFO - 
🔍 Processando block volume: LinuxTSPlus17_Banco2LinuxTSPlus17_clone2904_clone070525
2025-05-22 15:27:37,485 - INFO - ✅ Backup criado: BlockBackup-LinuxTSPlus17_Banco2LinuxTSPlus17_clone2904_clone070525-BKPAUTCITEL-20250522-1527
2025-05-22 15:27:37,999 - INFO - 
🔍 Processando block volume: LinuxTSPlus17_BancoPRODBelaTintas_clone2904_clone070525
2025-05-22 15:27:38,256 - INFO - ✅ Backup criado: BlockBackup-LinuxTSPlus17_BancoPRODBelaTintas_clone2904_clone070525-BKPAUTCITEL-20250522-1527
2025-05-22 15:27:38,768 - INFO - 
🔍 Processando block volume: LinuxTSPlus17_HD5-LinuxDBAs_clone2904_clone070525
2025-05-22 15:27:39,063 - INFO - ✅ Backup criado: BlockBackup-LinuxTSPlus17_HD5-LinuxDBAs_clone2904_clone070525-BKPAUTCITEL-20250522-1527
2025-05-22 15:27:39,579 - INFO - 
🔍 Processando block volume: LinuxTSPlus6-Banco3LinuxTSPlus6-block-clone2904_clone070525
2025-05-22 15:27:39,702 - WARNING - ⚠️ Tentativa 1: Limite de requisições. Aguardando 5s...
2025-05-22 15:27:49,291 - INFO - ✅ Backup criado: BlockBackup-LinuxTSPlus6-Banco3LinuxTSPlus6-block-clone2904_clone070525-BKPAUTCITEL-20250522-1527
2025-05-22 15:27:49,802 - INFO - 
🔍 Processando block volume: LinuxTSPlus6-Banco4LinuxTSPlus6-block-clone2904_clone070525
2025-05-22 15:27:49,926 - WARNING - ⚠️ Tentativa 1: Limite de requisições. Aguardando 5s...
2025-05-22 15:27:57,111 - INFO - ✅ Backup criado: BlockBackup-LinuxTSPlus6-Banco4LinuxTSPlus6-block-clone2904_clone070525-BKPAUTCITEL-20250522-1527
2025-05-22 15:27:57,623 - INFO - 
🔍 Processando block volume: LinuxTSPlus18-Banco1LinuxTSPlus18-block-2904_clone070525
2025-05-22 15:27:57,872 - INFO - ✅ Backup criado: BlockBackup-LinuxTSPlus18-Banco1LinuxTSPlus18-block-2904_clone070525-BKPAUTCITEL-20250522-1527
2025-05-22 15:27:58,377 - INFO - 
🔍 Processando block volume: LinuxTSPlus18-Banco2LinuxTSPlus18-block-2904_clone070525
2025-05-22 15:27:58,500 - WARNING - ⚠️ Tentativa 1: Limite de requisições. Aguardando 5s...
2025-05-22 15:28:04,353 - WARNING - ⚠️ Tentativa 2: Limite de requisições. Aguardando 10s...
2025-05-22 15:28:18,460 - WARNING - ⚠️ Tentativa 3: Limite de requisições. Aguardando 20s...
2025-05-22 15:28:43,465 - WARNING - ⚠️ Tentativa 4: Limite de requisições. Aguardando 40s...
2025-05-22 15:29:26,407 - INFO - ✅ Backup criado: BlockBackup-LinuxTSPlus18-Banco2LinuxTSPlus18-block-2904_clone070525-BKPAUTCITEL-20250522-1527
2025-05-22 15:29:26,925 - INFO - 
🔍 Processando block volume: LinuxTSPlus18-Bancos4_BR18-block-2904_clone070525
2025-05-22 15:29:27,207 - INFO - ✅ Backup criado: BlockBackup-LinuxTSPlus18-Bancos4_BR18-block-2904_clone070525-BKPAUTCITEL-20250522-1529
2025-05-22 15:29:27,759 - INFO - 
🔍 Processando block volume: LinuxTsplus59-Banco2Linux59-block-clone2904_clone070525
2025-05-22 15:29:28,051 - INFO - ✅ Backup criado: BlockBackup-LinuxTsplus59-Banco2Linux59-block-clone2904_clone070525-BKPAUTCITEL-20250522-1529
2025-05-22 15:29:28,572 - INFO - 
🔍 Processando block volume: LinuxTsplus59-BancoLinux59-block-clone2904_clone070525
2025-05-22 15:29:28,845 - INFO - ✅ Backup criado: BlockBackup-LinuxTsplus59-BancoLinux59-block-clone2904_clone070525-BKPAUTCITEL-20250522-1529
2025-05-22 15:29:29,354 - INFO - 
🔍 Processando block volume: LinuxTSPlus19_Banco1LinuxTSPlus19_clone2904_clone070525
2025-05-22 15:29:29,735 - INFO - ✅ Backup criado: BlockBackup-LinuxTSPlus19_Banco1LinuxTSPlus19_clone2904_clone070525-BKPAUTCITEL-20250522-1529
2025-05-22 15:29:30,254 - INFO - 
🔍 Processando block volume: LinuxTSPlus19_Banco3LinuxTSPlus19_clone2904_clone070525
2025-05-22 15:29:30,519 - INFO - ✅ Backup criado: BlockBackup-LinuxTSPlus19_Banco3LinuxTSPlus19_clone2904_clone070525-BKPAUTCITEL-20250522-1529
2025-05-22 15:29:31,039 - INFO - 
🔍 Processando block volume: LinuxTSPlus20_Banco1LinuxTSPlus20_clone2904_clone070525
2025-05-22 15:29:31,316 - INFO - ✅ Backup criado: BlockBackup-LinuxTSPlus20_Banco1LinuxTSPlus20_clone2904_clone070525-BKPAUTCITEL-20250522-1529
2025-05-22 15:29:31,822 - INFO - 
🔍 Processando block volume: LinuxTSPlus20_Banco2LinuxTSPlus20_clone2904_clone070525
2025-05-22 15:29:31,945 - WARNING - ⚠️ Tentativa 1: Limite de requisições. Aguardando 5s...
2025-05-22 15:29:38,496 - INFO - ✅ Backup criado: BlockBackup-LinuxTSPlus20_Banco2LinuxTSPlus20_clone2904_clone070525-BKPAUTCITEL-20250522-1529
2025-05-22 15:29:39,045 - INFO - 
🔍 Processando block volume: LinuxTSPlus20_Banco3_BR20_clone2904_clone070525
2025-05-22 15:29:39,218 - WARNING - ⚠️ Tentativa 1: Limite de requisições. Aguardando 5s...
2025-05-22 15:29:46,049 - INFO - ✅ Backup criado: BlockBackup-LinuxTSPlus20_Banco3_BR20_clone2904_clone070525-BKPAUTCITEL-20250522-1529
2025-05-22 15:29:46,567 - INFO - 
🔍 Processando block volume: LinuxTSPlus20_Banco4LinuxTSPlus20_clone2904_clone070525
2025-05-22 15:29:46,692 - WARNING - ⚠️ Tentativa 1: Limite de requisições. Aguardando 5s...
2025-05-22 15:29:57,169 - INFO - ✅ Backup criado: BlockBackup-LinuxTSPlus20_Banco4LinuxTSPlus20_clone2904_clone070525-BKPAUTCITEL-20250522-1529
2025-05-22 15:29:57,685 - INFO - 
🔍 Processando block volume: LinuxTSPlus5-Banco3LinuxBR5-block-clone2904_clone070525
2025-05-22 15:29:57,809 - WARNING - ⚠️ Tentativa 1: Limite de requisições. Aguardando 5s...
2025-05-22 15:30:08,359 - INFO - ✅ Backup criado: BlockBackup-LinuxTSPlus5-Banco3LinuxBR5-block-clone2904_clone070525-BKPAUTCITEL-20250522-1529
2025-05-22 15:30:08,896 - INFO - 
🔍 Processando block volume: LinuxTSPlus5-Banco2LinuxBR5-block-clone2904_clone070525
2025-05-22 15:30:09,020 - WARNING - ⚠️ Tentativa 1: Limite de requisições. Aguardando 5s...
2025-05-22 15:30:17,698 - WARNING - ⚠️ Tentativa 2: Limite de requisições. Aguardando 10s...
2025-05-22 15:30:33,301 - INFO - ✅ Backup criado: BlockBackup-LinuxTSPlus5-Banco2LinuxBR5-block-clone2904_clone070525-BKPAUTCITEL-20250522-1530
2025-05-22 15:30:33,821 - INFO - 
🔍 Processando block volume: Banco1-LinuxData004_clone070525
2025-05-22 15:30:33,946 - WARNING - ⚠️ Tentativa 1: Limite de requisições. Aguardando 5s...
2025-05-22 15:30:43,098 - INFO - ✅ Backup criado: BlockBackup-Banco1-LinuxData004_clone070525-BKPAUTCITEL-20250522-1530
2025-05-22 15:30:43,658 - INFO - 
🔍 Processando block volume: Banco2-LinuxData004_clone070525
2025-05-22 15:30:43,934 - INFO - ✅ Backup criado: BlockBackup-Banco2-LinuxData004_clone070525-BKPAUTCITEL-20250522-1530
2025-05-22 15:30:44,461 - INFO - 
🔍 Processando block volume: Banco3-LinuxData004_clone070525
2025-05-22 15:30:44,749 - INFO - ✅ Backup criado: BlockBackup-Banco3-LinuxData004_clone070525-BKPAUTCITEL-20250522-1530
2025-05-22 15:30:45,272 - INFO - 
🔍 Processando block volume: LinuxTSPlus48-block-Restore_clone070525
2025-05-22 15:30:45,583 - INFO - ✅ Backup criado: BlockBackup-LinuxTSPlus48-block-Restore_clone070525-BKPAUTCITEL-20250522-1530
2025-05-22 15:30:46,120 - INFO - 
🔍 Processando block volume: LinuxData007-Banco4_clone070525
2025-05-22 15:30:46,406 - INFO - ✅ Backup criado: BlockBackup-LinuxData007-Banco4_clone070525-BKPAUTCITEL-20250522-1530
2025-05-22 15:30:46,924 - INFO - 
🔍 Processando block volume: Banco2LinuxBR21-Restore_clone070525
2025-05-22 15:30:47,226 - INFO - ✅ Backup criado: BlockBackup-Banco2LinuxBR21-Restore_clone070525-BKPAUTCITEL-20250522-1530
2025-05-22 15:30:47,729 - INFO - 
🔍 Processando block volume: LinuxTSPlus41-block-Restore_clone070525
2025-05-22 15:30:47,851 - WARNING - ⚠️ Tentativa 1: Limite de requisições. Aguardando 5s...
2025-05-22 15:30:53,512 - INFO - ✅ Backup criado: BlockBackup-LinuxTSPlus41-block-Restore_clone070525-BKPAUTCITEL-20250522-1530
2025-05-22 15:30:54,044 - INFO - 
🔍 Processando block volume: Banco1LinuxTSPlus26-Restore_clone070525
2025-05-22 15:30:54,332 - INFO - ✅ Backup criado: BlockBackup-Banco1LinuxTSPlus26-Restore_clone070525-BKPAUTCITEL-20250522-1530
2025-05-22 15:30:54,844 - INFO - 
🔍 Processando block volume: LinuxTSPlus36-block-Restore_clone070525
2025-05-22 15:30:55,114 - INFO - ✅ Backup criado: BlockBackup-LinuxTSPlus36-block-Restore_clone070525-BKPAUTCITEL-20250522-1530
2025-05-22 15:30:55,633 - INFO - 
🔍 Processando block volume: LinuxTSPlus34-Bancos3_BR34-backup-Restore_clone070525
2025-05-22 15:30:55,756 - WARNING - ⚠️ Tentativa 1: Limite de requisições. Aguardando 5s...
2025-05-22 15:31:04,615 - INFO - ✅ Backup criado: BlockBackup-LinuxTSPlus34-Bancos3_BR34-backup-Restore_clone070525-BKPAUTCITEL-20250522-1530
2025-05-22 15:31:05,131 - INFO - 
🔍 Processando block volume: LinuxTSPlus34-Bancos2_BR34-backup-Restore_clone070525
2025-05-22 15:31:05,391 - INFO - ✅ Backup criado: BlockBackup-LinuxTSPlus34-Bancos2_BR34-backup-Restore_clone070525-BKPAUTCITEL-20250522-1531
2025-05-22 15:31:05,911 - INFO - 
🔍 Processando block volume: Banco1LinuxTSPLUS33-Restore_clone070525
2025-05-22 15:31:06,035 - WARNING - ⚠️ Tentativa 1: Limite de requisições. Aguardando 5s...
2025-05-22 15:31:13,397 - WARNING - ⚠️ Tentativa 2: Limite de requisições. Aguardando 10s...
2025-05-22 15:31:25,660 - INFO - ✅ Backup criado: BlockBackup-Banco1LinuxTSPLUS33-Restore_clone070525-BKPAUTCITEL-20250522-1531
2025-05-22 15:31:26,208 - INFO - 
🔍 Processando block volume: Banco2BR33-Restore_clone070525
2025-05-22 15:31:26,574 - INFO - ✅ Backup criado: BlockBackup-Banco2BR33-Restore_clone070525-BKPAUTCITEL-20250522-1531
2025-05-22 15:31:27,086 - INFO - 
🔍 Processando block volume: LinuxTSPlus34-Banco1LinuxTSPLUS34-backup-Restore_clone070525
2025-05-22 15:31:27,208 - WARNING - ⚠️ Tentativa 1: Limite de requisições. Aguardando 5s...
2025-05-22 15:31:33,686 - INFO - ✅ Backup criado: BlockBackup-LinuxTSPlus34-Banco1LinuxTSPLUS34-backup-Restore_clone070525-BKPAUTCITEL-20250522-1531
2025-05-22 15:31:34,207 - INFO - 
🔍 Processando block volume: LinuxTSPlus1-Restore1_clone070525
2025-05-22 15:31:34,497 - INFO - ✅ Backup criado: BlockBackup-LinuxTSPlus1-Restore1_clone070525-BKPAUTCITEL-20250522-1531
2025-05-22 15:31:35,025 - INFO - 
🔍 Processando block volume: Bancos5_BR1-Restore2_clone070525
2025-05-22 15:31:35,147 - WARNING - ⚠️ Tentativa 1: Limite de requisições. Aguardando 5s...
2025-05-22 15:31:42,647 - WARNING - ⚠️ Tentativa 2: Limite de requisições. Aguardando 10s...
2025-05-22 15:31:58,058 - WARNING - ⚠️ Tentativa 3: Limite de requisições. Aguardando 20s...
2025-05-22 15:32:20,510 - WARNING - ⚠️ Tentativa 4: Limite de requisições. Aguardando 40s...
2025-05-22 15:33:02,413 - INFO - ✅ Backup criado: BlockBackup-Bancos5_BR1-Restore2_clone070525-BKPAUTCITEL-20250522-1531
2025-05-22 15:33:02,933 - INFO - 
🔍 Processando block volume: Bancos4_BR01-Restore3_clone070525
2025-05-22 15:33:03,225 - INFO - ✅ Backup criado: BlockBackup-Bancos4_BR01-Restore3_clone070525-BKPAUTCITEL-20250522-1533
2025-05-22 15:33:03,734 - INFO - 
🔍 Processando block volume: Banco3LinuxTSPlus1-Restore4_clone070525
2025-05-22 15:33:03,860 - WARNING - ⚠️ Tentativa 1: Limite de requisições. Aguardando 5s...
2025-05-22 15:33:13,195 - INFO - ✅ Backup criado: BlockBackup-Banco3LinuxTSPlus1-Restore4_clone070525-BKPAUTCITEL-20250522-1533
2025-05-22 15:33:13,707 - INFO - 
🔍 Processando block volume: Banco1LinuxTSPlus24-Restore_clone070525
2025-05-22 15:33:13,830 - WARNING - ⚠️ Tentativa 1: Limite de requisições. Aguardando 5s...
2025-05-22 15:33:21,765 - INFO - ✅ Backup criado: BlockBackup-Banco1LinuxTSPlus24-Restore_clone070525-BKPAUTCITEL-20250522-1533
2025-05-22 15:33:22,287 - INFO - 
🔍 Processando block volume: Banco1LinuxTSPlus22-Restore_clone070525
2025-05-22 15:33:22,617 - INFO - ✅ Backup criado: BlockBackup-Banco1LinuxTSPlus22-Restore_clone070525-BKPAUTCITEL-20250522-1533
2025-05-22 15:33:23,138 - INFO - 
🔍 Processando block volume: Banco3LinuxTSPlus22-Restore_clone070525
2025-05-22 15:33:23,262 - WARNING - ⚠️ Tentativa 1: Limite de requisições. Aguardando 5s...
2025-05-22 15:33:30,670 - INFO - ✅ Backup criado: BlockBackup-Banco3LinuxTSPlus22-Restore_clone070525-BKPAUTCITEL-20250522-1533
2025-05-22 15:33:31,193 - INFO - 
🔍 Processando block volume: Banco2LinuxTSPlus22-Restore_clone070525
2025-05-22 15:33:31,464 - INFO - ✅ Backup criado: BlockBackup-Banco2LinuxTSPlus22-Restore_clone070525-BKPAUTCITEL-20250522-1533
2025-05-22 15:33:32,015 - INFO - 
🔍 Processando block volume: LinuxData010-PalacioTKT651385_clone070525
2025-05-22 15:33:32,281 - INFO - ✅ Backup criado: BlockBackup-LinuxData010-PalacioTKT651385_clone070525-BKPAUTCITEL-20250522-1533
2025-05-22 15:33:32,815 - INFO - 
🔍 Processando block volume: LinuxData010-Banco4_clone070525
2025-05-22 15:33:33,131 - INFO - ✅ Backup criado: BlockBackup-LinuxData010-Banco4_clone070525-BKPAUTCITEL-20250522-1533
2025-05-22 15:33:33,638 - INFO - 
🔍 Processando block volume: LinuxData010-Banco5_clone070525
2025-05-22 15:33:33,761 - WARNING - ⚠️ Tentativa 1: Limite de requisições. Aguardando 5s...
2025-05-22 15:33:42,231 - INFO - ✅ Backup criado: BlockBackup-LinuxData010-Banco5_clone070525-BKPAUTCITEL-20250522-1533
2025-05-22 15:33:42,765 - INFO - 
🔍 Processando block volume: LinuxData010-GeB_clone070525
2025-05-22 15:33:43,036 - INFO - ✅ Backup criado: BlockBackup-LinuxData010-GeB_clone070525-BKPAUTCITEL-20250522-1533
2025-05-22 15:33:43,554 - INFO - 
🔍 Processando block volume: Banco3LinuxTSPlus1-Restore4_copy_30-04-2025_clone070525
2025-05-22 15:33:43,850 - INFO - ✅ Backup criado: BlockBackup-Banco3LinuxTSPlus1-Restore4_copy_30-04-2025_clone070525-BKPAUTCITEL-20250522-1533
2025-05-22 15:33:44,379 - INFO - 
🔍 Processando block volume: Bancos5_BR1-Restore2_Copu_30-04-2025_clone070525
2025-05-22 15:33:44,501 - WARNING - ⚠️ Tentativa 1: Limite de requisições. Aguardando 5s...
2025-05-22 15:33:53,371 - INFO - ✅ Backup criado: BlockBackup-Bancos5_BR1-Restore2_Copu_30-04-2025_clone070525-BKPAUTCITEL-20250522-1533
2025-05-22 15:33:53,902 - INFO - 
🔍 Processando block volume: LinuxTSPlus1-Restore1_Copy_30-04-2025_clone070525
2025-05-22 15:33:54,024 - WARNING - ⚠️ Tentativa 1: Limite de requisições. Aguardando 5s...
2025-05-22 15:34:04,010 - INFO - ✅ Backup criado: BlockBackup-LinuxTSPlus1-Restore1_Copy_30-04-2025_clone070525-BKPAUTCITEL-20250522-1533
2025-05-22 15:34:04,528 - INFO - 
🔍 Processando block volume: Bancos4_BR01-Restore3_Copy_30-04-2025_clone070525
2025-05-22 15:34:04,808 - INFO - ✅ Backup criado: BlockBackup-Bancos4_BR01-Restore3_Copy_30-04-2025_clone070525-BKPAUTCITEL-20250522-1534
2025-05-22 15:34:05,323 - INFO - 
🔍 Processando block volume: Banco1LinuxTSPlus2_Copy_30-04-2025_clone070525
2025-05-22 15:34:05,578 - INFO - ✅ Backup criado: BlockBackup-Banco1LinuxTSPlus2_Copy_30-04-2025_clone070525-BKPAUTCITEL-20250522-1534
2025-05-22 15:34:06,094 - INFO - 
🔍 Processando block volume: Banco_PalacioFerramentas_Copy_30-04-2025_clone070525
2025-05-22 15:34:06,217 - WARNING - ⚠️ Tentativa 1: Limite de requisições. Aguardando 5s...
2025-05-22 15:34:14,828 - WARNING - ⚠️ Tentativa 2: Limite de requisições. Aguardando 10s...
2025-05-22 15:34:26,024 - WARNING - ⚠️ Tentativa 3: Limite de requisições. Aguardando 20s...
2025-05-22 15:34:51,262 - INFO - ✅ Backup criado: BlockBackup-Banco_PalacioFerramentas_Copy_30-04-2025_clone070525-BKPAUTCITEL-20250522-1534
2025-05-22 15:34:51,779 - INFO - 
🔍 Processando block volume: LinuxData002_Bancos2_BR02_Copy_30-04-2025_clone070525
2025-05-22 15:34:52,071 - INFO - ✅ Backup criado: BlockBackup-LinuxData002_Bancos2_BR02_Copy_30-04-2025_clone070525-BKPAUTCITEL-20250522-1534
2025-05-22 15:34:52,592 - INFO - 
🔍 Processando block volume: LinuxData020-Banco3_BR20_clone070525
2025-05-22 15:34:52,893 - INFO - ✅ Backup criado: BlockBackup-LinuxData020-Banco3_BR20_clone070525-BKPAUTCITEL-20250522-1534
2025-05-22 15:34:53,426 - INFO - 
🔍 Processando block volume: Banco3_BR20-RESTORE_FILES_clone070525
2025-05-22 15:34:53,700 - INFO - ✅ Backup criado: BlockBackup-Banco3_BR20-RESTORE_FILES_clone070525-BKPAUTCITEL-20250522-1534
2025-05-22 15:34:54,224 - INFO - 
🔍 Processando block volume: LinuxData030_clone06052025_clone070525
2025-05-22 15:34:54,348 - WARNING - ⚠️ Tentativa 1: Limite de requisições. Aguardando 5s...
2025-05-22 15:35:00,159 - INFO - ✅ Backup criado: BlockBackup-LinuxData030_clone06052025_clone070525-BKPAUTCITEL-20250522-1534
2025-05-22 15:35:00,674 - INFO - 
🔍 Processando block volume: LinuxDataBelaTintas_Replica
2025-05-22 15:35:00,806 - WARNING - ⚠️ Tentativa 1: Limite de requisições. Aguardando 5s...
2025-05-22 15:35:08,184 - INFO - ✅ Backup criado: BlockBackup-LinuxDataBelaTintas_Replica-BKPAUTCITEL-20250522-1535
2025-05-22 15:35:08,696 - INFO - 
🔍 Processando block volume: Banco3LinuxTSPlus1-Replica
2025-05-22 15:35:08,969 - INFO - ✅ Backup criado: BlockBackup-Banco3LinuxTSPlus1-Replica-BKPAUTCITEL-20250522-1535
2025-05-22 15:35:09,489 - INFO - 
🔍 Processando block volume: Bancos4_BR01-Replica
2025-05-22 15:35:09,761 - INFO - ✅ Backup criado: BlockBackup-Bancos4_BR01-Replica-BKPAUTCITEL-20250522-1535
2025-05-22 15:35:10,285 - INFO - 
🔍 Processando block volume: Bancos5_BR1-Replica
2025-05-22 15:35:10,607 - INFO - ✅ Backup criado: BlockBackup-Bancos5_BR1-Replica-BKPAUTCITEL-20250522-1535
2025-05-22 15:35:11,131 - INFO - 
🔍 Processando block volume: LinuxTSPlus1-Replica
2025-05-22 15:35:11,254 - WARNING - ⚠️ Tentativa 1: Limite de requisições. Aguardando 5s...
2025-05-22 15:35:21,362 - INFO - ✅ Backup criado: BlockBackup-LinuxTSPlus1-Replica-BKPAUTCITEL-20250522-1535
2025-05-22 15:35:21,878 - INFO - 
🔍 Processando block volume: Banco1-LinuxData004_Replica-Teste
2025-05-22 15:35:22,000 - WARNING - ⚠️ Tentativa 1: Limite de requisições. Aguardando 5s...
2025-05-22 15:35:29,617 - WARNING - ⚠️ Tentativa 2: Limite de requisições. Aguardando 10s...
2025-05-22 15:35:42,005 - WARNING - ⚠️ Tentativa 3: Limite de requisições. Aguardando 20s...
2025-05-22 15:36:03,570 - INFO - ✅ Backup criado: BlockBackup-Banco1-LinuxData004_Replica-Teste-BKPAUTCITEL-20250522-1535
2025-05-22 15:36:04,123 - INFO - 
✅ Execução concluída com sucesso
