2025-05-25 22:06:46,431 - INFO - 
🔍 Processando block volume: LinuxTSPlus1
2025-05-25 22:06:46,791 - INFO - ✅ Backup criado: BlockBackup-LinuxTSPlus1-BKPAUTCITEL-20250525-2206
2025-05-25 22:06:47,367 - INFO - 
🔍 Processando block volume: Banco1LinuxTSPlus2
2025-05-25 22:06:47,643 - INFO - ✅ Backup criado: BlockBackup-Banco1LinuxTSPlus2-BKPAUTCITEL-20250525-2206
2025-05-25 22:06:48,220 - INFO - 
🔍 Processando block volume: Banco1LinuxTSPlus4
2025-05-25 22:06:48,505 - INFO - ✅ Backup criado: BlockBackup-Banco1LinuxTSPlus4-BKPAUTCITEL-20250525-2206
2025-05-25 22:06:49,065 - INFO - 
🔍 Processando block volume: Banco1LinuxTSPlus20
2025-05-25 22:06:49,345 - INFO - ✅ Backup criado: BlockBackup-Banco1LinuxTSPlus20-BKPAUTCITEL-20250525-2206
2025-05-25 22:06:49,921 - INFO - 
🔍 Processando block volume: Banco3LinuxTSPlus1
2025-05-25 22:06:50,224 - INFO - ✅ Backup criado: BlockBackup-Banco3LinuxTSPlus1-BKPAUTCITEL-20250525-2206
2025-05-25 22:06:50,822 - INFO - 
🔍 Processando block volume: Banco_PalacioFerramentas
2025-05-25 22:06:51,144 - INFO - ✅ Backup criado: BlockBackup-Banco_PalacioFerramentas-BKPAUTCITEL-20250525-2206
2025-05-25 22:06:51,712 - INFO - 
🔍 Processando block volume: Banco1LinuxTSPlus25
2025-05-25 22:06:51,837 - WARNING - ⚠️ Tentativa 1: Limite de requisições. Aguardando 5s...
2025-05-25 22:07:01,619 - INFO - ✅ Backup criado: BlockBackup-Banco1LinuxTSPlus25-BKPAUTCITEL-20250525-2206
2025-05-25 22:07:02,213 - INFO - 
🔍 Processando block volume: Banco1LinuxTSPlus30
2025-05-25 22:07:02,338 - WARNING - ⚠️ Tentativa 1: Limite de requisições. Aguardando 5s...
2025-05-25 22:07:09,135 - WARNING - ⚠️ Tentativa 2: Limite de requisições. Aguardando 10s...
2025-05-25 22:07:22,888 - INFO - ✅ Backup criado: BlockBackup-Banco1LinuxTSPlus30-BKPAUTCITEL-20250525-2207
2025-05-25 22:07:23,466 - INFO - 
🔍 Processando block volume: Banco5LinuxTSPlus10
2025-05-25 22:07:23,738 - INFO - ✅ Backup criado: BlockBackup-Banco5LinuxTSPlus10-BKPAUTCITEL-20250525-2207
2025-05-25 22:07:24,319 - INFO - 
🔍 Processando block volume: Banco2LinuxTSPlus20
2025-05-25 22:07:24,621 - INFO - ✅ Backup criado: BlockBackup-Banco2LinuxTSPlus20-BKPAUTCITEL-20250525-2207
2025-05-25 22:07:25,192 - INFO - 
🔍 Processando block volume: Banco2BR24
2025-05-25 22:07:25,466 - INFO - ✅ Backup criado: BlockBackup-Banco2BR24-BKPAUTCITEL-20250525-2207
2025-05-25 22:07:26,049 - INFO - 
🔍 Processando block volume: LinuxDataBelaTintas
2025-05-25 22:07:26,336 - INFO - ✅ Backup criado: BlockBackup-LinuxDataBelaTintas-BKPAUTCITEL-20250525-2207
2025-05-25 22:07:26,910 - INFO - 
🔍 Processando block volume: Bancos2_BR02
2025-05-25 22:07:27,035 - WARNING - ⚠️ Tentativa 1: Limite de requisições. Aguardando 5s...
2025-05-25 22:07:35,723 - INFO - ✅ Backup criado: BlockBackup-Bancos2_BR02-BKPAUTCITEL-20250525-2207
2025-05-25 22:07:36,336 - INFO - 
🔍 Processando block volume: Bancos4_BR01
2025-05-25 22:07:36,630 - INFO - ✅ Backup criado: BlockBackup-Bancos4_BR01-BKPAUTCITEL-20250525-2207
2025-05-25 22:07:37,200 - INFO - 
🔍 Processando block volume: BKO Palacio TKT 651385
2025-05-25 22:07:37,688 - INFO - ✅ Backup criado: BlockBackup-BKO Palacio TKT 651385-BKPAUTCITEL-20250525-2207
2025-05-25 22:07:38,260 - INFO - 
🔍 Processando block volume: Bancos3_BR25
2025-05-25 22:07:38,665 - INFO - ✅ Backup criado: BlockBackup-Bancos3_BR25-BKPAUTCITEL-20250525-2207
2025-05-25 22:07:39,252 - INFO - 
🔍 Processando block volume: GeB
2025-05-25 22:07:39,531 - INFO - ✅ Backup criado: BlockBackup-GeB-BKPAUTCITEL-20250525-2207
2025-05-25 22:07:40,098 - INFO - 
🔍 Processando block volume: Banco3_BR20
2025-05-25 22:07:40,223 - WARNING - ⚠️ Tentativa 1: Limite de requisições. Aguardando 5s...
2025-05-25 22:07:50,657 - INFO - ✅ Backup criado: BlockBackup-Banco3_BR20-BKPAUTCITEL-20250525-2207
2025-05-25 22:07:51,230 - INFO - 
🔍 Processando block volume: Banco_Darka
2025-05-25 22:07:51,506 - INFO - ✅ Backup criado: BlockBackup-Banco_Darka-BKPAUTCITEL-20250525-2207
2025-05-25 22:07:52,086 - INFO - 
🔍 Processando block volume: Banco4LinuxTSPlus20
2025-05-25 22:07:52,381 - INFO - ✅ Backup criado: BlockBackup-Banco4LinuxTSPlus20-BKPAUTCITEL-20250525-2207
2025-05-25 22:07:52,968 - INFO - 
🔍 Processando block volume: BackupGeB
2025-05-25 22:07:53,094 - WARNING - ⚠️ Tentativa 1: Limite de requisições. Aguardando 5s...
2025-05-25 22:07:59,043 - INFO - ✅ Backup criado: BlockBackup-BackupGeB-BKPAUTCITEL-20250525-2207
2025-05-25 22:07:59,642 - INFO - 
🔍 Processando block volume: BancoGeB
2025-05-25 22:07:59,935 - INFO - ✅ Backup criado: BlockBackup-BancoGeB-BKPAUTCITEL-20250525-2207
2025-05-25 22:08:00,513 - INFO - 
🔍 Processando block volume: Bancos5_BR1
2025-05-25 22:08:00,638 - WARNING - ⚠️ Tentativa 1: Limite de requisições. Aguardando 5s...
2025-05-25 22:08:10,959 - WARNING - ⚠️ Tentativa 2: Limite de requisições. Aguardando 10s...
2025-05-25 22:08:24,636 - INFO - ✅ Backup criado: BlockBackup-Bancos5_BR1-BKPAUTCITEL-20250525-2208
2025-05-25 22:08:25,206 - INFO - 
🔍 Processando block volume: BackupCoresVivas TKT 902822
2025-05-25 22:08:25,331 - WARNING - ⚠️ Tentativa 1: Limite de requisições. Aguardando 5s...
2025-05-25 22:08:34,030 - INFO - ✅ Backup criado: BlockBackup-BackupCoresVivas TKT 902822-BKPAUTCITEL-20250525-2208
2025-05-25 22:08:34,591 - INFO - 
🔍 Processando block volume: bkpBoomerVinicius
2025-05-25 22:08:34,719 - WARNING - ⚠️ Tentativa 1: Limite de requisições. Aguardando 5s...
2025-05-25 22:08:40,788 - INFO - ✅ Backup criado: BlockBackup-bkpBoomerVinicius-BKPAUTCITEL-20250525-2208
2025-05-25 22:08:41,385 - INFO - 
🔍 Processando block volume: GeB2
2025-05-25 22:08:41,511 - WARNING - ⚠️ Tentativa 1: Limite de requisições. Aguardando 5s...
2025-05-25 22:08:51,122 - WARNING - ⚠️ Tentativa 2: Limite de requisições. Aguardando 10s...
2025-05-25 22:09:03,460 - INFO - ✅ Backup criado: BlockBackup-GeB2-BKPAUTCITEL-20250525-2208
2025-05-25 22:09:04,036 - INFO - 
🔍 Processando block volume: bkpParque1014464
2025-05-25 22:09:04,332 - INFO - ✅ Backup criado: BlockBackup-bkpParque1014464-BKPAUTCITEL-20250525-2209
2025-05-25 22:09:04,907 - INFO - 
🔍 Processando block volume: bkpPedrao1020442
2025-05-25 22:09:05,210 - INFO - ✅ Backup criado: BlockBackup-bkpPedrao1020442-BKPAUTCITEL-20250525-2209
2025-05-25 22:09:05,782 - INFO - 
🔍 Processando block volume: Backup_BR34_1031161
2025-05-25 22:09:05,907 - WARNING - ⚠️ Tentativa 1: Limite de requisições. Aguardando 5s...
2025-05-25 22:09:12,458 - INFO - ✅ Backup criado: BlockBackup-Backup_BR34_1031161-BKPAUTCITEL-20250525-2209
2025-05-25 22:09:13,037 - INFO - 
🔍 Processando block volume: GeB BancoTeste tkt 1048932
2025-05-25 22:09:13,162 - WARNING - ⚠️ Tentativa 1: Limite de requisições. Aguardando 5s...
2025-05-25 22:09:22,167 - WARNING - ⚠️ Tentativa 2: Limite de requisições. Aguardando 10s...
2025-05-25 22:09:34,384 - INFO - ✅ Backup criado: BlockBackup-GeB BancoTeste tkt 1048932-BKPAUTCITEL-20250525-2209
2025-05-25 22:09:34,980 - INFO - 
🔍 Processando block volume: Banco1LinuxTSPlus11_clone2904
2025-05-25 22:09:35,256 - INFO - ✅ Backup criado: BlockBackup-Banco1LinuxTSPlus11_clone2904-BKPAUTCITEL-20250525-2209
2025-05-25 22:09:35,837 - INFO - 
🔍 Processando block volume: LinuxTSPlus11_BancoPRODJRPais_clone2904
2025-05-25 22:09:36,120 - INFO - ✅ Backup criado: BlockBackup-LinuxTSPlus11_BancoPRODJRPais_clone2904-BKPAUTCITEL-20250525-2209
2025-05-25 22:09:36,713 - INFO - 
🔍 Processando block volume: LinuxTSPlus30_Banco1LinuxTSPlus30_clone2904
2025-05-25 22:09:36,996 - INFO - ✅ Backup criado: BlockBackup-LinuxTSPlus30_Banco1LinuxTSPlus30_clone2904-BKPAUTCITEL-20250525-2209
2025-05-25 22:09:37,584 - INFO - 
🔍 Processando block volume: Banco-1-LinuxData012
2025-05-25 22:09:37,714 - WARNING - ⚠️ Tentativa 1: Limite de requisições. Aguardando 5s...
2025-05-25 22:09:48,320 - INFO - ✅ Backup criado: BlockBackup-Banco-1-LinuxData012-BKPAUTCITEL-20250525-2209
2025-05-25 22:09:48,886 - INFO - 
🔍 Processando block volume: Banco2-LinuxData012
2025-05-25 22:09:49,172 - INFO - ✅ Backup criado: BlockBackup-Banco2-LinuxData012-BKPAUTCITEL-20250525-2209
2025-05-25 22:09:49,778 - INFO - 
🔍 Processando block volume: Banco3-LinuxData012
2025-05-25 22:09:50,060 - INFO - ✅ Backup criado: BlockBackup-Banco3-LinuxData012-BKPAUTCITEL-20250525-2209
2025-05-25 22:09:50,636 - INFO - 
🔍 Processando block volume: LinuxTSPlus55_Banco1BR55_clone2904
2025-05-25 22:09:50,937 - INFO - ✅ Backup criado: BlockBackup-LinuxTSPlus55_Banco1BR55_clone2904-BKPAUTCITEL-20250525-2209
2025-05-25 22:09:51,513 - INFO - 
🔍 Processando block volume: LinuxTSPlus55_Banco3BR55_clone2904
2025-05-25 22:09:51,639 - WARNING - ⚠️ Tentativa 1: Limite de requisições. Aguardando 5s...
2025-05-25 22:10:01,545 - WARNING - ⚠️ Tentativa 2: Limite de requisições. Aguardando 10s...
2025-05-25 22:10:12,879 - INFO - ✅ Backup criado: BlockBackup-LinuxTSPlus55_Banco3BR55_clone2904-BKPAUTCITEL-20250525-2209
2025-05-25 22:10:13,466 - INFO - 
🔍 Processando block volume: LinuxTSPlus65_Banco1LinuxTSPLUS65_clone2904
2025-05-25 22:10:13,777 - INFO - ✅ Backup criado: BlockBackup-LinuxTSPlus65_Banco1LinuxTSPLUS65_clone2904-BKPAUTCITEL-20250525-2210
2025-05-25 22:10:14,356 - INFO - 
🔍 Processando block volume: LinuxTSPlus65_Banco2LinuxTSPLUS65_clone2904
2025-05-25 22:10:14,481 - WARNING - ⚠️ Tentativa 1: Limite de requisições. Aguardando 5s...
2025-05-25 22:10:23,954 - INFO - ✅ Backup criado: BlockBackup-LinuxTSPlus65_Banco2LinuxTSPLUS65_clone2904-BKPAUTCITEL-20250525-2210
2025-05-25 22:10:24,542 - INFO - 
🔍 Processando block volume: LinuxTSPlus65_Banco3LinuxTSPLUS65_clone2904
2025-05-25 22:10:24,667 - WARNING - ⚠️ Tentativa 1: Limite de requisições. Aguardando 5s...
2025-05-25 22:10:34,884 - INFO - ✅ Backup criado: BlockBackup-LinuxTSPlus65_Banco3LinuxTSPLUS65_clone2904-BKPAUTCITEL-20250525-2210
2025-05-25 22:10:35,465 - INFO - 
🔍 Processando block volume: LinuxTSPlus65_BinariosLinuxTSPLUS65_clone2904
2025-05-25 22:10:35,590 - WARNING - ⚠️ Tentativa 1: Limite de requisições. Aguardando 5s...
2025-05-25 22:10:44,265 - INFO - ✅ Backup criado: BlockBackup-LinuxTSPlus65_BinariosLinuxTSPLUS65_clone2904-BKPAUTCITEL-20250525-2210
2025-05-25 22:10:44,840 - INFO - 
🔍 Processando block volume: LinuxTSPlus28_Banco2LinuxTSPlus28_clone2904
2025-05-25 22:10:45,119 - INFO - ✅ Backup criado: BlockBackup-LinuxTSPlus28_Banco2LinuxTSPlus28_clone2904-BKPAUTCITEL-20250525-2210
2025-05-25 22:10:45,707 - INFO - 
🔍 Processando block volume: LinuxTSPlus28_bancos3_BR28_clone2904
2025-05-25 22:10:46,001 - INFO - ✅ Backup criado: BlockBackup-LinuxTSPlus28_bancos3_BR28_clone2904-BKPAUTCITEL-20250525-2210
2025-05-25 22:10:46,586 - INFO - 
🔍 Processando block volume: LinuxTSPlus29_Banco1LinuxTSPlus29_clone2904
2025-05-25 22:10:46,882 - INFO - ✅ Backup criado: BlockBackup-LinuxTSPlus29_Banco1LinuxTSPlus29_clone2904-BKPAUTCITEL-20250525-2210
2025-05-25 22:10:47,464 - INFO - 
🔍 Processando block volume: LinuxTSPlus29_Bancos2_BR29_clone2904
2025-05-25 22:10:47,769 - INFO - ✅ Backup criado: BlockBackup-LinuxTSPlus29_Bancos2_BR29_clone2904-BKPAUTCITEL-20250525-2210
2025-05-25 22:10:48,330 - INFO - 
🔍 Processando block volume: LinuxTSPlus29_Bancos3_BR29_clone2904
2025-05-25 22:10:48,455 - WARNING - ⚠️ Tentativa 1: Limite de requisições. Aguardando 5s...
2025-05-25 22:10:57,090 - INFO - ✅ Backup criado: BlockBackup-LinuxTSPlus29_Bancos3_BR29_clone2904-BKPAUTCITEL-20250525-2210
2025-05-25 22:10:57,712 - INFO - 
🔍 Processando block volume: LinuxTSPlus72_Banco2BR_72_clone2904
2025-05-25 22:10:57,996 - INFO - ✅ Backup criado: BlockBackup-LinuxTSPlus72_Banco2BR_72_clone2904-BKPAUTCITEL-20250525-2210
2025-05-25 22:10:58,591 - INFO - 
🔍 Processando block volume: LinuxTSPlus72_BancoBR_clone2904
2025-05-25 22:10:58,874 - INFO - ✅ Backup criado: BlockBackup-LinuxTSPlus72_BancoBR_clone2904-BKPAUTCITEL-20250525-2210
2025-05-25 22:10:59,472 - INFO - 
🔍 Processando block volume: LinuxTSPlus43_Banco1LinuxTSPLUS43_clone2904
2025-05-25 22:10:59,774 - INFO - ✅ Backup criado: BlockBackup-LinuxTSPlus43_Banco1LinuxTSPLUS43_clone2904-BKPAUTCITEL-20250525-2210
2025-05-25 22:11:00,370 - INFO - 
🔍 Processando block volume: LinuxTSPlus43_HD4-LinuxDBA_clone2904
2025-05-25 22:11:00,499 - WARNING - ⚠️ Tentativa 1: Limite de requisições. Aguardando 5s...
2025-05-25 22:11:09,457 - WARNING - ⚠️ Tentativa 2: Limite de requisições. Aguardando 10s...
2025-05-25 22:11:22,725 - WARNING - ⚠️ Tentativa 3: Limite de requisições. Aguardando 20s...
2025-05-25 22:11:46,288 - INFO - ✅ Backup criado: BlockBackup-LinuxTSPlus43_HD4-LinuxDBA_clone2904-BKPAUTCITEL-20250525-2211
2025-05-25 22:11:46,876 - INFO - 
🔍 Processando block volume: LinuxTSPlus50_Banco1LinuxTSPlus50_clone2904
2025-05-25 22:11:47,002 - WARNING - ⚠️ Tentativa 1: Limite de requisições. Aguardando 5s...
2025-05-25 22:11:57,276 - INFO - ✅ Backup criado: BlockBackup-LinuxTSPlus50_Banco1LinuxTSPlus50_clone2904-BKPAUTCITEL-20250525-2211
2025-05-25 22:11:57,872 - INFO - 
🔍 Processando block volume: LinuxTSPlus37_Banco1LinuxTSPLUS37_clone2904
2025-05-25 22:11:58,171 - INFO - ✅ Backup criado: BlockBackup-LinuxTSPlus37_Banco1LinuxTSPLUS37_clone2904-BKPAUTCITEL-20250525-2211
2025-05-25 22:11:58,749 - INFO - 
🔍 Processando block volume: LinuxTSPlus37_Banco2LinuxTSPLUS37_clone2904
2025-05-25 22:11:59,042 - INFO - ✅ Backup criado: BlockBackup-LinuxTSPlus37_Banco2LinuxTSPLUS37_clone2904-BKPAUTCITEL-20250525-2211
2025-05-25 22:11:59,620 - INFO - 
🔍 Processando block volume: LinuxTSPlus40_Banco1
2025-05-25 22:11:59,929 - INFO - ✅ Backup criado: BlockBackup-LinuxTSPlus40_Banco1-BKPAUTCITEL-20250525-2211
2025-05-25 22:12:00,509 - INFO - 
🔍 Processando block volume: LinuxTSPlus32_Banco1LinuxTSPLUS32_clone2904
2025-05-25 22:12:00,790 - INFO - ✅ Backup criado: BlockBackup-LinuxTSPlus32_Banco1LinuxTSPLUS32_clone2904-BKPAUTCITEL-20250525-2212
2025-05-25 22:12:01,378 - INFO - 
🔍 Processando block volume: LinuxTSPlus32_Banco2LinuxTSPLUS32_clone2904
2025-05-25 22:12:01,694 - INFO - ✅ Backup criado: BlockBackup-LinuxTSPlus32_Banco2LinuxTSPLUS32_clone2904-BKPAUTCITEL-20250525-2212
2025-05-25 22:12:02,267 - INFO - 
🔍 Processando block volume: Banco2-LinuxData013
2025-05-25 22:12:02,585 - INFO - ✅ Backup criado: BlockBackup-Banco2-LinuxData013-BKPAUTCITEL-20250525-2212
2025-05-25 22:12:03,166 - INFO - 
🔍 Processando block volume: Banco3-LinuxData013
2025-05-25 22:12:03,291 - WARNING - ⚠️ Tentativa 1: Limite de requisições. Aguardando 5s...
2025-05-25 22:12:09,022 - WARNING - ⚠️ Tentativa 2: Limite de requisições. Aguardando 10s...
2025-05-25 22:12:22,772 - WARNING - ⚠️ Tentativa 3: Limite de requisições. Aguardando 20s...
2025-05-25 22:12:47,409 - WARNING - ⚠️ Tentativa 4: Limite de requisições. Aguardando 40s...
2025-05-25 22:13:29,979 - INFO - ✅ Backup criado: BlockBackup-Banco3-LinuxData013-BKPAUTCITEL-20250525-2212
2025-05-25 22:13:30,549 - INFO - 
🔍 Processando block volume: Banco1-LinuxData013
2025-05-25 22:13:30,861 - INFO - ✅ Backup criado: BlockBackup-Banco1-LinuxData013-BKPAUTCITEL-20250525-2213
2025-05-25 22:13:31,459 - INFO - 
🔍 Processando block volume: LinuxTSPlus14_BackupCoresVivas TKT 902822_clone2904
2025-05-25 22:13:31,792 - INFO - ✅ Backup criado: BlockBackup-LinuxTSPlus14_BackupCoresVivas TKT 902822_clone2904-BKPAUTCITEL-20250525-2213
2025-05-25 22:13:32,355 - INFO - 
🔍 Processando block volume: LinuxTSPlus14_Banco2LinuxTSPlus14_clone2904
2025-05-25 22:13:32,490 - WARNING - ⚠️ Tentativa 1: Limite de requisições. Aguardando 5s...
2025-05-25 22:13:42,927 - INFO - ✅ Backup criado: BlockBackup-LinuxTSPlus14_Banco2LinuxTSPlus14_clone2904-BKPAUTCITEL-20250525-2213
2025-05-25 22:13:43,518 - INFO - 
🔍 Processando block volume: LinuxTSPlus9-Banco1LinuxTSPlus9-clone2904
2025-05-25 22:13:43,808 - INFO - ✅ Backup criado: BlockBackup-LinuxTSPlus9-Banco1LinuxTSPlus9-clone2904-BKPAUTCITEL-20250525-2213
2025-05-25 22:13:44,388 - INFO - 
🔍 Processando block volume: LinuxTSPlus9-Banco3LinuxTSPlus9-clone2904
2025-05-25 22:13:44,675 - INFO - ✅ Backup criado: BlockBackup-LinuxTSPlus9-Banco3LinuxTSPlus9-clone2904-BKPAUTCITEL-20250525-2213
2025-05-25 22:13:45,250 - INFO - 
🔍 Processando block volume: LinuxTSPlus14_BancoUbertintasTSPlus14_clone2904
2025-05-25 22:13:45,525 - INFO - ✅ Backup criado: BlockBackup-LinuxTSPlus14_BancoUbertintasTSPlus14_clone2904-BKPAUTCITEL-20250525-2213
2025-05-25 22:13:46,112 - INFO - 
🔍 Processando block volume: LinuxTSPlus9-Bancos4_BR9-clone2904
2025-05-25 22:13:46,416 - INFO - ✅ Backup criado: BlockBackup-LinuxTSPlus9-Bancos4_BR9-clone2904-BKPAUTCITEL-20250525-2213
2025-05-25 22:13:47,025 - INFO - 
🔍 Processando block volume: LinuxTSPlus8-Banco1LinuxTSPlus8-clone2904
2025-05-25 22:13:47,150 - WARNING - ⚠️ Tentativa 1: Limite de requisições. Aguardando 5s...
2025-05-25 22:13:52,997 - WARNING - ⚠️ Tentativa 2: Limite de requisições. Aguardando 10s...
2025-05-25 22:14:06,711 - INFO - ✅ Backup criado: BlockBackup-LinuxTSPlus8-Banco1LinuxTSPlus8-clone2904-BKPAUTCITEL-20250525-2213
2025-05-25 22:14:07,297 - INFO - 
🔍 Processando block volume: LinuxTSPlus8-Banco3LinuxTSPlus8-clone2904
2025-05-25 22:14:07,622 - INFO - ✅ Backup criado: BlockBackup-LinuxTSPlus8-Banco3LinuxTSPlus8-clone2904-BKPAUTCITEL-20250525-2214
2025-05-25 22:14:08,211 - INFO - 
🔍 Processando block volume: LinuxTSPlus16_Banco1LinuxTSPlus16_clone2904
2025-05-25 22:14:08,480 - INFO - ✅ Backup criado: BlockBackup-LinuxTSPlus16_Banco1LinuxTSPlus16_clone2904-BKPAUTCITEL-20250525-2214
2025-05-25 22:14:09,105 - INFO - 
🔍 Processando block volume: LinuxTSPlus16_Banco2LinuxTSPlus16_clone2904
2025-05-25 22:14:09,423 - INFO - ✅ Backup criado: BlockBackup-LinuxTSPlus16_Banco2LinuxTSPlus16_clone2904-BKPAUTCITEL-20250525-2214
2025-05-25 22:14:09,993 - INFO - 
🔍 Processando block volume: LinuxTSPlus7-Banco2LinuxTSPlus7-block-clone2904
2025-05-25 22:14:10,272 - INFO - ✅ Backup criado: BlockBackup-LinuxTSPlus7-Banco2LinuxTSPlus7-block-clone2904-BKPAUTCITEL-20250525-2214
2025-05-25 22:14:10,855 - INFO - 
🔍 Processando block volume: LinuxTSPlus7-Banco3LinuxTSPlus7-block-clone2904
2025-05-25 22:14:11,176 - INFO - ✅ Backup criado: BlockBackup-LinuxTSPlus7-Banco3LinuxTSPlus7-block-clone2904-BKPAUTCITEL-20250525-2214
2025-05-25 22:14:11,739 - INFO - 
🔍 Processando block volume: LinuxTSPlus7-Banco3_BR7-block-clone2904
2025-05-25 22:14:11,864 - WARNING - ⚠️ Tentativa 1: Limite de requisições. Aguardando 5s...
2025-05-25 22:14:18,021 - WARNING - ⚠️ Tentativa 2: Limite de requisições. Aguardando 10s...
2025-05-25 22:14:29,391 - WARNING - ⚠️ Tentativa 3: Limite de requisições. Aguardando 20s...
2025-05-25 22:14:51,609 - INFO - ✅ Backup criado: BlockBackup-LinuxTSPlus7-Banco3_BR7-block-clone2904-BKPAUTCITEL-20250525-2214
2025-05-25 22:14:52,189 - INFO - 
🔍 Processando block volume: LinuxTSPlus17_Banco2LinuxTSPlus17_clone2904
2025-05-25 22:14:52,465 - INFO - ✅ Backup criado: BlockBackup-LinuxTSPlus17_Banco2LinuxTSPlus17_clone2904-BKPAUTCITEL-20250525-2214
2025-05-25 22:14:53,052 - INFO - 
🔍 Processando block volume: LinuxTSPlus17_BancoPRODBelaTintas_clone2904
2025-05-25 22:14:53,244 - WARNING - ⚠️ Tentativa 1: Limite de requisições. Aguardando 5s...
2025-05-25 22:15:02,434 - INFO - ✅ Backup criado: BlockBackup-LinuxTSPlus17_BancoPRODBelaTintas_clone2904-BKPAUTCITEL-20250525-2214
2025-05-25 22:15:03,010 - INFO - 
🔍 Processando block volume: LinuxTSPlus17_HD5-LinuxDBAs_clone2904
2025-05-25 22:15:03,345 - INFO - ✅ Backup criado: BlockBackup-LinuxTSPlus17_HD5-LinuxDBAs_clone2904-BKPAUTCITEL-20250525-2215
2025-05-25 22:15:03,936 - INFO - 
🔍 Processando block volume: LinuxTSPlus6-Banco3LinuxTSPlus6-block-clone2904
2025-05-25 22:15:04,062 - WARNING - ⚠️ Tentativa 1: Limite de requisições. Aguardando 5s...
2025-05-25 22:15:11,457 - INFO - ✅ Backup criado: BlockBackup-LinuxTSPlus6-Banco3LinuxTSPlus6-block-clone2904-BKPAUTCITEL-20250525-2215
2025-05-25 22:15:12,034 - INFO - 
🔍 Processando block volume: LinuxTSPlus6-Banco4LinuxTSPlus6-block-clone2904
2025-05-25 22:15:12,303 - INFO - ✅ Backup criado: BlockBackup-LinuxTSPlus6-Banco4LinuxTSPlus6-block-clone2904-BKPAUTCITEL-20250525-2215
2025-05-25 22:15:12,906 - INFO - 
🔍 Processando block volume: LinuxTSPlus18-Banco1LinuxTSPlus18-block-2904
2025-05-25 22:15:13,189 - INFO - ✅ Backup criado: BlockBackup-LinuxTSPlus18-Banco1LinuxTSPlus18-block-2904-BKPAUTCITEL-20250525-2215
2025-05-25 22:15:13,758 - INFO - 
🔍 Processando block volume: LinuxTSPlus18-Banco2LinuxTSPlus18-block-2904
2025-05-25 22:15:14,033 - INFO - ✅ Backup criado: BlockBackup-LinuxTSPlus18-Banco2LinuxTSPlus18-block-2904-BKPAUTCITEL-20250525-2215
2025-05-25 22:15:14,608 - INFO - 
🔍 Processando block volume: LinuxTSPlus18-Bancos4_BR18-block-2904
2025-05-25 22:15:14,733 - WARNING - ⚠️ Tentativa 1: Limite de requisições. Aguardando 5s...
2025-05-25 22:15:20,626 - INFO - ✅ Backup criado: BlockBackup-LinuxTSPlus18-Bancos4_BR18-block-2904-BKPAUTCITEL-20250525-2215
2025-05-25 22:15:21,210 - INFO - 
🔍 Processando block volume: LinuxTsplus59-Banco2Linux59-block-clone2904
2025-05-25 22:15:21,476 - INFO - ✅ Backup criado: BlockBackup-LinuxTsplus59-Banco2Linux59-block-clone2904-BKPAUTCITEL-20250525-2215
2025-05-25 22:15:22,047 - INFO - 
🔍 Processando block volume: LinuxTsplus59-BancoLinux59-block-clone2904
2025-05-25 22:15:22,177 - WARNING - ⚠️ Tentativa 1: Limite de requisições. Aguardando 5s...
2025-05-25 22:15:27,876 - WARNING - ⚠️ Tentativa 2: Limite de requisições. Aguardando 10s...
2025-05-25 22:15:41,239 - INFO - ✅ Backup criado: BlockBackup-LinuxTsplus59-BancoLinux59-block-clone2904-BKPAUTCITEL-20250525-2215
2025-05-25 22:15:41,819 - INFO - 
🔍 Processando block volume: LinuxTSPlus19_Banco1LinuxTSPlus19_clone2904
2025-05-25 22:15:41,944 - WARNING - ⚠️ Tentativa 1: Limite de requisições. Aguardando 5s...
2025-05-25 22:15:50,767 - INFO - ✅ Backup criado: BlockBackup-LinuxTSPlus19_Banco1LinuxTSPlus19_clone2904-BKPAUTCITEL-20250525-2215
2025-05-25 22:15:51,347 - INFO - 
🔍 Processando block volume: LinuxTSPlus19_Banco3LinuxTSPlus19_clone2904
2025-05-25 22:15:51,695 - INFO - ✅ Backup criado: BlockBackup-LinuxTSPlus19_Banco3LinuxTSPlus19_clone2904-BKPAUTCITEL-20250525-2215
2025-05-25 22:15:52,272 - INFO - 
🔍 Processando block volume: LinuxTSPlus20_Banco1LinuxTSPlus20_clone2904
2025-05-25 22:15:52,561 - INFO - ✅ Backup criado: BlockBackup-LinuxTSPlus20_Banco1LinuxTSPlus20_clone2904-BKPAUTCITEL-20250525-2215
2025-05-25 22:15:53,152 - INFO - 
🔍 Processando block volume: LinuxTSPlus20_Banco2LinuxTSPlus20_clone2904
2025-05-25 22:15:53,490 - INFO - ✅ Backup criado: BlockBackup-LinuxTSPlus20_Banco2LinuxTSPlus20_clone2904-BKPAUTCITEL-20250525-2215
2025-05-25 22:15:54,077 - INFO - 
🔍 Processando block volume: LinuxTSPlus20_Banco3_BR20_clone2904
2025-05-25 22:15:54,363 - INFO - ✅ Backup criado: BlockBackup-LinuxTSPlus20_Banco3_BR20_clone2904-BKPAUTCITEL-20250525-2215
2025-05-25 22:15:54,967 - INFO - 
🔍 Processando block volume: LinuxTSPlus20_Banco4LinuxTSPlus20_clone2904
2025-05-25 22:15:55,094 - WARNING - ⚠️ Tentativa 1: Limite de requisições. Aguardando 5s...
2025-05-25 22:16:04,082 - INFO - ✅ Backup criado: BlockBackup-LinuxTSPlus20_Banco4LinuxTSPlus20_clone2904-BKPAUTCITEL-20250525-2215
2025-05-25 22:16:04,675 - INFO - 
🔍 Processando block volume: LinuxTSPlus5-Banco3LinuxBR5-block-clone2904
2025-05-25 22:16:04,800 - WARNING - ⚠️ Tentativa 1: Limite de requisições. Aguardando 5s...
2025-05-25 22:16:13,216 - INFO - ✅ Backup criado: BlockBackup-LinuxTSPlus5-Banco3LinuxBR5-block-clone2904-BKPAUTCITEL-20250525-2216
2025-05-25 22:16:13,791 - INFO - 
🔍 Processando block volume: LinuxTSPlus5-Banco2LinuxBR5-block-clone2904
2025-05-25 22:16:14,082 - INFO - ✅ Backup criado: BlockBackup-LinuxTSPlus5-Banco2LinuxBR5-block-clone2904-BKPAUTCITEL-20250525-2216
2025-05-25 22:16:14,671 - INFO - 
🔍 Processando block volume: Banco1-LinuxData004
2025-05-25 22:16:14,979 - INFO - ✅ Backup criado: BlockBackup-Banco1-LinuxData004-BKPAUTCITEL-20250525-2216
2025-05-25 22:16:15,549 - INFO - 
🔍 Processando block volume: Banco2-LinuxData004
2025-05-25 22:16:15,830 - INFO - ✅ Backup criado: BlockBackup-Banco2-LinuxData004-BKPAUTCITEL-20250525-2216
2025-05-25 22:16:16,398 - INFO - 
🔍 Processando block volume: Banco3-LinuxData004
2025-05-25 22:16:16,735 - INFO - ✅ Backup criado: BlockBackup-Banco3-LinuxData004-BKPAUTCITEL-20250525-2216
2025-05-25 22:16:17,325 - INFO - 
🔍 Processando block volume: LinuxTSPlus48-block-Restore
2025-05-25 22:16:17,626 - INFO - ✅ Backup criado: BlockBackup-LinuxTSPlus48-block-Restore-BKPAUTCITEL-20250525-2216
2025-05-25 22:16:18,217 - INFO - 
🔍 Processando block volume: LinuxData007-Banco4
2025-05-25 22:16:18,343 - WARNING - ⚠️ Tentativa 1: Limite de requisições. Aguardando 5s...
2025-05-25 22:16:26,324 - WARNING - ⚠️ Tentativa 2: Limite de requisições. Aguardando 10s...
2025-05-25 22:16:40,505 - INFO - ✅ Backup criado: BlockBackup-LinuxData007-Banco4-BKPAUTCITEL-20250525-2216
2025-05-25 22:16:41,073 - INFO - 
🔍 Processando block volume: Banco2LinuxBR21-Restore
2025-05-25 22:16:41,380 - INFO - ✅ Backup criado: BlockBackup-Banco2LinuxBR21-Restore-BKPAUTCITEL-20250525-2216
2025-05-25 22:16:41,975 - INFO - 
🔍 Processando block volume: LinuxTSPlus41-block-Restore
2025-05-25 22:16:42,101 - WARNING - ⚠️ Tentativa 1: Limite de requisições. Aguardando 5s...
2025-05-25 22:16:52,221 - INFO - ✅ Backup criado: BlockBackup-LinuxTSPlus41-block-Restore-BKPAUTCITEL-20250525-2216
2025-05-25 22:16:52,802 - INFO - 
🔍 Processando block volume: Banco1LinuxTSPlus26-Restore
2025-05-25 22:16:53,141 - INFO - ✅ Backup criado: BlockBackup-Banco1LinuxTSPlus26-Restore-BKPAUTCITEL-20250525-2216
2025-05-25 22:16:53,720 - INFO - 
🔍 Processando block volume: LinuxTSPlus36-block-Restore
2025-05-25 22:16:54,017 - INFO - ✅ Backup criado: BlockBackup-LinuxTSPlus36-block-Restore-BKPAUTCITEL-20250525-2216
2025-05-25 22:16:54,596 - INFO - 
🔍 Processando block volume: LinuxTSPlus34-Bancos3_BR34-backup-Restore
2025-05-25 22:16:54,723 - WARNING - ⚠️ Tentativa 1: Limite de requisições. Aguardando 5s...
2025-05-25 22:17:02,330 - INFO - ✅ Backup criado: BlockBackup-LinuxTSPlus34-Bancos3_BR34-backup-Restore-BKPAUTCITEL-20250525-2216
2025-05-25 22:17:02,916 - INFO - 
🔍 Processando block volume: LinuxTSPlus34-Bancos2_BR34-backup-Restore
2025-05-25 22:17:03,257 - INFO - ✅ Backup criado: BlockBackup-LinuxTSPlus34-Bancos2_BR34-backup-Restore-BKPAUTCITEL-20250525-2217
2025-05-25 22:17:03,849 - INFO - 
🔍 Processando block volume: Banco1LinuxTSPLUS33-Restore
2025-05-25 22:17:04,141 - INFO - ✅ Backup criado: BlockBackup-Banco1LinuxTSPLUS33-Restore-BKPAUTCITEL-20250525-2217
2025-05-25 22:17:04,735 - INFO - 
🔍 Processando block volume: Banco2BR33-Restore
2025-05-25 22:17:04,860 - WARNING - ⚠️ Tentativa 1: Limite de requisições. Aguardando 5s...
2025-05-25 22:17:12,438 - INFO - ✅ Backup criado: BlockBackup-Banco2BR33-Restore-BKPAUTCITEL-20250525-2217
2025-05-25 22:17:13,007 - INFO - 
🔍 Processando block volume: LinuxTSPlus34-Banco1LinuxTSPLUS34-backup-Restore
2025-05-25 22:17:13,371 - INFO - ✅ Backup criado: BlockBackup-LinuxTSPlus34-Banco1LinuxTSPLUS34-backup-Restore-BKPAUTCITEL-20250525-2217
2025-05-25 22:17:13,973 - INFO - 
🔍 Processando block volume: LinuxTSPlus1-Restore1
2025-05-25 22:17:14,274 - INFO - ✅ Backup criado: BlockBackup-LinuxTSPlus1-Restore1-BKPAUTCITEL-20250525-2217
2025-05-25 22:17:14,859 - INFO - 
🔍 Processando block volume: Bancos5_BR1-Restore2
2025-05-25 22:17:15,139 - INFO - ✅ Backup criado: BlockBackup-Bancos5_BR1-Restore2-BKPAUTCITEL-20250525-2217
2025-05-25 22:17:15,706 - INFO - 
🔍 Processando block volume: Bancos4_BR01-Restore3
2025-05-25 22:17:16,012 - INFO - ✅ Backup criado: BlockBackup-Bancos4_BR01-Restore3-BKPAUTCITEL-20250525-2217
2025-05-25 22:17:16,590 - INFO - 
🔍 Processando block volume: Banco3LinuxTSPlus1-Restore4
2025-05-25 22:17:16,716 - WARNING - ⚠️ Tentativa 1: Limite de requisições. Aguardando 5s...
2025-05-25 22:17:27,153 - WARNING - ⚠️ Tentativa 2: Limite de requisições. Aguardando 10s...
2025-05-25 22:17:38,859 - INFO - ✅ Backup criado: BlockBackup-Banco3LinuxTSPlus1-Restore4-BKPAUTCITEL-20250525-2217
2025-05-25 22:17:39,457 - INFO - 
🔍 Processando block volume: Banco1LinuxTSPlus24-Restore
2025-05-25 22:17:39,582 - WARNING - ⚠️ Tentativa 1: Limite de requisições. Aguardando 5s...
2025-05-25 22:17:45,923 - INFO - ✅ Backup criado: BlockBackup-Banco1LinuxTSPlus24-Restore-BKPAUTCITEL-20250525-2217
2025-05-25 22:17:46,498 - INFO - 
🔍 Processando block volume: Banco1LinuxTSPlus22-Restore
2025-05-25 22:17:46,787 - INFO - ✅ Backup criado: BlockBackup-Banco1LinuxTSPlus22-Restore-BKPAUTCITEL-20250525-2217
2025-05-25 22:17:47,393 - INFO - 
🔍 Processando block volume: Banco3LinuxTSPlus22-Restore
2025-05-25 22:17:47,695 - INFO - ✅ Backup criado: BlockBackup-Banco3LinuxTSPlus22-Restore-BKPAUTCITEL-20250525-2217
2025-05-25 22:17:48,273 - INFO - 
🔍 Processando block volume: Banco2LinuxTSPlus22-Restore
2025-05-25 22:17:48,398 - WARNING - ⚠️ Tentativa 1: Limite de requisições. Aguardando 5s...
2025-05-25 22:17:58,648 - WARNING - ⚠️ Tentativa 2: Limite de requisições. Aguardando 10s...
2025-05-25 22:18:12,836 - INFO - ✅ Backup criado: BlockBackup-Banco2LinuxTSPlus22-Restore-BKPAUTCITEL-20250525-2217
2025-05-25 22:18:13,402 - INFO - 
🔍 Processando block volume: LinuxData010-PalacioTKT651385
2025-05-25 22:18:13,717 - INFO - ✅ Backup criado: BlockBackup-LinuxData010-PalacioTKT651385-BKPAUTCITEL-20250525-2218
2025-05-25 22:18:14,309 - INFO - 
🔍 Processando block volume: LinuxData010-Banco4
2025-05-25 22:18:14,595 - INFO - ✅ Backup criado: BlockBackup-LinuxData010-Banco4-BKPAUTCITEL-20250525-2218
2025-05-25 22:18:15,163 - INFO - 
🔍 Processando block volume: LinuxData010-Banco5
2025-05-25 22:18:15,441 - INFO - ✅ Backup criado: BlockBackup-LinuxData010-Banco5-BKPAUTCITEL-20250525-2218
2025-05-25 22:18:16,036 - INFO - 
🔍 Processando block volume: LinuxData010-GeB
2025-05-25 22:18:16,315 - INFO - ✅ Backup criado: BlockBackup-LinuxData010-GeB-BKPAUTCITEL-20250525-2218
2025-05-25 22:18:16,915 - INFO - 
🔍 Processando block volume: LinuxData020-Banco3_BR20
2025-05-25 22:18:17,043 - WARNING - ⚠️ Tentativa 1: Limite de requisições. Aguardando 5s...
2025-05-25 22:18:26,290 - INFO - ✅ Backup criado: BlockBackup-LinuxData020-Banco3_BR20-BKPAUTCITEL-20250525-2218
2025-05-25 22:18:26,871 - INFO - 
🔍 Processando block volume: Banco3_BR20-RESTORE_FILES
2025-05-25 22:18:27,154 - INFO - ✅ Backup criado: BlockBackup-Banco3_BR20-RESTORE_FILES-BKPAUTCITEL-20250525-2218
2025-05-25 22:18:27,747 - INFO - 
🔍 Processando block volume: LinuxData030_clone06052025
2025-05-25 22:18:27,873 - WARNING - ⚠️ Tentativa 1: Limite de requisições. Aguardando 5s...
2025-05-25 22:18:35,100 - WARNING - ⚠️ Tentativa 2: Limite de requisições. Aguardando 10s...
2025-05-25 22:18:49,543 - INFO - ✅ Backup criado: BlockBackup-LinuxData030_clone06052025-BKPAUTCITEL-20250525-2218
2025-05-25 22:18:50,116 - INFO - 
🔍 Processando block volume: Restore_Teste_Bancos3_BR20
2025-05-25 22:18:50,402 - INFO - ✅ Backup criado: BlockBackup-Restore_Teste_Bancos3_BR20-BKPAUTCITEL-20250525-2218
2025-05-25 22:18:50,964 - INFO - 
🔍 Processando block volume: Restore Banco ComercialCarvalho
2025-05-25 22:18:51,271 - INFO - ✅ Backup criado: BlockBackup-Restore Banco ComercialCarvalho-BKPAUTCITEL-20250525-2218
2025-05-25 22:18:51,855 - INFO - 
🔍 Processando block volume: Restore Banco Fluzao
2025-05-25 22:18:52,162 - INFO - ✅ Backup criado: BlockBackup-Restore Banco Fluzao-BKPAUTCITEL-20250525-2218
2025-05-25 22:18:52,774 - INFO - 
🔍 Processando block volume: Restore Banco Suprema
2025-05-25 22:18:53,079 - INFO - ✅ Backup criado: BlockBackup-Restore Banco Suprema-BKPAUTCITEL-20250525-2218
2025-05-25 22:18:53,665 - INFO - 
🔍 Processando block volume: BKP Fluzao Prudente
2025-05-25 22:18:53,974 - INFO - ✅ Backup criado: BlockBackup-BKP Fluzao Prudente-BKPAUTCITEL-20250525-2218
2025-05-25 22:18:54,536 - INFO - 
🔍 Processando block volume: LINUXDATA020-BANCO3-Testerecovery-14-05-2025
2025-05-25 22:18:54,814 - INFO - ✅ Backup criado: BlockBackup-LINUXDATA020-BANCO3-Testerecovery-14-05-2025-BKPAUTCITEL-20250525-2218
2025-05-25 22:18:55,379 - INFO - 
🔍 Processando block volume: Restore Banco BI Royal
2025-05-25 22:18:55,504 - WARNING - ⚠️ Tentativa 1: Limite de requisições. Aguardando 5s...
2025-05-25 22:19:04,257 - WARNING - ⚠️ Tentativa 2: Limite de requisições. Aguardando 10s...
2025-05-25 22:19:18,309 - INFO - ✅ Backup criado: BlockBackup-Restore Banco BI Royal-BKPAUTCITEL-20250525-2218
2025-05-25 22:19:18,875 - INFO - 
🔍 Processando block volume: Restore Banco BI Piso e Cia 
2025-05-25 22:19:19,000 - WARNING - ⚠️ Tentativa 1: Limite de requisições. Aguardando 5s...
2025-05-25 22:19:27,773 - INFO - ✅ Backup criado: BlockBackup-Restore Banco BI Piso e Cia -BKPAUTCITEL-20250525-2219
2025-05-25 22:19:28,338 - INFO - 
🔍 Processando block volume: Restore Banco BI MaxVinil
2025-05-25 22:19:28,471 - WARNING - ⚠️ Tentativa 1: Limite de requisições. Aguardando 5s...
2025-05-25 22:19:36,809 - WARNING - ⚠️ Tentativa 2: Limite de requisições. Aguardando 10s...
2025-05-25 22:19:51,383 - INFO - ✅ Backup criado: BlockBackup-Restore Banco BI MaxVinil-BKPAUTCITEL-20250525-2219
2025-05-25 22:19:51,941 - INFO - 
🔍 Processando block volume: Restore Banco BI Vermat
2025-05-25 22:19:52,233 - INFO - ✅ Backup criado: BlockBackup-Restore Banco BI Vermat-BKPAUTCITEL-20250525-2219
2025-05-25 22:19:52,797 - INFO - 
🔍 Processando block volume: Restore Banco BI Perin
2025-05-25 22:19:52,923 - WARNING - ⚠️ Tentativa 1: Limite de requisições. Aguardando 5s...
2025-05-25 22:20:02,633 - INFO - ✅ Backup criado: BlockBackup-Restore Banco BI Perin-BKPAUTCITEL-20250525-2219
2025-05-25 22:20:03,210 - INFO - 
🔍 Processando block volume: Restore Banco BI AtacadaoPT
2025-05-25 22:20:03,484 - INFO - ✅ Backup criado: BlockBackup-Restore Banco BI AtacadaoPT-BKPAUTCITEL-20250525-2220
2025-05-25 22:20:04,054 - INFO - 
🔍 Processando block volume: Restore Banco BI Agrocac
2025-05-25 22:20:04,371 - INFO - ✅ Backup criado: BlockBackup-Restore Banco BI Agrocac-BKPAUTCITEL-20250525-2220
2025-05-25 22:20:04,938 - INFO - 
🔍 Processando block volume: Restore Banco BI PadraoPVC
2025-05-25 22:20:05,212 - INFO - ✅ Backup criado: BlockBackup-Restore Banco BI PadraoPVC-BKPAUTCITEL-20250525-2220
2025-05-25 22:20:05,778 - INFO - 
🔍 Processando block volume: Restore Banco BI Rezende
2025-05-25 22:20:06,034 - INFO - ✅ Backup criado: BlockBackup-Restore Banco BI Rezende-BKPAUTCITEL-20250525-2220
2025-05-25 22:20:06,600 - INFO - 
🔍 Processando block volume: Restore Banco BI MadMapa
2025-05-25 22:20:06,725 - WARNING - ⚠️ Tentativa 1: Limite de requisições. Aguardando 5s...
2025-05-25 22:20:14,952 - INFO - ✅ Backup criado: BlockBackup-Restore Banco BI MadMapa-BKPAUTCITEL-20250525-2220
2025-05-25 22:20:15,538 - INFO - 
🔍 Processando block volume: Restore Banco BI Santana
2025-05-25 22:20:15,828 - INFO - ✅ Backup criado: BlockBackup-Restore Banco BI Santana-BKPAUTCITEL-20250525-2220
2025-05-25 22:20:16,384 - INFO - 
🔍 Processando block volume: Restore Banco BI VarejaodasTintas
2025-05-25 22:20:16,701 - INFO - ✅ Backup criado: BlockBackup-Restore Banco BI VarejaodasTintas-BKPAUTCITEL-20250525-2220
2025-05-25 22:20:17,270 - INFO - 
🔍 Processando block volume: Restore Banco BI ElloTintas
2025-05-25 22:20:17,395 - WARNING - ⚠️ Tentativa 1: Limite de requisições. Aguardando 5s...
2025-05-25 22:20:26,335 - INFO - ✅ Backup criado: BlockBackup-Restore Banco BI ElloTintas-BKPAUTCITEL-20250525-2220
2025-05-25 22:20:26,917 - INFO - 
🔍 Processando block volume: Restore Banco BI Moto One
2025-05-25 22:20:27,197 - INFO - ✅ Backup criado: BlockBackup-Restore Banco BI Moto One-BKPAUTCITEL-20250525-2220
2025-05-25 22:20:27,761 - INFO - 
🔍 Processando block volume: Restore Banco BI OLV
2025-05-25 22:20:28,275 - INFO - ✅ Backup criado: BlockBackup-Restore Banco BI OLV-BKPAUTCITEL-20250525-2220
2025-05-25 22:20:28,841 - INFO - 
🔍 Processando block volume: Restore Banco BI Construilma
2025-05-25 22:20:29,112 - INFO - ✅ Backup criado: BlockBackup-Restore Banco BI Construilma-BKPAUTCITEL-20250525-2220
2025-05-25 22:20:29,684 - INFO - 
🔍 Processando block volume: Restore Banco BI Baytek
2025-05-25 22:20:29,809 - WARNING - ⚠️ Tentativa 1: Limite de requisições. Aguardando 5s...
2025-05-25 22:20:36,711 - WARNING - ⚠️ Tentativa 2: Limite de requisições. Aguardando 10s...
2025-05-25 22:20:51,417 - INFO - ✅ Backup criado: BlockBackup-Restore Banco BI Baytek-BKPAUTCITEL-20250525-2220
2025-05-25 22:20:51,999 - INFO - 
🔍 Processando block volume: Restore Banco BI Soldage
2025-05-25 22:20:52,500 - INFO - ✅ Backup criado: BlockBackup-Restore Banco BI Soldage-BKPAUTCITEL-20250525-2220
2025-05-25 22:20:53,071 - INFO - 
🔍 Processando block volume: Banco Restore BI Rizato
2025-05-25 22:20:53,375 - INFO - ✅ Backup criado: BlockBackup-Banco Restore BI Rizato-BKPAUTCITEL-20250525-2220
2025-05-25 22:20:53,937 - INFO - 
🔍 Processando block volume: Restore Banco BI Colomarti
2025-05-25 22:20:54,061 - WARNING - ⚠️ Tentativa 1: Limite de requisições. Aguardando 5s...
2025-05-25 22:21:00,932 - WARNING - ⚠️ Tentativa 2: Limite de requisições. Aguardando 10s...
2025-05-25 22:21:12,823 - INFO - ✅ Backup criado: BlockBackup-Restore Banco BI Colomarti-BKPAUTCITEL-20250525-2220
2025-05-25 22:21:13,386 - INFO - 
🔍 Processando block volume: HD BKP BI Gasparzinho
2025-05-25 22:21:13,512 - WARNING - ⚠️ Tentativa 1: Limite de requisições. Aguardando 5s...
2025-05-25 22:21:21,033 - INFO - ✅ Backup criado: BlockBackup-HD BKP BI Gasparzinho-BKPAUTCITEL-20250525-2221
2025-05-25 22:21:21,599 - INFO - 
🔍 Processando block volume: Banco_srvEstrategico
2025-05-25 22:21:21,724 - WARNING - ⚠️ Tentativa 1: Limite de requisições. Aguardando 5s...
2025-05-25 22:21:27,499 - INFO - ✅ Backup criado: BlockBackup-Banco_srvEstrategico-BKPAUTCITEL-20250525-2221
2025-05-25 22:21:28,065 - INFO - 
🔍 Processando block volume: Restore banco Palmas bkp2 
2025-05-25 22:21:28,191 - WARNING - ⚠️ Tentativa 1: Limite de requisições. Aguardando 5s...
2025-05-25 22:21:37,446 - INFO - ✅ Backup criado: BlockBackup-Restore banco Palmas bkp2 -BKPAUTCITEL-20250525-2221
2025-05-25 22:21:38,008 - INFO - 
🔍 Processando block volume: Restore Banco 2B bkp2
2025-05-25 22:21:38,133 - WARNING - ⚠️ Tentativa 1: Limite de requisições. Aguardando 5s...
2025-05-25 22:21:45,746 - INFO - ✅ Backup criado: BlockBackup-Restore Banco 2B bkp2-BKPAUTCITEL-20250525-2221
2025-05-25 22:21:46,324 - INFO - 
🔍 Processando block volume: Restore Banco BI Refrigas2
2025-05-25 22:21:46,606 - INFO - ✅ Backup criado: BlockBackup-Restore Banco BI Refrigas2-BKPAUTCITEL-20250525-2221
2025-05-25 22:21:47,177 - INFO - 
🔍 Processando block volume: BKP Valclei tkt 1076246
2025-05-25 22:21:47,439 - INFO - ✅ Backup criado: BlockBackup-BKP Valclei tkt 1076246-BKPAUTCITEL-20250525-2221
2025-05-25 22:21:47,997 - INFO - 
🔍 Processando block volume: Restore2 BI Paratudo
2025-05-25 22:21:48,267 - INFO - ✅ Backup criado: BlockBackup-Restore2 BI Paratudo-BKPAUTCITEL-20250525-2221
2025-05-25 22:21:48,832 - INFO - 
🔍 Processando block volume: Banco2 MiaraKruger bi 
2025-05-25 22:21:49,108 - INFO - ✅ Backup criado: BlockBackup-Banco2 MiaraKruger bi -BKPAUTCITEL-20250525-2221
2025-05-25 22:21:49,658 - INFO - 
✅ Execução concluída com sucesso
