2025-05-25 20:00:08,142 - INFO - 
🔍 Processando boot volume: LinuxTSPlus20
2025-05-25 20:00:08,467 - INFO - ✅ Backup criado: BootBackup-LinuxTSPlus20-BKPAUTCITEL-20250525-2000
2025-05-25 20:00:09,123 - WARNING - ⏳ Backup ignorado (estado TERMINATED): Auto-backup for 2025-05-10 08:00:00 via policy: Citel_Diario04
2025-05-25 20:00:09,123 - INFO - 
🔍 Processando boot volume: LinuxTSPlus1
2025-05-25 20:00:09,453 - INFO - ✅ Backup criado: BootBackup-LinuxTSPlus1-BKPAUTCITEL-20250525-2000
2025-05-25 20:00:10,150 - WARNING - ⏳ Backup ignorado (estado TERMINATED): Auto-backup for 2025-05-10 08:00:00 via policy: Citel_Diario04
2025-05-25 20:00:10,150 - INFO - 
🔍 Processando boot volume: LinuxTSPlus2
2025-05-25 20:00:10,485 - INFO - ✅ Backup criado: BootBackup-LinuxTSPlus2-BKPAUTCITEL-20250525-2000
2025-05-25 20:00:11,191 - WARNING - ⏳ Backup ignorado (estado TERMINATED): Auto-backup for 2025-05-10 08:00:00 via policy: Citel_Diario04
2025-05-25 20:00:11,191 - INFO - 
🔍 Processando boot volume: LinuxTSPlus4
2025-05-25 20:00:11,692 - INFO - ✅ Backup criado: BootBackup-LinuxTSPlus4-BKPAUTCITEL-20250525-2000
2025-05-25 20:00:12,376 - WARNING - ⏳ Backup ignorado (estado TERMINATED): Auto-backup for 2025-05-10 08:00:00 via policy: Citel_Diario04
2025-05-25 20:00:12,377 - INFO - 
🔍 Processando boot volume: LinuxTSPlus6
2025-05-25 20:00:12,692 - INFO - ✅ Backup criado: BootBackup-LinuxTSPlus6-BKPAUTCITEL-20250525-2000
2025-05-25 20:00:13,358 - WARNING - ⏳ Backup ignorado (estado TERMINATED): Auto-backup for 2025-05-10 08:00:00 via policy: Citel_Diario04
2025-05-25 20:00:13,358 - INFO - 
🔍 Processando boot volume: Temp-Subida_G_e_B (Boot Volume)
2025-05-25 20:00:13,674 - INFO - ✅ Backup criado: BootBackup-Temp-Subida_G_e_B (Boot Volume)-BKPAUTCITEL-20250525-2000
2025-05-25 20:00:14,327 - WARNING - ⏳ Backup ignorado (estado TERMINATED): Auto-backup for 2025-05-10 08:00:00 via policy: Citel_Diario04
2025-05-25 20:00:14,327 - INFO - 
🔍 Processando boot volume: Banco_BelaTintas (Boot Volume)
2025-05-25 20:00:14,477 - WARNING - ⚠️ Tentativa 1: Limite de requisições. Aguardando 1s...
2025-05-25 20:00:16,297 - INFO - ✅ Backup criado: BootBackup-Banco_BelaTintas (Boot Volume)-BKPAUTCITEL-20250525-2000
2025-05-25 20:00:16,942 - WARNING - ⏳ Backup ignorado (estado TERMINATED): Auto-backup for 2025-05-10 08:00:00 via policy: Citel_Diario04
2025-05-25 20:00:16,943 - INFO - 
🔍 Processando boot volume: LinuxTSPlus12_boot_clone2904
2025-05-25 20:00:17,067 - WARNING - ⚠️ Tentativa 1: Limite de requisições. Aguardando 1s...
2025-05-25 20:00:21,018 - INFO - ✅ Backup criado: BootBackup-LinuxTSPlus12_boot_clone2904-BKPAUTCITEL-20250525-2000
2025-05-25 20:00:21,675 - WARNING - ⏳ Backup ignorado (estado TERMINATED): Auto-backup for 2025-05-10 08:00:00 via policy: Citel_Diario04
2025-05-25 20:00:21,675 - INFO - 
🔍 Processando boot volume: LinuxTSPlus65_boot_clone2904
2025-05-25 20:00:21,800 - WARNING - ⚠️ Tentativa 1: Limite de requisições. Aguardando 1s...
2025-05-25 20:00:27,249 - INFO - ✅ Backup criado: BootBackup-LinuxTSPlus65_boot_clone2904-BKPAUTCITEL-20250525-2000
2025-05-25 20:00:27,931 - WARNING - ⏳ Backup ignorado (estado TERMINATED): Auto-backup for 2025-05-10 08:00:00 via policy: Citel_Diario04
2025-05-25 20:00:27,931 - INFO - 
🔍 Processando boot volume: LinuxTSPlus72_boot_clone2904
2025-05-25 20:00:28,057 - WARNING - ⚠️ Tentativa 1: Limite de requisições. Aguardando 1s...
2025-05-25 20:00:32,474 - INFO - ✅ Backup criado: BootBackup-LinuxTSPlus72_boot_clone2904-BKPAUTCITEL-20250525-2000
2025-05-25 20:00:33,119 - WARNING - ⏳ Backup ignorado (estado TERMINATED): Auto-backup for 2025-05-10 08:00:00 via policy: Citel_Diario04
2025-05-25 20:00:33,120 - INFO - 
🔍 Processando boot volume: LinuxTSPlus43_boot_clone2904
2025-05-25 20:00:33,245 - WARNING - ⚠️ Tentativa 1: Limite de requisições. Aguardando 1s...
2025-05-25 20:00:38,216 - WARNING - ⚠️ Tentativa 2: Limite de requisições. Aguardando 2s...
2025-05-25 20:00:42,259 - INFO - ✅ Backup criado: BootBackup-LinuxTSPlus43_boot_clone2904-BKPAUTCITEL-20250525-2000
2025-05-25 20:00:42,909 - WARNING - ⏳ Backup ignorado (estado TERMINATED): Auto-backup for 2025-05-10 08:00:00 via policy: Citel_Diario04
2025-05-25 20:00:42,909 - INFO - 
🔍 Processando boot volume: LinuxTSPlus50_boot_clone2904
2025-05-25 20:00:43,034 - WARNING - ⚠️ Tentativa 1: Limite de requisições. Aguardando 1s...
2025-05-25 20:00:49,172 - WARNING - ⚠️ Tentativa 2: Limite de requisições. Aguardando 2s...
2025-05-25 20:00:52,932 - INFO - ✅ Backup criado: BootBackup-LinuxTSPlus50_boot_clone2904-BKPAUTCITEL-20250525-2000
2025-05-25 20:00:53,554 - WARNING - ⏳ Backup ignorado (estado TERMINATED): Auto-backup for 2025-05-10 08:00:00 via policy: Citel_Diario04
2025-05-25 20:00:53,555 - INFO - 
🔍 Processando boot volume: LinuxTSPlus37_boot_clone2904
2025-05-25 20:00:53,680 - WARNING - ⚠️ Tentativa 1: Limite de requisições. Aguardando 1s...
2025-05-25 20:00:59,474 - WARNING - ⚠️ Tentativa 2: Limite de requisições. Aguardando 2s...
2025-05-25 20:01:02,447 - INFO - ✅ Backup criado: BootBackup-LinuxTSPlus37_boot_clone2904-BKPAUTCITEL-20250525-2000
2025-05-25 20:01:03,105 - WARNING - ⏳ Backup ignorado (estado TERMINATED): Auto-backup for 2025-05-10 08:00:00 via policy: Citel_Diario04
2025-05-25 20:01:03,105 - INFO - 
🔍 Processando boot volume: LinuxTSPlus32_boot_clone2904
2025-05-25 20:01:03,436 - INFO - ✅ Backup criado: BootBackup-LinuxTSPlus32_boot_clone2904-BKPAUTCITEL-20250525-2001
2025-05-25 20:01:04,054 - WARNING - ⏳ Backup ignorado (estado TERMINATED): Auto-backup for 2025-05-10 08:00:00 via policy: Citel_Diario04
2025-05-25 20:01:04,054 - INFO - 
🔍 Processando boot volume: LinuxTSPlus13_boot_clone2904
2025-05-25 20:01:04,339 - INFO - ✅ Backup criado: BootBackup-LinuxTSPlus13_boot_clone2904-BKPAUTCITEL-20250525-2001
2025-05-25 20:01:04,992 - WARNING - ⏳ Backup ignorado (estado TERMINATED): Auto-backup for 2025-05-10 08:00:00 via policy: Citel_Diario04
2025-05-25 20:01:04,992 - INFO - 
🔍 Processando boot volume: LinuxTSPlus16_boot_clone2904
2025-05-25 20:01:05,320 - INFO - ✅ Backup criado: BootBackup-LinuxTSPlus16_boot_clone2904-BKPAUTCITEL-20250525-2001
2025-05-25 20:01:05,578 - WARNING - ⏳ Backup ignorado (estado TERMINATED): Auto-backup for 2025-05-10 08:00:00 via policy: Citel_Diario04
2025-05-25 20:01:05,578 - INFO - 
🔍 Processando boot volume: Linux-checkdisks (Boot Volume)
2025-05-25 20:01:05,893 - INFO - ✅ Backup criado: BootBackup-Linux-checkdisks (Boot Volume)-BKPAUTCITEL-20250525-2001
2025-05-25 20:01:06,507 - INFO - 
🔍 Processando boot volume: LinuxDataBelaTintas
2025-05-25 20:01:06,878 - INFO - ✅ Backup criado: BootBackup-LinuxDataBelaTintas-BKPAUTCITEL-20250525-2001
2025-05-25 20:01:07,523 - WARNING - ⏳ Backup ignorado (estado TERMINATED): Auto-backup for 2025-05-10 08:00:00 via policy: Citel_Diario04
2025-05-25 20:01:07,524 - INFO - 
🔍 Processando boot volume: LinuxData010
2025-05-25 20:01:07,863 - INFO - ✅ Backup criado: BootBackup-LinuxData010-BKPAUTCITEL-20250525-2001
2025-05-25 20:01:08,103 - WARNING - ⏳ Backup ignorado (estado TERMINATED): Auto-backup for 2025-05-10 08:00:00 via policy: Citel_Diario04
2025-05-25 20:01:08,103 - INFO - 
🔍 Processando boot volume: LinuxData025
2025-05-25 20:01:08,392 - INFO - ✅ Backup criado: BootBackup-LinuxData025-BKPAUTCITEL-20250525-2001
2025-05-25 20:01:09,052 - WARNING - ⏳ Backup ignorado (estado TERMINATED): Auto-backup for 2025-05-10 08:00:00 via policy: Citel_Diario04
2025-05-25 20:01:09,053 - INFO - 
🔍 Processando boot volume: LinuxData004
2025-05-25 20:01:09,345 - INFO - ✅ Backup criado: BootBackup-LinuxData004-BKPAUTCITEL-20250525-2001
2025-05-25 20:01:09,967 - WARNING - ⏳ Backup ignorado (estado TERMINATED): Auto-backup for 2025-05-10 08:00:00 via policy: Citel_Diario04
2025-05-25 20:01:09,968 - INFO - 
🔍 Processando boot volume: LinuxData005
2025-05-25 20:01:10,301 - INFO - ✅ Backup criado: BootBackup-LinuxData005-BKPAUTCITEL-20250525-2001
2025-05-25 20:01:10,536 - WARNING - ⏳ Backup ignorado (estado TERMINATED): Auto-backup for 2025-05-10 08:00:00 via policy: Citel_Diario04
2025-05-25 20:01:10,537 - INFO - 
🔍 Processando boot volume: LinuxData012
2025-05-25 20:01:10,853 - INFO - ✅ Backup criado: BootBackup-LinuxData012-BKPAUTCITEL-20250525-2001
2025-05-25 20:01:11,491 - WARNING - ⏳ Backup ignorado (estado TERMINATED): Auto-backup for 2025-05-10 08:00:00 via policy: Citel_Diario04
2025-05-25 20:01:11,491 - INFO - 
🔍 Processando boot volume: LinuxData006
2025-05-25 20:01:11,813 - INFO - ✅ Backup criado: BootBackup-LinuxData006-BKPAUTCITEL-20250525-2001
2025-05-25 20:01:12,062 - WARNING - ⏳ Backup ignorado (estado TERMINATED): Auto-backup for 2025-05-10 08:00:00 via policy: Citel_Diario04
2025-05-25 20:01:12,062 - INFO - 
🔍 Processando boot volume: LinuxData013
2025-05-25 20:01:12,415 - INFO - ✅ Backup criado: BootBackup-LinuxData013-BKPAUTCITEL-20250525-2001
2025-05-25 20:01:13,050 - WARNING - ⏳ Backup ignorado (estado TERMINATED): Auto-backup for 2025-05-10 08:00:00 via policy: Citel_Diario04
2025-05-25 20:01:13,050 - INFO - 
🔍 Processando boot volume: LinuxData011
2025-05-25 20:01:13,175 - WARNING - ⚠️ Tentativa 1: Limite de requisições. Aguardando 1s...
2025-05-25 20:01:16,187 - WARNING - ⚠️ Tentativa 2: Limite de requisições. Aguardando 2s...
2025-05-25 20:01:22,326 - WARNING - ⚠️ Tentativa 3: Limite de requisições. Aguardando 4s...
2025-05-25 20:01:28,602 - WARNING - ⚠️ Tentativa 4: Limite de requisições. Aguardando 8s...
2025-05-25 20:01:37,385 - INFO - ✅ Backup criado: BootBackup-LinuxData011-BKPAUTCITEL-20250525-2001
2025-05-25 20:01:38,038 - WARNING - ⏳ Backup ignorado (estado TERMINATED): Auto-backup for 2025-05-10 08:00:00 via policy: Citel_Diario04
2025-05-25 20:01:38,039 - INFO - 
🔍 Processando boot volume: LinuxData008
2025-05-25 20:01:38,164 - WARNING - ⚠️ Tentativa 1: Limite de requisições. Aguardando 1s...
2025-05-25 20:01:44,338 - WARNING - ⚠️ Tentativa 2: Limite de requisições. Aguardando 2s...
2025-05-25 20:01:49,780 - WARNING - ⚠️ Tentativa 3: Limite de requisições. Aguardando 4s...
2025-05-25 20:01:58,877 - WARNING - ⚠️ Tentativa 4: Limite de requisições. Aguardando 8s...
2025-05-25 20:02:11,270 - INFO - ✅ Backup criado: BootBackup-LinuxData008-BKPAUTCITEL-20250525-2001
2025-05-25 20:02:11,913 - WARNING - ⏳ Backup ignorado (estado TERMINATED): Auto-backup for 2025-05-10 08:00:00 via policy: Citel_Diario04
2025-05-25 20:02:11,914 - INFO - 
🔍 Processando boot volume: LinuxData007
2025-05-25 20:02:12,343 - INFO - ✅ Backup criado: BootBackup-LinuxData007-BKPAUTCITEL-20250525-2002
2025-05-25 20:02:12,606 - WARNING - ⏳ Backup ignorado (estado TERMINATED): Auto-backup for 2025-05-10 08:00:00 via policy: Citel_Diario04
2025-05-25 20:02:12,606 - INFO - 
🔍 Processando boot volume: LinuxData055
2025-05-25 20:02:12,936 - INFO - ✅ Backup criado: BootBackup-LinuxData055-BKPAUTCITEL-20250525-2002
2025-05-25 20:02:13,566 - WARNING - ⏳ Backup ignorado (estado TERMINATED): Auto-backup for 2025-05-10 08:00:00 via policy: Citel_Diario04
2025-05-25 20:02:13,567 - INFO - 
🔍 Processando boot volume: LinuxData009
2025-05-25 20:02:13,889 - INFO - ✅ Backup criado: BootBackup-LinuxData009-BKPAUTCITEL-20250525-2002
2025-05-25 20:02:14,515 - WARNING - ⏳ Backup ignorado (estado TERMINATED): Auto-backup for 2025-05-10 08:00:00 via policy: Citel_Diario04
2025-05-25 20:02:14,516 - INFO - 
🔍 Processando boot volume: LinuxData014
2025-05-25 20:02:14,829 - INFO - ✅ Backup criado: BootBackup-LinuxData014-BKPAUTCITEL-20250525-2002
2025-05-25 20:02:15,471 - WARNING - ⏳ Backup ignorado (estado TERMINATED): Auto-backup for 2025-05-10 08:00:00 via policy: Citel_Diario04
2025-05-25 20:02:15,472 - INFO - 
🔍 Processando boot volume: LinuxData050
2025-05-25 20:02:15,943 - INFO - ✅ Backup criado: BootBackup-LinuxData050-BKPAUTCITEL-20250525-2002
2025-05-25 20:02:16,610 - WARNING - ⏳ Backup ignorado (estado TERMINATED): Auto-backup for 2025-05-10 08:00:00 via policy: Citel_Diario04
2025-05-25 20:02:16,611 - INFO - 
🔍 Processando boot volume: LinuxData018
2025-05-25 20:02:16,916 - INFO - ✅ Backup criado: BootBackup-LinuxData018-BKPAUTCITEL-20250525-2002
2025-05-25 20:02:17,570 - WARNING - ⏳ Backup ignorado (estado TERMINATED): Auto-backup for 2025-05-10 08:00:00 via policy: Citel_Diario04
2025-05-25 20:02:17,570 - INFO - 
🔍 Processando boot volume: LinuxData016
2025-05-25 20:02:17,953 - INFO - ✅ Backup criado: BootBackup-LinuxData016-BKPAUTCITEL-20250525-2002
2025-05-25 20:02:18,596 - WARNING - ⏳ Backup ignorado (estado TERMINATED): Auto-backup for 2025-05-10 08:00:00 via policy: Citel_Diario04
2025-05-25 20:02:18,596 - INFO - 
🔍 Processando boot volume: LinuxData059
2025-05-25 20:02:18,888 - INFO - ✅ Backup criado: BootBackup-LinuxData059-BKPAUTCITEL-20250525-2002
2025-05-25 20:02:19,512 - WARNING - ⏳ Backup ignorado (estado TERMINATED): Auto-backup for 2025-05-10 08:00:00 via policy: Citel_Diario04
2025-05-25 20:02:19,512 - INFO - 
🔍 Processando boot volume: LinuxData037
2025-05-25 20:02:19,833 - INFO - ✅ Backup criado: BootBackup-LinuxData037-BKPAUTCITEL-20250525-2002
2025-05-25 20:02:20,497 - WARNING - ⏳ Backup ignorado (estado TERMINATED): Auto-backup for 2025-05-10 08:00:00 via policy: Citel_Diario04
2025-05-25 20:02:20,497 - INFO - 
🔍 Processando boot volume: LinuxData036
2025-05-25 20:02:20,804 - INFO - ✅ Backup criado: BootBackup-LinuxData036-BKPAUTCITEL-20250525-2002
2025-05-25 20:02:21,446 - WARNING - ⏳ Backup ignorado (estado TERMINATED): Auto-backup for 2025-05-10 08:00:00 via policy: Citel_Diario04
2025-05-25 20:02:21,447 - INFO - 
🔍 Processando boot volume: LinuxData017
2025-05-25 20:02:21,745 - INFO - ✅ Backup criado: BootBackup-LinuxData017-BKPAUTCITEL-20250525-2002
2025-05-25 20:02:22,363 - WARNING - ⏳ Backup ignorado (estado TERMINATED): Auto-backup for 2025-05-10 08:00:00 via policy: Citel_Diario04
2025-05-25 20:02:22,364 - INFO - 
🔍 Processando boot volume: LinuxData041
2025-05-25 20:02:22,489 - WARNING - ⚠️ Tentativa 1: Limite de requisições. Aguardando 1s...
2025-05-25 20:02:24,539 - INFO - ✅ Backup criado: BootBackup-LinuxData041-BKPAUTCITEL-20250525-2002
2025-05-25 20:02:25,213 - WARNING - ⏳ Backup ignorado (estado TERMINATED): Auto-backup for 2025-05-10 08:00:00 via policy: Citel_Diario04
2025-05-25 20:02:25,213 - INFO - 
🔍 Processando boot volume: LinuxData043
2025-05-25 20:02:25,342 - WARNING - ⚠️ Tentativa 1: Limite de requisições. Aguardando 1s...
2025-05-25 20:02:28,804 - WARNING - ⚠️ Tentativa 2: Limite de requisições. Aguardando 2s...
2025-05-25 20:02:35,236 - WARNING - ⚠️ Tentativa 3: Limite de requisições. Aguardando 4s...
2025-05-25 20:02:40,830 - INFO - ✅ Backup criado: BootBackup-LinuxData043-BKPAUTCITEL-20250525-2002
2025-05-25 20:02:41,444 - WARNING - ⏳ Backup ignorado (estado TERMINATED): Auto-backup for 2025-05-10 08:00:00 via policy: Citel_Diario04
2025-05-25 20:02:41,445 - INFO - 
🔍 Processando boot volume: LinuxData048
2025-05-25 20:02:41,569 - WARNING - ⚠️ Tentativa 1: Limite de requisições. Aguardando 1s...
2025-05-25 20:02:46,652 - INFO - ✅ Backup criado: BootBackup-LinuxData048-BKPAUTCITEL-20250525-2002
2025-05-25 20:02:47,297 - WARNING - ⏳ Backup ignorado (estado TERMINATED): Auto-backup for 2025-05-10 08:00:00 via policy: Citel_Diario04
2025-05-25 20:02:47,297 - INFO - 
🔍 Processando boot volume: LinuxData032
2025-05-25 20:02:47,423 - WARNING - ⚠️ Tentativa 1: Limite de requisições. Aguardando 1s...
2025-05-25 20:02:49,885 - WARNING - ⚠️ Tentativa 2: Limite de requisições. Aguardando 2s...
2025-05-25 20:02:56,374 - WARNING - ⚠️ Tentativa 3: Limite de requisições. Aguardando 4s...
2025-05-25 20:03:03,526 - WARNING - ⚠️ Tentativa 4: Limite de requisições. Aguardando 8s...
2025-05-25 20:03:16,768 - WARNING - ⚠️ Tentativa 5: Limite de requisições. Aguardando 16s...
2025-05-25 20:03:36,519 - WARNING - ⏳ Backup ignorado (estado TERMINATED): Auto-backup for 2025-05-10 08:00:00 via policy: Citel_Diario04
2025-05-25 20:03:36,520 - INFO - 
🔍 Processando boot volume: LinuxData033
2025-05-25 20:03:36,837 - INFO - ✅ Backup criado: BootBackup-LinuxData033-BKPAUTCITEL-20250525-2003
2025-05-25 20:03:37,443 - WARNING - ⏳ Backup ignorado (estado TERMINATED): Auto-backup for 2025-05-10 08:00:00 via policy: Citel_Diario04
2025-05-25 20:03:37,443 - INFO - 
🔍 Processando boot volume: LinuxData034
2025-05-25 20:03:37,572 - WARNING - ⚠️ Tentativa 1: Limite de requisições. Aguardando 1s...
2025-05-25 20:03:43,312 - INFO - ✅ Backup criado: BootBackup-LinuxData034-BKPAUTCITEL-20250525-2003
2025-05-25 20:03:43,996 - WARNING - ⏳ Backup ignorado (estado TERMINATED): Auto-backup for 2025-05-10 08:00:00 via policy: Citel_Diario04
2025-05-25 20:03:43,997 - INFO - 
🔍 Processando boot volume: LinuxData029
2025-05-25 20:03:44,299 - INFO - ✅ Backup criado: BootBackup-LinuxData029-BKPAUTCITEL-20250525-2003
2025-05-25 20:03:44,573 - WARNING - ⏳ Backup ignorado (estado TERMINATED): Auto-backup for 2025-05-10 08:00:00 via policy: Citel_Diario04
2025-05-25 20:03:44,574 - INFO - 
🔍 Processando boot volume: LinuxData019
2025-05-25 20:03:44,877 - INFO - ✅ Backup criado: BootBackup-LinuxData019-BKPAUTCITEL-20250525-2003
2025-05-25 20:03:45,534 - WARNING - ⏳ Backup ignorado (estado TERMINATED): Auto-backup for 2025-05-10 08:00:00 via policy: Citel_Diario04
2025-05-25 20:03:45,535 - INFO - 
🔍 Processando boot volume: LinuxData021
2025-05-25 20:03:45,833 - INFO - ✅ Backup criado: BootBackup-LinuxData021-BKPAUTCITEL-20250525-2003
2025-05-25 20:03:46,464 - WARNING - ⏳ Backup ignorado (estado TERMINATED): Auto-backup for 2025-05-10 08:00:00 via policy: Citel_Diario04
2025-05-25 20:03:46,465 - INFO - 
🔍 Processando boot volume: LinuxData022
2025-05-25 20:03:46,763 - INFO - ✅ Backup criado: BootBackup-LinuxData022-BKPAUTCITEL-20250525-2003
2025-05-25 20:03:47,377 - WARNING - ⏳ Backup ignorado (estado TERMINATED): Auto-backup for 2025-05-10 08:00:00 via policy: Citel_Diario04
2025-05-25 20:03:47,377 - INFO - 
🔍 Processando boot volume: LinuxData024
2025-05-25 20:03:47,657 - INFO - ✅ Backup criado: BootBackup-LinuxData024-BKPAUTCITEL-20250525-2003
2025-05-25 20:03:48,320 - WARNING - ⏳ Backup ignorado (estado TERMINATED): Auto-backup for 2025-05-10 08:00:00 via policy: Citel_Diario04
2025-05-25 20:03:48,320 - INFO - 
🔍 Processando boot volume: LinuxData020
2025-05-25 20:03:48,445 - WARNING - ⚠️ Tentativa 1: Limite de requisições. Aguardando 1s...
2025-05-25 20:03:51,576 - INFO - ✅ Backup criado: BootBackup-LinuxData020-BKPAUTCITEL-20250525-2003
2025-05-25 20:03:52,212 - WARNING - ⏳ Backup ignorado (estado TERMINATED): Auto-backup for 2025-05-10 08:00:00 via policy: Citel_Diario04
2025-05-25 20:03:52,213 - INFO - 
🔍 Processando boot volume: LinuxData026
2025-05-25 20:03:52,523 - INFO - ✅ Backup criado: BootBackup-LinuxData026-BKPAUTCITEL-20250525-2003
2025-05-25 20:03:53,141 - WARNING - ⏳ Backup ignorado (estado TERMINATED): Auto-backup for 2025-05-10 08:00:00 via policy: Citel_Diario04
2025-05-25 20:03:53,142 - INFO - 
🔍 Processando boot volume: LinuxData028
2025-05-25 20:03:53,267 - WARNING - ⚠️ Tentativa 1: Limite de requisições. Aguardando 1s...
2025-05-25 20:03:56,875 - INFO - ✅ Backup criado: BootBackup-LinuxData028-BKPAUTCITEL-20250525-2003
2025-05-25 20:03:57,501 - WARNING - ⏳ Backup ignorado (estado TERMINATED): Auto-backup for 2025-05-10 08:00:00 via policy: Citel_Diario04
2025-05-25 20:03:57,502 - INFO - 
🔍 Processando boot volume: LinuxData030
2025-05-25 20:03:57,627 - WARNING - ⚠️ Tentativa 1: Limite de requisições. Aguardando 1s...
2025-05-25 20:04:00,621 - INFO - ✅ Backup criado: BootBackup-LinuxData030-BKPAUTCITEL-20250525-2003
2025-05-25 20:04:01,244 - WARNING - ⏳ Backup ignorado (estado TERMINATED): Auto-backup for 2025-05-10 08:00:00 via policy: Citel_Diario04
2025-05-25 20:04:01,244 - INFO - 
🔍 Processando boot volume: LinuxData040
2025-05-25 20:04:01,369 - WARNING - ⚠️ Tentativa 1: Limite de requisições. Aguardando 1s...
2025-05-25 20:04:06,811 - WARNING - ⚠️ Tentativa 2: Limite de requisições. Aguardando 2s...
2025-05-25 20:04:14,178 - INFO - ✅ Backup criado: BootBackup-LinuxData040-BKPAUTCITEL-20250525-2004
2025-05-25 20:04:14,841 - WARNING - ⏳ Backup ignorado (estado TERMINATED): Auto-backup for 2025-05-10 08:00:00 via policy: Citel_Diario04
2025-05-25 20:04:14,841 - INFO - 
🔍 Processando boot volume: LinuxData065
2025-05-25 20:04:15,136 - INFO - ✅ Backup criado: BootBackup-LinuxData065-BKPAUTCITEL-20250525-2004
2025-05-25 20:04:15,780 - WARNING - ⏳ Backup ignorado (estado TERMINATED): Auto-backup for 2025-05-10 08:00:00 via policy: Citel_Diario04
2025-05-25 20:04:15,781 - INFO - 
🔍 Processando boot volume: LinuxData072
2025-05-25 20:04:15,905 - WARNING - ⚠️ Tentativa 1: Limite de requisições. Aguardando 1s...
2025-05-25 20:04:17,871 - INFO - ✅ Backup criado: BootBackup-LinuxData072-BKPAUTCITEL-20250525-2004
2025-05-25 20:04:18,495 - WARNING - ⏳ Backup ignorado (estado TERMINATED): Auto-backup for 2025-05-10 08:00:00 via policy: Citel_Diario04
2025-05-25 20:04:18,495 - INFO - 
🔍 Processando boot volume: LinuxData001
2025-05-25 20:04:18,848 - INFO - ✅ Backup criado: BootBackup-LinuxData001-BKPAUTCITEL-20250525-2004
2025-05-25 20:04:19,483 - WARNING - ⏳ Backup ignorado (estado TERMINATED): Auto-backup for 2025-05-10 08:00:00 via policy: Citel_Diario04
2025-05-25 20:04:19,483 - INFO - 
🔍 Processando boot volume: LinuxData002
2025-05-25 20:04:19,842 - INFO - ✅ Backup criado: BootBackup-LinuxData002-BKPAUTCITEL-20250525-2004
2025-05-25 20:04:20,489 - WARNING - ⏳ Backup ignorado (estado TERMINATED): Auto-backup for 2025-05-10 08:00:00 via policy: Citel_Diario04
2025-05-25 20:04:20,490 - INFO - 
🔍 Processando boot volume: LinuxTSPlus20_boot_clone0105
2025-05-25 20:04:20,789 - INFO - ✅ Backup criado: BootBackup-LinuxTSPlus20_boot_clone0105-BKPAUTCITEL-20250525-2004
2025-05-25 20:04:21,391 - INFO - 
🔍 Processando boot volume: LinuxData013_clone06052025
2025-05-25 20:04:21,516 - WARNING - ⚠️ Tentativa 1: Limite de requisições. Aguardando 1s...
2025-05-25 20:04:26,865 - WARNING - ⚠️ Tentativa 2: Limite de requisições. Aguardando 2s...
2025-05-25 20:04:33,718 - WARNING - ⚠️ Tentativa 3: Limite de requisições. Aguardando 4s...
2025-05-25 20:04:40,568 - INFO - ✅ Backup criado: BootBackup-LinuxData013_clone06052025-BKPAUTCITEL-20250525-2004
2025-05-25 20:04:41,172 - INFO - 
🔁 Tentando novamente os backups que falharam...
2025-05-25 20:04:41,173 - INFO - 
🔄 Reprocessando: LinuxData032
2025-05-25 20:04:41,471 - INFO - ✅ Backup criado: BootBackup-LinuxData032-BKPAUTCITEL-20250525-2004
2025-05-25 20:04:41,471 - INFO - 
✅ Execução concluída com sucesso
