2025-05-25 17:02:06,131 - INFO - 
🔍 Processando boot volume: LinuxTSPlus20
2025-05-25 17:02:06,459 - INFO - ✅ Backup criado: BootBackup-LinuxTSPlus20-BKPAUTCITEL-20250525-1702
2025-05-25 17:02:07,105 - WARNING - ⏳ Backup ignorado (estado TERMINATED): Auto-backup for 2025-05-10 08:00:00 via policy: Citel_Diario04
2025-05-25 17:02:07,105 - INFO - 
🔍 Processando boot volume: LinuxTSPlus1
2025-05-25 17:02:07,463 - INFO - ✅ Backup criado: BootBackup-LinuxTSPlus1-BKPAUTCITEL-20250525-1702
2025-05-25 17:02:08,117 - WARNING - ⏳ Backup ignorado (estado TERMINATED): Auto-backup for 2025-05-10 08:00:00 via policy: Citel_Diario04
2025-05-25 17:02:08,117 - INFO - 
🔍 Processando boot volume: LinuxTSPlus2
2025-05-25 17:02:08,443 - INFO - ✅ Backup criado: BootBackup-LinuxTSPlus2-BKPAUTCITEL-20250525-1702
2025-05-25 17:02:09,109 - WARNING - ⏳ Backup ignorado (estado TERMINATED): Auto-backup for 2025-05-10 08:00:00 via policy: Citel_Diario04
2025-05-25 17:02:09,109 - INFO - 
🔍 Processando boot volume: LinuxTSPlus4
2025-05-25 17:02:09,437 - INFO - ✅ Backup criado: BootBackup-LinuxTSPlus4-BKPAUTCITEL-20250525-1702
2025-05-25 17:02:10,071 - WARNING - ⏳ Backup ignorado (estado TERMINATED): Auto-backup for 2025-05-10 08:00:00 via policy: Citel_Diario04
2025-05-25 17:02:10,071 - INFO - 
🔍 Processando boot volume: LinuxTSPlus6
2025-05-25 17:02:10,412 - INFO - ✅ Backup criado: BootBackup-LinuxTSPlus6-BKPAUTCITEL-20250525-1702
2025-05-25 17:02:11,047 - WARNING - ⏳ Backup ignorado (estado TERMINATED): Auto-backup for 2025-05-10 08:00:00 via policy: Citel_Diario04
2025-05-25 17:02:11,047 - INFO - 
🔍 Processando boot volume: Temp-Subida_G_e_B (Boot Volume)
2025-05-25 17:02:11,352 - INFO - ✅ Backup criado: BootBackup-Temp-Subida_G_e_B (Boot Volume)-BKPAUTCITEL-20250525-1702
2025-05-25 17:02:12,006 - WARNING - ⏳ Backup ignorado (estado TERMINATED): Auto-backup for 2025-05-10 08:00:00 via policy: Citel_Diario04
2025-05-25 17:02:12,007 - INFO - 
🔍 Processando boot volume: Banco_BelaTintas (Boot Volume)
2025-05-25 17:02:12,360 - INFO - ✅ Backup criado: BootBackup-Banco_BelaTintas (Boot Volume)-BKPAUTCITEL-20250525-1702
2025-05-25 17:02:12,986 - WARNING - ⏳ Backup ignorado (estado TERMINATED): Auto-backup for 2025-05-10 08:00:00 via policy: Citel_Diario04
2025-05-25 17:02:12,986 - INFO - 
🔍 Processando boot volume: LinuxTSPlus12_boot_clone2904
2025-05-25 17:02:13,114 - WARNING - ⚠️ Tentativa 1: Limite de requisições. Aguardando 1s...
2025-05-25 17:02:16,647 - INFO - ✅ Backup criado: BootBackup-LinuxTSPlus12_boot_clone2904-BKPAUTCITEL-20250525-1702
2025-05-25 17:02:17,277 - WARNING - ⏳ Backup ignorado (estado TERMINATED): Auto-backup for 2025-05-10 08:00:00 via policy: Citel_Diario04
2025-05-25 17:02:17,277 - INFO - 
🔍 Processando boot volume: LinuxTSPlus65_boot_clone2904
2025-05-25 17:02:17,406 - WARNING - ⚠️ Tentativa 1: Limite de requisições. Aguardando 1s...
2025-05-25 17:02:19,169 - INFO - ✅ Backup criado: BootBackup-LinuxTSPlus65_boot_clone2904-BKPAUTCITEL-20250525-1702
2025-05-25 17:02:19,794 - WARNING - ⏳ Backup ignorado (estado TERMINATED): Auto-backup for 2025-05-10 08:00:00 via policy: Citel_Diario04
2025-05-25 17:02:19,795 - INFO - 
🔍 Processando boot volume: LinuxTSPlus72_boot_clone2904
2025-05-25 17:02:20,152 - INFO - ✅ Backup criado: BootBackup-LinuxTSPlus72_boot_clone2904-BKPAUTCITEL-20250525-1702
2025-05-25 17:02:20,817 - WARNING - ⏳ Backup ignorado (estado TERMINATED): Auto-backup for 2025-05-10 08:00:00 via policy: Citel_Diario04
2025-05-25 17:02:20,817 - INFO - 
🔍 Processando boot volume: LinuxTSPlus43_boot_clone2904
2025-05-25 17:02:20,942 - WARNING - ⚠️ Tentativa 1: Limite de requisições. Aguardando 1s...
2025-05-25 17:02:25,703 - INFO - ✅ Backup criado: BootBackup-LinuxTSPlus43_boot_clone2904-BKPAUTCITEL-20250525-1702
2025-05-25 17:02:26,339 - WARNING - ⏳ Backup ignorado (estado TERMINATED): Auto-backup for 2025-05-10 08:00:00 via policy: Citel_Diario04
2025-05-25 17:02:26,340 - INFO - 
🔍 Processando boot volume: LinuxTSPlus50_boot_clone2904
2025-05-25 17:02:26,677 - INFO - ✅ Backup criado: BootBackup-LinuxTSPlus50_boot_clone2904-BKPAUTCITEL-20250525-1702
2025-05-25 17:02:27,301 - WARNING - ⏳ Backup ignorado (estado TERMINATED): Auto-backup for 2025-05-10 08:00:00 via policy: Citel_Diario04
2025-05-25 17:02:27,301 - INFO - 
🔍 Processando boot volume: LinuxTSPlus37_boot_clone2904
2025-05-25 17:02:27,426 - WARNING - ⚠️ Tentativa 1: Limite de requisições. Aguardando 1s...
2025-05-25 17:02:31,350 - WARNING - ⚠️ Tentativa 2: Limite de requisições. Aguardando 2s...
2025-05-25 17:02:34,422 - INFO - ✅ Backup criado: BootBackup-LinuxTSPlus37_boot_clone2904-BKPAUTCITEL-20250525-1702
2025-05-25 17:02:35,055 - WARNING - ⏳ Backup ignorado (estado TERMINATED): Auto-backup for 2025-05-10 08:00:00 via policy: Citel_Diario04
2025-05-25 17:02:35,056 - INFO - 
🔍 Processando boot volume: LinuxTSPlus32_boot_clone2904
2025-05-25 17:02:35,182 - WARNING - ⚠️ Tentativa 1: Limite de requisições. Aguardando 1s...
2025-05-25 17:02:40,326 - INFO - ✅ Backup criado: BootBackup-LinuxTSPlus32_boot_clone2904-BKPAUTCITEL-20250525-1702
2025-05-25 17:02:40,939 - WARNING - ⏳ Backup ignorado (estado TERMINATED): Auto-backup for 2025-05-10 08:00:00 via policy: Citel_Diario04
2025-05-25 17:02:40,946 - INFO - 
🔍 Processando boot volume: LinuxTSPlus13_boot_clone2904
2025-05-25 17:02:41,072 - WARNING - ⚠️ Tentativa 1: Limite de requisições. Aguardando 1s...
2025-05-25 17:02:44,967 - INFO - ✅ Backup criado: BootBackup-LinuxTSPlus13_boot_clone2904-BKPAUTCITEL-20250525-1702
2025-05-25 17:02:45,584 - WARNING - ⏳ Backup ignorado (estado TERMINATED): Auto-backup for 2025-05-10 08:00:00 via policy: Citel_Diario04
2025-05-25 17:02:45,584 - INFO - 
🔍 Processando boot volume: LinuxTSPlus16_boot_clone2904
2025-05-25 17:02:45,709 - WARNING - ⚠️ Tentativa 1: Limite de requisições. Aguardando 1s...
2025-05-25 17:02:51,602 - INFO - ✅ Backup criado: BootBackup-LinuxTSPlus16_boot_clone2904-BKPAUTCITEL-20250525-1702
2025-05-25 17:02:52,224 - WARNING - ⏳ Backup ignorado (estado TERMINATED): Auto-backup for 2025-05-10 08:00:00 via policy: Citel_Diario04
2025-05-25 17:02:52,224 - INFO - 
🔍 Processando boot volume: Linux-checkdisks (Boot Volume)
2025-05-25 17:02:52,546 - INFO - ✅ Backup criado: BootBackup-Linux-checkdisks (Boot Volume)-BKPAUTCITEL-20250525-1702
2025-05-25 17:02:53,145 - INFO - 
🔍 Processando boot volume: LinuxDataBelaTintas
2025-05-25 17:02:53,449 - INFO - ✅ Backup criado: BootBackup-LinuxDataBelaTintas-BKPAUTCITEL-20250525-1702
2025-05-25 17:02:54,069 - WARNING - ⏳ Backup ignorado (estado TERMINATED): Auto-backup for 2025-05-10 08:00:00 via policy: Citel_Diario04
2025-05-25 17:02:54,070 - INFO - 
🔍 Processando boot volume: LinuxData010
2025-05-25 17:02:54,194 - WARNING - ⚠️ Tentativa 1: Limite de requisições. Aguardando 1s...
2025-05-25 17:02:57,777 - WARNING - ⚠️ Tentativa 2: Limite de requisições. Aguardando 2s...
2025-05-25 17:03:03,973 - INFO - ✅ Backup criado: BootBackup-LinuxData010-BKPAUTCITEL-20250525-1702
2025-05-25 17:03:04,596 - WARNING - ⏳ Backup ignorado (estado TERMINATED): Auto-backup for 2025-05-10 08:00:00 via policy: Citel_Diario04
2025-05-25 17:03:04,597 - INFO - 
🔍 Processando boot volume: LinuxData025
2025-05-25 17:03:04,723 - WARNING - ⚠️ Tentativa 1: Limite de requisições. Aguardando 1s...
2025-05-25 17:03:10,751 - INFO - ✅ Backup criado: BootBackup-LinuxData025-BKPAUTCITEL-20250525-1703
2025-05-25 17:03:11,377 - WARNING - ⏳ Backup ignorado (estado TERMINATED): Auto-backup for 2025-05-10 08:00:00 via policy: Citel_Diario04
2025-05-25 17:03:11,377 - INFO - 
🔍 Processando boot volume: LinuxData004
2025-05-25 17:03:11,660 - INFO - ✅ Backup criado: BootBackup-LinuxData004-BKPAUTCITEL-20250525-1703
2025-05-25 17:03:12,321 - WARNING - ⏳ Backup ignorado (estado TERMINATED): Auto-backup for 2025-05-10 08:00:00 via policy: Citel_Diario04
2025-05-25 17:03:12,321 - INFO - 
🔍 Processando boot volume: LinuxData005
2025-05-25 17:03:12,607 - INFO - ✅ Backup criado: BootBackup-LinuxData005-BKPAUTCITEL-20250525-1703
2025-05-25 17:03:13,265 - WARNING - ⏳ Backup ignorado (estado TERMINATED): Auto-backup for 2025-05-10 08:00:00 via policy: Citel_Diario04
2025-05-25 17:03:13,265 - INFO - 
🔍 Processando boot volume: LinuxData012
2025-05-25 17:03:13,390 - WARNING - ⚠️ Tentativa 1: Limite de requisições. Aguardando 1s...
2025-05-25 17:03:16,261 - WARNING - ⚠️ Tentativa 2: Limite de requisições. Aguardando 2s...
2025-05-25 17:03:20,824 - INFO - ✅ Backup criado: BootBackup-LinuxData012-BKPAUTCITEL-20250525-1703
2025-05-25 17:03:21,438 - WARNING - ⏳ Backup ignorado (estado TERMINATED): Auto-backup for 2025-05-10 08:00:00 via policy: Citel_Diario04
2025-05-25 17:03:21,438 - INFO - 
🔍 Processando boot volume: LinuxData006
2025-05-25 17:03:21,569 - WARNING - ⚠️ Tentativa 1: Limite de requisições. Aguardando 1s...
2025-05-25 17:03:27,764 - WARNING - ⚠️ Tentativa 2: Limite de requisições. Aguardando 2s...
2025-05-25 17:03:33,225 - INFO - ✅ Backup criado: BootBackup-LinuxData006-BKPAUTCITEL-20250525-1703
2025-05-25 17:03:33,869 - WARNING - ⏳ Backup ignorado (estado TERMINATED): Auto-backup for 2025-05-10 08:00:00 via policy: Citel_Diario04
2025-05-25 17:03:33,869 - INFO - 
🔍 Processando boot volume: LinuxData013
2025-05-25 17:03:34,176 - INFO - ✅ Backup criado: BootBackup-LinuxData013-BKPAUTCITEL-20250525-1703
2025-05-25 17:03:34,853 - WARNING - ⏳ Backup ignorado (estado TERMINATED): Auto-backup for 2025-05-10 08:00:00 via policy: Citel_Diario04
2025-05-25 17:03:34,853 - INFO - 
🔍 Processando boot volume: LinuxData011
2025-05-25 17:03:34,980 - WARNING - ⚠️ Tentativa 1: Limite de requisições. Aguardando 1s...
2025-05-25 17:03:39,846 - INFO - ✅ Backup criado: BootBackup-LinuxData011-BKPAUTCITEL-20250525-1703
2025-05-25 17:03:40,495 - WARNING - ⏳ Backup ignorado (estado TERMINATED): Auto-backup for 2025-05-10 08:00:00 via policy: Citel_Diario04
2025-05-25 17:03:40,495 - INFO - 
🔍 Processando boot volume: LinuxData008
2025-05-25 17:03:40,621 - WARNING - ⚠️ Tentativa 1: Limite de requisições. Aguardando 1s...
2025-05-25 17:03:46,839 - WARNING - ⚠️ Tentativa 2: Limite de requisições. Aguardando 2s...
2025-05-25 17:03:50,737 - INFO - ✅ Backup criado: BootBackup-LinuxData008-BKPAUTCITEL-20250525-1703
2025-05-25 17:03:51,370 - WARNING - ⏳ Backup ignorado (estado TERMINATED): Auto-backup for 2025-05-10 08:00:00 via policy: Citel_Diario04
2025-05-25 17:03:51,371 - INFO - 
🔍 Processando boot volume: LinuxData007
2025-05-25 17:03:51,668 - INFO - ✅ Backup criado: BootBackup-LinuxData007-BKPAUTCITEL-20250525-1703
2025-05-25 17:03:52,305 - WARNING - ⏳ Backup ignorado (estado TERMINATED): Auto-backup for 2025-05-10 08:00:00 via policy: Citel_Diario04
2025-05-25 17:03:52,306 - INFO - 
🔍 Processando boot volume: LinuxData055
2025-05-25 17:03:52,432 - WARNING - ⚠️ Tentativa 1: Limite de requisições. Aguardando 1s...
2025-05-25 17:03:57,034 - WARNING - ⚠️ Tentativa 2: Limite de requisições. Aguardando 2s...
2025-05-25 17:04:03,551 - INFO - ✅ Backup criado: BootBackup-LinuxData055-BKPAUTCITEL-20250525-1703
2025-05-25 17:04:04,185 - WARNING - ⏳ Backup ignorado (estado TERMINATED): Auto-backup for 2025-05-10 08:00:00 via policy: Citel_Diario04
2025-05-25 17:04:04,186 - INFO - 
🔍 Processando boot volume: LinuxData009
2025-05-25 17:04:04,311 - WARNING - ⚠️ Tentativa 1: Limite de requisições. Aguardando 1s...
2025-05-25 17:04:09,237 - INFO - ✅ Backup criado: BootBackup-LinuxData009-BKPAUTCITEL-20250525-1704
2025-05-25 17:04:09,897 - WARNING - ⏳ Backup ignorado (estado TERMINATED): Auto-backup for 2025-05-10 08:00:00 via policy: Citel_Diario04
2025-05-25 17:04:09,897 - INFO - 
🔍 Processando boot volume: LinuxData014
2025-05-25 17:04:10,205 - INFO - ✅ Backup criado: BootBackup-LinuxData014-BKPAUTCITEL-20250525-1704
2025-05-25 17:04:10,880 - WARNING - ⏳ Backup ignorado (estado TERMINATED): Auto-backup for 2025-05-10 08:00:00 via policy: Citel_Diario04
2025-05-25 17:04:10,880 - INFO - 
🔍 Processando boot volume: LinuxData050
2025-05-25 17:04:11,006 - WARNING - ⚠️ Tentativa 1: Limite de requisições. Aguardando 1s...
2025-05-25 17:04:13,235 - INFO - ✅ Backup criado: BootBackup-LinuxData050-BKPAUTCITEL-20250525-1704
2025-05-25 17:04:13,873 - WARNING - ⏳ Backup ignorado (estado TERMINATED): Auto-backup for 2025-05-10 08:00:00 via policy: Citel_Diario04
2025-05-25 17:04:13,874 - INFO - 
🔍 Processando boot volume: LinuxData018
2025-05-25 17:04:13,998 - WARNING - ⚠️ Tentativa 1: Limite de requisições. Aguardando 1s...
2025-05-25 17:04:15,993 - WARNING - ⚠️ Tentativa 2: Limite de requisições. Aguardando 2s...
2025-05-25 17:04:19,185 - WARNING - ⚠️ Tentativa 3: Limite de requisições. Aguardando 4s...
2025-05-25 17:04:24,473 - INFO - ✅ Backup criado: BootBackup-LinuxData018-BKPAUTCITEL-20250525-1704
2025-05-25 17:04:25,109 - WARNING - ⏳ Backup ignorado (estado TERMINATED): Auto-backup for 2025-05-10 08:00:00 via policy: Citel_Diario04
2025-05-25 17:04:25,109 - INFO - 
🔍 Processando boot volume: LinuxData016
2025-05-25 17:04:25,411 - INFO - ✅ Backup criado: BootBackup-LinuxData016-BKPAUTCITEL-20250525-1704
2025-05-25 17:04:26,038 - WARNING - ⏳ Backup ignorado (estado TERMINATED): Auto-backup for 2025-05-10 08:00:00 via policy: Citel_Diario04
2025-05-25 17:04:26,038 - INFO - 
🔍 Processando boot volume: LinuxData059
2025-05-25 17:04:26,335 - INFO - ✅ Backup criado: BootBackup-LinuxData059-BKPAUTCITEL-20250525-1704
2025-05-25 17:04:26,957 - WARNING - ⏳ Backup ignorado (estado TERMINATED): Auto-backup for 2025-05-10 08:00:00 via policy: Citel_Diario04
2025-05-25 17:04:26,962 - INFO - 
🔍 Processando boot volume: LinuxData037
2025-05-25 17:04:27,088 - WARNING - ⚠️ Tentativa 1: Limite de requisições. Aguardando 1s...
2025-05-25 17:04:31,757 - WARNING - ⚠️ Tentativa 2: Limite de requisições. Aguardando 2s...
2025-05-25 17:04:36,212 - WARNING - ⚠️ Tentativa 3: Limite de requisições. Aguardando 4s...
2025-05-25 17:04:42,217 - WARNING - ⚠️ Tentativa 4: Limite de requisições. Aguardando 8s...
2025-05-25 17:04:50,799 - WARNING - ⚠️ Tentativa 5: Limite de requisições. Aguardando 16s...
2025-05-25 17:05:09,225 - WARNING - ⏳ Backup ignorado (estado TERMINATED): Auto-backup for 2025-05-10 08:00:00 via policy: Citel_Diario04
2025-05-25 17:05:09,225 - INFO - 
🔍 Processando boot volume: LinuxData036
2025-05-25 17:05:09,546 - INFO - ✅ Backup criado: BootBackup-LinuxData036-BKPAUTCITEL-20250525-1705
2025-05-25 17:05:09,798 - WARNING - ⏳ Backup ignorado (estado TERMINATED): Auto-backup for 2025-05-10 08:00:00 via policy: Citel_Diario04
2025-05-25 17:05:09,798 - INFO - 
🔍 Processando boot volume: LinuxData017
2025-05-25 17:05:10,091 - INFO - ✅ Backup criado: BootBackup-LinuxData017-BKPAUTCITEL-20250525-1705
2025-05-25 17:05:10,739 - WARNING - ⏳ Backup ignorado (estado TERMINATED): Auto-backup for 2025-05-10 08:00:00 via policy: Citel_Diario04
2025-05-25 17:05:10,739 - INFO - 
🔍 Processando boot volume: LinuxData041
2025-05-25 17:05:11,042 - INFO - ✅ Backup criado: BootBackup-LinuxData041-BKPAUTCITEL-20250525-1705
2025-05-25 17:05:11,682 - WARNING - ⏳ Backup ignorado (estado TERMINATED): Auto-backup for 2025-05-10 08:00:00 via policy: Citel_Diario04
2025-05-25 17:05:11,683 - INFO - 
🔍 Processando boot volume: LinuxData043
2025-05-25 17:05:11,808 - WARNING - ⚠️ Tentativa 1: Limite de requisições. Aguardando 1s...
2025-05-25 17:05:16,451 - INFO - ✅ Backup criado: BootBackup-LinuxData043-BKPAUTCITEL-20250525-1705
2025-05-25 17:05:17,127 - WARNING - ⏳ Backup ignorado (estado TERMINATED): Auto-backup for 2025-05-10 08:00:00 via policy: Citel_Diario04
2025-05-25 17:05:17,128 - INFO - 
🔍 Processando boot volume: LinuxData048
2025-05-25 17:05:17,455 - INFO - ✅ Backup criado: BootBackup-LinuxData048-BKPAUTCITEL-20250525-1705
2025-05-25 17:05:18,091 - WARNING - ⏳ Backup ignorado (estado TERMINATED): Auto-backup for 2025-05-10 08:00:00 via policy: Citel_Diario04
2025-05-25 17:05:18,092 - INFO - 
🔍 Processando boot volume: LinuxData032
2025-05-25 17:05:18,378 - INFO - ✅ Backup criado: BootBackup-LinuxData032-BKPAUTCITEL-20250525-1705
2025-05-25 17:05:19,075 - WARNING - ⏳ Backup ignorado (estado TERMINATED): Auto-backup for 2025-05-10 08:00:00 via policy: Citel_Diario04
2025-05-25 17:05:19,075 - INFO - 
🔍 Processando boot volume: LinuxData033
2025-05-25 17:05:19,201 - WARNING - ⚠️ Tentativa 1: Limite de requisições. Aguardando 1s...
2025-05-25 17:05:23,046 - INFO - ✅ Backup criado: BootBackup-LinuxData033-BKPAUTCITEL-20250525-1705
2025-05-25 17:05:23,724 - WARNING - ⏳ Backup ignorado (estado TERMINATED): Auto-backup for 2025-05-10 08:00:00 via policy: Citel_Diario04
2025-05-25 17:05:23,725 - INFO - 
🔍 Processando boot volume: LinuxData034
2025-05-25 17:05:23,851 - WARNING - ⚠️ Tentativa 1: Limite de requisições. Aguardando 1s...
2025-05-25 17:05:29,293 - WARNING - ⚠️ Tentativa 2: Limite de requisições. Aguardando 2s...
2025-05-25 17:05:35,149 - INFO - ✅ Backup criado: BootBackup-LinuxData034-BKPAUTCITEL-20250525-1705
2025-05-25 17:05:35,776 - WARNING - ⏳ Backup ignorado (estado TERMINATED): Auto-backup for 2025-05-10 08:00:00 via policy: Citel_Diario04
2025-05-25 17:05:35,776 - INFO - 
🔍 Processando boot volume: LinuxData029
2025-05-25 17:05:36,130 - INFO - ✅ Backup criado: BootBackup-LinuxData029-BKPAUTCITEL-20250525-1705
2025-05-25 17:05:36,793 - WARNING - ⏳ Backup ignorado (estado TERMINATED): Auto-backup for 2025-05-10 08:00:00 via policy: Citel_Diario04
2025-05-25 17:05:36,793 - INFO - 
🔍 Processando boot volume: LinuxData019
2025-05-25 17:05:36,918 - WARNING - ⚠️ Tentativa 1: Limite de requisições. Aguardando 1s...
2025-05-25 17:05:38,797 - INFO - ✅ Backup criado: BootBackup-LinuxData019-BKPAUTCITEL-20250525-1705
2025-05-25 17:05:39,433 - WARNING - ⏳ Backup ignorado (estado TERMINATED): Auto-backup for 2025-05-10 08:00:00 via policy: Citel_Diario04
2025-05-25 17:05:39,433 - INFO - 
🔍 Processando boot volume: LinuxData021
2025-05-25 17:05:39,560 - WARNING - ⚠️ Tentativa 1: Limite de requisições. Aguardando 1s...
2025-05-25 17:05:41,837 - INFO - ✅ Backup criado: BootBackup-LinuxData021-BKPAUTCITEL-20250525-1705
2025-05-25 17:05:42,463 - WARNING - ⏳ Backup ignorado (estado TERMINATED): Auto-backup for 2025-05-10 08:00:00 via policy: Citel_Diario04
2025-05-25 17:05:42,464 - INFO - 
🔍 Processando boot volume: LinuxData022
2025-05-25 17:05:42,590 - WARNING - ⚠️ Tentativa 1: Limite de requisições. Aguardando 1s...
2025-05-25 17:05:48,559 - INFO - ✅ Backup criado: BootBackup-LinuxData022-BKPAUTCITEL-20250525-1705
2025-05-25 17:05:49,178 - WARNING - ⏳ Backup ignorado (estado TERMINATED): Auto-backup for 2025-05-10 08:00:00 via policy: Citel_Diario04
2025-05-25 17:05:49,178 - INFO - 
🔍 Processando boot volume: LinuxData024
2025-05-25 17:05:49,303 - WARNING - ⚠️ Tentativa 1: Limite de requisições. Aguardando 1s...
2025-05-25 17:05:51,433 - WARNING - ⚠️ Tentativa 2: Limite de requisições. Aguardando 2s...
2025-05-25 17:05:54,811 - WARNING - ⚠️ Tentativa 3: Limite de requisições. Aguardando 4s...
2025-05-25 17:06:03,709 - INFO - ✅ Backup criado: BootBackup-LinuxData024-BKPAUTCITEL-20250525-1705
2025-05-25 17:06:04,388 - WARNING - ⏳ Backup ignorado (estado TERMINATED): Auto-backup for 2025-05-10 08:00:00 via policy: Citel_Diario04
2025-05-25 17:06:04,389 - INFO - 
🔍 Processando boot volume: LinuxData020
2025-05-25 17:06:04,686 - INFO - ✅ Backup criado: BootBackup-LinuxData020-BKPAUTCITEL-20250525-1706
2025-05-25 17:06:05,332 - WARNING - ⏳ Backup ignorado (estado TERMINATED): Auto-backup for 2025-05-10 08:00:00 via policy: Citel_Diario04
2025-05-25 17:06:05,334 - INFO - 
🔍 Processando boot volume: LinuxData026
2025-05-25 17:06:05,621 - INFO - ✅ Backup criado: BootBackup-LinuxData026-BKPAUTCITEL-20250525-1706
2025-05-25 17:06:06,282 - WARNING - ⏳ Backup ignorado (estado TERMINATED): Auto-backup for 2025-05-10 08:00:00 via policy: Citel_Diario04
2025-05-25 17:06:06,282 - INFO - 
🔍 Processando boot volume: LinuxData028
2025-05-25 17:06:06,572 - INFO - ✅ Backup criado: BootBackup-LinuxData028-BKPAUTCITEL-20250525-1706
2025-05-25 17:06:07,209 - WARNING - ⏳ Backup ignorado (estado TERMINATED): Auto-backup for 2025-05-10 08:00:00 via policy: Citel_Diario04
2025-05-25 17:06:07,210 - INFO - 
🔍 Processando boot volume: LinuxData030
2025-05-25 17:06:07,516 - INFO - ✅ Backup criado: BootBackup-LinuxData030-BKPAUTCITEL-20250525-1706
2025-05-25 17:06:08,158 - WARNING - ⏳ Backup ignorado (estado TERMINATED): Auto-backup for 2025-05-10 08:00:00 via policy: Citel_Diario04
2025-05-25 17:06:08,159 - INFO - 
🔍 Processando boot volume: LinuxData040
2025-05-25 17:06:08,283 - WARNING - ⚠️ Tentativa 1: Limite de requisições. Aguardando 1s...
2025-05-25 17:06:11,274 - INFO - ✅ Backup criado: BootBackup-LinuxData040-BKPAUTCITEL-20250525-1706
2025-05-25 17:06:11,918 - WARNING - ⏳ Backup ignorado (estado TERMINATED): Auto-backup for 2025-05-10 08:00:00 via policy: Citel_Diario04
2025-05-25 17:06:11,918 - INFO - 
🔍 Processando boot volume: LinuxData065
2025-05-25 17:06:12,203 - INFO - ✅ Backup criado: BootBackup-LinuxData065-BKPAUTCITEL-20250525-1706
2025-05-25 17:06:12,860 - WARNING - ⏳ Backup ignorado (estado TERMINATED): Auto-backup for 2025-05-10 08:00:00 via policy: Citel_Diario04
2025-05-25 17:06:12,860 - INFO - 
🔍 Processando boot volume: LinuxData072
2025-05-25 17:06:13,171 - INFO - ✅ Backup criado: BootBackup-LinuxData072-BKPAUTCITEL-20250525-1706
2025-05-25 17:06:13,844 - WARNING - ⏳ Backup ignorado (estado TERMINATED): Auto-backup for 2025-05-10 08:00:00 via policy: Citel_Diario04
2025-05-25 17:06:13,844 - INFO - 
🔍 Processando boot volume: LinuxData001
2025-05-25 17:06:13,969 - WARNING - ⚠️ Tentativa 1: Limite de requisições. Aguardando 1s...
2025-05-25 17:06:17,394 - INFO - ✅ Backup criado: BootBackup-LinuxData001-BKPAUTCITEL-20250525-1706
2025-05-25 17:06:18,019 - WARNING - ⏳ Backup ignorado (estado TERMINATED): Auto-backup for 2025-05-10 08:00:00 via policy: Citel_Diario04
2025-05-25 17:06:18,020 - INFO - 
🔍 Processando boot volume: LinuxData002
2025-05-25 17:06:18,145 - WARNING - ⚠️ Tentativa 1: Limite de requisições. Aguardando 1s...
2025-05-25 17:06:24,118 - WARNING - ⚠️ Tentativa 2: Limite de requisições. Aguardando 2s...
2025-05-25 17:06:28,562 - WARNING - ⚠️ Tentativa 3: Limite de requisições. Aguardando 4s...
2025-05-25 17:06:34,063 - INFO - ✅ Backup criado: BootBackup-LinuxData002-BKPAUTCITEL-20250525-1706
2025-05-25 17:06:34,717 - WARNING - ⏳ Backup ignorado (estado TERMINATED): Auto-backup for 2025-05-10 08:00:00 via policy: Citel_Diario04
2025-05-25 17:06:34,718 - INFO - 
🔍 Processando boot volume: LinuxTSPlus20_boot_clone0105
2025-05-25 17:06:34,844 - WARNING - ⚠️ Tentativa 1: Limite de requisições. Aguardando 1s...
2025-05-25 17:06:39,811 - INFO - ✅ Backup criado: BootBackup-LinuxTSPlus20_boot_clone0105-BKPAUTCITEL-20250525-1706
2025-05-25 17:06:40,439 - INFO - 
🔍 Processando boot volume: LinuxData013_clone06052025
2025-05-25 17:06:40,564 - WARNING - ⚠️ Tentativa 1: Limite de requisições. Aguardando 1s...
2025-05-25 17:06:43,114 - WARNING - ⚠️ Tentativa 2: Limite de requisições. Aguardando 2s...
2025-05-25 17:06:48,731 - INFO - ✅ Backup criado: BootBackup-LinuxData013_clone06052025-BKPAUTCITEL-20250525-1706
2025-05-25 17:06:49,335 - INFO - 
🔁 Tentando novamente os backups que falharam...
2025-05-25 17:06:49,335 - INFO - 
🔄 Reprocessando: LinuxData037
2025-05-25 17:06:49,461 - WARNING - ⚠️ Tentativa 1: Limite de requisições. Aguardando 1s...
2025-05-25 17:06:52,854 - INFO - ✅ Backup criado: BootBackup-LinuxData037-BKPAUTCITEL-20250525-1706
2025-05-25 17:06:52,854 - INFO - 
✅ Execução concluída com sucesso
