2025-05-25 10:59:42,435 - INFO - 
🔍 Processando boot volume: LinuxTSPlus20
2025-05-25 10:59:42,748 - INFO - ✅ Backup criado: BootBackup-LinuxTSPlus20-BKPAUTCITEL-20250525-1059
2025-05-25 10:59:43,017 - WARNING - ⏳ Backup ignorado (estado TERMINATED): Auto-backup for 2025-05-10 08:00:00 via policy: Citel_Diario04
2025-05-25 10:59:43,017 - INFO - 
🔍 Processando boot volume: LinuxTSPlus25
2025-05-25 10:59:43,317 - INFO - ✅ Backup criado: BootBackup-LinuxTSPlus25-BKPAUTCITEL-20250525-1059
2025-05-25 10:59:43,965 - WARNING - ⏳ Backup ignorado (estado TERMINATED): Auto-backup for 2025-05-10 08:00:00 via policy: Citel_Diario04
2025-05-25 10:59:43,966 - INFO - 
🔍 Processando boot volume: LinuxTSPlus1
2025-05-25 10:59:44,092 - WARNING - ⚠️ Tentativa 1: Limite de requisições. Aguardando 1s...
2025-05-25 10:59:46,030 - INFO - ✅ Backup criado: BootBackup-LinuxTSPlus1-BKPAUTCITEL-20250525-1059
2025-05-25 10:59:46,294 - WARNING - ⏳ Backup ignorado (estado TERMINATED): Auto-backup for 2025-05-10 08:00:00 via policy: Citel_Diario04
2025-05-25 10:59:46,295 - INFO - 
🔍 Processando boot volume: LinuxTSPlus2
2025-05-25 10:59:46,594 - INFO - ✅ Backup criado: BootBackup-LinuxTSPlus2-BKPAUTCITEL-20250525-1059
2025-05-25 10:59:47,234 - WARNING - ⏳ Backup ignorado (estado TERMINATED): Auto-backup for 2025-05-10 08:00:00 via policy: Citel_Diario04
2025-05-25 10:59:47,235 - INFO - 
🔍 Processando boot volume: LinuxTSPlus4
2025-05-25 10:59:47,581 - INFO - ✅ Backup criado: BootBackup-LinuxTSPlus4-BKPAUTCITEL-20250525-1059
2025-05-25 10:59:47,842 - WARNING - ⏳ Backup ignorado (estado TERMINATED): Auto-backup for 2025-05-10 08:00:00 via policy: Citel_Diario04
2025-05-25 10:59:47,843 - INFO - 
🔍 Processando boot volume: LinuxTSPlus6
2025-05-25 10:59:48,133 - INFO - ✅ Backup criado: BootBackup-LinuxTSPlus6-BKPAUTCITEL-20250525-1059
2025-05-25 10:59:48,779 - WARNING - ⏳ Backup ignorado (estado TERMINATED): Auto-backup for 2025-05-10 08:00:00 via policy: Citel_Diario04
2025-05-25 10:59:48,780 - INFO - 
🔍 Processando boot volume: LinuxTSPlus30
2025-05-25 10:59:48,906 - WARNING - ⚠️ Tentativa 1: Limite de requisições. Aguardando 1s...
2025-05-25 10:59:54,630 - INFO - ✅ Backup criado: BootBackup-LinuxTSPlus30-BKPAUTCITEL-20250525-1059
2025-05-25 10:59:54,886 - WARNING - ⏳ Backup ignorado (estado TERMINATED): Auto-backup for 2025-05-10 08:00:00 via policy: Citel_Diario04
2025-05-25 10:59:54,886 - INFO - 
🔍 Processando boot volume: Temp-Subida_G_e_B (Boot Volume)
2025-05-25 10:59:55,188 - INFO - ✅ Backup criado: BootBackup-Temp-Subida_G_e_B (Boot Volume)-BKPAUTCITEL-20250525-1059
2025-05-25 10:59:55,818 - WARNING - ⏳ Backup ignorado (estado TERMINATED): Auto-backup for 2025-05-10 08:00:00 via policy: Citel_Diario04
2025-05-25 10:59:55,819 - INFO - 
🔍 Processando boot volume: Banco_BelaTintas (Boot Volume)
2025-05-25 10:59:56,120 - INFO - ✅ Backup criado: BootBackup-Banco_BelaTintas (Boot Volume)-BKPAUTCITEL-20250525-1059
2025-05-25 10:59:56,350 - WARNING - ⏳ Backup ignorado (estado TERMINATED): Auto-backup for 2025-05-10 08:00:00 via policy: Citel_Diario04
2025-05-25 10:59:56,351 - INFO - 
🔍 Processando boot volume: Banco_BelaTintas_clone29042025
2025-05-25 10:59:56,640 - INFO - ✅ Backup criado: BootBackup-Banco_BelaTintas_clone29042025-BKPAUTCITEL-20250525-1059
2025-05-25 10:59:57,277 - WARNING - ⏳ Backup ignorado (estado TERMINATED): Auto-backup for 2025-05-10 08:00:00 via policy: Citel_Diario04
2025-05-25 10:59:57,277 - INFO - 
🔍 Processando boot volume: LinuxTSPlus11_clone2904
2025-05-25 10:59:57,598 - INFO - ✅ Backup criado: BootBackup-LinuxTSPlus11_clone2904-BKPAUTCITEL-20250525-1059
2025-05-25 10:59:57,849 - WARNING - ⏳ Backup ignorado (estado TERMINATED): Auto-backup for 2025-05-10 08:00:00 via policy: Citel_Diario04
2025-05-25 10:59:57,850 - INFO - 
🔍 Processando boot volume: LinuxTSPlus30_boot_clone2904
2025-05-25 10:59:58,137 - INFO - ✅ Backup criado: BootBackup-LinuxTSPlus30_boot_clone2904-BKPAUTCITEL-20250525-1059
2025-05-25 10:59:58,742 - WARNING - ⏳ Backup ignorado (estado TERMINATED): Auto-backup for 2025-05-10 08:00:00 via policy: Citel_Diario04
2025-05-25 10:59:58,742 - INFO - 
🔍 Processando boot volume: LinuxTSPlus12_boot_clone2904
2025-05-25 10:59:58,868 - WARNING - ⚠️ Tentativa 1: Limite de requisições. Aguardando 1s...
2025-05-25 11:00:05,332 - WARNING - ⚠️ Tentativa 2: Limite de requisições. Aguardando 2s...
2025-05-25 11:00:07,861 - WARNING - ⚠️ Tentativa 3: Limite de requisições. Aguardando 4s...
2025-05-25 11:00:14,002 - INFO - ✅ Backup criado: BootBackup-LinuxTSPlus12_boot_clone2904-BKPAUTCITEL-20250525-1059
2025-05-25 11:00:14,262 - WARNING - ⏳ Backup ignorado (estado TERMINATED): Auto-backup for 2025-05-10 08:00:00 via policy: Citel_Diario04
2025-05-25 11:00:14,263 - INFO - 
🔍 Processando boot volume: LinuxTSPlus55_boot_clone2904
2025-05-25 11:00:14,601 - INFO - ✅ Backup criado: BootBackup-LinuxTSPlus55_boot_clone2904-BKPAUTCITEL-20250525-1100
2025-05-25 11:00:15,227 - WARNING - ⏳ Backup ignorado (estado TERMINATED): Auto-backup for 2025-05-10 08:00:00 via policy: Citel_Diario04
2025-05-25 11:00:15,227 - INFO - 
🔍 Processando boot volume: LinuxTSPlus65_boot_clone2904
2025-05-25 11:00:15,392 - WARNING - ⚠️ Tentativa 1: Limite de requisições. Aguardando 1s...
2025-05-25 11:00:20,082 - INFO - ✅ Backup criado: BootBackup-LinuxTSPlus65_boot_clone2904-BKPAUTCITEL-20250525-1100
2025-05-25 11:00:20,341 - WARNING - ⏳ Backup ignorado (estado TERMINATED): Auto-backup for 2025-05-10 08:00:00 via policy: Citel_Diario04
2025-05-25 11:00:20,341 - INFO - 
🔍 Processando boot volume: LinuxTSPlus28_boot_clone2904
2025-05-25 11:00:20,631 - INFO - ✅ Backup criado: BootBackup-LinuxTSPlus28_boot_clone2904-BKPAUTCITEL-20250525-1100
2025-05-25 11:00:21,249 - WARNING - ⏳ Backup ignorado (estado TERMINATED): Auto-backup for 2025-05-10 08:00:00 via policy: Citel_Diario04
2025-05-25 11:00:21,249 - INFO - 
🔍 Processando boot volume: LinuxTSPlus72_boot_clone2904
2025-05-25 11:00:21,554 - INFO - ✅ Backup criado: BootBackup-LinuxTSPlus72_boot_clone2904-BKPAUTCITEL-20250525-1100
2025-05-25 11:00:21,802 - WARNING - ⏳ Backup ignorado (estado TERMINATED): Auto-backup for 2025-05-10 08:00:00 via policy: Citel_Diario04
2025-05-25 11:00:21,802 - INFO - 
🔍 Processando boot volume: LinuxTSPlus43_boot_clone2904
2025-05-25 11:00:22,083 - INFO - ✅ Backup criado: BootBackup-LinuxTSPlus43_boot_clone2904-BKPAUTCITEL-20250525-1100
2025-05-25 11:00:22,702 - WARNING - ⏳ Backup ignorado (estado TERMINATED): Auto-backup for 2025-05-10 08:00:00 via policy: Citel_Diario04
2025-05-25 11:00:22,703 - INFO - 
🔍 Processando boot volume: LinuxTSPlus50_boot_clone2904
2025-05-25 11:00:23,019 - INFO - ✅ Backup criado: BootBackup-LinuxTSPlus50_boot_clone2904-BKPAUTCITEL-20250525-1100
2025-05-25 11:00:23,266 - WARNING - ⏳ Backup ignorado (estado TERMINATED): Auto-backup for 2025-05-10 08:00:00 via policy: Citel_Diario04
2025-05-25 11:00:23,267 - INFO - 
🔍 Processando boot volume: LinuxTSPlus37_boot_clone2904
2025-05-25 11:00:23,619 - INFO - ✅ Backup criado: BootBackup-LinuxTSPlus37_boot_clone2904-BKPAUTCITEL-20250525-1100
2025-05-25 11:00:24,232 - WARNING - ⏳ Backup ignorado (estado TERMINATED): Auto-backup for 2025-05-10 08:00:00 via policy: Citel_Diario04
2025-05-25 11:00:24,232 - INFO - 
🔍 Processando boot volume: LinuxTSPlus32_boot_clone2904
2025-05-25 11:00:24,540 - INFO - ✅ Backup criado: BootBackup-LinuxTSPlus32_boot_clone2904-BKPAUTCITEL-20250525-1100
2025-05-25 11:00:24,776 - WARNING - ⏳ Backup ignorado (estado TERMINATED): Auto-backup for 2025-05-10 08:00:00 via policy: Citel_Diario04
2025-05-25 11:00:24,776 - INFO - 
🔍 Processando boot volume: LinuxTSPlus2_boot_clone2904
2025-05-25 11:00:25,075 - INFO - ✅ Backup criado: BootBackup-LinuxTSPlus2_boot_clone2904-BKPAUTCITEL-20250525-1100
2025-05-25 11:00:25,688 - WARNING - ⏳ Backup ignorado (estado TERMINATED): Auto-backup for 2025-05-10 08:00:00 via policy: Citel_Diario04
2025-05-25 11:00:25,689 - INFO - 
🔍 Processando boot volume: LinuxTSPlus25_boot_clone2904
2025-05-25 11:00:25,815 - WARNING - ⚠️ Tentativa 1: Limite de requisições. Aguardando 1s...
2025-05-25 11:00:27,545 - WARNING - ⚠️ Tentativa 2: Limite de requisições. Aguardando 2s...
2025-05-25 11:00:31,574 - INFO - ✅ Backup criado: BootBackup-LinuxTSPlus25_boot_clone2904-BKPAUTCITEL-20250525-1100
2025-05-25 11:00:31,838 - WARNING - ⏳ Backup ignorado (estado TERMINATED): Auto-backup for 2025-05-10 08:00:00 via policy: Citel_Diario04
2025-05-25 11:00:31,839 - INFO - 
🔍 Processando boot volume: LinuxTSPlus13_boot_clone2904
2025-05-25 11:00:32,150 - INFO - ✅ Backup criado: BootBackup-LinuxTSPlus13_boot_clone2904-BKPAUTCITEL-20250525-1100
2025-05-25 11:00:32,805 - WARNING - ⏳ Backup ignorado (estado TERMINATED): Auto-backup for 2025-05-10 08:00:00 via policy: Citel_Diario04
2025-05-25 11:00:32,805 - INFO - 
🔍 Processando boot volume: LinuxTSPlus9-boot_clone2904
2025-05-25 11:00:32,930 - WARNING - ⚠️ Tentativa 1: Limite de requisições. Aguardando 1s...
2025-05-25 11:00:34,796 - WARNING - ⚠️ Tentativa 2: Limite de requisições. Aguardando 2s...
2025-05-25 11:00:42,189 - WARNING - ⚠️ Tentativa 3: Limite de requisições. Aguardando 4s...
2025-05-25 11:00:48,870 - INFO - ✅ Backup criado: BootBackup-LinuxTSPlus9-boot_clone2904-BKPAUTCITEL-20250525-1100
2025-05-25 11:00:49,113 - WARNING - ⏳ Backup ignorado (estado TERMINATED): Auto-backup for 2025-05-10 08:00:00 via policy: Citel_Diario04
2025-05-25 11:00:49,114 - INFO - 
🔍 Processando boot volume: LinuxTSPlus16_boot_clone2904
2025-05-25 11:00:49,400 - INFO - ✅ Backup criado: BootBackup-LinuxTSPlus16_boot_clone2904-BKPAUTCITEL-20250525-1100
2025-05-25 11:00:50,035 - WARNING - ⏳ Backup ignorado (estado TERMINATED): Auto-backup for 2025-05-10 08:00:00 via policy: Citel_Diario04
2025-05-25 11:00:50,036 - INFO - 
🔍 Processando boot volume: LinuxTSPlus17_boot_clone2904
2025-05-25 11:00:50,348 - INFO - ✅ Backup criado: BootBackup-LinuxTSPlus17_boot_clone2904-BKPAUTCITEL-20250525-1100
2025-05-25 11:00:50,987 - WARNING - ⏳ Backup ignorado (estado TERMINATED): Auto-backup for 2025-05-10 08:00:00 via policy: Citel_Diario04
2025-05-25 11:00:50,987 - INFO - 
🔍 Processando boot volume: LinuxTSPlus7-boot_clone2904
2025-05-25 11:00:51,112 - WARNING - ⚠️ Tentativa 1: Limite de requisições. Aguardando 1s...
2025-05-25 11:00:54,011 - INFO - ✅ Backup criado: BootBackup-LinuxTSPlus7-boot_clone2904-BKPAUTCITEL-20250525-1100
2025-05-25 11:00:54,618 - WARNING - ⏳ Backup ignorado (estado TERMINATED): Auto-backup for 2025-05-10 08:00:00 via policy: Citel_Diario04
2025-05-25 11:00:54,618 - INFO - 
🔍 Processando boot volume: LinuxTSPlus6-boot-clone2904
2025-05-25 11:00:54,744 - WARNING - ⚠️ Tentativa 1: Limite de requisições. Aguardando 1s...
2025-05-25 11:00:57,959 - INFO - ✅ Backup criado: BootBackup-LinuxTSPlus6-boot-clone2904-BKPAUTCITEL-20250525-1100
2025-05-25 11:00:58,593 - WARNING - ⏳ Backup ignorado (estado TERMINATED): Auto-backup for 2025-05-10 08:00:00 via policy: Citel_Diario04
2025-05-25 11:00:58,593 - INFO - 
🔍 Processando boot volume: LinuxTSPlus18-boot-clone2904
2025-05-25 11:00:58,718 - WARNING - ⚠️ Tentativa 1: Limite de requisições. Aguardando 1s...
2025-05-25 11:01:01,735 - INFO - ✅ Backup criado: BootBackup-LinuxTSPlus18-boot-clone2904-BKPAUTCITEL-20250525-1100
2025-05-25 11:01:01,986 - WARNING - ⏳ Backup ignorado (estado TERMINATED): Auto-backup for 2025-05-10 08:00:00 via policy: Citel_Diario04
2025-05-25 11:01:01,986 - INFO - 
🔍 Processando boot volume: Linux-checkdisks (Boot Volume)
2025-05-25 11:01:02,290 - INFO - ✅ Backup criado: BootBackup-Linux-checkdisks (Boot Volume)-BKPAUTCITEL-20250525-1101
2025-05-25 11:01:02,928 - INFO - 
🔍 Processando boot volume: LinuxDataBelaTintas
2025-05-25 11:01:03,247 - INFO - ✅ Backup criado: BootBackup-LinuxDataBelaTintas-BKPAUTCITEL-20250525-1101
2025-05-25 11:01:03,483 - WARNING - ⏳ Backup ignorado (estado TERMINATED): Auto-backup for 2025-05-10 08:00:00 via policy: Citel_Diario04
2025-05-25 11:01:03,483 - INFO - 
🔍 Processando boot volume: LinuxTSPlus5-boot-clone2904
2025-05-25 11:01:03,766 - INFO - ✅ Backup criado: BootBackup-LinuxTSPlus5-boot-clone2904-BKPAUTCITEL-20250525-1101
2025-05-25 11:01:04,381 - WARNING - ⏳ Backup ignorado (estado TERMINATED): Auto-backup for 2025-05-10 08:00:00 via policy: Citel_Diario04
2025-05-25 11:01:04,382 - INFO - 
🔍 Processando boot volume: LinuxData010
2025-05-25 11:01:04,508 - WARNING - ⚠️ Tentativa 1: Limite de requisições. Aguardando 1s...
2025-05-25 11:01:10,211 - WARNING - ⚠️ Tentativa 2: Limite de requisições. Aguardando 2s...
2025-05-25 11:01:15,104 - INFO - ✅ Backup criado: BootBackup-LinuxData010-BKPAUTCITEL-20250525-1101
2025-05-25 11:01:15,718 - WARNING - ⏳ Backup ignorado (estado TERMINATED): Auto-backup for 2025-05-10 08:00:00 via policy: Citel_Diario04
2025-05-25 11:01:15,718 - INFO - 
🔍 Processando boot volume: LinuxData025
2025-05-25 11:01:15,844 - WARNING - ⚠️ Tentativa 1: Limite de requisições. Aguardando 1s...
2025-05-25 11:01:18,864 - INFO - ✅ Backup criado: BootBackup-LinuxData025-BKPAUTCITEL-20250525-1101
2025-05-25 11:01:19,478 - WARNING - ⏳ Backup ignorado (estado TERMINATED): Auto-backup for 2025-05-10 08:00:00 via policy: Citel_Diario04
2025-05-25 11:01:19,479 - INFO - 
🔍 Processando boot volume: LinuxData004
2025-05-25 11:01:19,603 - WARNING - ⚠️ Tentativa 1: Limite de requisições. Aguardando 1s...
2025-05-25 11:01:21,690 - WARNING - ⚠️ Tentativa 2: Limite de requisições. Aguardando 2s...
2025-05-25 11:01:26,323 - INFO - ✅ Backup criado: BootBackup-LinuxData004-BKPAUTCITEL-20250525-1101
2025-05-25 11:01:26,944 - WARNING - ⏳ Backup ignorado (estado TERMINATED): Auto-backup for 2025-05-10 08:00:00 via policy: Citel_Diario04
2025-05-25 11:01:26,945 - INFO - 
🔍 Processando boot volume: LinuxData005
2025-05-25 11:01:27,069 - WARNING - ⚠️ Tentativa 1: Limite de requisições. Aguardando 1s...
2025-05-25 11:01:31,118 - WARNING - ⚠️ Tentativa 2: Limite de requisições. Aguardando 2s...
2025-05-25 11:01:37,713 - INFO - ✅ Backup criado: BootBackup-LinuxData005-BKPAUTCITEL-20250525-1101
2025-05-25 11:01:38,337 - WARNING - ⏳ Backup ignorado (estado TERMINATED): Auto-backup for 2025-05-10 08:00:00 via policy: Citel_Diario04
2025-05-25 11:01:38,337 - INFO - 
🔍 Processando boot volume: LinuxData012
2025-05-25 11:01:38,646 - INFO - ✅ Backup criado: BootBackup-LinuxData012-BKPAUTCITEL-20250525-1101
2025-05-25 11:01:38,879 - WARNING - ⏳ Backup ignorado (estado TERMINATED): Auto-backup for 2025-05-10 08:00:00 via policy: Citel_Diario04
2025-05-25 11:01:38,880 - INFO - 
🔍 Processando boot volume: LinuxData006
2025-05-25 11:01:39,204 - INFO - ✅ Backup criado: BootBackup-LinuxData006-BKPAUTCITEL-20250525-1101
2025-05-25 11:01:39,829 - WARNING - ⏳ Backup ignorado (estado TERMINATED): Auto-backup for 2025-05-10 08:00:00 via policy: Citel_Diario04
2025-05-25 11:01:39,830 - INFO - 
🔍 Processando boot volume: LinuxData013
2025-05-25 11:01:39,954 - WARNING - ⚠️ Tentativa 1: Limite de requisições. Aguardando 1s...
2025-05-25 11:01:45,609 - WARNING - ⚠️ Tentativa 2: Limite de requisições. Aguardando 2s...
2025-05-25 11:01:49,494 - WARNING - ⚠️ Tentativa 3: Limite de requisições. Aguardando 4s...
2025-05-25 11:01:54,900 - INFO - ✅ Backup criado: BootBackup-LinuxData013-BKPAUTCITEL-20250525-1101
2025-05-25 11:01:55,511 - WARNING - ⏳ Backup ignorado (estado TERMINATED): Auto-backup for 2025-05-10 08:00:00 via policy: Citel_Diario04
2025-05-25 11:01:55,511 - INFO - 
🔍 Processando boot volume: LinuxData011
2025-05-25 11:01:55,944 - INFO - ✅ Backup criado: BootBackup-LinuxData011-BKPAUTCITEL-20250525-1101
2025-05-25 11:01:56,543 - WARNING - ⏳ Backup ignorado (estado TERMINATED): Auto-backup for 2025-05-10 08:00:00 via policy: Citel_Diario04
2025-05-25 11:01:56,544 - INFO - 
🔍 Processando boot volume: LinuxData008
2025-05-25 11:01:56,668 - WARNING - ⚠️ Tentativa 1: Limite de requisições. Aguardando 1s...
2025-05-25 11:01:59,559 - INFO - ✅ Backup criado: BootBackup-LinuxData008-BKPAUTCITEL-20250525-1101
2025-05-25 11:01:59,799 - WARNING - ⏳ Backup ignorado (estado TERMINATED): Auto-backup for 2025-05-10 08:00:00 via policy: Citel_Diario04
2025-05-25 11:01:59,799 - INFO - 
🔍 Processando boot volume: LinuxData007
2025-05-25 11:02:00,099 - INFO - ✅ Backup criado: BootBackup-LinuxData007-BKPAUTCITEL-20250525-1101
2025-05-25 11:02:00,723 - WARNING - ⏳ Backup ignorado (estado TERMINATED): Auto-backup for 2025-05-10 08:00:00 via policy: Citel_Diario04
2025-05-25 11:02:00,723 - INFO - 
🔍 Processando boot volume: LinuxData055
2025-05-25 11:02:01,068 - INFO - ✅ Backup criado: BootBackup-LinuxData055-BKPAUTCITEL-20250525-1102
2025-05-25 11:02:01,702 - WARNING - ⏳ Backup ignorado (estado TERMINATED): Auto-backup for 2025-05-10 08:00:00 via policy: Citel_Diario04
2025-05-25 11:02:01,702 - INFO - 
🔍 Processando boot volume: LinuxData009
2025-05-25 11:02:02,028 - INFO - ✅ Backup criado: BootBackup-LinuxData009-BKPAUTCITEL-20250525-1102
2025-05-25 11:02:02,664 - WARNING - ⏳ Backup ignorado (estado TERMINATED): Auto-backup for 2025-05-10 08:00:00 via policy: Citel_Diario04
2025-05-25 11:02:02,665 - INFO - 
🔍 Processando boot volume: LinuxData014
2025-05-25 11:02:02,968 - INFO - ✅ Backup criado: BootBackup-LinuxData014-BKPAUTCITEL-20250525-1102
2025-05-25 11:02:03,598 - WARNING - ⏳ Backup ignorado (estado TERMINATED): Auto-backup for 2025-05-10 08:00:00 via policy: Citel_Diario04
2025-05-25 11:02:03,599 - INFO - 
🔍 Processando boot volume: LinuxData050
2025-05-25 11:02:03,724 - WARNING - ⚠️ Tentativa 1: Limite de requisições. Aguardando 1s...
2025-05-25 11:02:07,338 - WARNING - ⚠️ Tentativa 2: Limite de requisições. Aguardando 2s...
2025-05-25 11:02:10,632 - WARNING - ⚠️ Tentativa 3: Limite de requisições. Aguardando 4s...
2025-05-25 11:02:18,606 - WARNING - ⚠️ Tentativa 4: Limite de requisições. Aguardando 8s...
2025-05-25 11:02:30,681 - WARNING - ⚠️ Tentativa 5: Limite de requisições. Aguardando 16s...
2025-05-25 11:02:48,895 - WARNING - ⏳ Backup ignorado (estado TERMINATED): Auto-backup for 2025-05-10 08:00:00 via policy: Citel_Diario04
2025-05-25 11:02:48,895 - INFO - 
🔍 Processando boot volume: LinuxData018
2025-05-25 11:02:49,225 - INFO - ✅ Backup criado: BootBackup-LinuxData018-BKPAUTCITEL-20250525-1102
2025-05-25 11:02:49,849 - WARNING - ⏳ Backup ignorado (estado TERMINATED): Auto-backup for 2025-05-10 08:00:00 via policy: Citel_Diario04
2025-05-25 11:02:49,849 - INFO - 
🔍 Processando boot volume: LinuxData016
2025-05-25 11:02:50,137 - INFO - ✅ Backup criado: BootBackup-LinuxData016-BKPAUTCITEL-20250525-1102
2025-05-25 11:02:50,764 - WARNING - ⏳ Backup ignorado (estado TERMINATED): Auto-backup for 2025-05-10 08:00:00 via policy: Citel_Diario04
2025-05-25 11:02:50,765 - INFO - 
🔍 Processando boot volume: LinuxData059
2025-05-25 11:02:51,122 - INFO - ✅ Backup criado: BootBackup-LinuxData059-BKPAUTCITEL-20250525-1102
2025-05-25 11:02:51,762 - WARNING - ⏳ Backup ignorado (estado TERMINATED): Auto-backup for 2025-05-10 08:00:00 via policy: Citel_Diario04
2025-05-25 11:02:51,762 - INFO - 
🔍 Processando boot volume: LinuxData037
2025-05-25 11:02:52,058 - INFO - ✅ Backup criado: BootBackup-LinuxData037-BKPAUTCITEL-20250525-1102
2025-05-25 11:02:52,700 - WARNING - ⏳ Backup ignorado (estado TERMINATED): Auto-backup for 2025-05-10 08:00:00 via policy: Citel_Diario04
2025-05-25 11:02:52,700 - INFO - 
🔍 Processando boot volume: LinuxData036
2025-05-25 11:02:53,001 - INFO - ✅ Backup criado: BootBackup-LinuxData036-BKPAUTCITEL-20250525-1102
2025-05-25 11:02:53,609 - WARNING - ⏳ Backup ignorado (estado TERMINATED): Auto-backup for 2025-05-10 08:00:00 via policy: Citel_Diario04
2025-05-25 11:02:53,609 - INFO - 
🔍 Processando boot volume: LinuxData017
2025-05-25 11:02:53,734 - WARNING - ⚠️ Tentativa 1: Limite de requisições. Aguardando 1s...
2025-05-25 11:02:57,907 - INFO - ✅ Backup criado: BootBackup-LinuxData017-BKPAUTCITEL-20250525-1102
2025-05-25 11:02:58,539 - WARNING - ⏳ Backup ignorado (estado TERMINATED): Auto-backup for 2025-05-10 08:00:00 via policy: Citel_Diario04
2025-05-25 11:02:58,540 - INFO - 
🔍 Processando boot volume: LinuxData041
2025-05-25 11:02:58,833 - INFO - ✅ Backup criado: BootBackup-LinuxData041-BKPAUTCITEL-20250525-1102
2025-05-25 11:02:59,459 - WARNING - ⏳ Backup ignorado (estado TERMINATED): Auto-backup for 2025-05-10 08:00:00 via policy: Citel_Diario04
2025-05-25 11:02:59,460 - INFO - 
🔍 Processando boot volume: LinuxData043
2025-05-25 11:02:59,770 - INFO - ✅ Backup criado: BootBackup-LinuxData043-BKPAUTCITEL-20250525-1102
2025-05-25 11:03:00,389 - WARNING - ⏳ Backup ignorado (estado TERMINATED): Auto-backup for 2025-05-10 08:00:00 via policy: Citel_Diario04
2025-05-25 11:03:00,389 - INFO - 
🔍 Processando boot volume: LinuxData048
2025-05-25 11:03:00,515 - WARNING - ⚠️ Tentativa 1: Limite de requisições. Aguardando 1s...
2025-05-25 11:03:02,389 - INFO - ✅ Backup criado: BootBackup-LinuxData048-BKPAUTCITEL-20250525-1103
2025-05-25 11:03:03,020 - WARNING - ⏳ Backup ignorado (estado TERMINATED): Auto-backup for 2025-05-10 08:00:00 via policy: Citel_Diario04
2025-05-25 11:03:03,020 - INFO - 
🔍 Processando boot volume: LinuxData032
2025-05-25 11:03:03,314 - INFO - ✅ Backup criado: BootBackup-LinuxData032-BKPAUTCITEL-20250525-1103
2025-05-25 11:03:03,969 - WARNING - ⏳ Backup ignorado (estado TERMINATED): Auto-backup for 2025-05-10 08:00:00 via policy: Citel_Diario04
2025-05-25 11:03:03,969 - INFO - 
🔍 Processando boot volume: LinuxData033
2025-05-25 11:03:04,297 - INFO - ✅ Backup criado: BootBackup-LinuxData033-BKPAUTCITEL-20250525-1103
2025-05-25 11:03:04,932 - WARNING - ⏳ Backup ignorado (estado TERMINATED): Auto-backup for 2025-05-10 08:00:00 via policy: Citel_Diario04
2025-05-25 11:03:04,933 - INFO - 
🔍 Processando boot volume: LinuxData034
2025-05-25 11:03:05,247 - INFO - ✅ Backup criado: BootBackup-LinuxData034-BKPAUTCITEL-20250525-1103
2025-05-25 11:03:05,863 - WARNING - ⏳ Backup ignorado (estado TERMINATED): Auto-backup for 2025-05-10 08:00:00 via policy: Citel_Diario04
2025-05-25 11:03:05,863 - INFO - 
🔍 Processando boot volume: LinuxData029
2025-05-25 11:03:05,988 - WARNING - ⚠️ Tentativa 1: Limite de requisições. Aguardando 1s...
2025-05-25 11:03:08,130 - INFO - ✅ Backup criado: BootBackup-LinuxData029-BKPAUTCITEL-20250525-1103
2025-05-25 11:03:08,788 - WARNING - ⏳ Backup ignorado (estado TERMINATED): Auto-backup for 2025-05-10 08:00:00 via policy: Citel_Diario04
2025-05-25 11:03:08,788 - INFO - 
🔍 Processando boot volume: LinuxData019
2025-05-25 11:03:09,115 - INFO - ✅ Backup criado: BootBackup-LinuxData019-BKPAUTCITEL-20250525-1103
2025-05-25 11:03:09,728 - WARNING - ⏳ Backup ignorado (estado TERMINATED): Auto-backup for 2025-05-10 08:00:00 via policy: Citel_Diario04
2025-05-25 11:03:09,729 - INFO - 
🔍 Processando boot volume: LinuxData021
2025-05-25 11:03:09,853 - WARNING - ⚠️ Tentativa 1: Limite de requisições. Aguardando 1s...
2025-05-25 11:03:14,953 - WARNING - ⚠️ Tentativa 2: Limite de requisições. Aguardando 2s...
2025-05-25 11:03:22,025 - WARNING - ⚠️ Tentativa 3: Limite de requisições. Aguardando 4s...
2025-05-25 11:03:28,397 - INFO - ✅ Backup criado: BootBackup-LinuxData021-BKPAUTCITEL-20250525-1103
2025-05-25 11:03:29,034 - WARNING - ⏳ Backup ignorado (estado TERMINATED): Auto-backup for 2025-05-10 08:00:00 via policy: Citel_Diario04
2025-05-25 11:03:29,035 - INFO - 
🔍 Processando boot volume: LinuxData022
2025-05-25 11:03:29,161 - WARNING - ⚠️ Tentativa 1: Limite de requisições. Aguardando 1s...
2025-05-25 11:03:33,852 - WARNING - ⚠️ Tentativa 2: Limite de requisições. Aguardando 2s...
2025-05-25 11:03:39,622 - WARNING - ⚠️ Tentativa 3: Limite de requisições. Aguardando 4s...
2025-05-25 11:03:47,512 - INFO - ✅ Backup criado: BootBackup-LinuxData022-BKPAUTCITEL-20250525-1103
2025-05-25 11:03:48,125 - WARNING - ⏳ Backup ignorado (estado TERMINATED): Auto-backup for 2025-05-10 08:00:00 via policy: Citel_Diario04
2025-05-25 11:03:48,125 - INFO - 
🔍 Processando boot volume: LinuxData024
2025-05-25 11:03:48,252 - WARNING - ⚠️ Tentativa 1: Limite de requisições. Aguardando 1s...
2025-05-25 11:03:51,003 - INFO - ✅ Backup criado: BootBackup-LinuxData024-BKPAUTCITEL-20250525-1103
2025-05-25 11:03:51,615 - WARNING - ⏳ Backup ignorado (estado TERMINATED): Auto-backup for 2025-05-10 08:00:00 via policy: Citel_Diario04
2025-05-25 11:03:51,616 - INFO - 
🔍 Processando boot volume: LinuxData020
2025-05-25 11:03:51,902 - INFO - ✅ Backup criado: BootBackup-LinuxData020-BKPAUTCITEL-20250525-1103
2025-05-25 11:03:52,526 - WARNING - ⏳ Backup ignorado (estado TERMINATED): Auto-backup for 2025-05-10 08:00:00 via policy: Citel_Diario04
2025-05-25 11:03:52,527 - INFO - 
🔍 Processando boot volume: LinuxData026
2025-05-25 11:03:52,651 - WARNING - ⚠️ Tentativa 1: Limite de requisições. Aguardando 1s...
2025-05-25 11:03:55,008 - INFO - ✅ Backup criado: BootBackup-LinuxData026-BKPAUTCITEL-20250525-1103
2025-05-25 11:03:55,643 - WARNING - ⏳ Backup ignorado (estado TERMINATED): Auto-backup for 2025-05-10 08:00:00 via policy: Citel_Diario04
2025-05-25 11:03:55,643 - INFO - 
🔍 Processando boot volume: LinuxData028
2025-05-25 11:03:55,924 - INFO - ✅ Backup criado: BootBackup-LinuxData028-BKPAUTCITEL-20250525-1103
2025-05-25 11:03:56,587 - WARNING - ⏳ Backup ignorado (estado TERMINATED): Auto-backup for 2025-05-10 08:00:00 via policy: Citel_Diario04
2025-05-25 11:03:56,587 - INFO - 
🔍 Processando boot volume: LinuxData030
2025-05-25 11:03:56,712 - WARNING - ⚠️ Tentativa 1: Limite de requisições. Aguardando 1s...
2025-05-25 11:03:59,549 - INFO - ✅ Backup criado: BootBackup-LinuxData030-BKPAUTCITEL-20250525-1103
2025-05-25 11:04:00,161 - WARNING - ⏳ Backup ignorado (estado TERMINATED): Auto-backup for 2025-05-10 08:00:00 via policy: Citel_Diario04
2025-05-25 11:04:00,161 - INFO - 
🔍 Processando boot volume: LinuxData040
2025-05-25 11:04:00,457 - INFO - ✅ Backup criado: BootBackup-LinuxData040-BKPAUTCITEL-20250525-1104
2025-05-25 11:04:01,067 - WARNING - ⏳ Backup ignorado (estado TERMINATED): Auto-backup for 2025-05-10 08:00:00 via policy: Citel_Diario04
2025-05-25 11:04:01,067 - INFO - 
🔍 Processando boot volume: LinuxData065
2025-05-25 11:04:01,191 - WARNING - ⚠️ Tentativa 1: Limite de requisições. Aguardando 1s...
2025-05-25 11:04:04,283 - INFO - ✅ Backup criado: BootBackup-LinuxData065-BKPAUTCITEL-20250525-1104
2025-05-25 11:04:04,956 - WARNING - ⏳ Backup ignorado (estado TERMINATED): Auto-backup for 2025-05-10 08:00:00 via policy: Citel_Diario04
2025-05-25 11:04:04,956 - INFO - 
🔍 Processando boot volume: LinuxData072
2025-05-25 11:04:05,287 - INFO - ✅ Backup criado: BootBackup-LinuxData072-BKPAUTCITEL-20250525-1104
2025-05-25 11:04:05,909 - WARNING - ⏳ Backup ignorado (estado TERMINATED): Auto-backup for 2025-05-10 08:00:00 via policy: Citel_Diario04
2025-05-25 11:04:05,909 - INFO - 
🔍 Processando boot volume: LinuxData001
2025-05-25 11:04:06,034 - WARNING - ⚠️ Tentativa 1: Limite de requisições. Aguardando 1s...
2025-05-25 11:04:10,262 - INFO - ✅ Backup criado: BootBackup-LinuxData001-BKPAUTCITEL-20250525-1104
2025-05-25 11:04:10,899 - WARNING - ⏳ Backup ignorado (estado TERMINATED): Auto-backup for 2025-05-10 08:00:00 via policy: Citel_Diario04
2025-05-25 11:04:10,899 - INFO - 
🔍 Processando boot volume: LinuxData002
2025-05-25 11:04:11,026 - WARNING - ⚠️ Tentativa 1: Limite de requisições. Aguardando 1s...
2025-05-25 11:04:15,864 - INFO - ✅ Backup criado: BootBackup-LinuxData002-BKPAUTCITEL-20250525-1104
2025-05-25 11:04:16,481 - WARNING - ⏳ Backup ignorado (estado TERMINATED): Auto-backup for 2025-05-10 08:00:00 via policy: Citel_Diario04
2025-05-25 11:04:16,481 - INFO - 
🔍 Processando boot volume: LinuxTSPlus20_boot_clone0105
2025-05-25 11:04:16,608 - WARNING - ⚠️ Tentativa 1: Limite de requisições. Aguardando 1s...
2025-05-25 11:04:20,882 - INFO - ✅ Backup criado: BootBackup-LinuxTSPlus20_boot_clone0105-BKPAUTCITEL-20250525-1104
2025-05-25 11:04:21,503 - INFO - 
🔍 Processando boot volume: LinuxData013_clone06052025
2025-05-25 11:04:21,627 - WARNING - ⚠️ Tentativa 1: Limite de requisições. Aguardando 1s...
2025-05-25 11:04:23,287 - WARNING - ⚠️ Tentativa 2: Limite de requisições. Aguardando 2s...
2025-05-25 11:04:29,152 - WARNING - ⚠️ Tentativa 3: Limite de requisições. Aguardando 4s...
2025-05-25 11:04:37,532 - WARNING - ⚠️ Tentativa 4: Limite de requisições. Aguardando 8s...
2025-05-25 11:04:50,033 - WARNING - ⚠️ Tentativa 5: Limite de requisições. Aguardando 16s...
2025-05-25 11:05:09,125 - INFO - 
🔁 Tentando novamente os backups que falharam...
2025-05-25 11:05:09,125 - INFO - 
🔄 Reprocessando: LinuxData050
2025-05-25 11:05:09,425 - INFO - ✅ Backup criado: BootBackup-LinuxData050-BKPAUTCITEL-20250525-1105
2025-05-25 11:05:09,425 - INFO - 
🔄 Reprocessando: LinuxData013_clone06052025
2025-05-25 11:05:10,197 - INFO - ✅ Backup criado: BootBackup-LinuxData013_clone06052025-BKPAUTCITEL-20250525-1105
2025-05-25 11:05:10,198 - INFO - 
✅ Execução concluída com sucesso
