2025-05-25 14:05:49,667 - INFO - 
🔍 Processando block volume: LinuxTSPlus1
2025-05-25 14:05:49,971 - INFO - ✅ Backup criado: BlockBackup-LinuxTSPlus1-BKPAUTCITEL-20250525-1405
2025-05-25 14:05:50,578 - WARNING - ⏳ Backup ignorado (estado TERMINATED): Auto-backup for 2025-05-10 08:00:00 via policy: Citel_Diario07
2025-05-25 14:05:50,578 - INFO - 
🔍 Processando block volume: Banco1LinuxTSPlus2
2025-05-25 14:05:50,871 - INFO - ✅ Backup criado: BlockBackup-Banco1LinuxTSPlus2-BKPAUTCITEL-20250525-1405
2025-05-25 14:05:51,446 - WARNING - ⏳ Backup ignorado (estado TERMINATED): Auto-backup for 2025-05-10 08:00:00 via policy: Citel_Diario07
2025-05-25 14:05:51,447 - INFO - 
🔍 Processando block volume: Banco1LinuxTSPlus4
2025-05-25 14:05:51,737 - INFO - ✅ Backup criado: BlockBackup-Banco1LinuxTSPlus4-BKPAUTCITEL-20250525-1405
2025-05-25 14:05:52,311 - WARNING - ⏳ Backup ignorado (estado TERMINATED): Auto-backup for 2025-05-10 08:00:00 via policy: Citel_Diario07
2025-05-25 14:05:52,311 - INFO - 
🔍 Processando block volume: Banco1LinuxTSPlus20
2025-05-25 14:05:52,436 - WARNING - ⚠️ Tentativa 1: Limite de requisições. Aguardando 5s...
2025-05-25 14:06:01,984 - INFO - ✅ Backup criado: BlockBackup-Banco1LinuxTSPlus20-BKPAUTCITEL-20250525-1405
2025-05-25 14:06:02,574 - WARNING - ⏳ Backup ignorado (estado TERMINATED): Auto-backup for 2025-05-10 08:00:00 via policy: Citel_Diario07
2025-05-25 14:06:02,574 - INFO - 
🔍 Processando block volume: Banco3LinuxTSPlus1
2025-05-25 14:06:02,883 - INFO - ✅ Backup criado: BlockBackup-Banco3LinuxTSPlus1-BKPAUTCITEL-20250525-1406
2025-05-25 14:06:03,452 - WARNING - ⏳ Backup ignorado (estado TERMINATED): Auto-backup for 2025-05-10 08:00:00 via policy: Citel_Diario07
2025-05-25 14:06:03,453 - INFO - 
🔍 Processando block volume: Banco_PalacioFerramentas
2025-05-25 14:06:03,723 - INFO - ✅ Backup criado: BlockBackup-Banco_PalacioFerramentas-BKPAUTCITEL-20250525-1406
2025-05-25 14:06:04,302 - WARNING - ⏳ Backup ignorado (estado TERMINATED): Auto-backup for 2025-05-10 08:00:00 via policy: Citel_Diario07
2025-05-25 14:06:04,302 - INFO - 
🔍 Processando block volume: Banco1LinuxTSPlus25
2025-05-25 14:06:04,427 - WARNING - ⚠️ Tentativa 1: Limite de requisições. Aguardando 5s...
2025-05-25 14:06:14,018 - WARNING - ⚠️ Tentativa 2: Limite de requisições. Aguardando 10s...
2025-05-25 14:06:27,994 - INFO - ✅ Backup criado: BlockBackup-Banco1LinuxTSPlus25-BKPAUTCITEL-20250525-1406
2025-05-25 14:06:28,600 - WARNING - ⏳ Backup ignorado (estado TERMINATED): Auto-backup for 2025-05-10 08:00:00 via policy: Citel_Diario07
2025-05-25 14:06:28,600 - INFO - 
🔍 Processando block volume: Banco1LinuxTSPlus30
2025-05-25 14:06:28,943 - INFO - ✅ Backup criado: BlockBackup-Banco1LinuxTSPlus30-BKPAUTCITEL-20250525-1406
2025-05-25 14:06:29,513 - WARNING - ⏳ Backup ignorado (estado TERMINATED): Auto-backup for 2025-05-10 08:00:00 via policy: Citel_Diario07
2025-05-25 14:06:29,513 - INFO - 
🔍 Processando block volume: Banco5LinuxTSPlus10
2025-05-25 14:06:29,795 - INFO - ✅ Backup criado: BlockBackup-Banco5LinuxTSPlus10-BKPAUTCITEL-20250525-1406
2025-05-25 14:06:30,374 - INFO - 
🔍 Processando block volume: Banco2LinuxTSPlus20
2025-05-25 14:06:30,639 - INFO - ✅ Backup criado: BlockBackup-Banco2LinuxTSPlus20-BKPAUTCITEL-20250525-1406
2025-05-25 14:06:31,219 - WARNING - ⏳ Backup ignorado (estado TERMINATED): Auto-backup for 2025-05-10 08:00:00 via policy: Citel_Diario07
2025-05-25 14:06:31,219 - INFO - 
🔍 Processando block volume: Banco2BR24
2025-05-25 14:06:31,553 - INFO - ✅ Backup criado: BlockBackup-Banco2BR24-BKPAUTCITEL-20250525-1406
2025-05-25 14:06:32,118 - WARNING - ⏳ Backup ignorado (estado TERMINATED): Auto-backup for 2025-05-10 08:00:00 via policy: Citel_Diario07
2025-05-25 14:06:32,118 - INFO - 
🔍 Processando block volume: LinuxDataBelaTintas
2025-05-25 14:06:32,380 - INFO - ✅ Backup criado: BlockBackup-LinuxDataBelaTintas-BKPAUTCITEL-20250525-1406
2025-05-25 14:06:32,989 - WARNING - ⏳ Backup ignorado (estado TERMINATED): Auto-backup for 2025-05-10 08:00:00 via policy: Citel_Diario07
2025-05-25 14:06:32,989 - INFO - 
🔍 Processando block volume: Bancos2_BR02
2025-05-25 14:06:33,115 - WARNING - ⚠️ Tentativa 1: Limite de requisições. Aguardando 5s...
2025-05-25 14:06:41,352 - INFO - ✅ Backup criado: BlockBackup-Bancos2_BR02-BKPAUTCITEL-20250525-1406
2025-05-25 14:06:41,925 - WARNING - ⏳ Backup ignorado (estado TERMINATED): Auto-backup for 2025-05-10 08:00:00 via policy: Citel_Diario07
2025-05-25 14:06:41,926 - INFO - 
🔍 Processando block volume: Bancos4_BR01
2025-05-25 14:06:42,210 - INFO - ✅ Backup criado: BlockBackup-Bancos4_BR01-BKPAUTCITEL-20250525-1406
2025-05-25 14:06:42,782 - WARNING - ⏳ Backup ignorado (estado TERMINATED): Auto-backup for 2025-05-10 08:00:00 via policy: Citel_Diario07
2025-05-25 14:06:42,782 - INFO - 
🔍 Processando block volume: BKO Palacio TKT 651385
2025-05-25 14:06:42,907 - WARNING - ⚠️ Tentativa 1: Limite de requisições. Aguardando 5s...
2025-05-25 14:06:53,254 - WARNING - ⚠️ Tentativa 2: Limite de requisições. Aguardando 10s...
2025-05-25 14:07:04,539 - INFO - ✅ Backup criado: BlockBackup-BKO Palacio TKT 651385-BKPAUTCITEL-20250525-1406
2025-05-25 14:07:05,108 - WARNING - ⏳ Backup ignorado (estado TERMINATED): Auto-backup for 2025-05-10 08:00:00 via policy: Citel_Diario04
2025-05-25 14:07:05,108 - INFO - 
🔍 Processando block volume: Bancos3_BR25
2025-05-25 14:07:05,400 - INFO - ✅ Backup criado: BlockBackup-Bancos3_BR25-BKPAUTCITEL-20250525-1407
2025-05-25 14:07:05,971 - WARNING - ⏳ Backup ignorado (estado TERMINATED): Auto-backup for 2025-05-10 08:00:00 via policy: Citel_Diario07
2025-05-25 14:07:05,972 - INFO - 
🔍 Processando block volume: GeB
2025-05-25 14:07:06,098 - WARNING - ⚠️ Tentativa 1: Limite de requisições. Aguardando 5s...
2025-05-25 14:07:15,969 - WARNING - ⚠️ Tentativa 2: Limite de requisições. Aguardando 10s...
2025-05-25 14:07:30,354 - INFO - ✅ Backup criado: BlockBackup-GeB-BKPAUTCITEL-20250525-1407
2025-05-25 14:07:30,932 - WARNING - ⏳ Backup ignorado (estado TERMINATED): Auto-backup for 2025-05-10 08:00:00 via policy: Citel_Diario07
2025-05-25 14:07:30,933 - INFO - 
🔍 Processando block volume: Banco3_BR20
2025-05-25 14:07:31,396 - INFO - ✅ Backup criado: BlockBackup-Banco3_BR20-BKPAUTCITEL-20250525-1407
2025-05-25 14:07:31,992 - WARNING - ⏳ Backup ignorado (estado TERMINATED): Auto-backup for 2025-05-10 08:00:00 via policy: Citel_Diario07
2025-05-25 14:07:31,992 - INFO - 
🔍 Processando block volume: Banco_Darka
2025-05-25 14:07:32,290 - INFO - ✅ Backup criado: BlockBackup-Banco_Darka-BKPAUTCITEL-20250525-1407
2025-05-25 14:07:32,870 - WARNING - ⏳ Backup ignorado (estado TERMINATED): Auto-backup for 2025-05-10 08:00:00 via policy: Citel_Diario07
2025-05-25 14:07:32,870 - INFO - 
🔍 Processando block volume: Banco4LinuxTSPlus20
2025-05-25 14:07:33,204 - INFO - ✅ Backup criado: BlockBackup-Banco4LinuxTSPlus20-BKPAUTCITEL-20250525-1407
2025-05-25 14:07:33,791 - WARNING - ⏳ Backup ignorado (estado TERMINATED): Auto-backup for 2025-05-10 08:00:00 via policy: Citel_Diario07
2025-05-25 14:07:33,791 - INFO - 
🔍 Processando block volume: BackupGeB
2025-05-25 14:07:34,070 - INFO - ✅ Backup criado: BlockBackup-BackupGeB-BKPAUTCITEL-20250525-1407
2025-05-25 14:07:34,650 - WARNING - ⏳ Backup ignorado (estado TERMINATED): Auto-backup for 2025-05-10 08:00:00 via policy: Citel_Diario07
2025-05-25 14:07:34,650 - INFO - 
🔍 Processando block volume: BancoGeB
2025-05-25 14:07:34,957 - INFO - ✅ Backup criado: BlockBackup-BancoGeB-BKPAUTCITEL-20250525-1407
2025-05-25 14:07:35,533 - WARNING - ⏳ Backup ignorado (estado TERMINATED): Auto-backup for 2025-05-10 08:00:00 via policy: Citel_Diario07
2025-05-25 14:07:35,534 - INFO - 
🔍 Processando block volume: Bancos5_BR1
2025-05-25 14:07:35,959 - INFO - ✅ Backup criado: BlockBackup-Bancos5_BR1-BKPAUTCITEL-20250525-1407
2025-05-25 14:07:36,529 - WARNING - ⏳ Backup ignorado (estado TERMINATED): Auto-backup for 2025-05-10 08:00:00 via policy: Citel_Diario07
2025-05-25 14:07:36,529 - INFO - 
🔍 Processando block volume: BackupCoresVivas TKT 902822
2025-05-25 14:07:36,811 - INFO - ✅ Backup criado: BlockBackup-BackupCoresVivas TKT 902822-BKPAUTCITEL-20250525-1407
2025-05-25 14:07:37,384 - WARNING - ⏳ Backup ignorado (estado TERMINATED): Auto-backup for 2025-05-10 08:00:00 via policy: Citel_Diario07
2025-05-25 14:07:37,384 - INFO - 
🔍 Processando block volume: bkpBoomerVinicius
2025-05-25 14:07:37,662 - INFO - ✅ Backup criado: BlockBackup-bkpBoomerVinicius-BKPAUTCITEL-20250525-1407
2025-05-25 14:07:38,224 - WARNING - ⏳ Backup ignorado (estado TERMINATED): Auto-backup for 2025-05-10 08:00:00 via policy: Citel_Diario07
2025-05-25 14:07:38,226 - INFO - 
🔍 Processando block volume: GeB2
2025-05-25 14:07:38,533 - INFO - ✅ Backup criado: BlockBackup-GeB2-BKPAUTCITEL-20250525-1407
2025-05-25 14:07:39,115 - WARNING - ⏳ Backup ignorado (estado TERMINATED): Auto-backup for 2025-05-10 08:00:00 via policy: Citel_Diario07
2025-05-25 14:07:39,115 - INFO - 
🔍 Processando block volume: bkpParque1014464
2025-05-25 14:07:39,407 - INFO - ✅ Backup criado: BlockBackup-bkpParque1014464-BKPAUTCITEL-20250525-1407
2025-05-25 14:07:39,975 - WARNING - ⏳ Backup ignorado (estado TERMINATED): Auto-backup for 2025-05-10 08:00:00 via policy: Citel_Diario07
2025-05-25 14:07:39,975 - INFO - 
🔍 Processando block volume: bkpPedrao1020442
2025-05-25 14:07:40,104 - WARNING - ⚠️ Tentativa 1: Limite de requisições. Aguardando 5s...
2025-05-25 14:07:48,490 - INFO - ✅ Backup criado: BlockBackup-bkpPedrao1020442-BKPAUTCITEL-20250525-1407
2025-05-25 14:07:48,689 - WARNING - ⏳ Backup ignorado (estado TERMINATED): Auto-backup for 2025-05-10 08:00:00 via policy: Citel_Diario07
2025-05-25 14:07:48,690 - INFO - 
🔍 Processando block volume: Backup_BR34_1031161
2025-05-25 14:07:48,971 - INFO - ✅ Backup criado: BlockBackup-Backup_BR34_1031161-BKPAUTCITEL-20250525-1407
2025-05-25 14:07:49,550 - WARNING - ⏳ Backup ignorado (estado TERMINATED): Auto-backup for 2025-05-10 08:00:00 via policy: Citel_Diario07
2025-05-25 14:07:49,550 - INFO - 
🔍 Processando block volume: GeB BancoTeste tkt 1048932
2025-05-25 14:07:49,675 - WARNING - ⚠️ Tentativa 1: Limite de requisições. Aguardando 5s...
2025-05-25 14:07:57,516 - WARNING - ⚠️ Tentativa 2: Limite de requisições. Aguardando 10s...
2025-05-25 14:08:08,495 - WARNING - ⚠️ Tentativa 3: Limite de requisições. Aguardando 20s...
2025-05-25 14:08:30,692 - WARNING - ⚠️ Tentativa 4: Limite de requisições. Aguardando 40s...
2025-05-25 14:09:16,192 - INFO - ✅ Backup criado: BlockBackup-GeB BancoTeste tkt 1048932-BKPAUTCITEL-20250525-1407
2025-05-25 14:09:16,757 - WARNING - ⏳ Backup ignorado (estado TERMINATED): Auto-backup for 2025-05-10 08:00:00 via policy: Citel_Diario07
2025-05-25 14:09:16,758 - INFO - 
🔍 Processando block volume: Banco1LinuxTSPlus11_clone2904
2025-05-25 14:09:16,882 - WARNING - ⚠️ Tentativa 1: Limite de requisições. Aguardando 5s...
2025-05-25 14:09:25,838 - INFO - ✅ Backup criado: BlockBackup-Banco1LinuxTSPlus11_clone2904-BKPAUTCITEL-20250525-1409
2025-05-25 14:09:26,405 - WARNING - ⏳ Backup ignorado (estado TERMINATED): Auto-backup for 2025-05-10 08:00:00 via policy: Citel_Diario07
2025-05-25 14:09:26,406 - INFO - 
🔍 Processando block volume: LinuxTSPlus11_BancoPRODJRPais_clone2904
2025-05-25 14:09:26,695 - INFO - ✅ Backup criado: BlockBackup-LinuxTSPlus11_BancoPRODJRPais_clone2904-BKPAUTCITEL-20250525-1409
2025-05-25 14:09:27,289 - WARNING - ⏳ Backup ignorado (estado TERMINATED): Auto-backup for 2025-05-10 08:00:00 via policy: Citel_Diario07
2025-05-25 14:09:27,290 - INFO - 
🔍 Processando block volume: LinuxTSPlus30_Banco1LinuxTSPlus30_clone2904
2025-05-25 14:09:27,578 - INFO - ✅ Backup criado: BlockBackup-LinuxTSPlus30_Banco1LinuxTSPlus30_clone2904-BKPAUTCITEL-20250525-1409
2025-05-25 14:09:28,141 - WARNING - ⏳ Backup ignorado (estado TERMINATED): Auto-backup for 2025-05-10 08:00:00 via policy: Citel_Diario07
2025-05-25 14:09:28,141 - INFO - 
🔍 Processando block volume: Banco-1-LinuxData012
2025-05-25 14:09:28,404 - INFO - ✅ Backup criado: BlockBackup-Banco-1-LinuxData012-BKPAUTCITEL-20250525-1409
2025-05-25 14:09:28,978 - WARNING - ⏳ Backup ignorado (estado TERMINATED): Auto-backup for 2025-05-10 08:00:00 via policy: Citel_Diario07
2025-05-25 14:09:28,979 - INFO - 
🔍 Processando block volume: Banco2-LinuxData012
2025-05-25 14:09:29,277 - INFO - ✅ Backup criado: BlockBackup-Banco2-LinuxData012-BKPAUTCITEL-20250525-1409
2025-05-25 14:09:29,839 - WARNING - ⏳ Backup ignorado (estado TERMINATED): Auto-backup for 2025-05-10 08:00:00 via policy: Citel_Diario07
2025-05-25 14:09:29,840 - INFO - 
🔍 Processando block volume: Banco3-LinuxData012
2025-05-25 14:09:30,301 - INFO - ✅ Backup criado: BlockBackup-Banco3-LinuxData012-BKPAUTCITEL-20250525-1409
2025-05-25 14:09:30,863 - WARNING - ⏳ Backup ignorado (estado TERMINATED): Auto-backup for 2025-05-10 08:00:00 via policy: Citel_Diario07
2025-05-25 14:09:30,863 - INFO - 
🔍 Processando block volume: LinuxTSPlus55_Banco1BR55_clone2904
2025-05-25 14:09:31,123 - INFO - ✅ Backup criado: BlockBackup-LinuxTSPlus55_Banco1BR55_clone2904-BKPAUTCITEL-20250525-1409
2025-05-25 14:09:31,691 - WARNING - ⏳ Backup ignorado (estado TERMINATED): Auto-backup for 2025-05-10 08:00:00 via policy: Citel_Diario07
2025-05-25 14:09:31,692 - INFO - 
🔍 Processando block volume: LinuxTSPlus55_Banco3BR55_clone2904
2025-05-25 14:09:32,028 - INFO - ✅ Backup criado: BlockBackup-LinuxTSPlus55_Banco3BR55_clone2904-BKPAUTCITEL-20250525-1409
2025-05-25 14:09:32,602 - WARNING - ⏳ Backup ignorado (estado TERMINATED): Auto-backup for 2025-05-10 08:00:00 via policy: Citel_Diario07
2025-05-25 14:09:32,602 - INFO - 
🔍 Processando block volume: LinuxTSPlus65_Banco1LinuxTSPLUS65_clone2904
2025-05-25 14:09:32,728 - WARNING - ⚠️ Tentativa 1: Limite de requisições. Aguardando 5s...
2025-05-25 14:09:41,313 - INFO - ✅ Backup criado: BlockBackup-LinuxTSPlus65_Banco1LinuxTSPLUS65_clone2904-BKPAUTCITEL-20250525-1409
2025-05-25 14:09:41,894 - WARNING - ⏳ Backup ignorado (estado TERMINATED): Auto-backup for 2025-05-10 08:00:00 via policy: Citel_Diario07
2025-05-25 14:09:41,894 - INFO - 
🔍 Processando block volume: LinuxTSPlus65_Banco2LinuxTSPLUS65_clone2904
2025-05-25 14:09:42,020 - WARNING - ⚠️ Tentativa 1: Limite de requisições. Aguardando 5s...
2025-05-25 14:09:52,654 - INFO - ✅ Backup criado: BlockBackup-LinuxTSPlus65_Banco2LinuxTSPLUS65_clone2904-BKPAUTCITEL-20250525-1409
2025-05-25 14:09:53,253 - WARNING - ⏳ Backup ignorado (estado TERMINATED): Auto-backup for 2025-05-10 08:00:00 via policy: Citel_Diario07
2025-05-25 14:09:53,253 - INFO - 
🔍 Processando block volume: LinuxTSPlus65_Banco3LinuxTSPLUS65_clone2904
2025-05-25 14:09:53,378 - WARNING - ⚠️ Tentativa 1: Limite de requisições. Aguardando 5s...
2025-05-25 14:09:58,882 - WARNING - ⚠️ Tentativa 2: Limite de requisições. Aguardando 10s...
2025-05-25 14:10:10,793 - INFO - ✅ Backup criado: BlockBackup-LinuxTSPlus65_Banco3LinuxTSPLUS65_clone2904-BKPAUTCITEL-20250525-1409
2025-05-25 14:10:11,369 - WARNING - ⏳ Backup ignorado (estado TERMINATED): Auto-backup for 2025-05-10 08:00:00 via policy: Citel_Diario07
2025-05-25 14:10:11,370 - INFO - 
🔍 Processando block volume: LinuxTSPlus65_BinariosLinuxTSPLUS65_clone2904
2025-05-25 14:10:11,494 - WARNING - ⚠️ Tentativa 1: Limite de requisições. Aguardando 5s...
2025-05-25 14:10:17,659 - INFO - ✅ Backup criado: BlockBackup-LinuxTSPlus65_BinariosLinuxTSPLUS65_clone2904-BKPAUTCITEL-20250525-1410
2025-05-25 14:10:18,277 - WARNING - ⏳ Backup ignorado (estado TERMINATED): Auto-backup for 2025-05-10 08:00:00 via policy: Citel_Diario07
2025-05-25 14:10:18,277 - INFO - 
🔍 Processando block volume: LinuxTSPlus28_Banco2LinuxTSPlus28_clone2904
2025-05-25 14:10:18,402 - WARNING - ⚠️ Tentativa 1: Limite de requisições. Aguardando 5s...
2025-05-25 14:10:26,233 - WARNING - ⚠️ Tentativa 2: Limite de requisições. Aguardando 10s...
2025-05-25 14:10:40,534 - WARNING - ⚠️ Tentativa 3: Limite de requisições. Aguardando 20s...
2025-05-25 14:11:03,300 - INFO - ✅ Backup criado: BlockBackup-LinuxTSPlus28_Banco2LinuxTSPlus28_clone2904-BKPAUTCITEL-20250525-1410
2025-05-25 14:11:03,908 - WARNING - ⏳ Backup ignorado (estado TERMINATED): Auto-backup for 2025-05-10 08:00:00 via policy: Citel_Diario07
2025-05-25 14:11:03,908 - INFO - 
🔍 Processando block volume: LinuxTSPlus28_bancos3_BR28_clone2904
2025-05-25 14:11:04,213 - INFO - ✅ Backup criado: BlockBackup-LinuxTSPlus28_bancos3_BR28_clone2904-BKPAUTCITEL-20250525-1411
2025-05-25 14:11:04,793 - WARNING - ⏳ Backup ignorado (estado TERMINATED): Auto-backup for 2025-05-10 08:00:00 via policy: Citel_Diario07
2025-05-25 14:11:04,794 - INFO - 
🔍 Processando block volume: LinuxTSPlus29_Banco1LinuxTSPlus29_clone2904
2025-05-25 14:11:04,919 - WARNING - ⚠️ Tentativa 1: Limite de requisições. Aguardando 5s...
2025-05-25 14:11:13,988 - INFO - ✅ Backup criado: BlockBackup-LinuxTSPlus29_Banco1LinuxTSPlus29_clone2904-BKPAUTCITEL-20250525-1411
2025-05-25 14:11:14,568 - WARNING - ⏳ Backup ignorado (estado TERMINATED): Auto-backup for 2025-05-10 08:00:00 via policy: Citel_Diario07
2025-05-25 14:11:14,569 - INFO - 
🔍 Processando block volume: LinuxTSPlus29_Bancos2_BR29_clone2904
2025-05-25 14:11:14,871 - INFO - ✅ Backup criado: BlockBackup-LinuxTSPlus29_Bancos2_BR29_clone2904-BKPAUTCITEL-20250525-1411
2025-05-25 14:11:15,436 - WARNING - ⏳ Backup ignorado (estado TERMINATED): Auto-backup for 2025-05-10 08:00:00 via policy: Citel_Diario07
2025-05-25 14:11:15,436 - INFO - 
🔍 Processando block volume: LinuxTSPlus29_Bancos3_BR29_clone2904
2025-05-25 14:11:15,773 - INFO - ✅ Backup criado: BlockBackup-LinuxTSPlus29_Bancos3_BR29_clone2904-BKPAUTCITEL-20250525-1411
2025-05-25 14:11:16,375 - WARNING - ⏳ Backup ignorado (estado TERMINATED): Auto-backup for 2025-05-10 08:00:00 via policy: Citel_Diario07
2025-05-25 14:11:16,376 - INFO - 
🔍 Processando block volume: LinuxTSPlus72_Banco2BR_72_clone2904
2025-05-25 14:11:16,668 - INFO - ✅ Backup criado: BlockBackup-LinuxTSPlus72_Banco2BR_72_clone2904-BKPAUTCITEL-20250525-1411
2025-05-25 14:11:17,307 - WARNING - ⏳ Backup ignorado (estado TERMINATED): Auto-backup for 2025-05-10 08:00:00 via policy: Citel_Diario07
2025-05-25 14:11:17,308 - INFO - 
🔍 Processando block volume: LinuxTSPlus72_BancoBR_clone2904
2025-05-25 14:11:17,433 - WARNING - ⚠️ Tentativa 1: Limite de requisições. Aguardando 5s...
2025-05-25 14:11:24,296 - INFO - ✅ Backup criado: BlockBackup-LinuxTSPlus72_BancoBR_clone2904-BKPAUTCITEL-20250525-1411
2025-05-25 14:11:24,864 - WARNING - ⏳ Backup ignorado (estado TERMINATED): Auto-backup for 2025-05-10 08:00:00 via policy: Citel_Diario07
2025-05-25 14:11:24,865 - INFO - 
🔍 Processando block volume: LinuxTSPlus43_Banco1LinuxTSPLUS43_clone2904
2025-05-25 14:11:25,145 - INFO - ✅ Backup criado: BlockBackup-LinuxTSPlus43_Banco1LinuxTSPLUS43_clone2904-BKPAUTCITEL-20250525-1411
2025-05-25 14:11:25,745 - WARNING - ⏳ Backup ignorado (estado TERMINATED): Auto-backup for 2025-05-10 08:00:00 via policy: Citel_Diario07
2025-05-25 14:11:25,746 - INFO - 
🔍 Processando block volume: LinuxTSPlus43_HD4-LinuxDBA_clone2904
2025-05-25 14:11:26,110 - INFO - ✅ Backup criado: BlockBackup-LinuxTSPlus43_HD4-LinuxDBA_clone2904-BKPAUTCITEL-20250525-1411
2025-05-25 14:11:26,682 - WARNING - ⏳ Backup ignorado (estado TERMINATED): Auto-backup for 2025-05-10 08:00:00 via policy: Citel_Diario07
2025-05-25 14:11:26,683 - INFO - 
🔍 Processando block volume: LinuxTSPlus50_Banco1LinuxTSPlus50_clone2904
2025-05-25 14:11:26,973 - INFO - ✅ Backup criado: BlockBackup-LinuxTSPlus50_Banco1LinuxTSPlus50_clone2904-BKPAUTCITEL-20250525-1411
2025-05-25 14:11:27,554 - WARNING - ⏳ Backup ignorado (estado TERMINATED): Auto-backup for 2025-05-10 08:00:00 via policy: Citel_Diario07
2025-05-25 14:11:27,555 - INFO - 
🔍 Processando block volume: LinuxTSPlus37_Banco1LinuxTSPLUS37_clone2904
2025-05-25 14:11:27,880 - INFO - ✅ Backup criado: BlockBackup-LinuxTSPlus37_Banco1LinuxTSPLUS37_clone2904-BKPAUTCITEL-20250525-1411
2025-05-25 14:11:28,449 - WARNING - ⏳ Backup ignorado (estado TERMINATED): Auto-backup for 2025-05-10 08:00:00 via policy: Citel_Diario07
2025-05-25 14:11:28,449 - INFO - 
🔍 Processando block volume: LinuxTSPlus37_Banco2LinuxTSPLUS37_clone2904
2025-05-25 14:11:28,574 - WARNING - ⚠️ Tentativa 1: Limite de requisições. Aguardando 5s...
2025-05-25 14:11:37,376 - INFO - ✅ Backup criado: BlockBackup-LinuxTSPlus37_Banco2LinuxTSPLUS37_clone2904-BKPAUTCITEL-20250525-1411
2025-05-25 14:11:37,983 - WARNING - ⏳ Backup ignorado (estado TERMINATED): Auto-backup for 2025-05-10 08:00:00 via policy: Citel_Diario07
2025-05-25 14:11:37,984 - INFO - 
🔍 Processando block volume: LinuxTSPlus40_Banco1
2025-05-25 14:11:38,326 - INFO - ✅ Backup criado: BlockBackup-LinuxTSPlus40_Banco1-BKPAUTCITEL-20250525-1411
2025-05-25 14:11:38,903 - WARNING - ⏳ Backup ignorado (estado TERMINATED): Auto-backup for 2025-05-10 08:00:00 via policy: Citel_Diario07
2025-05-25 14:11:38,903 - INFO - 
🔍 Processando block volume: LinuxTSPlus32_Banco1LinuxTSPLUS32_clone2904
2025-05-25 14:11:39,207 - INFO - ✅ Backup criado: BlockBackup-LinuxTSPlus32_Banco1LinuxTSPLUS32_clone2904-BKPAUTCITEL-20250525-1411
2025-05-25 14:11:39,803 - WARNING - ⏳ Backup ignorado (estado TERMINATED): Auto-backup for 2025-05-10 08:00:00 via policy: Citel_Diario07
2025-05-25 14:11:39,803 - INFO - 
🔍 Processando block volume: LinuxTSPlus32_Banco2LinuxTSPLUS32_clone2904
2025-05-25 14:11:40,081 - INFO - ✅ Backup criado: BlockBackup-LinuxTSPlus32_Banco2LinuxTSPLUS32_clone2904-BKPAUTCITEL-20250525-1411
2025-05-25 14:11:40,649 - WARNING - ⏳ Backup ignorado (estado TERMINATED): Auto-backup for 2025-05-10 08:00:00 via policy: Citel_Diario07
2025-05-25 14:11:40,649 - INFO - 
🔍 Processando block volume: Banco2-LinuxData013
2025-05-25 14:11:40,775 - WARNING - ⚠️ Tentativa 1: Limite de requisições. Aguardando 5s...
2025-05-25 14:11:46,905 - INFO - ✅ Backup criado: BlockBackup-Banco2-LinuxData013-BKPAUTCITEL-20250525-1411
2025-05-25 14:11:47,479 - WARNING - ⏳ Backup ignorado (estado TERMINATED): Auto-backup for 2025-05-10 08:00:00 via policy: Citel_Diario07
2025-05-25 14:11:47,479 - INFO - 
🔍 Processando block volume: Banco3-LinuxData013
2025-05-25 14:11:47,782 - INFO - ✅ Backup criado: BlockBackup-Banco3-LinuxData013-BKPAUTCITEL-20250525-1411
2025-05-25 14:11:48,367 - WARNING - ⏳ Backup ignorado (estado TERMINATED): Auto-backup for 2025-05-10 08:00:00 via policy: Citel_Diario07
2025-05-25 14:11:48,367 - INFO - 
🔍 Processando block volume: Banco1-LinuxData013
2025-05-25 14:11:48,672 - INFO - ✅ Backup criado: BlockBackup-Banco1-LinuxData013-BKPAUTCITEL-20250525-1411
2025-05-25 14:11:49,241 - WARNING - ⏳ Backup ignorado (estado TERMINATED): Auto-backup for 2025-05-10 08:00:00 via policy: Citel_Diario07
2025-05-25 14:11:49,241 - INFO - 
🔍 Processando block volume: LinuxTSPlus14_BackupCoresVivas TKT 902822_clone2904
2025-05-25 14:11:49,366 - WARNING - ⚠️ Tentativa 1: Limite de requisições. Aguardando 5s...
2025-05-25 14:11:56,617 - WARNING - ⚠️ Tentativa 2: Limite de requisições. Aguardando 10s...
2025-05-25 14:12:10,593 - INFO - ✅ Backup criado: BlockBackup-LinuxTSPlus14_BackupCoresVivas TKT 902822_clone2904-BKPAUTCITEL-20250525-1411
2025-05-25 14:12:11,200 - WARNING - ⏳ Backup ignorado (estado TERMINATED): Auto-backup for 2025-05-10 08:00:00 via policy: Citel_Diario07
2025-05-25 14:12:11,201 - INFO - 
🔍 Processando block volume: LinuxTSPlus14_Banco2LinuxTSPlus14_clone2904
2025-05-25 14:12:11,501 - INFO - ✅ Backup criado: BlockBackup-LinuxTSPlus14_Banco2LinuxTSPlus14_clone2904-BKPAUTCITEL-20250525-1412
2025-05-25 14:12:12,072 - WARNING - ⏳ Backup ignorado (estado TERMINATED): Auto-backup for 2025-05-10 08:00:00 via policy: Citel_Diario07
2025-05-25 14:12:12,073 - INFO - 
🔍 Processando block volume: LinuxTSPlus9-Banco1LinuxTSPlus9-clone2904
2025-05-25 14:12:12,199 - WARNING - ⚠️ Tentativa 1: Limite de requisições. Aguardando 5s...
2025-05-25 14:12:18,561 - WARNING - ⚠️ Tentativa 2: Limite de requisições. Aguardando 10s...
2025-05-25 14:12:29,862 - INFO - ✅ Backup criado: BlockBackup-LinuxTSPlus9-Banco1LinuxTSPlus9-clone2904-BKPAUTCITEL-20250525-1412
2025-05-25 14:12:30,438 - WARNING - ⏳ Backup ignorado (estado TERMINATED): Auto-backup for 2025-05-10 08:00:00 via policy: Citel_Diario07
2025-05-25 14:12:30,439 - INFO - 
🔍 Processando block volume: LinuxTSPlus9-Banco3LinuxTSPlus9-clone2904
2025-05-25 14:12:30,564 - WARNING - ⚠️ Tentativa 1: Limite de requisições. Aguardando 5s...
2025-05-25 14:12:40,366 - INFO - ✅ Backup criado: BlockBackup-LinuxTSPlus9-Banco3LinuxTSPlus9-clone2904-BKPAUTCITEL-20250525-1412
2025-05-25 14:12:40,956 - WARNING - ⏳ Backup ignorado (estado TERMINATED): Auto-backup for 2025-05-10 08:00:00 via policy: Citel_Diario07
2025-05-25 14:12:40,956 - INFO - 
🔍 Processando block volume: LinuxTSPlus14_BancoUbertintasTSPlus14_clone2904
2025-05-25 14:12:41,241 - INFO - ✅ Backup criado: BlockBackup-LinuxTSPlus14_BancoUbertintasTSPlus14_clone2904-BKPAUTCITEL-20250525-1412
2025-05-25 14:12:41,816 - WARNING - ⏳ Backup ignorado (estado TERMINATED): Auto-backup for 2025-05-10 08:00:00 via policy: Citel_Diario07
2025-05-25 14:12:41,816 - INFO - 
🔍 Processando block volume: LinuxTSPlus9-Bancos4_BR9-clone2904
2025-05-25 14:12:42,091 - INFO - ✅ Backup criado: BlockBackup-LinuxTSPlus9-Bancos4_BR9-clone2904-BKPAUTCITEL-20250525-1412
2025-05-25 14:12:42,699 - WARNING - ⏳ Backup ignorado (estado TERMINATED): Auto-backup for 2025-05-10 08:00:00 via policy: Citel_Diario07
2025-05-25 14:12:42,699 - INFO - 
🔍 Processando block volume: LinuxTSPlus8-Banco1LinuxTSPlus8-clone2904
2025-05-25 14:12:43,032 - INFO - ✅ Backup criado: BlockBackup-LinuxTSPlus8-Banco1LinuxTSPlus8-clone2904-BKPAUTCITEL-20250525-1412
2025-05-25 14:12:43,606 - WARNING - ⏳ Backup ignorado (estado TERMINATED): Auto-backup for 2025-05-10 08:00:00 via policy: Citel_Diario07
2025-05-25 14:12:43,607 - INFO - 
🔍 Processando block volume: LinuxTSPlus8-Banco3LinuxTSPlus8-clone2904
2025-05-25 14:12:43,902 - INFO - ✅ Backup criado: BlockBackup-LinuxTSPlus8-Banco3LinuxTSPlus8-clone2904-BKPAUTCITEL-20250525-1412
2025-05-25 14:12:44,481 - WARNING - ⏳ Backup ignorado (estado TERMINATED): Auto-backup for 2025-05-10 08:00:00 via policy: Citel_Diario07
2025-05-25 14:12:44,482 - INFO - 
🔍 Processando block volume: LinuxTSPlus16_Banco1LinuxTSPlus16_clone2904
2025-05-25 14:12:44,805 - INFO - ✅ Backup criado: BlockBackup-LinuxTSPlus16_Banco1LinuxTSPlus16_clone2904-BKPAUTCITEL-20250525-1412
2025-05-25 14:12:45,492 - INFO - 
🔍 Processando block volume: LinuxTSPlus16_Banco2LinuxTSPlus16_clone2904
2025-05-25 14:12:45,769 - INFO - ✅ Backup criado: BlockBackup-LinuxTSPlus16_Banco2LinuxTSPlus16_clone2904-BKPAUTCITEL-20250525-1412
2025-05-25 14:12:46,320 - INFO - 
🔍 Processando block volume: LinuxTSPlus7-Banco2LinuxTSPlus7-block-clone2904
2025-05-25 14:12:46,446 - WARNING - ⚠️ Tentativa 1: Limite de requisições. Aguardando 5s...
2025-05-25 14:12:51,996 - WARNING - ⚠️ Tentativa 2: Limite de requisições. Aguardando 10s...
2025-05-25 14:13:02,997 - INFO - ✅ Backup criado: BlockBackup-LinuxTSPlus7-Banco2LinuxTSPlus7-block-clone2904-BKPAUTCITEL-20250525-1412
2025-05-25 14:13:03,576 - INFO - 
🔍 Processando block volume: LinuxTSPlus7-Banco3LinuxTSPlus7-block-clone2904
2025-05-25 14:13:03,714 - WARNING - ⚠️ Tentativa 1: Limite de requisições. Aguardando 5s...
2025-05-25 14:13:11,664 - INFO - ✅ Backup criado: BlockBackup-LinuxTSPlus7-Banco3LinuxTSPlus7-block-clone2904-BKPAUTCITEL-20250525-1413
2025-05-25 14:13:12,228 - INFO - 
🔍 Processando block volume: LinuxTSPlus7-Banco3_BR7-block-clone2904
2025-05-25 14:13:12,550 - INFO - ✅ Backup criado: BlockBackup-LinuxTSPlus7-Banco3_BR7-block-clone2904-BKPAUTCITEL-20250525-1413
2025-05-25 14:13:13,129 - INFO - 
🔍 Processando block volume: LinuxTSPlus17_Banco2LinuxTSPlus17_clone2904
2025-05-25 14:13:13,254 - WARNING - ⚠️ Tentativa 1: Limite de requisições. Aguardando 5s...
2025-05-25 14:13:21,910 - INFO - ✅ Backup criado: BlockBackup-LinuxTSPlus17_Banco2LinuxTSPlus17_clone2904-BKPAUTCITEL-20250525-1413
2025-05-25 14:13:22,483 - INFO - 
🔍 Processando block volume: LinuxTSPlus17_BancoPRODBelaTintas_clone2904
2025-05-25 14:13:22,608 - WARNING - ⚠️ Tentativa 1: Limite de requisições. Aguardando 5s...
2025-05-25 14:13:29,767 - INFO - ✅ Backup criado: BlockBackup-LinuxTSPlus17_BancoPRODBelaTintas_clone2904-BKPAUTCITEL-20250525-1413
2025-05-25 14:13:30,369 - INFO - 
🔍 Processando block volume: LinuxTSPlus17_HD5-LinuxDBAs_clone2904
2025-05-25 14:13:30,691 - INFO - ✅ Backup criado: BlockBackup-LinuxTSPlus17_HD5-LinuxDBAs_clone2904-BKPAUTCITEL-20250525-1413
2025-05-25 14:13:31,249 - INFO - 
🔍 Processando block volume: LinuxTSPlus6-Banco3LinuxTSPlus6-block-clone2904
2025-05-25 14:13:31,374 - WARNING - ⚠️ Tentativa 1: Limite de requisições. Aguardando 5s...
2025-05-25 14:13:39,845 - INFO - ✅ Backup criado: BlockBackup-LinuxTSPlus6-Banco3LinuxTSPlus6-block-clone2904-BKPAUTCITEL-20250525-1413
2025-05-25 14:13:40,423 - INFO - 
🔍 Processando block volume: LinuxTSPlus6-Banco4LinuxTSPlus6-block-clone2904
2025-05-25 14:13:40,549 - WARNING - ⚠️ Tentativa 1: Limite de requisições. Aguardando 5s...
2025-05-25 14:13:50,883 - INFO - ✅ Backup criado: BlockBackup-LinuxTSPlus6-Banco4LinuxTSPlus6-block-clone2904-BKPAUTCITEL-20250525-1413
2025-05-25 14:13:51,468 - WARNING - ⏳ Backup ignorado (estado TERMINATED): Auto-backup for 2025-05-10 08:00:00 via policy: Citel_Diario07
2025-05-25 14:13:51,469 - INFO - 
🔍 Processando block volume: LinuxTSPlus18-Banco1LinuxTSPlus18-block-2904
2025-05-25 14:13:51,786 - INFO - ✅ Backup criado: BlockBackup-LinuxTSPlus18-Banco1LinuxTSPlus18-block-2904-BKPAUTCITEL-20250525-1413
2025-05-25 14:13:52,357 - WARNING - ⏳ Backup ignorado (estado TERMINATED): Auto-backup for 2025-05-10 08:00:00 via policy: Citel_Diario07
2025-05-25 14:13:52,358 - INFO - 
🔍 Processando block volume: LinuxTSPlus18-Banco2LinuxTSPlus18-block-2904
2025-05-25 14:13:52,482 - WARNING - ⚠️ Tentativa 1: Limite de requisições. Aguardando 5s...
2025-05-25 14:13:58,438 - INFO - ✅ Backup criado: BlockBackup-LinuxTSPlus18-Banco2LinuxTSPlus18-block-2904-BKPAUTCITEL-20250525-1413
2025-05-25 14:13:59,039 - WARNING - ⏳ Backup ignorado (estado TERMINATED): Auto-backup for 2025-05-10 08:00:00 via policy: Citel_Diario07
2025-05-25 14:13:59,039 - INFO - 
🔍 Processando block volume: LinuxTSPlus18-Bancos4_BR18-block-2904
2025-05-25 14:13:59,164 - WARNING - ⚠️ Tentativa 1: Limite de requisições. Aguardando 5s...
2025-05-25 14:14:05,185 - INFO - ✅ Backup criado: BlockBackup-LinuxTSPlus18-Bancos4_BR18-block-2904-BKPAUTCITEL-20250525-1413
2025-05-25 14:14:05,767 - WARNING - ⏳ Backup ignorado (estado TERMINATED): Auto-backup for 2025-05-10 08:00:00 via policy: Citel_Diario07
2025-05-25 14:14:05,768 - INFO - 
🔍 Processando block volume: LinuxTsplus59-Banco2Linux59-block-clone2904
2025-05-25 14:14:06,071 - INFO - ✅ Backup criado: BlockBackup-LinuxTsplus59-Banco2Linux59-block-clone2904-BKPAUTCITEL-20250525-1414
2025-05-25 14:14:06,649 - WARNING - ⏳ Backup ignorado (estado TERMINATED): Auto-backup for 2025-05-10 08:00:00 via policy: Citel_Diario07
2025-05-25 14:14:06,649 - INFO - 
🔍 Processando block volume: LinuxTsplus59-BancoLinux59-block-clone2904
2025-05-25 14:14:06,930 - INFO - ✅ Backup criado: BlockBackup-LinuxTsplus59-BancoLinux59-block-clone2904-BKPAUTCITEL-20250525-1414
2025-05-25 14:14:07,518 - WARNING - ⏳ Backup ignorado (estado TERMINATED): Auto-backup for 2025-05-10 08:00:00 via policy: Citel_Diario07
2025-05-25 14:14:07,519 - INFO - 
🔍 Processando block volume: LinuxTSPlus19_Banco1LinuxTSPlus19_clone2904
2025-05-25 14:14:07,798 - INFO - ✅ Backup criado: BlockBackup-LinuxTSPlus19_Banco1LinuxTSPlus19_clone2904-BKPAUTCITEL-20250525-1414
2025-05-25 14:14:08,361 - WARNING - ⏳ Backup ignorado (estado TERMINATED): Auto-backup for 2025-05-10 08:00:00 via policy: Citel_Diario07
2025-05-25 14:14:08,361 - INFO - 
🔍 Processando block volume: LinuxTSPlus19_Banco3LinuxTSPlus19_clone2904
2025-05-25 14:14:08,486 - WARNING - ⚠️ Tentativa 1: Limite de requisições. Aguardando 5s...
2025-05-25 14:14:15,570 - WARNING - ⚠️ Tentativa 2: Limite de requisições. Aguardando 10s...
2025-05-25 14:14:30,924 - WARNING - ⚠️ Tentativa 3: Limite de requisições. Aguardando 20s...
2025-05-25 14:14:51,932 - INFO - ✅ Backup criado: BlockBackup-LinuxTSPlus19_Banco3LinuxTSPlus19_clone2904-BKPAUTCITEL-20250525-1414
2025-05-25 14:14:52,516 - WARNING - ⏳ Backup ignorado (estado TERMINATED): Auto-backup for 2025-05-10 08:00:00 via policy: Citel_Diario07
2025-05-25 14:14:52,516 - INFO - 
🔍 Processando block volume: LinuxTSPlus20_Banco1LinuxTSPlus20_clone2904
2025-05-25 14:14:52,838 - INFO - ✅ Backup criado: BlockBackup-LinuxTSPlus20_Banco1LinuxTSPlus20_clone2904-BKPAUTCITEL-20250525-1414
2025-05-25 14:14:53,408 - WARNING - ⏳ Backup ignorado (estado TERMINATED): Auto-backup for 2025-05-10 08:00:00 via policy: Citel_Diario07
2025-05-25 14:14:53,408 - INFO - 
🔍 Processando block volume: LinuxTSPlus20_Banco2LinuxTSPlus20_clone2904
2025-05-25 14:14:53,705 - INFO - ✅ Backup criado: BlockBackup-LinuxTSPlus20_Banco2LinuxTSPlus20_clone2904-BKPAUTCITEL-20250525-1414
2025-05-25 14:14:54,283 - WARNING - ⏳ Backup ignorado (estado TERMINATED): Auto-backup for 2025-05-10 08:00:00 via policy: Citel_Diario07
2025-05-25 14:14:54,283 - INFO - 
🔍 Processando block volume: LinuxTSPlus20_Banco3_BR20_clone2904
2025-05-25 14:14:54,566 - INFO - ✅ Backup criado: BlockBackup-LinuxTSPlus20_Banco3_BR20_clone2904-BKPAUTCITEL-20250525-1414
2025-05-25 14:14:55,135 - WARNING - ⏳ Backup ignorado (estado TERMINATED): Auto-backup for 2025-05-10 08:00:00 via policy: Citel_Diario07
2025-05-25 14:14:55,136 - INFO - 
🔍 Processando block volume: LinuxTSPlus20_Banco4LinuxTSPlus20_clone2904
2025-05-25 14:14:55,423 - INFO - ✅ Backup criado: BlockBackup-LinuxTSPlus20_Banco4LinuxTSPlus20_clone2904-BKPAUTCITEL-20250525-1414
2025-05-25 14:14:56,021 - WARNING - ⏳ Backup ignorado (estado TERMINATED): Auto-backup for 2025-05-10 08:00:00 via policy: Citel_Diario07
2025-05-25 14:14:56,022 - INFO - 
🔍 Processando block volume: LinuxTSPlus5-Banco3LinuxBR5-block-clone2904
2025-05-25 14:14:56,321 - INFO - ✅ Backup criado: BlockBackup-LinuxTSPlus5-Banco3LinuxBR5-block-clone2904-BKPAUTCITEL-20250525-1414
2025-05-25 14:14:56,902 - WARNING - ⏳ Backup ignorado (estado TERMINATED): Auto-backup for 2025-05-10 08:00:00 via policy: Citel_Diario07
2025-05-25 14:14:56,903 - INFO - 
🔍 Processando block volume: LinuxTSPlus5-Banco2LinuxBR5-block-clone2904
2025-05-25 14:14:57,161 - INFO - ✅ Backup criado: BlockBackup-LinuxTSPlus5-Banco2LinuxBR5-block-clone2904-BKPAUTCITEL-20250525-1414
2025-05-25 14:14:57,739 - WARNING - ⏳ Backup ignorado (estado TERMINATED): Auto-backup for 2025-05-10 08:00:00 via policy: Citel_Diario07
2025-05-25 14:14:57,739 - INFO - 
🔍 Processando block volume: Banco1-LinuxData004
2025-05-25 14:14:58,006 - INFO - ✅ Backup criado: BlockBackup-Banco1-LinuxData004-BKPAUTCITEL-20250525-1414
2025-05-25 14:14:58,571 - WARNING - ⏳ Backup ignorado (estado TERMINATED): Auto-backup for 2025-05-10 08:00:00 via policy: Citel_Diario07
2025-05-25 14:14:58,571 - INFO - 
🔍 Processando block volume: Banco2-LinuxData004
2025-05-25 14:14:58,696 - WARNING - ⚠️ Tentativa 1: Limite de requisições. Aguardando 5s...
2025-05-25 14:15:04,571 - INFO - ✅ Backup criado: BlockBackup-Banco2-LinuxData004-BKPAUTCITEL-20250525-1414
2025-05-25 14:15:05,162 - WARNING - ⏳ Backup ignorado (estado TERMINATED): Auto-backup for 2025-05-10 08:00:00 via policy: Citel_Diario07
2025-05-25 14:15:05,163 - INFO - 
🔍 Processando block volume: Banco3-LinuxData004
2025-05-25 14:15:05,461 - INFO - ✅ Backup criado: BlockBackup-Banco3-LinuxData004-BKPAUTCITEL-20250525-1415
2025-05-25 14:15:06,033 - WARNING - ⏳ Backup ignorado (estado TERMINATED): Auto-backup for 2025-05-10 08:00:00 via policy: Citel_Diario07
2025-05-25 14:15:06,034 - INFO - 
🔍 Processando block volume: LinuxTSPlus48-block-Restore
2025-05-25 14:15:06,158 - WARNING - ⚠️ Tentativa 1: Limite de requisições. Aguardando 5s...
2025-05-25 14:15:13,489 - WARNING - ⚠️ Tentativa 2: Limite de requisições. Aguardando 10s...
2025-05-25 14:15:26,776 - WARNING - ⚠️ Tentativa 3: Limite de requisições. Aguardando 20s...
2025-05-25 14:15:47,850 - INFO - ✅ Backup criado: BlockBackup-LinuxTSPlus48-block-Restore-BKPAUTCITEL-20250525-1415
2025-05-25 14:15:48,430 - WARNING - ⏳ Backup ignorado (estado TERMINATED): Auto-backup for 2025-05-10 08:00:00 via policy: Citel_Diario07
2025-05-25 14:15:48,431 - INFO - 
🔍 Processando block volume: LinuxData007-Banco4
2025-05-25 14:15:48,758 - INFO - ✅ Backup criado: BlockBackup-LinuxData007-Banco4-BKPAUTCITEL-20250525-1415
2025-05-25 14:15:49,333 - WARNING - ⏳ Backup ignorado (estado TERMINATED): Auto-backup for 2025-05-10 08:00:00 via policy: Citel_Diario07
2025-05-25 14:15:49,334 - INFO - 
🔍 Processando block volume: Banco2LinuxBR21-Restore
2025-05-25 14:15:49,628 - INFO - ✅ Backup criado: BlockBackup-Banco2LinuxBR21-Restore-BKPAUTCITEL-20250525-1415
2025-05-25 14:15:50,199 - WARNING - ⏳ Backup ignorado (estado TERMINATED): Auto-backup for 2025-05-10 08:00:00 via policy: Citel_Diario07
2025-05-25 14:15:50,199 - INFO - 
🔍 Processando block volume: LinuxTSPlus41-block-Restore
2025-05-25 14:15:50,479 - INFO - ✅ Backup criado: BlockBackup-LinuxTSPlus41-block-Restore-BKPAUTCITEL-20250525-1415
2025-05-25 14:15:51,061 - INFO - 
🔍 Processando block volume: Banco1LinuxTSPlus26-Restore
2025-05-25 14:15:51,372 - INFO - ✅ Backup criado: BlockBackup-Banco1LinuxTSPlus26-Restore-BKPAUTCITEL-20250525-1415
2025-05-25 14:15:51,955 - WARNING - ⏳ Backup ignorado (estado TERMINATED): Auto-backup for 2025-05-10 08:00:00 via policy: Citel_Diario07
2025-05-25 14:15:51,956 - INFO - 
🔍 Processando block volume: LinuxTSPlus36-block-Restore
2025-05-25 14:15:52,082 - WARNING - ⚠️ Tentativa 1: Limite de requisições. Aguardando 5s...
2025-05-25 14:16:00,447 - WARNING - ⚠️ Tentativa 2: Limite de requisições. Aguardando 10s...
2025-05-25 14:16:11,776 - INFO - ✅ Backup criado: BlockBackup-LinuxTSPlus36-block-Restore-BKPAUTCITEL-20250525-1415
2025-05-25 14:16:12,359 - WARNING - ⏳ Backup ignorado (estado TERMINATED): Auto-backup for 2025-05-10 08:00:00 via policy: Citel_Diario07
2025-05-25 14:16:12,359 - INFO - 
🔍 Processando block volume: LinuxTSPlus34-Bancos3_BR34-backup-Restore
2025-05-25 14:16:12,485 - WARNING - ⚠️ Tentativa 1: Limite de requisições. Aguardando 5s...
2025-05-25 14:16:19,860 - INFO - ✅ Backup criado: BlockBackup-LinuxTSPlus34-Bancos3_BR34-backup-Restore-BKPAUTCITEL-20250525-1416
2025-05-25 14:16:20,438 - WARNING - ⏳ Backup ignorado (estado TERMINATED): Auto-backup for 2025-05-10 08:00:00 via policy: Citel_Diario07
2025-05-25 14:16:20,438 - INFO - 
🔍 Processando block volume: LinuxTSPlus34-Bancos2_BR34-backup-Restore
2025-05-25 14:16:20,572 - WARNING - ⚠️ Tentativa 1: Limite de requisições. Aguardando 5s...
2025-05-25 14:16:29,551 - INFO - ✅ Backup criado: BlockBackup-LinuxTSPlus34-Bancos2_BR34-backup-Restore-BKPAUTCITEL-20250525-1416
2025-05-25 14:16:30,144 - WARNING - ⏳ Backup ignorado (estado TERMINATED): Auto-backup for 2025-05-10 08:00:00 via policy: Citel_Diario07
2025-05-25 14:16:30,144 - INFO - 
🔍 Processando block volume: Banco1LinuxTSPLUS33-Restore
2025-05-25 14:16:30,428 - INFO - ✅ Backup criado: BlockBackup-Banco1LinuxTSPLUS33-Restore-BKPAUTCITEL-20250525-1416
2025-05-25 14:16:31,026 - WARNING - ⏳ Backup ignorado (estado TERMINATED): Auto-backup for 2025-05-10 08:00:00 via policy: Citel_Diario07
2025-05-25 14:16:31,026 - INFO - 
🔍 Processando block volume: Banco2BR33-Restore
2025-05-25 14:16:31,349 - INFO - ✅ Backup criado: BlockBackup-Banco2BR33-Restore-BKPAUTCITEL-20250525-1416
2025-05-25 14:16:31,931 - WARNING - ⏳ Backup ignorado (estado TERMINATED): Auto-backup for 2025-05-10 08:00:00 via policy: Citel_Diario07
2025-05-25 14:16:31,931 - INFO - 
🔍 Processando block volume: LinuxTSPlus34-Banco1LinuxTSPLUS34-backup-Restore
2025-05-25 14:16:32,205 - INFO - ✅ Backup criado: BlockBackup-LinuxTSPlus34-Banco1LinuxTSPLUS34-backup-Restore-BKPAUTCITEL-20250525-1416
2025-05-25 14:16:32,826 - WARNING - ⏳ Backup ignorado (estado TERMINATED): Auto-backup for 2025-05-10 08:00:00 via policy: Citel_Diario07
2025-05-25 14:16:32,826 - INFO - 
🔍 Processando block volume: LinuxTSPlus1-Restore1
2025-05-25 14:16:33,182 - INFO - ✅ Backup criado: BlockBackup-LinuxTSPlus1-Restore1-BKPAUTCITEL-20250525-1416
2025-05-25 14:16:33,751 - WARNING - ⏳ Backup ignorado (estado TERMINATED): Auto-backup for 2025-05-10 08:00:00 via policy: Citel_Diario07
2025-05-25 14:16:33,751 - INFO - 
🔍 Processando block volume: Bancos5_BR1-Restore2
2025-05-25 14:16:34,053 - INFO - ✅ Backup criado: BlockBackup-Bancos5_BR1-Restore2-BKPAUTCITEL-20250525-1416
2025-05-25 14:16:34,635 - WARNING - ⏳ Backup ignorado (estado TERMINATED): Auto-backup for 2025-05-10 08:00:00 via policy: Citel_Diario07
2025-05-25 14:16:34,635 - INFO - 
🔍 Processando block volume: Bancos4_BR01-Restore3
2025-05-25 14:16:34,761 - WARNING - ⚠️ Tentativa 1: Limite de requisições. Aguardando 5s...
2025-05-25 14:16:41,698 - WARNING - ⚠️ Tentativa 2: Limite de requisições. Aguardando 10s...
2025-05-25 14:16:55,459 - WARNING - ⚠️ Tentativa 3: Limite de requisições. Aguardando 20s...
2025-05-25 14:17:20,232 - INFO - ✅ Backup criado: BlockBackup-Bancos4_BR01-Restore3-BKPAUTCITEL-20250525-1416
2025-05-25 14:17:20,806 - WARNING - ⏳ Backup ignorado (estado TERMINATED): Auto-backup for 2025-05-10 08:00:00 via policy: Citel_Diario07
2025-05-25 14:17:20,806 - INFO - 
🔍 Processando block volume: Banco3LinuxTSPlus1-Restore4
2025-05-25 14:17:21,130 - INFO - ✅ Backup criado: BlockBackup-Banco3LinuxTSPlus1-Restore4-BKPAUTCITEL-20250525-1417
2025-05-25 14:17:21,695 - WARNING - ⏳ Backup ignorado (estado TERMINATED): Auto-backup for 2025-05-10 08:00:00 via policy: Citel_Diario07
2025-05-25 14:17:21,695 - INFO - 
🔍 Processando block volume: Banco1LinuxTSPlus24-Restore
2025-05-25 14:17:21,820 - WARNING - ⚠️ Tentativa 1: Limite de requisições. Aguardando 5s...
2025-05-25 14:17:28,660 - INFO - ✅ Backup criado: BlockBackup-Banco1LinuxTSPlus24-Restore-BKPAUTCITEL-20250525-1417
2025-05-25 14:17:29,239 - WARNING - ⏳ Backup ignorado (estado TERMINATED): Auto-backup for 2025-05-10 08:00:00 via policy: Citel_Diario07
2025-05-25 14:17:29,240 - INFO - 
🔍 Processando block volume: Banco1LinuxTSPlus22-Restore
2025-05-25 14:17:29,519 - INFO - ✅ Backup criado: BlockBackup-Banco1LinuxTSPlus22-Restore-BKPAUTCITEL-20250525-1417
2025-05-25 14:17:30,104 - WARNING - ⏳ Backup ignorado (estado TERMINATED): Auto-backup for 2025-05-10 08:00:00 via policy: Citel_Diario07
2025-05-25 14:17:30,105 - INFO - 
🔍 Processando block volume: Banco3LinuxTSPlus22-Restore
2025-05-25 14:17:30,231 - WARNING - ⚠️ Tentativa 1: Limite de requisições. Aguardando 5s...
2025-05-25 14:17:39,658 - INFO - ✅ Backup criado: BlockBackup-Banco3LinuxTSPlus22-Restore-BKPAUTCITEL-20250525-1417
2025-05-25 14:17:40,235 - WARNING - ⏳ Backup ignorado (estado TERMINATED): Auto-backup for 2025-05-10 08:00:00 via policy: Citel_Diario07
2025-05-25 14:17:40,235 - INFO - 
🔍 Processando block volume: Banco2LinuxTSPlus22-Restore
2025-05-25 14:17:40,521 - INFO - ✅ Backup criado: BlockBackup-Banco2LinuxTSPlus22-Restore-BKPAUTCITEL-20250525-1417
2025-05-25 14:17:41,092 - WARNING - ⏳ Backup ignorado (estado TERMINATED): Auto-backup for 2025-05-10 08:00:00 via policy: Citel_Diario07
2025-05-25 14:17:41,092 - INFO - 
🔍 Processando block volume: LinuxData010-PalacioTKT651385
2025-05-25 14:17:41,366 - INFO - ✅ Backup criado: BlockBackup-LinuxData010-PalacioTKT651385-BKPAUTCITEL-20250525-1417
2025-05-25 14:17:41,944 - WARNING - ⏳ Backup ignorado (estado TERMINATED): Auto-backup for 2025-05-10 08:00:00 via policy: Citel_Diario07
2025-05-25 14:17:41,946 - INFO - 
🔍 Processando block volume: LinuxData010-Banco4
2025-05-25 14:17:42,071 - WARNING - ⚠️ Tentativa 1: Limite de requisições. Aguardando 5s...
2025-05-25 14:17:48,943 - INFO - ✅ Backup criado: BlockBackup-LinuxData010-Banco4-BKPAUTCITEL-20250525-1417
2025-05-25 14:17:49,507 - WARNING - ⏳ Backup ignorado (estado TERMINATED): Auto-backup for 2025-05-10 08:00:00 via policy: Citel_Diario07
2025-05-25 14:17:49,508 - INFO - 
🔍 Processando block volume: LinuxData010-Banco5
2025-05-25 14:17:49,785 - INFO - ✅ Backup criado: BlockBackup-LinuxData010-Banco5-BKPAUTCITEL-20250525-1417
2025-05-25 14:17:50,356 - WARNING - ⏳ Backup ignorado (estado TERMINATED): Auto-backup for 2025-05-10 08:00:00 via policy: Citel_Diario07
2025-05-25 14:17:50,356 - INFO - 
🔍 Processando block volume: LinuxData010-GeB
2025-05-25 14:17:50,631 - INFO - ✅ Backup criado: BlockBackup-LinuxData010-GeB-BKPAUTCITEL-20250525-1417
2025-05-25 14:17:51,196 - WARNING - ⏳ Backup ignorado (estado TERMINATED): Auto-backup for 2025-05-10 08:00:00 via policy: Citel_Diario07
2025-05-25 14:17:51,196 - INFO - 
🔍 Processando block volume: LinuxData020-Banco3_BR20
2025-05-25 14:17:51,463 - INFO - ✅ Backup criado: BlockBackup-LinuxData020-Banco3_BR20-BKPAUTCITEL-20250525-1417
2025-05-25 14:17:52,035 - WARNING - ⏳ Backup ignorado (estado TERMINATED): Auto-backup for 2025-05-10 08:00:00 via policy: Citel_Diario07
2025-05-25 14:17:52,035 - INFO - 
🔍 Processando block volume: Banco3_BR20-RESTORE_FILES
2025-05-25 14:17:52,394 - INFO - ✅ Backup criado: BlockBackup-Banco3_BR20-RESTORE_FILES-BKPAUTCITEL-20250525-1417
2025-05-25 14:17:52,959 - INFO - 
🔍 Processando block volume: LinuxData030_clone06052025
2025-05-25 14:17:53,245 - INFO - ✅ Backup criado: BlockBackup-LinuxData030_clone06052025-BKPAUTCITEL-20250525-1417
2025-05-25 14:17:53,826 - INFO - 
🔍 Processando block volume: Restore_Teste_Bancos3_BR20
2025-05-25 14:17:54,103 - INFO - ✅ Backup criado: BlockBackup-Restore_Teste_Bancos3_BR20-BKPAUTCITEL-20250525-1417
2025-05-25 14:17:54,687 - INFO - 
🔍 Processando block volume: Restore Banco ComercialCarvalho
2025-05-25 14:17:54,811 - WARNING - ⚠️ Tentativa 1: Limite de requisições. Aguardando 5s...
2025-05-25 14:18:04,097 - WARNING - ⚠️ Tentativa 2: Limite de requisições. Aguardando 10s...
2025-05-25 14:18:19,008 - WARNING - ⚠️ Tentativa 3: Limite de requisições. Aguardando 20s...
2025-05-25 14:18:41,700 - INFO - ✅ Backup criado: BlockBackup-Restore Banco ComercialCarvalho-BKPAUTCITEL-20250525-1417
2025-05-25 14:18:42,270 - INFO - 
🔍 Processando block volume: Restore Banco Fluzao
2025-05-25 14:18:42,397 - WARNING - ⚠️ Tentativa 1: Limite de requisições. Aguardando 5s...
2025-05-25 14:18:49,293 - INFO - ✅ Backup criado: BlockBackup-Restore Banco Fluzao-BKPAUTCITEL-20250525-1418
2025-05-25 14:18:49,862 - INFO - 
🔍 Processando block volume: Restore Banco Suprema
2025-05-25 14:18:50,155 - INFO - ✅ Backup criado: BlockBackup-Restore Banco Suprema-BKPAUTCITEL-20250525-1418
2025-05-25 14:18:50,715 - INFO - 
🔍 Processando block volume: BKP Fluzao Prudente
2025-05-25 14:18:50,986 - INFO - ✅ Backup criado: BlockBackup-BKP Fluzao Prudente-BKPAUTCITEL-20250525-1418
2025-05-25 14:18:51,541 - INFO - 
🔍 Processando block volume: LINUXDATA020-BANCO3-Testerecovery-14-05-2025
2025-05-25 14:18:51,830 - INFO - ✅ Backup criado: BlockBackup-LINUXDATA020-BANCO3-Testerecovery-14-05-2025-BKPAUTCITEL-20250525-1418
2025-05-25 14:18:52,389 - INFO - 
🔍 Processando block volume: Restore Banco BI Royal
2025-05-25 14:18:52,515 - WARNING - ⚠️ Tentativa 1: Limite de requisições. Aguardando 5s...
2025-05-25 14:19:01,457 - INFO - ✅ Backup criado: BlockBackup-Restore Banco BI Royal-BKPAUTCITEL-20250525-1418
2025-05-25 14:19:02,035 - INFO - 
🔍 Processando block volume: Restore Banco BI Piso e Cia 
2025-05-25 14:19:02,365 - INFO - ✅ Backup criado: BlockBackup-Restore Banco BI Piso e Cia -BKPAUTCITEL-20250525-1419
2025-05-25 14:19:02,929 - INFO - 
🔍 Processando block volume: Restore Banco BI MaxVinil
2025-05-25 14:19:03,185 - INFO - ✅ Backup criado: BlockBackup-Restore Banco BI MaxVinil-BKPAUTCITEL-20250525-1419
2025-05-25 14:19:03,792 - INFO - 
🔍 Processando block volume: Restore Banco BI Vermat
2025-05-25 14:19:04,111 - INFO - ✅ Backup criado: BlockBackup-Restore Banco BI Vermat-BKPAUTCITEL-20250525-1419
2025-05-25 14:19:04,672 - INFO - 
🔍 Processando block volume: Restore Banco BI Perin
2025-05-25 14:19:04,948 - INFO - ✅ Backup criado: BlockBackup-Restore Banco BI Perin-BKPAUTCITEL-20250525-1419
2025-05-25 14:19:05,511 - INFO - 
🔍 Processando block volume: Restore Banco BI AtacadaoPT
2025-05-25 14:19:05,794 - INFO - ✅ Backup criado: BlockBackup-Restore Banco BI AtacadaoPT-BKPAUTCITEL-20250525-1419
2025-05-25 14:19:06,369 - INFO - 
🔍 Processando block volume: Restore Banco BI Agrocac
2025-05-25 14:19:06,494 - WARNING - ⚠️ Tentativa 1: Limite de requisições. Aguardando 5s...
2025-05-25 14:19:13,286 - WARNING - ⚠️ Tentativa 2: Limite de requisições. Aguardando 10s...
2025-05-25 14:19:25,188 - WARNING - ⚠️ Tentativa 3: Limite de requisições. Aguardando 20s...
2025-05-25 14:19:48,727 - INFO - ✅ Backup criado: BlockBackup-Restore Banco BI Agrocac-BKPAUTCITEL-20250525-1419
2025-05-25 14:19:49,287 - INFO - 
🔍 Processando block volume: Restore Banco BI PadraoPVC
2025-05-25 14:19:49,413 - WARNING - ⚠️ Tentativa 1: Limite de requisições. Aguardando 5s...
2025-05-25 14:19:58,747 - WARNING - ⚠️ Tentativa 2: Limite de requisições. Aguardando 10s...
2025-05-25 14:20:12,023 - INFO - ✅ Backup criado: BlockBackup-Restore Banco BI PadraoPVC-BKPAUTCITEL-20250525-1419
2025-05-25 14:20:12,591 - INFO - 
🔍 Processando block volume: Restore Banco BI Rezende
2025-05-25 14:20:12,894 - INFO - ✅ Backup criado: BlockBackup-Restore Banco BI Rezende-BKPAUTCITEL-20250525-1420
2025-05-25 14:20:13,483 - INFO - 
🔍 Processando block volume: Restore Banco BI MadMapa
2025-05-25 14:20:13,790 - INFO - ✅ Backup criado: BlockBackup-Restore Banco BI MadMapa-BKPAUTCITEL-20250525-1420
2025-05-25 14:20:14,361 - INFO - 
🔍 Processando block volume: Restore Banco BI Santana
2025-05-25 14:20:14,639 - INFO - ✅ Backup criado: BlockBackup-Restore Banco BI Santana-BKPAUTCITEL-20250525-1420
2025-05-25 14:20:15,200 - INFO - 
🔍 Processando block volume: Restore Banco BI VarejaodasTintas
2025-05-25 14:20:15,490 - INFO - ✅ Backup criado: BlockBackup-Restore Banco BI VarejaodasTintas-BKPAUTCITEL-20250525-1420
2025-05-25 14:20:16,055 - INFO - 
🔍 Processando block volume: Restore Banco BI ElloTintas
2025-05-25 14:20:16,181 - WARNING - ⚠️ Tentativa 1: Limite de requisições. Aguardando 5s...
2025-05-25 14:20:24,856 - WARNING - ⚠️ Tentativa 2: Limite de requisições. Aguardando 10s...
2025-05-25 14:20:40,260 - WARNING - ⚠️ Tentativa 3: Limite de requisições. Aguardando 20s...
2025-05-25 14:21:02,643 - INFO - ✅ Backup criado: BlockBackup-Restore Banco BI ElloTintas-BKPAUTCITEL-20250525-1420
2025-05-25 14:21:03,197 - INFO - 
🔍 Processando block volume: Restore Banco BI Moto One
2025-05-25 14:21:03,480 - INFO - ✅ Backup criado: BlockBackup-Restore Banco BI Moto One-BKPAUTCITEL-20250525-1421
2025-05-25 14:21:04,037 - INFO - 
🔍 Processando block volume: Restore Banco BI OLV
2025-05-25 14:21:04,161 - WARNING - ⚠️ Tentativa 1: Limite de requisições. Aguardando 5s...
2025-05-25 14:21:09,891 - INFO - ✅ Backup criado: BlockBackup-Restore Banco BI OLV-BKPAUTCITEL-20250525-1421
2025-05-25 14:21:10,457 - INFO - 
🔍 Processando block volume: Restore Banco BI Construilma
2025-05-25 14:21:10,742 - INFO - ✅ Backup criado: BlockBackup-Restore Banco BI Construilma-BKPAUTCITEL-20250525-1421
2025-05-25 14:21:11,323 - INFO - 
🔍 Processando block volume: Restore Banco BI Baytek
2025-05-25 14:21:11,650 - INFO - ✅ Backup criado: BlockBackup-Restore Banco BI Baytek-BKPAUTCITEL-20250525-1421
2025-05-25 14:21:12,212 - INFO - 
🔍 Processando block volume: Restore Banco BI Soldage
2025-05-25 14:21:12,511 - INFO - ✅ Backup criado: BlockBackup-Restore Banco BI Soldage-BKPAUTCITEL-20250525-1421
2025-05-25 14:21:13,053 - INFO - 
🔍 Processando block volume: Banco Restore BI Rizato
2025-05-25 14:21:13,178 - WARNING - ⚠️ Tentativa 1: Limite de requisições. Aguardando 5s...
2025-05-25 14:21:19,326 - WARNING - ⚠️ Tentativa 2: Limite de requisições. Aguardando 10s...
2025-05-25 14:21:33,648 - WARNING - ⚠️ Tentativa 3: Limite de requisições. Aguardando 20s...
2025-05-25 14:21:59,222 - INFO - ✅ Backup criado: BlockBackup-Banco Restore BI Rizato-BKPAUTCITEL-20250525-1421
2025-05-25 14:21:59,799 - INFO - 
🔍 Processando block volume: Restore Banco BI Colomarti
2025-05-25 14:22:00,121 - INFO - ✅ Backup criado: BlockBackup-Restore Banco BI Colomarti-BKPAUTCITEL-20250525-1421
2025-05-25 14:22:00,684 - INFO - 
🔍 Processando block volume: HD BKP BI Gasparzinho
2025-05-25 14:22:00,957 - INFO - ✅ Backup criado: BlockBackup-HD BKP BI Gasparzinho-BKPAUTCITEL-20250525-1422
2025-05-25 14:22:01,515 - INFO - 
🔍 Processando block volume: Banco_srvEstrategico
2025-05-25 14:22:01,819 - INFO - ✅ Backup criado: BlockBackup-Banco_srvEstrategico-BKPAUTCITEL-20250525-1422
2025-05-25 14:22:02,391 - INFO - 
🔍 Processando block volume: Restore banco Palmas bkp2 
2025-05-25 14:22:02,680 - INFO - ✅ Backup criado: BlockBackup-Restore banco Palmas bkp2 -BKPAUTCITEL-20250525-1422
2025-05-25 14:22:03,233 - INFO - 
🔍 Processando block volume: Restore Banco 2B bkp2
2025-05-25 14:22:03,357 - WARNING - ⚠️ Tentativa 1: Limite de requisições. Aguardando 5s...
2025-05-25 14:22:12,377 - INFO - ✅ Backup criado: BlockBackup-Restore Banco 2B bkp2-BKPAUTCITEL-20250525-1422
2025-05-25 14:22:12,951 - INFO - 
🔍 Processando block volume: Restore Banco BI Refrigas2
2025-05-25 14:22:13,247 - INFO - ✅ Backup criado: BlockBackup-Restore Banco BI Refrigas2-BKPAUTCITEL-20250525-1422
2025-05-25 14:22:13,809 - INFO - 
🔍 Processando block volume: BKP Valclei tkt 1076246
2025-05-25 14:22:14,109 - INFO - ✅ Backup criado: BlockBackup-BKP Valclei tkt 1076246-BKPAUTCITEL-20250525-1422
2025-05-25 14:22:14,676 - INFO - 
🔍 Processando block volume: Restore2 BI Paratudo
2025-05-25 14:22:14,936 - INFO - ✅ Backup criado: BlockBackup-Restore2 BI Paratudo-BKPAUTCITEL-20250525-1422
2025-05-25 14:22:15,488 - INFO - 
🔍 Processando block volume: Banco2 MiaraKruger bi 
2025-05-25 14:22:15,613 - WARNING - ⚠️ Tentativa 1: Limite de requisições. Aguardando 5s...
2025-05-25 14:22:25,219 - INFO - ✅ Backup criado: BlockBackup-Banco2 MiaraKruger bi -BKPAUTCITEL-20250525-1422
2025-05-25 14:22:25,760 - INFO - 
✅ Execução concluída com sucesso
