2025-05-25 15:11:12,740 - INFO - 
🔍 Processando block volume: LinuxTSPlus1
2025-05-25 15:11:13,034 - INFO - ✅ Backup criado: BlockBackup-LinuxTSPlus1-BKPAUTCITEL-20250525-1511
2025-05-25 15:11:13,611 - WARNING - ⏳ Backup ignorado (estado TERMINATED): Auto-backup for 2025-05-10 08:00:00 via policy: Citel_Diario07
2025-05-25 15:11:13,611 - INFO - 
🔍 Processando block volume: Banco1LinuxTSPlus2
2025-05-25 15:11:13,950 - INFO - ✅ Backup criado: BlockBackup-Banco1LinuxTSPlus2-BKPAUTCITEL-20250525-1511
2025-05-25 15:11:14,532 - WARNING - ⏳ Backup ignorado (estado TERMINATED): Auto-backup for 2025-05-10 08:00:00 via policy: Citel_Diario07
2025-05-25 15:11:14,533 - INFO - 
🔍 Processando block volume: Banco1LinuxTSPlus4
2025-05-25 15:11:14,658 - WARNING - ⚠️ Tentativa 1: Limite de requisições. Aguardando 5s...
2025-05-25 15:11:23,243 - INFO - ✅ Backup criado: BlockBackup-Banco1LinuxTSPlus4-BKPAUTCITEL-20250525-1511
2025-05-25 15:11:23,443 - WARNING - ⏳ Backup ignorado (estado TERMINATED): Auto-backup for 2025-05-10 08:00:00 via policy: Citel_Diario07
2025-05-25 15:11:23,443 - INFO - 
🔍 Processando block volume: Banco1LinuxTSPlus20
2025-05-25 15:11:23,730 - INFO - ✅ Backup criado: BlockBackup-Banco1LinuxTSPlus20-BKPAUTCITEL-20250525-1511
2025-05-25 15:11:24,312 - WARNING - ⏳ Backup ignorado (estado TERMINATED): Auto-backup for 2025-05-10 08:00:00 via policy: Citel_Diario07
2025-05-25 15:11:24,313 - INFO - 
🔍 Processando block volume: Banco3LinuxTSPlus1
2025-05-25 15:11:24,622 - INFO - ✅ Backup criado: BlockBackup-Banco3LinuxTSPlus1-BKPAUTCITEL-20250525-1511
2025-05-25 15:11:24,813 - WARNING - ⏳ Backup ignorado (estado TERMINATED): Auto-backup for 2025-05-10 08:00:00 via policy: Citel_Diario07
2025-05-25 15:11:24,814 - INFO - 
🔍 Processando block volume: Banco_PalacioFerramentas
2025-05-25 15:11:25,118 - INFO - ✅ Backup criado: BlockBackup-Banco_PalacioFerramentas-BKPAUTCITEL-20250525-1511
2025-05-25 15:11:25,698 - WARNING - ⏳ Backup ignorado (estado TERMINATED): Auto-backup for 2025-05-10 08:00:00 via policy: Citel_Diario07
2025-05-25 15:11:25,699 - INFO - 
🔍 Processando block volume: Banco1LinuxTSPlus25
2025-05-25 15:11:25,985 - INFO - ✅ Backup criado: BlockBackup-Banco1LinuxTSPlus25-BKPAUTCITEL-20250525-1511
2025-05-25 15:11:26,575 - WARNING - ⏳ Backup ignorado (estado TERMINATED): Auto-backup for 2025-05-10 08:00:00 via policy: Citel_Diario07
2025-05-25 15:11:26,576 - INFO - 
🔍 Processando block volume: Banco1LinuxTSPlus30
2025-05-25 15:11:26,893 - INFO - ✅ Backup criado: BlockBackup-Banco1LinuxTSPlus30-BKPAUTCITEL-20250525-1511
2025-05-25 15:11:27,460 - WARNING - ⏳ Backup ignorado (estado TERMINATED): Auto-backup for 2025-05-10 08:00:00 via policy: Citel_Diario07
2025-05-25 15:11:27,460 - INFO - 
🔍 Processando block volume: Banco5LinuxTSPlus10
2025-05-25 15:11:27,748 - INFO - ✅ Backup criado: BlockBackup-Banco5LinuxTSPlus10-BKPAUTCITEL-20250525-1511
2025-05-25 15:11:28,313 - INFO - 
🔍 Processando block volume: Banco2LinuxTSPlus20
2025-05-25 15:11:28,437 - WARNING - ⚠️ Tentativa 1: Limite de requisições. Aguardando 5s...
2025-05-25 15:11:35,708 - INFO - ✅ Backup criado: BlockBackup-Banco2LinuxTSPlus20-BKPAUTCITEL-20250525-1511
2025-05-25 15:11:36,284 - WARNING - ⏳ Backup ignorado (estado TERMINATED): Auto-backup for 2025-05-10 08:00:00 via policy: Citel_Diario07
2025-05-25 15:11:36,284 - INFO - 
🔍 Processando block volume: Banco2BR24
2025-05-25 15:11:36,409 - WARNING - ⚠️ Tentativa 1: Limite de requisições. Aguardando 5s...
2025-05-25 15:11:43,302 - INFO - ✅ Backup criado: BlockBackup-Banco2BR24-BKPAUTCITEL-20250525-1511
2025-05-25 15:11:43,902 - WARNING - ⏳ Backup ignorado (estado TERMINATED): Auto-backup for 2025-05-10 08:00:00 via policy: Citel_Diario07
2025-05-25 15:11:43,903 - INFO - 
🔍 Processando block volume: LinuxDataBelaTintas
2025-05-25 15:11:44,028 - WARNING - ⚠️ Tentativa 1: Limite de requisições. Aguardando 5s...
2025-05-25 15:11:51,273 - INFO - ✅ Backup criado: BlockBackup-LinuxDataBelaTintas-BKPAUTCITEL-20250525-1511
2025-05-25 15:11:51,855 - WARNING - ⏳ Backup ignorado (estado TERMINATED): Auto-backup for 2025-05-10 08:00:00 via policy: Citel_Diario07
2025-05-25 15:11:51,855 - INFO - 
🔍 Processando block volume: Bancos2_BR02
2025-05-25 15:11:52,147 - INFO - ✅ Backup criado: BlockBackup-Bancos2_BR02-BKPAUTCITEL-20250525-1511
2025-05-25 15:11:52,716 - WARNING - ⏳ Backup ignorado (estado TERMINATED): Auto-backup for 2025-05-10 08:00:00 via policy: Citel_Diario07
2025-05-25 15:11:52,717 - INFO - 
🔍 Processando block volume: Bancos4_BR01
2025-05-25 15:11:52,842 - WARNING - ⚠️ Tentativa 1: Limite de requisições. Aguardando 5s...
2025-05-25 15:11:59,128 - INFO - ✅ Backup criado: BlockBackup-Bancos4_BR01-BKPAUTCITEL-20250525-1511
2025-05-25 15:11:59,319 - WARNING - ⏳ Backup ignorado (estado TERMINATED): Auto-backup for 2025-05-10 08:00:00 via policy: Citel_Diario07
2025-05-25 15:11:59,319 - INFO - 
🔍 Processando block volume: BKO Palacio TKT 651385
2025-05-25 15:11:59,646 - INFO - ✅ Backup criado: BlockBackup-BKO Palacio TKT 651385-BKPAUTCITEL-20250525-1511
2025-05-25 15:12:00,214 - WARNING - ⏳ Backup ignorado (estado TERMINATED): Auto-backup for 2025-05-10 08:00:00 via policy: Citel_Diario04
2025-05-25 15:12:00,215 - INFO - 
🔍 Processando block volume: Bancos3_BR25
2025-05-25 15:12:00,484 - INFO - ✅ Backup criado: BlockBackup-Bancos3_BR25-BKPAUTCITEL-20250525-1512
2025-05-25 15:12:01,069 - WARNING - ⏳ Backup ignorado (estado TERMINATED): Auto-backup for 2025-05-10 08:00:00 via policy: Citel_Diario07
2025-05-25 15:12:01,070 - INFO - 
🔍 Processando block volume: GeB
2025-05-25 15:12:01,354 - INFO - ✅ Backup criado: BlockBackup-GeB-BKPAUTCITEL-20250525-1512
2025-05-25 15:12:01,932 - WARNING - ⏳ Backup ignorado (estado TERMINATED): Auto-backup for 2025-05-10 08:00:00 via policy: Citel_Diario07
2025-05-25 15:12:01,932 - INFO - 
🔍 Processando block volume: Banco3_BR20
2025-05-25 15:12:02,057 - WARNING - ⚠️ Tentativa 1: Limite de requisições. Aguardando 5s...
2025-05-25 15:12:10,258 - WARNING - ⚠️ Tentativa 2: Limite de requisições. Aguardando 10s...
2025-05-25 15:12:21,738 - WARNING - ⚠️ Tentativa 3: Limite de requisições. Aguardando 20s...
2025-05-25 15:12:46,016 - INFO - ✅ Backup criado: BlockBackup-Banco3_BR20-BKPAUTCITEL-20250525-1512
2025-05-25 15:12:46,592 - WARNING - ⏳ Backup ignorado (estado TERMINATED): Auto-backup for 2025-05-10 08:00:00 via policy: Citel_Diario07
2025-05-25 15:12:46,592 - INFO - 
🔍 Processando block volume: Banco_Darka
2025-05-25 15:12:46,886 - INFO - ✅ Backup criado: BlockBackup-Banco_Darka-BKPAUTCITEL-20250525-1512
2025-05-25 15:12:47,082 - WARNING - ⏳ Backup ignorado (estado TERMINATED): Auto-backup for 2025-05-10 08:00:00 via policy: Citel_Diario07
2025-05-25 15:12:47,082 - INFO - 
🔍 Processando block volume: Banco4LinuxTSPlus20
2025-05-25 15:12:47,361 - INFO - ✅ Backup criado: BlockBackup-Banco4LinuxTSPlus20-BKPAUTCITEL-20250525-1512
2025-05-25 15:12:47,948 - WARNING - ⏳ Backup ignorado (estado TERMINATED): Auto-backup for 2025-05-10 08:00:00 via policy: Citel_Diario07
2025-05-25 15:12:47,949 - INFO - 
🔍 Processando block volume: BackupGeB
2025-05-25 15:12:48,231 - INFO - ✅ Backup criado: BlockBackup-BackupGeB-BKPAUTCITEL-20250525-1512
2025-05-25 15:12:48,802 - WARNING - ⏳ Backup ignorado (estado TERMINATED): Auto-backup for 2025-05-10 08:00:00 via policy: Citel_Diario07
2025-05-25 15:12:48,802 - INFO - 
🔍 Processando block volume: BancoGeB
2025-05-25 15:12:49,098 - INFO - ✅ Backup criado: BlockBackup-BancoGeB-BKPAUTCITEL-20250525-1512
2025-05-25 15:12:49,668 - WARNING - ⏳ Backup ignorado (estado TERMINATED): Auto-backup for 2025-05-10 08:00:00 via policy: Citel_Diario07
2025-05-25 15:12:49,668 - INFO - 
🔍 Processando block volume: Bancos5_BR1
2025-05-25 15:12:49,945 - INFO - ✅ Backup criado: BlockBackup-Bancos5_BR1-BKPAUTCITEL-20250525-1512
2025-05-25 15:12:50,520 - WARNING - ⏳ Backup ignorado (estado TERMINATED): Auto-backup for 2025-05-10 08:00:00 via policy: Citel_Diario07
2025-05-25 15:12:50,520 - INFO - 
🔍 Processando block volume: BackupCoresVivas TKT 902822
2025-05-25 15:12:50,807 - INFO - ✅ Backup criado: BlockBackup-BackupCoresVivas TKT 902822-BKPAUTCITEL-20250525-1512
2025-05-25 15:12:51,422 - WARNING - ⏳ Backup ignorado (estado TERMINATED): Auto-backup for 2025-05-10 08:00:00 via policy: Citel_Diario07
2025-05-25 15:12:51,423 - INFO - 
🔍 Processando block volume: bkpBoomerVinicius
2025-05-25 15:12:51,726 - INFO - ✅ Backup criado: BlockBackup-bkpBoomerVinicius-BKPAUTCITEL-20250525-1512
2025-05-25 15:12:52,301 - WARNING - ⏳ Backup ignorado (estado TERMINATED): Auto-backup for 2025-05-10 08:00:00 via policy: Citel_Diario07
2025-05-25 15:12:52,302 - INFO - 
🔍 Processando block volume: GeB2
2025-05-25 15:12:52,561 - INFO - ✅ Backup criado: BlockBackup-GeB2-BKPAUTCITEL-20250525-1512
2025-05-25 15:12:53,132 - WARNING - ⏳ Backup ignorado (estado TERMINATED): Auto-backup for 2025-05-10 08:00:00 via policy: Citel_Diario07
2025-05-25 15:12:53,133 - INFO - 
🔍 Processando block volume: bkpParque1014464
2025-05-25 15:12:53,421 - INFO - ✅ Backup criado: BlockBackup-bkpParque1014464-BKPAUTCITEL-20250525-1512
2025-05-25 15:12:54,003 - WARNING - ⏳ Backup ignorado (estado TERMINATED): Auto-backup for 2025-05-10 08:00:00 via policy: Citel_Diario07
2025-05-25 15:12:54,003 - INFO - 
🔍 Processando block volume: bkpPedrao1020442
2025-05-25 15:12:54,287 - INFO - ✅ Backup criado: BlockBackup-bkpPedrao1020442-BKPAUTCITEL-20250525-1512
2025-05-25 15:12:54,857 - WARNING - ⏳ Backup ignorado (estado TERMINATED): Auto-backup for 2025-05-10 08:00:00 via policy: Citel_Diario07
2025-05-25 15:12:54,858 - INFO - 
🔍 Processando block volume: Backup_BR34_1031161
2025-05-25 15:12:54,983 - WARNING - ⚠️ Tentativa 1: Limite de requisições. Aguardando 5s...
2025-05-25 15:13:04,282 - INFO - ✅ Backup criado: BlockBackup-Backup_BR34_1031161-BKPAUTCITEL-20250525-1512
2025-05-25 15:13:04,846 - WARNING - ⏳ Backup ignorado (estado TERMINATED): Auto-backup for 2025-05-10 08:00:00 via policy: Citel_Diario07
2025-05-25 15:13:04,846 - INFO - 
🔍 Processando block volume: GeB BancoTeste tkt 1048932
2025-05-25 15:13:05,108 - INFO - ✅ Backup criado: BlockBackup-GeB BancoTeste tkt 1048932-BKPAUTCITEL-20250525-1513
2025-05-25 15:13:05,680 - WARNING - ⏳ Backup ignorado (estado TERMINATED): Auto-backup for 2025-05-10 08:00:00 via policy: Citel_Diario07
2025-05-25 15:13:05,681 - INFO - 
🔍 Processando block volume: Banco1LinuxTSPlus11_clone2904
2025-05-25 15:13:05,806 - WARNING - ⚠️ Tentativa 1: Limite de requisições. Aguardando 5s...
2025-05-25 15:13:16,264 - WARNING - ⚠️ Tentativa 2: Limite de requisições. Aguardando 10s...
2025-05-25 15:13:31,297 - WARNING - ⚠️ Tentativa 3: Limite de requisições. Aguardando 20s...
2025-05-25 15:13:54,007 - INFO - ✅ Backup criado: BlockBackup-Banco1LinuxTSPlus11_clone2904-BKPAUTCITEL-20250525-1513
2025-05-25 15:13:54,595 - WARNING - ⏳ Backup ignorado (estado TERMINATED): Auto-backup for 2025-05-10 08:00:00 via policy: Citel_Diario07
2025-05-25 15:13:54,596 - INFO - 
🔍 Processando block volume: LinuxTSPlus11_BancoPRODJRPais_clone2904
2025-05-25 15:13:54,891 - INFO - ✅ Backup criado: BlockBackup-LinuxTSPlus11_BancoPRODJRPais_clone2904-BKPAUTCITEL-20250525-1513
2025-05-25 15:13:55,469 - WARNING - ⏳ Backup ignorado (estado TERMINATED): Auto-backup for 2025-05-10 08:00:00 via policy: Citel_Diario07
2025-05-25 15:13:55,469 - INFO - 
🔍 Processando block volume: LinuxTSPlus30_Banco1LinuxTSPlus30_clone2904
2025-05-25 15:13:55,773 - INFO - ✅ Backup criado: BlockBackup-LinuxTSPlus30_Banco1LinuxTSPlus30_clone2904-BKPAUTCITEL-20250525-1513
2025-05-25 15:13:56,362 - WARNING - ⏳ Backup ignorado (estado TERMINATED): Auto-backup for 2025-05-10 08:00:00 via policy: Citel_Diario07
2025-05-25 15:13:56,362 - INFO - 
🔍 Processando block volume: Banco-1-LinuxData012
2025-05-25 15:13:56,630 - INFO - ✅ Backup criado: BlockBackup-Banco-1-LinuxData012-BKPAUTCITEL-20250525-1513
2025-05-25 15:13:57,210 - WARNING - ⏳ Backup ignorado (estado TERMINATED): Auto-backup for 2025-05-10 08:00:00 via policy: Citel_Diario07
2025-05-25 15:13:57,210 - INFO - 
🔍 Processando block volume: Banco2-LinuxData012
2025-05-25 15:13:57,489 - INFO - ✅ Backup criado: BlockBackup-Banco2-LinuxData012-BKPAUTCITEL-20250525-1513
2025-05-25 15:13:58,084 - WARNING - ⏳ Backup ignorado (estado TERMINATED): Auto-backup for 2025-05-10 08:00:00 via policy: Citel_Diario07
2025-05-25 15:13:58,084 - INFO - 
🔍 Processando block volume: Banco3-LinuxData012
2025-05-25 15:13:58,209 - WARNING - ⚠️ Tentativa 1: Limite de requisições. Aguardando 5s...
2025-05-25 15:14:06,660 - INFO - ✅ Backup criado: BlockBackup-Banco3-LinuxData012-BKPAUTCITEL-20250525-1513
2025-05-25 15:14:07,234 - WARNING - ⏳ Backup ignorado (estado TERMINATED): Auto-backup for 2025-05-10 08:00:00 via policy: Citel_Diario07
2025-05-25 15:14:07,234 - INFO - 
🔍 Processando block volume: LinuxTSPlus55_Banco1BR55_clone2904
2025-05-25 15:14:07,502 - INFO - ✅ Backup criado: BlockBackup-LinuxTSPlus55_Banco1BR55_clone2904-BKPAUTCITEL-20250525-1514
2025-05-25 15:14:08,091 - WARNING - ⏳ Backup ignorado (estado TERMINATED): Auto-backup for 2025-05-10 08:00:00 via policy: Citel_Diario07
2025-05-25 15:14:08,091 - INFO - 
🔍 Processando block volume: LinuxTSPlus55_Banco3BR55_clone2904
2025-05-25 15:14:08,394 - INFO - ✅ Backup criado: BlockBackup-LinuxTSPlus55_Banco3BR55_clone2904-BKPAUTCITEL-20250525-1514
2025-05-25 15:14:08,965 - WARNING - ⏳ Backup ignorado (estado TERMINATED): Auto-backup for 2025-05-10 08:00:00 via policy: Citel_Diario07
2025-05-25 15:14:08,966 - INFO - 
🔍 Processando block volume: LinuxTSPlus65_Banco1LinuxTSPLUS65_clone2904
2025-05-25 15:14:09,091 - WARNING - ⚠️ Tentativa 1: Limite de requisições. Aguardando 5s...
2025-05-25 15:14:17,307 - WARNING - ⚠️ Tentativa 2: Limite de requisições. Aguardando 10s...
2025-05-25 15:14:29,674 - WARNING - ⚠️ Tentativa 3: Limite de requisições. Aguardando 20s...
2025-05-25 15:14:52,629 - INFO - ✅ Backup criado: BlockBackup-LinuxTSPlus65_Banco1LinuxTSPLUS65_clone2904-BKPAUTCITEL-20250525-1514
2025-05-25 15:14:53,202 - WARNING - ⏳ Backup ignorado (estado TERMINATED): Auto-backup for 2025-05-10 08:00:00 via policy: Citel_Diario07
2025-05-25 15:14:53,202 - INFO - 
🔍 Processando block volume: LinuxTSPlus65_Banco2LinuxTSPLUS65_clone2904
2025-05-25 15:14:53,327 - WARNING - ⚠️ Tentativa 1: Limite de requisições. Aguardando 5s...
2025-05-25 15:15:02,534 - WARNING - ⚠️ Tentativa 2: Limite de requisições. Aguardando 10s...
2025-05-25 15:15:17,782 - INFO - ✅ Backup criado: BlockBackup-LinuxTSPlus65_Banco2LinuxTSPLUS65_clone2904-BKPAUTCITEL-20250525-1514
2025-05-25 15:15:18,369 - WARNING - ⏳ Backup ignorado (estado TERMINATED): Auto-backup for 2025-05-10 08:00:00 via policy: Citel_Diario07
2025-05-25 15:15:18,369 - INFO - 
🔍 Processando block volume: LinuxTSPlus65_Banco3LinuxTSPLUS65_clone2904
2025-05-25 15:15:18,676 - INFO - ✅ Backup criado: BlockBackup-LinuxTSPlus65_Banco3LinuxTSPLUS65_clone2904-BKPAUTCITEL-20250525-1515
2025-05-25 15:15:19,248 - WARNING - ⏳ Backup ignorado (estado TERMINATED): Auto-backup for 2025-05-10 08:00:00 via policy: Citel_Diario07
2025-05-25 15:15:19,249 - INFO - 
🔍 Processando block volume: LinuxTSPlus65_BinariosLinuxTSPLUS65_clone2904
2025-05-25 15:15:19,577 - INFO - ✅ Backup criado: BlockBackup-LinuxTSPlus65_BinariosLinuxTSPLUS65_clone2904-BKPAUTCITEL-20250525-1515
2025-05-25 15:15:20,142 - WARNING - ⏳ Backup ignorado (estado TERMINATED): Auto-backup for 2025-05-10 08:00:00 via policy: Citel_Diario07
2025-05-25 15:15:20,143 - INFO - 
🔍 Processando block volume: LinuxTSPlus28_Banco2LinuxTSPlus28_clone2904
2025-05-25 15:15:20,426 - INFO - ✅ Backup criado: BlockBackup-LinuxTSPlus28_Banco2LinuxTSPlus28_clone2904-BKPAUTCITEL-20250525-1515
2025-05-25 15:15:21,000 - WARNING - ⏳ Backup ignorado (estado TERMINATED): Auto-backup for 2025-05-10 08:00:00 via policy: Citel_Diario07
2025-05-25 15:15:21,001 - INFO - 
🔍 Processando block volume: LinuxTSPlus28_bancos3_BR28_clone2904
2025-05-25 15:15:21,127 - WARNING - ⚠️ Tentativa 1: Limite de requisições. Aguardando 5s...
2025-05-25 15:15:27,378 - INFO - ✅ Backup criado: BlockBackup-LinuxTSPlus28_bancos3_BR28_clone2904-BKPAUTCITEL-20250525-1515
2025-05-25 15:15:27,955 - WARNING - ⏳ Backup ignorado (estado TERMINATED): Auto-backup for 2025-05-10 08:00:00 via policy: Citel_Diario07
2025-05-25 15:15:27,955 - INFO - 
🔍 Processando block volume: LinuxTSPlus29_Banco1LinuxTSPlus29_clone2904
2025-05-25 15:15:28,265 - INFO - ✅ Backup criado: BlockBackup-LinuxTSPlus29_Banco1LinuxTSPlus29_clone2904-BKPAUTCITEL-20250525-1515
2025-05-25 15:15:28,838 - WARNING - ⏳ Backup ignorado (estado TERMINATED): Auto-backup for 2025-05-10 08:00:00 via policy: Citel_Diario07
2025-05-25 15:15:28,839 - INFO - 
🔍 Processando block volume: LinuxTSPlus29_Bancos2_BR29_clone2904
2025-05-25 15:15:29,113 - INFO - ✅ Backup criado: BlockBackup-LinuxTSPlus29_Bancos2_BR29_clone2904-BKPAUTCITEL-20250525-1515
2025-05-25 15:15:29,700 - WARNING - ⏳ Backup ignorado (estado TERMINATED): Auto-backup for 2025-05-10 08:00:00 via policy: Citel_Diario07
2025-05-25 15:15:29,700 - INFO - 
🔍 Processando block volume: LinuxTSPlus29_Bancos3_BR29_clone2904
2025-05-25 15:15:29,826 - WARNING - ⚠️ Tentativa 1: Limite de requisições. Aguardando 5s...
2025-05-25 15:15:39,373 - INFO - ✅ Backup criado: BlockBackup-LinuxTSPlus29_Bancos3_BR29_clone2904-BKPAUTCITEL-20250525-1515
2025-05-25 15:15:39,975 - WARNING - ⏳ Backup ignorado (estado TERMINATED): Auto-backup for 2025-05-10 08:00:00 via policy: Citel_Diario07
2025-05-25 15:15:39,976 - INFO - 
🔍 Processando block volume: LinuxTSPlus72_Banco2BR_72_clone2904
2025-05-25 15:15:40,102 - WARNING - ⚠️ Tentativa 1: Limite de requisições. Aguardando 5s...
2025-05-25 15:15:46,695 - INFO - ✅ Backup criado: BlockBackup-LinuxTSPlus72_Banco2BR_72_clone2904-BKPAUTCITEL-20250525-1515
2025-05-25 15:15:47,291 - WARNING - ⏳ Backup ignorado (estado TERMINATED): Auto-backup for 2025-05-10 08:00:00 via policy: Citel_Diario07
2025-05-25 15:15:47,291 - INFO - 
🔍 Processando block volume: LinuxTSPlus72_BancoBR_clone2904
2025-05-25 15:15:47,566 - INFO - ✅ Backup criado: BlockBackup-LinuxTSPlus72_BancoBR_clone2904-BKPAUTCITEL-20250525-1515
2025-05-25 15:15:48,145 - WARNING - ⏳ Backup ignorado (estado TERMINATED): Auto-backup for 2025-05-10 08:00:00 via policy: Citel_Diario07
2025-05-25 15:15:48,145 - INFO - 
🔍 Processando block volume: LinuxTSPlus43_Banco1LinuxTSPLUS43_clone2904
2025-05-25 15:15:48,422 - INFO - ✅ Backup criado: BlockBackup-LinuxTSPlus43_Banco1LinuxTSPLUS43_clone2904-BKPAUTCITEL-20250525-1515
2025-05-25 15:15:49,001 - WARNING - ⏳ Backup ignorado (estado TERMINATED): Auto-backup for 2025-05-10 08:00:00 via policy: Citel_Diario07
2025-05-25 15:15:49,001 - INFO - 
🔍 Processando block volume: LinuxTSPlus43_HD4-LinuxDBA_clone2904
2025-05-25 15:15:49,301 - INFO - ✅ Backup criado: BlockBackup-LinuxTSPlus43_HD4-LinuxDBA_clone2904-BKPAUTCITEL-20250525-1515
2025-05-25 15:15:49,865 - WARNING - ⏳ Backup ignorado (estado TERMINATED): Auto-backup for 2025-05-10 08:00:00 via policy: Citel_Diario07
2025-05-25 15:15:49,865 - INFO - 
🔍 Processando block volume: LinuxTSPlus50_Banco1LinuxTSPlus50_clone2904
2025-05-25 15:15:49,994 - WARNING - ⚠️ Tentativa 1: Limite de requisições. Aguardando 5s...
2025-05-25 15:15:55,743 - INFO - ✅ Backup criado: BlockBackup-LinuxTSPlus50_Banco1LinuxTSPlus50_clone2904-BKPAUTCITEL-20250525-1515
2025-05-25 15:15:56,344 - WARNING - ⏳ Backup ignorado (estado TERMINATED): Auto-backup for 2025-05-10 08:00:00 via policy: Citel_Diario07
2025-05-25 15:15:56,345 - INFO - 
🔍 Processando block volume: LinuxTSPlus37_Banco1LinuxTSPLUS37_clone2904
2025-05-25 15:15:56,632 - INFO - ✅ Backup criado: BlockBackup-LinuxTSPlus37_Banco1LinuxTSPLUS37_clone2904-BKPAUTCITEL-20250525-1515
2025-05-25 15:15:57,200 - WARNING - ⏳ Backup ignorado (estado TERMINATED): Auto-backup for 2025-05-10 08:00:00 via policy: Citel_Diario07
2025-05-25 15:15:57,201 - INFO - 
🔍 Processando block volume: LinuxTSPlus37_Banco2LinuxTSPLUS37_clone2904
2025-05-25 15:15:57,485 - INFO - ✅ Backup criado: BlockBackup-LinuxTSPlus37_Banco2LinuxTSPLUS37_clone2904-BKPAUTCITEL-20250525-1515
2025-05-25 15:15:58,073 - WARNING - ⏳ Backup ignorado (estado TERMINATED): Auto-backup for 2025-05-10 08:00:00 via policy: Citel_Diario07
2025-05-25 15:15:58,073 - INFO - 
🔍 Processando block volume: LinuxTSPlus40_Banco1
2025-05-25 15:15:58,357 - INFO - ✅ Backup criado: BlockBackup-LinuxTSPlus40_Banco1-BKPAUTCITEL-20250525-1515
2025-05-25 15:15:58,989 - WARNING - ⏳ Backup ignorado (estado TERMINATED): Auto-backup for 2025-05-10 08:00:00 via policy: Citel_Diario07
2025-05-25 15:15:58,989 - INFO - 
🔍 Processando block volume: LinuxTSPlus32_Banco1LinuxTSPLUS32_clone2904
2025-05-25 15:15:59,305 - INFO - ✅ Backup criado: BlockBackup-LinuxTSPlus32_Banco1LinuxTSPLUS32_clone2904-BKPAUTCITEL-20250525-1515
2025-05-25 15:15:59,900 - WARNING - ⏳ Backup ignorado (estado TERMINATED): Auto-backup for 2025-05-10 08:00:00 via policy: Citel_Diario07
2025-05-25 15:15:59,900 - INFO - 
🔍 Processando block volume: LinuxTSPlus32_Banco2LinuxTSPLUS32_clone2904
2025-05-25 15:16:00,180 - INFO - ✅ Backup criado: BlockBackup-LinuxTSPlus32_Banco2LinuxTSPLUS32_clone2904-BKPAUTCITEL-20250525-1515
2025-05-25 15:16:00,745 - WARNING - ⏳ Backup ignorado (estado TERMINATED): Auto-backup for 2025-05-10 08:00:00 via policy: Citel_Diario07
2025-05-25 15:16:00,745 - INFO - 
🔍 Processando block volume: Banco2-LinuxData013
2025-05-25 15:16:01,028 - INFO - ✅ Backup criado: BlockBackup-Banco2-LinuxData013-BKPAUTCITEL-20250525-1516
2025-05-25 15:16:01,615 - WARNING - ⏳ Backup ignorado (estado TERMINATED): Auto-backup for 2025-05-10 08:00:00 via policy: Citel_Diario07
2025-05-25 15:16:01,615 - INFO - 
🔍 Processando block volume: Banco3-LinuxData013
2025-05-25 15:16:01,741 - WARNING - ⚠️ Tentativa 1: Limite de requisições. Aguardando 5s...
2025-05-25 15:16:10,840 - INFO - ✅ Backup criado: BlockBackup-Banco3-LinuxData013-BKPAUTCITEL-20250525-1516
2025-05-25 15:16:11,429 - WARNING - ⏳ Backup ignorado (estado TERMINATED): Auto-backup for 2025-05-10 08:00:00 via policy: Citel_Diario07
2025-05-25 15:16:11,430 - INFO - 
🔍 Processando block volume: Banco1-LinuxData013
2025-05-25 15:16:11,756 - INFO - ✅ Backup criado: BlockBackup-Banco1-LinuxData013-BKPAUTCITEL-20250525-1516
2025-05-25 15:16:12,357 - WARNING - ⏳ Backup ignorado (estado TERMINATED): Auto-backup for 2025-05-10 08:00:00 via policy: Citel_Diario07
2025-05-25 15:16:12,357 - INFO - 
🔍 Processando block volume: LinuxTSPlus14_BackupCoresVivas TKT 902822_clone2904
2025-05-25 15:16:12,706 - INFO - ✅ Backup criado: BlockBackup-LinuxTSPlus14_BackupCoresVivas TKT 902822_clone2904-BKPAUTCITEL-20250525-1516
2025-05-25 15:16:13,282 - WARNING - ⏳ Backup ignorado (estado TERMINATED): Auto-backup for 2025-05-10 08:00:00 via policy: Citel_Diario07
2025-05-25 15:16:13,282 - INFO - 
🔍 Processando block volume: LinuxTSPlus14_Banco2LinuxTSPlus14_clone2904
2025-05-25 15:16:13,407 - WARNING - ⚠️ Tentativa 1: Limite de requisições. Aguardando 5s...
2025-05-25 15:16:21,487 - WARNING - ⚠️ Tentativa 2: Limite de requisições. Aguardando 10s...
2025-05-25 15:16:34,373 - WARNING - ⚠️ Tentativa 3: Limite de requisições. Aguardando 20s...
2025-05-25 15:17:00,026 - INFO - ✅ Backup criado: BlockBackup-LinuxTSPlus14_Banco2LinuxTSPlus14_clone2904-BKPAUTCITEL-20250525-1516
2025-05-25 15:17:00,612 - WARNING - ⏳ Backup ignorado (estado TERMINATED): Auto-backup for 2025-05-10 08:00:00 via policy: Citel_Diario07
2025-05-25 15:17:00,613 - INFO - 
🔍 Processando block volume: LinuxTSPlus9-Banco1LinuxTSPlus9-clone2904
2025-05-25 15:17:00,737 - WARNING - ⚠️ Tentativa 1: Limite de requisições. Aguardando 5s...
2025-05-25 15:17:11,424 - INFO - ✅ Backup criado: BlockBackup-LinuxTSPlus9-Banco1LinuxTSPlus9-clone2904-BKPAUTCITEL-20250525-1517
2025-05-25 15:17:12,057 - WARNING - ⏳ Backup ignorado (estado TERMINATED): Auto-backup for 2025-05-10 08:00:00 via policy: Citel_Diario07
2025-05-25 15:17:12,057 - INFO - 
🔍 Processando block volume: LinuxTSPlus9-Banco3LinuxTSPlus9-clone2904
2025-05-25 15:17:12,383 - INFO - ✅ Backup criado: BlockBackup-LinuxTSPlus9-Banco3LinuxTSPlus9-clone2904-BKPAUTCITEL-20250525-1517
2025-05-25 15:17:12,950 - WARNING - ⏳ Backup ignorado (estado TERMINATED): Auto-backup for 2025-05-10 08:00:00 via policy: Citel_Diario07
2025-05-25 15:17:12,950 - INFO - 
🔍 Processando block volume: LinuxTSPlus14_BancoUbertintasTSPlus14_clone2904
2025-05-25 15:17:13,221 - INFO - ✅ Backup criado: BlockBackup-LinuxTSPlus14_BancoUbertintasTSPlus14_clone2904-BKPAUTCITEL-20250525-1517
2025-05-25 15:17:13,807 - WARNING - ⏳ Backup ignorado (estado TERMINATED): Auto-backup for 2025-05-10 08:00:00 via policy: Citel_Diario07
2025-05-25 15:17:13,808 - INFO - 
🔍 Processando block volume: LinuxTSPlus9-Bancos4_BR9-clone2904
2025-05-25 15:17:14,076 - INFO - ✅ Backup criado: BlockBackup-LinuxTSPlus9-Bancos4_BR9-clone2904-BKPAUTCITEL-20250525-1517
2025-05-25 15:17:14,645 - WARNING - ⏳ Backup ignorado (estado TERMINATED): Auto-backup for 2025-05-10 08:00:00 via policy: Citel_Diario07
2025-05-25 15:17:14,646 - INFO - 
🔍 Processando block volume: LinuxTSPlus8-Banco1LinuxTSPlus8-clone2904
2025-05-25 15:17:14,931 - INFO - ✅ Backup criado: BlockBackup-LinuxTSPlus8-Banco1LinuxTSPlus8-clone2904-BKPAUTCITEL-20250525-1517
2025-05-25 15:17:15,503 - WARNING - ⏳ Backup ignorado (estado TERMINATED): Auto-backup for 2025-05-10 08:00:00 via policy: Citel_Diario07
2025-05-25 15:17:15,504 - INFO - 
🔍 Processando block volume: LinuxTSPlus8-Banco3LinuxTSPlus8-clone2904
2025-05-25 15:17:15,845 - INFO - ✅ Backup criado: BlockBackup-LinuxTSPlus8-Banco3LinuxTSPlus8-clone2904-BKPAUTCITEL-20250525-1517
2025-05-25 15:17:16,440 - WARNING - ⏳ Backup ignorado (estado TERMINATED): Auto-backup for 2025-05-10 08:00:00 via policy: Citel_Diario07
2025-05-25 15:17:16,441 - INFO - 
🔍 Processando block volume: LinuxTSPlus16_Banco1LinuxTSPlus16_clone2904
2025-05-25 15:17:16,566 - WARNING - ⚠️ Tentativa 1: Limite de requisições. Aguardando 5s...
2025-05-25 15:17:24,315 - INFO - ✅ Backup criado: BlockBackup-LinuxTSPlus16_Banco1LinuxTSPlus16_clone2904-BKPAUTCITEL-20250525-1517
2025-05-25 15:17:24,935 - INFO - 
🔍 Processando block volume: LinuxTSPlus16_Banco2LinuxTSPlus16_clone2904
2025-05-25 15:17:25,060 - WARNING - ⚠️ Tentativa 1: Limite de requisições. Aguardando 5s...
2025-05-25 15:17:31,656 - INFO - ✅ Backup criado: BlockBackup-LinuxTSPlus16_Banco2LinuxTSPlus16_clone2904-BKPAUTCITEL-20250525-1517
2025-05-25 15:17:32,222 - INFO - 
🔍 Processando block volume: LinuxTSPlus7-Banco2LinuxTSPlus7-block-clone2904
2025-05-25 15:17:32,538 - INFO - ✅ Backup criado: BlockBackup-LinuxTSPlus7-Banco2LinuxTSPlus7-block-clone2904-BKPAUTCITEL-20250525-1517
2025-05-25 15:17:33,130 - INFO - 
🔍 Processando block volume: LinuxTSPlus7-Banco3LinuxTSPlus7-block-clone2904
2025-05-25 15:17:33,415 - INFO - ✅ Backup criado: BlockBackup-LinuxTSPlus7-Banco3LinuxTSPlus7-block-clone2904-BKPAUTCITEL-20250525-1517
2025-05-25 15:17:34,002 - INFO - 
🔍 Processando block volume: LinuxTSPlus7-Banco3_BR7-block-clone2904
2025-05-25 15:17:34,404 - INFO - ✅ Backup criado: BlockBackup-LinuxTSPlus7-Banco3_BR7-block-clone2904-BKPAUTCITEL-20250525-1517
2025-05-25 15:17:34,967 - INFO - 
🔍 Processando block volume: LinuxTSPlus17_Banco2LinuxTSPlus17_clone2904
2025-05-25 15:17:35,092 - WARNING - ⚠️ Tentativa 1: Limite de requisições. Aguardando 5s...
2025-05-25 15:17:41,042 - INFO - ✅ Backup criado: BlockBackup-LinuxTSPlus17_Banco2LinuxTSPlus17_clone2904-BKPAUTCITEL-20250525-1517
2025-05-25 15:17:41,611 - INFO - 
🔍 Processando block volume: LinuxTSPlus17_BancoPRODBelaTintas_clone2904
2025-05-25 15:17:41,954 - INFO - ✅ Backup criado: BlockBackup-LinuxTSPlus17_BancoPRODBelaTintas_clone2904-BKPAUTCITEL-20250525-1517
2025-05-25 15:17:42,525 - INFO - 
🔍 Processando block volume: LinuxTSPlus17_HD5-LinuxDBAs_clone2904
2025-05-25 15:17:42,650 - WARNING - ⚠️ Tentativa 1: Limite de requisições. Aguardando 5s...
2025-05-25 15:17:52,133 - WARNING - ⚠️ Tentativa 2: Limite de requisições. Aguardando 10s...
2025-05-25 15:18:05,171 - INFO - ✅ Backup criado: BlockBackup-LinuxTSPlus17_HD5-LinuxDBAs_clone2904-BKPAUTCITEL-20250525-1517
2025-05-25 15:18:05,738 - INFO - 
🔍 Processando block volume: LinuxTSPlus6-Banco3LinuxTSPlus6-block-clone2904
2025-05-25 15:18:06,057 - INFO - ✅ Backup criado: BlockBackup-LinuxTSPlus6-Banco3LinuxTSPlus6-block-clone2904-BKPAUTCITEL-20250525-1518
2025-05-25 15:18:06,638 - INFO - 
🔍 Processando block volume: LinuxTSPlus6-Banco4LinuxTSPlus6-block-clone2904
2025-05-25 15:18:06,766 - WARNING - ⚠️ Tentativa 1: Limite de requisições. Aguardando 5s...
2025-05-25 15:18:14,982 - INFO - ✅ Backup criado: BlockBackup-LinuxTSPlus6-Banco4LinuxTSPlus6-block-clone2904-BKPAUTCITEL-20250525-1518
2025-05-25 15:18:15,582 - WARNING - ⏳ Backup ignorado (estado TERMINATED): Auto-backup for 2025-05-10 08:00:00 via policy: Citel_Diario07
2025-05-25 15:18:15,583 - INFO - 
🔍 Processando block volume: LinuxTSPlus18-Banco1LinuxTSPlus18-block-2904
2025-05-25 15:18:15,714 - WARNING - ⚠️ Tentativa 1: Limite de requisições. Aguardando 5s...
2025-05-25 15:18:23,523 - INFO - ✅ Backup criado: BlockBackup-LinuxTSPlus18-Banco1LinuxTSPlus18-block-2904-BKPAUTCITEL-20250525-1518
2025-05-25 15:18:24,088 - WARNING - ⏳ Backup ignorado (estado TERMINATED): Auto-backup for 2025-05-10 08:00:00 via policy: Citel_Diario07
2025-05-25 15:18:24,089 - INFO - 
🔍 Processando block volume: LinuxTSPlus18-Banco2LinuxTSPlus18-block-2904
2025-05-25 15:18:24,532 - INFO - ✅ Backup criado: BlockBackup-LinuxTSPlus18-Banco2LinuxTSPlus18-block-2904-BKPAUTCITEL-20250525-1518
2025-05-25 15:18:25,114 - WARNING - ⏳ Backup ignorado (estado TERMINATED): Auto-backup for 2025-05-10 08:00:00 via policy: Citel_Diario07
2025-05-25 15:18:25,115 - INFO - 
🔍 Processando block volume: LinuxTSPlus18-Bancos4_BR18-block-2904
2025-05-25 15:18:25,381 - INFO - ✅ Backup criado: BlockBackup-LinuxTSPlus18-Bancos4_BR18-block-2904-BKPAUTCITEL-20250525-1518
2025-05-25 15:18:25,955 - WARNING - ⏳ Backup ignorado (estado TERMINATED): Auto-backup for 2025-05-10 08:00:00 via policy: Citel_Diario07
2025-05-25 15:18:25,955 - INFO - 
🔍 Processando block volume: LinuxTsplus59-Banco2Linux59-block-clone2904
2025-05-25 15:18:26,226 - INFO - ✅ Backup criado: BlockBackup-LinuxTsplus59-Banco2Linux59-block-clone2904-BKPAUTCITEL-20250525-1518
2025-05-25 15:18:26,799 - WARNING - ⏳ Backup ignorado (estado TERMINATED): Auto-backup for 2025-05-10 08:00:00 via policy: Citel_Diario07
2025-05-25 15:18:26,800 - INFO - 
🔍 Processando block volume: LinuxTsplus59-BancoLinux59-block-clone2904
2025-05-25 15:18:26,925 - WARNING - ⚠️ Tentativa 1: Limite de requisições. Aguardando 5s...
2025-05-25 15:18:32,761 - INFO - ✅ Backup criado: BlockBackup-LinuxTsplus59-BancoLinux59-block-clone2904-BKPAUTCITEL-20250525-1518
2025-05-25 15:18:33,333 - WARNING - ⏳ Backup ignorado (estado TERMINATED): Auto-backup for 2025-05-10 08:00:00 via policy: Citel_Diario07
2025-05-25 15:18:33,334 - INFO - 
🔍 Processando block volume: LinuxTSPlus19_Banco1LinuxTSPlus19_clone2904
2025-05-25 15:18:33,459 - WARNING - ⚠️ Tentativa 1: Limite de requisições. Aguardando 5s...
2025-05-25 15:18:43,874 - WARNING - ⚠️ Tentativa 2: Limite de requisições. Aguardando 10s...
2025-05-25 15:18:54,730 - WARNING - ⚠️ Tentativa 3: Limite de requisições. Aguardando 20s...
2025-05-25 15:19:20,120 - WARNING - ⚠️ Tentativa 4: Limite de requisições. Aguardando 40s...
2025-05-25 15:20:02,778 - INFO - ✅ Backup criado: BlockBackup-LinuxTSPlus19_Banco1LinuxTSPlus19_clone2904-BKPAUTCITEL-20250525-1518
2025-05-25 15:20:03,354 - WARNING - ⏳ Backup ignorado (estado TERMINATED): Auto-backup for 2025-05-10 08:00:00 via policy: Citel_Diario07
2025-05-25 15:20:03,355 - INFO - 
🔍 Processando block volume: LinuxTSPlus19_Banco3LinuxTSPlus19_clone2904
2025-05-25 15:20:03,646 - INFO - ✅ Backup criado: BlockBackup-LinuxTSPlus19_Banco3LinuxTSPlus19_clone2904-BKPAUTCITEL-20250525-1520
2025-05-25 15:20:04,206 - WARNING - ⏳ Backup ignorado (estado TERMINATED): Auto-backup for 2025-05-10 08:00:00 via policy: Citel_Diario07
2025-05-25 15:20:04,207 - INFO - 
🔍 Processando block volume: LinuxTSPlus20_Banco1LinuxTSPlus20_clone2904
2025-05-25 15:20:04,493 - INFO - ✅ Backup criado: BlockBackup-LinuxTSPlus20_Banco1LinuxTSPlus20_clone2904-BKPAUTCITEL-20250525-1520
2025-05-25 15:20:05,069 - WARNING - ⏳ Backup ignorado (estado TERMINATED): Auto-backup for 2025-05-10 08:00:00 via policy: Citel_Diario07
2025-05-25 15:20:05,069 - INFO - 
🔍 Processando block volume: LinuxTSPlus20_Banco2LinuxTSPlus20_clone2904
2025-05-25 15:20:05,355 - INFO - ✅ Backup criado: BlockBackup-LinuxTSPlus20_Banco2LinuxTSPlus20_clone2904-BKPAUTCITEL-20250525-1520
2025-05-25 15:20:05,935 - WARNING - ⏳ Backup ignorado (estado TERMINATED): Auto-backup for 2025-05-10 08:00:00 via policy: Citel_Diario07
2025-05-25 15:20:05,936 - INFO - 
🔍 Processando block volume: LinuxTSPlus20_Banco3_BR20_clone2904
2025-05-25 15:20:06,230 - INFO - ✅ Backup criado: BlockBackup-LinuxTSPlus20_Banco3_BR20_clone2904-BKPAUTCITEL-20250525-1520
2025-05-25 15:20:06,793 - WARNING - ⏳ Backup ignorado (estado TERMINATED): Auto-backup for 2025-05-10 08:00:00 via policy: Citel_Diario07
2025-05-25 15:20:06,793 - INFO - 
🔍 Processando block volume: LinuxTSPlus20_Banco4LinuxTSPlus20_clone2904
2025-05-25 15:20:06,918 - WARNING - ⚠️ Tentativa 1: Limite de requisições. Aguardando 5s...
2025-05-25 15:20:16,872 - INFO - ✅ Backup criado: BlockBackup-LinuxTSPlus20_Banco4LinuxTSPlus20_clone2904-BKPAUTCITEL-20250525-1520
2025-05-25 15:20:17,458 - WARNING - ⏳ Backup ignorado (estado TERMINATED): Auto-backup for 2025-05-10 08:00:00 via policy: Citel_Diario07
2025-05-25 15:20:17,459 - INFO - 
🔍 Processando block volume: LinuxTSPlus5-Banco3LinuxBR5-block-clone2904
2025-05-25 15:20:17,584 - WARNING - ⚠️ Tentativa 1: Limite de requisições. Aguardando 5s...
2025-05-25 15:20:25,714 - INFO - ✅ Backup criado: BlockBackup-LinuxTSPlus5-Banco3LinuxBR5-block-clone2904-BKPAUTCITEL-20250525-1520
2025-05-25 15:20:26,299 - WARNING - ⏳ Backup ignorado (estado TERMINATED): Auto-backup for 2025-05-10 08:00:00 via policy: Citel_Diario07
2025-05-25 15:20:26,301 - INFO - 
🔍 Processando block volume: LinuxTSPlus5-Banco2LinuxBR5-block-clone2904
2025-05-25 15:20:26,580 - INFO - ✅ Backup criado: BlockBackup-LinuxTSPlus5-Banco2LinuxBR5-block-clone2904-BKPAUTCITEL-20250525-1520
2025-05-25 15:20:27,149 - WARNING - ⏳ Backup ignorado (estado TERMINATED): Auto-backup for 2025-05-10 08:00:00 via policy: Citel_Diario07
2025-05-25 15:20:27,149 - INFO - 
🔍 Processando block volume: Banco1-LinuxData004
2025-05-25 15:20:27,431 - INFO - ✅ Backup criado: BlockBackup-Banco1-LinuxData004-BKPAUTCITEL-20250525-1520
2025-05-25 15:20:28,002 - WARNING - ⏳ Backup ignorado (estado TERMINATED): Auto-backup for 2025-05-10 08:00:00 via policy: Citel_Diario07
2025-05-25 15:20:28,003 - INFO - 
🔍 Processando block volume: Banco2-LinuxData004
2025-05-25 15:20:28,284 - INFO - ✅ Backup criado: BlockBackup-Banco2-LinuxData004-BKPAUTCITEL-20250525-1520
2025-05-25 15:20:28,867 - WARNING - ⏳ Backup ignorado (estado TERMINATED): Auto-backup for 2025-05-10 08:00:00 via policy: Citel_Diario07
2025-05-25 15:20:28,867 - INFO - 
🔍 Processando block volume: Banco3-LinuxData004
2025-05-25 15:20:29,151 - INFO - ✅ Backup criado: BlockBackup-Banco3-LinuxData004-BKPAUTCITEL-20250525-1520
2025-05-25 15:20:29,728 - WARNING - ⏳ Backup ignorado (estado TERMINATED): Auto-backup for 2025-05-10 08:00:00 via policy: Citel_Diario07
2025-05-25 15:20:29,728 - INFO - 
🔍 Processando block volume: LinuxTSPlus48-block-Restore
2025-05-25 15:20:30,013 - INFO - ✅ Backup criado: BlockBackup-LinuxTSPlus48-block-Restore-BKPAUTCITEL-20250525-1520
2025-05-25 15:20:30,587 - WARNING - ⏳ Backup ignorado (estado TERMINATED): Auto-backup for 2025-05-10 08:00:00 via policy: Citel_Diario07
2025-05-25 15:20:30,587 - INFO - 
🔍 Processando block volume: LinuxData007-Banco4
2025-05-25 15:20:30,887 - INFO - ✅ Backup criado: BlockBackup-LinuxData007-Banco4-BKPAUTCITEL-20250525-1520
2025-05-25 15:20:31,470 - WARNING - ⏳ Backup ignorado (estado TERMINATED): Auto-backup for 2025-05-10 08:00:00 via policy: Citel_Diario07
2025-05-25 15:20:31,471 - INFO - 
🔍 Processando block volume: Banco2LinuxBR21-Restore
2025-05-25 15:20:31,596 - WARNING - ⚠️ Tentativa 1: Limite de requisições. Aguardando 5s...
2025-05-25 15:20:39,620 - INFO - ✅ Backup criado: BlockBackup-Banco2LinuxBR21-Restore-BKPAUTCITEL-20250525-1520
2025-05-25 15:20:40,198 - WARNING - ⏳ Backup ignorado (estado TERMINATED): Auto-backup for 2025-05-10 08:00:00 via policy: Citel_Diario07
2025-05-25 15:20:40,199 - INFO - 
🔍 Processando block volume: LinuxTSPlus41-block-Restore
2025-05-25 15:20:40,324 - WARNING - ⚠️ Tentativa 1: Limite de requisições. Aguardando 5s...
2025-05-25 15:20:49,696 - INFO - ✅ Backup criado: BlockBackup-LinuxTSPlus41-block-Restore-BKPAUTCITEL-20250525-1520
2025-05-25 15:20:50,347 - INFO - 
🔍 Processando block volume: Banco1LinuxTSPlus26-Restore
2025-05-25 15:20:50,473 - WARNING - ⚠️ Tentativa 1: Limite de requisições. Aguardando 5s...
2025-05-25 15:20:57,788 - WARNING - ⚠️ Tentativa 2: Limite de requisições. Aguardando 10s...
2025-05-25 15:21:11,613 - INFO - ✅ Backup criado: BlockBackup-Banco1LinuxTSPlus26-Restore-BKPAUTCITEL-20250525-1520
2025-05-25 15:21:12,183 - WARNING - ⏳ Backup ignorado (estado TERMINATED): Auto-backup for 2025-05-10 08:00:00 via policy: Citel_Diario07
2025-05-25 15:21:12,183 - INFO - 
🔍 Processando block volume: LinuxTSPlus36-block-Restore
2025-05-25 15:21:12,488 - INFO - ✅ Backup criado: BlockBackup-LinuxTSPlus36-block-Restore-BKPAUTCITEL-20250525-1521
2025-05-25 15:21:13,048 - WARNING - ⏳ Backup ignorado (estado TERMINATED): Auto-backup for 2025-05-10 08:00:00 via policy: Citel_Diario07
2025-05-25 15:21:13,048 - INFO - 
🔍 Processando block volume: LinuxTSPlus34-Bancos3_BR34-backup-Restore
2025-05-25 15:21:13,344 - INFO - ✅ Backup criado: BlockBackup-LinuxTSPlus34-Bancos3_BR34-backup-Restore-BKPAUTCITEL-20250525-1521
2025-05-25 15:21:13,932 - WARNING - ⏳ Backup ignorado (estado TERMINATED): Auto-backup for 2025-05-10 08:00:00 via policy: Citel_Diario07
2025-05-25 15:21:13,933 - INFO - 
🔍 Processando block volume: LinuxTSPlus34-Bancos2_BR34-backup-Restore
2025-05-25 15:21:14,230 - INFO - ✅ Backup criado: BlockBackup-LinuxTSPlus34-Bancos2_BR34-backup-Restore-BKPAUTCITEL-20250525-1521
2025-05-25 15:21:14,805 - WARNING - ⏳ Backup ignorado (estado TERMINATED): Auto-backup for 2025-05-10 08:00:00 via policy: Citel_Diario07
2025-05-25 15:21:14,805 - INFO - 
🔍 Processando block volume: Banco1LinuxTSPLUS33-Restore
2025-05-25 15:21:15,085 - INFO - ✅ Backup criado: BlockBackup-Banco1LinuxTSPLUS33-Restore-BKPAUTCITEL-20250525-1521
2025-05-25 15:21:15,676 - WARNING - ⏳ Backup ignorado (estado TERMINATED): Auto-backup for 2025-05-10 08:00:00 via policy: Citel_Diario07
2025-05-25 15:21:15,676 - INFO - 
🔍 Processando block volume: Banco2BR33-Restore
2025-05-25 15:21:15,802 - WARNING - ⚠️ Tentativa 1: Limite de requisições. Aguardando 5s...
2025-05-25 15:21:24,759 - INFO - ✅ Backup criado: BlockBackup-Banco2BR33-Restore-BKPAUTCITEL-20250525-1521
2025-05-25 15:21:25,324 - WARNING - ⏳ Backup ignorado (estado TERMINATED): Auto-backup for 2025-05-10 08:00:00 via policy: Citel_Diario07
2025-05-25 15:21:25,324 - INFO - 
🔍 Processando block volume: LinuxTSPlus34-Banco1LinuxTSPLUS34-backup-Restore
2025-05-25 15:21:25,604 - INFO - ✅ Backup criado: BlockBackup-LinuxTSPlus34-Banco1LinuxTSPLUS34-backup-Restore-BKPAUTCITEL-20250525-1521
2025-05-25 15:21:26,169 - WARNING - ⏳ Backup ignorado (estado TERMINATED): Auto-backup for 2025-05-10 08:00:00 via policy: Citel_Diario07
2025-05-25 15:21:26,170 - INFO - 
🔍 Processando block volume: LinuxTSPlus1-Restore1
2025-05-25 15:21:26,295 - WARNING - ⚠️ Tentativa 1: Limite de requisições. Aguardando 5s...
2025-05-25 15:21:32,361 - INFO - ✅ Backup criado: BlockBackup-LinuxTSPlus1-Restore1-BKPAUTCITEL-20250525-1521
2025-05-25 15:21:32,939 - WARNING - ⏳ Backup ignorado (estado TERMINATED): Auto-backup for 2025-05-10 08:00:00 via policy: Citel_Diario07
2025-05-25 15:21:32,939 - INFO - 
🔍 Processando block volume: Bancos5_BR1-Restore2
2025-05-25 15:21:33,219 - INFO - ✅ Backup criado: BlockBackup-Bancos5_BR1-Restore2-BKPAUTCITEL-20250525-1521
2025-05-25 15:21:33,802 - WARNING - ⏳ Backup ignorado (estado TERMINATED): Auto-backup for 2025-05-10 08:00:00 via policy: Citel_Diario07
2025-05-25 15:21:33,802 - INFO - 
🔍 Processando block volume: Bancos4_BR01-Restore3
2025-05-25 15:21:34,100 - INFO - ✅ Backup criado: BlockBackup-Bancos4_BR01-Restore3-BKPAUTCITEL-20250525-1521
2025-05-25 15:21:34,689 - WARNING - ⏳ Backup ignorado (estado TERMINATED): Auto-backup for 2025-05-10 08:00:00 via policy: Citel_Diario07
2025-05-25 15:21:34,689 - INFO - 
🔍 Processando block volume: Banco3LinuxTSPlus1-Restore4
2025-05-25 15:21:34,951 - INFO - ✅ Backup criado: BlockBackup-Banco3LinuxTSPlus1-Restore4-BKPAUTCITEL-20250525-1521
2025-05-25 15:21:35,543 - WARNING - ⏳ Backup ignorado (estado TERMINATED): Auto-backup for 2025-05-10 08:00:00 via policy: Citel_Diario07
2025-05-25 15:21:35,543 - INFO - 
🔍 Processando block volume: Banco1LinuxTSPlus24-Restore
2025-05-25 15:21:35,669 - WARNING - ⚠️ Tentativa 1: Limite de requisições. Aguardando 5s...
2025-05-25 15:21:42,239 - WARNING - ⚠️ Tentativa 2: Limite de requisições. Aguardando 10s...
2025-05-25 15:21:55,619 - INFO - ✅ Backup criado: BlockBackup-Banco1LinuxTSPlus24-Restore-BKPAUTCITEL-20250525-1521
2025-05-25 15:21:56,537 - WARNING - ⏳ Backup ignorado (estado TERMINATED): Auto-backup for 2025-05-10 08:00:00 via policy: Citel_Diario07
2025-05-25 15:21:56,537 - INFO - 
🔍 Processando block volume: Banco1LinuxTSPlus22-Restore
2025-05-25 15:21:56,803 - INFO - ✅ Backup criado: BlockBackup-Banco1LinuxTSPlus22-Restore-BKPAUTCITEL-20250525-1521
2025-05-25 15:21:57,368 - WARNING - ⏳ Backup ignorado (estado TERMINATED): Auto-backup for 2025-05-10 08:00:00 via policy: Citel_Diario07
2025-05-25 15:21:57,369 - INFO - 
🔍 Processando block volume: Banco3LinuxTSPlus22-Restore
2025-05-25 15:21:57,640 - INFO - ✅ Backup criado: BlockBackup-Banco3LinuxTSPlus22-Restore-BKPAUTCITEL-20250525-1521
2025-05-25 15:21:58,208 - WARNING - ⏳ Backup ignorado (estado TERMINATED): Auto-backup for 2025-05-10 08:00:00 via policy: Citel_Diario07
2025-05-25 15:21:58,209 - INFO - 
🔍 Processando block volume: Banco2LinuxTSPlus22-Restore
2025-05-25 15:21:58,334 - WARNING - ⚠️ Tentativa 1: Limite de requisições. Aguardando 5s...
2025-05-25 15:22:04,274 - INFO - ✅ Backup criado: BlockBackup-Banco2LinuxTSPlus22-Restore-BKPAUTCITEL-20250525-1521
2025-05-25 15:22:04,857 - WARNING - ⏳ Backup ignorado (estado TERMINATED): Auto-backup for 2025-05-10 08:00:00 via policy: Citel_Diario07
2025-05-25 15:22:04,857 - INFO - 
🔍 Processando block volume: LinuxData010-PalacioTKT651385
2025-05-25 15:22:05,138 - INFO - ✅ Backup criado: BlockBackup-LinuxData010-PalacioTKT651385-BKPAUTCITEL-20250525-1522
2025-05-25 15:22:05,704 - WARNING - ⏳ Backup ignorado (estado TERMINATED): Auto-backup for 2025-05-10 08:00:00 via policy: Citel_Diario07
2025-05-25 15:22:05,704 - INFO - 
🔍 Processando block volume: LinuxData010-Banco4
2025-05-25 15:22:05,829 - WARNING - ⚠️ Tentativa 1: Limite de requisições. Aguardando 5s...
2025-05-25 15:22:12,258 - INFO - ✅ Backup criado: BlockBackup-LinuxData010-Banco4-BKPAUTCITEL-20250525-1522
2025-05-25 15:22:12,825 - WARNING - ⏳ Backup ignorado (estado TERMINATED): Auto-backup for 2025-05-10 08:00:00 via policy: Citel_Diario07
2025-05-25 15:22:12,826 - INFO - 
🔍 Processando block volume: LinuxData010-Banco5
2025-05-25 15:22:12,951 - WARNING - ⚠️ Tentativa 1: Limite de requisições. Aguardando 5s...
2025-05-25 15:22:19,102 - INFO - ✅ Backup criado: BlockBackup-LinuxData010-Banco5-BKPAUTCITEL-20250525-1522
2025-05-25 15:22:19,670 - WARNING - ⏳ Backup ignorado (estado TERMINATED): Auto-backup for 2025-05-10 08:00:00 via policy: Citel_Diario07
2025-05-25 15:22:19,671 - INFO - 
🔍 Processando block volume: LinuxData010-GeB
2025-05-25 15:22:19,796 - WARNING - ⚠️ Tentativa 1: Limite de requisições. Aguardando 5s...
2025-05-25 15:22:27,241 - WARNING - ⚠️ Tentativa 2: Limite de requisições. Aguardando 10s...
2025-05-25 15:22:39,332 - WARNING - ⚠️ Tentativa 3: Limite de requisições. Aguardando 20s...
2025-05-25 15:23:04,248 - INFO - ✅ Backup criado: BlockBackup-LinuxData010-GeB-BKPAUTCITEL-20250525-1522
2025-05-25 15:23:04,815 - WARNING - ⏳ Backup ignorado (estado TERMINATED): Auto-backup for 2025-05-10 08:00:00 via policy: Citel_Diario07
2025-05-25 15:23:04,815 - INFO - 
🔍 Processando block volume: LinuxData020-Banco3_BR20
2025-05-25 15:23:05,093 - INFO - ✅ Backup criado: BlockBackup-LinuxData020-Banco3_BR20-BKPAUTCITEL-20250525-1523
2025-05-25 15:23:05,657 - WARNING - ⏳ Backup ignorado (estado TERMINATED): Auto-backup for 2025-05-10 08:00:00 via policy: Citel_Diario07
2025-05-25 15:23:05,658 - INFO - 
🔍 Processando block volume: Banco3_BR20-RESTORE_FILES
2025-05-25 15:23:05,978 - INFO - ✅ Backup criado: BlockBackup-Banco3_BR20-RESTORE_FILES-BKPAUTCITEL-20250525-1523
2025-05-25 15:23:06,545 - INFO - 
🔍 Processando block volume: LinuxData030_clone06052025
2025-05-25 15:23:06,824 - INFO - ✅ Backup criado: BlockBackup-LinuxData030_clone06052025-BKPAUTCITEL-20250525-1523
2025-05-25 15:23:07,381 - INFO - 
🔍 Processando block volume: Restore_Teste_Bancos3_BR20
2025-05-25 15:23:07,674 - INFO - ✅ Backup criado: BlockBackup-Restore_Teste_Bancos3_BR20-BKPAUTCITEL-20250525-1523
2025-05-25 15:23:08,278 - INFO - 
🔍 Processando block volume: Restore Banco ComercialCarvalho
2025-05-25 15:23:08,557 - INFO - ✅ Backup criado: BlockBackup-Restore Banco ComercialCarvalho-BKPAUTCITEL-20250525-1523
2025-05-25 15:23:09,111 - INFO - 
🔍 Processando block volume: Restore Banco Fluzao
2025-05-25 15:23:09,236 - WARNING - ⚠️ Tentativa 1: Limite de requisições. Aguardando 5s...
2025-05-25 15:23:19,089 - INFO - ✅ Backup criado: BlockBackup-Restore Banco Fluzao-BKPAUTCITEL-20250525-1523
2025-05-25 15:23:19,656 - INFO - 
🔍 Processando block volume: Restore Banco Suprema
2025-05-25 15:23:19,949 - INFO - ✅ Backup criado: BlockBackup-Restore Banco Suprema-BKPAUTCITEL-20250525-1523
2025-05-25 15:23:20,510 - INFO - 
🔍 Processando block volume: BKP Fluzao Prudente
2025-05-25 15:23:20,807 - INFO - ✅ Backup criado: BlockBackup-BKP Fluzao Prudente-BKPAUTCITEL-20250525-1523
2025-05-25 15:23:21,379 - INFO - 
🔍 Processando block volume: LINUXDATA020-BANCO3-Testerecovery-14-05-2025
2025-05-25 15:23:21,505 - WARNING - ⚠️ Tentativa 1: Limite de requisições. Aguardando 5s...
2025-05-25 15:23:31,136 - INFO - ✅ Backup criado: BlockBackup-LINUXDATA020-BANCO3-Testerecovery-14-05-2025-BKPAUTCITEL-20250525-1523
2025-05-25 15:23:31,694 - INFO - 
🔍 Processando block volume: Restore Banco BI Royal
2025-05-25 15:23:32,006 - INFO - ✅ Backup criado: BlockBackup-Restore Banco BI Royal-BKPAUTCITEL-20250525-1523
2025-05-25 15:23:32,558 - INFO - 
🔍 Processando block volume: Restore Banco BI Piso e Cia 
2025-05-25 15:23:32,857 - INFO - ✅ Backup criado: BlockBackup-Restore Banco BI Piso e Cia -BKPAUTCITEL-20250525-1523
2025-05-25 15:23:33,416 - INFO - 
🔍 Processando block volume: Restore Banco BI MaxVinil
2025-05-25 15:23:33,677 - INFO - ✅ Backup criado: BlockBackup-Restore Banco BI MaxVinil-BKPAUTCITEL-20250525-1523
2025-05-25 15:23:34,245 - INFO - 
🔍 Processando block volume: Restore Banco BI Vermat
2025-05-25 15:23:34,522 - INFO - ✅ Backup criado: BlockBackup-Restore Banco BI Vermat-BKPAUTCITEL-20250525-1523
2025-05-25 15:23:35,084 - INFO - 
🔍 Processando block volume: Restore Banco BI Perin
2025-05-25 15:23:35,209 - WARNING - ⚠️ Tentativa 1: Limite de requisições. Aguardando 5s...
2025-05-25 15:23:40,895 - WARNING - ⚠️ Tentativa 2: Limite de requisições. Aguardando 10s...
2025-05-25 15:23:53,795 - INFO - ✅ Backup criado: BlockBackup-Restore Banco BI Perin-BKPAUTCITEL-20250525-1523
2025-05-25 15:23:54,355 - INFO - 
🔍 Processando block volume: Restore Banco BI AtacadaoPT
2025-05-25 15:23:54,643 - INFO - ✅ Backup criado: BlockBackup-Restore Banco BI AtacadaoPT-BKPAUTCITEL-20250525-1523
2025-05-25 15:23:55,212 - INFO - 
🔍 Processando block volume: Restore Banco BI Agrocac
2025-05-25 15:23:55,492 - INFO - ✅ Backup criado: BlockBackup-Restore Banco BI Agrocac-BKPAUTCITEL-20250525-1523
2025-05-25 15:23:56,060 - INFO - 
🔍 Processando block volume: Restore Banco BI PadraoPVC
2025-05-25 15:23:56,397 - INFO - ✅ Backup criado: BlockBackup-Restore Banco BI PadraoPVC-BKPAUTCITEL-20250525-1523
2025-05-25 15:23:56,978 - INFO - 
🔍 Processando block volume: Restore Banco BI Rezende
2025-05-25 15:23:57,104 - WARNING - ⚠️ Tentativa 1: Limite de requisições. Aguardando 5s...
2025-05-25 15:24:06,455 - INFO - ✅ Backup criado: BlockBackup-Restore Banco BI Rezende-BKPAUTCITEL-20250525-1523
2025-05-25 15:24:07,018 - INFO - 
🔍 Processando block volume: Restore Banco BI MadMapa
2025-05-25 15:24:07,340 - INFO - ✅ Backup criado: BlockBackup-Restore Banco BI MadMapa-BKPAUTCITEL-20250525-1524
2025-05-25 15:24:07,928 - INFO - 
🔍 Processando block volume: Restore Banco BI Santana
2025-05-25 15:24:08,254 - INFO - ✅ Backup criado: BlockBackup-Restore Banco BI Santana-BKPAUTCITEL-20250525-1524
2025-05-25 15:24:08,819 - INFO - 
🔍 Processando block volume: Restore Banco BI VarejaodasTintas
2025-05-25 15:24:09,087 - INFO - ✅ Backup criado: BlockBackup-Restore Banco BI VarejaodasTintas-BKPAUTCITEL-20250525-1524
2025-05-25 15:24:09,665 - INFO - 
🔍 Processando block volume: Restore Banco BI ElloTintas
2025-05-25 15:24:09,791 - WARNING - ⚠️ Tentativa 1: Limite de requisições. Aguardando 5s...
2025-05-25 15:24:16,217 - INFO - ✅ Backup criado: BlockBackup-Restore Banco BI ElloTintas-BKPAUTCITEL-20250525-1524
2025-05-25 15:24:16,779 - INFO - 
🔍 Processando block volume: Restore Banco BI Moto One
2025-05-25 15:24:17,054 - INFO - ✅ Backup criado: BlockBackup-Restore Banco BI Moto One-BKPAUTCITEL-20250525-1524
2025-05-25 15:24:17,614 - INFO - 
🔍 Processando block volume: Restore Banco BI OLV
2025-05-25 15:24:17,739 - WARNING - ⚠️ Tentativa 1: Limite de requisições. Aguardando 5s...
2025-05-25 15:24:24,287 - INFO - ✅ Backup criado: BlockBackup-Restore Banco BI OLV-BKPAUTCITEL-20250525-1524
2025-05-25 15:24:24,844 - INFO - 
🔍 Processando block volume: Restore Banco BI Construilma
2025-05-25 15:24:25,125 - INFO - ✅ Backup criado: BlockBackup-Restore Banco BI Construilma-BKPAUTCITEL-20250525-1524
2025-05-25 15:24:25,687 - INFO - 
🔍 Processando block volume: Restore Banco BI Baytek
2025-05-25 15:24:25,812 - WARNING - ⚠️ Tentativa 1: Limite de requisições. Aguardando 5s...
2025-05-25 15:24:34,426 - WARNING - ⚠️ Tentativa 2: Limite de requisições. Aguardando 10s...
2025-05-25 15:24:46,829 - INFO - ✅ Backup criado: BlockBackup-Restore Banco BI Baytek-BKPAUTCITEL-20250525-1524
2025-05-25 15:24:47,405 - INFO - 
🔍 Processando block volume: Restore Banco BI Soldage
2025-05-25 15:24:47,727 - INFO - ✅ Backup criado: BlockBackup-Restore Banco BI Soldage-BKPAUTCITEL-20250525-1524
2025-05-25 15:24:48,298 - INFO - 
🔍 Processando block volume: Banco Restore BI Rizato
2025-05-25 15:24:48,425 - WARNING - ⚠️ Tentativa 1: Limite de requisições. Aguardando 5s...
2025-05-25 15:24:57,025 - INFO - ✅ Backup criado: BlockBackup-Banco Restore BI Rizato-BKPAUTCITEL-20250525-1524
2025-05-25 15:24:57,589 - INFO - 
🔍 Processando block volume: Restore Banco BI Colomarti
2025-05-25 15:24:57,865 - INFO - ✅ Backup criado: BlockBackup-Restore Banco BI Colomarti-BKPAUTCITEL-20250525-1524
2025-05-25 15:24:58,430 - INFO - 
🔍 Processando block volume: HD BKP BI Gasparzinho
2025-05-25 15:24:58,710 - INFO - ✅ Backup criado: BlockBackup-HD BKP BI Gasparzinho-BKPAUTCITEL-20250525-1524
2025-05-25 15:24:59,273 - INFO - 
🔍 Processando block volume: Banco_srvEstrategico
2025-05-25 15:24:59,592 - INFO - ✅ Backup criado: BlockBackup-Banco_srvEstrategico-BKPAUTCITEL-20250525-1524
2025-05-25 15:25:00,159 - INFO - 
🔍 Processando block volume: Restore banco Palmas bkp2 
2025-05-25 15:25:00,412 - INFO - ✅ Backup criado: BlockBackup-Restore banco Palmas bkp2 -BKPAUTCITEL-20250525-1525
2025-05-25 15:25:00,977 - INFO - 
🔍 Processando block volume: Restore Banco 2B bkp2
2025-05-25 15:25:01,254 - INFO - ✅ Backup criado: BlockBackup-Restore Banco 2B bkp2-BKPAUTCITEL-20250525-1525
2025-05-25 15:25:01,817 - INFO - 
🔍 Processando block volume: Restore Banco BI Refrigas2
2025-05-25 15:25:01,943 - WARNING - ⚠️ Tentativa 1: Limite de requisições. Aguardando 5s...
2025-05-25 15:25:08,474 - INFO - ✅ Backup criado: BlockBackup-Restore Banco BI Refrigas2-BKPAUTCITEL-20250525-1525
2025-05-25 15:25:09,046 - INFO - 
🔍 Processando block volume: BKP Valclei tkt 1076246
2025-05-25 15:25:09,171 - WARNING - ⚠️ Tentativa 1: Limite de requisições. Aguardando 5s...
2025-05-25 15:25:19,777 - INFO - ✅ Backup criado: BlockBackup-BKP Valclei tkt 1076246-BKPAUTCITEL-20250525-1525
2025-05-25 15:25:20,341 - INFO - 
🔍 Processando block volume: Restore2 BI Paratudo
2025-05-25 15:25:20,467 - WARNING - ⚠️ Tentativa 1: Limite de requisições. Aguardando 5s...
2025-05-25 15:25:30,419 - INFO - ✅ Backup criado: BlockBackup-Restore2 BI Paratudo-BKPAUTCITEL-20250525-1525
2025-05-25 15:25:30,969 - INFO - 
🔍 Processando block volume: Banco2 MiaraKruger bi 
2025-05-25 15:25:31,240 - INFO - ✅ Backup criado: BlockBackup-Banco2 MiaraKruger bi -BKPAUTCITEL-20250525-1525
2025-05-25 15:25:31,786 - INFO - 
✅ Execução concluída com sucesso
