2025-05-24 23:12:55,523 - INFO - 
🔍 Processando block volume: LinuxTSPlus1
2025-05-24 23:12:55,841 - INFO - ✅ Backup criado: BlockBackup-LinuxTSPlus1-BKPAUTCITEL-20250524-2312
2025-05-24 23:12:56,501 - INFO - 
🔍 Processando block volume: Banco1LinuxTSPlus2
2025-05-24 23:12:56,904 - INFO - ✅ Backup criado: BlockBackup-Banco1LinuxTSPlus2-BKPAUTCITEL-20250524-2312
2025-05-24 23:12:57,515 - INFO - 
🔍 Processando block volume: Banco1LinuxTSPlus4
2025-05-24 23:12:57,897 - INFO - ✅ Backup criado: BlockBackup-Banco1LinuxTSPlus4-BKPAUTCITEL-20250524-2312
2025-05-24 23:12:58,502 - INFO - 
🔍 Processando block volume: Banco1LinuxTSPlus20
2025-05-24 23:12:58,929 - INFO - ✅ Backup criado: BlockBackup-Banco1LinuxTSPlus20-BKPAUTCITEL-20250524-2312
2025-05-24 23:12:59,534 - INFO - 
🔍 Processando block volume: Banco3LinuxTSPlus1
2025-05-24 23:12:59,822 - INFO - ✅ Backup criado: BlockBackup-Banco3LinuxTSPlus1-BKPAUTCITEL-20250524-2312
2025-05-24 23:13:00,430 - INFO - 
🔍 Processando block volume: Banco_PalacioFerramentas
2025-05-24 23:13:00,734 - INFO - ✅ Backup criado: BlockBackup-Banco_PalacioFerramentas-BKPAUTCITEL-20250524-2313
2025-05-24 23:13:01,301 - INFO - 
🔍 Processando block volume: Banco1LinuxTSPlus25
2025-05-24 23:13:01,582 - INFO - ✅ Backup criado: BlockBackup-Banco1LinuxTSPlus25-BKPAUTCITEL-20250524-2313
2025-05-24 23:13:02,184 - INFO - 
🔍 Processando block volume: Banco1LinuxTSPlus30
2025-05-24 23:13:02,495 - INFO - ✅ Backup criado: BlockBackup-Banco1LinuxTSPlus30-BKPAUTCITEL-20250524-2313
2025-05-24 23:13:03,250 - INFO - 
🔍 Processando block volume: Banco5LinuxTSPlus10
2025-05-24 23:13:03,623 - INFO - ✅ Backup criado: BlockBackup-Banco5LinuxTSPlus10-BKPAUTCITEL-20250524-2313
2025-05-24 23:13:04,227 - INFO - 
🔍 Processando block volume: Banco2LinuxTSPlus20
2025-05-24 23:13:04,509 - INFO - ✅ Backup criado: BlockBackup-Banco2LinuxTSPlus20-BKPAUTCITEL-20250524-2313
2025-05-24 23:13:05,164 - INFO - 
🔍 Processando block volume: Banco2BR24
2025-05-24 23:13:05,450 - INFO - ✅ Backup criado: BlockBackup-Banco2BR24-BKPAUTCITEL-20250524-2313
2025-05-24 23:13:06,095 - INFO - 
🔍 Processando block volume: LinuxDataBelaTintas
2025-05-24 23:13:06,390 - INFO - ✅ Backup criado: BlockBackup-LinuxDataBelaTintas-BKPAUTCITEL-20250524-2313
2025-05-24 23:13:06,996 - INFO - 
🔍 Processando block volume: Bancos2_BR02
2025-05-24 23:13:07,301 - INFO - ✅ Backup criado: BlockBackup-Bancos2_BR02-BKPAUTCITEL-20250524-2313
2025-05-24 23:13:07,960 - INFO - 
🔍 Processando block volume: Bancos4_BR01
2025-05-24 23:13:08,258 - INFO - ✅ Backup criado: BlockBackup-Bancos4_BR01-BKPAUTCITEL-20250524-2313
2025-05-24 23:13:08,870 - INFO - 
🔍 Processando block volume: BKO Palacio TKT 651385
2025-05-24 23:13:09,159 - INFO - ✅ Backup criado: BlockBackup-BKO Palacio TKT 651385-BKPAUTCITEL-20250524-2313
2025-05-24 23:13:09,749 - INFO - 
🔍 Processando block volume: Bancos3_BR25
2025-05-24 23:13:10,038 - INFO - ✅ Backup criado: BlockBackup-Bancos3_BR25-BKPAUTCITEL-20250524-2313
2025-05-24 23:13:10,646 - INFO - 
🔍 Processando block volume: GeB
2025-05-24 23:13:10,952 - INFO - ✅ Backup criado: BlockBackup-GeB-BKPAUTCITEL-20250524-2313
2025-05-24 23:13:11,554 - INFO - 
🔍 Processando block volume: Banco3_BR20
2025-05-24 23:13:11,820 - INFO - ✅ Backup criado: BlockBackup-Banco3_BR20-BKPAUTCITEL-20250524-2313
2025-05-24 23:13:12,425 - INFO - 
🔍 Processando block volume: Banco_Darka
2025-05-24 23:13:12,704 - INFO - ✅ Backup criado: BlockBackup-Banco_Darka-BKPAUTCITEL-20250524-2313
2025-05-24 23:13:13,335 - INFO - 
🔍 Processando block volume: Banco4LinuxTSPlus20
2025-05-24 23:13:13,470 - WARNING - ⚠️ Tentativa 1: Limite de requisições. Aguardando 5s...
2025-05-24 23:13:20,414 - WARNING - ⚠️ Tentativa 2: Limite de requisições. Aguardando 10s...
2025-05-24 23:13:31,911 - INFO - ✅ Backup criado: BlockBackup-Banco4LinuxTSPlus20-BKPAUTCITEL-20250524-2313
2025-05-24 23:13:32,465 - INFO - 
🔍 Processando block volume: BackupGeB
2025-05-24 23:13:32,588 - WARNING - ⚠️ Tentativa 1: Limite de requisições. Aguardando 5s...
2025-05-24 23:13:42,645 - INFO - ✅ Backup criado: BlockBackup-BackupGeB-BKPAUTCITEL-20250524-2313
2025-05-24 23:13:43,236 - INFO - 
🔍 Processando block volume: BancoGeB
2025-05-24 23:13:43,371 - WARNING - ⚠️ Tentativa 1: Limite de requisições. Aguardando 5s...
2025-05-24 23:13:52,385 - WARNING - ⚠️ Tentativa 2: Limite de requisições. Aguardando 10s...
2025-05-24 23:14:07,250 - WARNING - ⚠️ Tentativa 3: Limite de requisições. Aguardando 20s...
2025-05-24 23:14:29,990 - INFO - ✅ Backup criado: BlockBackup-BancoGeB-BKPAUTCITEL-20250524-2313
2025-05-24 23:14:30,597 - INFO - 
🔍 Processando block volume: Bancos5_BR1
2025-05-24 23:14:30,887 - INFO - ✅ Backup criado: BlockBackup-Bancos5_BR1-BKPAUTCITEL-20250524-2314
2025-05-24 23:14:31,506 - INFO - 
🔍 Processando block volume: BackupCoresVivas TKT 902822
2025-05-24 23:14:31,833 - INFO - ✅ Backup criado: BlockBackup-BackupCoresVivas TKT 902822-BKPAUTCITEL-20250524-2314
2025-05-24 23:14:32,494 - INFO - 
🔍 Processando block volume: bkpBoomerVinicius
2025-05-24 23:14:32,842 - INFO - ✅ Backup criado: BlockBackup-bkpBoomerVinicius-BKPAUTCITEL-20250524-2314
2025-05-24 23:14:33,502 - INFO - 
🔍 Processando block volume: GeB2
2025-05-24 23:14:33,882 - INFO - ✅ Backup criado: BlockBackup-GeB2-BKPAUTCITEL-20250524-2314
2025-05-24 23:14:34,484 - INFO - 
🔍 Processando block volume: bkpParque1014464
2025-05-24 23:14:34,619 - WARNING - ⚠️ Tentativa 1: Limite de requisições. Aguardando 5s...
2025-05-24 23:14:43,877 - INFO - ✅ Backup criado: BlockBackup-bkpParque1014464-BKPAUTCITEL-20250524-2314
2025-05-24 23:14:44,486 - INFO - 
🔍 Processando block volume: bkpPedrao1020442
2025-05-24 23:14:44,868 - INFO - ✅ Backup criado: BlockBackup-bkpPedrao1020442-BKPAUTCITEL-20250524-2314
2025-05-24 23:14:45,417 - INFO - 
🔍 Processando block volume: Backup_BR34_1031161
2025-05-24 23:14:45,538 - WARNING - ⚠️ Tentativa 1: Limite de requisições. Aguardando 5s...
2025-05-24 23:14:53,026 - INFO - ✅ Backup criado: BlockBackup-Backup_BR34_1031161-BKPAUTCITEL-20250524-2314
2025-05-24 23:14:53,665 - INFO - 
🔍 Processando block volume: GeB BancoTeste tkt 1048932
2025-05-24 23:14:53,799 - WARNING - ⚠️ Tentativa 1: Limite de requisições. Aguardando 5s...
2025-05-24 23:15:01,086 - WARNING - ⚠️ Tentativa 2: Limite de requisições. Aguardando 10s...
2025-05-24 23:15:13,965 - INFO - ✅ Backup criado: BlockBackup-GeB BancoTeste tkt 1048932-BKPAUTCITEL-20250524-2314
2025-05-24 23:15:14,629 - INFO - 
🔍 Processando block volume: Banco1LinuxTSPlus11_clone2904
2025-05-24 23:15:14,980 - INFO - ✅ Backup criado: BlockBackup-Banco1LinuxTSPlus11_clone2904-BKPAUTCITEL-20250524-2315
2025-05-24 23:15:15,636 - INFO - 
🔍 Processando block volume: LinuxTSPlus11_BancoPRODJRPais_clone2904
2025-05-24 23:15:15,784 - WARNING - ⚠️ Tentativa 1: Limite de requisições. Aguardando 5s...
2025-05-24 23:15:26,014 - INFO - ✅ Backup criado: BlockBackup-LinuxTSPlus11_BancoPRODJRPais_clone2904-BKPAUTCITEL-20250524-2315
2025-05-24 23:15:26,706 - INFO - 
🔍 Processando block volume: LinuxTSPlus30_Banco1LinuxTSPlus30_clone2904
2025-05-24 23:15:27,019 - INFO - ✅ Backup criado: BlockBackup-LinuxTSPlus30_Banco1LinuxTSPlus30_clone2904-BKPAUTCITEL-20250524-2315
2025-05-24 23:15:27,669 - INFO - 
🔍 Processando block volume: Banco-1-LinuxData012
2025-05-24 23:15:27,959 - INFO - ✅ Backup criado: BlockBackup-Banco-1-LinuxData012-BKPAUTCITEL-20250524-2315
2025-05-24 23:15:28,503 - INFO - 
🔍 Processando block volume: Banco2-LinuxData012
2025-05-24 23:15:28,625 - WARNING - ⚠️ Tentativa 1: Limite de requisições. Aguardando 5s...
2025-05-24 23:15:34,845 - WARNING - ⚠️ Tentativa 2: Limite de requisições. Aguardando 10s...
2025-05-24 23:15:46,095 - INFO - ✅ Backup criado: BlockBackup-Banco2-LinuxData012-BKPAUTCITEL-20250524-2315
2025-05-24 23:15:46,708 - INFO - 
🔍 Processando block volume: Banco3-LinuxData012
2025-05-24 23:15:47,017 - INFO - ✅ Backup criado: BlockBackup-Banco3-LinuxData012-BKPAUTCITEL-20250524-2315
2025-05-24 23:15:47,668 - INFO - 
🔍 Processando block volume: LinuxTSPlus55_Banco1BR55_clone2904
2025-05-24 23:15:48,002 - INFO - ✅ Backup criado: BlockBackup-LinuxTSPlus55_Banco1BR55_clone2904-BKPAUTCITEL-20250524-2315
2025-05-24 23:15:48,578 - INFO - 
🔍 Processando block volume: LinuxTSPlus55_Banco3BR55_clone2904
2025-05-24 23:15:49,063 - INFO - ✅ Backup criado: BlockBackup-LinuxTSPlus55_Banco3BR55_clone2904-BKPAUTCITEL-20250524-2315
2025-05-24 23:15:49,674 - INFO - 
🔍 Processando block volume: LinuxTSPlus65_Banco1LinuxTSPLUS65_clone2904
2025-05-24 23:15:49,976 - INFO - ✅ Backup criado: BlockBackup-LinuxTSPlus65_Banco1LinuxTSPLUS65_clone2904-BKPAUTCITEL-20250524-2315
2025-05-24 23:15:50,579 - INFO - 
🔍 Processando block volume: LinuxTSPlus65_Banco2LinuxTSPLUS65_clone2904
2025-05-24 23:15:50,714 - WARNING - ⚠️ Tentativa 1: Limite de requisições. Aguardando 5s...
2025-05-24 23:15:58,696 - INFO - ✅ Backup criado: BlockBackup-LinuxTSPlus65_Banco2LinuxTSPLUS65_clone2904-BKPAUTCITEL-20250524-2315
2025-05-24 23:15:59,350 - INFO - 
🔍 Processando block volume: LinuxTSPlus65_Banco3LinuxTSPLUS65_clone2904
2025-05-24 23:15:59,652 - INFO - ✅ Backup criado: BlockBackup-LinuxTSPlus65_Banco3LinuxTSPLUS65_clone2904-BKPAUTCITEL-20250524-2315
2025-05-24 23:16:00,206 - INFO - 
🔍 Processando block volume: LinuxTSPlus65_BinariosLinuxTSPLUS65_clone2904
2025-05-24 23:16:00,328 - WARNING - ⚠️ Tentativa 1: Limite de requisições. Aguardando 5s...
2025-05-24 23:16:08,396 - INFO - ✅ Backup criado: BlockBackup-LinuxTSPlus65_BinariosLinuxTSPLUS65_clone2904-BKPAUTCITEL-20250524-2316
2025-05-24 23:16:09,059 - INFO - 
🔍 Processando block volume: LinuxTSPlus28_Banco2LinuxTSPlus28_clone2904
2025-05-24 23:16:09,208 - WARNING - ⚠️ Tentativa 1: Limite de requisições. Aguardando 5s...
2025-05-24 23:16:15,357 - INFO - ✅ Backup criado: BlockBackup-LinuxTSPlus28_Banco2LinuxTSPlus28_clone2904-BKPAUTCITEL-20250524-2316
2025-05-24 23:16:16,023 - INFO - 
🔍 Processando block volume: LinuxTSPlus28_bancos3_BR28_clone2904
2025-05-24 23:16:16,352 - INFO - ✅ Backup criado: BlockBackup-LinuxTSPlus28_bancos3_BR28_clone2904-BKPAUTCITEL-20250524-2316
2025-05-24 23:16:16,987 - INFO - 
🔍 Processando block volume: LinuxTSPlus29_Banco1LinuxTSPlus29_clone2904
2025-05-24 23:16:17,122 - WARNING - ⚠️ Tentativa 1: Limite de requisições. Aguardando 5s...
2025-05-24 23:16:22,851 - INFO - ✅ Backup criado: BlockBackup-LinuxTSPlus29_Banco1LinuxTSPlus29_clone2904-BKPAUTCITEL-20250524-2316
2025-05-24 23:16:23,433 - INFO - 
🔍 Processando block volume: LinuxTSPlus29_Bancos2_BR29_clone2904
2025-05-24 23:16:23,556 - WARNING - ⚠️ Tentativa 1: Limite de requisições. Aguardando 5s...
2025-05-24 23:16:30,232 - WARNING - ⚠️ Tentativa 2: Limite de requisições. Aguardando 10s...
2025-05-24 23:16:41,746 - INFO - ✅ Backup criado: BlockBackup-LinuxTSPlus29_Bancos2_BR29_clone2904-BKPAUTCITEL-20250524-2316
2025-05-24 23:16:42,421 - INFO - 
🔍 Processando block volume: LinuxTSPlus29_Bancos3_BR29_clone2904
2025-05-24 23:16:42,571 - WARNING - ⚠️ Tentativa 1: Limite de requisições. Aguardando 5s...
2025-05-24 23:16:50,523 - INFO - ✅ Backup criado: BlockBackup-LinuxTSPlus29_Bancos3_BR29_clone2904-BKPAUTCITEL-20250524-2316
2025-05-24 23:16:51,130 - INFO - 
🔍 Processando block volume: LinuxTSPlus72_Banco2BR_72_clone2904
2025-05-24 23:16:51,423 - INFO - ✅ Backup criado: BlockBackup-LinuxTSPlus72_Banco2BR_72_clone2904-BKPAUTCITEL-20250524-2316
2025-05-24 23:16:52,074 - INFO - 
🔍 Processando block volume: LinuxTSPlus72_BancoBR_clone2904
2025-05-24 23:16:52,366 - INFO - ✅ Backup criado: BlockBackup-LinuxTSPlus72_BancoBR_clone2904-BKPAUTCITEL-20250524-2316
2025-05-24 23:16:52,919 - INFO - 
🔍 Processando block volume: LinuxTSPlus43_Banco1LinuxTSPLUS43_clone2904
2025-05-24 23:16:53,181 - INFO - ✅ Backup criado: BlockBackup-LinuxTSPlus43_Banco1LinuxTSPLUS43_clone2904-BKPAUTCITEL-20250524-2316
2025-05-24 23:16:53,795 - INFO - 
🔍 Processando block volume: LinuxTSPlus43_HD4-LinuxDBA_clone2904
2025-05-24 23:16:54,151 - INFO - ✅ Backup criado: BlockBackup-LinuxTSPlus43_HD4-LinuxDBA_clone2904-BKPAUTCITEL-20250524-2316
2025-05-24 23:16:54,741 - INFO - 
🔍 Processando block volume: LinuxTSPlus50_Banco1LinuxTSPlus50_clone2904
2025-05-24 23:16:54,875 - WARNING - ⚠️ Tentativa 1: Limite de requisições. Aguardando 5s...
2025-05-24 23:17:03,734 - WARNING - ⚠️ Tentativa 2: Limite de requisições. Aguardando 10s...
2025-05-24 23:17:18,832 - INFO - ✅ Backup criado: BlockBackup-LinuxTSPlus50_Banco1LinuxTSPlus50_clone2904-BKPAUTCITEL-20250524-2316
2025-05-24 23:17:19,390 - INFO - 
🔍 Processando block volume: LinuxTSPlus37_Banco1LinuxTSPLUS37_clone2904
2025-05-24 23:17:19,692 - INFO - ✅ Backup criado: BlockBackup-LinuxTSPlus37_Banco1LinuxTSPLUS37_clone2904-BKPAUTCITEL-20250524-2317
2025-05-24 23:17:20,403 - INFO - 
🔍 Processando block volume: LinuxTSPlus37_Banco2LinuxTSPLUS37_clone2904
2025-05-24 23:17:20,699 - INFO - ✅ Backup criado: BlockBackup-LinuxTSPlus37_Banco2LinuxTSPLUS37_clone2904-BKPAUTCITEL-20250524-2317
2025-05-24 23:17:21,300 - INFO - 
🔍 Processando block volume: LinuxTSPlus40_Banco1
2025-05-24 23:17:21,629 - INFO - ✅ Backup criado: BlockBackup-LinuxTSPlus40_Banco1-BKPAUTCITEL-20250524-2317
2025-05-24 23:17:22,181 - INFO - 
🔍 Processando block volume: LinuxTSPlus32_Banco1LinuxTSPLUS32_clone2904
2025-05-24 23:17:22,444 - INFO - ✅ Backup criado: BlockBackup-LinuxTSPlus32_Banco1LinuxTSPLUS32_clone2904-BKPAUTCITEL-20250524-2317
2025-05-24 23:17:23,038 - INFO - 
🔍 Processando block volume: LinuxTSPlus32_Banco2LinuxTSPLUS32_clone2904
2025-05-24 23:17:23,173 - WARNING - ⚠️ Tentativa 1: Limite de requisições. Aguardando 5s...
2025-05-24 23:17:33,530 - INFO - ✅ Backup criado: BlockBackup-LinuxTSPlus32_Banco2LinuxTSPLUS32_clone2904-BKPAUTCITEL-20250524-2317
2025-05-24 23:17:34,193 - INFO - 
🔍 Processando block volume: Banco2-LinuxData013
2025-05-24 23:17:34,527 - INFO - ✅ Backup criado: BlockBackup-Banco2-LinuxData013-BKPAUTCITEL-20250524-2317
2025-05-24 23:17:35,193 - INFO - 
🔍 Processando block volume: Banco3-LinuxData013
2025-05-24 23:17:35,489 - INFO - ✅ Backup criado: BlockBackup-Banco3-LinuxData013-BKPAUTCITEL-20250524-2317
2025-05-24 23:17:36,094 - INFO - 
🔍 Processando block volume: Banco1-LinuxData013
2025-05-24 23:17:36,369 - INFO - ✅ Backup criado: BlockBackup-Banco1-LinuxData013-BKPAUTCITEL-20250524-2317
2025-05-24 23:17:36,915 - INFO - 
🔍 Processando block volume: LinuxTSPlus14_BackupCoresVivas TKT 902822_clone2904
2025-05-24 23:17:37,036 - WARNING - ⚠️ Tentativa 1: Limite de requisições. Aguardando 5s...
2025-05-24 23:17:44,177 - INFO - ✅ Backup criado: BlockBackup-LinuxTSPlus14_BackupCoresVivas TKT 902822_clone2904-BKPAUTCITEL-20250524-2317
2025-05-24 23:17:44,849 - INFO - 
🔍 Processando block volume: LinuxTSPlus14_Banco2LinuxTSPlus14_clone2904
2025-05-24 23:17:44,999 - WARNING - ⚠️ Tentativa 1: Limite de requisições. Aguardando 5s...
2025-05-24 23:17:54,148 - WARNING - ⚠️ Tentativa 2: Limite de requisições. Aguardando 10s...
2025-05-24 23:18:07,958 - WARNING - ⚠️ Tentativa 3: Limite de requisições. Aguardando 20s...
2025-05-24 23:18:30,662 - INFO - ✅ Backup criado: BlockBackup-LinuxTSPlus14_Banco2LinuxTSPlus14_clone2904-BKPAUTCITEL-20250524-2317
2025-05-24 23:18:31,256 - INFO - 
🔍 Processando block volume: LinuxTSPlus9-Banco1LinuxTSPlus9-clone2904
2025-05-24 23:18:31,600 - INFO - ✅ Backup criado: BlockBackup-LinuxTSPlus9-Banco1LinuxTSPlus9-clone2904-BKPAUTCITEL-20250524-2318
2025-05-24 23:18:32,206 - INFO - 
🔍 Processando block volume: LinuxTSPlus9-Banco3LinuxTSPlus9-clone2904
2025-05-24 23:18:32,601 - INFO - ✅ Backup criado: BlockBackup-LinuxTSPlus9-Banco3LinuxTSPlus9-clone2904-BKPAUTCITEL-20250524-2318
2025-05-24 23:18:33,204 - INFO - 
🔍 Processando block volume: LinuxTSPlus14_BancoUbertintasTSPlus14_clone2904
2025-05-24 23:18:33,484 - INFO - ✅ Backup criado: BlockBackup-LinuxTSPlus14_BancoUbertintasTSPlus14_clone2904-BKPAUTCITEL-20250524-2318
2025-05-24 23:18:34,030 - INFO - 
🔍 Processando block volume: LinuxTSPlus9-Bancos4_BR9-clone2904
2025-05-24 23:18:34,297 - INFO - ✅ Backup criado: BlockBackup-LinuxTSPlus9-Bancos4_BR9-clone2904-BKPAUTCITEL-20250524-2318
2025-05-24 23:18:35,005 - INFO - 
🔍 Processando block volume: LinuxTSPlus8-Banco1LinuxTSPlus8-clone2904
2025-05-24 23:18:35,285 - INFO - ✅ Backup criado: BlockBackup-LinuxTSPlus8-Banco1LinuxTSPlus8-clone2904-BKPAUTCITEL-20250524-2318
2025-05-24 23:18:35,903 - INFO - 
🔍 Processando block volume: LinuxTSPlus8-Banco3LinuxTSPlus8-clone2904
2025-05-24 23:18:36,217 - INFO - ✅ Backup criado: BlockBackup-LinuxTSPlus8-Banco3LinuxTSPlus8-clone2904-BKPAUTCITEL-20250524-2318
2025-05-24 23:18:36,881 - INFO - 
🔍 Processando block volume: LinuxTSPlus16_Banco1LinuxTSPlus16_clone2904
2025-05-24 23:18:37,179 - INFO - ✅ Backup criado: BlockBackup-LinuxTSPlus16_Banco1LinuxTSPlus16_clone2904-BKPAUTCITEL-20250524-2318
2025-05-24 23:18:37,827 - INFO - 
🔍 Processando block volume: LinuxTSPlus16_Banco2LinuxTSPlus16_clone2904
2025-05-24 23:18:37,975 - WARNING - ⚠️ Tentativa 1: Limite de requisições. Aguardando 5s...
2025-05-24 23:18:44,238 - WARNING - ⚠️ Tentativa 2: Limite de requisições. Aguardando 10s...
2025-05-24 23:18:57,431 - WARNING - ⚠️ Tentativa 3: Limite de requisições. Aguardando 20s...
2025-05-24 23:19:19,528 - INFO - ✅ Backup criado: BlockBackup-LinuxTSPlus16_Banco2LinuxTSPlus16_clone2904-BKPAUTCITEL-20250524-2318
2025-05-24 23:19:20,147 - INFO - 
🔍 Processando block volume: LinuxTSPlus7-Banco2LinuxTSPlus7-block-clone2904
2025-05-24 23:19:20,478 - INFO - ✅ Backup criado: BlockBackup-LinuxTSPlus7-Banco2LinuxTSPlus7-block-clone2904-BKPAUTCITEL-20250524-2319
2025-05-24 23:19:21,088 - INFO - 
🔍 Processando block volume: LinuxTSPlus7-Banco3LinuxTSPlus7-block-clone2904
2025-05-24 23:19:21,393 - INFO - ✅ Backup criado: BlockBackup-LinuxTSPlus7-Banco3LinuxTSPlus7-block-clone2904-BKPAUTCITEL-20250524-2319
2025-05-24 23:19:22,006 - INFO - 
🔍 Processando block volume: LinuxTSPlus7-Banco3_BR7-block-clone2904
2025-05-24 23:19:22,327 - INFO - ✅ Backup criado: BlockBackup-LinuxTSPlus7-Banco3_BR7-block-clone2904-BKPAUTCITEL-20250524-2319
2025-05-24 23:19:22,925 - INFO - 
🔍 Processando block volume: LinuxTSPlus17_Banco2LinuxTSPlus17_clone2904
2025-05-24 23:19:23,207 - INFO - ✅ Backup criado: BlockBackup-LinuxTSPlus17_Banco2LinuxTSPlus17_clone2904-BKPAUTCITEL-20250524-2319
2025-05-24 23:19:23,888 - INFO - 
🔍 Processando block volume: LinuxTSPlus17_BancoPRODBelaTintas_clone2904
2025-05-24 23:19:24,036 - WARNING - ⚠️ Tentativa 1: Limite de requisições. Aguardando 5s...
2025-05-24 23:19:34,487 - INFO - ✅ Backup criado: BlockBackup-LinuxTSPlus17_BancoPRODBelaTintas_clone2904-BKPAUTCITEL-20250524-2319
2025-05-24 23:19:35,075 - INFO - 
🔍 Processando block volume: LinuxTSPlus17_HD5-LinuxDBAs_clone2904
2025-05-24 23:19:35,196 - WARNING - ⚠️ Tentativa 1: Limite de requisições. Aguardando 5s...
2025-05-24 23:19:43,432 - INFO - ✅ Backup criado: BlockBackup-LinuxTSPlus17_HD5-LinuxDBAs_clone2904-BKPAUTCITEL-20250524-2319
2025-05-24 23:19:44,090 - INFO - 
🔍 Processando block volume: LinuxTSPlus6-Banco3LinuxTSPlus6-block-clone2904
2025-05-24 23:19:44,410 - INFO - ✅ Backup criado: BlockBackup-LinuxTSPlus6-Banco3LinuxTSPlus6-block-clone2904-BKPAUTCITEL-20250524-2319
2025-05-24 23:19:45,071 - INFO - 
🔍 Processando block volume: LinuxTSPlus6-Banco4LinuxTSPlus6-block-clone2904
2025-05-24 23:19:45,392 - INFO - ✅ Backup criado: BlockBackup-LinuxTSPlus6-Banco4LinuxTSPlus6-block-clone2904-BKPAUTCITEL-20250524-2319
2025-05-24 23:19:46,027 - INFO - 
🔍 Processando block volume: LinuxTSPlus18-Banco1LinuxTSPlus18-block-2904
2025-05-24 23:19:46,312 - INFO - ✅ Backup criado: BlockBackup-LinuxTSPlus18-Banco1LinuxTSPlus18-block-2904-BKPAUTCITEL-20250524-2319
2025-05-24 23:19:46,914 - INFO - 
🔍 Processando block volume: LinuxTSPlus18-Banco2LinuxTSPlus18-block-2904
2025-05-24 23:19:47,068 - WARNING - ⚠️ Tentativa 1: Limite de requisições. Aguardando 5s...
2025-05-24 23:19:53,821 - WARNING - ⚠️ Tentativa 2: Limite de requisições. Aguardando 10s...
2025-05-24 23:20:07,814 - INFO - ✅ Backup criado: BlockBackup-LinuxTSPlus18-Banco2LinuxTSPlus18-block-2904-BKPAUTCITEL-20250524-2319
2025-05-24 23:20:08,466 - INFO - 
🔍 Processando block volume: LinuxTSPlus18-Bancos4_BR18-block-2904
2025-05-24 23:20:08,756 - INFO - ✅ Backup criado: BlockBackup-LinuxTSPlus18-Bancos4_BR18-block-2904-BKPAUTCITEL-20250524-2320
2025-05-24 23:20:09,360 - INFO - 
🔍 Processando block volume: LinuxTsplus59-Banco2Linux59-block-clone2904
2025-05-24 23:20:09,635 - INFO - ✅ Backup criado: BlockBackup-LinuxTsplus59-Banco2Linux59-block-clone2904-BKPAUTCITEL-20250524-2320
2025-05-24 23:20:10,294 - INFO - 
🔍 Processando block volume: LinuxTsplus59-BancoLinux59-block-clone2904
2025-05-24 23:20:10,443 - WARNING - ⚠️ Tentativa 1: Limite de requisições. Aguardando 5s...
2025-05-24 23:20:17,971 - INFO - ✅ Backup criado: BlockBackup-LinuxTsplus59-BancoLinux59-block-clone2904-BKPAUTCITEL-20250524-2320
2025-05-24 23:20:18,636 - INFO - 
🔍 Processando block volume: LinuxTSPlus19_Banco1LinuxTSPlus19_clone2904
2025-05-24 23:20:18,785 - WARNING - ⚠️ Tentativa 1: Limite de requisições. Aguardando 5s...
2025-05-24 23:20:28,923 - INFO - ✅ Backup criado: BlockBackup-LinuxTSPlus19_Banco1LinuxTSPlus19_clone2904-BKPAUTCITEL-20250524-2320
2025-05-24 23:20:29,480 - INFO - 
🔍 Processando block volume: LinuxTSPlus19_Banco3LinuxTSPlus19_clone2904
2025-05-24 23:20:29,778 - INFO - ✅ Backup criado: BlockBackup-LinuxTSPlus19_Banco3LinuxTSPlus19_clone2904-BKPAUTCITEL-20250524-2320
2025-05-24 23:20:30,320 - INFO - 
🔍 Processando block volume: LinuxTSPlus20_Banco1LinuxTSPlus20_clone2904
2025-05-24 23:20:30,441 - WARNING - ⚠️ Tentativa 1: Limite de requisições. Aguardando 5s...
2025-05-24 23:20:37,643 - WARNING - ⚠️ Tentativa 2: Limite de requisições. Aguardando 10s...
2025-05-24 23:20:49,559 - INFO - ✅ Backup criado: BlockBackup-LinuxTSPlus20_Banco1LinuxTSPlus20_clone2904-BKPAUTCITEL-20250524-2320
2025-05-24 23:20:50,214 - INFO - 
🔍 Processando block volume: LinuxTSPlus20_Banco2LinuxTSPlus20_clone2904
2025-05-24 23:20:50,514 - INFO - ✅ Backup criado: BlockBackup-LinuxTSPlus20_Banco2LinuxTSPlus20_clone2904-BKPAUTCITEL-20250524-2320
2025-05-24 23:20:51,126 - INFO - 
🔍 Processando block volume: LinuxTSPlus20_Banco3_BR20_clone2904
2025-05-24 23:20:51,424 - INFO - ✅ Backup criado: BlockBackup-LinuxTSPlus20_Banco3_BR20_clone2904-BKPAUTCITEL-20250524-2320
2025-05-24 23:20:52,036 - INFO - 
🔍 Processando block volume: LinuxTSPlus20_Banco4LinuxTSPlus20_clone2904
2025-05-24 23:20:52,330 - INFO - ✅ Backup criado: BlockBackup-LinuxTSPlus20_Banco4LinuxTSPlus20_clone2904-BKPAUTCITEL-20250524-2320
2025-05-24 23:20:52,946 - INFO - 
🔍 Processando block volume: LinuxTSPlus5-Banco3LinuxBR5-block-clone2904
2025-05-24 23:20:53,297 - INFO - ✅ Backup criado: BlockBackup-LinuxTSPlus5-Banco3LinuxBR5-block-clone2904-BKPAUTCITEL-20250524-2320
2025-05-24 23:20:53,868 - INFO - 
🔍 Processando block volume: LinuxTSPlus5-Banco2LinuxBR5-block-clone2904
2025-05-24 23:20:54,140 - INFO - ✅ Backup criado: BlockBackup-LinuxTSPlus5-Banco2LinuxBR5-block-clone2904-BKPAUTCITEL-20250524-2320
2025-05-24 23:20:54,709 - INFO - 
🔍 Processando block volume: Banco1-LinuxData004
2025-05-24 23:20:54,830 - WARNING - ⚠️ Tentativa 1: Limite de requisições. Aguardando 5s...
2025-05-24 23:21:01,637 - WARNING - ⚠️ Tentativa 2: Limite de requisições. Aguardando 10s...
2025-05-24 23:21:12,609 - INFO - ✅ Backup criado: BlockBackup-Banco1-LinuxData004-BKPAUTCITEL-20250524-2320
2025-05-24 23:21:13,156 - INFO - 
🔍 Processando block volume: Banco2-LinuxData004
2025-05-24 23:21:13,473 - INFO - ✅ Backup criado: BlockBackup-Banco2-LinuxData004-BKPAUTCITEL-20250524-2321
2025-05-24 23:21:14,038 - INFO - 
🔍 Processando block volume: Banco3-LinuxData004
2025-05-24 23:21:14,159 - WARNING - ⚠️ Tentativa 1: Limite de requisições. Aguardando 5s...
2025-05-24 23:21:23,232 - INFO - ✅ Backup criado: BlockBackup-Banco3-LinuxData004-BKPAUTCITEL-20250524-2321
2025-05-24 23:21:23,839 - INFO - 
🔍 Processando block volume: LinuxTSPlus48-block-Restore
2025-05-24 23:21:24,136 - INFO - ✅ Backup criado: BlockBackup-LinuxTSPlus48-block-Restore-BKPAUTCITEL-20250524-2321
2025-05-24 23:21:24,697 - INFO - 
🔍 Processando block volume: LinuxData007-Banco4
2025-05-24 23:21:24,819 - WARNING - ⚠️ Tentativa 1: Limite de requisições. Aguardando 5s...
2025-05-24 23:21:30,490 - WARNING - ⚠️ Tentativa 2: Limite de requisições. Aguardando 10s...
2025-05-24 23:21:44,590 - INFO - ✅ Backup criado: BlockBackup-LinuxData007-Banco4-BKPAUTCITEL-20250524-2321
2025-05-24 23:21:45,261 - INFO - 
🔍 Processando block volume: Banco2LinuxBR21-Restore
2025-05-24 23:21:45,583 - INFO - ✅ Backup criado: BlockBackup-Banco2LinuxBR21-Restore-BKPAUTCITEL-20250524-2321
2025-05-24 23:21:46,193 - INFO - 
🔍 Processando block volume: LinuxTSPlus41-block-Restore
2025-05-24 23:21:46,526 - INFO - ✅ Backup criado: BlockBackup-LinuxTSPlus41-block-Restore-BKPAUTCITEL-20250524-2321
2025-05-24 23:21:47,144 - INFO - 
🔍 Processando block volume: Banco1LinuxTSPlus26-Restore
2025-05-24 23:21:47,280 - WARNING - ⚠️ Tentativa 1: Limite de requisições. Aguardando 5s...
2025-05-24 23:21:54,783 - WARNING - ⚠️ Tentativa 2: Limite de requisições. Aguardando 10s...
2025-05-24 23:22:09,297 - INFO - ✅ Backup criado: BlockBackup-Banco1LinuxTSPlus26-Restore-BKPAUTCITEL-20250524-2321
2025-05-24 23:22:09,908 - INFO - 
🔍 Processando block volume: LinuxTSPlus36-block-Restore
2025-05-24 23:22:10,203 - INFO - ✅ Backup criado: BlockBackup-LinuxTSPlus36-block-Restore-BKPAUTCITEL-20250524-2322
2025-05-24 23:22:10,806 - INFO - 
🔍 Processando block volume: LinuxTSPlus34-Bancos3_BR34-backup-Restore
2025-05-24 23:22:11,094 - INFO - ✅ Backup criado: BlockBackup-LinuxTSPlus34-Bancos3_BR34-backup-Restore-BKPAUTCITEL-20250524-2322
2025-05-24 23:22:11,770 - INFO - 
🔍 Processando block volume: LinuxTSPlus34-Bancos2_BR34-backup-Restore
2025-05-24 23:22:11,918 - WARNING - ⚠️ Tentativa 1: Limite de requisições. Aguardando 5s...
2025-05-24 23:22:21,561 - WARNING - ⚠️ Tentativa 2: Limite de requisições. Aguardando 10s...
2025-05-24 23:22:36,954 - INFO - ✅ Backup criado: BlockBackup-LinuxTSPlus34-Bancos2_BR34-backup-Restore-BKPAUTCITEL-20250524-2322
2025-05-24 23:22:37,575 - INFO - 
🔍 Processando block volume: Banco1LinuxTSPLUS33-Restore
2025-05-24 23:22:37,710 - WARNING - ⚠️ Tentativa 1: Limite de requisições. Aguardando 5s...
2025-05-24 23:22:45,580 - INFO - ✅ Backup criado: BlockBackup-Banco1LinuxTSPLUS33-Restore-BKPAUTCITEL-20250524-2322
2025-05-24 23:22:46,187 - INFO - 
🔍 Processando block volume: Banco2BR33-Restore
2025-05-24 23:22:46,534 - INFO - ✅ Backup criado: BlockBackup-Banco2BR33-Restore-BKPAUTCITEL-20250524-2322
2025-05-24 23:22:47,133 - INFO - 
🔍 Processando block volume: LinuxTSPlus34-Banco1LinuxTSPLUS34-backup-Restore
2025-05-24 23:22:47,269 - WARNING - ⚠️ Tentativa 1: Limite de requisições. Aguardando 5s...
2025-05-24 23:22:54,554 - WARNING - ⚠️ Tentativa 2: Limite de requisições. Aguardando 10s...
2025-05-24 23:23:07,847 - INFO - ✅ Backup criado: BlockBackup-LinuxTSPlus34-Banco1LinuxTSPLUS34-backup-Restore-BKPAUTCITEL-20250524-2322
2025-05-24 23:23:08,512 - INFO - 
🔍 Processando block volume: LinuxTSPlus1-Restore1
2025-05-24 23:23:08,811 - INFO - ✅ Backup criado: BlockBackup-LinuxTSPlus1-Restore1-BKPAUTCITEL-20250524-2323
2025-05-24 23:23:09,424 - INFO - 
🔍 Processando block volume: Bancos5_BR1-Restore2
2025-05-24 23:23:09,720 - INFO - ✅ Backup criado: BlockBackup-Bancos5_BR1-Restore2-BKPAUTCITEL-20250524-2323
2025-05-24 23:23:10,334 - INFO - 
🔍 Processando block volume: Bancos4_BR01-Restore3
2025-05-24 23:23:10,653 - INFO - ✅ Backup criado: BlockBackup-Bancos4_BR01-Restore3-BKPAUTCITEL-20250524-2323
2025-05-24 23:23:11,303 - INFO - 
🔍 Processando block volume: Banco3LinuxTSPlus1-Restore4
2025-05-24 23:23:11,585 - INFO - ✅ Backup criado: BlockBackup-Banco3LinuxTSPlus1-Restore4-BKPAUTCITEL-20250524-2323
2025-05-24 23:23:12,162 - INFO - 
🔍 Processando block volume: Banco1LinuxTSPlus24-Restore
2025-05-24 23:23:12,470 - INFO - ✅ Backup criado: BlockBackup-Banco1LinuxTSPlus24-Restore-BKPAUTCITEL-20250524-2323
2025-05-24 23:23:13,074 - INFO - 
🔍 Processando block volume: Banco1LinuxTSPlus22-Restore
2025-05-24 23:23:13,369 - INFO - ✅ Backup criado: BlockBackup-Banco1LinuxTSPlus22-Restore-BKPAUTCITEL-20250524-2323
2025-05-24 23:23:13,985 - INFO - 
🔍 Processando block volume: Banco3LinuxTSPlus22-Restore
2025-05-24 23:23:14,119 - WARNING - ⚠️ Tentativa 1: Limite de requisições. Aguardando 5s...
2025-05-24 23:23:22,042 - INFO - ✅ Backup criado: BlockBackup-Banco3LinuxTSPlus22-Restore-BKPAUTCITEL-20250524-2323
2025-05-24 23:23:22,653 - INFO - 
🔍 Processando block volume: Banco2LinuxTSPlus22-Restore
2025-05-24 23:23:22,789 - WARNING - ⚠️ Tentativa 1: Limite de requisições. Aguardando 5s...
2025-05-24 23:23:31,154 - WARNING - ⚠️ Tentativa 2: Limite de requisições. Aguardando 10s...
2025-05-24 23:23:43,512 - WARNING - ⚠️ Tentativa 3: Limite de requisições. Aguardando 20s...
2025-05-24 23:24:08,373 - INFO - ✅ Backup criado: BlockBackup-Banco2LinuxTSPlus22-Restore-BKPAUTCITEL-20250524-2323
2025-05-24 23:24:08,943 - INFO - 
🔍 Processando block volume: LinuxData010-PalacioTKT651385
2025-05-24 23:24:09,258 - INFO - ✅ Backup criado: BlockBackup-LinuxData010-PalacioTKT651385-BKPAUTCITEL-20250524-2324
2025-05-24 23:24:09,924 - INFO - 
🔍 Processando block volume: LinuxData010-Banco4
2025-05-24 23:24:10,233 - INFO - ✅ Backup criado: BlockBackup-LinuxData010-Banco4-BKPAUTCITEL-20250524-2324
2025-05-24 23:24:10,847 - INFO - 
🔍 Processando block volume: LinuxData010-Banco5
2025-05-24 23:24:11,169 - INFO - ✅ Backup criado: BlockBackup-LinuxData010-Banco5-BKPAUTCITEL-20250524-2324
2025-05-24 23:24:11,827 - INFO - 
🔍 Processando block volume: LinuxData010-GeB
2025-05-24 23:24:12,144 - INFO - ✅ Backup criado: BlockBackup-LinuxData010-GeB-BKPAUTCITEL-20250524-2324
2025-05-24 23:24:12,800 - INFO - 
🔍 Processando block volume: LinuxData020-Banco3_BR20
2025-05-24 23:24:13,134 - INFO - ✅ Backup criado: BlockBackup-LinuxData020-Banco3_BR20-BKPAUTCITEL-20250524-2324
2025-05-24 23:24:13,790 - INFO - 
🔍 Processando block volume: Banco3_BR20-RESTORE_FILES
2025-05-24 23:24:14,118 - INFO - ✅ Backup criado: BlockBackup-Banco3_BR20-RESTORE_FILES-BKPAUTCITEL-20250524-2324
2025-05-24 23:24:14,664 - INFO - 
🔍 Processando block volume: LinuxData030_clone06052025
2025-05-24 23:24:14,792 - WARNING - ⚠️ Tentativa 1: Limite de requisições. Aguardando 5s...
2025-05-24 23:24:20,858 - INFO - ✅ Backup criado: BlockBackup-LinuxData030_clone06052025-BKPAUTCITEL-20250524-2324
2025-05-24 23:24:21,478 - INFO - 
🔍 Processando block volume: Restore_Teste_Bancos3_BR20
2025-05-24 23:24:21,769 - INFO - ✅ Backup criado: BlockBackup-Restore_Teste_Bancos3_BR20-BKPAUTCITEL-20250524-2324
2025-05-24 23:24:22,372 - INFO - 
🔍 Processando block volume: Restore Banco ComercialCarvalho
2025-05-24 23:24:22,673 - INFO - ✅ Backup criado: BlockBackup-Restore Banco ComercialCarvalho-BKPAUTCITEL-20250524-2324
2025-05-24 23:24:23,224 - INFO - 
🔍 Processando block volume: Restore Banco Fluzao
2025-05-24 23:24:23,499 - INFO - ✅ Backup criado: BlockBackup-Restore Banco Fluzao-BKPAUTCITEL-20250524-2324
2025-05-24 23:24:24,161 - INFO - 
🔍 Processando block volume: Restore Banco Suprema
2025-05-24 23:24:24,309 - WARNING - ⚠️ Tentativa 1: Limite de requisições. Aguardando 5s...
2025-05-24 23:24:30,581 - WARNING - ⚠️ Tentativa 2: Limite de requisições. Aguardando 10s...
2025-05-24 23:24:44,671 - INFO - ✅ Backup criado: BlockBackup-Restore Banco Suprema-BKPAUTCITEL-20250524-2324
2025-05-24 23:24:45,238 - INFO - 
🔍 Processando block volume: BKP Fluzao Prudente
2025-05-24 23:24:45,496 - INFO - ✅ Backup criado: BlockBackup-BKP Fluzao Prudente-BKPAUTCITEL-20250524-2324
2025-05-24 23:24:46,089 - INFO - 
🔍 Processando block volume: LINUXDATA020-BANCO3-Testerecovery-14-05-2025
2025-05-24 23:24:46,412 - INFO - ✅ Backup criado: BlockBackup-LINUXDATA020-BANCO3-Testerecovery-14-05-2025-BKPAUTCITEL-20250524-2324
2025-05-24 23:24:46,948 - INFO - 
🔍 Processando block volume: Restore Banco BI Royal
2025-05-24 23:24:47,225 - INFO - ✅ Backup criado: BlockBackup-Restore Banco BI Royal-BKPAUTCITEL-20250524-2324
2025-05-24 23:24:47,866 - INFO - 
🔍 Processando block volume: Restore Banco BI Piso e Cia 
2025-05-24 23:24:48,202 - INFO - ✅ Backup criado: BlockBackup-Restore Banco BI Piso e Cia -BKPAUTCITEL-20250524-2324
2025-05-24 23:24:48,746 - INFO - 
🔍 Processando block volume: Restore Banco BI MaxVinil
2025-05-24 23:24:49,083 - INFO - ✅ Backup criado: BlockBackup-Restore Banco BI MaxVinil-BKPAUTCITEL-20250524-2324
2025-05-24 23:24:49,748 - INFO - 
🔍 Processando block volume: Restore Banco BI Vermat
2025-05-24 23:24:49,898 - WARNING - ⚠️ Tentativa 1: Limite de requisições. Aguardando 5s...
2025-05-24 23:24:59,916 - WARNING - ⚠️ Tentativa 2: Limite de requisições. Aguardando 10s...
2025-05-24 23:25:14,657 - INFO - ✅ Backup criado: BlockBackup-Restore Banco BI Vermat-BKPAUTCITEL-20250524-2324
2025-05-24 23:25:15,313 - INFO - 
🔍 Processando block volume: Restore Banco BI Perin
2025-05-24 23:25:15,653 - INFO - ✅ Backup criado: BlockBackup-Restore Banco BI Perin-BKPAUTCITEL-20250524-2325
2025-05-24 23:25:16,196 - INFO - 
🔍 Processando block volume: Restore Banco BI AtacadaoPT
2025-05-24 23:25:16,318 - WARNING - ⚠️ Tentativa 1: Limite de requisições. Aguardando 5s...
2025-05-24 23:25:26,183 - INFO - ✅ Backup criado: BlockBackup-Restore Banco BI AtacadaoPT-BKPAUTCITEL-20250524-2325
2025-05-24 23:25:26,776 - INFO - 
🔍 Processando block volume: Restore Banco BI Agrocac
2025-05-24 23:25:26,911 - WARNING - ⚠️ Tentativa 1: Limite de requisições. Aguardando 5s...
2025-05-24 23:25:36,000 - INFO - ✅ Backup criado: BlockBackup-Restore Banco BI Agrocac-BKPAUTCITEL-20250524-2325
2025-05-24 23:25:36,647 - INFO - 
🔍 Processando block volume: Restore Banco BI PadraoPVC
2025-05-24 23:25:36,942 - INFO - ✅ Backup criado: BlockBackup-Restore Banco BI PadraoPVC-BKPAUTCITEL-20250524-2325
2025-05-24 23:25:37,544 - INFO - 
🔍 Processando block volume: Restore Banco BI Rezende
2025-05-24 23:25:37,955 - INFO - ✅ Backup criado: BlockBackup-Restore Banco BI Rezende-BKPAUTCITEL-20250524-2325
2025-05-24 23:25:38,613 - INFO - 
🔍 Processando block volume: Restore Banco BI MadMapa
2025-05-24 23:25:38,935 - INFO - ✅ Backup criado: BlockBackup-Restore Banco BI MadMapa-BKPAUTCITEL-20250524-2325
2025-05-24 23:25:39,600 - INFO - 
🔍 Processando block volume: Restore Banco BI Santana
2025-05-24 23:25:39,906 - INFO - ✅ Backup criado: BlockBackup-Restore Banco BI Santana-BKPAUTCITEL-20250524-2325
2025-05-24 23:25:40,501 - INFO - 
🔍 Processando block volume: Restore Banco BI VarejaodasTintas
2025-05-24 23:25:40,636 - WARNING - ⚠️ Tentativa 1: Limite de requisições. Aguardando 5s...
2025-05-24 23:25:46,836 - WARNING - ⚠️ Tentativa 2: Limite de requisições. Aguardando 10s...
2025-05-24 23:26:00,042 - INFO - ✅ Backup criado: BlockBackup-Restore Banco BI VarejaodasTintas-BKPAUTCITEL-20250524-2325
2025-05-24 23:26:00,647 - INFO - 
🔍 Processando block volume: Restore Banco BI ElloTintas
2025-05-24 23:26:00,782 - WARNING - ⚠️ Tentativa 1: Limite de requisições. Aguardando 5s...
2025-05-24 23:26:08,903 - INFO - ✅ Backup criado: BlockBackup-Restore Banco BI ElloTintas-BKPAUTCITEL-20250524-2326
2025-05-24 23:26:09,553 - INFO - 
🔍 Processando block volume: Restore Banco BI Moto One
2025-05-24 23:26:09,701 - WARNING - ⚠️ Tentativa 1: Limite de requisições. Aguardando 5s...
2025-05-24 23:26:16,054 - WARNING - ⚠️ Tentativa 2: Limite de requisições. Aguardando 10s...
2025-05-24 23:26:27,043 - INFO - ✅ Backup criado: BlockBackup-Restore Banco BI Moto One-BKPAUTCITEL-20250524-2326
2025-05-24 23:26:27,612 - INFO - 
🔍 Processando block volume: Restore Banco BI OLV
2025-05-24 23:26:27,913 - INFO - ✅ Backup criado: BlockBackup-Restore Banco BI OLV-BKPAUTCITEL-20250524-2326
2025-05-24 23:26:28,505 - INFO - 
🔍 Processando block volume: Restore Banco BI Construilma
2025-05-24 23:26:28,807 - INFO - ✅ Backup criado: BlockBackup-Restore Banco BI Construilma-BKPAUTCITEL-20250524-2326
2025-05-24 23:26:29,411 - INFO - 
🔍 Processando block volume: Restore Banco BI Baytek
2025-05-24 23:26:29,756 - INFO - ✅ Backup criado: BlockBackup-Restore Banco BI Baytek-BKPAUTCITEL-20250524-2326
2025-05-24 23:26:30,300 - INFO - 
🔍 Processando block volume: Restore Banco BI Soldage
2025-05-24 23:26:30,597 - INFO - ✅ Backup criado: BlockBackup-Restore Banco BI Soldage-BKPAUTCITEL-20250524-2326
2025-05-24 23:26:31,236 - INFO - 
🔍 Processando block volume: Banco Restore BI Rizato
2025-05-24 23:26:31,549 - INFO - ✅ Backup criado: BlockBackup-Banco Restore BI Rizato-BKPAUTCITEL-20250524-2326
2025-05-24 23:26:32,159 - INFO - 
🔍 Processando block volume: Restore Banco BI Colomarti
2025-05-24 23:26:32,294 - WARNING - ⚠️ Tentativa 1: Limite de requisições. Aguardando 5s...
2025-05-24 23:26:42,687 - INFO - ✅ Backup criado: BlockBackup-Restore Banco BI Colomarti-BKPAUTCITEL-20250524-2326
2025-05-24 23:26:43,278 - INFO - 
🔍 Processando block volume: HD BKP BI Gasparzinho
2025-05-24 23:26:43,568 - INFO - ✅ Backup criado: BlockBackup-HD BKP BI Gasparzinho-BKPAUTCITEL-20250524-2326
2025-05-24 23:26:44,117 - INFO - 
🔍 Processando block volume: Banco_srvEstrategico
2025-05-24 23:26:44,398 - INFO - ✅ Backup criado: BlockBackup-Banco_srvEstrategico-BKPAUTCITEL-20250524-2326
2025-05-24 23:26:44,993 - INFO - 
🔍 Processando block volume: Restore banco Palmas bkp2 
2025-05-24 23:26:45,283 - INFO - ✅ Backup criado: BlockBackup-Restore banco Palmas bkp2 -BKPAUTCITEL-20250524-2326
2025-05-24 23:26:45,874 - INFO - 
🔍 Processando block volume: Restore Banco 2B bkp2
2025-05-24 23:26:46,012 - WARNING - ⚠️ Tentativa 1: Limite de requisições. Aguardando 5s...
2025-05-24 23:26:52,722 - WARNING - ⚠️ Tentativa 2: Limite de requisições. Aguardando 10s...
2025-05-24 23:27:06,939 - WARNING - ⚠️ Tentativa 3: Limite de requisições. Aguardando 20s...
2025-05-24 23:27:31,515 - INFO - ✅ Backup criado: BlockBackup-Restore Banco 2B bkp2-BKPAUTCITEL-20250524-2326
2025-05-24 23:27:32,162 - INFO - 
🔍 Processando block volume: Restore Banco BI Refrigas2
2025-05-24 23:27:32,476 - INFO - ✅ Backup criado: BlockBackup-Restore Banco BI Refrigas2-BKPAUTCITEL-20250524-2327
2025-05-24 23:27:33,076 - INFO - 
🔍 Processando block volume: BKP Valclei tkt 1076246
2025-05-24 23:27:33,212 - WARNING - ⚠️ Tentativa 1: Limite de requisições. Aguardando 5s...
2025-05-24 23:27:42,572 - INFO - ✅ Backup criado: BlockBackup-BKP Valclei tkt 1076246-BKPAUTCITEL-20250524-2327
2025-05-24 23:27:43,164 - INFO - 
🔍 Processando block volume: Restore2 BI Paratudo
2025-05-24 23:27:43,450 - INFO - ✅ Backup criado: BlockBackup-Restore2 BI Paratudo-BKPAUTCITEL-20250524-2327
2025-05-24 23:27:44,037 - INFO - 
🔍 Processando block volume: Banco2 MiaraKruger bi 
2025-05-24 23:27:44,339 - INFO - ✅ Backup criado: BlockBackup-Banco2 MiaraKruger bi -BKPAUTCITEL-20250524-2327
2025-05-24 23:27:44,921 - INFO - 
✅ Execução concluída com sucesso
