2025-05-25 15:00:38,719 - INFO - 
🔍 Processando boot volume: LinuxTSPlus20
2025-05-25 15:00:39,019 - INFO - ✅ Backup criado: BootBackup-LinuxTSPlus20-BKPAUTCITEL-20250525-1500
2025-05-25 15:00:39,664 - WARNING - ⏳ Backup ignorado (estado TERMINATED): Auto-backup for 2025-05-10 08:00:00 via policy: Citel_Diario04
2025-05-25 15:00:39,664 - INFO - 
🔍 Processando boot volume: LinuxTSPlus1
2025-05-25 15:00:40,025 - INFO - ✅ Backup criado: BootBackup-LinuxTSPlus1-BKPAUTCITEL-20250525-1500
2025-05-25 15:00:40,667 - WARNING - ⏳ Backup ignorado (estado TERMINATED): Auto-backup for 2025-05-10 08:00:00 via policy: Citel_Diario04
2025-05-25 15:00:40,668 - INFO - 
🔍 Processando boot volume: LinuxTSPlus2
2025-05-25 15:00:41,029 - INFO - ✅ Backup criado: BootBackup-LinuxTSPlus2-BKPAUTCITEL-20250525-1500
2025-05-25 15:00:41,681 - WARNING - ⏳ Backup ignorado (estado TERMINATED): Auto-backup for 2025-05-10 08:00:00 via policy: Citel_Diario04
2025-05-25 15:00:41,681 - INFO - 
🔍 Processando boot volume: LinuxTSPlus4
2025-05-25 15:00:42,011 - INFO - ✅ Backup criado: BootBackup-LinuxTSPlus4-BKPAUTCITEL-20250525-1500
2025-05-25 15:00:42,655 - WARNING - ⏳ Backup ignorado (estado TERMINATED): Auto-backup for 2025-05-10 08:00:00 via policy: Citel_Diario04
2025-05-25 15:00:42,655 - INFO - 
🔍 Processando boot volume: LinuxTSPlus6
2025-05-25 15:00:42,979 - INFO - ✅ Backup criado: BootBackup-LinuxTSPlus6-BKPAUTCITEL-20250525-1500
2025-05-25 15:00:43,635 - WARNING - ⏳ Backup ignorado (estado TERMINATED): Auto-backup for 2025-05-10 08:00:00 via policy: Citel_Diario04
2025-05-25 15:00:43,635 - INFO - 
🔍 Processando boot volume: Temp-Subida_G_e_B (Boot Volume)
2025-05-25 15:00:43,760 - WARNING - ⚠️ Tentativa 1: Limite de requisições. Aguardando 1s...
2025-05-25 15:00:49,717 - WARNING - ⚠️ Tentativa 2: Limite de requisições. Aguardando 2s...
2025-05-25 15:00:53,181 - INFO - ✅ Backup criado: BootBackup-Temp-Subida_G_e_B (Boot Volume)-BKPAUTCITEL-20250525-1500
2025-05-25 15:00:53,823 - WARNING - ⏳ Backup ignorado (estado TERMINATED): Auto-backup for 2025-05-10 08:00:00 via policy: Citel_Diario04
2025-05-25 15:00:53,824 - INFO - 
🔍 Processando boot volume: Banco_BelaTintas (Boot Volume)
2025-05-25 15:00:54,122 - INFO - ✅ Backup criado: BootBackup-Banco_BelaTintas (Boot Volume)-BKPAUTCITEL-20250525-1500
2025-05-25 15:00:54,770 - WARNING - ⏳ Backup ignorado (estado TERMINATED): Auto-backup for 2025-05-10 08:00:00 via policy: Citel_Diario04
2025-05-25 15:00:54,770 - INFO - 
🔍 Processando boot volume: LinuxTSPlus12_boot_clone2904
2025-05-25 15:00:55,142 - INFO - ✅ Backup criado: BootBackup-LinuxTSPlus12_boot_clone2904-BKPAUTCITEL-20250525-1500
2025-05-25 15:00:55,792 - WARNING - ⏳ Backup ignorado (estado TERMINATED): Auto-backup for 2025-05-10 08:00:00 via policy: Citel_Diario04
2025-05-25 15:00:55,793 - INFO - 
🔍 Processando boot volume: LinuxTSPlus65_boot_clone2904
2025-05-25 15:00:55,922 - WARNING - ⚠️ Tentativa 1: Limite de requisições. Aguardando 1s...
2025-05-25 15:01:00,476 - INFO - ✅ Backup criado: BootBackup-LinuxTSPlus65_boot_clone2904-BKPAUTCITEL-20250525-1500
2025-05-25 15:01:01,148 - WARNING - ⏳ Backup ignorado (estado TERMINATED): Auto-backup for 2025-05-10 08:00:00 via policy: Citel_Diario04
2025-05-25 15:01:01,149 - INFO - 
🔍 Processando boot volume: LinuxTSPlus72_boot_clone2904
2025-05-25 15:01:01,278 - WARNING - ⚠️ Tentativa 1: Limite de requisições. Aguardando 1s...
2025-05-25 15:01:05,145 - INFO - ✅ Backup criado: BootBackup-LinuxTSPlus72_boot_clone2904-BKPAUTCITEL-20250525-1501
2025-05-25 15:01:05,801 - WARNING - ⏳ Backup ignorado (estado TERMINATED): Auto-backup for 2025-05-10 08:00:00 via policy: Citel_Diario04
2025-05-25 15:01:05,802 - INFO - 
🔍 Processando boot volume: LinuxTSPlus43_boot_clone2904
2025-05-25 15:01:06,141 - INFO - ✅ Backup criado: BootBackup-LinuxTSPlus43_boot_clone2904-BKPAUTCITEL-20250525-1501
2025-05-25 15:01:06,765 - WARNING - ⏳ Backup ignorado (estado TERMINATED): Auto-backup for 2025-05-10 08:00:00 via policy: Citel_Diario04
2025-05-25 15:01:06,765 - INFO - 
🔍 Processando boot volume: LinuxTSPlus50_boot_clone2904
2025-05-25 15:01:06,891 - WARNING - ⚠️ Tentativa 1: Limite de requisições. Aguardando 1s...
2025-05-25 15:01:11,084 - WARNING - ⚠️ Tentativa 2: Limite de requisições. Aguardando 2s...
2025-05-25 15:01:15,440 - INFO - ✅ Backup criado: BootBackup-LinuxTSPlus50_boot_clone2904-BKPAUTCITEL-20250525-1501
2025-05-25 15:01:16,058 - WARNING - ⏳ Backup ignorado (estado TERMINATED): Auto-backup for 2025-05-10 08:00:00 via policy: Citel_Diario04
2025-05-25 15:01:16,058 - INFO - 
🔍 Processando boot volume: LinuxTSPlus37_boot_clone2904
2025-05-25 15:01:16,344 - INFO - ✅ Backup criado: BootBackup-LinuxTSPlus37_boot_clone2904-BKPAUTCITEL-20250525-1501
2025-05-25 15:01:16,969 - WARNING - ⏳ Backup ignorado (estado TERMINATED): Auto-backup for 2025-05-10 08:00:00 via policy: Citel_Diario04
2025-05-25 15:01:16,970 - INFO - 
🔍 Processando boot volume: LinuxTSPlus32_boot_clone2904
2025-05-25 15:01:17,095 - WARNING - ⚠️ Tentativa 1: Limite de requisições. Aguardando 1s...
2025-05-25 15:01:19,748 - WARNING - ⚠️ Tentativa 2: Limite de requisições. Aguardando 2s...
2025-05-25 15:01:24,198 - WARNING - ⚠️ Tentativa 3: Limite de requisições. Aguardando 4s...
2025-05-25 15:01:30,274 - INFO - ✅ Backup criado: BootBackup-LinuxTSPlus32_boot_clone2904-BKPAUTCITEL-20250525-1501
2025-05-25 15:01:30,920 - WARNING - ⏳ Backup ignorado (estado TERMINATED): Auto-backup for 2025-05-10 08:00:00 via policy: Citel_Diario04
2025-05-25 15:01:30,921 - INFO - 
🔍 Processando boot volume: LinuxTSPlus13_boot_clone2904
2025-05-25 15:01:31,221 - INFO - ✅ Backup criado: BootBackup-LinuxTSPlus13_boot_clone2904-BKPAUTCITEL-20250525-1501
2025-05-25 15:01:31,851 - WARNING - ⏳ Backup ignorado (estado TERMINATED): Auto-backup for 2025-05-10 08:00:00 via policy: Citel_Diario04
2025-05-25 15:01:31,852 - INFO - 
🔍 Processando boot volume: LinuxTSPlus16_boot_clone2904
2025-05-25 15:01:32,145 - INFO - ✅ Backup criado: BootBackup-LinuxTSPlus16_boot_clone2904-BKPAUTCITEL-20250525-1501
2025-05-25 15:01:32,806 - WARNING - ⏳ Backup ignorado (estado TERMINATED): Auto-backup for 2025-05-10 08:00:00 via policy: Citel_Diario04
2025-05-25 15:01:32,806 - INFO - 
🔍 Processando boot volume: Linux-checkdisks (Boot Volume)
2025-05-25 15:01:33,181 - INFO - ✅ Backup criado: BootBackup-Linux-checkdisks (Boot Volume)-BKPAUTCITEL-20250525-1501
2025-05-25 15:01:33,815 - INFO - 
🔍 Processando boot volume: LinuxDataBelaTintas
2025-05-25 15:01:33,941 - WARNING - ⚠️ Tentativa 1: Limite de requisições. Aguardando 1s...
2025-05-25 15:01:38,856 - INFO - ✅ Backup criado: BootBackup-LinuxDataBelaTintas-BKPAUTCITEL-20250525-1501
2025-05-25 15:01:39,491 - WARNING - ⏳ Backup ignorado (estado TERMINATED): Auto-backup for 2025-05-10 08:00:00 via policy: Citel_Diario04
2025-05-25 15:01:39,492 - INFO - 
🔍 Processando boot volume: LinuxData010
2025-05-25 15:01:39,617 - WARNING - ⚠️ Tentativa 1: Limite de requisições. Aguardando 1s...
2025-05-25 15:01:45,882 - INFO - ✅ Backup criado: BootBackup-LinuxData010-BKPAUTCITEL-20250525-1501
2025-05-25 15:01:46,505 - WARNING - ⏳ Backup ignorado (estado TERMINATED): Auto-backup for 2025-05-10 08:00:00 via policy: Citel_Diario04
2025-05-25 15:01:46,505 - INFO - 
🔍 Processando boot volume: LinuxData025
2025-05-25 15:01:46,633 - WARNING - ⚠️ Tentativa 1: Limite de requisições. Aguardando 1s...
2025-05-25 15:01:49,499 - INFO - ✅ Backup criado: BootBackup-LinuxData025-BKPAUTCITEL-20250525-1501
2025-05-25 15:01:50,113 - WARNING - ⏳ Backup ignorado (estado TERMINATED): Auto-backup for 2025-05-10 08:00:00 via policy: Citel_Diario04
2025-05-25 15:01:50,114 - INFO - 
🔍 Processando boot volume: LinuxData004
2025-05-25 15:01:50,436 - INFO - ✅ Backup criado: BootBackup-LinuxData004-BKPAUTCITEL-20250525-1501
2025-05-25 15:01:51,078 - WARNING - ⏳ Backup ignorado (estado TERMINATED): Auto-backup for 2025-05-10 08:00:00 via policy: Citel_Diario04
2025-05-25 15:01:51,078 - INFO - 
🔍 Processando boot volume: LinuxData005
2025-05-25 15:01:51,373 - INFO - ✅ Backup criado: BootBackup-LinuxData005-BKPAUTCITEL-20250525-1501
2025-05-25 15:01:52,015 - WARNING - ⏳ Backup ignorado (estado TERMINATED): Auto-backup for 2025-05-10 08:00:00 via policy: Citel_Diario04
2025-05-25 15:01:52,016 - INFO - 
🔍 Processando boot volume: LinuxData012
2025-05-25 15:01:52,332 - INFO - ✅ Backup criado: BootBackup-LinuxData012-BKPAUTCITEL-20250525-1501
2025-05-25 15:01:52,951 - WARNING - ⏳ Backup ignorado (estado TERMINATED): Auto-backup for 2025-05-10 08:00:00 via policy: Citel_Diario04
2025-05-25 15:01:52,951 - INFO - 
🔍 Processando boot volume: LinuxData006
2025-05-25 15:01:53,311 - INFO - ✅ Backup criado: BootBackup-LinuxData006-BKPAUTCITEL-20250525-1501
2025-05-25 15:01:53,923 - WARNING - ⏳ Backup ignorado (estado TERMINATED): Auto-backup for 2025-05-10 08:00:00 via policy: Citel_Diario04
2025-05-25 15:01:53,924 - INFO - 
🔍 Processando boot volume: LinuxData013
2025-05-25 15:01:54,048 - WARNING - ⚠️ Tentativa 1: Limite de requisições. Aguardando 1s...
2025-05-25 15:01:59,786 - WARNING - ⚠️ Tentativa 2: Limite de requisições. Aguardando 2s...
2025-05-25 15:02:05,414 - WARNING - ⚠️ Tentativa 3: Limite de requisições. Aguardando 4s...
2025-05-25 15:02:11,648 - WARNING - ⚠️ Tentativa 4: Limite de requisições. Aguardando 8s...
2025-05-25 15:02:21,796 - INFO - ✅ Backup criado: BootBackup-LinuxData013-BKPAUTCITEL-20250525-1501
2025-05-25 15:02:22,410 - WARNING - ⏳ Backup ignorado (estado TERMINATED): Auto-backup for 2025-05-10 08:00:00 via policy: Citel_Diario04
2025-05-25 15:02:22,410 - INFO - 
🔍 Processando boot volume: LinuxData011
2025-05-25 15:02:22,723 - INFO - ✅ Backup criado: BootBackup-LinuxData011-BKPAUTCITEL-20250525-1502
2025-05-25 15:02:23,354 - WARNING - ⏳ Backup ignorado (estado TERMINATED): Auto-backup for 2025-05-10 08:00:00 via policy: Citel_Diario04
2025-05-25 15:02:23,355 - INFO - 
🔍 Processando boot volume: LinuxData008
2025-05-25 15:02:23,685 - INFO - ✅ Backup criado: BootBackup-LinuxData008-BKPAUTCITEL-20250525-1502
2025-05-25 15:02:23,930 - WARNING - ⏳ Backup ignorado (estado TERMINATED): Auto-backup for 2025-05-10 08:00:00 via policy: Citel_Diario04
2025-05-25 15:02:23,930 - INFO - 
🔍 Processando boot volume: LinuxData007
2025-05-25 15:02:24,252 - INFO - ✅ Backup criado: BootBackup-LinuxData007-BKPAUTCITEL-20250525-1502
2025-05-25 15:02:24,914 - WARNING - ⏳ Backup ignorado (estado TERMINATED): Auto-backup for 2025-05-10 08:00:00 via policy: Citel_Diario04
2025-05-25 15:02:24,915 - INFO - 
🔍 Processando boot volume: LinuxData055
2025-05-25 15:02:25,040 - WARNING - ⚠️ Tentativa 1: Limite de requisições. Aguardando 1s...
2025-05-25 15:02:26,728 - INFO - ✅ Backup criado: BootBackup-LinuxData055-BKPAUTCITEL-20250525-1502
2025-05-25 15:02:27,351 - WARNING - ⏳ Backup ignorado (estado TERMINATED): Auto-backup for 2025-05-10 08:00:00 via policy: Citel_Diario04
2025-05-25 15:02:27,351 - INFO - 
🔍 Processando boot volume: LinuxData009
2025-05-25 15:02:27,476 - WARNING - ⚠️ Tentativa 1: Limite de requisições. Aguardando 1s...
2025-05-25 15:02:30,148 - WARNING - ⚠️ Tentativa 2: Limite de requisições. Aguardando 2s...
2025-05-25 15:02:33,209 - INFO - ✅ Backup criado: BootBackup-LinuxData009-BKPAUTCITEL-20250525-1502
2025-05-25 15:02:33,830 - WARNING - ⏳ Backup ignorado (estado TERMINATED): Auto-backup for 2025-05-10 08:00:00 via policy: Citel_Diario04
2025-05-25 15:02:33,831 - INFO - 
🔍 Processando boot volume: LinuxData014
2025-05-25 15:02:34,152 - INFO - ✅ Backup criado: BootBackup-LinuxData014-BKPAUTCITEL-20250525-1502
2025-05-25 15:02:34,786 - WARNING - ⏳ Backup ignorado (estado TERMINATED): Auto-backup for 2025-05-10 08:00:00 via policy: Citel_Diario04
2025-05-25 15:02:34,786 - INFO - 
🔍 Processando boot volume: LinuxData050
2025-05-25 15:02:35,095 - INFO - ✅ Backup criado: BootBackup-LinuxData050-BKPAUTCITEL-20250525-1502
2025-05-25 15:02:35,735 - WARNING - ⏳ Backup ignorado (estado TERMINATED): Auto-backup for 2025-05-10 08:00:00 via policy: Citel_Diario04
2025-05-25 15:02:35,736 - INFO - 
🔍 Processando boot volume: LinuxData018
2025-05-25 15:02:35,861 - WARNING - ⚠️ Tentativa 1: Limite de requisições. Aguardando 1s...
2025-05-25 15:02:41,227 - WARNING - ⚠️ Tentativa 2: Limite de requisições. Aguardando 2s...
2025-05-25 15:02:45,394 - WARNING - ⚠️ Tentativa 3: Limite de requisições. Aguardando 4s...
2025-05-25 15:02:54,379 - INFO - ✅ Backup criado: BootBackup-LinuxData018-BKPAUTCITEL-20250525-1502
2025-05-25 15:02:54,644 - WARNING - ⏳ Backup ignorado (estado TERMINATED): Auto-backup for 2025-05-10 08:00:00 via policy: Citel_Diario04
2025-05-25 15:02:54,644 - INFO - 
🔍 Processando boot volume: LinuxData016
2025-05-25 15:02:54,937 - INFO - ✅ Backup criado: BootBackup-LinuxData016-BKPAUTCITEL-20250525-1502
2025-05-25 15:02:55,573 - WARNING - ⏳ Backup ignorado (estado TERMINATED): Auto-backup for 2025-05-10 08:00:00 via policy: Citel_Diario04
2025-05-25 15:02:55,573 - INFO - 
🔍 Processando boot volume: LinuxData059
2025-05-25 15:02:55,903 - INFO - ✅ Backup criado: BootBackup-LinuxData059-BKPAUTCITEL-20250525-1502
2025-05-25 15:02:56,524 - WARNING - ⏳ Backup ignorado (estado TERMINATED): Auto-backup for 2025-05-10 08:00:00 via policy: Citel_Diario04
2025-05-25 15:02:56,524 - INFO - 
🔍 Processando boot volume: LinuxData037
2025-05-25 15:02:56,650 - WARNING - ⚠️ Tentativa 1: Limite de requisições. Aguardando 1s...
2025-05-25 15:03:00,310 - WARNING - ⚠️ Tentativa 2: Limite de requisições. Aguardando 2s...
2025-05-25 15:03:07,778 - INFO - ✅ Backup criado: BootBackup-LinuxData037-BKPAUTCITEL-20250525-1502
2025-05-25 15:03:08,399 - WARNING - ⏳ Backup ignorado (estado TERMINATED): Auto-backup for 2025-05-10 08:00:00 via policy: Citel_Diario04
2025-05-25 15:03:08,399 - INFO - 
🔍 Processando boot volume: LinuxData036
2025-05-25 15:03:08,524 - WARNING - ⚠️ Tentativa 1: Limite de requisições. Aguardando 1s...
2025-05-25 15:03:14,852 - WARNING - ⚠️ Tentativa 2: Limite de requisições. Aguardando 2s...
2025-05-25 15:03:20,761 - INFO - ✅ Backup criado: BootBackup-LinuxData036-BKPAUTCITEL-20250525-1503
2025-05-25 15:03:21,392 - WARNING - ⏳ Backup ignorado (estado TERMINATED): Auto-backup for 2025-05-10 08:00:00 via policy: Citel_Diario04
2025-05-25 15:03:21,392 - INFO - 
🔍 Processando boot volume: LinuxData017
2025-05-25 15:03:21,518 - WARNING - ⚠️ Tentativa 1: Limite de requisições. Aguardando 1s...
2025-05-25 15:03:24,394 - WARNING - ⚠️ Tentativa 2: Limite de requisições. Aguardando 2s...
2025-05-25 15:03:26,912 - WARNING - ⚠️ Tentativa 3: Limite de requisições. Aguardando 4s...
2025-05-25 15:03:35,827 - INFO - ✅ Backup criado: BootBackup-LinuxData017-BKPAUTCITEL-20250525-1503
2025-05-25 15:03:36,466 - WARNING - ⏳ Backup ignorado (estado TERMINATED): Auto-backup for 2025-05-10 08:00:00 via policy: Citel_Diario04
2025-05-25 15:03:36,466 - INFO - 
🔍 Processando boot volume: LinuxData041
2025-05-25 15:03:36,592 - WARNING - ⚠️ Tentativa 1: Limite de requisições. Aguardando 1s...
2025-05-25 15:03:40,903 - INFO - ✅ Backup criado: BootBackup-LinuxData041-BKPAUTCITEL-20250525-1503
2025-05-25 15:03:41,542 - WARNING - ⏳ Backup ignorado (estado TERMINATED): Auto-backup for 2025-05-10 08:00:00 via policy: Citel_Diario04
2025-05-25 15:03:41,543 - INFO - 
🔍 Processando boot volume: LinuxData043
2025-05-25 15:03:41,859 - INFO - ✅ Backup criado: BootBackup-LinuxData043-BKPAUTCITEL-20250525-1503
2025-05-25 15:03:42,496 - WARNING - ⏳ Backup ignorado (estado TERMINATED): Auto-backup for 2025-05-10 08:00:00 via policy: Citel_Diario04
2025-05-25 15:03:42,496 - INFO - 
🔍 Processando boot volume: LinuxData048
2025-05-25 15:03:42,620 - WARNING - ⚠️ Tentativa 1: Limite de requisições. Aguardando 1s...
2025-05-25 15:03:44,980 - INFO - ✅ Backup criado: BootBackup-LinuxData048-BKPAUTCITEL-20250525-1503
2025-05-25 15:03:45,605 - WARNING - ⏳ Backup ignorado (estado TERMINATED): Auto-backup for 2025-05-10 08:00:00 via policy: Citel_Diario04
2025-05-25 15:03:45,605 - INFO - 
🔍 Processando boot volume: LinuxData032
2025-05-25 15:03:45,931 - INFO - ✅ Backup criado: BootBackup-LinuxData032-BKPAUTCITEL-20250525-1503
2025-05-25 15:03:46,557 - WARNING - ⏳ Backup ignorado (estado TERMINATED): Auto-backup for 2025-05-10 08:00:00 via policy: Citel_Diario04
2025-05-25 15:03:46,557 - INFO - 
🔍 Processando boot volume: LinuxData033
2025-05-25 15:03:46,867 - INFO - ✅ Backup criado: BootBackup-LinuxData033-BKPAUTCITEL-20250525-1503
2025-05-25 15:03:47,472 - WARNING - ⏳ Backup ignorado (estado TERMINATED): Auto-backup for 2025-05-10 08:00:00 via policy: Citel_Diario04
2025-05-25 15:03:47,473 - INFO - 
🔍 Processando boot volume: LinuxData034
2025-05-25 15:03:47,597 - WARNING - ⚠️ Tentativa 1: Limite de requisições. Aguardando 1s...
2025-05-25 15:03:53,039 - WARNING - ⚠️ Tentativa 2: Limite de requisições. Aguardando 2s...
2025-05-25 15:03:58,017 - WARNING - ⚠️ Tentativa 3: Limite de requisições. Aguardando 4s...
2025-05-25 15:04:03,912 - INFO - ✅ Backup criado: BootBackup-LinuxData034-BKPAUTCITEL-20250525-1503
2025-05-25 15:04:04,535 - WARNING - ⏳ Backup ignorado (estado TERMINATED): Auto-backup for 2025-05-10 08:00:00 via policy: Citel_Diario04
2025-05-25 15:04:04,536 - INFO - 
🔍 Processando boot volume: LinuxData029
2025-05-25 15:04:04,661 - WARNING - ⚠️ Tentativa 1: Limite de requisições. Aguardando 1s...
2025-05-25 15:04:07,929 - WARNING - ⚠️ Tentativa 2: Limite de requisições. Aguardando 2s...
2025-05-25 15:04:15,010 - INFO - ✅ Backup criado: BootBackup-LinuxData029-BKPAUTCITEL-20250525-1504
2025-05-25 15:04:15,652 - WARNING - ⏳ Backup ignorado (estado TERMINATED): Auto-backup for 2025-05-10 08:00:00 via policy: Citel_Diario04
2025-05-25 15:04:15,653 - INFO - 
🔍 Processando boot volume: LinuxData019
2025-05-25 15:04:15,935 - INFO - ✅ Backup criado: BootBackup-LinuxData019-BKPAUTCITEL-20250525-1504
2025-05-25 15:04:16,576 - WARNING - ⏳ Backup ignorado (estado TERMINATED): Auto-backup for 2025-05-10 08:00:00 via policy: Citel_Diario04
2025-05-25 15:04:16,576 - INFO - 
🔍 Processando boot volume: LinuxData021
2025-05-25 15:04:16,701 - WARNING - ⚠️ Tentativa 1: Limite de requisições. Aguardando 1s...
2025-05-25 15:04:19,796 - WARNING - ⚠️ Tentativa 2: Limite de requisições. Aguardando 2s...
2025-05-25 15:04:27,451 - INFO - ✅ Backup criado: BootBackup-LinuxData021-BKPAUTCITEL-20250525-1504
2025-05-25 15:04:28,120 - WARNING - ⏳ Backup ignorado (estado TERMINATED): Auto-backup for 2025-05-10 08:00:00 via policy: Citel_Diario04
2025-05-25 15:04:28,120 - INFO - 
🔍 Processando boot volume: LinuxData022
2025-05-25 15:04:28,420 - INFO - ✅ Backup criado: BootBackup-LinuxData022-BKPAUTCITEL-20250525-1504
2025-05-25 15:04:29,097 - WARNING - ⏳ Backup ignorado (estado TERMINATED): Auto-backup for 2025-05-10 08:00:00 via policy: Citel_Diario04
2025-05-25 15:04:29,097 - INFO - 
🔍 Processando boot volume: LinuxData024
2025-05-25 15:04:29,222 - WARNING - ⚠️ Tentativa 1: Limite de requisições. Aguardando 1s...
2025-05-25 15:04:32,739 - INFO - ✅ Backup criado: BootBackup-LinuxData024-BKPAUTCITEL-20250525-1504
2025-05-25 15:04:33,390 - WARNING - ⏳ Backup ignorado (estado TERMINATED): Auto-backup for 2025-05-10 08:00:00 via policy: Citel_Diario04
2025-05-25 15:04:33,390 - INFO - 
🔍 Processando boot volume: LinuxData020
2025-05-25 15:04:33,515 - WARNING - ⚠️ Tentativa 1: Limite de requisições. Aguardando 1s...
2025-05-25 15:04:37,845 - WARNING - ⚠️ Tentativa 2: Limite de requisições. Aguardando 2s...
2025-05-25 15:04:42,133 - INFO - ✅ Backup criado: BootBackup-LinuxData020-BKPAUTCITEL-20250525-1504
2025-05-25 15:04:42,769 - WARNING - ⏳ Backup ignorado (estado TERMINATED): Auto-backup for 2025-05-10 08:00:00 via policy: Citel_Diario04
2025-05-25 15:04:42,770 - INFO - 
🔍 Processando boot volume: LinuxData026
2025-05-25 15:04:43,051 - INFO - ✅ Backup criado: BootBackup-LinuxData026-BKPAUTCITEL-20250525-1504
2025-05-25 15:04:43,721 - WARNING - ⏳ Backup ignorado (estado TERMINATED): Auto-backup for 2025-05-10 08:00:00 via policy: Citel_Diario04
2025-05-25 15:04:43,721 - INFO - 
🔍 Processando boot volume: LinuxData028
2025-05-25 15:04:44,047 - INFO - ✅ Backup criado: BootBackup-LinuxData028-BKPAUTCITEL-20250525-1504
2025-05-25 15:04:44,671 - WARNING - ⏳ Backup ignorado (estado TERMINATED): Auto-backup for 2025-05-10 08:00:00 via policy: Citel_Diario04
2025-05-25 15:04:44,672 - INFO - 
🔍 Processando boot volume: LinuxData030
2025-05-25 15:04:44,797 - WARNING - ⚠️ Tentativa 1: Limite de requisições. Aguardando 1s...
2025-05-25 15:04:51,343 - INFO - ✅ Backup criado: BootBackup-LinuxData030-BKPAUTCITEL-20250525-1504
2025-05-25 15:04:51,973 - WARNING - ⏳ Backup ignorado (estado TERMINATED): Auto-backup for 2025-05-10 08:00:00 via policy: Citel_Diario04
2025-05-25 15:04:51,973 - INFO - 
🔍 Processando boot volume: LinuxData040
2025-05-25 15:04:52,247 - INFO - ✅ Backup criado: BootBackup-LinuxData040-BKPAUTCITEL-20250525-1504
2025-05-25 15:04:52,885 - WARNING - ⏳ Backup ignorado (estado TERMINATED): Auto-backup for 2025-05-10 08:00:00 via policy: Citel_Diario04
2025-05-25 15:04:52,886 - INFO - 
🔍 Processando boot volume: LinuxData065
2025-05-25 15:04:53,179 - INFO - ✅ Backup criado: BootBackup-LinuxData065-BKPAUTCITEL-20250525-1504
2025-05-25 15:04:53,830 - WARNING - ⏳ Backup ignorado (estado TERMINATED): Auto-backup for 2025-05-10 08:00:00 via policy: Citel_Diario04
2025-05-25 15:04:53,830 - INFO - 
🔍 Processando boot volume: LinuxData072
2025-05-25 15:04:53,956 - WARNING - ⚠️ Tentativa 1: Limite de requisições. Aguardando 1s...
2025-05-25 15:04:57,539 - INFO - ✅ Backup criado: BootBackup-LinuxData072-BKPAUTCITEL-20250525-1504
2025-05-25 15:04:58,155 - WARNING - ⏳ Backup ignorado (estado TERMINATED): Auto-backup for 2025-05-10 08:00:00 via policy: Citel_Diario04
2025-05-25 15:04:58,156 - INFO - 
🔍 Processando boot volume: LinuxData001
2025-05-25 15:04:58,280 - WARNING - ⚠️ Tentativa 1: Limite de requisições. Aguardando 1s...
2025-05-25 15:05:00,732 - WARNING - ⚠️ Tentativa 2: Limite de requisições. Aguardando 2s...
2025-05-25 15:05:08,237 - WARNING - ⚠️ Tentativa 3: Limite de requisições. Aguardando 4s...
2025-05-25 15:05:16,530 - INFO - ✅ Backup criado: BootBackup-LinuxData001-BKPAUTCITEL-20250525-1504
2025-05-25 15:05:17,188 - WARNING - ⏳ Backup ignorado (estado TERMINATED): Auto-backup for 2025-05-10 08:00:00 via policy: Citel_Diario04
2025-05-25 15:05:17,189 - INFO - 
🔍 Processando boot volume: LinuxData002
2025-05-25 15:05:17,314 - WARNING - ⚠️ Tentativa 1: Limite de requisições. Aguardando 1s...
2025-05-25 15:05:20,307 - WARNING - ⚠️ Tentativa 2: Limite de requisições. Aguardando 2s...
2025-05-25 15:05:25,605 - INFO - ✅ Backup criado: BootBackup-LinuxData002-BKPAUTCITEL-20250525-1505
2025-05-25 15:05:26,259 - WARNING - ⏳ Backup ignorado (estado TERMINATED): Auto-backup for 2025-05-10 08:00:00 via policy: Citel_Diario04
2025-05-25 15:05:26,260 - INFO - 
🔍 Processando boot volume: LinuxTSPlus20_boot_clone0105
2025-05-25 15:05:26,539 - INFO - ✅ Backup criado: BootBackup-LinuxTSPlus20_boot_clone0105-BKPAUTCITEL-20250525-1505
2025-05-25 15:05:27,131 - INFO - 
🔍 Processando boot volume: LinuxData013_clone06052025
2025-05-25 15:05:27,257 - WARNING - ⚠️ Tentativa 1: Limite de requisições. Aguardando 1s...
2025-05-25 15:05:30,208 - WARNING - ⚠️ Tentativa 2: Limite de requisições. Aguardando 2s...
2025-05-25 15:05:37,654 - INFO - ✅ Backup criado: BootBackup-LinuxData013_clone06052025-BKPAUTCITEL-20250525-1505
2025-05-25 15:05:38,264 - INFO - 
✅ Execução concluída com sucesso
