2025-05-28 00:09:44,948 - INFO - 
🔍 Processando boot volume: LinuxTSPlus20
2025-05-28 00:09:45,241 - INFO - ✅ Backup criado: BootBackup-LinuxTSPlus20-BKPAUTCITEL-20250528-0009
2025-05-28 00:09:45,522 - INFO - 
🔍 Processando boot volume: LinuxTSPlus1
2025-05-28 00:09:45,819 - INFO - ✅ Backup criado: BootBackup-LinuxTSPlus1-BKPAUTCITEL-20250528-0009
2025-05-28 00:09:46,483 - INFO - 
🔍 Processando boot volume: LinuxTSPlus2
2025-05-28 00:09:46,793 - INFO - ✅ Backup criado: BootBackup-LinuxTSPlus2-BKPAUTCITEL-20250528-0009
2025-05-28 00:09:47,087 - INFO - 
🔍 Processando boot volume: Temp-Subida_G_e_B (Boot Volume)
2025-05-28 00:09:47,426 - INFO - ✅ Backup criado: BootBackup-Temp-Subida_G_e_B (Boot Volume)-BKPAUTCITEL-20250528-0009
2025-05-28 00:09:48,233 - INFO - 
🔍 Processando boot volume: Banco_BelaTintas (Boot Volume)
2025-05-28 00:09:48,579 - INFO - ✅ Backup criado: BootBackup-Banco_BelaTintas (Boot Volume)-BKPAUTCITEL-20250528-0009
2025-05-28 00:09:48,871 - INFO - 
🔍 Processando boot volume: LinuxTSPlus65_boot_clone2904
2025-05-28 00:09:49,168 - INFO - ✅ Backup criado: BootBackup-LinuxTSPlus65_boot_clone2904-BKPAUTCITEL-20250528-0009
2025-05-28 00:09:49,839 - INFO - 
🔍 Processando boot volume: LinuxTSPlus72_boot_clone2904
2025-05-28 00:09:49,965 - WARNING - ⚠️ Tentativa 1: Limite de requisições. Aguardando 1s...
2025-05-28 00:09:56,084 - INFO - ✅ Backup criado: BootBackup-LinuxTSPlus72_boot_clone2904-BKPAUTCITEL-20250528-0009
2025-05-28 00:09:56,387 - INFO - 
🔍 Processando boot volume: Linux-checkdisks (Boot Volume)
2025-05-28 00:09:56,701 - INFO - ✅ Backup criado: BootBackup-Linux-checkdisks (Boot Volume)-BKPAUTCITEL-20250528-0009
2025-05-28 00:09:57,412 - INFO - 
🔍 Processando boot volume: LinuxDataBelaTintas
2025-05-28 00:09:57,702 - INFO - ✅ Backup criado: BootBackup-LinuxDataBelaTintas-BKPAUTCITEL-20250528-0009
2025-05-28 00:09:58,015 - INFO - 
🔍 Processando boot volume: LinuxData010
2025-05-28 00:09:58,312 - INFO - ✅ Backup criado: BootBackup-LinuxData010-BKPAUTCITEL-20250528-0009
2025-05-28 00:09:59,013 - INFO - 
🔍 Processando boot volume: LinuxData025
2025-05-28 00:09:59,138 - WARNING - ⚠️ Tentativa 1: Limite de requisições. Aguardando 1s...
2025-05-28 00:10:02,981 - INFO - ✅ Backup criado: BootBackup-LinuxData025-BKPAUTCITEL-20250528-0009
2025-05-28 00:10:03,295 - INFO - 
🔍 Processando boot volume: LinuxData004
2025-05-28 00:10:03,591 - INFO - ✅ Backup criado: BootBackup-LinuxData004-BKPAUTCITEL-20250528-0010
2025-05-28 00:10:04,308 - INFO - 
🔍 Processando boot volume: LinuxData005
2025-05-28 00:10:04,653 - INFO - ✅ Backup criado: BootBackup-LinuxData005-BKPAUTCITEL-20250528-0010
2025-05-28 00:10:04,955 - INFO - 
🔍 Processando boot volume: LinuxData012
2025-05-28 00:10:05,248 - INFO - ✅ Backup criado: BootBackup-LinuxData012-BKPAUTCITEL-20250528-0010
2025-05-28 00:10:05,949 - INFO - 
🔍 Processando boot volume: LinuxData006
2025-05-28 00:10:06,074 - WARNING - ⚠️ Tentativa 1: Limite de requisições. Aguardando 1s...
2025-05-28 00:10:11,565 - WARNING - ⚠️ Tentativa 2: Limite de requisições. Aguardando 2s...
2025-05-28 00:10:17,888 - INFO - ✅ Backup criado: BootBackup-LinuxData006-BKPAUTCITEL-20250528-0010
2025-05-28 00:10:18,181 - INFO - 
🔍 Processando boot volume: LinuxData013
2025-05-28 00:10:18,590 - INFO - ✅ Backup criado: BootBackup-LinuxData013-BKPAUTCITEL-20250528-0010
2025-05-28 00:10:19,292 - INFO - 
🔍 Processando boot volume: LinuxData011
2025-05-28 00:10:19,609 - INFO - ✅ Backup criado: BootBackup-LinuxData011-BKPAUTCITEL-20250528-0010
2025-05-28 00:10:19,927 - INFO - 
🔍 Processando boot volume: LinuxData008
2025-05-28 00:10:20,263 - INFO - ✅ Backup criado: BootBackup-LinuxData008-BKPAUTCITEL-20250528-0010
2025-05-28 00:10:20,938 - INFO - 
🔍 Processando boot volume: LinuxData007
2025-05-28 00:10:21,063 - WARNING - ⚠️ Tentativa 1: Limite de requisições. Aguardando 1s...
2025-05-28 00:10:25,898 - WARNING - ⚠️ Tentativa 2: Limite de requisições. Aguardando 2s...
2025-05-28 00:10:29,340 - INFO - ✅ Backup criado: BootBackup-LinuxData007-BKPAUTCITEL-20250528-0010
2025-05-28 00:10:29,633 - INFO - 
🔍 Processando boot volume: LinuxData055
2025-05-28 00:10:29,929 - INFO - ✅ Backup criado: BootBackup-LinuxData055-BKPAUTCITEL-20250528-0010
2025-05-28 00:10:30,595 - INFO - 
🔍 Processando boot volume: LinuxData009
2025-05-28 00:10:30,935 - INFO - ✅ Backup criado: BootBackup-LinuxData009-BKPAUTCITEL-20250528-0010
2025-05-28 00:10:31,244 - INFO - 
🔍 Processando boot volume: LinuxData014
2025-05-28 00:10:31,573 - INFO - ✅ Backup criado: BootBackup-LinuxData014-BKPAUTCITEL-20250528-0010
2025-05-28 00:10:32,284 - INFO - 
🔍 Processando boot volume: LinuxData050
2025-05-28 00:10:32,663 - INFO - ✅ Backup criado: BootBackup-LinuxData050-BKPAUTCITEL-20250528-0010
2025-05-28 00:10:32,984 - INFO - 
🔍 Processando boot volume: LinuxData018
2025-05-28 00:10:33,313 - INFO - ✅ Backup criado: BootBackup-LinuxData018-BKPAUTCITEL-20250528-0010
2025-05-28 00:10:34,037 - INFO - 
🔍 Processando boot volume: LinuxData016
2025-05-28 00:10:34,162 - WARNING - ⚠️ Tentativa 1: Limite de requisições. Aguardando 1s...
2025-05-28 00:10:40,626 - WARNING - ⚠️ Tentativa 2: Limite de requisições. Aguardando 2s...
2025-05-28 00:10:47,603 - INFO - ✅ Backup criado: BootBackup-LinuxData016-BKPAUTCITEL-20250528-0010
2025-05-28 00:10:47,949 - INFO - 
🔍 Processando boot volume: LinuxData059
2025-05-28 00:10:48,263 - INFO - ✅ Backup criado: BootBackup-LinuxData059-BKPAUTCITEL-20250528-0010
2025-05-28 00:10:48,915 - INFO - 
🔍 Processando boot volume: LinuxData037
2025-05-28 00:10:49,040 - WARNING - ⚠️ Tentativa 1: Limite de requisições. Aguardando 1s...
2025-05-28 00:10:52,109 - WARNING - ⚠️ Tentativa 2: Limite de requisições. Aguardando 2s...
2025-05-28 00:10:56,883 - WARNING - ⚠️ Tentativa 3: Limite de requisições. Aguardando 4s...
2025-05-28 00:11:03,710 - WARNING - ⚠️ Tentativa 4: Limite de requisições. Aguardando 8s...
2025-05-28 00:11:17,265 - INFO - ✅ Backup criado: BootBackup-LinuxData037-BKPAUTCITEL-20250528-0010
2025-05-28 00:11:17,966 - INFO - 
🔍 Processando boot volume: LinuxData036
2025-05-28 00:11:18,346 - INFO - ✅ Backup criado: BootBackup-LinuxData036-BKPAUTCITEL-20250528-0011
2025-05-28 00:11:18,642 - INFO - 
🔍 Processando boot volume: LinuxData017
2025-05-28 00:11:19,043 - INFO - ✅ Backup criado: BootBackup-LinuxData017-BKPAUTCITEL-20250528-0011
2025-05-28 00:11:19,728 - INFO - 
🔍 Processando boot volume: LinuxData041
2025-05-28 00:11:20,081 - INFO - ✅ Backup criado: BootBackup-LinuxData041-BKPAUTCITEL-20250528-0011
2025-05-28 00:11:20,374 - INFO - 
🔍 Processando boot volume: LinuxData043
2025-05-28 00:11:20,689 - INFO - ✅ Backup criado: BootBackup-LinuxData043-BKPAUTCITEL-20250528-0011
2025-05-28 00:11:21,372 - INFO - 
🔍 Processando boot volume: LinuxData048
2025-05-28 00:11:21,679 - INFO - ✅ Backup criado: BootBackup-LinuxData048-BKPAUTCITEL-20250528-0011
2025-05-28 00:11:22,350 - INFO - 
🔍 Processando boot volume: LinuxData032
2025-05-28 00:11:22,716 - INFO - ✅ Backup criado: BootBackup-LinuxData032-BKPAUTCITEL-20250528-0011
2025-05-28 00:11:23,394 - INFO - 
🔍 Processando boot volume: LinuxData033
2025-05-28 00:11:23,519 - WARNING - ⚠️ Tentativa 1: Limite de requisições. Aguardando 1s...
2025-05-28 00:11:29,648 - INFO - ✅ Backup criado: BootBackup-LinuxData033-BKPAUTCITEL-20250528-0011
2025-05-28 00:11:29,974 - INFO - 
🔍 Processando boot volume: LinuxData034
2025-05-28 00:11:30,311 - INFO - ✅ Backup criado: BootBackup-LinuxData034-BKPAUTCITEL-20250528-0011
2025-05-28 00:11:31,013 - INFO - 
🔍 Processando boot volume: LinuxData029
2025-05-28 00:11:31,372 - INFO - ✅ Backup criado: BootBackup-LinuxData029-BKPAUTCITEL-20250528-0011
2025-05-28 00:11:32,080 - INFO - 
🔍 Processando boot volume: LinuxData019
2025-05-28 00:11:32,439 - INFO - ✅ Backup criado: BootBackup-LinuxData019-BKPAUTCITEL-20250528-0011
2025-05-28 00:11:33,136 - INFO - 
🔍 Processando boot volume: LinuxData021
2025-05-28 00:11:33,262 - WARNING - ⚠️ Tentativa 1: Limite de requisições. Aguardando 1s...
2025-05-28 00:11:38,503 - INFO - ✅ Backup criado: BootBackup-LinuxData021-BKPAUTCITEL-20250528-0011
2025-05-28 00:11:39,183 - INFO - 
🔍 Processando boot volume: LinuxData022
2025-05-28 00:11:39,307 - WARNING - ⚠️ Tentativa 1: Limite de requisições. Aguardando 1s...
2025-05-28 00:11:40,966 - WARNING - ⚠️ Tentativa 2: Limite de requisições. Aguardando 2s...
2025-05-28 00:11:44,039 - INFO - ✅ Backup criado: BootBackup-LinuxData022-BKPAUTCITEL-20250528-0011
2025-05-28 00:11:44,749 - INFO - 
🔍 Processando boot volume: LinuxData024
2025-05-28 00:11:44,873 - WARNING - ⚠️ Tentativa 1: Limite de requisições. Aguardando 1s...
2025-05-28 00:11:47,881 - WARNING - ⚠️ Tentativa 2: Limite de requisições. Aguardando 2s...
2025-05-28 00:11:50,906 - INFO - ✅ Backup criado: BootBackup-LinuxData024-BKPAUTCITEL-20250528-0011
2025-05-28 00:11:51,581 - INFO - 
🔍 Processando boot volume: LinuxData020
2025-05-28 00:11:51,705 - WARNING - ⚠️ Tentativa 1: Limite de requisições. Aguardando 1s...
2025-05-28 00:11:54,485 - INFO - ✅ Backup criado: BootBackup-LinuxData020-BKPAUTCITEL-20250528-0011
2025-05-28 00:11:54,835 - INFO - 
🔍 Processando boot volume: LinuxData026
2025-05-28 00:11:55,129 - INFO - ✅ Backup criado: BootBackup-LinuxData026-BKPAUTCITEL-20250528-0011
2025-05-28 00:11:55,819 - INFO - 
🔍 Processando boot volume: LinuxData028
2025-05-28 00:11:55,943 - WARNING - ⚠️ Tentativa 1: Limite de requisições. Aguardando 1s...
2025-05-28 00:12:02,114 - WARNING - ⚠️ Tentativa 2: Limite de requisições. Aguardando 2s...
2025-05-28 00:12:05,012 - WARNING - ⚠️ Tentativa 3: Limite de requisições. Aguardando 4s...
2025-05-28 00:12:12,442 - INFO - ✅ Backup criado: BootBackup-LinuxData028-BKPAUTCITEL-20250528-0011
2025-05-28 00:12:13,107 - INFO - 
🔍 Processando boot volume: LinuxData030
2025-05-28 00:12:13,423 - INFO - ✅ Backup criado: BootBackup-LinuxData030-BKPAUTCITEL-20250528-0012
2025-05-28 00:12:14,127 - INFO - 
🔍 Processando boot volume: LinuxData040
2025-05-28 00:12:14,252 - WARNING - ⚠️ Tentativa 1: Limite de requisições. Aguardando 1s...
2025-05-28 00:12:20,515 - WARNING - ⚠️ Tentativa 2: Limite de requisições. Aguardando 2s...
2025-05-28 00:12:23,553 - INFO - ✅ Backup criado: BootBackup-LinuxData040-BKPAUTCITEL-20250528-0012
2025-05-28 00:12:24,223 - INFO - 
🔍 Processando boot volume: LinuxData065
2025-05-28 00:12:24,580 - INFO - ✅ Backup criado: BootBackup-LinuxData065-BKPAUTCITEL-20250528-0012
2025-05-28 00:12:25,257 - INFO - 
🔍 Processando boot volume: LinuxData072
2025-05-28 00:12:25,573 - INFO - ✅ Backup criado: BootBackup-LinuxData072-BKPAUTCITEL-20250528-0012
2025-05-28 00:12:26,243 - INFO - 
🔍 Processando boot volume: LinuxData001
2025-05-28 00:12:26,368 - WARNING - ⚠️ Tentativa 1: Limite de requisições. Aguardando 1s...
2025-05-28 00:12:28,783 - INFO - ✅ Backup criado: BootBackup-LinuxData001-BKPAUTCITEL-20250528-0012
2025-05-28 00:12:29,467 - INFO - 
🔍 Processando boot volume: LinuxData002
2025-05-28 00:12:29,811 - INFO - ✅ Backup criado: BootBackup-LinuxData002-BKPAUTCITEL-20250528-0012
2025-05-28 00:12:30,476 - INFO - 
🔍 Processando boot volume: LinuxTSPlus20_boot_clone0105
2025-05-28 00:12:30,600 - WARNING - ⚠️ Tentativa 1: Limite de requisições. Aguardando 1s...
2025-05-28 00:12:34,908 - INFO - ✅ Backup criado: BootBackup-LinuxTSPlus20_boot_clone0105-BKPAUTCITEL-20250528-0012
2025-05-28 00:12:35,553 - INFO - 
🔍 Processando boot volume: LinuxData013_clone06052025
2025-05-28 00:12:35,678 - WARNING - ⚠️ Tentativa 1: Limite de requisições. Aguardando 1s...
2025-05-28 00:12:41,221 - WARNING - ⚠️ Tentativa 2: Limite de requisições. Aguardando 2s...
2025-05-28 00:12:46,543 - INFO - ✅ Backup criado: BootBackup-LinuxData013_clone06052025-BKPAUTCITEL-20250528-0012
2025-05-28 00:12:47,185 - INFO - 
🔍 Processando boot volume: LinuxData001-Clone-Teste
2025-05-28 00:12:47,488 - INFO - ✅ Backup criado: BootBackup-LinuxData001-Clone-Teste-BKPAUTCITEL-20250528-0012
2025-05-28 00:12:48,045 - INFO - 
✅ Execução concluída com sucesso
