2025-05-28 00:13:02,944 - INFO - 
🔍 Processando block volume: LinuxTSPlus1
2025-05-28 00:13:03,231 - INFO - ✅ Backup criado: BlockBackup-LinuxTSPlus1-BKPAUTCITEL-20250528-0013
2025-05-28 00:13:03,442 - INFO - 
🔍 Processando block volume: Banco1LinuxTSPlus2
2025-05-28 00:13:03,745 - INFO - ✅ Backup criado: BlockBackup-Banco1LinuxTSPlus2-BKPAUTCITEL-20250528-0013
2025-05-28 00:13:04,346 - INFO - 
🔍 Processando block volume: Banco1LinuxTSPlus4
2025-05-28 00:13:04,657 - INFO - ✅ Backup criado: BlockBackup-Banco1LinuxTSPlus4-BKPAUTCITEL-20250528-0013
2025-05-28 00:13:04,860 - INFO - 
🔍 Processando block volume: Banco1LinuxTSPlus20
2025-05-28 00:13:05,163 - INFO - ✅ Backup criado: BlockBackup-Banco1LinuxTSPlus20-BKPAUTCITEL-20250528-0013
2025-05-28 00:13:05,768 - INFO - 
🔍 Processando block volume: Banco3LinuxTSPlus1
2025-05-28 00:13:05,893 - WARNING - ⚠️ Tentativa 1: Limite de requisições. Aguardando 5s...
2025-05-28 00:13:13,690 - INFO - ✅ Backup criado: BlockBackup-Banco3LinuxTSPlus1-BKPAUTCITEL-20250528-0013
2025-05-28 00:13:13,890 - INFO - 
🔍 Processando block volume: Banco_PalacioFerramentas
2025-05-28 00:13:14,293 - INFO - ✅ Backup criado: BlockBackup-Banco_PalacioFerramentas-BKPAUTCITEL-20250528-0013
2025-05-28 00:13:14,881 - INFO - 
🔍 Processando block volume: Banco1LinuxTSPlus25
2025-05-28 00:13:15,156 - INFO - ✅ Backup criado: BlockBackup-Banco1LinuxTSPlus25-BKPAUTCITEL-20250528-0013
2025-05-28 00:13:15,353 - INFO - 
🔍 Processando block volume: Banco1LinuxTSPlus30
2025-05-28 00:13:15,660 - INFO - ✅ Backup criado: BlockBackup-Banco1LinuxTSPlus30-BKPAUTCITEL-20250528-0013
2025-05-28 00:13:16,246 - INFO - 
🔍 Processando block volume: Banco5LinuxTSPlus10
2025-05-28 00:13:16,508 - INFO - ✅ Backup criado: BlockBackup-Banco5LinuxTSPlus10-BKPAUTCITEL-20250528-0013
2025-05-28 00:13:16,713 - INFO - 
🔍 Processando block volume: Banco2LinuxTSPlus20
2025-05-28 00:13:16,998 - INFO - ✅ Backup criado: BlockBackup-Banco2LinuxTSPlus20-BKPAUTCITEL-20250528-0013
2025-05-28 00:13:17,597 - INFO - 
🔍 Processando block volume: Banco2BR24
2025-05-28 00:13:17,919 - INFO - ✅ Backup criado: BlockBackup-Banco2BR24-BKPAUTCITEL-20250528-0013
2025-05-28 00:13:18,120 - INFO - 
🔍 Processando block volume: LinuxDataBelaTintas
2025-05-28 00:13:18,397 - INFO - ✅ Backup criado: BlockBackup-LinuxDataBelaTintas-BKPAUTCITEL-20250528-0013
2025-05-28 00:13:18,971 - INFO - 
🔍 Processando block volume: Bancos2_BR02
2025-05-28 00:13:19,095 - WARNING - ⚠️ Tentativa 1: Limite de requisições. Aguardando 5s...
2025-05-28 00:13:29,168 - INFO - ✅ Backup criado: BlockBackup-Bancos2_BR02-BKPAUTCITEL-20250528-0013
2025-05-28 00:13:29,375 - INFO - 
🔍 Processando block volume: Bancos4_BR01
2025-05-28 00:13:29,666 - INFO - ✅ Backup criado: BlockBackup-Bancos4_BR01-BKPAUTCITEL-20250528-0013
2025-05-28 00:13:30,249 - INFO - 
🔍 Processando block volume: BKO Palacio TKT 651385
2025-05-28 00:13:30,577 - INFO - ✅ Backup criado: BlockBackup-BKO Palacio TKT 651385-BKPAUTCITEL-20250528-0013
2025-05-28 00:13:30,791 - INFO - 
🔍 Processando block volume: Bancos3_BR25
2025-05-28 00:13:31,071 - INFO - ✅ Backup criado: BlockBackup-Bancos3_BR25-BKPAUTCITEL-20250528-0013
2025-05-28 00:13:31,642 - INFO - 
🔍 Processando block volume: GeB
2025-05-28 00:13:31,767 - WARNING - ⚠️ Tentativa 1: Limite de requisições. Aguardando 5s...
2025-05-28 00:13:40,205 - WARNING - ⚠️ Tentativa 2: Limite de requisições. Aguardando 10s...
2025-05-28 00:13:54,181 - WARNING - ⚠️ Tentativa 3: Limite de requisições. Aguardando 20s...
2025-05-28 00:14:17,734 - WARNING - ⚠️ Tentativa 4: Limite de requisições. Aguardando 40s...
2025-05-28 00:15:01,142 - INFO - ✅ Backup criado: BlockBackup-GeB-BKPAUTCITEL-20250528-0013
2025-05-28 00:15:01,353 - INFO - 
🔍 Processando block volume: Banco3_BR20
2025-05-28 00:15:01,643 - INFO - ✅ Backup criado: BlockBackup-Banco3_BR20-BKPAUTCITEL-20250528-0015
2025-05-28 00:15:02,232 - INFO - 
🔍 Processando block volume: Banco_Darka
2025-05-28 00:15:02,572 - INFO - ✅ Backup criado: BlockBackup-Banco_Darka-BKPAUTCITEL-20250528-0015
2025-05-28 00:15:02,783 - INFO - 
🔍 Processando block volume: Banco4LinuxTSPlus20
2025-05-28 00:15:03,114 - INFO - ✅ Backup criado: BlockBackup-Banco4LinuxTSPlus20-BKPAUTCITEL-20250528-0015
2025-05-28 00:15:03,698 - INFO - 
🔍 Processando block volume: BackupGeB
2025-05-28 00:15:04,000 - INFO - ✅ Backup criado: BlockBackup-BackupGeB-BKPAUTCITEL-20250528-0015
2025-05-28 00:15:04,194 - INFO - 
🔍 Processando block volume: BancoGeB
2025-05-28 00:15:04,528 - INFO - ✅ Backup criado: BlockBackup-BancoGeB-BKPAUTCITEL-20250528-0015
2025-05-28 00:15:05,109 - INFO - 
🔍 Processando block volume: Bancos5_BR1
2025-05-28 00:15:05,381 - INFO - ✅ Backup criado: BlockBackup-Bancos5_BR1-BKPAUTCITEL-20250528-0015
2025-05-28 00:15:05,968 - INFO - 
🔍 Processando block volume: bkpBoomerVinicius
2025-05-28 00:15:06,281 - INFO - ✅ Backup criado: BlockBackup-bkpBoomerVinicius-BKPAUTCITEL-20250528-0015
2025-05-28 00:15:06,883 - INFO - 
🔍 Processando block volume: GeB2
2025-05-28 00:15:07,167 - INFO - ✅ Backup criado: BlockBackup-GeB2-BKPAUTCITEL-20250528-0015
2025-05-28 00:15:07,370 - INFO - 
🔍 Processando block volume: bkpParque1014464
2025-05-28 00:15:07,692 - INFO - ✅ Backup criado: BlockBackup-bkpParque1014464-BKPAUTCITEL-20250528-0015
2025-05-28 00:15:08,287 - INFO - 
🔍 Processando block volume: bkpPedrao1020442
2025-05-28 00:15:08,554 - INFO - ✅ Backup criado: BlockBackup-bkpPedrao1020442-BKPAUTCITEL-20250528-0015
2025-05-28 00:15:08,756 - INFO - 
🔍 Processando block volume: Backup_BR34_1031161
2025-05-28 00:15:09,061 - INFO - ✅ Backup criado: BlockBackup-Backup_BR34_1031161-BKPAUTCITEL-20250528-0015
2025-05-28 00:15:09,631 - INFO - 
🔍 Processando block volume: GeB BancoTeste tkt 1048932
2025-05-28 00:15:09,755 - WARNING - ⚠️ Tentativa 1: Limite de requisições. Aguardando 5s...
2025-05-28 00:15:20,182 - INFO - ✅ Backup criado: BlockBackup-GeB BancoTeste tkt 1048932-BKPAUTCITEL-20250528-0015
2025-05-28 00:15:20,756 - INFO - 
🔍 Processando block volume: Banco1LinuxTSPlus11_clone2904
2025-05-28 00:15:21,048 - INFO - ✅ Backup criado: BlockBackup-Banco1LinuxTSPlus11_clone2904-BKPAUTCITEL-20250528-0015
2025-05-28 00:15:21,263 - INFO - 
🔍 Processando block volume: LinuxTSPlus11_BancoPRODJRPais_clone2904
2025-05-28 00:15:21,536 - INFO - ✅ Backup criado: BlockBackup-LinuxTSPlus11_BancoPRODJRPais_clone2904-BKPAUTCITEL-20250528-0015
2025-05-28 00:15:22,140 - INFO - 
🔍 Processando block volume: LinuxTSPlus30_Banco1LinuxTSPlus30_clone2904
2025-05-28 00:15:22,265 - WARNING - ⚠️ Tentativa 1: Limite de requisições. Aguardando 5s...
2025-05-28 00:15:29,854 - WARNING - ⚠️ Tentativa 2: Limite de requisições. Aguardando 10s...
2025-05-28 00:15:43,966 - WARNING - ⚠️ Tentativa 3: Limite de requisições. Aguardando 20s...
2025-05-28 00:16:08,799 - INFO - ✅ Backup criado: BlockBackup-LinuxTSPlus30_Banco1LinuxTSPlus30_clone2904-BKPAUTCITEL-20250528-0015
2025-05-28 00:16:09,389 - INFO - 
🔍 Processando block volume: Banco-1-LinuxData012
2025-05-28 00:16:09,696 - INFO - ✅ Backup criado: BlockBackup-Banco-1-LinuxData012-BKPAUTCITEL-20250528-0016
2025-05-28 00:16:10,274 - INFO - 
🔍 Processando block volume: Banco2-LinuxData012
2025-05-28 00:16:10,399 - WARNING - ⚠️ Tentativa 1: Limite de requisições. Aguardando 5s...
2025-05-28 00:16:19,840 - INFO - ✅ Backup criado: BlockBackup-Banco2-LinuxData012-BKPAUTCITEL-20250528-0016
2025-05-28 00:16:20,067 - INFO - 
🔍 Processando block volume: Banco3-LinuxData012
2025-05-28 00:16:20,350 - INFO - ✅ Backup criado: BlockBackup-Banco3-LinuxData012-BKPAUTCITEL-20250528-0016
2025-05-28 00:16:20,972 - INFO - 
🔍 Processando block volume: LinuxTSPlus55_Banco1BR55_clone2904
2025-05-28 00:16:21,290 - INFO - ✅ Backup criado: BlockBackup-LinuxTSPlus55_Banco1BR55_clone2904-BKPAUTCITEL-20250528-0016
2025-05-28 00:16:21,495 - INFO - 
🔍 Processando block volume: LinuxTSPlus55_Banco3BR55_clone2904
2025-05-28 00:16:21,810 - INFO - ✅ Backup criado: BlockBackup-LinuxTSPlus55_Banco3BR55_clone2904-BKPAUTCITEL-20250528-0016
2025-05-28 00:16:22,407 - INFO - 
🔍 Processando block volume: LinuxTSPlus65_Banco1LinuxTSPLUS65_clone2904
2025-05-28 00:16:22,721 - INFO - ✅ Backup criado: BlockBackup-LinuxTSPlus65_Banco1LinuxTSPLUS65_clone2904-BKPAUTCITEL-20250528-0016
2025-05-28 00:16:23,340 - INFO - 
🔍 Processando block volume: LinuxTSPlus65_Banco2LinuxTSPLUS65_clone2904
2025-05-28 00:16:23,637 - INFO - ✅ Backup criado: BlockBackup-LinuxTSPlus65_Banco2LinuxTSPLUS65_clone2904-BKPAUTCITEL-20250528-0016
2025-05-28 00:16:24,213 - INFO - 
🔍 Processando block volume: LinuxTSPlus65_Banco3LinuxTSPLUS65_clone2904
2025-05-28 00:16:24,338 - WARNING - ⚠️ Tentativa 1: Limite de requisições. Aguardando 5s...
2025-05-28 00:16:32,448 - INFO - ✅ Backup criado: BlockBackup-LinuxTSPlus65_Banco3LinuxTSPLUS65_clone2904-BKPAUTCITEL-20250528-0016
2025-05-28 00:16:33,044 - INFO - 
🔍 Processando block volume: LinuxTSPlus65_BinariosLinuxTSPLUS65_clone2904
2025-05-28 00:16:33,361 - INFO - ✅ Backup criado: BlockBackup-LinuxTSPlus65_BinariosLinuxTSPLUS65_clone2904-BKPAUTCITEL-20250528-0016
2025-05-28 00:16:33,950 - INFO - 
🔍 Processando block volume: LinuxTSPlus28_Banco2LinuxTSPlus28_clone2904
2025-05-28 00:16:34,280 - INFO - ✅ Backup criado: BlockBackup-LinuxTSPlus28_Banco2LinuxTSPlus28_clone2904-BKPAUTCITEL-20250528-0016
2025-05-28 00:16:34,868 - INFO - 
🔍 Processando block volume: LinuxTSPlus28_bancos3_BR28_clone2904
2025-05-28 00:16:35,155 - INFO - ✅ Backup criado: BlockBackup-LinuxTSPlus28_bancos3_BR28_clone2904-BKPAUTCITEL-20250528-0016
2025-05-28 00:16:35,727 - INFO - 
🔍 Processando block volume: LinuxTSPlus29_Banco1LinuxTSPlus29_clone2904
2025-05-28 00:16:35,999 - INFO - ✅ Backup criado: BlockBackup-LinuxTSPlus29_Banco1LinuxTSPlus29_clone2904-BKPAUTCITEL-20250528-0016
2025-05-28 00:16:36,571 - INFO - 
🔍 Processando block volume: LinuxTSPlus29_Bancos2_BR29_clone2904
2025-05-28 00:16:36,696 - WARNING - ⚠️ Tentativa 1: Limite de requisições. Aguardando 5s...
2025-05-28 00:16:43,354 - INFO - ✅ Backup criado: BlockBackup-LinuxTSPlus29_Bancos2_BR29_clone2904-BKPAUTCITEL-20250528-0016
2025-05-28 00:16:43,929 - INFO - 
🔍 Processando block volume: LinuxTSPlus29_Bancos3_BR29_clone2904
2025-05-28 00:16:44,053 - WARNING - ⚠️ Tentativa 1: Limite de requisições. Aguardando 5s...
2025-05-28 00:16:51,593 - INFO - ✅ Backup criado: BlockBackup-LinuxTSPlus29_Bancos3_BR29_clone2904-BKPAUTCITEL-20250528-0016
2025-05-28 00:16:52,187 - INFO - 
🔍 Processando block volume: LinuxTSPlus72_Banco2BR_72_clone2904
2025-05-28 00:16:52,471 - INFO - ✅ Backup criado: BlockBackup-LinuxTSPlus72_Banco2BR_72_clone2904-BKPAUTCITEL-20250528-0016
2025-05-28 00:16:53,063 - INFO - 
🔍 Processando block volume: LinuxTSPlus72_BancoBR_clone2904
2025-05-28 00:16:53,338 - INFO - ✅ Backup criado: BlockBackup-LinuxTSPlus72_BancoBR_clone2904-BKPAUTCITEL-20250528-0016
2025-05-28 00:16:53,937 - INFO - 
🔍 Processando block volume: LinuxTSPlus43_Banco1LinuxTSPLUS43_clone2904
2025-05-28 00:16:54,062 - WARNING - ⚠️ Tentativa 1: Limite de requisições. Aguardando 5s...
2025-05-28 00:17:03,009 - WARNING - ⚠️ Tentativa 2: Limite de requisições. Aguardando 10s...
2025-05-28 00:17:18,042 - INFO - ✅ Backup criado: BlockBackup-LinuxTSPlus43_Banco1LinuxTSPLUS43_clone2904-BKPAUTCITEL-20250528-0016
2025-05-28 00:17:18,633 - INFO - 
🔍 Processando block volume: LinuxTSPlus43_HD4-LinuxDBA_clone2904
2025-05-28 00:17:18,904 - INFO - ✅ Backup criado: BlockBackup-LinuxTSPlus43_HD4-LinuxDBA_clone2904-BKPAUTCITEL-20250528-0017
2025-05-28 00:17:19,485 - INFO - 
🔍 Processando block volume: LinuxTSPlus50_Banco1LinuxTSPlus50_clone2904
2025-05-28 00:17:19,846 - INFO - ✅ Backup criado: BlockBackup-LinuxTSPlus50_Banco1LinuxTSPlus50_clone2904-BKPAUTCITEL-20250528-0017
2025-05-28 00:17:20,411 - INFO - 
🔍 Processando block volume: LinuxTSPlus37_Banco1LinuxTSPLUS37_clone2904
2025-05-28 00:17:20,535 - WARNING - ⚠️ Tentativa 1: Limite de requisições. Aguardando 5s...
2025-05-28 00:17:29,369 - INFO - ✅ Backup criado: BlockBackup-LinuxTSPlus37_Banco1LinuxTSPLUS37_clone2904-BKPAUTCITEL-20250528-0017
2025-05-28 00:17:29,945 - INFO - 
🔍 Processando block volume: LinuxTSPlus37_Banco2LinuxTSPLUS37_clone2904
2025-05-28 00:17:30,240 - INFO - ✅ Backup criado: BlockBackup-LinuxTSPlus37_Banco2LinuxTSPLUS37_clone2904-BKPAUTCITEL-20250528-0017
2025-05-28 00:17:30,839 - INFO - 
🔍 Processando block volume: LinuxTSPlus40_Banco1
2025-05-28 00:17:30,964 - WARNING - ⚠️ Tentativa 1: Limite de requisições. Aguardando 5s...
2025-05-28 00:17:36,585 - WARNING - ⚠️ Tentativa 2: Limite de requisições. Aguardando 10s...
2025-05-28 00:17:48,875 - INFO - ✅ Backup criado: BlockBackup-LinuxTSPlus40_Banco1-BKPAUTCITEL-20250528-0017
2025-05-28 00:17:49,459 - INFO - 
🔍 Processando block volume: LinuxTSPlus32_Banco1LinuxTSPLUS32_clone2904
2025-05-28 00:17:49,805 - INFO - ✅ Backup criado: BlockBackup-LinuxTSPlus32_Banco1LinuxTSPLUS32_clone2904-BKPAUTCITEL-20250528-0017
2025-05-28 00:17:50,395 - INFO - 
🔍 Processando block volume: LinuxTSPlus32_Banco2LinuxTSPLUS32_clone2904
2025-05-28 00:17:50,672 - INFO - ✅ Backup criado: BlockBackup-LinuxTSPlus32_Banco2LinuxTSPLUS32_clone2904-BKPAUTCITEL-20250528-0017
2025-05-28 00:17:51,275 - INFO - 
🔍 Processando block volume: Banco2-LinuxData013
2025-05-28 00:17:51,400 - WARNING - ⚠️ Tentativa 1: Limite de requisições. Aguardando 5s...
2025-05-28 00:17:59,320 - INFO - ✅ Backup criado: BlockBackup-Banco2-LinuxData013-BKPAUTCITEL-20250528-0017
2025-05-28 00:17:59,897 - INFO - 
🔍 Processando block volume: Banco3-LinuxData013
2025-05-28 00:18:00,169 - INFO - ✅ Backup criado: BlockBackup-Banco3-LinuxData013-BKPAUTCITEL-20250528-0017
2025-05-28 00:18:00,793 - INFO - 
🔍 Processando block volume: Banco1-LinuxData013
2025-05-28 00:18:01,088 - INFO - ✅ Backup criado: BlockBackup-Banco1-LinuxData013-BKPAUTCITEL-20250528-0018
2025-05-28 00:18:01,672 - INFO - 
🔍 Processando block volume: LinuxTSPlus14_BackupCoresVivas TKT 902822_clone2904
2025-05-28 00:18:01,959 - INFO - ✅ Backup criado: BlockBackup-LinuxTSPlus14_BackupCoresVivas TKT 902822_clone2904-BKPAUTCITEL-20250528-0018
2025-05-28 00:18:02,577 - INFO - 
🔍 Processando block volume: LinuxTSPlus14_Banco2LinuxTSPlus14_clone2904
2025-05-28 00:18:02,861 - INFO - ✅ Backup criado: BlockBackup-LinuxTSPlus14_Banco2LinuxTSPlus14_clone2904-BKPAUTCITEL-20250528-0018
2025-05-28 00:18:03,448 - INFO - 
🔍 Processando block volume: LinuxTSPlus9-Banco1LinuxTSPlus9-clone2904
2025-05-28 00:18:03,573 - WARNING - ⚠️ Tentativa 1: Limite de requisições. Aguardando 5s...
2025-05-28 00:18:09,824 - WARNING - ⚠️ Tentativa 2: Limite de requisições. Aguardando 10s...
2025-05-28 00:18:21,570 - WARNING - ⚠️ Tentativa 3: Limite de requisições. Aguardando 20s...
2025-05-28 00:18:44,291 - INFO - ✅ Backup criado: BlockBackup-LinuxTSPlus9-Banco1LinuxTSPlus9-clone2904-BKPAUTCITEL-20250528-0018
2025-05-28 00:18:44,885 - INFO - 
🔍 Processando block volume: LinuxTSPlus9-Banco3LinuxTSPlus9-clone2904
2025-05-28 00:18:45,189 - INFO - ✅ Backup criado: BlockBackup-LinuxTSPlus9-Banco3LinuxTSPlus9-clone2904-BKPAUTCITEL-20250528-0018
2025-05-28 00:18:45,770 - INFO - 
🔍 Processando block volume: LinuxTSPlus14_BancoUbertintasTSPlus14_clone2904
2025-05-28 00:18:46,038 - INFO - ✅ Backup criado: BlockBackup-LinuxTSPlus14_BancoUbertintasTSPlus14_clone2904-BKPAUTCITEL-20250528-0018
2025-05-28 00:18:46,623 - INFO - 
🔍 Processando block volume: LinuxTSPlus9-Bancos4_BR9-clone2904
2025-05-28 00:18:46,933 - INFO - ✅ Backup criado: BlockBackup-LinuxTSPlus9-Bancos4_BR9-clone2904-BKPAUTCITEL-20250528-0018
2025-05-28 00:18:47,512 - INFO - 
🔍 Processando block volume: LinuxTSPlus8-Banco1LinuxTSPlus8-clone2904
2025-05-28 00:18:47,800 - INFO - ✅ Backup criado: BlockBackup-LinuxTSPlus8-Banco1LinuxTSPlus8-clone2904-BKPAUTCITEL-20250528-0018
2025-05-28 00:18:47,995 - INFO - 
🔍 Processando block volume: LinuxTSPlus8-Banco3LinuxTSPlus8-clone2904
2025-05-28 00:18:48,280 - INFO - ✅ Backup criado: BlockBackup-LinuxTSPlus8-Banco3LinuxTSPlus8-clone2904-BKPAUTCITEL-20250528-0018
2025-05-28 00:18:48,864 - INFO - 
🔍 Processando block volume: LinuxTSPlus16_Banco1LinuxTSPlus16_clone2904
2025-05-28 00:18:48,989 - WARNING - ⚠️ Tentativa 1: Limite de requisições. Aguardando 5s...
2025-05-28 00:18:59,627 - INFO - ✅ Backup criado: BlockBackup-LinuxTSPlus16_Banco1LinuxTSPlus16_clone2904-BKPAUTCITEL-20250528-0018
2025-05-28 00:19:00,216 - INFO - 
🔍 Processando block volume: LinuxTSPlus16_Banco2LinuxTSPlus16_clone2904
2025-05-28 00:19:00,345 - WARNING - ⚠️ Tentativa 1: Limite de requisições. Aguardando 5s...
2025-05-28 00:19:10,487 - INFO - ✅ Backup criado: BlockBackup-LinuxTSPlus16_Banco2LinuxTSPlus16_clone2904-BKPAUTCITEL-20250528-0019
2025-05-28 00:19:11,088 - INFO - 
🔍 Processando block volume: LinuxTSPlus7-Banco2LinuxTSPlus7-block-clone2904
2025-05-28 00:19:11,401 - INFO - ✅ Backup criado: BlockBackup-LinuxTSPlus7-Banco2LinuxTSPlus7-block-clone2904-BKPAUTCITEL-20250528-0019
2025-05-28 00:19:12,002 - INFO - 
🔍 Processando block volume: LinuxTSPlus7-Banco3LinuxTSPlus7-block-clone2904
2025-05-28 00:19:12,126 - WARNING - ⚠️ Tentativa 1: Limite de requisições. Aguardando 5s...
2025-05-28 00:19:21,622 - WARNING - ⚠️ Tentativa 2: Limite de requisições. Aguardando 10s...
2025-05-28 00:19:34,994 - INFO - ✅ Backup criado: BlockBackup-LinuxTSPlus7-Banco3LinuxTSPlus7-block-clone2904-BKPAUTCITEL-20250528-0019
2025-05-28 00:19:35,576 - INFO - 
🔍 Processando block volume: LinuxTSPlus7-Banco3_BR7-block-clone2904
2025-05-28 00:19:35,865 - INFO - ✅ Backup criado: BlockBackup-LinuxTSPlus7-Banco3_BR7-block-clone2904-BKPAUTCITEL-20250528-0019
2025-05-28 00:19:36,451 - INFO - 
🔍 Processando block volume: LinuxTSPlus17_Banco2LinuxTSPlus17_clone2904
2025-05-28 00:19:36,729 - INFO - ✅ Backup criado: BlockBackup-LinuxTSPlus17_Banco2LinuxTSPlus17_clone2904-BKPAUTCITEL-20250528-0019
2025-05-28 00:19:37,295 - INFO - 
🔍 Processando block volume: LinuxTSPlus17_BancoPRODBelaTintas_clone2904
2025-05-28 00:19:37,419 - WARNING - ⚠️ Tentativa 1: Limite de requisições. Aguardando 5s...
2025-05-28 00:19:46,961 - WARNING - ⚠️ Tentativa 2: Limite de requisições. Aguardando 10s...
2025-05-28 00:20:01,961 - INFO - ✅ Backup criado: BlockBackup-LinuxTSPlus17_BancoPRODBelaTintas_clone2904-BKPAUTCITEL-20250528-0019
2025-05-28 00:20:02,556 - INFO - 
🔍 Processando block volume: LinuxTSPlus17_HD5-LinuxDBAs_clone2904
2025-05-28 00:20:02,681 - WARNING - ⚠️ Tentativa 1: Limite de requisições. Aguardando 5s...
2025-05-28 00:20:11,330 - WARNING - ⚠️ Tentativa 2: Limite de requisições. Aguardando 10s...
2025-05-28 00:20:23,464 - INFO - ✅ Backup criado: BlockBackup-LinuxTSPlus17_HD5-LinuxDBAs_clone2904-BKPAUTCITEL-20250528-0020
2025-05-28 00:20:24,044 - INFO - 
🔍 Processando block volume: LinuxTSPlus6-Banco3LinuxTSPlus6-block-clone2904
2025-05-28 00:20:24,446 - INFO - ✅ Backup criado: BlockBackup-LinuxTSPlus6-Banco3LinuxTSPlus6-block-clone2904-BKPAUTCITEL-20250528-0020
2025-05-28 00:20:25,023 - INFO - 
🔍 Processando block volume: LinuxTSPlus6-Banco4LinuxTSPlus6-block-clone2904
2025-05-28 00:20:25,344 - INFO - ✅ Backup criado: BlockBackup-LinuxTSPlus6-Banco4LinuxTSPlus6-block-clone2904-BKPAUTCITEL-20250528-0020
2025-05-28 00:20:25,929 - INFO - 
🔍 Processando block volume: LinuxTSPlus18-Banco1LinuxTSPlus18-block-2904
2025-05-28 00:20:26,232 - INFO - ✅ Backup criado: BlockBackup-LinuxTSPlus18-Banco1LinuxTSPlus18-block-2904-BKPAUTCITEL-20250528-0020
2025-05-28 00:20:26,800 - INFO - 
🔍 Processando block volume: LinuxTSPlus18-Banco2LinuxTSPlus18-block-2904
2025-05-28 00:20:26,926 - WARNING - ⚠️ Tentativa 1: Limite de requisições. Aguardando 5s...
2025-05-28 00:20:36,170 - INFO - ✅ Backup criado: BlockBackup-LinuxTSPlus18-Banco2LinuxTSPlus18-block-2904-BKPAUTCITEL-20250528-0020
2025-05-28 00:20:36,759 - INFO - 
🔍 Processando block volume: LinuxTSPlus18-Bancos4_BR18-block-2904
2025-05-28 00:20:37,053 - INFO - ✅ Backup criado: BlockBackup-LinuxTSPlus18-Bancos4_BR18-block-2904-BKPAUTCITEL-20250528-0020
2025-05-28 00:20:37,631 - INFO - 
🔍 Processando block volume: LinuxTsplus59-Banco2Linux59-block-clone2904
2025-05-28 00:20:37,909 - INFO - ✅ Backup criado: BlockBackup-LinuxTsplus59-Banco2Linux59-block-clone2904-BKPAUTCITEL-20250528-0020
2025-05-28 00:20:38,503 - INFO - 
🔍 Processando block volume: LinuxTsplus59-BancoLinux59-block-clone2904
2025-05-28 00:20:38,627 - WARNING - ⚠️ Tentativa 1: Limite de requisições. Aguardando 5s...
2025-05-28 00:20:48,809 - INFO - ✅ Backup criado: BlockBackup-LinuxTsplus59-BancoLinux59-block-clone2904-BKPAUTCITEL-20250528-0020
2025-05-28 00:20:49,386 - INFO - 
🔍 Processando block volume: LinuxTSPlus19_Banco1LinuxTSPlus19_clone2904
2025-05-28 00:20:49,662 - INFO - ✅ Backup criado: BlockBackup-LinuxTSPlus19_Banco1LinuxTSPlus19_clone2904-BKPAUTCITEL-20250528-0020
2025-05-28 00:20:50,254 - INFO - 
🔍 Processando block volume: LinuxTSPlus19_Banco3LinuxTSPlus19_clone2904
2025-05-28 00:20:50,378 - WARNING - ⚠️ Tentativa 1: Limite de requisições. Aguardando 5s...
2025-05-28 00:21:00,287 - INFO - ✅ Backup criado: BlockBackup-LinuxTSPlus19_Banco3LinuxTSPlus19_clone2904-BKPAUTCITEL-20250528-0020
2025-05-28 00:21:00,873 - INFO - 
🔍 Processando block volume: LinuxTSPlus20_Banco1LinuxTSPlus20_clone2904
2025-05-28 00:21:00,998 - WARNING - ⚠️ Tentativa 1: Limite de requisições. Aguardando 5s...
2025-05-28 00:21:08,864 - INFO - ✅ Backup criado: BlockBackup-LinuxTSPlus20_Banco1LinuxTSPlus20_clone2904-BKPAUTCITEL-20250528-0021
2025-05-28 00:21:09,453 - INFO - 
🔍 Processando block volume: LinuxTSPlus20_Banco2LinuxTSPlus20_clone2904
2025-05-28 00:21:09,728 - INFO - ✅ Backup criado: BlockBackup-LinuxTSPlus20_Banco2LinuxTSPlus20_clone2904-BKPAUTCITEL-20250528-0021
2025-05-28 00:21:10,328 - INFO - 
🔍 Processando block volume: LinuxTSPlus20_Banco3_BR20_clone2904
2025-05-28 00:21:10,631 - INFO - ✅ Backup criado: BlockBackup-LinuxTSPlus20_Banco3_BR20_clone2904-BKPAUTCITEL-20250528-0021
2025-05-28 00:21:11,243 - INFO - 
🔍 Processando block volume: LinuxTSPlus20_Banco4LinuxTSPlus20_clone2904
2025-05-28 00:21:11,536 - INFO - ✅ Backup criado: BlockBackup-LinuxTSPlus20_Banco4LinuxTSPlus20_clone2904-BKPAUTCITEL-20250528-0021
2025-05-28 00:21:12,128 - INFO - 
🔍 Processando block volume: LinuxTSPlus5-Banco3LinuxBR5-block-clone2904
2025-05-28 00:21:12,440 - INFO - ✅ Backup criado: BlockBackup-LinuxTSPlus5-Banco3LinuxBR5-block-clone2904-BKPAUTCITEL-20250528-0021
2025-05-28 00:21:13,020 - INFO - 
🔍 Processando block volume: LinuxTSPlus5-Banco2LinuxBR5-block-clone2904
2025-05-28 00:21:13,317 - INFO - ✅ Backup criado: BlockBackup-LinuxTSPlus5-Banco2LinuxBR5-block-clone2904-BKPAUTCITEL-20250528-0021
2025-05-28 00:21:13,884 - INFO - 
🔍 Processando block volume: Banco1-LinuxData004
2025-05-28 00:21:14,009 - WARNING - ⚠️ Tentativa 1: Limite de requisições. Aguardando 5s...
2025-05-28 00:21:22,715 - INFO - ✅ Backup criado: BlockBackup-Banco1-LinuxData004-BKPAUTCITEL-20250528-0021
2025-05-28 00:21:23,308 - INFO - 
🔍 Processando block volume: Banco2-LinuxData004
2025-05-28 00:21:23,441 - WARNING - ⚠️ Tentativa 1: Limite de requisições. Aguardando 5s...
2025-05-28 00:21:29,580 - WARNING - ⚠️ Tentativa 2: Limite de requisições. Aguardando 10s...
2025-05-28 00:21:40,962 - INFO - ✅ Backup criado: BlockBackup-Banco2-LinuxData004-BKPAUTCITEL-20250528-0021
2025-05-28 00:21:41,546 - INFO - 
🔍 Processando block volume: Banco3-LinuxData004
2025-05-28 00:21:41,671 - WARNING - ⚠️ Tentativa 1: Limite de requisições. Aguardando 5s...
2025-05-28 00:21:48,169 - INFO - ✅ Backup criado: BlockBackup-Banco3-LinuxData004-BKPAUTCITEL-20250528-0021
2025-05-28 00:21:48,742 - INFO - 
🔍 Processando block volume: LinuxTSPlus48-block-Restore
2025-05-28 00:21:49,048 - INFO - ✅ Backup criado: BlockBackup-LinuxTSPlus48-block-Restore-BKPAUTCITEL-20250528-0021
2025-05-28 00:21:49,647 - INFO - 
🔍 Processando block volume: LinuxData007-Banco4
2025-05-28 00:21:49,978 - INFO - ✅ Backup criado: BlockBackup-LinuxData007-Banco4-BKPAUTCITEL-20250528-0021
2025-05-28 00:21:50,597 - INFO - 
🔍 Processando block volume: Banco2LinuxBR21-Restore
2025-05-28 00:21:50,876 - INFO - ✅ Backup criado: BlockBackup-Banco2LinuxBR21-Restore-BKPAUTCITEL-20250528-0021
2025-05-28 00:21:51,466 - INFO - 
🔍 Processando block volume: LinuxTSPlus41-block-Restore
2025-05-28 00:21:51,750 - INFO - ✅ Backup criado: BlockBackup-LinuxTSPlus41-block-Restore-BKPAUTCITEL-20250528-0021
2025-05-28 00:21:52,334 - INFO - 
🔍 Processando block volume: Banco1LinuxTSPlus26-Restore
2025-05-28 00:21:52,459 - WARNING - ⚠️ Tentativa 1: Limite de requisições. Aguardando 5s...
2025-05-28 00:21:58,187 - WARNING - ⚠️ Tentativa 2: Limite de requisições. Aguardando 10s...
2025-05-28 00:22:11,890 - INFO - ✅ Backup criado: BlockBackup-Banco1LinuxTSPlus26-Restore-BKPAUTCITEL-20250528-0021
2025-05-28 00:22:12,489 - INFO - 
🔍 Processando block volume: LinuxTSPlus36-block-Restore
2025-05-28 00:22:12,794 - INFO - ✅ Backup criado: BlockBackup-LinuxTSPlus36-block-Restore-BKPAUTCITEL-20250528-0022
2025-05-28 00:22:13,375 - INFO - 
🔍 Processando block volume: LinuxTSPlus34-Bancos3_BR34-backup-Restore
2025-05-28 00:22:13,503 - WARNING - ⚠️ Tentativa 1: Limite de requisições. Aguardando 5s...
2025-05-28 00:22:19,297 - INFO - ✅ Backup criado: BlockBackup-LinuxTSPlus34-Bancos3_BR34-backup-Restore-BKPAUTCITEL-20250528-0022
2025-05-28 00:22:19,904 - INFO - 
🔍 Processando block volume: LinuxTSPlus34-Bancos2_BR34-backup-Restore
2025-05-28 00:22:20,163 - INFO - ✅ Backup criado: BlockBackup-LinuxTSPlus34-Bancos2_BR34-backup-Restore-BKPAUTCITEL-20250528-0022
2025-05-28 00:22:20,762 - INFO - 
🔍 Processando block volume: Banco1LinuxTSPLUS33-Restore
2025-05-28 00:22:21,034 - INFO - ✅ Backup criado: BlockBackup-Banco1LinuxTSPLUS33-Restore-BKPAUTCITEL-20250528-0022
2025-05-28 00:22:21,675 - INFO - 
🔍 Processando block volume: Banco2BR33-Restore
2025-05-28 00:22:21,970 - INFO - ✅ Backup criado: BlockBackup-Banco2BR33-Restore-BKPAUTCITEL-20250528-0022
2025-05-28 00:22:22,544 - INFO - 
🔍 Processando block volume: LinuxTSPlus34-Banco1LinuxTSPLUS34-backup-Restore
2025-05-28 00:22:22,670 - WARNING - ⚠️ Tentativa 1: Limite de requisições. Aguardando 5s...
2025-05-28 00:22:31,273 - INFO - ✅ Backup criado: BlockBackup-LinuxTSPlus34-Banco1LinuxTSPLUS34-backup-Restore-BKPAUTCITEL-20250528-0022
2025-05-28 00:22:31,890 - INFO - 
🔍 Processando block volume: LinuxTSPlus1-Restore1
2025-05-28 00:22:32,016 - WARNING - ⚠️ Tentativa 1: Limite de requisições. Aguardando 5s...
2025-05-28 00:22:38,727 - WARNING - ⚠️ Tentativa 2: Limite de requisições. Aguardando 10s...
2025-05-28 00:22:53,759 - INFO - ✅ Backup criado: BlockBackup-LinuxTSPlus1-Restore1-BKPAUTCITEL-20250528-0022
2025-05-28 00:22:54,351 - INFO - 
🔍 Processando block volume: Bancos5_BR1-Restore2
2025-05-28 00:22:54,654 - INFO - ✅ Backup criado: BlockBackup-Bancos5_BR1-Restore2-BKPAUTCITEL-20250528-0022
2025-05-28 00:22:55,226 - INFO - 
🔍 Processando block volume: Bancos4_BR01-Restore3
2025-05-28 00:22:55,546 - INFO - ✅ Backup criado: BlockBackup-Bancos4_BR01-Restore3-BKPAUTCITEL-20250528-0022
2025-05-28 00:22:56,164 - INFO - 
🔍 Processando block volume: Banco3LinuxTSPlus1-Restore4
2025-05-28 00:22:56,291 - WARNING - ⚠️ Tentativa 1: Limite de requisições. Aguardando 5s...
2025-05-28 00:23:03,036 - WARNING - ⚠️ Tentativa 2: Limite de requisições. Aguardando 10s...
2025-05-28 00:23:16,626 - INFO - ✅ Backup criado: BlockBackup-Banco3LinuxTSPlus1-Restore4-BKPAUTCITEL-20250528-0022
2025-05-28 00:23:17,206 - INFO - 
🔍 Processando block volume: Banco1LinuxTSPlus24-Restore
2025-05-28 00:23:17,492 - INFO - ✅ Backup criado: BlockBackup-Banco1LinuxTSPlus24-Restore-BKPAUTCITEL-20250528-0023
2025-05-28 00:23:18,079 - INFO - 
🔍 Processando block volume: Banco1LinuxTSPlus22-Restore
2025-05-28 00:23:18,376 - INFO - ✅ Backup criado: BlockBackup-Banco1LinuxTSPlus22-Restore-BKPAUTCITEL-20250528-0023
2025-05-28 00:23:18,965 - INFO - 
🔍 Processando block volume: Banco3LinuxTSPlus22-Restore
2025-05-28 00:23:19,320 - INFO - ✅ Backup criado: BlockBackup-Banco3LinuxTSPlus22-Restore-BKPAUTCITEL-20250528-0023
2025-05-28 00:23:19,920 - INFO - 
🔍 Processando block volume: Banco2LinuxTSPlus22-Restore
2025-05-28 00:23:20,216 - INFO - ✅ Backup criado: BlockBackup-Banco2LinuxTSPlus22-Restore-BKPAUTCITEL-20250528-0023
2025-05-28 00:23:20,794 - INFO - 
🔍 Processando block volume: LinuxData010-PalacioTKT651385
2025-05-28 00:23:20,919 - WARNING - ⚠️ Tentativa 1: Limite de requisições. Aguardando 5s...
2025-05-28 00:23:27,428 - WARNING - ⚠️ Tentativa 2: Limite de requisições. Aguardando 10s...
2025-05-28 00:23:42,346 - INFO - ✅ Backup criado: BlockBackup-LinuxData010-PalacioTKT651385-BKPAUTCITEL-20250528-0023
2025-05-28 00:23:42,932 - INFO - 
🔍 Processando block volume: LinuxData010-Banco4
2025-05-28 00:23:43,253 - INFO - ✅ Backup criado: BlockBackup-LinuxData010-Banco4-BKPAUTCITEL-20250528-0023
2025-05-28 00:23:43,837 - INFO - 
🔍 Processando block volume: LinuxData010-Banco5
2025-05-28 00:23:44,125 - INFO - ✅ Backup criado: BlockBackup-LinuxData010-Banco5-BKPAUTCITEL-20250528-0023
2025-05-28 00:23:44,700 - INFO - 
🔍 Processando block volume: LinuxData010-GeB
2025-05-28 00:23:45,010 - INFO - ✅ Backup criado: BlockBackup-LinuxData010-GeB-BKPAUTCITEL-20250528-0023
2025-05-28 00:23:45,580 - INFO - 
🔍 Processando block volume: LinuxData020-Banco3_BR20
2025-05-28 00:23:45,838 - INFO - ✅ Backup criado: BlockBackup-LinuxData020-Banco3_BR20-BKPAUTCITEL-20250528-0023
2025-05-28 00:23:46,410 - INFO - 
🔍 Processando block volume: Restore Banco ComercialCarvalho
2025-05-28 00:23:46,697 - INFO - ✅ Backup criado: BlockBackup-Restore Banco ComercialCarvalho-BKPAUTCITEL-20250528-0023
2025-05-28 00:23:47,277 - INFO - 
🔍 Processando block volume: Restore Banco Fluzao
2025-05-28 00:23:47,554 - INFO - ✅ Backup criado: BlockBackup-Restore Banco Fluzao-BKPAUTCITEL-20250528-0023
2025-05-28 00:23:48,141 - INFO - 
🔍 Processando block volume: Restore Banco Suprema
2025-05-28 00:23:48,495 - INFO - ✅ Backup criado: BlockBackup-Restore Banco Suprema-BKPAUTCITEL-20250528-0023
2025-05-28 00:23:49,068 - INFO - 
🔍 Processando block volume: Banco_srvEstrategico
2025-05-28 00:23:49,192 - WARNING - ⚠️ Tentativa 1: Limite de requisições. Aguardando 5s...
2025-05-28 00:23:55,041 - INFO - ✅ Backup criado: BlockBackup-Banco_srvEstrategico-BKPAUTCITEL-20250528-0023
2025-05-28 00:23:55,621 - INFO - 
🔍 Processando block volume: Data06-Vinhedo
2025-05-28 00:23:55,746 - WARNING - ⚠️ Tentativa 1: Limite de requisições. Aguardando 5s...
2025-05-28 00:24:04,014 - WARNING - ⚠️ Tentativa 2: Limite de requisições. Aguardando 10s...
2025-05-28 00:24:17,728 - WARNING - ⚠️ Tentativa 3: Limite de requisições. Aguardando 20s...
2025-05-28 00:24:39,063 - INFO - ✅ Backup criado: BlockBackup-Data06-Vinhedo-BKPAUTCITEL-20250528-0023
2025-05-28 00:24:39,584 - INFO - 
✅ Execução concluída com sucesso
