2025-05-27 21:04:21,695 - INFO - 
🔍 Processando block volume: LinuxTSPlus1
2025-05-27 21:04:21,974 - INFO - ✅ Backup criado: BlockBackup-LinuxTSPlus1-BKPAUTCITEL-20250527-2104
2025-05-27 21:04:22,179 - INFO - 
🔍 Processando block volume: Banco1LinuxTSPlus2
2025-05-27 21:04:22,471 - INFO - ✅ Backup criado: BlockBackup-Banco1LinuxTSPlus2-BKPAUTCITEL-20250527-2104
2025-05-27 21:04:23,058 - INFO - 
🔍 Processando block volume: Banco1LinuxTSPlus4
2025-05-27 21:04:23,445 - INFO - ✅ Backup criado: BlockBackup-Banco1LinuxTSPlus4-BKPAUTCITEL-20250527-2104
2025-05-27 21:04:23,655 - INFO - 
🔍 Processando block volume: Banco1LinuxTSPlus20
2025-05-27 21:04:23,983 - INFO - ✅ Backup criado: BlockBackup-Banco1LinuxTSPlus20-BKPAUTCITEL-20250527-2104
2025-05-27 21:04:24,560 - INFO - 
🔍 Processando block volume: Banco3LinuxTSPlus1
2025-05-27 21:04:24,899 - INFO - ✅ Backup criado: BlockBackup-Banco3LinuxTSPlus1-BKPAUTCITEL-20250527-2104
2025-05-27 21:04:25,095 - INFO - 
🔍 Processando block volume: Banco_PalacioFerramentas
2025-05-27 21:04:25,352 - INFO - ✅ Backup criado: BlockBackup-Banco_PalacioFerramentas-BKPAUTCITEL-20250527-2104
2025-05-27 21:04:25,928 - INFO - 
🔍 Processando block volume: Banco1LinuxTSPlus25
2025-05-27 21:04:26,053 - WARNING - ⚠️ Tentativa 1: Limite de requisições. Aguardando 5s...
2025-05-27 21:04:33,273 - INFO - ✅ Backup criado: BlockBackup-Banco1LinuxTSPlus25-BKPAUTCITEL-20250527-2104
2025-05-27 21:04:33,493 - INFO - 
🔍 Processando block volume: Banco1LinuxTSPlus30
2025-05-27 21:04:33,766 - INFO - ✅ Backup criado: BlockBackup-Banco1LinuxTSPlus30-BKPAUTCITEL-20250527-2104
2025-05-27 21:04:34,338 - INFO - 
🔍 Processando block volume: Banco5LinuxTSPlus10
2025-05-27 21:04:34,609 - INFO - ✅ Backup criado: BlockBackup-Banco5LinuxTSPlus10-BKPAUTCITEL-20250527-2104
2025-05-27 21:04:35,232 - INFO - 
🔍 Processando block volume: Banco2LinuxTSPlus20
2025-05-27 21:04:35,520 - INFO - ✅ Backup criado: BlockBackup-Banco2LinuxTSPlus20-BKPAUTCITEL-20250527-2104
2025-05-27 21:04:35,716 - INFO - 
🔍 Processando block volume: Banco2BR24
2025-05-27 21:04:35,983 - INFO - ✅ Backup criado: BlockBackup-Banco2BR24-BKPAUTCITEL-20250527-2104
2025-05-27 21:04:36,560 - INFO - 
🔍 Processando block volume: LinuxDataBelaTintas
2025-05-27 21:04:36,684 - WARNING - ⚠️ Tentativa 1: Limite de requisições. Aguardando 5s...
2025-05-27 21:04:43,676 - WARNING - ⚠️ Tentativa 2: Limite de requisições. Aguardando 10s...
2025-05-27 21:04:54,536 - WARNING - ⚠️ Tentativa 3: Limite de requisições. Aguardando 20s...
2025-05-27 21:05:18,520 - INFO - ✅ Backup criado: BlockBackup-LinuxDataBelaTintas-BKPAUTCITEL-20250527-2104
2025-05-27 21:05:18,730 - INFO - 
🔍 Processando block volume: Bancos2_BR02
2025-05-27 21:05:18,995 - INFO - ✅ Backup criado: BlockBackup-Bancos2_BR02-BKPAUTCITEL-20250527-2105
2025-05-27 21:05:19,584 - INFO - 
🔍 Processando block volume: Bancos4_BR01
2025-05-27 21:05:19,961 - INFO - ✅ Backup criado: BlockBackup-Bancos4_BR01-BKPAUTCITEL-20250527-2105
2025-05-27 21:05:20,173 - INFO - 
🔍 Processando block volume: BKO Palacio TKT 651385
2025-05-27 21:05:20,440 - INFO - ✅ Backup criado: BlockBackup-BKO Palacio TKT 651385-BKPAUTCITEL-20250527-2105
2025-05-27 21:05:21,031 - INFO - 
🔍 Processando block volume: Bancos3_BR25
2025-05-27 21:05:21,156 - WARNING - ⚠️ Tentativa 1: Limite de requisições. Aguardando 5s...
2025-05-27 21:05:27,006 - INFO - ✅ Backup criado: BlockBackup-Bancos3_BR25-BKPAUTCITEL-20250527-2105
2025-05-27 21:05:27,250 - INFO - 
🔍 Processando block volume: GeB
2025-05-27 21:05:27,540 - INFO - ✅ Backup criado: BlockBackup-GeB-BKPAUTCITEL-20250527-2105
2025-05-27 21:05:28,117 - INFO - 
🔍 Processando block volume: Banco3_BR20
2025-05-27 21:05:28,390 - INFO - ✅ Backup criado: BlockBackup-Banco3_BR20-BKPAUTCITEL-20250527-2105
2025-05-27 21:05:28,971 - INFO - 
🔍 Processando block volume: Banco_Darka
2025-05-27 21:05:29,096 - WARNING - ⚠️ Tentativa 1: Limite de requisições. Aguardando 5s...
2025-05-27 21:05:38,097 - WARNING - ⚠️ Tentativa 2: Limite de requisições. Aguardando 10s...
2025-05-27 21:05:50,284 - INFO - ✅ Backup criado: BlockBackup-Banco_Darka-BKPAUTCITEL-20250527-2105
2025-05-27 21:05:50,511 - INFO - 
🔍 Processando block volume: Banco4LinuxTSPlus20
2025-05-27 21:05:50,806 - INFO - ✅ Backup criado: BlockBackup-Banco4LinuxTSPlus20-BKPAUTCITEL-20250527-2105
2025-05-27 21:05:51,388 - INFO - 
🔍 Processando block volume: BackupGeB
2025-05-27 21:05:51,512 - WARNING - ⚠️ Tentativa 1: Limite de requisições. Aguardando 5s...
2025-05-27 21:05:59,633 - INFO - ✅ Backup criado: BlockBackup-BackupGeB-BKPAUTCITEL-20250527-2105
2025-05-27 21:05:59,845 - INFO - 
🔍 Processando block volume: BancoGeB
2025-05-27 21:06:00,233 - INFO - ✅ Backup criado: BlockBackup-BancoGeB-BKPAUTCITEL-20250527-2105
2025-05-27 21:06:00,833 - INFO - 
🔍 Processando block volume: Bancos5_BR1
2025-05-27 21:06:01,134 - INFO - ✅ Backup criado: BlockBackup-Bancos5_BR1-BKPAUTCITEL-20250527-2106
2025-05-27 21:06:01,344 - INFO - 
🔍 Processando block volume: bkpBoomerVinicius
2025-05-27 21:06:01,687 - INFO - ✅ Backup criado: BlockBackup-bkpBoomerVinicius-BKPAUTCITEL-20250527-2106
2025-05-27 21:06:02,259 - INFO - 
🔍 Processando block volume: GeB2
2025-05-27 21:06:02,545 - INFO - ✅ Backup criado: BlockBackup-GeB2-BKPAUTCITEL-20250527-2106
2025-05-27 21:06:03,113 - INFO - 
🔍 Processando block volume: bkpParque1014464
2025-05-27 21:06:03,238 - WARNING - ⚠️ Tentativa 1: Limite de requisições. Aguardando 5s...
2025-05-27 21:06:09,358 - WARNING - ⚠️ Tentativa 2: Limite de requisições. Aguardando 10s...
2025-05-27 21:06:22,770 - INFO - ✅ Backup criado: BlockBackup-bkpParque1014464-BKPAUTCITEL-20250527-2106
2025-05-27 21:06:23,367 - INFO - 
🔍 Processando block volume: bkpPedrao1020442
2025-05-27 21:06:23,649 - INFO - ✅ Backup criado: BlockBackup-bkpPedrao1020442-BKPAUTCITEL-20250527-2106
2025-05-27 21:06:23,893 - INFO - 
🔍 Processando block volume: Backup_BR34_1031161
2025-05-27 21:06:24,209 - INFO - ✅ Backup criado: BlockBackup-Backup_BR34_1031161-BKPAUTCITEL-20250527-2106
2025-05-27 21:06:24,798 - INFO - 
🔍 Processando block volume: GeB BancoTeste tkt 1048932
2025-05-27 21:06:24,923 - WARNING - ⚠️ Tentativa 1: Limite de requisições. Aguardando 5s...
2025-05-27 21:06:31,753 - INFO - ✅ Backup criado: BlockBackup-GeB BancoTeste tkt 1048932-BKPAUTCITEL-20250527-2106
2025-05-27 21:06:32,360 - INFO - 
🔍 Processando block volume: Banco1LinuxTSPlus11_clone2904
2025-05-27 21:06:32,642 - INFO - ✅ Backup criado: BlockBackup-Banco1LinuxTSPlus11_clone2904-BKPAUTCITEL-20250527-2106
2025-05-27 21:06:33,254 - INFO - 
🔍 Processando block volume: LinuxTSPlus11_BancoPRODJRPais_clone2904
2025-05-27 21:06:33,534 - INFO - ✅ Backup criado: BlockBackup-LinuxTSPlus11_BancoPRODJRPais_clone2904-BKPAUTCITEL-20250527-2106
2025-05-27 21:06:33,740 - INFO - 
🔍 Processando block volume: LinuxTSPlus30_Banco1LinuxTSPlus30_clone2904
2025-05-27 21:06:34,124 - INFO - ✅ Backup criado: BlockBackup-LinuxTSPlus30_Banco1LinuxTSPlus30_clone2904-BKPAUTCITEL-20250527-2106
2025-05-27 21:06:34,762 - INFO - 
🔍 Processando block volume: Banco-1-LinuxData012
2025-05-27 21:06:35,109 - INFO - ✅ Backup criado: BlockBackup-Banco-1-LinuxData012-BKPAUTCITEL-20250527-2106
2025-05-27 21:06:35,315 - INFO - 
🔍 Processando block volume: Banco2-LinuxData012
2025-05-27 21:06:35,604 - INFO - ✅ Backup criado: BlockBackup-Banco2-LinuxData012-BKPAUTCITEL-20250527-2106
2025-05-27 21:06:36,194 - INFO - 
🔍 Processando block volume: Banco3-LinuxData012
2025-05-27 21:06:36,491 - INFO - ✅ Backup criado: BlockBackup-Banco3-LinuxData012-BKPAUTCITEL-20250527-2106
2025-05-27 21:06:36,699 - INFO - 
🔍 Processando block volume: LinuxTSPlus55_Banco1BR55_clone2904
2025-05-27 21:06:37,193 - INFO - ✅ Backup criado: BlockBackup-LinuxTSPlus55_Banco1BR55_clone2904-BKPAUTCITEL-20250527-2106
2025-05-27 21:06:37,782 - INFO - 
🔍 Processando block volume: LinuxTSPlus55_Banco3BR55_clone2904
2025-05-27 21:06:37,907 - WARNING - ⚠️ Tentativa 1: Limite de requisições. Aguardando 5s...
2025-05-27 21:06:46,578 - INFO - ✅ Backup criado: BlockBackup-LinuxTSPlus55_Banco3BR55_clone2904-BKPAUTCITEL-20250527-2106
2025-05-27 21:06:47,171 - INFO - 
🔍 Processando block volume: LinuxTSPlus65_Banco1LinuxTSPLUS65_clone2904
2025-05-27 21:06:47,295 - WARNING - ⚠️ Tentativa 1: Limite de requisições. Aguardando 5s...
2025-05-27 21:06:56,795 - WARNING - ⚠️ Tentativa 2: Limite de requisições. Aguardando 10s...
2025-05-27 21:07:10,160 - WARNING - ⚠️ Tentativa 3: Limite de requisições. Aguardando 20s...
2025-05-27 21:07:35,112 - WARNING - ⚠️ Tentativa 4: Limite de requisições. Aguardando 40s...
2025-05-27 21:08:16,099 - INFO - ✅ Backup criado: BlockBackup-LinuxTSPlus65_Banco1LinuxTSPLUS65_clone2904-BKPAUTCITEL-20250527-2106
2025-05-27 21:08:16,703 - INFO - 
🔍 Processando block volume: LinuxTSPlus65_Banco2LinuxTSPLUS65_clone2904
2025-05-27 21:08:16,982 - INFO - ✅ Backup criado: BlockBackup-LinuxTSPlus65_Banco2LinuxTSPLUS65_clone2904-BKPAUTCITEL-20250527-2108
2025-05-27 21:08:17,580 - INFO - 
🔍 Processando block volume: LinuxTSPlus65_Banco3LinuxTSPLUS65_clone2904
2025-05-27 21:08:17,879 - INFO - ✅ Backup criado: BlockBackup-LinuxTSPlus65_Banco3LinuxTSPLUS65_clone2904-BKPAUTCITEL-20250527-2108
2025-05-27 21:08:18,465 - INFO - 
🔍 Processando block volume: LinuxTSPlus65_BinariosLinuxTSPLUS65_clone2904
2025-05-27 21:08:18,728 - INFO - ✅ Backup criado: BlockBackup-LinuxTSPlus65_BinariosLinuxTSPLUS65_clone2904-BKPAUTCITEL-20250527-2108
2025-05-27 21:08:19,310 - INFO - 
🔍 Processando block volume: LinuxTSPlus28_Banco2LinuxTSPlus28_clone2904
2025-05-27 21:08:19,647 - INFO - ✅ Backup criado: BlockBackup-LinuxTSPlus28_Banco2LinuxTSPlus28_clone2904-BKPAUTCITEL-20250527-2108
2025-05-27 21:08:19,841 - INFO - 
🔍 Processando block volume: LinuxTSPlus28_bancos3_BR28_clone2904
2025-05-27 21:08:20,129 - INFO - ✅ Backup criado: BlockBackup-LinuxTSPlus28_bancos3_BR28_clone2904-BKPAUTCITEL-20250527-2108
2025-05-27 21:08:20,727 - INFO - 
🔍 Processando block volume: LinuxTSPlus29_Banco1LinuxTSPlus29_clone2904
2025-05-27 21:08:20,852 - WARNING - ⚠️ Tentativa 1: Limite de requisições. Aguardando 5s...
2025-05-27 21:08:30,409 - INFO - ✅ Backup criado: BlockBackup-LinuxTSPlus29_Banco1LinuxTSPlus29_clone2904-BKPAUTCITEL-20250527-2108
2025-05-27 21:08:30,983 - INFO - 
🔍 Processando block volume: LinuxTSPlus29_Bancos2_BR29_clone2904
2025-05-27 21:08:31,270 - INFO - ✅ Backup criado: BlockBackup-LinuxTSPlus29_Bancos2_BR29_clone2904-BKPAUTCITEL-20250527-2108
2025-05-27 21:08:31,846 - INFO - 
🔍 Processando block volume: LinuxTSPlus29_Bancos3_BR29_clone2904
2025-05-27 21:08:31,970 - WARNING - ⚠️ Tentativa 1: Limite de requisições. Aguardando 5s...
2025-05-27 21:08:42,528 - INFO - ✅ Backup criado: BlockBackup-LinuxTSPlus29_Bancos3_BR29_clone2904-BKPAUTCITEL-20250527-2108
2025-05-27 21:08:43,166 - INFO - 
🔍 Processando block volume: LinuxTSPlus72_Banco2BR_72_clone2904
2025-05-27 21:08:43,514 - INFO - ✅ Backup criado: BlockBackup-LinuxTSPlus72_Banco2BR_72_clone2904-BKPAUTCITEL-20250527-2108
2025-05-27 21:08:44,083 - INFO - 
🔍 Processando block volume: LinuxTSPlus72_BancoBR_clone2904
2025-05-27 21:08:44,366 - INFO - ✅ Backup criado: BlockBackup-LinuxTSPlus72_BancoBR_clone2904-BKPAUTCITEL-20250527-2108
2025-05-27 21:08:44,943 - INFO - 
🔍 Processando block volume: LinuxTSPlus43_Banco1LinuxTSPLUS43_clone2904
2025-05-27 21:08:45,220 - INFO - ✅ Backup criado: BlockBackup-LinuxTSPlus43_Banco1LinuxTSPLUS43_clone2904-BKPAUTCITEL-20250527-2108
2025-05-27 21:08:45,793 - INFO - 
🔍 Processando block volume: LinuxTSPlus43_HD4-LinuxDBA_clone2904
2025-05-27 21:08:45,918 - WARNING - ⚠️ Tentativa 1: Limite de requisições. Aguardando 5s...
2025-05-27 21:08:54,414 - WARNING - ⚠️ Tentativa 2: Limite de requisições. Aguardando 10s...
2025-05-27 21:09:05,923 - INFO - ✅ Backup criado: BlockBackup-LinuxTSPlus43_HD4-LinuxDBA_clone2904-BKPAUTCITEL-20250527-2108
2025-05-27 21:09:06,494 - INFO - 
🔍 Processando block volume: LinuxTSPlus50_Banco1LinuxTSPlus50_clone2904
2025-05-27 21:09:06,620 - WARNING - ⚠️ Tentativa 1: Limite de requisições. Aguardando 5s...
2025-05-27 21:09:13,409 - INFO - ✅ Backup criado: BlockBackup-LinuxTSPlus50_Banco1LinuxTSPlus50_clone2904-BKPAUTCITEL-20250527-2109
2025-05-27 21:09:13,995 - INFO - 
🔍 Processando block volume: LinuxTSPlus37_Banco1LinuxTSPLUS37_clone2904
2025-05-27 21:09:14,126 - WARNING - ⚠️ Tentativa 1: Limite de requisições. Aguardando 5s...
2025-05-27 21:09:22,430 - WARNING - ⚠️ Tentativa 2: Limite de requisições. Aguardando 10s...
2025-05-27 21:09:34,889 - WARNING - ⚠️ Tentativa 3: Limite de requisições. Aguardando 20s...
2025-05-27 21:09:57,853 - INFO - ✅ Backup criado: BlockBackup-LinuxTSPlus37_Banco1LinuxTSPLUS37_clone2904-BKPAUTCITEL-20250527-2109
2025-05-27 21:09:58,464 - INFO - 
🔍 Processando block volume: LinuxTSPlus37_Banco2LinuxTSPLUS37_clone2904
2025-05-27 21:09:58,742 - INFO - ✅ Backup criado: BlockBackup-LinuxTSPlus37_Banco2LinuxTSPLUS37_clone2904-BKPAUTCITEL-20250527-2109
2025-05-27 21:09:59,320 - INFO - 
🔍 Processando block volume: LinuxTSPlus40_Banco1
2025-05-27 21:09:59,615 - INFO - ✅ Backup criado: BlockBackup-LinuxTSPlus40_Banco1-BKPAUTCITEL-20250527-2109
2025-05-27 21:10:00,230 - INFO - 
🔍 Processando block volume: LinuxTSPlus32_Banco1LinuxTSPLUS32_clone2904
2025-05-27 21:10:00,532 - INFO - ✅ Backup criado: BlockBackup-LinuxTSPlus32_Banco1LinuxTSPLUS32_clone2904-BKPAUTCITEL-20250527-2110
2025-05-27 21:10:01,104 - INFO - 
🔍 Processando block volume: LinuxTSPlus32_Banco2LinuxTSPLUS32_clone2904
2025-05-27 21:10:01,229 - WARNING - ⚠️ Tentativa 1: Limite de requisições. Aguardando 5s...
2025-05-27 21:10:09,576 - WARNING - ⚠️ Tentativa 2: Limite de requisições. Aguardando 10s...
2025-05-27 21:10:22,341 - INFO - ✅ Backup criado: BlockBackup-LinuxTSPlus32_Banco2LinuxTSPLUS32_clone2904-BKPAUTCITEL-20250527-2110
2025-05-27 21:10:22,932 - INFO - 
🔍 Processando block volume: Banco2-LinuxData013
2025-05-27 21:10:23,233 - INFO - ✅ Backup criado: BlockBackup-Banco2-LinuxData013-BKPAUTCITEL-20250527-2110
2025-05-27 21:10:23,813 - INFO - 
🔍 Processando block volume: Banco3-LinuxData013
2025-05-27 21:10:24,087 - INFO - ✅ Backup criado: BlockBackup-Banco3-LinuxData013-BKPAUTCITEL-20250527-2110
2025-05-27 21:10:24,687 - INFO - 
🔍 Processando block volume: Banco1-LinuxData013
2025-05-27 21:10:24,967 - INFO - ✅ Backup criado: BlockBackup-Banco1-LinuxData013-BKPAUTCITEL-20250527-2110
2025-05-27 21:10:25,545 - INFO - 
🔍 Processando block volume: LinuxTSPlus14_BackupCoresVivas TKT 902822_clone2904
2025-05-27 21:10:25,670 - WARNING - ⚠️ Tentativa 1: Limite de requisições. Aguardando 5s...
2025-05-27 21:10:31,836 - INFO - ✅ Backup criado: BlockBackup-LinuxTSPlus14_BackupCoresVivas TKT 902822_clone2904-BKPAUTCITEL-20250527-2110
2025-05-27 21:10:32,416 - INFO - 
🔍 Processando block volume: LinuxTSPlus14_Banco2LinuxTSPlus14_clone2904
2025-05-27 21:10:32,711 - INFO - ✅ Backup criado: BlockBackup-LinuxTSPlus14_Banco2LinuxTSPlus14_clone2904-BKPAUTCITEL-20250527-2110
2025-05-27 21:10:33,292 - INFO - 
🔍 Processando block volume: LinuxTSPlus9-Banco1LinuxTSPlus9-clone2904
2025-05-27 21:10:33,563 - INFO - ✅ Backup criado: BlockBackup-LinuxTSPlus9-Banco1LinuxTSPlus9-clone2904-BKPAUTCITEL-20250527-2110
2025-05-27 21:10:34,131 - INFO - 
🔍 Processando block volume: LinuxTSPlus9-Banco3LinuxTSPlus9-clone2904
2025-05-27 21:10:34,259 - WARNING - ⚠️ Tentativa 1: Limite de requisições. Aguardando 5s...
2025-05-27 21:10:40,668 - WARNING - ⚠️ Tentativa 2: Limite de requisições. Aguardando 10s...
2025-05-27 21:10:53,711 - WARNING - ⚠️ Tentativa 3: Limite de requisições. Aguardando 20s...
2025-05-27 21:11:16,012 - INFO - ✅ Backup criado: BlockBackup-LinuxTSPlus9-Banco3LinuxTSPlus9-clone2904-BKPAUTCITEL-20250527-2110
2025-05-27 21:11:16,614 - INFO - 
🔍 Processando block volume: LinuxTSPlus14_BancoUbertintasTSPlus14_clone2904
2025-05-27 21:11:16,914 - INFO - ✅ Backup criado: BlockBackup-LinuxTSPlus14_BancoUbertintasTSPlus14_clone2904-BKPAUTCITEL-20250527-2111
2025-05-27 21:11:17,482 - INFO - 
🔍 Processando block volume: LinuxTSPlus9-Bancos4_BR9-clone2904
2025-05-27 21:11:17,791 - INFO - ✅ Backup criado: BlockBackup-LinuxTSPlus9-Bancos4_BR9-clone2904-BKPAUTCITEL-20250527-2111
2025-05-27 21:11:18,371 - INFO - 
🔍 Processando block volume: LinuxTSPlus8-Banco1LinuxTSPlus8-clone2904
2025-05-27 21:11:18,649 - INFO - ✅ Backup criado: BlockBackup-LinuxTSPlus8-Banco1LinuxTSPlus8-clone2904-BKPAUTCITEL-20250527-2111
2025-05-27 21:11:19,213 - INFO - 
🔍 Processando block volume: LinuxTSPlus8-Banco3LinuxTSPlus8-clone2904
2025-05-27 21:11:19,338 - WARNING - ⚠️ Tentativa 1: Limite de requisições. Aguardando 5s...
2025-05-27 21:11:28,264 - INFO - ✅ Backup criado: BlockBackup-LinuxTSPlus8-Banco3LinuxTSPlus8-clone2904-BKPAUTCITEL-20250527-2111
2025-05-27 21:11:28,861 - INFO - 
🔍 Processando block volume: LinuxTSPlus16_Banco1LinuxTSPlus16_clone2904
2025-05-27 21:11:29,174 - INFO - ✅ Backup criado: BlockBackup-LinuxTSPlus16_Banco1LinuxTSPlus16_clone2904-BKPAUTCITEL-20250527-2111
2025-05-27 21:11:29,779 - INFO - 
🔍 Processando block volume: LinuxTSPlus16_Banco2LinuxTSPlus16_clone2904
2025-05-27 21:11:30,043 - INFO - ✅ Backup criado: BlockBackup-LinuxTSPlus16_Banco2LinuxTSPlus16_clone2904-BKPAUTCITEL-20250527-2111
2025-05-27 21:11:30,624 - INFO - 
🔍 Processando block volume: LinuxTSPlus7-Banco2LinuxTSPlus7-block-clone2904
2025-05-27 21:11:30,985 - INFO - ✅ Backup criado: BlockBackup-LinuxTSPlus7-Banco2LinuxTSPlus7-block-clone2904-BKPAUTCITEL-20250527-2111
2025-05-27 21:11:31,558 - INFO - 
🔍 Processando block volume: LinuxTSPlus7-Banco3LinuxTSPlus7-block-clone2904
2025-05-27 21:11:31,683 - WARNING - ⚠️ Tentativa 1: Limite de requisições. Aguardando 5s...
2025-05-27 21:11:40,786 - INFO - ✅ Backup criado: BlockBackup-LinuxTSPlus7-Banco3LinuxTSPlus7-block-clone2904-BKPAUTCITEL-20250527-2111
2025-05-27 21:11:41,368 - INFO - 
🔍 Processando block volume: LinuxTSPlus7-Banco3_BR7-block-clone2904
2025-05-27 21:11:41,496 - WARNING - ⚠️ Tentativa 1: Limite de requisições. Aguardando 5s...
2025-05-27 21:11:47,249 - INFO - ✅ Backup criado: BlockBackup-LinuxTSPlus7-Banco3_BR7-block-clone2904-BKPAUTCITEL-20250527-2111
2025-05-27 21:11:47,835 - INFO - 
🔍 Processando block volume: LinuxTSPlus17_Banco2LinuxTSPlus17_clone2904
2025-05-27 21:11:48,111 - INFO - ✅ Backup criado: BlockBackup-LinuxTSPlus17_Banco2LinuxTSPlus17_clone2904-BKPAUTCITEL-20250527-2111
2025-05-27 21:11:48,706 - INFO - 
🔍 Processando block volume: LinuxTSPlus17_BancoPRODBelaTintas_clone2904
2025-05-27 21:11:48,991 - INFO - ✅ Backup criado: BlockBackup-LinuxTSPlus17_BancoPRODBelaTintas_clone2904-BKPAUTCITEL-20250527-2111
2025-05-27 21:11:49,571 - INFO - 
🔍 Processando block volume: LinuxTSPlus17_HD5-LinuxDBAs_clone2904
2025-05-27 21:11:49,696 - WARNING - ⚠️ Tentativa 1: Limite de requisições. Aguardando 5s...
2025-05-27 21:11:58,601 - WARNING - ⚠️ Tentativa 2: Limite de requisições. Aguardando 10s...
2025-05-27 21:12:11,469 - INFO - ✅ Backup criado: BlockBackup-LinuxTSPlus17_HD5-LinuxDBAs_clone2904-BKPAUTCITEL-20250527-2111
2025-05-27 21:12:12,090 - INFO - 
🔍 Processando block volume: LinuxTSPlus6-Banco3LinuxTSPlus6-block-clone2904
2025-05-27 21:12:12,400 - INFO - ✅ Backup criado: BlockBackup-LinuxTSPlus6-Banco3LinuxTSPlus6-block-clone2904-BKPAUTCITEL-20250527-2112
2025-05-27 21:12:12,981 - INFO - 
🔍 Processando block volume: LinuxTSPlus6-Banco4LinuxTSPlus6-block-clone2904
2025-05-27 21:12:13,108 - WARNING - ⚠️ Tentativa 1: Limite de requisições. Aguardando 5s...
2025-05-27 21:12:21,320 - INFO - ✅ Backup criado: BlockBackup-LinuxTSPlus6-Banco4LinuxTSPlus6-block-clone2904-BKPAUTCITEL-20250527-2112
2025-05-27 21:12:21,887 - INFO - 
🔍 Processando block volume: LinuxTSPlus18-Banco1LinuxTSPlus18-block-2904
2025-05-27 21:12:22,169 - INFO - ✅ Backup criado: BlockBackup-LinuxTSPlus18-Banco1LinuxTSPlus18-block-2904-BKPAUTCITEL-20250527-2112
2025-05-27 21:12:22,742 - INFO - 
🔍 Processando block volume: LinuxTSPlus18-Banco2LinuxTSPlus18-block-2904
2025-05-27 21:12:23,049 - INFO - ✅ Backup criado: BlockBackup-LinuxTSPlus18-Banco2LinuxTSPlus18-block-2904-BKPAUTCITEL-20250527-2112
2025-05-27 21:12:23,630 - INFO - 
🔍 Processando block volume: LinuxTSPlus18-Bancos4_BR18-block-2904
2025-05-27 21:12:23,902 - INFO - ✅ Backup criado: BlockBackup-LinuxTSPlus18-Bancos4_BR18-block-2904-BKPAUTCITEL-20250527-2112
2025-05-27 21:12:24,480 - INFO - 
🔍 Processando block volume: LinuxTsplus59-Banco2Linux59-block-clone2904
2025-05-27 21:12:24,783 - INFO - ✅ Backup criado: BlockBackup-LinuxTsplus59-Banco2Linux59-block-clone2904-BKPAUTCITEL-20250527-2112
2025-05-27 21:12:25,407 - INFO - 
🔍 Processando block volume: LinuxTsplus59-BancoLinux59-block-clone2904
2025-05-27 21:12:25,693 - INFO - ✅ Backup criado: BlockBackup-LinuxTsplus59-BancoLinux59-block-clone2904-BKPAUTCITEL-20250527-2112
2025-05-27 21:12:26,260 - INFO - 
🔍 Processando block volume: LinuxTSPlus19_Banco1LinuxTSPlus19_clone2904
2025-05-27 21:12:26,390 - WARNING - ⚠️ Tentativa 1: Limite de requisições. Aguardando 5s...
2025-05-27 21:12:33,310 - INFO - ✅ Backup criado: BlockBackup-LinuxTSPlus19_Banco1LinuxTSPlus19_clone2904-BKPAUTCITEL-20250527-2112
2025-05-27 21:12:33,890 - INFO - 
🔍 Processando block volume: LinuxTSPlus19_Banco3LinuxTSPlus19_clone2904
2025-05-27 21:12:34,167 - INFO - ✅ Backup criado: BlockBackup-LinuxTSPlus19_Banco3LinuxTSPlus19_clone2904-BKPAUTCITEL-20250527-2112
2025-05-27 21:12:34,759 - INFO - 
🔍 Processando block volume: LinuxTSPlus20_Banco1LinuxTSPlus20_clone2904
2025-05-27 21:12:35,049 - INFO - ✅ Backup criado: BlockBackup-LinuxTSPlus20_Banco1LinuxTSPlus20_clone2904-BKPAUTCITEL-20250527-2112
2025-05-27 21:12:35,649 - INFO - 
🔍 Processando block volume: LinuxTSPlus20_Banco2LinuxTSPlus20_clone2904
2025-05-27 21:12:35,921 - INFO - ✅ Backup criado: BlockBackup-LinuxTSPlus20_Banco2LinuxTSPlus20_clone2904-BKPAUTCITEL-20250527-2112
2025-05-27 21:12:36,506 - INFO - 
🔍 Processando block volume: LinuxTSPlus20_Banco3_BR20_clone2904
2025-05-27 21:12:36,816 - INFO - ✅ Backup criado: BlockBackup-LinuxTSPlus20_Banco3_BR20_clone2904-BKPAUTCITEL-20250527-2112
2025-05-27 21:12:37,391 - INFO - 
🔍 Processando block volume: LinuxTSPlus20_Banco4LinuxTSPlus20_clone2904
2025-05-27 21:12:37,516 - WARNING - ⚠️ Tentativa 1: Limite de requisições. Aguardando 5s...
2025-05-27 21:12:44,891 - WARNING - ⚠️ Tentativa 2: Limite de requisições. Aguardando 10s...
2025-05-27 21:12:56,101 - INFO - ✅ Backup criado: BlockBackup-LinuxTSPlus20_Banco4LinuxTSPlus20_clone2904-BKPAUTCITEL-20250527-2112
2025-05-27 21:12:56,686 - INFO - 
🔍 Processando block volume: LinuxTSPlus5-Banco3LinuxBR5-block-clone2904
2025-05-27 21:12:56,967 - INFO - ✅ Backup criado: BlockBackup-LinuxTSPlus5-Banco3LinuxBR5-block-clone2904-BKPAUTCITEL-20250527-2112
2025-05-27 21:12:57,544 - INFO - 
🔍 Processando block volume: LinuxTSPlus5-Banco2LinuxBR5-block-clone2904
2025-05-27 21:12:57,828 - INFO - ✅ Backup criado: BlockBackup-LinuxTSPlus5-Banco2LinuxBR5-block-clone2904-BKPAUTCITEL-20250527-2112
2025-05-27 21:12:58,428 - INFO - 
🔍 Processando block volume: Banco1-LinuxData004
2025-05-27 21:12:58,582 - WARNING - ⚠️ Tentativa 1: Limite de requisições. Aguardando 5s...
2025-05-27 21:13:06,537 - WARNING - ⚠️ Tentativa 2: Limite de requisições. Aguardando 10s...
2025-05-27 21:13:20,310 - INFO - ✅ Backup criado: BlockBackup-Banco1-LinuxData004-BKPAUTCITEL-20250527-2112
2025-05-27 21:13:20,875 - INFO - 
🔍 Processando block volume: Banco2-LinuxData004
2025-05-27 21:13:21,186 - INFO - ✅ Backup criado: BlockBackup-Banco2-LinuxData004-BKPAUTCITEL-20250527-2113
2025-05-27 21:13:21,761 - INFO - 
🔍 Processando block volume: Banco3-LinuxData004
2025-05-27 21:13:21,885 - WARNING - ⚠️ Tentativa 1: Limite de requisições. Aguardando 5s...
2025-05-27 21:13:28,648 - INFO - ✅ Backup criado: BlockBackup-Banco3-LinuxData004-BKPAUTCITEL-20250527-2113
2025-05-27 21:13:29,225 - INFO - 
🔍 Processando block volume: LinuxTSPlus48-block-Restore
2025-05-27 21:13:29,523 - INFO - ✅ Backup criado: BlockBackup-LinuxTSPlus48-block-Restore-BKPAUTCITEL-20250527-2113
2025-05-27 21:13:30,107 - INFO - 
🔍 Processando block volume: LinuxData007-Banco4
2025-05-27 21:13:30,435 - INFO - ✅ Backup criado: BlockBackup-LinuxData007-Banco4-BKPAUTCITEL-20250527-2113
2025-05-27 21:13:31,011 - INFO - 
🔍 Processando block volume: Banco2LinuxBR21-Restore
2025-05-27 21:13:31,342 - INFO - ✅ Backup criado: BlockBackup-Banco2LinuxBR21-Restore-BKPAUTCITEL-20250527-2113
2025-05-27 21:13:31,927 - INFO - 
🔍 Processando block volume: LinuxTSPlus41-block-Restore
2025-05-27 21:13:32,231 - INFO - ✅ Backup criado: BlockBackup-LinuxTSPlus41-block-Restore-BKPAUTCITEL-20250527-2113
2025-05-27 21:13:32,830 - INFO - 
🔍 Processando block volume: Banco1LinuxTSPlus26-Restore
2025-05-27 21:13:33,137 - INFO - ✅ Backup criado: BlockBackup-Banco1LinuxTSPlus26-Restore-BKPAUTCITEL-20250527-2113
2025-05-27 21:13:33,713 - INFO - 
🔍 Processando block volume: LinuxTSPlus36-block-Restore
2025-05-27 21:13:33,898 - WARNING - ⚠️ Tentativa 1: Limite de requisições. Aguardando 5s...
2025-05-27 21:13:41,689 - INFO - ✅ Backup criado: BlockBackup-LinuxTSPlus36-block-Restore-BKPAUTCITEL-20250527-2113
2025-05-27 21:13:42,277 - INFO - 
🔍 Processando block volume: LinuxTSPlus34-Bancos3_BR34-backup-Restore
2025-05-27 21:13:42,401 - WARNING - ⚠️ Tentativa 1: Limite de requisições. Aguardando 5s...
2025-05-27 21:13:52,805 - INFO - ✅ Backup criado: BlockBackup-LinuxTSPlus34-Bancos3_BR34-backup-Restore-BKPAUTCITEL-20250527-2113
2025-05-27 21:13:53,408 - INFO - 
🔍 Processando block volume: LinuxTSPlus34-Bancos2_BR34-backup-Restore
2025-05-27 21:13:53,715 - INFO - ✅ Backup criado: BlockBackup-LinuxTSPlus34-Bancos2_BR34-backup-Restore-BKPAUTCITEL-20250527-2113
2025-05-27 21:13:54,294 - INFO - 
🔍 Processando block volume: Banco1LinuxTSPLUS33-Restore
2025-05-27 21:13:54,561 - INFO - ✅ Backup criado: BlockBackup-Banco1LinuxTSPLUS33-Restore-BKPAUTCITEL-20250527-2113
2025-05-27 21:13:55,152 - INFO - 
🔍 Processando block volume: Banco2BR33-Restore
2025-05-27 21:13:55,277 - WARNING - ⚠️ Tentativa 1: Limite de requisições. Aguardando 5s...
2025-05-27 21:14:02,284 - WARNING - ⚠️ Tentativa 2: Limite de requisições. Aguardando 10s...
2025-05-27 21:14:16,783 - INFO - ✅ Backup criado: BlockBackup-Banco2BR33-Restore-BKPAUTCITEL-20250527-2113
2025-05-27 21:14:17,378 - INFO - 
🔍 Processando block volume: LinuxTSPlus34-Banco1LinuxTSPLUS34-backup-Restore
2025-05-27 21:14:17,504 - WARNING - ⚠️ Tentativa 1: Limite de requisições. Aguardando 5s...
2025-05-27 21:14:24,105 - INFO - ✅ Backup criado: BlockBackup-LinuxTSPlus34-Banco1LinuxTSPLUS34-backup-Restore-BKPAUTCITEL-20250527-2114
2025-05-27 21:14:24,681 - INFO - 
🔍 Processando block volume: LinuxTSPlus1-Restore1
2025-05-27 21:14:24,974 - INFO - ✅ Backup criado: BlockBackup-LinuxTSPlus1-Restore1-BKPAUTCITEL-20250527-2114
2025-05-27 21:14:25,555 - INFO - 
🔍 Processando block volume: Bancos5_BR1-Restore2
2025-05-27 21:14:25,681 - WARNING - ⚠️ Tentativa 1: Limite de requisições. Aguardando 5s...
2025-05-27 21:14:34,656 - INFO - ✅ Backup criado: BlockBackup-Bancos5_BR1-Restore2-BKPAUTCITEL-20250527-2114
2025-05-27 21:14:35,256 - INFO - 
🔍 Processando block volume: Bancos4_BR01-Restore3
2025-05-27 21:14:35,381 - WARNING - ⚠️ Tentativa 1: Limite de requisições. Aguardando 5s...
2025-05-27 21:14:44,878 - WARNING - ⚠️ Tentativa 2: Limite de requisições. Aguardando 10s...
2025-05-27 21:14:55,744 - INFO - ✅ Backup criado: BlockBackup-Bancos4_BR01-Restore3-BKPAUTCITEL-20250527-2114
2025-05-27 21:14:56,320 - INFO - 
🔍 Processando block volume: Banco3LinuxTSPlus1-Restore4
2025-05-27 21:14:56,589 - INFO - ✅ Backup criado: BlockBackup-Banco3LinuxTSPlus1-Restore4-BKPAUTCITEL-20250527-2114
2025-05-27 21:14:57,165 - INFO - 
🔍 Processando block volume: Banco1LinuxTSPlus24-Restore
2025-05-27 21:14:57,439 - INFO - ✅ Backup criado: BlockBackup-Banco1LinuxTSPlus24-Restore-BKPAUTCITEL-20250527-2114
2025-05-27 21:14:58,029 - INFO - 
🔍 Processando block volume: Banco1LinuxTSPlus22-Restore
2025-05-27 21:14:58,309 - INFO - ✅ Backup criado: BlockBackup-Banco1LinuxTSPlus22-Restore-BKPAUTCITEL-20250527-2114
2025-05-27 21:14:58,881 - INFO - 
🔍 Processando block volume: Banco3LinuxTSPlus22-Restore
2025-05-27 21:14:59,158 - INFO - ✅ Backup criado: BlockBackup-Banco3LinuxTSPlus22-Restore-BKPAUTCITEL-20250527-2114
2025-05-27 21:14:59,746 - INFO - 
🔍 Processando block volume: Banco2LinuxTSPlus22-Restore
2025-05-27 21:15:00,048 - INFO - ✅ Backup criado: BlockBackup-Banco2LinuxTSPlus22-Restore-BKPAUTCITEL-20250527-2114
2025-05-27 21:15:00,643 - INFO - 
🔍 Processando block volume: LinuxData010-PalacioTKT651385
2025-05-27 21:15:00,768 - WARNING - ⚠️ Tentativa 1: Limite de requisições. Aguardando 5s...
2025-05-27 21:15:08,236 - INFO - ✅ Backup criado: BlockBackup-LinuxData010-PalacioTKT651385-BKPAUTCITEL-20250527-2115
2025-05-27 21:15:08,968 - INFO - 
🔍 Processando block volume: LinuxData010-Banco4
2025-05-27 21:15:09,093 - WARNING - ⚠️ Tentativa 1: Limite de requisições. Aguardando 5s...
2025-05-27 21:15:14,715 - WARNING - ⚠️ Tentativa 2: Limite de requisições. Aguardando 10s...
2025-05-27 21:15:27,349 - INFO - ✅ Backup criado: BlockBackup-LinuxData010-Banco4-BKPAUTCITEL-20250527-2115
2025-05-27 21:15:27,920 - INFO - 
🔍 Processando block volume: LinuxData010-Banco5
2025-05-27 21:15:28,262 - INFO - ✅ Backup criado: BlockBackup-LinuxData010-Banco5-BKPAUTCITEL-20250527-2115
2025-05-27 21:15:28,848 - INFO - 
🔍 Processando block volume: LinuxData010-GeB
2025-05-27 21:15:29,148 - INFO - ✅ Backup criado: BlockBackup-LinuxData010-GeB-BKPAUTCITEL-20250527-2115
2025-05-27 21:15:29,731 - INFO - 
🔍 Processando block volume: LinuxData020-Banco3_BR20
2025-05-27 21:15:29,856 - WARNING - ⚠️ Tentativa 1: Limite de requisições. Aguardando 5s...
2025-05-27 21:15:36,810 - INFO - ✅ Backup criado: BlockBackup-LinuxData020-Banco3_BR20-BKPAUTCITEL-20250527-2115
2025-05-27 21:15:37,384 - INFO - 
🔍 Processando block volume: Restore Banco ComercialCarvalho
2025-05-27 21:15:37,721 - INFO - ✅ Backup criado: BlockBackup-Restore Banco ComercialCarvalho-BKPAUTCITEL-20250527-2115
2025-05-27 21:15:38,294 - INFO - 
🔍 Processando block volume: Restore Banco Fluzao
2025-05-27 21:15:38,624 - INFO - ✅ Backup criado: BlockBackup-Restore Banco Fluzao-BKPAUTCITEL-20250527-2115
2025-05-27 21:15:39,211 - INFO - 
🔍 Processando block volume: Restore Banco Suprema
2025-05-27 21:15:39,335 - WARNING - ⚠️ Tentativa 1: Limite de requisições. Aguardando 5s...
2025-05-27 21:15:47,619 - WARNING - ⚠️ Tentativa 2: Limite de requisições. Aguardando 10s...
2025-05-27 21:15:58,288 - WARNING - ⚠️ Tentativa 3: Limite de requisições. Aguardando 20s...
2025-05-27 21:16:21,053 - INFO - ✅ Backup criado: BlockBackup-Restore Banco Suprema-BKPAUTCITEL-20250527-2115
2025-05-27 21:16:21,622 - INFO - 
🔍 Processando block volume: Banco_srvEstrategico
2025-05-27 21:16:21,909 - INFO - ✅ Backup criado: BlockBackup-Banco_srvEstrategico-BKPAUTCITEL-20250527-2116
2025-05-27 21:16:22,488 - INFO - 
✅ Execução concluída com sucesso
