2025-05-27 15:07:37,734 - INFO - 
🔍 Processando block volume: LinuxTSPlus1
2025-05-27 15:07:38,074 - INFO - ✅ Backup criado: BlockBackup-LinuxTSPlus1-BKPAUTCITEL-20250527-1507
2025-05-27 15:07:38,305 - INFO - 
🔍 Processando block volume: Banco1LinuxTSPlus2
2025-05-27 15:07:38,625 - INFO - ✅ Backup criado: BlockBackup-Banco1LinuxTSPlus2-BKPAUTCITEL-20250527-1507
2025-05-27 15:07:39,214 - INFO - 
🔍 Processando block volume: Banco1LinuxTSPlus4
2025-05-27 15:07:39,508 - INFO - ✅ Backup criado: BlockBackup-Banco1LinuxTSPlus4-BKPAUTCITEL-20250527-1507
2025-05-27 15:07:40,079 - INFO - 
🔍 Processando block volume: Banco1LinuxTSPlus20
2025-05-27 15:07:40,353 - INFO - ✅ Backup criado: BlockBackup-Banco1LinuxTSPlus20-BKPAUTCITEL-20250527-1507
2025-05-27 15:07:40,946 - INFO - 
🔍 Processando block volume: Banco3LinuxTSPlus1
2025-05-27 15:07:41,233 - INFO - ✅ Backup criado: BlockBackup-Banco3LinuxTSPlus1-BKPAUTCITEL-20250527-1507
2025-05-27 15:07:41,801 - INFO - 
🔍 Processando block volume: Banco_PalacioFerramentas
2025-05-27 15:07:41,926 - WARNING - ⚠️ Tentativa 1: Limite de requisições. Aguardando 5s...
2025-05-27 15:07:51,024 - INFO - ✅ Backup criado: BlockBackup-Banco_PalacioFerramentas-BKPAUTCITEL-20250527-1507
2025-05-27 15:07:51,227 - INFO - 
🔍 Processando block volume: Banco1LinuxTSPlus25
2025-05-27 15:07:51,499 - INFO - ✅ Backup criado: BlockBackup-Banco1LinuxTSPlus25-BKPAUTCITEL-20250527-1507
2025-05-27 15:07:52,085 - INFO - 
🔍 Processando block volume: Banco1LinuxTSPlus30
2025-05-27 15:07:52,357 - INFO - ✅ Backup criado: BlockBackup-Banco1LinuxTSPlus30-BKPAUTCITEL-20250527-1507
2025-05-27 15:07:52,970 - INFO - 
🔍 Processando block volume: Banco5LinuxTSPlus10
2025-05-27 15:07:53,261 - INFO - ✅ Backup criado: BlockBackup-Banco5LinuxTSPlus10-BKPAUTCITEL-20250527-1507
2025-05-27 15:07:53,853 - INFO - 
🔍 Processando block volume: Banco2LinuxTSPlus20
2025-05-27 15:07:54,123 - INFO - ✅ Backup criado: BlockBackup-Banco2LinuxTSPlus20-BKPAUTCITEL-20250527-1507
2025-05-27 15:07:54,320 - INFO - 
🔍 Processando block volume: Banco2BR24
2025-05-27 15:07:54,623 - INFO - ✅ Backup criado: BlockBackup-Banco2BR24-BKPAUTCITEL-20250527-1507
2025-05-27 15:07:55,198 - INFO - 
🔍 Processando block volume: LinuxDataBelaTintas
2025-05-27 15:07:55,322 - WARNING - ⚠️ Tentativa 1: Limite de requisições. Aguardando 5s...
2025-05-27 15:08:02,077 - WARNING - ⚠️ Tentativa 2: Limite de requisições. Aguardando 10s...
2025-05-27 15:08:16,680 - INFO - ✅ Backup criado: BlockBackup-LinuxDataBelaTintas-BKPAUTCITEL-20250527-1507
2025-05-27 15:08:17,257 - INFO - 
🔍 Processando block volume: Bancos2_BR02
2025-05-27 15:08:17,919 - INFO - ✅ Backup criado: BlockBackup-Bancos2_BR02-BKPAUTCITEL-20250527-1508
2025-05-27 15:08:18,496 - INFO - 
🔍 Processando block volume: Bancos4_BR01
2025-05-27 15:08:18,782 - INFO - ✅ Backup criado: BlockBackup-Bancos4_BR01-BKPAUTCITEL-20250527-1508
2025-05-27 15:08:19,373 - INFO - 
🔍 Processando block volume: BKO Palacio TKT 651385
2025-05-27 15:08:19,670 - INFO - ✅ Backup criado: BlockBackup-BKO Palacio TKT 651385-BKPAUTCITEL-20250527-1508
2025-05-27 15:08:20,246 - INFO - 
🔍 Processando block volume: Bancos3_BR25
2025-05-27 15:08:20,536 - INFO - ✅ Backup criado: BlockBackup-Bancos3_BR25-BKPAUTCITEL-20250527-1508
2025-05-27 15:08:21,108 - INFO - 
🔍 Processando block volume: GeB
2025-05-27 15:08:21,233 - WARNING - ⚠️ Tentativa 1: Limite de requisições. Aguardando 5s...
2025-05-27 15:08:28,211 - INFO - ✅ Backup criado: BlockBackup-GeB-BKPAUTCITEL-20250527-1508
2025-05-27 15:08:28,790 - INFO - 
🔍 Processando block volume: Banco3_BR20
2025-05-27 15:08:28,916 - WARNING - ⚠️ Tentativa 1: Limite de requisições. Aguardando 5s...
2025-05-27 15:08:38,293 - INFO - ✅ Backup criado: BlockBackup-Banco3_BR20-BKPAUTCITEL-20250527-1508
2025-05-27 15:08:38,860 - INFO - 
🔍 Processando block volume: Banco_Darka
2025-05-27 15:08:39,191 - INFO - ✅ Backup criado: BlockBackup-Banco_Darka-BKPAUTCITEL-20250527-1508
2025-05-27 15:08:39,796 - INFO - 
🔍 Processando block volume: Banco4LinuxTSPlus20
2025-05-27 15:08:39,923 - WARNING - ⚠️ Tentativa 1: Limite de requisições. Aguardando 5s...
2025-05-27 15:08:45,915 - WARNING - ⚠️ Tentativa 2: Limite de requisições. Aguardando 10s...
2025-05-27 15:08:56,841 - WARNING - ⚠️ Tentativa 3: Limite de requisições. Aguardando 20s...
2025-05-27 15:09:22,394 - INFO - ✅ Backup criado: BlockBackup-Banco4LinuxTSPlus20-BKPAUTCITEL-20250527-1508
2025-05-27 15:09:22,966 - INFO - 
🔍 Processando block volume: BackupGeB
2025-05-27 15:09:23,242 - INFO - ✅ Backup criado: BlockBackup-BackupGeB-BKPAUTCITEL-20250527-1509
2025-05-27 15:09:23,812 - INFO - 
🔍 Processando block volume: BancoGeB
2025-05-27 15:09:24,490 - INFO - ✅ Backup criado: BlockBackup-BancoGeB-BKPAUTCITEL-20250527-1509
2025-05-27 15:09:25,063 - INFO - 
🔍 Processando block volume: Bancos5_BR1
2025-05-27 15:09:25,190 - WARNING - ⚠️ Tentativa 1: Limite de requisições. Aguardando 5s...
2025-05-27 15:09:30,751 - WARNING - ⚠️ Tentativa 2: Limite de requisições. Aguardando 10s...
2025-05-27 15:09:43,487 - INFO - ✅ Backup criado: BlockBackup-Bancos5_BR1-BKPAUTCITEL-20250527-1509
2025-05-27 15:09:44,050 - INFO - 
🔍 Processando block volume: BackupCoresVivas TKT 902822
2025-05-27 15:09:44,355 - INFO - ✅ Backup criado: BlockBackup-BackupCoresVivas TKT 902822-BKPAUTCITEL-20250527-1509
2025-05-27 15:09:44,934 - INFO - 
🔍 Processando block volume: bkpBoomerVinicius
2025-05-27 15:09:45,306 - INFO - ✅ Backup criado: BlockBackup-bkpBoomerVinicius-BKPAUTCITEL-20250527-1509
2025-05-27 15:09:45,884 - INFO - 
🔍 Processando block volume: GeB2
2025-05-27 15:09:46,009 - WARNING - ⚠️ Tentativa 1: Limite de requisições. Aguardando 5s...
2025-05-27 15:09:54,645 - WARNING - ⚠️ Tentativa 2: Limite de requisições. Aguardando 10s...
2025-05-27 15:10:09,809 - WARNING - ⚠️ Tentativa 3: Limite de requisições. Aguardando 20s...
2025-05-27 15:10:33,213 - INFO - ✅ Backup criado: BlockBackup-GeB2-BKPAUTCITEL-20250527-1509
2025-05-27 15:10:33,781 - INFO - 
🔍 Processando block volume: bkpParque1014464
2025-05-27 15:10:34,103 - INFO - ✅ Backup criado: BlockBackup-bkpParque1014464-BKPAUTCITEL-20250527-1510
2025-05-27 15:10:34,679 - INFO - 
🔍 Processando block volume: bkpPedrao1020442
2025-05-27 15:10:34,803 - WARNING - ⚠️ Tentativa 1: Limite de requisições. Aguardando 5s...
2025-05-27 15:10:43,135 - INFO - ✅ Backup criado: BlockBackup-bkpPedrao1020442-BKPAUTCITEL-20250527-1510
2025-05-27 15:10:43,720 - INFO - 
🔍 Processando block volume: Backup_BR34_1031161
2025-05-27 15:10:44,024 - INFO - ✅ Backup criado: BlockBackup-Backup_BR34_1031161-BKPAUTCITEL-20250527-1510
2025-05-27 15:10:44,596 - INFO - 
🔍 Processando block volume: GeB BancoTeste tkt 1048932
2025-05-27 15:10:44,878 - INFO - ✅ Backup criado: BlockBackup-GeB BancoTeste tkt 1048932-BKPAUTCITEL-20250527-1510
2025-05-27 15:10:45,464 - INFO - 
🔍 Processando block volume: Banco1LinuxTSPlus11_clone2904
2025-05-27 15:10:45,590 - WARNING - ⚠️ Tentativa 1: Limite de requisições. Aguardando 5s...
2025-05-27 15:10:53,949 - INFO - ✅ Backup criado: BlockBackup-Banco1LinuxTSPlus11_clone2904-BKPAUTCITEL-20250527-1510
2025-05-27 15:10:54,524 - INFO - 
🔍 Processando block volume: LinuxTSPlus11_BancoPRODJRPais_clone2904
2025-05-27 15:10:54,834 - INFO - ✅ Backup criado: BlockBackup-LinuxTSPlus11_BancoPRODJRPais_clone2904-BKPAUTCITEL-20250527-1510
2025-05-27 15:10:55,420 - INFO - 
🔍 Processando block volume: LinuxTSPlus30_Banco1LinuxTSPlus30_clone2904
2025-05-27 15:10:55,744 - INFO - ✅ Backup criado: BlockBackup-LinuxTSPlus30_Banco1LinuxTSPlus30_clone2904-BKPAUTCITEL-20250527-1510
2025-05-27 15:10:56,325 - INFO - 
🔍 Processando block volume: Banco-1-LinuxData012
2025-05-27 15:10:56,623 - INFO - ✅ Backup criado: BlockBackup-Banco-1-LinuxData012-BKPAUTCITEL-20250527-1510
2025-05-27 15:10:57,204 - INFO - 
🔍 Processando block volume: Banco2-LinuxData012
2025-05-27 15:10:57,514 - INFO - ✅ Backup criado: BlockBackup-Banco2-LinuxData012-BKPAUTCITEL-20250527-1510
2025-05-27 15:10:58,118 - INFO - 
🔍 Processando block volume: Banco3-LinuxData012
2025-05-27 15:10:58,244 - WARNING - ⚠️ Tentativa 1: Limite de requisições. Aguardando 5s...
2025-05-27 15:11:05,986 - WARNING - ⚠️ Tentativa 2: Limite de requisições. Aguardando 10s...
2025-05-27 15:11:17,859 - INFO - ✅ Backup criado: BlockBackup-Banco3-LinuxData012-BKPAUTCITEL-20250527-1510
2025-05-27 15:11:18,452 - INFO - 
🔍 Processando block volume: LinuxTSPlus55_Banco1BR55_clone2904
2025-05-27 15:11:18,577 - WARNING - ⚠️ Tentativa 1: Limite de requisições. Aguardando 5s...
2025-05-27 15:11:25,716 - INFO - ✅ Backup criado: BlockBackup-LinuxTSPlus55_Banco1BR55_clone2904-BKPAUTCITEL-20250527-1511
2025-05-27 15:11:25,923 - INFO - 
🔍 Processando block volume: LinuxTSPlus55_Banco3BR55_clone2904
2025-05-27 15:11:26,211 - INFO - ✅ Backup criado: BlockBackup-LinuxTSPlus55_Banco3BR55_clone2904-BKPAUTCITEL-20250527-1511
2025-05-27 15:11:26,779 - INFO - 
🔍 Processando block volume: LinuxTSPlus65_Banco1LinuxTSPLUS65_clone2904
2025-05-27 15:11:27,053 - INFO - ✅ Backup criado: BlockBackup-LinuxTSPlus65_Banco1LinuxTSPLUS65_clone2904-BKPAUTCITEL-20250527-1511
2025-05-27 15:11:27,633 - INFO - 
🔍 Processando block volume: LinuxTSPlus65_Banco2LinuxTSPLUS65_clone2904
2025-05-27 15:11:27,928 - INFO - ✅ Backup criado: BlockBackup-LinuxTSPlus65_Banco2LinuxTSPLUS65_clone2904-BKPAUTCITEL-20250527-1511
2025-05-27 15:11:28,507 - INFO - 
🔍 Processando block volume: LinuxTSPlus65_Banco3LinuxTSPLUS65_clone2904
2025-05-27 15:11:28,800 - INFO - ✅ Backup criado: BlockBackup-LinuxTSPlus65_Banco3LinuxTSPLUS65_clone2904-BKPAUTCITEL-20250527-1511
2025-05-27 15:11:29,373 - INFO - 
🔍 Processando block volume: LinuxTSPlus65_BinariosLinuxTSPLUS65_clone2904
2025-05-27 15:11:29,662 - INFO - ✅ Backup criado: BlockBackup-LinuxTSPlus65_BinariosLinuxTSPLUS65_clone2904-BKPAUTCITEL-20250527-1511
2025-05-27 15:11:30,237 - INFO - 
🔍 Processando block volume: LinuxTSPlus28_Banco2LinuxTSPlus28_clone2904
2025-05-27 15:11:30,512 - INFO - ✅ Backup criado: BlockBackup-LinuxTSPlus28_Banco2LinuxTSPlus28_clone2904-BKPAUTCITEL-20250527-1511
2025-05-27 15:11:31,111 - INFO - 
🔍 Processando block volume: LinuxTSPlus28_bancos3_BR28_clone2904
2025-05-27 15:11:31,413 - INFO - ✅ Backup criado: BlockBackup-LinuxTSPlus28_bancos3_BR28_clone2904-BKPAUTCITEL-20250527-1511
2025-05-27 15:11:31,988 - INFO - 
🔍 Processando block volume: LinuxTSPlus29_Banco1LinuxTSPlus29_clone2904
2025-05-27 15:11:32,113 - WARNING - ⚠️ Tentativa 1: Limite de requisições. Aguardando 5s...
2025-05-27 15:11:40,182 - INFO - ✅ Backup criado: BlockBackup-LinuxTSPlus29_Banco1LinuxTSPlus29_clone2904-BKPAUTCITEL-20250527-1511
2025-05-27 15:11:40,775 - INFO - 
🔍 Processando block volume: LinuxTSPlus29_Bancos2_BR29_clone2904
2025-05-27 15:11:41,072 - INFO - ✅ Backup criado: BlockBackup-LinuxTSPlus29_Bancos2_BR29_clone2904-BKPAUTCITEL-20250527-1511
2025-05-27 15:11:41,644 - INFO - 
🔍 Processando block volume: LinuxTSPlus29_Bancos3_BR29_clone2904
2025-05-27 15:11:41,769 - WARNING - ⚠️ Tentativa 1: Limite de requisições. Aguardando 5s...
2025-05-27 15:11:51,021 - WARNING - ⚠️ Tentativa 2: Limite de requisições. Aguardando 10s...
2025-05-27 15:12:03,278 - INFO - ✅ Backup criado: BlockBackup-LinuxTSPlus29_Bancos3_BR29_clone2904-BKPAUTCITEL-20250527-1511
2025-05-27 15:12:03,854 - INFO - 
🔍 Processando block volume: LinuxTSPlus72_Banco2BR_72_clone2904
2025-05-27 15:12:04,249 - INFO - ✅ Backup criado: BlockBackup-LinuxTSPlus72_Banco2BR_72_clone2904-BKPAUTCITEL-20250527-1512
2025-05-27 15:12:04,835 - INFO - 
🔍 Processando block volume: LinuxTSPlus72_BancoBR_clone2904
2025-05-27 15:12:05,121 - INFO - ✅ Backup criado: BlockBackup-LinuxTSPlus72_BancoBR_clone2904-BKPAUTCITEL-20250527-1512
2025-05-27 15:12:05,700 - INFO - 
🔍 Processando block volume: LinuxTSPlus43_Banco1LinuxTSPLUS43_clone2904
2025-05-27 15:12:05,824 - WARNING - ⚠️ Tentativa 1: Limite de requisições. Aguardando 5s...
2025-05-27 15:12:11,364 - WARNING - ⚠️ Tentativa 2: Limite de requisições. Aguardando 10s...
2025-05-27 15:12:24,568 - INFO - ✅ Backup criado: BlockBackup-LinuxTSPlus43_Banco1LinuxTSPLUS43_clone2904-BKPAUTCITEL-20250527-1512
2025-05-27 15:12:25,154 - INFO - 
🔍 Processando block volume: LinuxTSPlus43_HD4-LinuxDBA_clone2904
2025-05-27 15:12:25,455 - INFO - ✅ Backup criado: BlockBackup-LinuxTSPlus43_HD4-LinuxDBA_clone2904-BKPAUTCITEL-20250527-1512
2025-05-27 15:12:26,049 - INFO - 
🔍 Processando block volume: LinuxTSPlus50_Banco1LinuxTSPlus50_clone2904
2025-05-27 15:12:26,334 - INFO - ✅ Backup criado: BlockBackup-LinuxTSPlus50_Banco1LinuxTSPlus50_clone2904-BKPAUTCITEL-20250527-1512
2025-05-27 15:12:26,931 - INFO - 
🔍 Processando block volume: LinuxTSPlus37_Banco1LinuxTSPLUS37_clone2904
2025-05-27 15:12:27,240 - INFO - ✅ Backup criado: BlockBackup-LinuxTSPlus37_Banco1LinuxTSPLUS37_clone2904-BKPAUTCITEL-20250527-1512
2025-05-27 15:12:27,857 - INFO - 
🔍 Processando block volume: LinuxTSPlus37_Banco2LinuxTSPLUS37_clone2904
2025-05-27 15:12:28,226 - INFO - ✅ Backup criado: BlockBackup-LinuxTSPlus37_Banco2LinuxTSPLUS37_clone2904-BKPAUTCITEL-20250527-1512
2025-05-27 15:12:28,802 - INFO - 
🔍 Processando block volume: LinuxTSPlus40_Banco1
2025-05-27 15:12:29,074 - INFO - ✅ Backup criado: BlockBackup-LinuxTSPlus40_Banco1-BKPAUTCITEL-20250527-1512
2025-05-27 15:12:29,667 - INFO - 
🔍 Processando block volume: LinuxTSPlus32_Banco1LinuxTSPLUS32_clone2904
2025-05-27 15:12:29,792 - WARNING - ⚠️ Tentativa 1: Limite de requisições. Aguardando 5s...
2025-05-27 15:12:39,004 - WARNING - ⚠️ Tentativa 2: Limite de requisições. Aguardando 10s...
2025-05-27 15:12:50,605 - INFO - ✅ Backup criado: BlockBackup-LinuxTSPlus32_Banco1LinuxTSPLUS32_clone2904-BKPAUTCITEL-20250527-1512
2025-05-27 15:12:51,200 - INFO - 
🔍 Processando block volume: LinuxTSPlus32_Banco2LinuxTSPLUS32_clone2904
2025-05-27 15:12:51,521 - INFO - ✅ Backup criado: BlockBackup-LinuxTSPlus32_Banco2LinuxTSPLUS32_clone2904-BKPAUTCITEL-20250527-1512
2025-05-27 15:12:52,093 - INFO - 
🔍 Processando block volume: Banco2-LinuxData013
2025-05-27 15:12:52,217 - WARNING - ⚠️ Tentativa 1: Limite de requisições. Aguardando 5s...
2025-05-27 15:12:58,165 - INFO - ✅ Backup criado: BlockBackup-Banco2-LinuxData013-BKPAUTCITEL-20250527-1512
2025-05-27 15:12:58,744 - INFO - 
🔍 Processando block volume: Banco3-LinuxData013
2025-05-27 15:12:59,039 - INFO - ✅ Backup criado: BlockBackup-Banco3-LinuxData013-BKPAUTCITEL-20250527-1512
2025-05-27 15:12:59,610 - INFO - 
🔍 Processando block volume: Banco1-LinuxData013
2025-05-27 15:12:59,894 - INFO - ✅ Backup criado: BlockBackup-Banco1-LinuxData013-BKPAUTCITEL-20250527-1512
2025-05-27 15:13:00,474 - INFO - 
🔍 Processando block volume: LinuxTSPlus14_BackupCoresVivas TKT 902822_clone2904
2025-05-27 15:13:00,599 - WARNING - ⚠️ Tentativa 1: Limite de requisições. Aguardando 5s...
2025-05-27 15:13:11,264 - INFO - ✅ Backup criado: BlockBackup-LinuxTSPlus14_BackupCoresVivas TKT 902822_clone2904-BKPAUTCITEL-20250527-1513
2025-05-27 15:13:11,833 - INFO - 
🔍 Processando block volume: LinuxTSPlus14_Banco2LinuxTSPlus14_clone2904
2025-05-27 15:13:11,958 - WARNING - ⚠️ Tentativa 1: Limite de requisições. Aguardando 5s...
2025-05-27 15:13:20,869 - WARNING - ⚠️ Tentativa 2: Limite de requisições. Aguardando 10s...
2025-05-27 15:13:34,827 - INFO - ✅ Backup criado: BlockBackup-LinuxTSPlus14_Banco2LinuxTSPlus14_clone2904-BKPAUTCITEL-20250527-1513
2025-05-27 15:13:35,402 - INFO - 
🔍 Processando block volume: LinuxTSPlus9-Banco1LinuxTSPlus9-clone2904
2025-05-27 15:13:35,727 - INFO - ✅ Backup criado: BlockBackup-LinuxTSPlus9-Banco1LinuxTSPlus9-clone2904-BKPAUTCITEL-20250527-1513
2025-05-27 15:13:36,297 - INFO - 
🔍 Processando block volume: LinuxTSPlus9-Banco3LinuxTSPlus9-clone2904
2025-05-27 15:13:36,590 - INFO - ✅ Backup criado: BlockBackup-LinuxTSPlus9-Banco3LinuxTSPlus9-clone2904-BKPAUTCITEL-20250527-1513
2025-05-27 15:13:37,202 - INFO - 
🔍 Processando block volume: LinuxTSPlus14_BancoUbertintasTSPlus14_clone2904
2025-05-27 15:13:37,485 - INFO - ✅ Backup criado: BlockBackup-LinuxTSPlus14_BancoUbertintasTSPlus14_clone2904-BKPAUTCITEL-20250527-1513
2025-05-27 15:13:38,064 - INFO - 
🔍 Processando block volume: LinuxTSPlus9-Bancos4_BR9-clone2904
2025-05-27 15:13:38,363 - INFO - ✅ Backup criado: BlockBackup-LinuxTSPlus9-Bancos4_BR9-clone2904-BKPAUTCITEL-20250527-1513
2025-05-27 15:13:38,938 - INFO - 
🔍 Processando block volume: LinuxTSPlus8-Banco1LinuxTSPlus8-clone2904
2025-05-27 15:13:39,223 - INFO - ✅ Backup criado: BlockBackup-LinuxTSPlus8-Banco1LinuxTSPlus8-clone2904-BKPAUTCITEL-20250527-1513
2025-05-27 15:13:39,812 - INFO - 
🔍 Processando block volume: LinuxTSPlus8-Banco3LinuxTSPlus8-clone2904
2025-05-27 15:13:40,084 - INFO - ✅ Backup criado: BlockBackup-LinuxTSPlus8-Banco3LinuxTSPlus8-clone2904-BKPAUTCITEL-20250527-1513
2025-05-27 15:13:40,648 - INFO - 
🔍 Processando block volume: LinuxTSPlus16_Banco1LinuxTSPlus16_clone2904
2025-05-27 15:13:40,917 - INFO - ✅ Backup criado: BlockBackup-LinuxTSPlus16_Banco1LinuxTSPlus16_clone2904-BKPAUTCITEL-20250527-1513
2025-05-27 15:13:41,510 - INFO - 
🔍 Processando block volume: LinuxTSPlus16_Banco2LinuxTSPlus16_clone2904
2025-05-27 15:13:41,635 - WARNING - ⚠️ Tentativa 1: Limite de requisições. Aguardando 5s...
2025-05-27 15:13:47,446 - WARNING - ⚠️ Tentativa 2: Limite de requisições. Aguardando 10s...
2025-05-27 15:14:02,056 - INFO - ✅ Backup criado: BlockBackup-LinuxTSPlus16_Banco2LinuxTSPlus16_clone2904-BKPAUTCITEL-20250527-1513
2025-05-27 15:14:02,637 - INFO - 
🔍 Processando block volume: LinuxTSPlus7-Banco2LinuxTSPlus7-block-clone2904
2025-05-27 15:14:02,762 - WARNING - ⚠️ Tentativa 1: Limite de requisições. Aguardando 5s...
2025-05-27 15:14:10,734 - WARNING - ⚠️ Tentativa 2: Limite de requisições. Aguardando 10s...
2025-05-27 15:14:24,393 - INFO - ✅ Backup criado: BlockBackup-LinuxTSPlus7-Banco2LinuxTSPlus7-block-clone2904-BKPAUTCITEL-20250527-1514
2025-05-27 15:14:24,961 - INFO - 
🔍 Processando block volume: LinuxTSPlus7-Banco3LinuxTSPlus7-block-clone2904
2025-05-27 15:14:25,087 - WARNING - ⚠️ Tentativa 1: Limite de requisições. Aguardando 5s...
2025-05-27 15:14:35,024 - INFO - ✅ Backup criado: BlockBackup-LinuxTSPlus7-Banco3LinuxTSPlus7-block-clone2904-BKPAUTCITEL-20250527-1514
2025-05-27 15:14:35,597 - INFO - 
🔍 Processando block volume: LinuxTSPlus7-Banco3_BR7-block-clone2904
2025-05-27 15:14:35,721 - WARNING - ⚠️ Tentativa 1: Limite de requisições. Aguardando 5s...
2025-05-27 15:14:41,885 - WARNING - ⚠️ Tentativa 2: Limite de requisições. Aguardando 10s...
2025-05-27 15:14:53,583 - INFO - ✅ Backup criado: BlockBackup-LinuxTSPlus7-Banco3_BR7-block-clone2904-BKPAUTCITEL-20250527-1514
2025-05-27 15:14:54,188 - INFO - 
🔍 Processando block volume: LinuxTSPlus17_Banco2LinuxTSPlus17_clone2904
2025-05-27 15:14:54,477 - INFO - ✅ Backup criado: BlockBackup-LinuxTSPlus17_Banco2LinuxTSPlus17_clone2904-BKPAUTCITEL-20250527-1514
2025-05-27 15:14:55,070 - INFO - 
🔍 Processando block volume: LinuxTSPlus17_BancoPRODBelaTintas_clone2904
2025-05-27 15:14:55,196 - WARNING - ⚠️ Tentativa 1: Limite de requisições. Aguardando 5s...
2025-05-27 15:15:05,542 - WARNING - ⚠️ Tentativa 2: Limite de requisições. Aguardando 10s...
2025-05-27 15:15:20,424 - INFO - ✅ Backup criado: BlockBackup-LinuxTSPlus17_BancoPRODBelaTintas_clone2904-BKPAUTCITEL-20250527-1514
2025-05-27 15:15:21,014 - INFO - 
🔍 Processando block volume: LinuxTSPlus17_HD5-LinuxDBAs_clone2904
2025-05-27 15:15:21,324 - INFO - ✅ Backup criado: BlockBackup-LinuxTSPlus17_HD5-LinuxDBAs_clone2904-BKPAUTCITEL-20250527-1515
2025-05-27 15:15:21,888 - INFO - 
🔍 Processando block volume: LinuxTSPlus6-Banco3LinuxTSPlus6-block-clone2904
2025-05-27 15:15:22,351 - INFO - ✅ Backup criado: BlockBackup-LinuxTSPlus6-Banco3LinuxTSPlus6-block-clone2904-BKPAUTCITEL-20250527-1515
2025-05-27 15:15:22,923 - INFO - 
🔍 Processando block volume: LinuxTSPlus6-Banco4LinuxTSPlus6-block-clone2904
2025-05-27 15:15:23,257 - INFO - ✅ Backup criado: BlockBackup-LinuxTSPlus6-Banco4LinuxTSPlus6-block-clone2904-BKPAUTCITEL-20250527-1515
2025-05-27 15:15:23,847 - INFO - 
🔍 Processando block volume: LinuxTSPlus18-Banco1LinuxTSPlus18-block-2904
2025-05-27 15:15:24,239 - INFO - ✅ Backup criado: BlockBackup-LinuxTSPlus18-Banco1LinuxTSPlus18-block-2904-BKPAUTCITEL-20250527-1515
2025-05-27 15:15:24,820 - INFO - 
🔍 Processando block volume: LinuxTSPlus18-Banco2LinuxTSPlus18-block-2904
2025-05-27 15:15:25,116 - INFO - ✅ Backup criado: BlockBackup-LinuxTSPlus18-Banco2LinuxTSPlus18-block-2904-BKPAUTCITEL-20250527-1515
2025-05-27 15:15:25,696 - INFO - 
🔍 Processando block volume: LinuxTSPlus18-Bancos4_BR18-block-2904
2025-05-27 15:15:25,821 - WARNING - ⚠️ Tentativa 1: Limite de requisições. Aguardando 5s...
2025-05-27 15:15:33,575 - INFO - ✅ Backup criado: BlockBackup-LinuxTSPlus18-Bancos4_BR18-block-2904-BKPAUTCITEL-20250527-1515
2025-05-27 15:15:34,146 - INFO - 
🔍 Processando block volume: LinuxTsplus59-Banco2Linux59-block-clone2904
2025-05-27 15:15:34,271 - WARNING - ⚠️ Tentativa 1: Limite de requisições. Aguardando 5s...
2025-05-27 15:15:44,376 - WARNING - ⚠️ Tentativa 2: Limite de requisições. Aguardando 10s...
2025-05-27 15:15:55,581 - INFO - ✅ Backup criado: BlockBackup-LinuxTsplus59-Banco2Linux59-block-clone2904-BKPAUTCITEL-20250527-1515
2025-05-27 15:15:56,151 - INFO - 
🔍 Processando block volume: LinuxTsplus59-BancoLinux59-block-clone2904
2025-05-27 15:15:56,413 - INFO - ✅ Backup criado: BlockBackup-LinuxTsplus59-BancoLinux59-block-clone2904-BKPAUTCITEL-20250527-1515
2025-05-27 15:15:56,987 - INFO - 
🔍 Processando block volume: LinuxTSPlus19_Banco1LinuxTSPlus19_clone2904
2025-05-27 15:15:57,266 - INFO - ✅ Backup criado: BlockBackup-LinuxTSPlus19_Banco1LinuxTSPlus19_clone2904-BKPAUTCITEL-20250527-1515
2025-05-27 15:15:57,856 - INFO - 
🔍 Processando block volume: LinuxTSPlus19_Banco3LinuxTSPlus19_clone2904
2025-05-27 15:15:58,357 - INFO - ✅ Backup criado: BlockBackup-LinuxTSPlus19_Banco3LinuxTSPlus19_clone2904-BKPAUTCITEL-20250527-1515
2025-05-27 15:15:58,931 - INFO - 
🔍 Processando block volume: LinuxTSPlus20_Banco1LinuxTSPlus20_clone2904
2025-05-27 15:15:59,055 - WARNING - ⚠️ Tentativa 1: Limite de requisições. Aguardando 5s...
2025-05-27 15:16:08,840 - INFO - ✅ Backup criado: BlockBackup-LinuxTSPlus20_Banco1LinuxTSPlus20_clone2904-BKPAUTCITEL-20250527-1515
2025-05-27 15:16:09,425 - INFO - 
🔍 Processando block volume: LinuxTSPlus20_Banco2LinuxTSPlus20_clone2904
2025-05-27 15:16:09,720 - INFO - ✅ Backup criado: BlockBackup-LinuxTSPlus20_Banco2LinuxTSPlus20_clone2904-BKPAUTCITEL-20250527-1516
2025-05-27 15:16:10,290 - INFO - 
🔍 Processando block volume: LinuxTSPlus20_Banco3_BR20_clone2904
2025-05-27 15:16:10,585 - INFO - ✅ Backup criado: BlockBackup-LinuxTSPlus20_Banco3_BR20_clone2904-BKPAUTCITEL-20250527-1516
2025-05-27 15:16:11,161 - INFO - 
🔍 Processando block volume: LinuxTSPlus20_Banco4LinuxTSPlus20_clone2904
2025-05-27 15:16:11,286 - WARNING - ⚠️ Tentativa 1: Limite de requisições. Aguardando 5s...
2025-05-27 15:16:17,352 - WARNING - ⚠️ Tentativa 2: Limite de requisições. Aguardando 10s...
2025-05-27 15:16:30,677 - INFO - ✅ Backup criado: BlockBackup-LinuxTSPlus20_Banco4LinuxTSPlus20_clone2904-BKPAUTCITEL-20250527-1516
2025-05-27 15:16:31,263 - INFO - 
🔍 Processando block volume: LinuxTSPlus5-Banco3LinuxBR5-block-clone2904
2025-05-27 15:16:31,549 - INFO - ✅ Backup criado: BlockBackup-LinuxTSPlus5-Banco3LinuxBR5-block-clone2904-BKPAUTCITEL-20250527-1516
2025-05-27 15:16:32,118 - INFO - 
🔍 Processando block volume: LinuxTSPlus5-Banco2LinuxBR5-block-clone2904
2025-05-27 15:16:32,419 - INFO - ✅ Backup criado: BlockBackup-LinuxTSPlus5-Banco2LinuxBR5-block-clone2904-BKPAUTCITEL-20250527-1516
2025-05-27 15:16:33,228 - INFO - 
🔍 Processando block volume: Banco1-LinuxData004
2025-05-27 15:16:33,608 - INFO - ✅ Backup criado: BlockBackup-Banco1-LinuxData004-BKPAUTCITEL-20250527-1516
2025-05-27 15:16:34,276 - INFO - 
🔍 Processando block volume: Banco2-LinuxData004
2025-05-27 15:16:34,580 - INFO - ✅ Backup criado: BlockBackup-Banco2-LinuxData004-BKPAUTCITEL-20250527-1516
2025-05-27 15:16:35,166 - INFO - 
🔍 Processando block volume: Banco3-LinuxData004
2025-05-27 15:16:35,471 - INFO - ✅ Backup criado: BlockBackup-Banco3-LinuxData004-BKPAUTCITEL-20250527-1516
2025-05-27 15:16:36,049 - INFO - 
🔍 Processando block volume: LinuxTSPlus48-block-Restore
2025-05-27 15:16:36,178 - WARNING - ⚠️ Tentativa 1: Limite de requisições. Aguardando 5s...
2025-05-27 15:16:43,500 - WARNING - ⚠️ Tentativa 2: Limite de requisições. Aguardando 10s...
2025-05-27 15:16:55,570 - INFO - ✅ Backup criado: BlockBackup-LinuxTSPlus48-block-Restore-BKPAUTCITEL-20250527-1516
2025-05-27 15:16:56,152 - INFO - 
🔍 Processando block volume: LinuxData007-Banco4
2025-05-27 15:16:56,419 - INFO - ✅ Backup criado: BlockBackup-LinuxData007-Banco4-BKPAUTCITEL-20250527-1516
2025-05-27 15:16:56,987 - INFO - 
🔍 Processando block volume: Banco2LinuxBR21-Restore
2025-05-27 15:16:57,111 - WARNING - ⚠️ Tentativa 1: Limite de requisições. Aguardando 5s...
2025-05-27 15:17:02,976 - INFO - ✅ Backup criado: BlockBackup-Banco2LinuxBR21-Restore-BKPAUTCITEL-20250527-1516
2025-05-27 15:17:03,581 - INFO - 
🔍 Processando block volume: LinuxTSPlus41-block-Restore
2025-05-27 15:17:03,882 - INFO - ✅ Backup criado: BlockBackup-LinuxTSPlus41-block-Restore-BKPAUTCITEL-20250527-1517
2025-05-27 15:17:04,480 - INFO - 
🔍 Processando block volume: Banco1LinuxTSPlus26-Restore
2025-05-27 15:17:04,761 - INFO - ✅ Backup criado: BlockBackup-Banco1LinuxTSPlus26-Restore-BKPAUTCITEL-20250527-1517
2025-05-27 15:17:05,332 - INFO - 
🔍 Processando block volume: LinuxTSPlus36-block-Restore
2025-05-27 15:17:05,457 - WARNING - ⚠️ Tentativa 1: Limite de requisições. Aguardando 5s...
2025-05-27 15:17:11,240 - INFO - ✅ Backup criado: BlockBackup-LinuxTSPlus36-block-Restore-BKPAUTCITEL-20250527-1517
2025-05-27 15:17:11,840 - INFO - 
🔍 Processando block volume: LinuxTSPlus34-Bancos3_BR34-backup-Restore
2025-05-27 15:17:12,172 - INFO - ✅ Backup criado: BlockBackup-LinuxTSPlus34-Bancos3_BR34-backup-Restore-BKPAUTCITEL-20250527-1517
2025-05-27 15:17:12,776 - INFO - 
🔍 Processando block volume: LinuxTSPlus34-Bancos2_BR34-backup-Restore
2025-05-27 15:17:12,902 - WARNING - ⚠️ Tentativa 1: Limite de requisições. Aguardando 5s...
2025-05-27 15:17:23,323 - INFO - ✅ Backup criado: BlockBackup-LinuxTSPlus34-Bancos2_BR34-backup-Restore-BKPAUTCITEL-20250527-1517
2025-05-27 15:17:23,897 - INFO - 
🔍 Processando block volume: Banco1LinuxTSPLUS33-Restore
2025-05-27 15:17:24,160 - INFO - ✅ Backup criado: BlockBackup-Banco1LinuxTSPLUS33-Restore-BKPAUTCITEL-20250527-1517
2025-05-27 15:17:24,744 - INFO - 
🔍 Processando block volume: Banco2BR33-Restore
2025-05-27 15:17:25,024 - INFO - ✅ Backup criado: BlockBackup-Banco2BR33-Restore-BKPAUTCITEL-20250527-1517
2025-05-27 15:17:25,596 - INFO - 
🔍 Processando block volume: LinuxTSPlus34-Banco1LinuxTSPLUS34-backup-Restore
2025-05-27 15:17:25,871 - INFO - ✅ Backup criado: BlockBackup-LinuxTSPlus34-Banco1LinuxTSPLUS34-backup-Restore-BKPAUTCITEL-20250527-1517
2025-05-27 15:17:26,456 - INFO - 
🔍 Processando block volume: LinuxTSPlus1-Restore1
2025-05-27 15:17:26,581 - WARNING - ⚠️ Tentativa 1: Limite de requisições. Aguardando 5s...
2025-05-27 15:17:32,269 - INFO - ✅ Backup criado: BlockBackup-LinuxTSPlus1-Restore1-BKPAUTCITEL-20250527-1517
2025-05-27 15:17:32,848 - INFO - 
🔍 Processando block volume: Bancos5_BR1-Restore2
2025-05-27 15:17:33,139 - INFO - ✅ Backup criado: BlockBackup-Bancos5_BR1-Restore2-BKPAUTCITEL-20250527-1517
2025-05-27 15:17:33,723 - INFO - 
🔍 Processando block volume: Bancos4_BR01-Restore3
2025-05-27 15:17:33,848 - WARNING - ⚠️ Tentativa 1: Limite de requisições. Aguardando 5s...
2025-05-27 15:17:43,435 - WARNING - ⚠️ Tentativa 2: Limite de requisições. Aguardando 10s...
2025-05-27 15:17:57,738 - INFO - ✅ Backup criado: BlockBackup-Bancos4_BR01-Restore3-BKPAUTCITEL-20250527-1517
2025-05-27 15:17:58,316 - INFO - 
🔍 Processando block volume: Banco3LinuxTSPlus1-Restore4
2025-05-27 15:17:58,441 - WARNING - ⚠️ Tentativa 1: Limite de requisições. Aguardando 5s...
2025-05-27 15:18:06,801 - WARNING - ⚠️ Tentativa 2: Limite de requisições. Aguardando 10s...
2025-05-27 15:18:17,602 - INFO - ✅ Backup criado: BlockBackup-Banco3LinuxTSPlus1-Restore4-BKPAUTCITEL-20250527-1517
2025-05-27 15:18:18,204 - INFO - 
🔍 Processando block volume: Banco1LinuxTSPlus24-Restore
2025-05-27 15:18:18,508 - INFO - ✅ Backup criado: BlockBackup-Banco1LinuxTSPlus24-Restore-BKPAUTCITEL-20250527-1518
2025-05-27 15:18:19,086 - INFO - 
🔍 Processando block volume: Banco1LinuxTSPlus22-Restore
2025-05-27 15:18:19,210 - WARNING - ⚠️ Tentativa 1: Limite de requisições. Aguardando 5s...
2025-05-27 15:18:28,532 - INFO - ✅ Backup criado: BlockBackup-Banco1LinuxTSPlus22-Restore-BKPAUTCITEL-20250527-1518
2025-05-27 15:18:29,102 - INFO - 
🔍 Processando block volume: Banco3LinuxTSPlus22-Restore
2025-05-27 15:18:29,415 - INFO - ✅ Backup criado: BlockBackup-Banco3LinuxTSPlus22-Restore-BKPAUTCITEL-20250527-1518
2025-05-27 15:18:29,986 - INFO - 
🔍 Processando block volume: Banco2LinuxTSPlus22-Restore
2025-05-27 15:18:30,261 - INFO - ✅ Backup criado: BlockBackup-Banco2LinuxTSPlus22-Restore-BKPAUTCITEL-20250527-1518
2025-05-27 15:18:30,859 - INFO - 
🔍 Processando block volume: LinuxData010-PalacioTKT651385
2025-05-27 15:18:31,165 - INFO - ✅ Backup criado: BlockBackup-LinuxData010-PalacioTKT651385-BKPAUTCITEL-20250527-1518
2025-05-27 15:18:31,744 - INFO - 
🔍 Processando block volume: LinuxData010-Banco4
2025-05-27 15:18:32,058 - INFO - ✅ Backup criado: BlockBackup-LinuxData010-Banco4-BKPAUTCITEL-20250527-1518
2025-05-27 15:18:32,650 - INFO - 
🔍 Processando block volume: LinuxData010-Banco5
2025-05-27 15:18:32,944 - INFO - ✅ Backup criado: BlockBackup-LinuxData010-Banco5-BKPAUTCITEL-20250527-1518
2025-05-27 15:18:33,534 - INFO - 
🔍 Processando block volume: LinuxData010-GeB
2025-05-27 15:18:33,826 - INFO - ✅ Backup criado: BlockBackup-LinuxData010-GeB-BKPAUTCITEL-20250527-1518
2025-05-27 15:18:34,394 - INFO - 
🔍 Processando block volume: LinuxData020-Banco3_BR20
2025-05-27 15:18:34,669 - INFO - ✅ Backup criado: BlockBackup-LinuxData020-Banco3_BR20-BKPAUTCITEL-20250527-1518
2025-05-27 15:18:35,246 - INFO - 
🔍 Processando block volume: Banco3_BR20-RESTORE_FILES
2025-05-27 15:18:35,525 - INFO - ✅ Backup criado: BlockBackup-Banco3_BR20-RESTORE_FILES-BKPAUTCITEL-20250527-1518
2025-05-27 15:18:36,109 - INFO - 
🔍 Processando block volume: LinuxData030_clone06052025
2025-05-27 15:18:36,235 - WARNING - ⚠️ Tentativa 1: Limite de requisições. Aguardando 5s...
2025-05-27 15:18:46,017 - WARNING - ⚠️ Tentativa 2: Limite de requisições. Aguardando 10s...
2025-05-27 15:19:00,657 - WARNING - ⚠️ Tentativa 3: Limite de requisições. Aguardando 20s...
2025-05-27 15:19:25,342 - INFO - ✅ Backup criado: BlockBackup-LinuxData030_clone06052025-BKPAUTCITEL-20250527-1518
2025-05-27 15:19:25,928 - INFO - 
🔍 Processando block volume: Restore_Teste_Bancos3_BR20
2025-05-27 15:19:26,233 - INFO - ✅ Backup criado: BlockBackup-Restore_Teste_Bancos3_BR20-BKPAUTCITEL-20250527-1519
2025-05-27 15:19:26,820 - INFO - 
🔍 Processando block volume: Restore Banco ComercialCarvalho
2025-05-27 15:19:27,099 - INFO - ✅ Backup criado: BlockBackup-Restore Banco ComercialCarvalho-BKPAUTCITEL-20250527-1519
2025-05-27 15:19:27,678 - INFO - 
🔍 Processando block volume: Restore Banco Fluzao
2025-05-27 15:19:27,939 - INFO - ✅ Backup criado: BlockBackup-Restore Banco Fluzao-BKPAUTCITEL-20250527-1519
2025-05-27 15:19:28,509 - INFO - 
🔍 Processando block volume: Restore Banco Suprema
2025-05-27 15:19:28,850 - INFO - ✅ Backup criado: BlockBackup-Restore Banco Suprema-BKPAUTCITEL-20250527-1519
2025-05-27 15:19:29,424 - INFO - 
🔍 Processando block volume: BKP Fluzao Prudente
2025-05-27 15:19:29,754 - INFO - ✅ Backup criado: BlockBackup-BKP Fluzao Prudente-BKPAUTCITEL-20250527-1519
2025-05-27 15:19:30,332 - INFO - 
🔍 Processando block volume: LINUXDATA020-BANCO3-Testerecovery-14-05-2025
2025-05-27 15:19:30,614 - INFO - ✅ Backup criado: BlockBackup-LINUXDATA020-BANCO3-Testerecovery-14-05-2025-BKPAUTCITEL-20250527-1519
2025-05-27 15:19:31,643 - INFO - 
🔍 Processando block volume: Restore Banco BI Royal
2025-05-27 15:19:31,955 - INFO - ✅ Backup criado: BlockBackup-Restore Banco BI Royal-BKPAUTCITEL-20250527-1519
2025-05-27 15:19:32,531 - INFO - 
🔍 Processando block volume: Restore Banco BI Piso e Cia 
2025-05-27 15:19:32,859 - INFO - ✅ Backup criado: BlockBackup-Restore Banco BI Piso e Cia -BKPAUTCITEL-20250527-1519
2025-05-27 15:19:33,430 - INFO - 
🔍 Processando block volume: Restore Banco BI MaxVinil
2025-05-27 15:19:33,555 - WARNING - ⚠️ Tentativa 1: Limite de requisições. Aguardando 5s...
2025-05-27 15:19:43,298 - WARNING - ⚠️ Tentativa 2: Limite de requisições. Aguardando 10s...
2025-05-27 15:19:58,804 - INFO - ✅ Backup criado: BlockBackup-Restore Banco BI MaxVinil-BKPAUTCITEL-20250527-1519
2025-05-27 15:19:59,381 - INFO - 
🔍 Processando block volume: Restore Banco BI Vermat
2025-05-27 15:19:59,658 - INFO - ✅ Backup criado: BlockBackup-Restore Banco BI Vermat-BKPAUTCITEL-20250527-1519
2025-05-27 15:20:00,238 - INFO - 
🔍 Processando block volume: Restore Banco BI Perin
2025-05-27 15:20:00,519 - INFO - ✅ Backup criado: BlockBackup-Restore Banco BI Perin-BKPAUTCITEL-20250527-1520
2025-05-27 15:20:01,098 - INFO - 
🔍 Processando block volume: Restore Banco BI AtacadaoPT
2025-05-27 15:20:01,363 - INFO - ✅ Backup criado: BlockBackup-Restore Banco BI AtacadaoPT-BKPAUTCITEL-20250527-1520
2025-05-27 15:20:01,995 - INFO - 
🔍 Processando block volume: Restore Banco BI Agrocac
2025-05-27 15:20:02,273 - INFO - ✅ Backup criado: BlockBackup-Restore Banco BI Agrocac-BKPAUTCITEL-20250527-1520
2025-05-27 15:20:02,849 - INFO - 
🔍 Processando block volume: Restore Banco BI PadraoPVC
2025-05-27 15:20:03,133 - INFO - ✅ Backup criado: BlockBackup-Restore Banco BI PadraoPVC-BKPAUTCITEL-20250527-1520
2025-05-27 15:20:03,717 - INFO - 
🔍 Processando block volume: Restore Banco BI Rezende
2025-05-27 15:20:03,850 - WARNING - ⚠️ Tentativa 1: Limite de requisições. Aguardando 5s...
2025-05-27 15:20:13,916 - WARNING - ⚠️ Tentativa 2: Limite de requisições. Aguardando 10s...
2025-05-27 15:20:28,490 - INFO - ✅ Backup criado: BlockBackup-Restore Banco BI Rezende-BKPAUTCITEL-20250527-1520
2025-05-27 15:20:29,084 - INFO - 
🔍 Processando block volume: Restore Banco BI MadMapa
2025-05-27 15:20:29,401 - INFO - ✅ Backup criado: BlockBackup-Restore Banco BI MadMapa-BKPAUTCITEL-20250527-1520
2025-05-27 15:20:29,996 - INFO - 
🔍 Processando block volume: Restore Banco BI Santana
2025-05-27 15:20:30,383 - INFO - ✅ Backup criado: BlockBackup-Restore Banco BI Santana-BKPAUTCITEL-20250527-1520
2025-05-27 15:20:30,953 - INFO - 
🔍 Processando block volume: Restore Banco BI VarejaodasTintas
2025-05-27 15:20:31,244 - INFO - ✅ Backup criado: BlockBackup-Restore Banco BI VarejaodasTintas-BKPAUTCITEL-20250527-1520
2025-05-27 15:20:31,841 - INFO - 
🔍 Processando block volume: Restore Banco BI ElloTintas
2025-05-27 15:20:32,132 - INFO - ✅ Backup criado: BlockBackup-Restore Banco BI ElloTintas-BKPAUTCITEL-20250527-1520
2025-05-27 15:20:32,715 - INFO - 
🔍 Processando block volume: Restore Banco BI Moto One
2025-05-27 15:20:33,088 - INFO - ✅ Backup criado: BlockBackup-Restore Banco BI Moto One-BKPAUTCITEL-20250527-1520
2025-05-27 15:20:33,668 - INFO - 
🔍 Processando block volume: Restore Banco BI OLV
2025-05-27 15:20:33,794 - WARNING - ⚠️ Tentativa 1: Limite de requisições. Aguardando 5s...
2025-05-27 15:20:42,856 - INFO - ✅ Backup criado: BlockBackup-Restore Banco BI OLV-BKPAUTCITEL-20250527-1520
2025-05-27 15:20:43,420 - INFO - 
🔍 Processando block volume: Restore Banco BI Construilma
2025-05-27 15:20:43,689 - INFO - ✅ Backup criado: BlockBackup-Restore Banco BI Construilma-BKPAUTCITEL-20250527-1520
2025-05-27 15:20:44,286 - INFO - 
🔍 Processando block volume: Restore Banco BI Baytek
2025-05-27 15:20:44,414 - WARNING - ⚠️ Tentativa 1: Limite de requisições. Aguardando 5s...
2025-05-27 15:20:54,240 - WARNING - ⚠️ Tentativa 2: Limite de requisições. Aguardando 10s...
2025-05-27 15:21:04,899 - INFO - ✅ Backup criado: BlockBackup-Restore Banco BI Baytek-BKPAUTCITEL-20250527-1520
2025-05-27 15:21:05,486 - INFO - 
🔍 Processando block volume: Restore Banco BI Soldage
2025-05-27 15:21:05,613 - WARNING - ⚠️ Tentativa 1: Limite de requisições. Aguardando 5s...
2025-05-27 15:21:11,897 - INFO - ✅ Backup criado: BlockBackup-Restore Banco BI Soldage-BKPAUTCITEL-20250527-1521
2025-05-27 15:21:12,471 - INFO - 
🔍 Processando block volume: Banco Restore BI Rizato
2025-05-27 15:21:12,763 - INFO - ✅ Backup criado: BlockBackup-Banco Restore BI Rizato-BKPAUTCITEL-20250527-1521
2025-05-27 15:21:13,352 - INFO - 
🔍 Processando block volume: Restore Banco BI Colomarti
2025-05-27 15:21:13,612 - INFO - ✅ Backup criado: BlockBackup-Restore Banco BI Colomarti-BKPAUTCITEL-20250527-1521
2025-05-27 15:21:14,206 - INFO - 
🔍 Processando block volume: HD BKP BI Gasparzinho
2025-05-27 15:21:14,336 - WARNING - ⚠️ Tentativa 1: Limite de requisições. Aguardando 5s...
2025-05-27 15:21:23,416 - WARNING - ⚠️ Tentativa 2: Limite de requisições. Aguardando 10s...
2025-05-27 15:21:38,760 - INFO - ✅ Backup criado: BlockBackup-HD BKP BI Gasparzinho-BKPAUTCITEL-20250527-1521
2025-05-27 15:21:39,341 - INFO - 
🔍 Processando block volume: Banco_srvEstrategico
2025-05-27 15:21:39,630 - INFO - ✅ Backup criado: BlockBackup-Banco_srvEstrategico-BKPAUTCITEL-20250527-1521
2025-05-27 15:21:40,213 - INFO - 
🔍 Processando block volume: Restore banco Palmas bkp2 
2025-05-27 15:21:40,338 - WARNING - ⚠️ Tentativa 1: Limite de requisições. Aguardando 5s...
2025-05-27 15:21:50,037 - WARNING - ⚠️ Tentativa 2: Limite de requisições. Aguardando 10s...
2025-05-27 15:22:02,804 - INFO - ✅ Backup criado: BlockBackup-Restore banco Palmas bkp2 -BKPAUTCITEL-20250527-1521
2025-05-27 15:22:03,369 - INFO - 
🔍 Processando block volume: Restore Banco 2B bkp2
2025-05-27 15:22:03,654 - INFO - ✅ Backup criado: BlockBackup-Restore Banco 2B bkp2-BKPAUTCITEL-20250527-1522
2025-05-27 15:22:04,216 - INFO - 
🔍 Processando block volume: Restore Banco BI Refrigas2
2025-05-27 15:22:04,499 - INFO - ✅ Backup criado: BlockBackup-Restore Banco BI Refrigas2-BKPAUTCITEL-20250527-1522
2025-05-27 15:22:05,061 - INFO - 
🔍 Processando block volume: BKP Valclei tkt 1076246
2025-05-27 15:22:05,187 - WARNING - ⚠️ Tentativa 1: Limite de requisições. Aguardando 5s...
2025-05-27 15:22:11,621 - INFO - ✅ Backup criado: BlockBackup-BKP Valclei tkt 1076246-BKPAUTCITEL-20250527-1522
2025-05-27 15:22:12,208 - INFO - 
🔍 Processando block volume: Restore2 BI Paratudo
2025-05-27 15:22:12,510 - INFO - ✅ Backup criado: BlockBackup-Restore2 BI Paratudo-BKPAUTCITEL-20250527-1522
2025-05-27 15:22:13,057 - INFO - 
🔍 Processando block volume: Banco2 MiaraKruger bi 
2025-05-27 15:22:13,383 - INFO - ✅ Backup criado: BlockBackup-Banco2 MiaraKruger bi -BKPAUTCITEL-20250527-1522
2025-05-27 15:22:13,940 - INFO - 
🔍 Processando block volume: bkp1Vinhedo-Linux24
2025-05-27 15:22:14,071 - WARNING - ⚠️ Tentativa 1: Limite de requisições. Aguardando 5s...
2025-05-27 15:22:22,604 - WARNING - ⚠️ Tentativa 2: Limite de requisições. Aguardando 10s...
2025-05-27 15:22:33,674 - INFO - ✅ Backup criado: BlockBackup-bkp1Vinhedo-Linux24-BKPAUTCITEL-20250527-1522
2025-05-27 15:22:34,200 - INFO - 
🔍 Processando block volume: bkp2Vinhedo-Linux24
2025-05-27 15:22:34,329 - WARNING - ⚠️ Tentativa 1: Limite de requisições. Aguardando 5s...
2025-05-27 15:22:43,832 - INFO - ✅ Backup criado: BlockBackup-bkp2Vinhedo-Linux24-BKPAUTCITEL-20250527-1522
2025-05-27 15:22:44,365 - INFO - 
✅ Execução concluída com sucesso
