2025-05-27 16:00:37,107 - INFO - 
🔍 Processando boot volume: LinuxTSPlus20
2025-05-27 16:00:37,478 - INFO - ✅ Backup criado: BootBackup-LinuxTSPlus20-BKPAUTCITEL-20250527-1600
2025-05-27 16:00:38,149 - WARNING - ⏳ Backup ignorado (estado TERMINATED): Auto-backup for 2025-05-12 08:00:00 via policy: Citel_Diario04
2025-05-27 16:00:38,150 - INFO - 
🔍 Processando boot volume: LinuxTSPlus1
2025-05-27 16:00:38,476 - INFO - ✅ Backup criado: BootBackup-LinuxTSPlus1-BKPAUTCITEL-20250527-1600
2025-05-27 16:00:39,144 - WARNING - ⏳ Backup ignorado (estado TERMINATED): Auto-backup for 2025-05-12 08:00:00 via policy: Citel_Diario04
2025-05-27 16:00:39,145 - INFO - 
🔍 Processando boot volume: LinuxTSPlus2
2025-05-27 16:00:39,270 - WARNING - ⚠️ Tentativa 1: Limite de requisições. Aguardando 1s...
2025-05-27 16:00:42,511 - INFO - ✅ Backup criado: BootBackup-LinuxTSPlus2-BKPAUTCITEL-20250527-1600
2025-05-27 16:00:43,202 - WARNING - ⏳ Backup ignorado (estado TERMINATED): Auto-backup for 2025-05-12 08:00:00 via policy: Citel_Diario04
2025-05-27 16:00:43,203 - INFO - 
🔍 Processando boot volume: Temp-Subida_G_e_B (Boot Volume)
2025-05-27 16:00:43,523 - INFO - ✅ Backup criado: BootBackup-Temp-Subida_G_e_B (Boot Volume)-BKPAUTCITEL-20250527-1600
2025-05-27 16:00:44,242 - WARNING - ⏳ Backup ignorado (estado TERMINATED): Auto-backup for 2025-05-12 08:00:00 via policy: Citel_Diario04
2025-05-27 16:00:44,243 - INFO - 
🔍 Processando boot volume: Banco_BelaTintas (Boot Volume)
2025-05-27 16:00:44,568 - INFO - ✅ Backup criado: BootBackup-Banco_BelaTintas (Boot Volume)-BKPAUTCITEL-20250527-1600
2025-05-27 16:00:45,266 - WARNING - ⏳ Backup ignorado (estado TERMINATED): Auto-backup for 2025-05-12 08:00:00 via policy: Citel_Diario04
2025-05-27 16:00:45,266 - INFO - 
🔍 Processando boot volume: LinuxTSPlus65_boot_clone2904
2025-05-27 16:00:45,550 - INFO - ✅ Backup criado: BootBackup-LinuxTSPlus65_boot_clone2904-BKPAUTCITEL-20250527-1600
2025-05-27 16:00:46,236 - WARNING - ⏳ Backup ignorado (estado TERMINATED): Auto-backup for 2025-05-12 08:00:00 via policy: Citel_Diario04
2025-05-27 16:00:46,237 - INFO - 
🔍 Processando boot volume: LinuxTSPlus72_boot_clone2904
2025-05-27 16:00:46,363 - WARNING - ⚠️ Tentativa 1: Limite de requisições. Aguardando 1s...
2025-05-27 16:00:50,829 - INFO - ✅ Backup criado: BootBackup-LinuxTSPlus72_boot_clone2904-BKPAUTCITEL-20250527-1600
2025-05-27 16:00:51,574 - WARNING - ⏳ Backup ignorado (estado TERMINATED): Auto-backup for 2025-05-12 08:00:00 via policy: Citel_Diario04
2025-05-27 16:00:51,575 - INFO - 
🔍 Processando boot volume: Linux-checkdisks (Boot Volume)
2025-05-27 16:00:51,700 - WARNING - ⚠️ Tentativa 1: Limite de requisições. Aguardando 1s...
2025-05-27 16:00:56,062 - INFO - ✅ Backup criado: BootBackup-Linux-checkdisks (Boot Volume)-BKPAUTCITEL-20250527-1600
2025-05-27 16:00:56,701 - INFO - 
🔍 Processando boot volume: LinuxDataBelaTintas
2025-05-27 16:00:56,826 - WARNING - ⚠️ Tentativa 1: Limite de requisições. Aguardando 1s...
2025-05-27 16:01:02,335 - WARNING - ⚠️ Tentativa 2: Limite de requisições. Aguardando 2s...
2025-05-27 16:01:08,795 - INFO - ✅ Backup criado: BootBackup-LinuxDataBelaTintas-BKPAUTCITEL-20250527-1600
2025-05-27 16:01:09,487 - WARNING - ⏳ Backup ignorado (estado TERMINATED): Auto-backup for 2025-05-12 08:00:00 via policy: Citel_Diario04
2025-05-27 16:01:09,488 - INFO - 
🔍 Processando boot volume: LinuxData010
2025-05-27 16:01:09,790 - INFO - ✅ Backup criado: BootBackup-LinuxData010-BKPAUTCITEL-20250527-1601
2025-05-27 16:01:10,465 - WARNING - ⏳ Backup ignorado (estado TERMINATED): Auto-backup for 2025-05-12 08:00:00 via policy: Citel_Diario04
2025-05-27 16:01:10,466 - INFO - 
🔍 Processando boot volume: LinuxData025
2025-05-27 16:01:10,760 - INFO - ✅ Backup criado: BootBackup-LinuxData025-BKPAUTCITEL-20250527-1601
2025-05-27 16:01:11,437 - WARNING - ⏳ Backup ignorado (estado TERMINATED): Auto-backup for 2025-05-12 08:00:00 via policy: Citel_Diario04
2025-05-27 16:01:11,438 - INFO - 
🔍 Processando boot volume: LinuxData004
2025-05-27 16:01:11,562 - WARNING - ⚠️ Tentativa 1: Limite de requisições. Aguardando 1s...
2025-05-27 16:01:13,961 - WARNING - ⚠️ Tentativa 2: Limite de requisições. Aguardando 2s...
2025-05-27 16:01:20,128 - INFO - ✅ Backup criado: BootBackup-LinuxData004-BKPAUTCITEL-20250527-1601
2025-05-27 16:01:20,795 - WARNING - ⏳ Backup ignorado (estado TERMINATED): Auto-backup for 2025-05-12 08:00:00 via policy: Citel_Diario04
2025-05-27 16:01:20,796 - INFO - 
🔍 Processando boot volume: LinuxData005
2025-05-27 16:01:20,923 - WARNING - ⚠️ Tentativa 1: Limite de requisições. Aguardando 1s...
2025-05-27 16:01:24,567 - INFO - ✅ Backup criado: BootBackup-LinuxData005-BKPAUTCITEL-20250527-1601
2025-05-27 16:01:25,258 - WARNING - ⏳ Backup ignorado (estado TERMINATED): Auto-backup for 2025-05-12 08:00:00 via policy: Citel_Diario04
2025-05-27 16:01:25,258 - INFO - 
🔍 Processando boot volume: LinuxData012
2025-05-27 16:01:25,586 - INFO - ✅ Backup criado: BootBackup-LinuxData012-BKPAUTCITEL-20250527-1601
2025-05-27 16:01:26,264 - WARNING - ⏳ Backup ignorado (estado TERMINATED): Auto-backup for 2025-05-12 08:00:00 via policy: Citel_Diario04
2025-05-27 16:01:26,264 - INFO - 
🔍 Processando boot volume: LinuxData006
2025-05-27 16:01:26,596 - INFO - ✅ Backup criado: BootBackup-LinuxData006-BKPAUTCITEL-20250527-1601
2025-05-27 16:01:27,252 - WARNING - ⏳ Backup ignorado (estado TERMINATED): Auto-backup for 2025-05-12 08:00:00 via policy: Citel_Diario04
2025-05-27 16:01:27,252 - INFO - 
🔍 Processando boot volume: LinuxData013
2025-05-27 16:01:27,548 - INFO - ✅ Backup criado: BootBackup-LinuxData013-BKPAUTCITEL-20250527-1601
2025-05-27 16:01:28,228 - WARNING - ⏳ Backup ignorado (estado TERMINATED): Auto-backup for 2025-05-12 08:00:00 via policy: Citel_Diario04
2025-05-27 16:01:28,229 - INFO - 
🔍 Processando boot volume: LinuxData011
2025-05-27 16:01:28,361 - WARNING - ⚠️ Tentativa 1: Limite de requisições. Aguardando 1s...
2025-05-27 16:01:34,502 - WARNING - ⚠️ Tentativa 2: Limite de requisições. Aguardando 2s...
2025-05-27 16:01:39,654 - INFO - ✅ Backup criado: BootBackup-LinuxData011-BKPAUTCITEL-20250527-1601
2025-05-27 16:01:40,300 - WARNING - ⏳ Backup ignorado (estado TERMINATED): Auto-backup for 2025-05-12 08:00:00 via policy: Citel_Diario04
2025-05-27 16:01:40,300 - INFO - 
🔍 Processando boot volume: LinuxData008
2025-05-27 16:01:40,696 - INFO - ✅ Backup criado: BootBackup-LinuxData008-BKPAUTCITEL-20250527-1601
2025-05-27 16:01:41,372 - WARNING - ⏳ Backup ignorado (estado TERMINATED): Auto-backup for 2025-05-12 08:00:00 via policy: Citel_Diario04
2025-05-27 16:01:41,372 - INFO - 
🔍 Processando boot volume: LinuxData007
2025-05-27 16:01:41,687 - INFO - ✅ Backup criado: BootBackup-LinuxData007-BKPAUTCITEL-20250527-1601
2025-05-27 16:01:42,352 - WARNING - ⏳ Backup ignorado (estado TERMINATED): Auto-backup for 2025-05-12 08:00:00 via policy: Citel_Diario04
2025-05-27 16:01:42,353 - INFO - 
🔍 Processando boot volume: LinuxData055
2025-05-27 16:01:42,640 - INFO - ✅ Backup criado: BootBackup-LinuxData055-BKPAUTCITEL-20250527-1601
2025-05-27 16:01:43,284 - WARNING - ⏳ Backup ignorado (estado TERMINATED): Auto-backup for 2025-05-12 08:00:00 via policy: Citel_Diario04
2025-05-27 16:01:43,285 - INFO - 
🔍 Processando boot volume: LinuxData009
2025-05-27 16:01:43,591 - INFO - ✅ Backup criado: BootBackup-LinuxData009-BKPAUTCITEL-20250527-1601
2025-05-27 16:01:44,265 - WARNING - ⏳ Backup ignorado (estado TERMINATED): Auto-backup for 2025-05-12 08:00:00 via policy: Citel_Diario04
2025-05-27 16:01:44,265 - INFO - 
🔍 Processando boot volume: LinuxData014
2025-05-27 16:01:44,390 - WARNING - ⚠️ Tentativa 1: Limite de requisições. Aguardando 1s...
2025-05-27 16:01:49,614 - WARNING - ⚠️ Tentativa 2: Limite de requisições. Aguardando 2s...
2025-05-27 16:01:53,728 - WARNING - ⚠️ Tentativa 3: Limite de requisições. Aguardando 4s...
2025-05-27 16:02:01,387 - INFO - ✅ Backup criado: BootBackup-LinuxData014-BKPAUTCITEL-20250527-1601
2025-05-27 16:02:02,060 - WARNING - ⏳ Backup ignorado (estado TERMINATED): Auto-backup for 2025-05-12 08:00:00 via policy: Citel_Diario04
2025-05-27 16:02:02,061 - INFO - 
🔍 Processando boot volume: LinuxData050
2025-05-27 16:02:02,188 - WARNING - ⚠️ Tentativa 1: Limite de requisições. Aguardando 1s...
2025-05-27 16:02:04,651 - INFO - ✅ Backup criado: BootBackup-LinuxData050-BKPAUTCITEL-20250527-1602
2025-05-27 16:02:05,319 - WARNING - ⏳ Backup ignorado (estado TERMINATED): Auto-backup for 2025-05-12 08:00:00 via policy: Citel_Diario04
2025-05-27 16:02:05,319 - INFO - 
🔍 Processando boot volume: LinuxData018
2025-05-27 16:02:05,444 - WARNING - ⚠️ Tentativa 1: Limite de requisições. Aguardando 1s...
2025-05-27 16:02:08,673 - INFO - ✅ Backup criado: BootBackup-LinuxData018-BKPAUTCITEL-20250527-1602
2025-05-27 16:02:09,362 - WARNING - ⏳ Backup ignorado (estado TERMINATED): Auto-backup for 2025-05-12 08:00:00 via policy: Citel_Diario04
2025-05-27 16:02:09,362 - INFO - 
🔍 Processando boot volume: LinuxData016
2025-05-27 16:02:09,489 - WARNING - ⚠️ Tentativa 1: Limite de requisições. Aguardando 1s...
2025-05-27 16:02:12,415 - INFO - ✅ Backup criado: BootBackup-LinuxData016-BKPAUTCITEL-20250527-1602
2025-05-27 16:02:13,068 - WARNING - ⏳ Backup ignorado (estado TERMINATED): Auto-backup for 2025-05-12 08:00:00 via policy: Citel_Diario04
2025-05-27 16:02:13,068 - INFO - 
🔍 Processando boot volume: LinuxData059
2025-05-27 16:02:13,389 - INFO - ✅ Backup criado: BootBackup-LinuxData059-BKPAUTCITEL-20250527-1602
2025-05-27 16:02:14,082 - WARNING - ⏳ Backup ignorado (estado TERMINATED): Auto-backup for 2025-05-12 08:00:00 via policy: Citel_Diario04
2025-05-27 16:02:14,083 - INFO - 
🔍 Processando boot volume: LinuxData037
2025-05-27 16:02:14,211 - WARNING - ⚠️ Tentativa 1: Limite de requisições. Aguardando 1s...
2025-05-27 16:02:17,184 - WARNING - ⚠️ Tentativa 2: Limite de requisições. Aguardando 2s...
2025-05-27 16:02:24,792 - INFO - ✅ Backup criado: BootBackup-LinuxData037-BKPAUTCITEL-20250527-1602
2025-05-27 16:02:25,467 - WARNING - ⏳ Backup ignorado (estado TERMINATED): Auto-backup for 2025-05-12 08:00:00 via policy: Citel_Diario04
2025-05-27 16:02:25,467 - INFO - 
🔍 Processando boot volume: LinuxData036
2025-05-27 16:02:25,800 - INFO - ✅ Backup criado: BootBackup-LinuxData036-BKPAUTCITEL-20250527-1602
2025-05-27 16:02:26,470 - WARNING - ⏳ Backup ignorado (estado TERMINATED): Auto-backup for 2025-05-12 08:00:00 via policy: Citel_Diario04
2025-05-27 16:02:26,470 - INFO - 
🔍 Processando boot volume: LinuxData017
2025-05-27 16:02:26,773 - INFO - ✅ Backup criado: BootBackup-LinuxData017-BKPAUTCITEL-20250527-1602
2025-05-27 16:02:27,447 - WARNING - ⏳ Backup ignorado (estado TERMINATED): Auto-backup for 2025-05-12 08:00:00 via policy: Citel_Diario04
2025-05-27 16:02:27,447 - INFO - 
🔍 Processando boot volume: LinuxData041
2025-05-27 16:02:27,735 - INFO - ✅ Backup criado: BootBackup-LinuxData041-BKPAUTCITEL-20250527-1602
2025-05-27 16:02:28,394 - WARNING - ⏳ Backup ignorado (estado TERMINATED): Auto-backup for 2025-05-12 08:00:00 via policy: Citel_Diario04
2025-05-27 16:02:28,394 - INFO - 
🔍 Processando boot volume: LinuxData043
2025-05-27 16:02:28,746 - INFO - ✅ Backup criado: BootBackup-LinuxData043-BKPAUTCITEL-20250527-1602
2025-05-27 16:02:29,426 - WARNING - ⏳ Backup ignorado (estado TERMINATED): Auto-backup for 2025-05-12 08:00:00 via policy: Citel_Diario04
2025-05-27 16:02:29,427 - INFO - 
🔍 Processando boot volume: LinuxData048
2025-05-27 16:02:29,552 - WARNING - ⚠️ Tentativa 1: Limite de requisições. Aguardando 1s...
2025-05-27 16:02:34,999 - INFO - ✅ Backup criado: BootBackup-LinuxData048-BKPAUTCITEL-20250527-1602
2025-05-27 16:02:35,677 - WARNING - ⏳ Backup ignorado (estado TERMINATED): Auto-backup for 2025-05-12 08:00:00 via policy: Citel_Diario04
2025-05-27 16:02:35,678 - INFO - 
🔍 Processando boot volume: LinuxData032
2025-05-27 16:02:35,804 - WARNING - ⚠️ Tentativa 1: Limite de requisições. Aguardando 1s...
2025-05-27 16:02:41,773 - INFO - ✅ Backup criado: BootBackup-LinuxData032-BKPAUTCITEL-20250527-1602
2025-05-27 16:02:42,412 - WARNING - ⏳ Backup ignorado (estado TERMINATED): Auto-backup for 2025-05-12 08:00:00 via policy: Citel_Diario04
2025-05-27 16:02:42,413 - INFO - 
🔍 Processando boot volume: LinuxData033
2025-05-27 16:02:42,724 - INFO - ✅ Backup criado: BootBackup-LinuxData033-BKPAUTCITEL-20250527-1602
2025-05-27 16:02:43,392 - WARNING - ⏳ Backup ignorado (estado TERMINATED): Auto-backup for 2025-05-12 08:00:00 via policy: Citel_Diario04
2025-05-27 16:02:43,392 - INFO - 
🔍 Processando boot volume: LinuxData034
2025-05-27 16:02:43,699 - INFO - ✅ Backup criado: BootBackup-LinuxData034-BKPAUTCITEL-20250527-1602
2025-05-27 16:02:44,350 - WARNING - ⏳ Backup ignorado (estado TERMINATED): Auto-backup for 2025-05-12 08:00:00 via policy: Citel_Diario04
2025-05-27 16:02:44,350 - INFO - 
🔍 Processando boot volume: LinuxData029
2025-05-27 16:02:44,475 - WARNING - ⚠️ Tentativa 1: Limite de requisições. Aguardando 1s...
2025-05-27 16:02:50,174 - INFO - ✅ Backup criado: BootBackup-LinuxData029-BKPAUTCITEL-20250527-1602
2025-05-27 16:02:50,854 - WARNING - ⏳ Backup ignorado (estado TERMINATED): Auto-backup for 2025-05-12 08:00:00 via policy: Citel_Diario04
2025-05-27 16:02:50,855 - INFO - 
🔍 Processando boot volume: LinuxData019
2025-05-27 16:02:51,164 - INFO - ✅ Backup criado: BootBackup-LinuxData019-BKPAUTCITEL-20250527-1602
2025-05-27 16:02:51,840 - WARNING - ⏳ Backup ignorado (estado TERMINATED): Auto-backup for 2025-05-12 08:00:00 via policy: Citel_Diario04
2025-05-27 16:02:51,841 - INFO - 
🔍 Processando boot volume: LinuxData021
2025-05-27 16:02:51,966 - WARNING - ⚠️ Tentativa 1: Limite de requisições. Aguardando 1s...
2025-05-27 16:02:58,650 - INFO - ✅ Backup criado: BootBackup-LinuxData021-BKPAUTCITEL-20250527-1602
2025-05-27 16:02:59,316 - WARNING - ⏳ Backup ignorado (estado TERMINATED): Auto-backup for 2025-05-12 08:00:00 via policy: Citel_Diario04
2025-05-27 16:02:59,317 - INFO - 
🔍 Processando boot volume: LinuxData022
2025-05-27 16:02:59,442 - WARNING - ⚠️ Tentativa 1: Limite de requisições. Aguardando 1s...
2025-05-27 16:03:04,959 - WARNING - ⚠️ Tentativa 2: Limite de requisições. Aguardando 2s...
2025-05-27 16:03:11,371 - WARNING - ⚠️ Tentativa 3: Limite de requisições. Aguardando 4s...
2025-05-27 16:03:18,923 - WARNING - ⚠️ Tentativa 4: Limite de requisições. Aguardando 8s...
2025-05-27 16:03:29,308 - INFO - ✅ Backup criado: BootBackup-LinuxData022-BKPAUTCITEL-20250527-1602
2025-05-27 16:03:29,975 - WARNING - ⏳ Backup ignorado (estado TERMINATED): Auto-backup for 2025-05-12 08:00:00 via policy: Citel_Diario04
2025-05-27 16:03:29,976 - INFO - 
🔍 Processando boot volume: LinuxData024
2025-05-27 16:03:30,101 - WARNING - ⚠️ Tentativa 1: Limite de requisições. Aguardando 1s...
2025-05-27 16:03:33,647 - INFO - ✅ Backup criado: BootBackup-LinuxData024-BKPAUTCITEL-20250527-1603
2025-05-27 16:03:34,303 - WARNING - ⏳ Backup ignorado (estado TERMINATED): Auto-backup for 2025-05-12 08:00:00 via policy: Citel_Diario04
2025-05-27 16:03:34,304 - INFO - 
🔍 Processando boot volume: LinuxData020
2025-05-27 16:03:34,429 - WARNING - ⚠️ Tentativa 1: Limite de requisições. Aguardando 1s...
2025-05-27 16:03:39,933 - INFO - ✅ Backup criado: BootBackup-LinuxData020-BKPAUTCITEL-20250527-1603
2025-05-27 16:03:40,593 - WARNING - ⏳ Backup ignorado (estado TERMINATED): Auto-backup for 2025-05-12 08:00:00 via policy: Citel_Diario04
2025-05-27 16:03:40,594 - INFO - 
🔍 Processando boot volume: LinuxData026
2025-05-27 16:03:40,894 - INFO - ✅ Backup criado: BootBackup-LinuxData026-BKPAUTCITEL-20250527-1603
2025-05-27 16:03:41,652 - WARNING - ⏳ Backup ignorado (estado TERMINATED): Auto-backup for 2025-05-12 08:00:00 via policy: Citel_Diario04
2025-05-27 16:03:41,652 - INFO - 
🔍 Processando boot volume: LinuxData028
2025-05-27 16:03:41,777 - WARNING - ⚠️ Tentativa 1: Limite de requisições. Aguardando 1s...
2025-05-27 16:03:44,326 - INFO - ✅ Backup criado: BootBackup-LinuxData028-BKPAUTCITEL-20250527-1603
2025-05-27 16:03:45,031 - WARNING - ⏳ Backup ignorado (estado TERMINATED): Auto-backup for 2025-05-12 08:00:00 via policy: Citel_Diario04
2025-05-27 16:03:45,031 - INFO - 
🔍 Processando boot volume: LinuxData030
2025-05-27 16:03:45,530 - INFO - ✅ Backup criado: BootBackup-LinuxData030-BKPAUTCITEL-20250527-1603
2025-05-27 16:03:46,207 - WARNING - ⏳ Backup ignorado (estado TERMINATED): Auto-backup for 2025-05-12 08:00:00 via policy: Citel_Diario04
2025-05-27 16:03:46,208 - INFO - 
🔍 Processando boot volume: LinuxData040
2025-05-27 16:03:46,488 - INFO - ✅ Backup criado: BootBackup-LinuxData040-BKPAUTCITEL-20250527-1603
2025-05-27 16:03:47,156 - WARNING - ⏳ Backup ignorado (estado TERMINATED): Auto-backup for 2025-05-12 08:00:00 via policy: Citel_Diario04
2025-05-27 16:03:47,156 - INFO - 
🔍 Processando boot volume: LinuxData065
2025-05-27 16:03:47,447 - INFO - ✅ Backup criado: BootBackup-LinuxData065-BKPAUTCITEL-20250527-1603
2025-05-27 16:03:48,104 - WARNING - ⏳ Backup ignorado (estado TERMINATED): Auto-backup for 2025-05-12 08:00:00 via policy: Citel_Diario04
2025-05-27 16:03:48,105 - INFO - 
🔍 Processando boot volume: LinuxData072
2025-05-27 16:03:48,232 - WARNING - ⚠️ Tentativa 1: Limite de requisições. Aguardando 1s...
2025-05-27 16:03:53,977 - WARNING - ⚠️ Tentativa 2: Limite de requisições. Aguardando 2s...
2025-05-27 16:04:01,572 - INFO - ✅ Backup criado: BootBackup-LinuxData072-BKPAUTCITEL-20250527-1603
2025-05-27 16:04:02,224 - WARNING - ⏳ Backup ignorado (estado TERMINATED): Auto-backup for 2025-05-12 08:00:00 via policy: Citel_Diario04
2025-05-27 16:04:02,225 - INFO - 
🔍 Processando boot volume: LinuxData001
2025-05-27 16:04:02,516 - INFO - ✅ Backup criado: BootBackup-LinuxData001-BKPAUTCITEL-20250527-1604
2025-05-27 16:04:03,201 - WARNING - ⏳ Backup ignorado (estado TERMINATED): Auto-backup for 2025-05-12 08:00:00 via policy: Citel_Diario04
2025-05-27 16:04:03,202 - INFO - 
🔍 Processando boot volume: LinuxData002
2025-05-27 16:04:03,327 - WARNING - ⚠️ Tentativa 1: Limite de requisições. Aguardando 1s...
2025-05-27 16:04:06,607 - INFO - ✅ Backup criado: BootBackup-LinuxData002-BKPAUTCITEL-20250527-1604
2025-05-27 16:04:07,282 - WARNING - ⏳ Backup ignorado (estado TERMINATED): Auto-backup for 2025-05-12 08:00:00 via policy: Citel_Diario04
2025-05-27 16:04:07,283 - INFO - 
🔍 Processando boot volume: LinuxTSPlus20_boot_clone0105
2025-05-27 16:04:07,566 - INFO - ✅ Backup criado: BootBackup-LinuxTSPlus20_boot_clone0105-BKPAUTCITEL-20250527-1604
2025-05-27 16:04:08,223 - INFO - 
🔍 Processando boot volume: LinuxData013_clone06052025
2025-05-27 16:04:08,347 - WARNING - ⚠️ Tentativa 1: Limite de requisições. Aguardando 1s...
2025-05-27 16:04:12,909 - WARNING - ⚠️ Tentativa 2: Limite de requisições. Aguardando 2s...
2025-05-27 16:04:20,056 - WARNING - ⚠️ Tentativa 3: Limite de requisições. Aguardando 4s...
2025-05-27 16:04:29,213 - INFO - ✅ Backup criado: BootBackup-LinuxData013_clone06052025-BKPAUTCITEL-20250527-1604
2025-05-27 16:04:29,843 - INFO - 
🔍 Processando boot volume: LinuxData001-Clone-Teste
2025-05-27 16:04:30,132 - INFO - ✅ Backup criado: BootBackup-LinuxData001-Clone-Teste-BKPAUTCITEL-20250527-1604
2025-05-27 16:04:30,667 - INFO - 
✅ Execução concluída com sucesso
