2025-05-27 20:01:22,767 - INFO - 
🔍 Processando boot volume: LinuxTSPlus20
2025-05-27 20:01:23,078 - INFO - ✅ Backup criado: BootBackup-LinuxTSPlus20-BKPAUTCITEL-20250527-2001
2025-05-27 20:01:23,763 - WARNING - ⏳ Backup ignorado (estado TERMINATED): Auto-backup for 2025-05-12 08:00:00 via policy: Citel_Diario04
2025-05-27 20:01:23,763 - INFO - 
🔍 Processando boot volume: LinuxTSPlus1
2025-05-27 20:01:24,078 - INFO - ✅ Backup criado: BootBackup-LinuxTSPlus1-BKPAUTCITEL-20250527-2001
2025-05-27 20:01:24,733 - WARNING - ⏳ Backup ignorado (estado TERMINATED): Auto-backup for 2025-05-12 08:00:00 via policy: Citel_Diario04
2025-05-27 20:01:24,733 - INFO - 
🔍 Processando boot volume: LinuxTSPlus2
2025-05-27 20:01:25,017 - INFO - ✅ Backup criado: BootBackup-LinuxTSPlus2-BKPAUTCITEL-20250527-2001
2025-05-27 20:01:25,691 - WARNING - ⏳ Backup ignorado (estado TERMINATED): Auto-backup for 2025-05-12 08:00:00 via policy: Citel_Diario04
2025-05-27 20:01:25,692 - INFO - 
🔍 Processando boot volume: Temp-Subida_G_e_B (Boot Volume)
2025-05-27 20:01:26,014 - INFO - ✅ Backup criado: BootBackup-Temp-Subida_G_e_B (Boot Volume)-BKPAUTCITEL-20250527-2001
2025-05-27 20:01:26,677 - WARNING - ⏳ Backup ignorado (estado TERMINATED): Auto-backup for 2025-05-12 08:00:00 via policy: Citel_Diario04
2025-05-27 20:01:26,678 - INFO - 
🔍 Processando boot volume: Banco_BelaTintas (Boot Volume)
2025-05-27 20:01:26,804 - WARNING - ⚠️ Tentativa 1: Limite de requisições. Aguardando 1s...
2025-05-27 20:01:31,255 - INFO - ✅ Backup criado: BootBackup-Banco_BelaTintas (Boot Volume)-BKPAUTCITEL-20250527-2001
2025-05-27 20:01:31,938 - WARNING - ⏳ Backup ignorado (estado TERMINATED): Auto-backup for 2025-05-12 08:00:00 via policy: Citel_Diario04
2025-05-27 20:01:31,939 - INFO - 
🔍 Processando boot volume: LinuxTSPlus65_boot_clone2904
2025-05-27 20:01:32,268 - INFO - ✅ Backup criado: BootBackup-LinuxTSPlus65_boot_clone2904-BKPAUTCITEL-20250527-2001
2025-05-27 20:01:32,933 - WARNING - ⏳ Backup ignorado (estado TERMINATED): Auto-backup for 2025-05-12 08:00:00 via policy: Citel_Diario04
2025-05-27 20:01:32,933 - INFO - 
🔍 Processando boot volume: LinuxTSPlus72_boot_clone2904
2025-05-27 20:01:33,058 - WARNING - ⚠️ Tentativa 1: Limite de requisições. Aguardando 1s...
2025-05-27 20:01:36,960 - WARNING - ⚠️ Tentativa 2: Limite de requisições. Aguardando 2s...
2025-05-27 20:01:44,204 - WARNING - ⚠️ Tentativa 3: Limite de requisições. Aguardando 4s...
2025-05-27 20:01:49,801 - INFO - ✅ Backup criado: BootBackup-LinuxTSPlus72_boot_clone2904-BKPAUTCITEL-20250527-2001
2025-05-27 20:01:50,456 - WARNING - ⏳ Backup ignorado (estado TERMINATED): Auto-backup for 2025-05-12 08:00:00 via policy: Citel_Diario04
2025-05-27 20:01:50,457 - INFO - 
🔍 Processando boot volume: Linux-checkdisks (Boot Volume)
2025-05-27 20:01:50,740 - INFO - ✅ Backup criado: BootBackup-Linux-checkdisks (Boot Volume)-BKPAUTCITEL-20250527-2001
2025-05-27 20:01:51,399 - INFO - 
🔍 Processando boot volume: LinuxDataBelaTintas
2025-05-27 20:01:51,750 - INFO - ✅ Backup criado: BootBackup-LinuxDataBelaTintas-BKPAUTCITEL-20250527-2001
2025-05-27 20:01:52,415 - WARNING - ⏳ Backup ignorado (estado TERMINATED): Auto-backup for 2025-05-12 08:00:00 via policy: Citel_Diario04
2025-05-27 20:01:52,415 - INFO - 
🔍 Processando boot volume: LinuxData010
2025-05-27 20:01:52,540 - WARNING - ⚠️ Tentativa 1: Limite de requisições. Aguardando 1s...
2025-05-27 20:01:58,126 - INFO - ✅ Backup criado: BootBackup-LinuxData010-BKPAUTCITEL-20250527-2001
2025-05-27 20:01:58,801 - WARNING - ⏳ Backup ignorado (estado TERMINATED): Auto-backup for 2025-05-12 08:00:00 via policy: Citel_Diario04
2025-05-27 20:01:58,802 - INFO - 
🔍 Processando boot volume: LinuxData025
2025-05-27 20:01:59,102 - INFO - ✅ Backup criado: BootBackup-LinuxData025-BKPAUTCITEL-20250527-2001
2025-05-27 20:01:59,765 - WARNING - ⏳ Backup ignorado (estado TERMINATED): Auto-backup for 2025-05-12 08:00:00 via policy: Citel_Diario04
2025-05-27 20:01:59,766 - INFO - 
🔍 Processando boot volume: LinuxData004
2025-05-27 20:02:00,080 - INFO - ✅ Backup criado: BootBackup-LinuxData004-BKPAUTCITEL-20250527-2001
2025-05-27 20:02:00,767 - WARNING - ⏳ Backup ignorado (estado TERMINATED): Auto-backup for 2025-05-12 08:00:00 via policy: Citel_Diario04
2025-05-27 20:02:00,767 - INFO - 
🔍 Processando boot volume: LinuxData005
2025-05-27 20:02:00,892 - WARNING - ⚠️ Tentativa 1: Limite de requisições. Aguardando 1s...
2025-05-27 20:02:02,763 - INFO - ✅ Backup criado: BootBackup-LinuxData005-BKPAUTCITEL-20250527-2002
2025-05-27 20:02:03,435 - WARNING - ⏳ Backup ignorado (estado TERMINATED): Auto-backup for 2025-05-12 08:00:00 via policy: Citel_Diario04
2025-05-27 20:02:03,436 - INFO - 
🔍 Processando boot volume: LinuxData012
2025-05-27 20:02:03,749 - INFO - ✅ Backup criado: BootBackup-LinuxData012-BKPAUTCITEL-20250527-2002
2025-05-27 20:02:04,034 - WARNING - ⏳ Backup ignorado (estado TERMINATED): Auto-backup for 2025-05-12 08:00:00 via policy: Citel_Diario04
2025-05-27 20:02:04,035 - INFO - 
🔍 Processando boot volume: LinuxData006
2025-05-27 20:02:04,331 - INFO - ✅ Backup criado: BootBackup-LinuxData006-BKPAUTCITEL-20250527-2002
2025-05-27 20:02:04,982 - WARNING - ⏳ Backup ignorado (estado TERMINATED): Auto-backup for 2025-05-12 08:00:00 via policy: Citel_Diario04
2025-05-27 20:02:04,982 - INFO - 
🔍 Processando boot volume: LinuxData013
2025-05-27 20:02:05,106 - WARNING - ⚠️ Tentativa 1: Limite de requisições. Aguardando 1s...
2025-05-27 20:02:08,576 - WARNING - ⚠️ Tentativa 2: Limite de requisições. Aguardando 2s...
2025-05-27 20:02:14,153 - WARNING - ⚠️ Tentativa 3: Limite de requisições. Aguardando 4s...
2025-05-27 20:02:22,673 - INFO - ✅ Backup criado: BootBackup-LinuxData013-BKPAUTCITEL-20250527-2002
2025-05-27 20:02:23,348 - WARNING - ⏳ Backup ignorado (estado TERMINATED): Auto-backup for 2025-05-12 08:00:00 via policy: Citel_Diario04
2025-05-27 20:02:23,349 - INFO - 
🔍 Processando boot volume: LinuxData011
2025-05-27 20:02:23,649 - INFO - ✅ Backup criado: BootBackup-LinuxData011-BKPAUTCITEL-20250527-2002
2025-05-27 20:02:24,328 - WARNING - ⏳ Backup ignorado (estado TERMINATED): Auto-backup for 2025-05-12 08:00:00 via policy: Citel_Diario04
2025-05-27 20:02:24,329 - INFO - 
🔍 Processando boot volume: LinuxData008
2025-05-27 20:02:24,679 - INFO - ✅ Backup criado: BootBackup-LinuxData008-BKPAUTCITEL-20250527-2002
2025-05-27 20:02:25,340 - WARNING - ⏳ Backup ignorado (estado TERMINATED): Auto-backup for 2025-05-12 08:00:00 via policy: Citel_Diario04
2025-05-27 20:02:25,340 - INFO - 
🔍 Processando boot volume: LinuxData007
2025-05-27 20:02:25,613 - INFO - ✅ Backup criado: BootBackup-LinuxData007-BKPAUTCITEL-20250527-2002
2025-05-27 20:02:26,318 - WARNING - ⏳ Backup ignorado (estado TERMINATED): Auto-backup for 2025-05-12 08:00:00 via policy: Citel_Diario04
2025-05-27 20:02:26,318 - INFO - 
🔍 Processando boot volume: LinuxData055
2025-05-27 20:02:26,443 - WARNING - ⚠️ Tentativa 1: Limite de requisições. Aguardando 1s...
2025-05-27 20:02:30,974 - INFO - ✅ Backup criado: BootBackup-LinuxData055-BKPAUTCITEL-20250527-2002
2025-05-27 20:02:31,652 - WARNING - ⏳ Backup ignorado (estado TERMINATED): Auto-backup for 2025-05-12 08:00:00 via policy: Citel_Diario04
2025-05-27 20:02:31,652 - INFO - 
🔍 Processando boot volume: LinuxData009
2025-05-27 20:02:31,777 - WARNING - ⚠️ Tentativa 1: Limite de requisições. Aguardando 1s...
2025-05-27 20:02:34,097 - WARNING - ⚠️ Tentativa 2: Limite de requisições. Aguardando 2s...
2025-05-27 20:02:40,363 - WARNING - ⚠️ Tentativa 3: Limite de requisições. Aguardando 4s...
2025-05-27 20:02:46,548 - WARNING - ⚠️ Tentativa 4: Limite de requisições. Aguardando 8s...
2025-05-27 20:02:58,109 - WARNING - ⚠️ Tentativa 5: Limite de requisições. Aguardando 16s...
2025-05-27 20:03:18,411 - WARNING - ⏳ Backup ignorado (estado TERMINATED): Auto-backup for 2025-05-12 08:00:00 via policy: Citel_Diario04
2025-05-27 20:03:18,411 - INFO - 
🔍 Processando boot volume: LinuxData014
2025-05-27 20:03:18,714 - INFO - ✅ Backup criado: BootBackup-LinuxData014-BKPAUTCITEL-20250527-2003
2025-05-27 20:03:19,369 - WARNING - ⏳ Backup ignorado (estado TERMINATED): Auto-backup for 2025-05-12 08:00:00 via policy: Citel_Diario04
2025-05-27 20:03:19,370 - INFO - 
🔍 Processando boot volume: LinuxData050
2025-05-27 20:03:19,656 - INFO - ✅ Backup criado: BootBackup-LinuxData050-BKPAUTCITEL-20250527-2003
2025-05-27 20:03:20,327 - WARNING - ⏳ Backup ignorado (estado TERMINATED): Auto-backup for 2025-05-12 08:00:00 via policy: Citel_Diario04
2025-05-27 20:03:20,328 - INFO - 
🔍 Processando boot volume: LinuxData018
2025-05-27 20:03:20,628 - INFO - ✅ Backup criado: BootBackup-LinuxData018-BKPAUTCITEL-20250527-2003
2025-05-27 20:03:21,295 - WARNING - ⏳ Backup ignorado (estado TERMINATED): Auto-backup for 2025-05-12 08:00:00 via policy: Citel_Diario04
2025-05-27 20:03:21,295 - INFO - 
🔍 Processando boot volume: LinuxData016
2025-05-27 20:03:21,593 - INFO - ✅ Backup criado: BootBackup-LinuxData016-BKPAUTCITEL-20250527-2003
2025-05-27 20:03:22,314 - WARNING - ⏳ Backup ignorado (estado TERMINATED): Auto-backup for 2025-05-12 08:00:00 via policy: Citel_Diario04
2025-05-27 20:03:22,314 - INFO - 
🔍 Processando boot volume: LinuxData059
2025-05-27 20:03:22,612 - INFO - ✅ Backup criado: BootBackup-LinuxData059-BKPAUTCITEL-20250527-2003
2025-05-27 20:03:23,306 - WARNING - ⏳ Backup ignorado (estado TERMINATED): Auto-backup for 2025-05-12 08:00:00 via policy: Citel_Diario04
2025-05-27 20:03:23,307 - INFO - 
🔍 Processando boot volume: LinuxData037
2025-05-27 20:03:23,432 - WARNING - ⚠️ Tentativa 1: Limite de requisições. Aguardando 1s...
2025-05-27 20:03:25,684 - INFO - ✅ Backup criado: BootBackup-LinuxData037-BKPAUTCITEL-20250527-2003
2025-05-27 20:03:26,384 - WARNING - ⏳ Backup ignorado (estado TERMINATED): Auto-backup for 2025-05-12 08:00:00 via policy: Citel_Diario04
2025-05-27 20:03:26,385 - INFO - 
🔍 Processando boot volume: LinuxData036
2025-05-27 20:03:26,510 - WARNING - ⚠️ Tentativa 1: Limite de requisições. Aguardando 1s...
2025-05-27 20:03:32,336 - INFO - ✅ Backup criado: BootBackup-LinuxData036-BKPAUTCITEL-20250527-2003
2025-05-27 20:03:33,071 - WARNING - ⏳ Backup ignorado (estado TERMINATED): Auto-backup for 2025-05-12 08:00:00 via policy: Citel_Diario04
2025-05-27 20:03:33,072 - INFO - 
🔍 Processando boot volume: LinuxData017
2025-05-27 20:03:33,392 - INFO - ✅ Backup criado: BootBackup-LinuxData017-BKPAUTCITEL-20250527-2003
2025-05-27 20:03:34,074 - WARNING - ⏳ Backup ignorado (estado TERMINATED): Auto-backup for 2025-05-12 08:00:00 via policy: Citel_Diario04
2025-05-27 20:03:34,074 - INFO - 
🔍 Processando boot volume: LinuxData041
2025-05-27 20:03:34,454 - INFO - ✅ Backup criado: BootBackup-LinuxData041-BKPAUTCITEL-20250527-2003
2025-05-27 20:03:35,130 - WARNING - ⏳ Backup ignorado (estado TERMINATED): Auto-backup for 2025-05-12 08:00:00 via policy: Citel_Diario04
2025-05-27 20:03:35,131 - INFO - 
🔍 Processando boot volume: LinuxData043
2025-05-27 20:03:35,255 - WARNING - ⚠️ Tentativa 1: Limite de requisições. Aguardando 1s...
2025-05-27 20:03:40,447 - INFO - ✅ Backup criado: BootBackup-LinuxData043-BKPAUTCITEL-20250527-2003
2025-05-27 20:03:41,129 - WARNING - ⏳ Backup ignorado (estado TERMINATED): Auto-backup for 2025-05-12 08:00:00 via policy: Citel_Diario04
2025-05-27 20:03:41,129 - INFO - 
🔍 Processando boot volume: LinuxData048
2025-05-27 20:03:41,446 - INFO - ✅ Backup criado: BootBackup-LinuxData048-BKPAUTCITEL-20250527-2003
2025-05-27 20:03:42,117 - WARNING - ⏳ Backup ignorado (estado TERMINATED): Auto-backup for 2025-05-12 08:00:00 via policy: Citel_Diario04
2025-05-27 20:03:42,118 - INFO - 
🔍 Processando boot volume: LinuxData032
2025-05-27 20:03:42,253 - WARNING - ⚠️ Tentativa 1: Limite de requisições. Aguardando 1s...
2025-05-27 20:03:48,444 - WARNING - ⚠️ Tentativa 2: Limite de requisições. Aguardando 2s...
2025-05-27 20:03:54,624 - INFO - ✅ Backup criado: BootBackup-LinuxData032-BKPAUTCITEL-20250527-2003
2025-05-27 20:03:55,321 - WARNING - ⏳ Backup ignorado (estado TERMINATED): Auto-backup for 2025-05-12 08:00:00 via policy: Citel_Diario04
2025-05-27 20:03:55,322 - INFO - 
🔍 Processando boot volume: LinuxData033
2025-05-27 20:03:55,446 - WARNING - ⚠️ Tentativa 1: Limite de requisições. Aguardando 1s...
2025-05-27 20:04:00,644 - WARNING - ⚠️ Tentativa 2: Limite de requisições. Aguardando 2s...
2025-05-27 20:04:07,333 - INFO - ✅ Backup criado: BootBackup-LinuxData033-BKPAUTCITEL-20250527-2003
2025-05-27 20:04:08,000 - WARNING - ⏳ Backup ignorado (estado TERMINATED): Auto-backup for 2025-05-12 08:00:00 via policy: Citel_Diario04
2025-05-27 20:04:08,000 - INFO - 
🔍 Processando boot volume: LinuxData034
2025-05-27 20:04:08,125 - WARNING - ⚠️ Tentativa 1: Limite de requisições. Aguardando 1s...
2025-05-27 20:04:10,760 - WARNING - ⚠️ Tentativa 2: Limite de requisições. Aguardando 2s...
2025-05-27 20:04:14,617 - WARNING - ⚠️ Tentativa 3: Limite de requisições. Aguardando 4s...
2025-05-27 20:04:21,014 - INFO - ✅ Backup criado: BootBackup-LinuxData034-BKPAUTCITEL-20250527-2004
2025-05-27 20:04:21,699 - WARNING - ⏳ Backup ignorado (estado TERMINATED): Auto-backup for 2025-05-12 08:00:00 via policy: Citel_Diario04
2025-05-27 20:04:21,700 - INFO - 
🔍 Processando boot volume: LinuxData029
2025-05-27 20:04:21,992 - INFO - ✅ Backup criado: BootBackup-LinuxData029-BKPAUTCITEL-20250527-2004
2025-05-27 20:04:22,673 - WARNING - ⏳ Backup ignorado (estado TERMINATED): Auto-backup for 2025-05-12 08:00:00 via policy: Citel_Diario04
2025-05-27 20:04:22,674 - INFO - 
🔍 Processando boot volume: LinuxData019
2025-05-27 20:04:22,798 - WARNING - ⚠️ Tentativa 1: Limite de requisições. Aguardando 1s...
2025-05-27 20:04:24,632 - INFO - ✅ Backup criado: BootBackup-LinuxData019-BKPAUTCITEL-20250527-2004
2025-05-27 20:04:25,328 - WARNING - ⏳ Backup ignorado (estado TERMINATED): Auto-backup for 2025-05-12 08:00:00 via policy: Citel_Diario04
2025-05-27 20:04:25,329 - INFO - 
🔍 Processando boot volume: LinuxData021
2025-05-27 20:04:25,626 - INFO - ✅ Backup criado: BootBackup-LinuxData021-BKPAUTCITEL-20250527-2004
2025-05-27 20:04:26,370 - WARNING - ⏳ Backup ignorado (estado TERMINATED): Auto-backup for 2025-05-12 08:00:00 via policy: Citel_Diario04
2025-05-27 20:04:26,371 - INFO - 
🔍 Processando boot volume: LinuxData022
2025-05-27 20:04:26,678 - INFO - ✅ Backup criado: BootBackup-LinuxData022-BKPAUTCITEL-20250527-2004
2025-05-27 20:04:27,327 - WARNING - ⏳ Backup ignorado (estado TERMINATED): Auto-backup for 2025-05-12 08:00:00 via policy: Citel_Diario04
2025-05-27 20:04:27,328 - INFO - 
🔍 Processando boot volume: LinuxData024
2025-05-27 20:04:27,453 - WARNING - ⚠️ Tentativa 1: Limite de requisições. Aguardando 1s...
2025-05-27 20:04:30,101 - INFO - ✅ Backup criado: BootBackup-LinuxData024-BKPAUTCITEL-20250527-2004
2025-05-27 20:04:30,775 - WARNING - ⏳ Backup ignorado (estado TERMINATED): Auto-backup for 2025-05-12 08:00:00 via policy: Citel_Diario04
2025-05-27 20:04:30,776 - INFO - 
🔍 Processando boot volume: LinuxData020
2025-05-27 20:04:30,901 - WARNING - ⚠️ Tentativa 1: Limite de requisições. Aguardando 1s...
2025-05-27 20:04:34,758 - INFO - ✅ Backup criado: BootBackup-LinuxData020-BKPAUTCITEL-20250527-2004
2025-05-27 20:04:35,426 - WARNING - ⏳ Backup ignorado (estado TERMINATED): Auto-backup for 2025-05-12 08:00:00 via policy: Citel_Diario04
2025-05-27 20:04:35,426 - INFO - 
🔍 Processando boot volume: LinuxData026
2025-05-27 20:04:35,553 - WARNING - ⚠️ Tentativa 1: Limite de requisições. Aguardando 1s...
2025-05-27 20:04:41,048 - INFO - ✅ Backup criado: BootBackup-LinuxData026-BKPAUTCITEL-20250527-2004
2025-05-27 20:04:41,738 - WARNING - ⏳ Backup ignorado (estado TERMINATED): Auto-backup for 2025-05-12 08:00:00 via policy: Citel_Diario04
2025-05-27 20:04:41,739 - INFO - 
🔍 Processando boot volume: LinuxData028
2025-05-27 20:04:41,864 - WARNING - ⚠️ Tentativa 1: Limite de requisições. Aguardando 1s...
2025-05-27 20:04:45,603 - INFO - ✅ Backup criado: BootBackup-LinuxData028-BKPAUTCITEL-20250527-2004
2025-05-27 20:04:46,262 - WARNING - ⏳ Backup ignorado (estado TERMINATED): Auto-backup for 2025-05-12 08:00:00 via policy: Citel_Diario04
2025-05-27 20:04:46,262 - INFO - 
🔍 Processando boot volume: LinuxData030
2025-05-27 20:04:46,387 - WARNING - ⚠️ Tentativa 1: Limite de requisições. Aguardando 1s...
2025-05-27 20:04:48,616 - WARNING - ⚠️ Tentativa 2: Limite de requisições. Aguardando 2s...
2025-05-27 20:04:52,071 - WARNING - ⚠️ Tentativa 3: Limite de requisições. Aguardando 4s...
2025-05-27 20:04:58,738 - INFO - ✅ Backup criado: BootBackup-LinuxData030-BKPAUTCITEL-20250527-2004
2025-05-27 20:04:59,430 - WARNING - ⏳ Backup ignorado (estado TERMINATED): Auto-backup for 2025-05-12 08:00:00 via policy: Citel_Diario04
2025-05-27 20:04:59,430 - INFO - 
🔍 Processando boot volume: LinuxData040
2025-05-27 20:04:59,554 - WARNING - ⚠️ Tentativa 1: Limite de requisições. Aguardando 1s...
2025-05-27 20:05:04,094 - INFO - ✅ Backup criado: BootBackup-LinuxData040-BKPAUTCITEL-20250527-2004
2025-05-27 20:05:04,748 - WARNING - ⏳ Backup ignorado (estado TERMINATED): Auto-backup for 2025-05-12 08:00:00 via policy: Citel_Diario04
2025-05-27 20:05:04,748 - INFO - 
🔍 Processando boot volume: LinuxData065
2025-05-27 20:05:05,062 - INFO - ✅ Backup criado: BootBackup-LinuxData065-BKPAUTCITEL-20250527-2005
2025-05-27 20:05:05,708 - WARNING - ⏳ Backup ignorado (estado TERMINATED): Auto-backup for 2025-05-12 08:00:00 via policy: Citel_Diario04
2025-05-27 20:05:05,708 - INFO - 
🔍 Processando boot volume: LinuxData072
2025-05-27 20:05:05,999 - INFO - ✅ Backup criado: BootBackup-LinuxData072-BKPAUTCITEL-20250527-2005
2025-05-27 20:05:06,640 - WARNING - ⏳ Backup ignorado (estado TERMINATED): Auto-backup for 2025-05-12 08:00:00 via policy: Citel_Diario04
2025-05-27 20:05:06,641 - INFO - 
🔍 Processando boot volume: LinuxData001
2025-05-27 20:05:06,766 - WARNING - ⚠️ Tentativa 1: Limite de requisições. Aguardando 1s...
2025-05-27 20:05:09,334 - INFO - ✅ Backup criado: BootBackup-LinuxData001-BKPAUTCITEL-20250527-2005
2025-05-27 20:05:09,983 - WARNING - ⏳ Backup ignorado (estado TERMINATED): Auto-backup for 2025-05-12 08:00:00 via policy: Citel_Diario04
2025-05-27 20:05:09,983 - INFO - 
🔍 Processando boot volume: LinuxData002
2025-05-27 20:05:10,288 - INFO - ✅ Backup criado: BootBackup-LinuxData002-BKPAUTCITEL-20250527-2005
2025-05-27 20:05:10,972 - WARNING - ⏳ Backup ignorado (estado TERMINATED): Auto-backup for 2025-05-12 08:00:00 via policy: Citel_Diario04
2025-05-27 20:05:10,972 - INFO - 
🔍 Processando boot volume: LinuxTSPlus20_boot_clone0105
2025-05-27 20:05:11,268 - INFO - ✅ Backup criado: BootBackup-LinuxTSPlus20_boot_clone0105-BKPAUTCITEL-20250527-2005
2025-05-27 20:05:11,954 - INFO - 
🔍 Processando boot volume: LinuxData013_clone06052025
2025-05-27 20:05:12,079 - WARNING - ⚠️ Tentativa 1: Limite de requisições. Aguardando 1s...
2025-05-27 20:05:14,254 - WARNING - ⚠️ Tentativa 2: Limite de requisições. Aguardando 2s...
2025-05-27 20:05:21,249 - WARNING - ⚠️ Tentativa 3: Limite de requisições. Aguardando 4s...
2025-05-27 20:05:29,974 - WARNING - ⚠️ Tentativa 4: Limite de requisições. Aguardando 8s...
2025-05-27 20:05:38,890 - INFO - ✅ Backup criado: BootBackup-LinuxData013_clone06052025-BKPAUTCITEL-20250527-2005
2025-05-27 20:05:39,541 - INFO - 
🔍 Processando boot volume: LinuxData001-Clone-Teste
2025-05-27 20:05:39,666 - WARNING - ⚠️ Tentativa 1: Limite de requisições. Aguardando 1s...
2025-05-27 20:05:41,397 - INFO - ✅ Backup criado: BootBackup-LinuxData001-Clone-Teste-BKPAUTCITEL-20250527-2005
2025-05-27 20:05:41,935 - INFO - 
🔁 Tentando novamente os backups que falharam...
2025-05-27 20:05:41,935 - INFO - 
🔄 Reprocessando: LinuxData009
2025-05-27 20:05:42,293 - INFO - ✅ Backup criado: BootBackup-LinuxData009-BKPAUTCITEL-20250527-2005
2025-05-27 20:05:42,293 - INFO - 
✅ Execução concluída com sucesso
