2025-05-27 20:07:01,173 - INFO - 
🔍 Processando block volume: LinuxTSPlus1
2025-05-27 20:07:01,437 - INFO - ✅ Backup criado: BlockBackup-LinuxTSPlus1-BKPAUTCITEL-20250527-2007
2025-05-27 20:07:02,023 - INFO - 
🔍 Processando block volume: Banco1LinuxTSPlus2
2025-05-27 20:07:02,308 - INFO - ✅ Backup criado: BlockBackup-Banco1LinuxTSPlus2-BKPAUTCITEL-20250527-2007
2025-05-27 20:07:02,907 - INFO - 
🔍 Processando block volume: Banco1LinuxTSPlus4
2025-05-27 20:07:03,198 - INFO - ✅ Backup criado: BlockBackup-Banco1LinuxTSPlus4-BKPAUTCITEL-20250527-2007
2025-05-27 20:07:03,781 - INFO - 
🔍 Processando block volume: Banco1LinuxTSPlus20
2025-05-27 20:07:04,073 - INFO - ✅ Backup criado: BlockBackup-Banco1LinuxTSPlus20-BKPAUTCITEL-20250527-2007
2025-05-27 20:07:04,672 - INFO - 
🔍 Processando block volume: Banco3LinuxTSPlus1
2025-05-27 20:07:04,977 - INFO - ✅ Backup criado: BlockBackup-Banco3LinuxTSPlus1-BKPAUTCITEL-20250527-2007
2025-05-27 20:07:05,558 - INFO - 
🔍 Processando block volume: Banco_PalacioFerramentas
2025-05-27 20:07:05,683 - WARNING - ⚠️ Tentativa 1: Limite de requisições. Aguardando 5s...
2025-05-27 20:07:15,585 - INFO - ✅ Backup criado: BlockBackup-Banco_PalacioFerramentas-BKPAUTCITEL-20250527-2007
2025-05-27 20:07:16,171 - INFO - 
🔍 Processando block volume: Banco1LinuxTSPlus25
2025-05-27 20:07:16,296 - WARNING - ⚠️ Tentativa 1: Limite de requisições. Aguardando 5s...
2025-05-27 20:07:22,834 - INFO - ✅ Backup criado: BlockBackup-Banco1LinuxTSPlus25-BKPAUTCITEL-20250527-2007
2025-05-27 20:07:23,417 - INFO - 
🔍 Processando block volume: Banco1LinuxTSPlus30
2025-05-27 20:07:23,709 - INFO - ✅ Backup criado: BlockBackup-Banco1LinuxTSPlus30-BKPAUTCITEL-20250527-2007
2025-05-27 20:07:24,296 - INFO - 
🔍 Processando block volume: Banco5LinuxTSPlus10
2025-05-27 20:07:24,579 - INFO - ✅ Backup criado: BlockBackup-Banco5LinuxTSPlus10-BKPAUTCITEL-20250527-2007
2025-05-27 20:07:25,157 - INFO - 
🔍 Processando block volume: Banco2LinuxTSPlus20
2025-05-27 20:07:25,417 - INFO - ✅ Backup criado: BlockBackup-Banco2LinuxTSPlus20-BKPAUTCITEL-20250527-2007
2025-05-27 20:07:26,009 - INFO - 
🔍 Processando block volume: Banco2BR24
2025-05-27 20:07:26,283 - INFO - ✅ Backup criado: BlockBackup-Banco2BR24-BKPAUTCITEL-20250527-2007
2025-05-27 20:07:26,857 - INFO - 
🔍 Processando block volume: LinuxDataBelaTintas
2025-05-27 20:07:26,982 - WARNING - ⚠️ Tentativa 1: Limite de requisições. Aguardando 5s...
2025-05-27 20:07:35,191 - INFO - ✅ Backup criado: BlockBackup-LinuxDataBelaTintas-BKPAUTCITEL-20250527-2007
2025-05-27 20:07:35,779 - INFO - 
🔍 Processando block volume: Bancos2_BR02
2025-05-27 20:07:36,071 - INFO - ✅ Backup criado: BlockBackup-Bancos2_BR02-BKPAUTCITEL-20250527-2007
2025-05-27 20:07:36,648 - INFO - 
🔍 Processando block volume: Bancos4_BR01
2025-05-27 20:07:36,941 - INFO - ✅ Backup criado: BlockBackup-Bancos4_BR01-BKPAUTCITEL-20250527-2007
2025-05-27 20:07:37,520 - INFO - 
🔍 Processando block volume: BKO Palacio TKT 651385
2025-05-27 20:07:37,645 - WARNING - ⚠️ Tentativa 1: Limite de requisições. Aguardando 5s...
2025-05-27 20:07:46,137 - WARNING - ⚠️ Tentativa 2: Limite de requisições. Aguardando 10s...
2025-05-27 20:07:57,926 - WARNING - ⚠️ Tentativa 3: Limite de requisições. Aguardando 20s...
2025-05-27 20:08:20,198 - INFO - ✅ Backup criado: BlockBackup-BKO Palacio TKT 651385-BKPAUTCITEL-20250527-2007
2025-05-27 20:08:20,775 - INFO - 
🔍 Processando block volume: Bancos3_BR25
2025-05-27 20:08:21,043 - INFO - ✅ Backup criado: BlockBackup-Bancos3_BR25-BKPAUTCITEL-20250527-2008
2025-05-27 20:08:21,621 - INFO - 
🔍 Processando block volume: GeB
2025-05-27 20:08:21,895 - INFO - ✅ Backup criado: BlockBackup-GeB-BKPAUTCITEL-20250527-2008
2025-05-27 20:08:22,569 - INFO - 
🔍 Processando block volume: Banco3_BR20
2025-05-27 20:08:22,849 - INFO - ✅ Backup criado: BlockBackup-Banco3_BR20-BKPAUTCITEL-20250527-2008
2025-05-27 20:08:23,439 - INFO - 
🔍 Processando block volume: Banco_Darka
2025-05-27 20:08:23,804 - INFO - ✅ Backup criado: BlockBackup-Banco_Darka-BKPAUTCITEL-20250527-2008
2025-05-27 20:08:24,405 - INFO - 
🔍 Processando block volume: Banco4LinuxTSPlus20
2025-05-27 20:08:24,731 - INFO - ✅ Backup criado: BlockBackup-Banco4LinuxTSPlus20-BKPAUTCITEL-20250527-2008
2025-05-27 20:08:25,318 - INFO - 
🔍 Processando block volume: BackupGeB
2025-05-27 20:08:25,446 - WARNING - ⚠️ Tentativa 1: Limite de requisições. Aguardando 5s...
2025-05-27 20:08:32,232 - INFO - ✅ Backup criado: BlockBackup-BackupGeB-BKPAUTCITEL-20250527-2008
2025-05-27 20:08:32,816 - INFO - 
🔍 Processando block volume: BancoGeB
2025-05-27 20:08:33,092 - INFO - ✅ Backup criado: BlockBackup-BancoGeB-BKPAUTCITEL-20250527-2008
2025-05-27 20:08:33,682 - INFO - 
🔍 Processando block volume: Bancos5_BR1
2025-05-27 20:08:33,963 - INFO - ✅ Backup criado: BlockBackup-Bancos5_BR1-BKPAUTCITEL-20250527-2008
2025-05-27 20:08:34,548 - INFO - 
🔍 Processando block volume: bkpBoomerVinicius
2025-05-27 20:08:34,860 - INFO - ✅ Backup criado: BlockBackup-bkpBoomerVinicius-BKPAUTCITEL-20250527-2008
2025-05-27 20:08:35,436 - INFO - 
🔍 Processando block volume: GeB2
2025-05-27 20:08:35,773 - INFO - ✅ Backup criado: BlockBackup-GeB2-BKPAUTCITEL-20250527-2008
2025-05-27 20:08:36,359 - INFO - 
🔍 Processando block volume: bkpParque1014464
2025-05-27 20:08:36,484 - WARNING - ⚠️ Tentativa 1: Limite de requisições. Aguardando 5s...
2025-05-27 20:08:45,985 - INFO - ✅ Backup criado: BlockBackup-bkpParque1014464-BKPAUTCITEL-20250527-2008
2025-05-27 20:08:46,584 - INFO - 
🔍 Processando block volume: bkpPedrao1020442
2025-05-27 20:08:46,709 - WARNING - ⚠️ Tentativa 1: Limite de requisições. Aguardando 5s...
2025-05-27 20:08:53,723 - INFO - ✅ Backup criado: BlockBackup-bkpPedrao1020442-BKPAUTCITEL-20250527-2008
2025-05-27 20:08:54,308 - INFO - 
🔍 Processando block volume: Backup_BR34_1031161
2025-05-27 20:08:54,433 - WARNING - ⚠️ Tentativa 1: Limite de requisições. Aguardando 5s...
2025-05-27 20:09:03,519 - WARNING - ⚠️ Tentativa 2: Limite de requisições. Aguardando 10s...
2025-05-27 20:09:15,726 - INFO - ✅ Backup criado: BlockBackup-Backup_BR34_1031161-BKPAUTCITEL-20250527-2008
2025-05-27 20:09:16,373 - INFO - 
🔍 Processando block volume: GeB BancoTeste tkt 1048932
2025-05-27 20:09:16,817 - INFO - ✅ Backup criado: BlockBackup-GeB BancoTeste tkt 1048932-BKPAUTCITEL-20250527-2009
2025-05-27 20:09:17,410 - INFO - 
🔍 Processando block volume: Banco1LinuxTSPlus11_clone2904
2025-05-27 20:09:17,535 - WARNING - ⚠️ Tentativa 1: Limite de requisições. Aguardando 5s...
2025-05-27 20:09:26,584 - INFO - ✅ Backup criado: BlockBackup-Banco1LinuxTSPlus11_clone2904-BKPAUTCITEL-20250527-2009
2025-05-27 20:09:27,168 - INFO - 
🔍 Processando block volume: LinuxTSPlus11_BancoPRODJRPais_clone2904
2025-05-27 20:09:27,468 - INFO - ✅ Backup criado: BlockBackup-LinuxTSPlus11_BancoPRODJRPais_clone2904-BKPAUTCITEL-20250527-2009
2025-05-27 20:09:28,059 - INFO - 
🔍 Processando block volume: LinuxTSPlus30_Banco1LinuxTSPlus30_clone2904
2025-05-27 20:09:28,350 - INFO - ✅ Backup criado: BlockBackup-LinuxTSPlus30_Banco1LinuxTSPlus30_clone2904-BKPAUTCITEL-20250527-2009
2025-05-27 20:09:28,963 - INFO - 
🔍 Processando block volume: Banco-1-LinuxData012
2025-05-27 20:09:29,088 - WARNING - ⚠️ Tentativa 1: Limite de requisições. Aguardando 5s...
2025-05-27 20:09:38,570 - WARNING - ⚠️ Tentativa 2: Limite de requisições. Aguardando 10s...
2025-05-27 20:09:49,307 - WARNING - ⚠️ Tentativa 3: Limite de requisições. Aguardando 20s...
2025-05-27 20:10:14,291 - INFO - ✅ Backup criado: BlockBackup-Banco-1-LinuxData012-BKPAUTCITEL-20250527-2009
2025-05-27 20:10:14,866 - INFO - 
🔍 Processando block volume: Banco2-LinuxData012
2025-05-27 20:10:15,375 - INFO - ✅ Backup criado: BlockBackup-Banco2-LinuxData012-BKPAUTCITEL-20250527-2010
2025-05-27 20:10:15,974 - INFO - 
🔍 Processando block volume: Banco3-LinuxData012
2025-05-27 20:10:16,306 - INFO - ✅ Backup criado: BlockBackup-Banco3-LinuxData012-BKPAUTCITEL-20250527-2010
2025-05-27 20:10:16,889 - INFO - 
🔍 Processando block volume: LinuxTSPlus55_Banco1BR55_clone2904
2025-05-27 20:10:17,191 - INFO - ✅ Backup criado: BlockBackup-LinuxTSPlus55_Banco1BR55_clone2904-BKPAUTCITEL-20250527-2010
2025-05-27 20:10:17,774 - INFO - 
🔍 Processando block volume: LinuxTSPlus55_Banco3BR55_clone2904
2025-05-27 20:10:18,099 - INFO - ✅ Backup criado: BlockBackup-LinuxTSPlus55_Banco3BR55_clone2904-BKPAUTCITEL-20250527-2010
2025-05-27 20:10:18,697 - INFO - 
🔍 Processando block volume: LinuxTSPlus65_Banco1LinuxTSPLUS65_clone2904
2025-05-27 20:10:18,822 - WARNING - ⚠️ Tentativa 1: Limite de requisições. Aguardando 5s...
2025-05-27 20:10:25,941 - INFO - ✅ Backup criado: BlockBackup-LinuxTSPlus65_Banco1LinuxTSPLUS65_clone2904-BKPAUTCITEL-20250527-2010
2025-05-27 20:10:26,530 - INFO - 
🔍 Processando block volume: LinuxTSPlus65_Banco2LinuxTSPLUS65_clone2904
2025-05-27 20:10:26,826 - INFO - ✅ Backup criado: BlockBackup-LinuxTSPlus65_Banco2LinuxTSPLUS65_clone2904-BKPAUTCITEL-20250527-2010
2025-05-27 20:10:27,441 - INFO - 
🔍 Processando block volume: LinuxTSPlus65_Banco3LinuxTSPLUS65_clone2904
2025-05-27 20:10:27,843 - INFO - ✅ Backup criado: BlockBackup-LinuxTSPlus65_Banco3LinuxTSPLUS65_clone2904-BKPAUTCITEL-20250527-2010
2025-05-27 20:10:28,420 - INFO - 
🔍 Processando block volume: LinuxTSPlus65_BinariosLinuxTSPLUS65_clone2904
2025-05-27 20:10:28,545 - WARNING - ⚠️ Tentativa 1: Limite de requisições. Aguardando 5s...
2025-05-27 20:10:38,859 - INFO - ✅ Backup criado: BlockBackup-LinuxTSPlus65_BinariosLinuxTSPLUS65_clone2904-BKPAUTCITEL-20250527-2010
2025-05-27 20:10:39,438 - INFO - 
🔍 Processando block volume: LinuxTSPlus28_Banco2LinuxTSPlus28_clone2904
2025-05-27 20:10:39,769 - INFO - ✅ Backup criado: BlockBackup-LinuxTSPlus28_Banco2LinuxTSPlus28_clone2904-BKPAUTCITEL-20250527-2010
2025-05-27 20:10:40,393 - INFO - 
🔍 Processando block volume: LinuxTSPlus28_bancos3_BR28_clone2904
2025-05-27 20:10:40,518 - WARNING - ⚠️ Tentativa 1: Limite de requisições. Aguardando 5s...
2025-05-27 20:10:47,844 - WARNING - ⚠️ Tentativa 2: Limite de requisições. Aguardando 10s...
2025-05-27 20:10:59,041 - INFO - ✅ Backup criado: BlockBackup-LinuxTSPlus28_bancos3_BR28_clone2904-BKPAUTCITEL-20250527-2010
2025-05-27 20:10:59,631 - INFO - 
🔍 Processando block volume: LinuxTSPlus29_Banco1LinuxTSPlus29_clone2904
2025-05-27 20:10:59,938 - INFO - ✅ Backup criado: BlockBackup-LinuxTSPlus29_Banco1LinuxTSPlus29_clone2904-BKPAUTCITEL-20250527-2010
2025-05-27 20:11:00,547 - INFO - 
🔍 Processando block volume: LinuxTSPlus29_Bancos2_BR29_clone2904
2025-05-27 20:11:00,672 - WARNING - ⚠️ Tentativa 1: Limite de requisições. Aguardando 5s...
2025-05-27 20:11:10,585 - WARNING - ⚠️ Tentativa 2: Limite de requisições. Aguardando 10s...
2025-05-27 20:11:21,680 - WARNING - ⚠️ Tentativa 3: Limite de requisições. Aguardando 20s...
2025-05-27 20:11:46,238 - INFO - ✅ Backup criado: BlockBackup-LinuxTSPlus29_Bancos2_BR29_clone2904-BKPAUTCITEL-20250527-2011
2025-05-27 20:11:46,818 - INFO - 
🔍 Processando block volume: LinuxTSPlus29_Bancos3_BR29_clone2904
2025-05-27 20:11:47,166 - INFO - ✅ Backup criado: BlockBackup-LinuxTSPlus29_Bancos3_BR29_clone2904-BKPAUTCITEL-20250527-2011
2025-05-27 20:11:47,773 - INFO - 
🔍 Processando block volume: LinuxTSPlus72_Banco2BR_72_clone2904
2025-05-27 20:11:48,159 - INFO - ✅ Backup criado: BlockBackup-LinuxTSPlus72_Banco2BR_72_clone2904-BKPAUTCITEL-20250527-2011
2025-05-27 20:11:48,778 - INFO - 
🔍 Processando block volume: LinuxTSPlus72_BancoBR_clone2904
2025-05-27 20:11:49,060 - INFO - ✅ Backup criado: BlockBackup-LinuxTSPlus72_BancoBR_clone2904-BKPAUTCITEL-20250527-2011
2025-05-27 20:11:49,654 - INFO - 
🔍 Processando block volume: LinuxTSPlus43_Banco1LinuxTSPLUS43_clone2904
2025-05-27 20:11:49,985 - INFO - ✅ Backup criado: BlockBackup-LinuxTSPlus43_Banco1LinuxTSPLUS43_clone2904-BKPAUTCITEL-20250527-2011
2025-05-27 20:11:50,557 - INFO - 
🔍 Processando block volume: LinuxTSPlus43_HD4-LinuxDBA_clone2904
2025-05-27 20:11:50,828 - INFO - ✅ Backup criado: BlockBackup-LinuxTSPlus43_HD4-LinuxDBA_clone2904-BKPAUTCITEL-20250527-2011
2025-05-27 20:11:51,398 - INFO - 
🔍 Processando block volume: LinuxTSPlus50_Banco1LinuxTSPlus50_clone2904
2025-05-27 20:11:51,688 - INFO - ✅ Backup criado: BlockBackup-LinuxTSPlus50_Banco1LinuxTSPlus50_clone2904-BKPAUTCITEL-20250527-2011
2025-05-27 20:11:52,265 - INFO - 
🔍 Processando block volume: LinuxTSPlus37_Banco1LinuxTSPLUS37_clone2904
2025-05-27 20:11:52,545 - INFO - ✅ Backup criado: BlockBackup-LinuxTSPlus37_Banco1LinuxTSPLUS37_clone2904-BKPAUTCITEL-20250527-2011
2025-05-27 20:11:53,121 - INFO - 
🔍 Processando block volume: LinuxTSPlus37_Banco2LinuxTSPLUS37_clone2904
2025-05-27 20:11:53,246 - WARNING - ⚠️ Tentativa 1: Limite de requisições. Aguardando 5s...
2025-05-27 20:12:00,983 - WARNING - ⚠️ Tentativa 2: Limite de requisições. Aguardando 10s...
2025-05-27 20:12:13,527 - INFO - ✅ Backup criado: BlockBackup-LinuxTSPlus37_Banco2LinuxTSPLUS37_clone2904-BKPAUTCITEL-20250527-2011
2025-05-27 20:12:14,124 - INFO - 
🔍 Processando block volume: LinuxTSPlus40_Banco1
2025-05-27 20:12:14,248 - WARNING - ⚠️ Tentativa 1: Limite de requisições. Aguardando 5s...
2025-05-27 20:12:21,406 - WARNING - ⚠️ Tentativa 2: Limite de requisições. Aguardando 10s...
2025-05-27 20:12:33,299 - INFO - ✅ Backup criado: BlockBackup-LinuxTSPlus40_Banco1-BKPAUTCITEL-20250527-2012
2025-05-27 20:12:33,902 - INFO - 
🔍 Processando block volume: LinuxTSPlus32_Banco1LinuxTSPLUS32_clone2904
2025-05-27 20:12:34,194 - INFO - ✅ Backup criado: BlockBackup-LinuxTSPlus32_Banco1LinuxTSPLUS32_clone2904-BKPAUTCITEL-20250527-2012
2025-05-27 20:12:34,770 - INFO - 
🔍 Processando block volume: LinuxTSPlus32_Banco2LinuxTSPLUS32_clone2904
2025-05-27 20:12:35,046 - INFO - ✅ Backup criado: BlockBackup-LinuxTSPlus32_Banco2LinuxTSPLUS32_clone2904-BKPAUTCITEL-20250527-2012
2025-05-27 20:12:35,646 - INFO - 
🔍 Processando block volume: Banco2-LinuxData013
2025-05-27 20:12:35,922 - INFO - ✅ Backup criado: BlockBackup-Banco2-LinuxData013-BKPAUTCITEL-20250527-2012
2025-05-27 20:12:36,523 - INFO - 
🔍 Processando block volume: Banco3-LinuxData013
2025-05-27 20:12:36,792 - INFO - ✅ Backup criado: BlockBackup-Banco3-LinuxData013-BKPAUTCITEL-20250527-2012
2025-05-27 20:12:37,394 - INFO - 
🔍 Processando block volume: Banco1-LinuxData013
2025-05-27 20:12:37,681 - INFO - ✅ Backup criado: BlockBackup-Banco1-LinuxData013-BKPAUTCITEL-20250527-2012
2025-05-27 20:12:38,303 - INFO - 
🔍 Processando block volume: LinuxTSPlus14_BackupCoresVivas TKT 902822_clone2904
2025-05-27 20:12:38,642 - INFO - ✅ Backup criado: BlockBackup-LinuxTSPlus14_BackupCoresVivas TKT 902822_clone2904-BKPAUTCITEL-20250527-2012
2025-05-27 20:12:39,218 - INFO - 
🔍 Processando block volume: LinuxTSPlus14_Banco2LinuxTSPlus14_clone2904
2025-05-27 20:12:39,485 - INFO - ✅ Backup criado: BlockBackup-LinuxTSPlus14_Banco2LinuxTSPlus14_clone2904-BKPAUTCITEL-20250527-2012
2025-05-27 20:12:40,050 - INFO - 
🔍 Processando block volume: LinuxTSPlus9-Banco1LinuxTSPlus9-clone2904
2025-05-27 20:12:40,174 - WARNING - ⚠️ Tentativa 1: Limite de requisições. Aguardando 5s...
2025-05-27 20:12:48,454 - INFO - ✅ Backup criado: BlockBackup-LinuxTSPlus9-Banco1LinuxTSPlus9-clone2904-BKPAUTCITEL-20250527-2012
2025-05-27 20:12:49,035 - INFO - 
🔍 Processando block volume: LinuxTSPlus9-Banco3LinuxTSPlus9-clone2904
2025-05-27 20:12:49,160 - WARNING - ⚠️ Tentativa 1: Limite de requisições. Aguardando 5s...
2025-05-27 20:12:56,200 - WARNING - ⚠️ Tentativa 2: Limite de requisições. Aguardando 10s...
2025-05-27 20:13:08,729 - INFO - ✅ Backup criado: BlockBackup-LinuxTSPlus9-Banco3LinuxTSPlus9-clone2904-BKPAUTCITEL-20250527-2012
2025-05-27 20:13:09,309 - INFO - 
🔍 Processando block volume: LinuxTSPlus14_BancoUbertintasTSPlus14_clone2904
2025-05-27 20:13:09,600 - INFO - ✅ Backup criado: BlockBackup-LinuxTSPlus14_BancoUbertintasTSPlus14_clone2904-BKPAUTCITEL-20250527-2013
2025-05-27 20:13:10,188 - INFO - 
🔍 Processando block volume: LinuxTSPlus9-Bancos4_BR9-clone2904
2025-05-27 20:13:10,562 - INFO - ✅ Backup criado: BlockBackup-LinuxTSPlus9-Bancos4_BR9-clone2904-BKPAUTCITEL-20250527-2013
2025-05-27 20:13:11,162 - INFO - 
🔍 Processando block volume: LinuxTSPlus8-Banco1LinuxTSPlus8-clone2904
2025-05-27 20:13:11,441 - INFO - ✅ Backup criado: BlockBackup-LinuxTSPlus8-Banco1LinuxTSPlus8-clone2904-BKPAUTCITEL-20250527-2013
2025-05-27 20:13:12,028 - INFO - 
🔍 Processando block volume: LinuxTSPlus8-Banco3LinuxTSPlus8-clone2904
2025-05-27 20:13:12,321 - INFO - ✅ Backup criado: BlockBackup-LinuxTSPlus8-Banco3LinuxTSPlus8-clone2904-BKPAUTCITEL-20250527-2013
2025-05-27 20:13:12,900 - INFO - 
🔍 Processando block volume: LinuxTSPlus16_Banco1LinuxTSPlus16_clone2904
2025-05-27 20:13:13,025 - WARNING - ⚠️ Tentativa 1: Limite de requisições. Aguardando 5s...
2025-05-27 20:13:20,328 - WARNING - ⚠️ Tentativa 2: Limite de requisições. Aguardando 10s...
2025-05-27 20:13:31,326 - WARNING - ⚠️ Tentativa 3: Limite de requisições. Aguardando 20s...
2025-05-27 20:13:54,850 - INFO - ✅ Backup criado: BlockBackup-LinuxTSPlus16_Banco1LinuxTSPlus16_clone2904-BKPAUTCITEL-20250527-2013
2025-05-27 20:13:55,443 - INFO - 
🔍 Processando block volume: LinuxTSPlus16_Banco2LinuxTSPlus16_clone2904
2025-05-27 20:13:55,717 - INFO - ✅ Backup criado: BlockBackup-LinuxTSPlus16_Banco2LinuxTSPlus16_clone2904-BKPAUTCITEL-20250527-2013
2025-05-27 20:13:56,331 - INFO - 
🔍 Processando block volume: LinuxTSPlus7-Banco2LinuxTSPlus7-block-clone2904
2025-05-27 20:13:56,598 - INFO - ✅ Backup criado: BlockBackup-LinuxTSPlus7-Banco2LinuxTSPlus7-block-clone2904-BKPAUTCITEL-20250527-2013
2025-05-27 20:13:57,179 - INFO - 
🔍 Processando block volume: LinuxTSPlus7-Banco3LinuxTSPlus7-block-clone2904
2025-05-27 20:13:57,500 - INFO - ✅ Backup criado: BlockBackup-LinuxTSPlus7-Banco3LinuxTSPlus7-block-clone2904-BKPAUTCITEL-20250527-2013
2025-05-27 20:13:58,078 - INFO - 
🔍 Processando block volume: LinuxTSPlus7-Banco3_BR7-block-clone2904
2025-05-27 20:13:58,377 - INFO - ✅ Backup criado: BlockBackup-LinuxTSPlus7-Banco3_BR7-block-clone2904-BKPAUTCITEL-20250527-2013
2025-05-27 20:13:58,959 - INFO - 
🔍 Processando block volume: LinuxTSPlus17_Banco2LinuxTSPlus17_clone2904
2025-05-27 20:13:59,261 - INFO - ✅ Backup criado: BlockBackup-LinuxTSPlus17_Banco2LinuxTSPlus17_clone2904-BKPAUTCITEL-20250527-2013
2025-05-27 20:13:59,829 - INFO - 
🔍 Processando block volume: LinuxTSPlus17_BancoPRODBelaTintas_clone2904
2025-05-27 20:13:59,954 - WARNING - ⚠️ Tentativa 1: Limite de requisições. Aguardando 5s...
2025-05-27 20:14:10,481 - INFO - ✅ Backup criado: BlockBackup-LinuxTSPlus17_BancoPRODBelaTintas_clone2904-BKPAUTCITEL-20250527-2013
2025-05-27 20:14:11,070 - INFO - 
🔍 Processando block volume: LinuxTSPlus17_HD5-LinuxDBAs_clone2904
2025-05-27 20:14:11,332 - INFO - ✅ Backup criado: BlockBackup-LinuxTSPlus17_HD5-LinuxDBAs_clone2904-BKPAUTCITEL-20250527-2014
2025-05-27 20:14:11,915 - INFO - 
🔍 Processando block volume: LinuxTSPlus6-Banco3LinuxTSPlus6-block-clone2904
2025-05-27 20:14:12,222 - INFO - ✅ Backup criado: BlockBackup-LinuxTSPlus6-Banco3LinuxTSPlus6-block-clone2904-BKPAUTCITEL-20250527-2014
2025-05-27 20:14:12,802 - INFO - 
🔍 Processando block volume: LinuxTSPlus6-Banco4LinuxTSPlus6-block-clone2904
2025-05-27 20:14:13,117 - INFO - ✅ Backup criado: BlockBackup-LinuxTSPlus6-Banco4LinuxTSPlus6-block-clone2904-BKPAUTCITEL-20250527-2014
2025-05-27 20:14:13,709 - INFO - 
🔍 Processando block volume: LinuxTSPlus18-Banco1LinuxTSPlus18-block-2904
2025-05-27 20:14:13,838 - WARNING - ⚠️ Tentativa 1: Limite de requisições. Aguardando 5s...
2025-05-27 20:14:22,454 - WARNING - ⚠️ Tentativa 2: Limite de requisições. Aguardando 10s...
2025-05-27 20:14:33,586 - INFO - ✅ Backup criado: BlockBackup-LinuxTSPlus18-Banco1LinuxTSPlus18-block-2904-BKPAUTCITEL-20250527-2014
2025-05-27 20:14:34,164 - INFO - 
🔍 Processando block volume: LinuxTSPlus18-Banco2LinuxTSPlus18-block-2904
2025-05-27 20:14:34,290 - WARNING - ⚠️ Tentativa 1: Limite de requisições. Aguardando 5s...
2025-05-27 20:14:42,114 - INFO - ✅ Backup criado: BlockBackup-LinuxTSPlus18-Banco2LinuxTSPlus18-block-2904-BKPAUTCITEL-20250527-2014
2025-05-27 20:14:42,705 - INFO - 
🔍 Processando block volume: LinuxTSPlus18-Bancos4_BR18-block-2904
2025-05-27 20:14:42,997 - INFO - ✅ Backup criado: BlockBackup-LinuxTSPlus18-Bancos4_BR18-block-2904-BKPAUTCITEL-20250527-2014
2025-05-27 20:14:43,598 - INFO - 
🔍 Processando block volume: LinuxTsplus59-Banco2Linux59-block-clone2904
2025-05-27 20:14:43,925 - INFO - ✅ Backup criado: BlockBackup-LinuxTsplus59-Banco2Linux59-block-clone2904-BKPAUTCITEL-20250527-2014
2025-05-27 20:14:44,495 - INFO - 
🔍 Processando block volume: LinuxTsplus59-BancoLinux59-block-clone2904
2025-05-27 20:14:44,778 - INFO - ✅ Backup criado: BlockBackup-LinuxTsplus59-BancoLinux59-block-clone2904-BKPAUTCITEL-20250527-2014
2025-05-27 20:14:45,368 - INFO - 
🔍 Processando block volume: LinuxTSPlus19_Banco1LinuxTSPlus19_clone2904
2025-05-27 20:14:45,673 - INFO - ✅ Backup criado: BlockBackup-LinuxTSPlus19_Banco1LinuxTSPlus19_clone2904-BKPAUTCITEL-20250527-2014
2025-05-27 20:14:46,239 - INFO - 
🔍 Processando block volume: LinuxTSPlus19_Banco3LinuxTSPlus19_clone2904
2025-05-27 20:14:46,363 - WARNING - ⚠️ Tentativa 1: Limite de requisições. Aguardando 5s...
2025-05-27 20:14:52,710 - INFO - ✅ Backup criado: BlockBackup-LinuxTSPlus19_Banco3LinuxTSPlus19_clone2904-BKPAUTCITEL-20250527-2014
2025-05-27 20:14:53,278 - INFO - 
🔍 Processando block volume: LinuxTSPlus20_Banco1LinuxTSPlus20_clone2904
2025-05-27 20:14:53,403 - WARNING - ⚠️ Tentativa 1: Limite de requisições. Aguardando 5s...
2025-05-27 20:15:00,958 - INFO - ✅ Backup criado: BlockBackup-LinuxTSPlus20_Banco1LinuxTSPlus20_clone2904-BKPAUTCITEL-20250527-2014
2025-05-27 20:15:01,546 - INFO - 
🔍 Processando block volume: LinuxTSPlus20_Banco2LinuxTSPlus20_clone2904
2025-05-27 20:15:01,848 - INFO - ✅ Backup criado: BlockBackup-LinuxTSPlus20_Banco2LinuxTSPlus20_clone2904-BKPAUTCITEL-20250527-2015
2025-05-27 20:15:02,449 - INFO - 
🔍 Processando block volume: LinuxTSPlus20_Banco3_BR20_clone2904
2025-05-27 20:15:02,574 - WARNING - ⚠️ Tentativa 1: Limite de requisições. Aguardando 5s...
2025-05-27 20:15:09,928 - WARNING - ⚠️ Tentativa 2: Limite de requisições. Aguardando 10s...
2025-05-27 20:15:23,261 - INFO - ✅ Backup criado: BlockBackup-LinuxTSPlus20_Banco3_BR20_clone2904-BKPAUTCITEL-20250527-2015
2025-05-27 20:15:23,852 - INFO - 
🔍 Processando block volume: LinuxTSPlus20_Banco4LinuxTSPlus20_clone2904
2025-05-27 20:15:24,155 - INFO - ✅ Backup criado: BlockBackup-LinuxTSPlus20_Banco4LinuxTSPlus20_clone2904-BKPAUTCITEL-20250527-2015
2025-05-27 20:15:24,743 - INFO - 
🔍 Processando block volume: LinuxTSPlus5-Banco3LinuxBR5-block-clone2904
2025-05-27 20:15:25,010 - INFO - ✅ Backup criado: BlockBackup-LinuxTSPlus5-Banco3LinuxBR5-block-clone2904-BKPAUTCITEL-20250527-2015
2025-05-27 20:15:25,592 - INFO - 
🔍 Processando block volume: LinuxTSPlus5-Banco2LinuxBR5-block-clone2904
2025-05-27 20:15:25,874 - INFO - ✅ Backup criado: BlockBackup-LinuxTSPlus5-Banco2LinuxBR5-block-clone2904-BKPAUTCITEL-20250527-2015
2025-05-27 20:15:26,452 - INFO - 
🔍 Processando block volume: Banco1-LinuxData004
2025-05-27 20:15:26,577 - WARNING - ⚠️ Tentativa 1: Limite de requisições. Aguardando 5s...
2025-05-27 20:15:34,386 - INFO - ✅ Backup criado: BlockBackup-Banco1-LinuxData004-BKPAUTCITEL-20250527-2015
2025-05-27 20:15:34,977 - INFO - 
🔍 Processando block volume: Banco2-LinuxData004
2025-05-27 20:15:35,103 - WARNING - ⚠️ Tentativa 1: Limite de requisições. Aguardando 5s...
2025-05-27 20:15:41,059 - INFO - ✅ Backup criado: BlockBackup-Banco2-LinuxData004-BKPAUTCITEL-20250527-2015
2025-05-27 20:15:41,637 - INFO - 
🔍 Processando block volume: Banco3-LinuxData004
2025-05-27 20:15:41,914 - INFO - ✅ Backup criado: BlockBackup-Banco3-LinuxData004-BKPAUTCITEL-20250527-2015
2025-05-27 20:15:42,495 - INFO - 
🔍 Processando block volume: LinuxTSPlus48-block-Restore
2025-05-27 20:15:42,788 - INFO - ✅ Backup criado: BlockBackup-LinuxTSPlus48-block-Restore-BKPAUTCITEL-20250527-2015
2025-05-27 20:15:43,369 - INFO - 
🔍 Processando block volume: LinuxData007-Banco4
2025-05-27 20:15:43,494 - WARNING - ⚠️ Tentativa 1: Limite de requisições. Aguardando 5s...
2025-05-27 20:15:51,550 - INFO - ✅ Backup criado: BlockBackup-LinuxData007-Banco4-BKPAUTCITEL-20250527-2015
2025-05-27 20:15:52,134 - INFO - 
🔍 Processando block volume: Banco2LinuxBR21-Restore
2025-05-27 20:15:52,261 - WARNING - ⚠️ Tentativa 1: Limite de requisições. Aguardando 5s...
2025-05-27 20:16:01,444 - WARNING - ⚠️ Tentativa 2: Limite de requisições. Aguardando 10s...
2025-05-27 20:16:15,415 - INFO - ✅ Backup criado: BlockBackup-Banco2LinuxBR21-Restore-BKPAUTCITEL-20250527-2015
2025-05-27 20:16:16,009 - INFO - 
🔍 Processando block volume: LinuxTSPlus41-block-Restore
2025-05-27 20:16:16,294 - INFO - ✅ Backup criado: BlockBackup-LinuxTSPlus41-block-Restore-BKPAUTCITEL-20250527-2016
2025-05-27 20:16:16,880 - INFO - 
🔍 Processando block volume: Banco1LinuxTSPlus26-Restore
2025-05-27 20:16:17,166 - INFO - ✅ Backup criado: BlockBackup-Banco1LinuxTSPlus26-Restore-BKPAUTCITEL-20250527-2016
2025-05-27 20:16:17,751 - INFO - 
🔍 Processando block volume: LinuxTSPlus36-block-Restore
2025-05-27 20:16:18,052 - INFO - ✅ Backup criado: BlockBackup-LinuxTSPlus36-block-Restore-BKPAUTCITEL-20250527-2016
2025-05-27 20:16:18,639 - INFO - 
🔍 Processando block volume: LinuxTSPlus34-Bancos3_BR34-backup-Restore
2025-05-27 20:16:18,764 - WARNING - ⚠️ Tentativa 1: Limite de requisições. Aguardando 5s...
2025-05-27 20:16:29,102 - WARNING - ⚠️ Tentativa 2: Limite de requisições. Aguardando 10s...
2025-05-27 20:16:41,102 - INFO - ✅ Backup criado: BlockBackup-LinuxTSPlus34-Bancos3_BR34-backup-Restore-BKPAUTCITEL-20250527-2016
2025-05-27 20:16:41,680 - INFO - 
🔍 Processando block volume: LinuxTSPlus34-Bancos2_BR34-backup-Restore
2025-05-27 20:16:41,968 - INFO - ✅ Backup criado: BlockBackup-LinuxTSPlus34-Bancos2_BR34-backup-Restore-BKPAUTCITEL-20250527-2016
2025-05-27 20:16:42,538 - INFO - 
🔍 Processando block volume: Banco1LinuxTSPLUS33-Restore
2025-05-27 20:16:42,881 - INFO - ✅ Backup criado: BlockBackup-Banco1LinuxTSPLUS33-Restore-BKPAUTCITEL-20250527-2016
2025-05-27 20:16:43,462 - INFO - 
🔍 Processando block volume: Banco2BR33-Restore
2025-05-27 20:16:43,729 - INFO - ✅ Backup criado: BlockBackup-Banco2BR33-Restore-BKPAUTCITEL-20250527-2016
2025-05-27 20:16:44,288 - INFO - 
🔍 Processando block volume: LinuxTSPlus34-Banco1LinuxTSPLUS34-backup-Restore
2025-05-27 20:16:44,418 - WARNING - ⚠️ Tentativa 1: Limite de requisições. Aguardando 5s...
2025-05-27 20:16:53,995 - INFO - ✅ Backup criado: BlockBackup-LinuxTSPlus34-Banco1LinuxTSPLUS34-backup-Restore-BKPAUTCITEL-20250527-2016
2025-05-27 20:16:54,580 - INFO - 
🔍 Processando block volume: LinuxTSPlus1-Restore1
2025-05-27 20:16:54,892 - INFO - ✅ Backup criado: BlockBackup-LinuxTSPlus1-Restore1-BKPAUTCITEL-20250527-2016
2025-05-27 20:16:55,627 - INFO - 
🔍 Processando block volume: Bancos5_BR1-Restore2
2025-05-27 20:16:55,752 - WARNING - ⚠️ Tentativa 1: Limite de requisições. Aguardando 5s...
2025-05-27 20:17:04,587 - INFO - ✅ Backup criado: BlockBackup-Bancos5_BR1-Restore2-BKPAUTCITEL-20250527-2016
2025-05-27 20:17:05,190 - INFO - 
🔍 Processando block volume: Bancos4_BR01-Restore3
2025-05-27 20:17:05,315 - WARNING - ⚠️ Tentativa 1: Limite de requisições. Aguardando 5s...
2025-05-27 20:17:11,562 - INFO - ✅ Backup criado: BlockBackup-Bancos4_BR01-Restore3-BKPAUTCITEL-20250527-2017
2025-05-27 20:17:12,141 - INFO - 
🔍 Processando block volume: Banco3LinuxTSPlus1-Restore4
2025-05-27 20:17:12,418 - INFO - ✅ Backup criado: BlockBackup-Banco3LinuxTSPlus1-Restore4-BKPAUTCITEL-20250527-2017
2025-05-27 20:17:12,994 - INFO - 
🔍 Processando block volume: Banco1LinuxTSPlus24-Restore
2025-05-27 20:17:13,275 - INFO - ✅ Backup criado: BlockBackup-Banco1LinuxTSPlus24-Restore-BKPAUTCITEL-20250527-2017
2025-05-27 20:17:13,870 - INFO - 
🔍 Processando block volume: Banco1LinuxTSPlus22-Restore
2025-05-27 20:17:13,995 - WARNING - ⚠️ Tentativa 1: Limite de requisições. Aguardando 5s...
2025-05-27 20:17:23,865 - INFO - ✅ Backup criado: BlockBackup-Banco1LinuxTSPlus22-Restore-BKPAUTCITEL-20250527-2017
2025-05-27 20:17:24,441 - INFO - 
🔍 Processando block volume: Banco3LinuxTSPlus22-Restore
2025-05-27 20:17:24,877 - INFO - ✅ Backup criado: BlockBackup-Banco3LinuxTSPlus22-Restore-BKPAUTCITEL-20250527-2017
2025-05-27 20:17:25,464 - INFO - 
🔍 Processando block volume: Banco2LinuxTSPlus22-Restore
2025-05-27 20:17:25,755 - INFO - ✅ Backup criado: BlockBackup-Banco2LinuxTSPlus22-Restore-BKPAUTCITEL-20250527-2017
2025-05-27 20:17:26,337 - INFO - 
🔍 Processando block volume: LinuxData010-PalacioTKT651385
2025-05-27 20:17:26,602 - INFO - ✅ Backup criado: BlockBackup-LinuxData010-PalacioTKT651385-BKPAUTCITEL-20250527-2017
2025-05-27 20:17:27,178 - INFO - 
🔍 Processando block volume: LinuxData010-Banco4
2025-05-27 20:17:27,453 - INFO - ✅ Backup criado: BlockBackup-LinuxData010-Banco4-BKPAUTCITEL-20250527-2017
2025-05-27 20:17:28,022 - INFO - 
🔍 Processando block volume: LinuxData010-Banco5
2025-05-27 20:17:28,323 - INFO - ✅ Backup criado: BlockBackup-LinuxData010-Banco5-BKPAUTCITEL-20250527-2017
2025-05-27 20:17:28,915 - INFO - 
🔍 Processando block volume: LinuxData010-GeB
2025-05-27 20:17:29,040 - WARNING - ⚠️ Tentativa 1: Limite de requisições. Aguardando 5s...
2025-05-27 20:17:35,306 - WARNING - ⚠️ Tentativa 2: Limite de requisições. Aguardando 10s...
2025-05-27 20:17:49,482 - INFO - ✅ Backup criado: BlockBackup-LinuxData010-GeB-BKPAUTCITEL-20250527-2017
2025-05-27 20:17:50,071 - INFO - 
🔍 Processando block volume: LinuxData020-Banco3_BR20
2025-05-27 20:17:50,200 - WARNING - ⚠️ Tentativa 1: Limite de requisições. Aguardando 5s...
2025-05-27 20:17:58,840 - INFO - ✅ Backup criado: BlockBackup-LinuxData020-Banco3_BR20-BKPAUTCITEL-20250527-2017
2025-05-27 20:17:59,491 - INFO - 
🔍 Processando block volume: Restore Banco ComercialCarvalho
2025-05-27 20:17:59,797 - INFO - ✅ Backup criado: BlockBackup-Restore Banco ComercialCarvalho-BKPAUTCITEL-20250527-2017
2025-05-27 20:18:00,458 - INFO - 
🔍 Processando block volume: Restore Banco Fluzao
2025-05-27 20:18:00,867 - INFO - ✅ Backup criado: BlockBackup-Restore Banco Fluzao-BKPAUTCITEL-20250527-2018
2025-05-27 20:18:01,464 - INFO - 
🔍 Processando block volume: Restore Banco Suprema
2025-05-27 20:18:01,804 - INFO - ✅ Backup criado: BlockBackup-Restore Banco Suprema-BKPAUTCITEL-20250527-2018
2025-05-27 20:18:02,382 - INFO - 
🔍 Processando block volume: Banco_srvEstrategico
2025-05-27 20:18:02,507 - WARNING - ⚠️ Tentativa 1: Limite de requisições. Aguardando 5s...
2025-05-27 20:18:08,385 - WARNING - ⚠️ Tentativa 2: Limite de requisições. Aguardando 10s...
2025-05-27 20:18:23,636 - WARNING - ⚠️ Tentativa 3: Limite de requisições. Aguardando 20s...
2025-05-27 20:18:47,271 - INFO - ✅ Backup criado: BlockBackup-Banco_srvEstrategico-BKPAUTCITEL-20250527-2018
2025-05-27 20:18:47,879 - INFO - 
✅ Execução concluída com sucesso
