2025-05-27 11:06:16,709 - INFO - 
🔍 Processando block volume: LinuxTSPlus1
2025-05-27 11:06:17,017 - INFO - ✅ Backup criado: BlockBackup-LinuxTSPlus1-BKPAUTCITEL-20250527-1106
2025-05-27 11:06:17,229 - INFO - 
🔍 Processando block volume: Banco1LinuxTSPlus2
2025-05-27 11:06:17,597 - INFO - ✅ Backup criado: BlockBackup-Banco1LinuxTSPlus2-BKPAUTCITEL-20250527-1106
2025-05-27 11:06:18,165 - INFO - 
🔍 Processando block volume: Banco1LinuxTSPlus4
2025-05-27 11:06:18,461 - INFO - ✅ Backup criado: BlockBackup-Banco1LinuxTSPlus4-BKPAUTCITEL-20250527-1106
2025-05-27 11:06:18,656 - INFO - 
🔍 Processando block volume: Banco1LinuxTSPlus20
2025-05-27 11:06:18,982 - INFO - ✅ Backup criado: BlockBackup-Banco1LinuxTSPlus20-BKPAUTCITEL-20250527-1106
2025-05-27 11:06:19,569 - INFO - 
🔍 Processando block volume: Banco3LinuxTSPlus1
2025-05-27 11:06:19,872 - INFO - ✅ Backup criado: BlockBackup-Banco3LinuxTSPlus1-BKPAUTCITEL-20250527-1106
2025-05-27 11:06:20,076 - INFO - 
🔍 Processando block volume: Banco_PalacioFerramentas
2025-05-27 11:06:20,367 - INFO - ✅ Backup criado: BlockBackup-Banco_PalacioFerramentas-BKPAUTCITEL-20250527-1106
2025-05-27 11:06:20,937 - INFO - 
🔍 Processando block volume: Banco1LinuxTSPlus25
2025-05-27 11:06:21,062 - WARNING - ⚠️ Tentativa 1: Limite de requisições. Aguardando 5s...
2025-05-27 11:06:31,447 - INFO - ✅ Backup criado: BlockBackup-Banco1LinuxTSPlus25-BKPAUTCITEL-20250527-1106
2025-05-27 11:06:31,650 - INFO - 
🔍 Processando block volume: Banco1LinuxTSPlus30
2025-05-27 11:06:31,992 - INFO - ✅ Backup criado: BlockBackup-Banco1LinuxTSPlus30-BKPAUTCITEL-20250527-1106
2025-05-27 11:06:32,603 - INFO - 
🔍 Processando block volume: Banco5LinuxTSPlus10
2025-05-27 11:06:32,729 - WARNING - ⚠️ Tentativa 1: Limite de requisições. Aguardando 5s...
2025-05-27 11:06:42,250 - WARNING - ⚠️ Tentativa 2: Limite de requisições. Aguardando 10s...
2025-05-27 11:06:53,769 - INFO - ✅ Backup criado: BlockBackup-Banco5LinuxTSPlus10-BKPAUTCITEL-20250527-1106
2025-05-27 11:06:53,975 - INFO - 
🔍 Processando block volume: Banco2LinuxTSPlus20
2025-05-27 11:06:54,268 - INFO - ✅ Backup criado: BlockBackup-Banco2LinuxTSPlus20-BKPAUTCITEL-20250527-1106
2025-05-27 11:06:54,853 - INFO - 
🔍 Processando block volume: Banco2BR24
2025-05-27 11:06:55,179 - INFO - ✅ Backup criado: BlockBackup-Banco2BR24-BKPAUTCITEL-20250527-1106
2025-05-27 11:06:55,367 - INFO - 
🔍 Processando block volume: LinuxDataBelaTintas
2025-05-27 11:06:55,667 - INFO - ✅ Backup criado: BlockBackup-LinuxDataBelaTintas-BKPAUTCITEL-20250527-1106
2025-05-27 11:06:56,276 - INFO - 
🔍 Processando block volume: Bancos2_BR02
2025-05-27 11:06:56,599 - INFO - ✅ Backup criado: BlockBackup-Bancos2_BR02-BKPAUTCITEL-20250527-1106
2025-05-27 11:06:56,796 - INFO - 
🔍 Processando block volume: Bancos4_BR01
2025-05-27 11:06:57,080 - INFO - ✅ Backup criado: BlockBackup-Bancos4_BR01-BKPAUTCITEL-20250527-1106
2025-05-27 11:06:57,659 - INFO - 
🔍 Processando block volume: BKO Palacio TKT 651385
2025-05-27 11:06:58,005 - INFO - ✅ Backup criado: BlockBackup-BKO Palacio TKT 651385-BKPAUTCITEL-20250527-1106
2025-05-27 11:06:58,208 - INFO - 
🔍 Processando block volume: Bancos3_BR25
2025-05-27 11:06:58,585 - INFO - ✅ Backup criado: BlockBackup-Bancos3_BR25-BKPAUTCITEL-20250527-1106
2025-05-27 11:06:59,147 - INFO - 
🔍 Processando block volume: GeB
2025-05-27 11:06:59,439 - INFO - ✅ Backup criado: BlockBackup-GeB-BKPAUTCITEL-20250527-1106
2025-05-27 11:06:59,636 - INFO - 
🔍 Processando block volume: Banco3_BR20
2025-05-27 11:06:59,980 - INFO - ✅ Backup criado: BlockBackup-Banco3_BR20-BKPAUTCITEL-20250527-1106
2025-05-27 11:07:00,552 - INFO - 
🔍 Processando block volume: Banco_Darka
2025-05-27 11:07:00,678 - WARNING - ⚠️ Tentativa 1: Limite de requisições. Aguardando 5s...
2025-05-27 11:07:10,301 - WARNING - ⚠️ Tentativa 2: Limite de requisições. Aguardando 10s...
2025-05-27 11:07:24,925 - INFO - ✅ Backup criado: BlockBackup-Banco_Darka-BKPAUTCITEL-20250527-1107
2025-05-27 11:07:25,140 - INFO - 
🔍 Processando block volume: Banco4LinuxTSPlus20
2025-05-27 11:07:25,477 - INFO - ✅ Backup criado: BlockBackup-Banco4LinuxTSPlus20-BKPAUTCITEL-20250527-1107
2025-05-27 11:07:26,055 - INFO - 
🔍 Processando block volume: BackupGeB
2025-05-27 11:07:26,373 - INFO - ✅ Backup criado: BlockBackup-BackupGeB-BKPAUTCITEL-20250527-1107
2025-05-27 11:07:26,565 - INFO - 
🔍 Processando block volume: BancoGeB
2025-05-27 11:07:26,891 - INFO - ✅ Backup criado: BlockBackup-BancoGeB-BKPAUTCITEL-20250527-1107
2025-05-27 11:07:27,482 - INFO - 
🔍 Processando block volume: Bancos5_BR1
2025-05-27 11:07:27,841 - INFO - ✅ Backup criado: BlockBackup-Bancos5_BR1-BKPAUTCITEL-20250527-1107
2025-05-27 11:07:28,405 - INFO - 
🔍 Processando block volume: BackupCoresVivas TKT 902822
2025-05-27 11:07:28,531 - WARNING - ⚠️ Tentativa 1: Limite de requisições. Aguardando 5s...
2025-05-27 11:07:35,530 - WARNING - ⚠️ Tentativa 2: Limite de requisições. Aguardando 10s...
2025-05-27 11:07:49,730 - WARNING - ⚠️ Tentativa 3: Limite de requisições. Aguardando 20s...
2025-05-27 11:08:14,165 - INFO - ✅ Backup criado: BlockBackup-BackupCoresVivas TKT 902822-BKPAUTCITEL-20250527-1107
2025-05-27 11:08:14,779 - INFO - 
🔍 Processando block volume: bkpBoomerVinicius
2025-05-27 11:08:14,905 - WARNING - ⚠️ Tentativa 1: Limite de requisições. Aguardando 5s...
2025-05-27 11:08:24,850 - INFO - ✅ Backup criado: BlockBackup-bkpBoomerVinicius-BKPAUTCITEL-20250527-1108
2025-05-27 11:08:25,437 - INFO - 
🔍 Processando block volume: GeB2
2025-05-27 11:08:25,750 - INFO - ✅ Backup criado: BlockBackup-GeB2-BKPAUTCITEL-20250527-1108
2025-05-27 11:08:25,945 - INFO - 
🔍 Processando block volume: bkpParque1014464
2025-05-27 11:08:26,223 - INFO - ✅ Backup criado: BlockBackup-bkpParque1014464-BKPAUTCITEL-20250527-1108
2025-05-27 11:08:26,808 - INFO - 
🔍 Processando block volume: bkpPedrao1020442
2025-05-27 11:08:27,093 - INFO - ✅ Backup criado: BlockBackup-bkpPedrao1020442-BKPAUTCITEL-20250527-1108
2025-05-27 11:08:27,284 - INFO - 
🔍 Processando block volume: Backup_BR34_1031161
2025-05-27 11:08:27,573 - INFO - ✅ Backup criado: BlockBackup-Backup_BR34_1031161-BKPAUTCITEL-20250527-1108
2025-05-27 11:08:28,147 - INFO - 
🔍 Processando block volume: GeB BancoTeste tkt 1048932
2025-05-27 11:08:28,425 - INFO - ✅ Backup criado: BlockBackup-GeB BancoTeste tkt 1048932-BKPAUTCITEL-20250527-1108
2025-05-27 11:08:28,985 - INFO - 
🔍 Processando block volume: Banco1LinuxTSPlus11_clone2904
2025-05-27 11:08:29,110 - WARNING - ⚠️ Tentativa 1: Limite de requisições. Aguardando 5s...
2025-05-27 11:08:38,718 - WARNING - ⚠️ Tentativa 2: Limite de requisições. Aguardando 10s...
2025-05-27 11:08:50,950 - INFO - ✅ Backup criado: BlockBackup-Banco1LinuxTSPlus11_clone2904-BKPAUTCITEL-20250527-1108
2025-05-27 11:08:51,547 - INFO - 
🔍 Processando block volume: LinuxTSPlus11_BancoPRODJRPais_clone2904
2025-05-27 11:08:51,851 - INFO - ✅ Backup criado: BlockBackup-LinuxTSPlus11_BancoPRODJRPais_clone2904-BKPAUTCITEL-20250527-1108
2025-05-27 11:08:52,422 - INFO - 
🔍 Processando block volume: LinuxTSPlus30_Banco1LinuxTSPlus30_clone2904
2025-05-27 11:08:52,702 - INFO - ✅ Backup criado: BlockBackup-LinuxTSPlus30_Banco1LinuxTSPlus30_clone2904-BKPAUTCITEL-20250527-1108
2025-05-27 11:08:53,283 - INFO - 
🔍 Processando block volume: Banco-1-LinuxData012
2025-05-27 11:08:53,409 - WARNING - ⚠️ Tentativa 1: Limite de requisições. Aguardando 5s...
2025-05-27 11:09:03,839 - WARNING - ⚠️ Tentativa 2: Limite de requisições. Aguardando 10s...
2025-05-27 11:09:17,713 - WARNING - ⚠️ Tentativa 3: Limite de requisições. Aguardando 20s...
2025-05-27 11:09:40,020 - INFO - ✅ Backup criado: BlockBackup-Banco-1-LinuxData012-BKPAUTCITEL-20250527-1108
2025-05-27 11:09:40,224 - INFO - 
🔍 Processando block volume: Banco2-LinuxData012
2025-05-27 11:09:40,508 - INFO - ✅ Backup criado: BlockBackup-Banco2-LinuxData012-BKPAUTCITEL-20250527-1109
2025-05-27 11:09:41,085 - INFO - 
🔍 Processando block volume: Banco3-LinuxData012
2025-05-27 11:09:41,369 - INFO - ✅ Backup criado: BlockBackup-Banco3-LinuxData012-BKPAUTCITEL-20250527-1109
2025-05-27 11:09:41,952 - INFO - 
🔍 Processando block volume: LinuxTSPlus55_Banco1BR55_clone2904
2025-05-27 11:09:42,240 - INFO - ✅ Backup criado: BlockBackup-LinuxTSPlus55_Banco1BR55_clone2904-BKPAUTCITEL-20250527-1109
2025-05-27 11:09:42,818 - INFO - 
🔍 Processando block volume: LinuxTSPlus55_Banco3BR55_clone2904
2025-05-27 11:09:43,102 - INFO - ✅ Backup criado: BlockBackup-LinuxTSPlus55_Banco3BR55_clone2904-BKPAUTCITEL-20250527-1109
2025-05-27 11:09:43,683 - INFO - 
🔍 Processando block volume: LinuxTSPlus65_Banco1LinuxTSPLUS65_clone2904
2025-05-27 11:09:43,986 - INFO - ✅ Backup criado: BlockBackup-LinuxTSPlus65_Banco1LinuxTSPLUS65_clone2904-BKPAUTCITEL-20250527-1109
2025-05-27 11:09:44,579 - INFO - 
🔍 Processando block volume: LinuxTSPlus65_Banco2LinuxTSPLUS65_clone2904
2025-05-27 11:09:44,704 - WARNING - ⚠️ Tentativa 1: Limite de requisições. Aguardando 5s...
2025-05-27 11:09:54,883 - INFO - ✅ Backup criado: BlockBackup-LinuxTSPlus65_Banco2LinuxTSPLUS65_clone2904-BKPAUTCITEL-20250527-1109
2025-05-27 11:09:55,471 - INFO - 
🔍 Processando block volume: LinuxTSPlus65_Banco3LinuxTSPLUS65_clone2904
2025-05-27 11:09:55,786 - INFO - ✅ Backup criado: BlockBackup-LinuxTSPlus65_Banco3LinuxTSPLUS65_clone2904-BKPAUTCITEL-20250527-1109
2025-05-27 11:09:55,982 - INFO - 
🔍 Processando block volume: LinuxTSPlus65_BinariosLinuxTSPLUS65_clone2904
2025-05-27 11:09:56,284 - INFO - ✅ Backup criado: BlockBackup-LinuxTSPlus65_BinariosLinuxTSPLUS65_clone2904-BKPAUTCITEL-20250527-1109
2025-05-27 11:09:56,853 - INFO - 
🔍 Processando block volume: LinuxTSPlus28_Banco2LinuxTSPlus28_clone2904
2025-05-27 11:09:57,128 - INFO - ✅ Backup criado: BlockBackup-LinuxTSPlus28_Banco2LinuxTSPlus28_clone2904-BKPAUTCITEL-20250527-1109
2025-05-27 11:09:57,702 - INFO - 
🔍 Processando block volume: LinuxTSPlus28_bancos3_BR28_clone2904
2025-05-27 11:09:57,827 - WARNING - ⚠️ Tentativa 1: Limite de requisições. Aguardando 5s...
2025-05-27 11:10:06,610 - INFO - ✅ Backup criado: BlockBackup-LinuxTSPlus28_bancos3_BR28_clone2904-BKPAUTCITEL-20250527-1109
2025-05-27 11:10:07,179 - INFO - 
🔍 Processando block volume: LinuxTSPlus29_Banco1LinuxTSPlus29_clone2904
2025-05-27 11:10:07,480 - INFO - ✅ Backup criado: BlockBackup-LinuxTSPlus29_Banco1LinuxTSPlus29_clone2904-BKPAUTCITEL-20250527-1110
2025-05-27 11:10:08,082 - INFO - 
🔍 Processando block volume: LinuxTSPlus29_Bancos2_BR29_clone2904
2025-05-27 11:10:08,208 - WARNING - ⚠️ Tentativa 1: Limite de requisições. Aguardando 5s...
2025-05-27 11:10:16,711 - WARNING - ⚠️ Tentativa 2: Limite de requisições. Aguardando 10s...
2025-05-27 11:10:30,355 - INFO - ✅ Backup criado: BlockBackup-LinuxTSPlus29_Bancos2_BR29_clone2904-BKPAUTCITEL-20250527-1110
2025-05-27 11:10:30,947 - INFO - 
🔍 Processando block volume: LinuxTSPlus29_Bancos3_BR29_clone2904
2025-05-27 11:10:31,245 - INFO - ✅ Backup criado: BlockBackup-LinuxTSPlus29_Bancos3_BR29_clone2904-BKPAUTCITEL-20250527-1110
2025-05-27 11:10:31,816 - INFO - 
🔍 Processando block volume: LinuxTSPlus72_Banco2BR_72_clone2904
2025-05-27 11:10:32,116 - INFO - ✅ Backup criado: BlockBackup-LinuxTSPlus72_Banco2BR_72_clone2904-BKPAUTCITEL-20250527-1110
2025-05-27 11:10:32,687 - INFO - 
🔍 Processando block volume: LinuxTSPlus72_BancoBR_clone2904
2025-05-27 11:10:32,965 - INFO - ✅ Backup criado: BlockBackup-LinuxTSPlus72_BancoBR_clone2904-BKPAUTCITEL-20250527-1110
2025-05-27 11:10:33,533 - INFO - 
🔍 Processando block volume: LinuxTSPlus43_Banco1LinuxTSPLUS43_clone2904
2025-05-27 11:10:33,661 - WARNING - ⚠️ Tentativa 1: Limite de requisições. Aguardando 5s...
2025-05-27 11:10:42,310 - WARNING - ⚠️ Tentativa 2: Limite de requisições. Aguardando 10s...
2025-05-27 11:10:54,893 - INFO - ✅ Backup criado: BlockBackup-LinuxTSPlus43_Banco1LinuxTSPLUS43_clone2904-BKPAUTCITEL-20250527-1110
2025-05-27 11:10:55,103 - INFO - 
🔍 Processando block volume: LinuxTSPlus43_HD4-LinuxDBA_clone2904
2025-05-27 11:10:55,389 - INFO - ✅ Backup criado: BlockBackup-LinuxTSPlus43_HD4-LinuxDBA_clone2904-BKPAUTCITEL-20250527-1110
2025-05-27 11:10:55,963 - INFO - 
🔍 Processando block volume: LinuxTSPlus50_Banco1LinuxTSPlus50_clone2904
2025-05-27 11:10:56,299 - INFO - ✅ Backup criado: BlockBackup-LinuxTSPlus50_Banco1LinuxTSPlus50_clone2904-BKPAUTCITEL-20250527-1110
2025-05-27 11:10:56,899 - INFO - 
🔍 Processando block volume: LinuxTSPlus37_Banco1LinuxTSPLUS37_clone2904
2025-05-27 11:10:57,181 - INFO - ✅ Backup criado: BlockBackup-LinuxTSPlus37_Banco1LinuxTSPLUS37_clone2904-BKPAUTCITEL-20250527-1110
2025-05-27 11:10:57,760 - INFO - 
🔍 Processando block volume: LinuxTSPlus37_Banco2LinuxTSPLUS37_clone2904
2025-05-27 11:10:57,885 - WARNING - ⚠️ Tentativa 1: Limite de requisições. Aguardando 5s...
2025-05-27 11:11:07,295 - WARNING - ⚠️ Tentativa 2: Limite de requisições. Aguardando 10s...
2025-05-27 11:11:18,381 - INFO - ✅ Backup criado: BlockBackup-LinuxTSPlus37_Banco2LinuxTSPLUS37_clone2904-BKPAUTCITEL-20250527-1110
2025-05-27 11:11:18,970 - INFO - 
🔍 Processando block volume: LinuxTSPlus40_Banco1
2025-05-27 11:11:19,317 - INFO - ✅ Backup criado: BlockBackup-LinuxTSPlus40_Banco1-BKPAUTCITEL-20250527-1111
2025-05-27 11:11:19,914 - INFO - 
🔍 Processando block volume: LinuxTSPlus32_Banco1LinuxTSPLUS32_clone2904
2025-05-27 11:11:20,234 - INFO - ✅ Backup criado: BlockBackup-LinuxTSPlus32_Banco1LinuxTSPLUS32_clone2904-BKPAUTCITEL-20250527-1111
2025-05-27 11:11:20,810 - INFO - 
🔍 Processando block volume: LinuxTSPlus32_Banco2LinuxTSPLUS32_clone2904
2025-05-27 11:11:21,080 - INFO - ✅ Backup criado: BlockBackup-LinuxTSPlus32_Banco2LinuxTSPLUS32_clone2904-BKPAUTCITEL-20250527-1111
2025-05-27 11:11:21,670 - INFO - 
🔍 Processando block volume: Banco2-LinuxData013
2025-05-27 11:11:21,795 - WARNING - ⚠️ Tentativa 1: Limite de requisições. Aguardando 5s...
2025-05-27 11:11:28,886 - WARNING - ⚠️ Tentativa 2: Limite de requisições. Aguardando 10s...
2025-05-27 11:11:43,392 - INFO - ✅ Backup criado: BlockBackup-Banco2-LinuxData013-BKPAUTCITEL-20250527-1111
2025-05-27 11:11:44,007 - INFO - 
🔍 Processando block volume: Banco3-LinuxData013
2025-05-27 11:11:44,132 - WARNING - ⚠️ Tentativa 1: Limite de requisições. Aguardando 5s...
2025-05-27 11:11:49,864 - WARNING - ⚠️ Tentativa 2: Limite de requisições. Aguardando 10s...
2025-05-27 11:12:04,318 - INFO - ✅ Backup criado: BlockBackup-Banco3-LinuxData013-BKPAUTCITEL-20250527-1111
2025-05-27 11:12:04,913 - INFO - 
🔍 Processando block volume: Banco1-LinuxData013
2025-05-27 11:12:05,038 - WARNING - ⚠️ Tentativa 1: Limite de requisições. Aguardando 5s...
2025-05-27 11:12:14,947 - INFO - ✅ Backup criado: BlockBackup-Banco1-LinuxData013-BKPAUTCITEL-20250527-1112
2025-05-27 11:12:15,538 - INFO - 
🔍 Processando block volume: LinuxTSPlus14_BackupCoresVivas TKT 902822_clone2904
2025-05-27 11:12:15,811 - INFO - ✅ Backup criado: BlockBackup-LinuxTSPlus14_BackupCoresVivas TKT 902822_clone2904-BKPAUTCITEL-20250527-1112
2025-05-27 11:12:16,391 - INFO - 
🔍 Processando block volume: LinuxTSPlus14_Banco2LinuxTSPlus14_clone2904
2025-05-27 11:12:16,516 - WARNING - ⚠️ Tentativa 1: Limite de requisições. Aguardando 5s...
2025-05-27 11:12:25,060 - INFO - ✅ Backup criado: BlockBackup-LinuxTSPlus14_Banco2LinuxTSPlus14_clone2904-BKPAUTCITEL-20250527-1112
2025-05-27 11:12:25,644 - INFO - 
🔍 Processando block volume: LinuxTSPlus9-Banco1LinuxTSPlus9-clone2904
2025-05-27 11:12:25,944 - INFO - ✅ Backup criado: BlockBackup-LinuxTSPlus9-Banco1LinuxTSPlus9-clone2904-BKPAUTCITEL-20250527-1112
2025-05-27 11:12:26,546 - INFO - 
🔍 Processando block volume: LinuxTSPlus9-Banco3LinuxTSPlus9-clone2904
2025-05-27 11:12:26,835 - INFO - ✅ Backup criado: BlockBackup-LinuxTSPlus9-Banco3LinuxTSPlus9-clone2904-BKPAUTCITEL-20250527-1112
2025-05-27 11:12:27,407 - INFO - 
🔍 Processando block volume: LinuxTSPlus14_BancoUbertintasTSPlus14_clone2904
2025-05-27 11:12:27,533 - WARNING - ⚠️ Tentativa 1: Limite de requisições. Aguardando 5s...
2025-05-27 11:12:33,465 - INFO - ✅ Backup criado: BlockBackup-LinuxTSPlus14_BancoUbertintasTSPlus14_clone2904-BKPAUTCITEL-20250527-1112
2025-05-27 11:12:34,045 - INFO - 
🔍 Processando block volume: LinuxTSPlus9-Bancos4_BR9-clone2904
2025-05-27 11:12:34,170 - WARNING - ⚠️ Tentativa 1: Limite de requisições. Aguardando 5s...
2025-05-27 11:12:44,049 - WARNING - ⚠️ Tentativa 2: Limite de requisições. Aguardando 10s...
2025-05-27 11:12:57,142 - INFO - ✅ Backup criado: BlockBackup-LinuxTSPlus9-Bancos4_BR9-clone2904-BKPAUTCITEL-20250527-1112
2025-05-27 11:12:57,746 - INFO - 
🔍 Processando block volume: LinuxTSPlus8-Banco1LinuxTSPlus8-clone2904
2025-05-27 11:12:58,083 - INFO - ✅ Backup criado: BlockBackup-LinuxTSPlus8-Banco1LinuxTSPlus8-clone2904-BKPAUTCITEL-20250527-1112
2025-05-27 11:12:58,666 - INFO - 
🔍 Processando block volume: LinuxTSPlus8-Banco3LinuxTSPlus8-clone2904
2025-05-27 11:12:58,970 - INFO - ✅ Backup criado: BlockBackup-LinuxTSPlus8-Banco3LinuxTSPlus8-clone2904-BKPAUTCITEL-20250527-1112
2025-05-27 11:12:59,561 - INFO - 
🔍 Processando block volume: LinuxTSPlus16_Banco1LinuxTSPlus16_clone2904
2025-05-27 11:12:59,865 - INFO - ✅ Backup criado: BlockBackup-LinuxTSPlus16_Banco1LinuxTSPlus16_clone2904-BKPAUTCITEL-20250527-1112
2025-05-27 11:13:00,436 - INFO - 
🔍 Processando block volume: LinuxTSPlus16_Banco2LinuxTSPlus16_clone2904
2025-05-27 11:13:00,717 - INFO - ✅ Backup criado: BlockBackup-LinuxTSPlus16_Banco2LinuxTSPlus16_clone2904-BKPAUTCITEL-20250527-1113
2025-05-27 11:13:01,285 - INFO - 
🔍 Processando block volume: LinuxTSPlus7-Banco2LinuxTSPlus7-block-clone2904
2025-05-27 11:13:01,577 - INFO - ✅ Backup criado: BlockBackup-LinuxTSPlus7-Banco2LinuxTSPlus7-block-clone2904-BKPAUTCITEL-20250527-1113
2025-05-27 11:13:02,181 - INFO - 
🔍 Processando block volume: LinuxTSPlus7-Banco3LinuxTSPlus7-block-clone2904
2025-05-27 11:13:02,480 - INFO - ✅ Backup criado: BlockBackup-LinuxTSPlus7-Banco3LinuxTSPlus7-block-clone2904-BKPAUTCITEL-20250527-1113
2025-05-27 11:13:02,670 - INFO - 
🔍 Processando block volume: LinuxTSPlus7-Banco3_BR7-block-clone2904
2025-05-27 11:13:02,955 - INFO - ✅ Backup criado: BlockBackup-LinuxTSPlus7-Banco3_BR7-block-clone2904-BKPAUTCITEL-20250527-1113
2025-05-27 11:13:03,521 - INFO - 
🔍 Processando block volume: LinuxTSPlus17_Banco2LinuxTSPlus17_clone2904
2025-05-27 11:13:03,646 - WARNING - ⚠️ Tentativa 1: Limite de requisições. Aguardando 5s...
2025-05-27 11:13:11,501 - WARNING - ⚠️ Tentativa 2: Limite de requisições. Aguardando 10s...
2025-05-27 11:13:26,907 - INFO - ✅ Backup criado: BlockBackup-LinuxTSPlus17_Banco2LinuxTSPlus17_clone2904-BKPAUTCITEL-20250527-1113
2025-05-27 11:13:27,515 - INFO - 
🔍 Processando block volume: LinuxTSPlus17_BancoPRODBelaTintas_clone2904
2025-05-27 11:13:27,823 - INFO - ✅ Backup criado: BlockBackup-LinuxTSPlus17_BancoPRODBelaTintas_clone2904-BKPAUTCITEL-20250527-1113
2025-05-27 11:13:28,408 - INFO - 
🔍 Processando block volume: LinuxTSPlus17_HD5-LinuxDBAs_clone2904
2025-05-27 11:13:28,675 - INFO - ✅ Backup criado: BlockBackup-LinuxTSPlus17_HD5-LinuxDBAs_clone2904-BKPAUTCITEL-20250527-1113
2025-05-27 11:13:29,240 - INFO - 
🔍 Processando block volume: LinuxTSPlus6-Banco3LinuxTSPlus6-block-clone2904
2025-05-27 11:13:29,365 - WARNING - ⚠️ Tentativa 1: Limite de requisições. Aguardando 5s...
2025-05-27 11:13:35,973 - INFO - ✅ Backup criado: BlockBackup-LinuxTSPlus6-Banco3LinuxTSPlus6-block-clone2904-BKPAUTCITEL-20250527-1113
2025-05-27 11:13:36,557 - INFO - 
🔍 Processando block volume: LinuxTSPlus6-Banco4LinuxTSPlus6-block-clone2904
2025-05-27 11:13:36,886 - INFO - ✅ Backup criado: BlockBackup-LinuxTSPlus6-Banco4LinuxTSPlus6-block-clone2904-BKPAUTCITEL-20250527-1113
2025-05-27 11:13:37,479 - INFO - 
🔍 Processando block volume: LinuxTSPlus18-Banco1LinuxTSPlus18-block-2904
2025-05-27 11:13:37,604 - WARNING - ⚠️ Tentativa 1: Limite de requisições. Aguardando 5s...
2025-05-27 11:13:44,695 - INFO - ✅ Backup criado: BlockBackup-LinuxTSPlus18-Banco1LinuxTSPlus18-block-2904-BKPAUTCITEL-20250527-1113
2025-05-27 11:13:45,269 - INFO - 
🔍 Processando block volume: LinuxTSPlus18-Banco2LinuxTSPlus18-block-2904
2025-05-27 11:13:45,578 - INFO - ✅ Backup criado: BlockBackup-LinuxTSPlus18-Banco2LinuxTSPlus18-block-2904-BKPAUTCITEL-20250527-1113
2025-05-27 11:13:46,156 - INFO - 
🔍 Processando block volume: LinuxTSPlus18-Bancos4_BR18-block-2904
2025-05-27 11:13:46,569 - INFO - ✅ Backup criado: BlockBackup-LinuxTSPlus18-Bancos4_BR18-block-2904-BKPAUTCITEL-20250527-1113
2025-05-27 11:13:47,167 - INFO - 
🔍 Processando block volume: LinuxTsplus59-Banco2Linux59-block-clone2904
2025-05-27 11:13:47,294 - WARNING - ⚠️ Tentativa 1: Limite de requisições. Aguardando 5s...
2025-05-27 11:13:56,175 - INFO - ✅ Backup criado: BlockBackup-LinuxTsplus59-Banco2Linux59-block-clone2904-BKPAUTCITEL-20250527-1113
2025-05-27 11:13:56,757 - INFO - 
🔍 Processando block volume: LinuxTsplus59-BancoLinux59-block-clone2904
2025-05-27 11:13:56,881 - WARNING - ⚠️ Tentativa 1: Limite de requisições. Aguardando 5s...
2025-05-27 11:14:05,524 - INFO - ✅ Backup criado: BlockBackup-LinuxTsplus59-BancoLinux59-block-clone2904-BKPAUTCITEL-20250527-1113
2025-05-27 11:14:06,117 - INFO - 
🔍 Processando block volume: LinuxTSPlus19_Banco1LinuxTSPlus19_clone2904
2025-05-27 11:14:06,242 - WARNING - ⚠️ Tentativa 1: Limite de requisições. Aguardando 5s...
2025-05-27 11:14:12,089 - WARNING - ⚠️ Tentativa 2: Limite de requisições. Aguardando 10s...
2025-05-27 11:14:24,295 - INFO - ✅ Backup criado: BlockBackup-LinuxTSPlus19_Banco1LinuxTSPlus19_clone2904-BKPAUTCITEL-20250527-1114
2025-05-27 11:14:24,872 - INFO - 
🔍 Processando block volume: LinuxTSPlus19_Banco3LinuxTSPlus19_clone2904
2025-05-27 11:14:25,164 - INFO - ✅ Backup criado: BlockBackup-LinuxTSPlus19_Banco3LinuxTSPlus19_clone2904-BKPAUTCITEL-20250527-1114
2025-05-27 11:14:25,748 - INFO - 
🔍 Processando block volume: LinuxTSPlus20_Banco1LinuxTSPlus20_clone2904
2025-05-27 11:14:25,875 - WARNING - ⚠️ Tentativa 1: Limite de requisições. Aguardando 5s...
2025-05-27 11:14:32,963 - WARNING - ⚠️ Tentativa 2: Limite de requisições. Aguardando 10s...
2025-05-27 11:14:47,083 - INFO - ✅ Backup criado: BlockBackup-LinuxTSPlus20_Banco1LinuxTSPlus20_clone2904-BKPAUTCITEL-20250527-1114
2025-05-27 11:14:47,669 - INFO - 
🔍 Processando block volume: LinuxTSPlus20_Banco2LinuxTSPlus20_clone2904
2025-05-27 11:14:47,987 - INFO - ✅ Backup criado: BlockBackup-LinuxTSPlus20_Banco2LinuxTSPlus20_clone2904-BKPAUTCITEL-20250527-1114
2025-05-27 11:14:48,561 - INFO - 
🔍 Processando block volume: LinuxTSPlus20_Banco3_BR20_clone2904
2025-05-27 11:14:48,845 - INFO - ✅ Backup criado: BlockBackup-LinuxTSPlus20_Banco3_BR20_clone2904-BKPAUTCITEL-20250527-1114
2025-05-27 11:14:49,458 - INFO - 
🔍 Processando block volume: LinuxTSPlus20_Banco4LinuxTSPlus20_clone2904
2025-05-27 11:14:49,755 - INFO - ✅ Backup criado: BlockBackup-LinuxTSPlus20_Banco4LinuxTSPlus20_clone2904-BKPAUTCITEL-20250527-1114
2025-05-27 11:14:50,334 - INFO - 
🔍 Processando block volume: LinuxTSPlus5-Banco3LinuxBR5-block-clone2904
2025-05-27 11:14:50,608 - INFO - ✅ Backup criado: BlockBackup-LinuxTSPlus5-Banco3LinuxBR5-block-clone2904-BKPAUTCITEL-20250527-1114
2025-05-27 11:14:51,188 - INFO - 
🔍 Processando block volume: LinuxTSPlus5-Banco2LinuxBR5-block-clone2904
2025-05-27 11:14:51,318 - WARNING - ⚠️ Tentativa 1: Limite de requisições. Aguardando 5s...
2025-05-27 11:14:58,221 - WARNING - ⚠️ Tentativa 2: Limite de requisições. Aguardando 10s...
2025-05-27 11:15:10,296 - INFO - ✅ Backup criado: BlockBackup-LinuxTSPlus5-Banco2LinuxBR5-block-clone2904-BKPAUTCITEL-20250527-1114
2025-05-27 11:15:10,874 - INFO - 
🔍 Processando block volume: Banco1-LinuxData004
2025-05-27 11:15:10,999 - WARNING - ⚠️ Tentativa 1: Limite de requisições. Aguardando 5s...
2025-05-27 11:15:20,722 - INFO - ✅ Backup criado: BlockBackup-Banco1-LinuxData004-BKPAUTCITEL-20250527-1115
2025-05-27 11:15:21,307 - INFO - 
🔍 Processando block volume: Banco2-LinuxData004
2025-05-27 11:15:21,628 - INFO - ✅ Backup criado: BlockBackup-Banco2-LinuxData004-BKPAUTCITEL-20250527-1115
2025-05-27 11:15:22,208 - INFO - 
🔍 Processando block volume: Banco3-LinuxData004
2025-05-27 11:15:22,524 - INFO - ✅ Backup criado: BlockBackup-Banco3-LinuxData004-BKPAUTCITEL-20250527-1115
2025-05-27 11:15:23,099 - INFO - 
🔍 Processando block volume: LinuxTSPlus48-block-Restore
2025-05-27 11:15:23,397 - INFO - ✅ Backup criado: BlockBackup-LinuxTSPlus48-block-Restore-BKPAUTCITEL-20250527-1115
2025-05-27 11:15:23,981 - INFO - 
🔍 Processando block volume: LinuxData007-Banco4
2025-05-27 11:15:24,297 - INFO - ✅ Backup criado: BlockBackup-LinuxData007-Banco4-BKPAUTCITEL-20250527-1115
2025-05-27 11:15:24,875 - INFO - 
🔍 Processando block volume: Banco2LinuxBR21-Restore
2025-05-27 11:15:25,000 - WARNING - ⚠️ Tentativa 1: Limite de requisições. Aguardando 5s...
2025-05-27 11:15:34,770 - INFO - ✅ Backup criado: BlockBackup-Banco2LinuxBR21-Restore-BKPAUTCITEL-20250527-1115
2025-05-27 11:15:35,347 - INFO - 
🔍 Processando block volume: LinuxTSPlus41-block-Restore
2025-05-27 11:15:35,476 - WARNING - ⚠️ Tentativa 1: Limite de requisições. Aguardando 5s...
2025-05-27 11:15:44,624 - WARNING - ⚠️ Tentativa 2: Limite de requisições. Aguardando 10s...
2025-05-27 11:15:58,620 - INFO - ✅ Backup criado: BlockBackup-LinuxTSPlus41-block-Restore-BKPAUTCITEL-20250527-1115
2025-05-27 11:15:59,205 - INFO - 
🔍 Processando block volume: Banco1LinuxTSPlus26-Restore
2025-05-27 11:15:59,928 - INFO - ✅ Backup criado: BlockBackup-Banco1LinuxTSPlus26-Restore-BKPAUTCITEL-20250527-1115
2025-05-27 11:16:00,516 - INFO - 
🔍 Processando block volume: LinuxTSPlus36-block-Restore
2025-05-27 11:16:00,819 - INFO - ✅ Backup criado: BlockBackup-LinuxTSPlus36-block-Restore-BKPAUTCITEL-20250527-1116
2025-05-27 11:16:01,411 - INFO - 
🔍 Processando block volume: LinuxTSPlus34-Bancos3_BR34-backup-Restore
2025-05-27 11:16:01,743 - INFO - ✅ Backup criado: BlockBackup-LinuxTSPlus34-Bancos3_BR34-backup-Restore-BKPAUTCITEL-20250527-1116
2025-05-27 11:16:02,308 - INFO - 
🔍 Processando block volume: LinuxTSPlus34-Bancos2_BR34-backup-Restore
2025-05-27 11:16:02,594 - INFO - ✅ Backup criado: BlockBackup-LinuxTSPlus34-Bancos2_BR34-backup-Restore-BKPAUTCITEL-20250527-1116
2025-05-27 11:16:03,169 - INFO - 
🔍 Processando block volume: Banco1LinuxTSPLUS33-Restore
2025-05-27 11:16:03,467 - INFO - ✅ Backup criado: BlockBackup-Banco1LinuxTSPLUS33-Restore-BKPAUTCITEL-20250527-1116
2025-05-27 11:16:04,045 - INFO - 
🔍 Processando block volume: Banco2BR33-Restore
2025-05-27 11:16:04,337 - INFO - ✅ Backup criado: BlockBackup-Banco2BR33-Restore-BKPAUTCITEL-20250527-1116
2025-05-27 11:16:04,918 - INFO - 
🔍 Processando block volume: LinuxTSPlus34-Banco1LinuxTSPLUS34-backup-Restore
2025-05-27 11:16:05,051 - WARNING - ⚠️ Tentativa 1: Limite de requisições. Aguardando 5s...
2025-05-27 11:16:11,075 - WARNING - ⚠️ Tentativa 2: Limite de requisições. Aguardando 10s...
2025-05-27 11:16:25,360 - INFO - ✅ Backup criado: BlockBackup-LinuxTSPlus34-Banco1LinuxTSPLUS34-backup-Restore-BKPAUTCITEL-20250527-1116
2025-05-27 11:16:25,936 - INFO - 
🔍 Processando block volume: LinuxTSPlus1-Restore1
2025-05-27 11:16:26,197 - INFO - ✅ Backup criado: BlockBackup-LinuxTSPlus1-Restore1-BKPAUTCITEL-20250527-1116
2025-05-27 11:16:26,797 - INFO - 
🔍 Processando block volume: Bancos5_BR1-Restore2
2025-05-27 11:16:27,100 - INFO - ✅ Backup criado: BlockBackup-Bancos5_BR1-Restore2-BKPAUTCITEL-20250527-1116
2025-05-27 11:16:27,687 - INFO - 
🔍 Processando block volume: Bancos4_BR01-Restore3
2025-05-27 11:16:27,813 - WARNING - ⚠️ Tentativa 1: Limite de requisições. Aguardando 5s...
2025-05-27 11:16:33,654 - WARNING - ⚠️ Tentativa 2: Limite de requisições. Aguardando 10s...
2025-05-27 11:16:46,852 - INFO - ✅ Backup criado: BlockBackup-Bancos4_BR01-Restore3-BKPAUTCITEL-20250527-1116
2025-05-27 11:16:47,430 - INFO - 
🔍 Processando block volume: Banco3LinuxTSPlus1-Restore4
2025-05-27 11:16:47,555 - WARNING - ⚠️ Tentativa 1: Limite de requisições. Aguardando 5s...
2025-05-27 11:16:53,341 - INFO - ✅ Backup criado: BlockBackup-Banco3LinuxTSPlus1-Restore4-BKPAUTCITEL-20250527-1116
2025-05-27 11:16:53,914 - INFO - 
🔍 Processando block volume: Banco1LinuxTSPlus24-Restore
2025-05-27 11:16:54,198 - INFO - ✅ Backup criado: BlockBackup-Banco1LinuxTSPlus24-Restore-BKPAUTCITEL-20250527-1116
2025-05-27 11:16:54,779 - INFO - 
🔍 Processando block volume: Banco1LinuxTSPlus22-Restore
2025-05-27 11:16:54,904 - WARNING - ⚠️ Tentativa 1: Limite de requisições. Aguardando 5s...
2025-05-27 11:17:02,527 - INFO - ✅ Backup criado: BlockBackup-Banco1LinuxTSPlus22-Restore-BKPAUTCITEL-20250527-1116
2025-05-27 11:17:03,099 - INFO - 
🔍 Processando block volume: Banco3LinuxTSPlus22-Restore
2025-05-27 11:17:03,438 - INFO - ✅ Backup criado: BlockBackup-Banco3LinuxTSPlus22-Restore-BKPAUTCITEL-20250527-1117
2025-05-27 11:17:04,000 - INFO - 
🔍 Processando block volume: Banco2LinuxTSPlus22-Restore
2025-05-27 11:17:04,125 - WARNING - ⚠️ Tentativa 1: Limite de requisições. Aguardando 5s...
2025-05-27 11:17:12,234 - INFO - ✅ Backup criado: BlockBackup-Banco2LinuxTSPlus22-Restore-BKPAUTCITEL-20250527-1117
2025-05-27 11:17:12,821 - INFO - 
🔍 Processando block volume: LinuxData010-PalacioTKT651385
2025-05-27 11:17:13,108 - INFO - ✅ Backup criado: BlockBackup-LinuxData010-PalacioTKT651385-BKPAUTCITEL-20250527-1117
2025-05-27 11:17:13,742 - INFO - 
🔍 Processando block volume: LinuxData010-Banco4
2025-05-27 11:17:14,023 - INFO - ✅ Backup criado: BlockBackup-LinuxData010-Banco4-BKPAUTCITEL-20250527-1117
2025-05-27 11:17:14,637 - INFO - 
🔍 Processando block volume: LinuxData010-Banco5
2025-05-27 11:17:14,955 - INFO - ✅ Backup criado: BlockBackup-LinuxData010-Banco5-BKPAUTCITEL-20250527-1117
2025-05-27 11:17:15,537 - INFO - 
🔍 Processando block volume: LinuxData010-GeB
2025-05-27 11:17:15,811 - INFO - ✅ Backup criado: BlockBackup-LinuxData010-GeB-BKPAUTCITEL-20250527-1117
2025-05-27 11:17:16,393 - INFO - 
🔍 Processando block volume: LinuxData020-Banco3_BR20
2025-05-27 11:17:16,783 - INFO - ✅ Backup criado: BlockBackup-LinuxData020-Banco3_BR20-BKPAUTCITEL-20250527-1117
2025-05-27 11:17:17,353 - INFO - 
🔍 Processando block volume: Banco3_BR20-RESTORE_FILES
2025-05-27 11:17:17,478 - WARNING - ⚠️ Tentativa 1: Limite de requisições. Aguardando 5s...
2025-05-27 11:17:23,931 - INFO - ✅ Backup criado: BlockBackup-Banco3_BR20-RESTORE_FILES-BKPAUTCITEL-20250527-1117
2025-05-27 11:17:24,513 - INFO - 
🔍 Processando block volume: LinuxData030_clone06052025
2025-05-27 11:17:24,797 - INFO - ✅ Backup criado: BlockBackup-LinuxData030_clone06052025-BKPAUTCITEL-20250527-1117
2025-05-27 11:17:25,421 - INFO - 
🔍 Processando block volume: Restore_Teste_Bancos3_BR20
2025-05-27 11:17:25,546 - WARNING - ⚠️ Tentativa 1: Limite de requisições. Aguardando 5s...
2025-05-27 11:17:33,576 - INFO - ✅ Backup criado: BlockBackup-Restore_Teste_Bancos3_BR20-BKPAUTCITEL-20250527-1117
2025-05-27 11:17:34,150 - INFO - 
🔍 Processando block volume: Restore Banco ComercialCarvalho
2025-05-27 11:17:34,275 - WARNING - ⚠️ Tentativa 1: Limite de requisições. Aguardando 5s...
2025-05-27 11:17:41,351 - INFO - ✅ Backup criado: BlockBackup-Restore Banco ComercialCarvalho-BKPAUTCITEL-20250527-1117
2025-05-27 11:17:41,928 - INFO - 
🔍 Processando block volume: Restore Banco Fluzao
2025-05-27 11:17:42,220 - INFO - ✅ Backup criado: BlockBackup-Restore Banco Fluzao-BKPAUTCITEL-20250527-1117
2025-05-27 11:17:42,809 - INFO - 
🔍 Processando block volume: Restore Banco Suprema
2025-05-27 11:17:42,933 - WARNING - ⚠️ Tentativa 1: Limite de requisições. Aguardando 5s...
2025-05-27 11:17:49,550 - WARNING - ⚠️ Tentativa 2: Limite de requisições. Aguardando 10s...
2025-05-27 11:18:02,428 - INFO - ✅ Backup criado: BlockBackup-Restore Banco Suprema-BKPAUTCITEL-20250527-1117
2025-05-27 11:18:03,003 - INFO - 
🔍 Processando block volume: BKP Fluzao Prudente
2025-05-27 11:18:03,286 - INFO - ✅ Backup criado: BlockBackup-BKP Fluzao Prudente-BKPAUTCITEL-20250527-1118
2025-05-27 11:18:03,853 - INFO - 
🔍 Processando block volume: LINUXDATA020-BANCO3-Testerecovery-14-05-2025
2025-05-27 11:18:04,114 - INFO - ✅ Backup criado: BlockBackup-LINUXDATA020-BANCO3-Testerecovery-14-05-2025-BKPAUTCITEL-20250527-1118
2025-05-27 11:18:04,678 - INFO - 
🔍 Processando block volume: Restore Banco BI Royal
2025-05-27 11:18:04,803 - WARNING - ⚠️ Tentativa 1: Limite de requisições. Aguardando 5s...
2025-05-27 11:18:11,077 - INFO - ✅ Backup criado: BlockBackup-Restore Banco BI Royal-BKPAUTCITEL-20250527-1118
2025-05-27 11:18:11,637 - INFO - 
🔍 Processando block volume: Restore Banco BI Piso e Cia 
2025-05-27 11:18:11,763 - WARNING - ⚠️ Tentativa 1: Limite de requisições. Aguardando 5s...
2025-05-27 11:18:19,756 - INFO - ✅ Backup criado: BlockBackup-Restore Banco BI Piso e Cia -BKPAUTCITEL-20250527-1118
2025-05-27 11:18:20,326 - INFO - 
🔍 Processando block volume: Restore Banco BI MaxVinil
2025-05-27 11:18:20,629 - INFO - ✅ Backup criado: BlockBackup-Restore Banco BI MaxVinil-BKPAUTCITEL-20250527-1118
2025-05-27 11:18:21,229 - INFO - 
🔍 Processando block volume: Restore Banco BI Vermat
2025-05-27 11:18:21,552 - INFO - ✅ Backup criado: BlockBackup-Restore Banco BI Vermat-BKPAUTCITEL-20250527-1118
2025-05-27 11:18:22,129 - INFO - 
🔍 Processando block volume: Restore Banco BI Perin
2025-05-27 11:18:22,426 - INFO - ✅ Backup criado: BlockBackup-Restore Banco BI Perin-BKPAUTCITEL-20250527-1118
2025-05-27 11:18:22,988 - INFO - 
🔍 Processando block volume: Restore Banco BI AtacadaoPT
2025-05-27 11:18:23,270 - INFO - ✅ Backup criado: BlockBackup-Restore Banco BI AtacadaoPT-BKPAUTCITEL-20250527-1118
2025-05-27 11:18:23,837 - INFO - 
🔍 Processando block volume: Restore Banco BI Agrocac
2025-05-27 11:18:24,155 - INFO - ✅ Backup criado: BlockBackup-Restore Banco BI Agrocac-BKPAUTCITEL-20250527-1118
2025-05-27 11:18:24,711 - INFO - 
🔍 Processando block volume: Restore Banco BI PadraoPVC
2025-05-27 11:18:25,043 - INFO - ✅ Backup criado: BlockBackup-Restore Banco BI PadraoPVC-BKPAUTCITEL-20250527-1118
2025-05-27 11:18:25,610 - INFO - 
🔍 Processando block volume: Restore Banco BI Rezende
2025-05-27 11:18:25,735 - WARNING - ⚠️ Tentativa 1: Limite de requisições. Aguardando 5s...
2025-05-27 11:18:35,003 - WARNING - ⚠️ Tentativa 2: Limite de requisições. Aguardando 10s...
2025-05-27 11:18:47,595 - INFO - ✅ Backup criado: BlockBackup-Restore Banco BI Rezende-BKPAUTCITEL-20250527-1118
2025-05-27 11:18:48,179 - INFO - 
🔍 Processando block volume: Restore Banco BI MadMapa
2025-05-27 11:18:48,456 - INFO - ✅ Backup criado: BlockBackup-Restore Banco BI MadMapa-BKPAUTCITEL-20250527-1118
2025-05-27 11:18:49,039 - INFO - 
🔍 Processando block volume: Restore Banco BI Santana
2025-05-27 11:18:49,163 - WARNING - ⚠️ Tentativa 1: Limite de requisições. Aguardando 5s...
2025-05-27 11:18:58,746 - INFO - ✅ Backup criado: BlockBackup-Restore Banco BI Santana-BKPAUTCITEL-20250527-1118
2025-05-27 11:18:59,308 - INFO - 
🔍 Processando block volume: Restore Banco BI VarejaodasTintas
2025-05-27 11:18:59,433 - WARNING - ⚠️ Tentativa 1: Limite de requisições. Aguardando 5s...
2025-05-27 11:19:06,598 - INFO - ✅ Backup criado: BlockBackup-Restore Banco BI VarejaodasTintas-BKPAUTCITEL-20250527-1118
2025-05-27 11:19:07,172 - INFO - 
🔍 Processando block volume: Restore Banco BI ElloTintas
2025-05-27 11:19:07,296 - WARNING - ⚠️ Tentativa 1: Limite de requisições. Aguardando 5s...
2025-05-27 11:19:17,375 - WARNING - ⚠️ Tentativa 2: Limite de requisições. Aguardando 10s...
2025-05-27 11:19:29,682 - INFO - ✅ Backup criado: BlockBackup-Restore Banco BI ElloTintas-BKPAUTCITEL-20250527-1119
2025-05-27 11:19:30,249 - INFO - 
🔍 Processando block volume: Restore Banco BI Moto One
2025-05-27 11:19:30,592 - INFO - ✅ Backup criado: BlockBackup-Restore Banco BI Moto One-BKPAUTCITEL-20250527-1119
2025-05-27 11:19:31,177 - INFO - 
🔍 Processando block volume: Restore Banco BI OLV
2025-05-27 11:19:31,478 - INFO - ✅ Backup criado: BlockBackup-Restore Banco BI OLV-BKPAUTCITEL-20250527-1119
2025-05-27 11:19:32,051 - INFO - 
🔍 Processando block volume: Restore Banco BI Construilma
2025-05-27 11:19:32,329 - INFO - ✅ Backup criado: BlockBackup-Restore Banco BI Construilma-BKPAUTCITEL-20250527-1119
2025-05-27 11:19:32,922 - INFO - 
🔍 Processando block volume: Restore Banco BI Baytek
2025-05-27 11:19:33,257 - INFO - ✅ Backup criado: BlockBackup-Restore Banco BI Baytek-BKPAUTCITEL-20250527-1119
2025-05-27 11:19:33,814 - INFO - 
🔍 Processando block volume: Restore Banco BI Soldage
2025-05-27 11:19:33,939 - WARNING - ⚠️ Tentativa 1: Limite de requisições. Aguardando 5s...
2025-05-27 11:19:40,310 - INFO - ✅ Backup criado: BlockBackup-Restore Banco BI Soldage-BKPAUTCITEL-20250527-1119
2025-05-27 11:19:40,873 - INFO - 
🔍 Processando block volume: Banco Restore BI Rizato
2025-05-27 11:19:41,159 - INFO - ✅ Backup criado: BlockBackup-Banco Restore BI Rizato-BKPAUTCITEL-20250527-1119
2025-05-27 11:19:41,769 - INFO - 
🔍 Processando block volume: Restore Banco BI Colomarti
2025-05-27 11:19:41,894 - WARNING - ⚠️ Tentativa 1: Limite de requisições. Aguardando 5s...
2025-05-27 11:19:50,537 - INFO - ✅ Backup criado: BlockBackup-Restore Banco BI Colomarti-BKPAUTCITEL-20250527-1119
2025-05-27 11:19:51,119 - INFO - 
🔍 Processando block volume: HD BKP BI Gasparzinho
2025-05-27 11:19:51,244 - WARNING - ⚠️ Tentativa 1: Limite de requisições. Aguardando 5s...
2025-05-27 11:19:58,504 - WARNING - ⚠️ Tentativa 2: Limite de requisições. Aguardando 10s...
2025-05-27 11:20:13,837 - INFO - ✅ Backup criado: BlockBackup-HD BKP BI Gasparzinho-BKPAUTCITEL-20250527-1119
2025-05-27 11:20:14,419 - INFO - 
🔍 Processando block volume: Banco_srvEstrategico
2025-05-27 11:20:14,719 - INFO - ✅ Backup criado: BlockBackup-Banco_srvEstrategico-BKPAUTCITEL-20250527-1120
2025-05-27 11:20:15,293 - INFO - 
🔍 Processando block volume: Restore banco Palmas bkp2 
2025-05-27 11:20:15,581 - INFO - ✅ Backup criado: BlockBackup-Restore banco Palmas bkp2 -BKPAUTCITEL-20250527-1120
2025-05-27 11:20:16,150 - INFO - 
🔍 Processando block volume: Restore Banco 2B bkp2
2025-05-27 11:20:16,274 - WARNING - ⚠️ Tentativa 1: Limite de requisições. Aguardando 5s...
2025-05-27 11:20:24,371 - INFO - ✅ Backup criado: BlockBackup-Restore Banco 2B bkp2-BKPAUTCITEL-20250527-1120
2025-05-27 11:20:24,957 - INFO - 
🔍 Processando block volume: Restore Banco BI Refrigas2
2025-05-27 11:20:25,243 - INFO - ✅ Backup criado: BlockBackup-Restore Banco BI Refrigas2-BKPAUTCITEL-20250527-1120
2025-05-27 11:20:25,824 - INFO - 
🔍 Processando block volume: BKP Valclei tkt 1076246
2025-05-27 11:20:26,135 - INFO - ✅ Backup criado: BlockBackup-BKP Valclei tkt 1076246-BKPAUTCITEL-20250527-1120
2025-05-27 11:20:26,702 - INFO - 
🔍 Processando block volume: Restore2 BI Paratudo
2025-05-27 11:20:26,986 - INFO - ✅ Backup criado: BlockBackup-Restore2 BI Paratudo-BKPAUTCITEL-20250527-1120
2025-05-27 11:20:27,538 - INFO - 
🔍 Processando block volume: Banco2 MiaraKruger bi 
2025-05-27 11:20:28,080 - INFO - ✅ Backup criado: BlockBackup-Banco2 MiaraKruger bi -BKPAUTCITEL-20250527-1120
2025-05-27 11:20:28,650 - INFO - 
✅ Execução concluída com sucesso
