2025-05-27 15:02:08,662 - INFO - 
🔍 Processando boot volume: LinuxTSPlus20
2025-05-27 15:02:08,957 - INFO - ✅ Backup criado: BootBackup-LinuxTSPlus20-BKPAUTCITEL-20250527-1502
2025-05-27 15:02:09,232 - WARNING - ⏳ Backup ignorado (estado TERMINATED): Auto-backup for 2025-05-12 08:00:00 via policy: Citel_Diario04
2025-05-27 15:02:09,232 - INFO - 
🔍 Processando boot volume: LinuxTSPlus1
2025-05-27 15:02:09,517 - INFO - ✅ Backup criado: BootBackup-LinuxTSPlus1-BKPAUTCITEL-20250527-1502
2025-05-27 15:02:10,196 - WARNING - ⏳ Backup ignorado (estado TERMINATED): Auto-backup for 2025-05-12 08:00:00 via policy: Citel_Diario04
2025-05-27 15:02:10,197 - INFO - 
🔍 Processando boot volume: LinuxTSPlus2
2025-05-27 15:02:10,510 - INFO - ✅ Backup criado: BootBackup-LinuxTSPlus2-BKPAUTCITEL-20250527-1502
2025-05-27 15:02:10,792 - WARNING - ⏳ Backup ignorado (estado TERMINATED): Auto-backup for 2025-05-12 08:00:00 via policy: Citel_Diario04
2025-05-27 15:02:10,792 - INFO - 
🔍 Processando boot volume: Temp-Subida_G_e_B (Boot Volume)
2025-05-27 15:02:11,105 - INFO - ✅ Backup criado: BootBackup-Temp-Subida_G_e_B (Boot Volume)-BKPAUTCITEL-20250527-1502
2025-05-27 15:02:11,785 - WARNING - ⏳ Backup ignorado (estado TERMINATED): Auto-backup for 2025-05-12 08:00:00 via policy: Citel_Diario04
2025-05-27 15:02:11,786 - INFO - 
🔍 Processando boot volume: Banco_BelaTintas (Boot Volume)
2025-05-27 15:02:12,113 - INFO - ✅ Backup criado: BootBackup-Banco_BelaTintas (Boot Volume)-BKPAUTCITEL-20250527-1502
2025-05-27 15:02:12,392 - WARNING - ⏳ Backup ignorado (estado TERMINATED): Auto-backup for 2025-05-12 08:00:00 via policy: Citel_Diario04
2025-05-27 15:02:12,392 - INFO - 
🔍 Processando boot volume: LinuxTSPlus65_boot_clone2904
2025-05-27 15:02:12,787 - INFO - ✅ Backup criado: BootBackup-LinuxTSPlus65_boot_clone2904-BKPAUTCITEL-20250527-1502
2025-05-27 15:02:13,430 - WARNING - ⏳ Backup ignorado (estado TERMINATED): Auto-backup for 2025-05-12 08:00:00 via policy: Citel_Diario04
2025-05-27 15:02:13,431 - INFO - 
🔍 Processando boot volume: LinuxTSPlus72_boot_clone2904
2025-05-27 15:02:13,727 - INFO - ✅ Backup criado: BootBackup-LinuxTSPlus72_boot_clone2904-BKPAUTCITEL-20250527-1502
2025-05-27 15:02:14,010 - WARNING - ⏳ Backup ignorado (estado TERMINATED): Auto-backup for 2025-05-12 08:00:00 via policy: Citel_Diario04
2025-05-27 15:02:14,010 - INFO - 
🔍 Processando boot volume: Linux-checkdisks (Boot Volume)
2025-05-27 15:02:14,349 - INFO - ✅ Backup criado: BootBackup-Linux-checkdisks (Boot Volume)-BKPAUTCITEL-20250527-1502
2025-05-27 15:02:15,111 - INFO - 
🔍 Processando boot volume: LinuxDataBelaTintas
2025-05-27 15:02:15,410 - INFO - ✅ Backup criado: BootBackup-LinuxDataBelaTintas-BKPAUTCITEL-20250527-1502
2025-05-27 15:02:15,693 - WARNING - ⏳ Backup ignorado (estado TERMINATED): Auto-backup for 2025-05-12 08:00:00 via policy: Citel_Diario04
2025-05-27 15:02:15,693 - INFO - 
🔍 Processando boot volume: LinuxData010
2025-05-27 15:02:15,994 - INFO - ✅ Backup criado: BootBackup-LinuxData010-BKPAUTCITEL-20250527-1502
2025-05-27 15:02:16,640 - WARNING - ⏳ Backup ignorado (estado TERMINATED): Auto-backup for 2025-05-12 08:00:00 via policy: Citel_Diario04
2025-05-27 15:02:16,640 - INFO - 
🔍 Processando boot volume: LinuxData025
2025-05-27 15:02:16,766 - WARNING - ⚠️ Tentativa 1: Limite de requisições. Aguardando 1s...
2025-05-27 15:02:19,906 - INFO - ✅ Backup criado: BootBackup-LinuxData025-BKPAUTCITEL-20250527-1502
2025-05-27 15:02:20,223 - WARNING - ⏳ Backup ignorado (estado TERMINATED): Auto-backup for 2025-05-12 08:00:00 via policy: Citel_Diario04
2025-05-27 15:02:20,224 - INFO - 
🔍 Processando boot volume: LinuxData004
2025-05-27 15:02:20,535 - INFO - ✅ Backup criado: BootBackup-LinuxData004-BKPAUTCITEL-20250527-1502
2025-05-27 15:02:21,207 - WARNING - ⏳ Backup ignorado (estado TERMINATED): Auto-backup for 2025-05-12 08:00:00 via policy: Citel_Diario04
2025-05-27 15:02:21,207 - INFO - 
🔍 Processando boot volume: LinuxData005
2025-05-27 15:02:21,522 - INFO - ✅ Backup criado: BootBackup-LinuxData005-BKPAUTCITEL-20250527-1502
2025-05-27 15:02:21,826 - WARNING - ⏳ Backup ignorado (estado TERMINATED): Auto-backup for 2025-05-12 08:00:00 via policy: Citel_Diario04
2025-05-27 15:02:21,827 - INFO - 
🔍 Processando boot volume: LinuxData012
2025-05-27 15:02:22,116 - INFO - ✅ Backup criado: BootBackup-LinuxData012-BKPAUTCITEL-20250527-1502
2025-05-27 15:02:22,789 - WARNING - ⏳ Backup ignorado (estado TERMINATED): Auto-backup for 2025-05-12 08:00:00 via policy: Citel_Diario04
2025-05-27 15:02:22,790 - INFO - 
🔍 Processando boot volume: LinuxData006
2025-05-27 15:02:23,202 - INFO - ✅ Backup criado: BootBackup-LinuxData006-BKPAUTCITEL-20250527-1502
2025-05-27 15:02:23,468 - WARNING - ⏳ Backup ignorado (estado TERMINATED): Auto-backup for 2025-05-12 08:00:00 via policy: Citel_Diario04
2025-05-27 15:02:23,469 - INFO - 
🔍 Processando boot volume: LinuxData013
2025-05-27 15:02:23,761 - INFO - ✅ Backup criado: BootBackup-LinuxData013-BKPAUTCITEL-20250527-1502
2025-05-27 15:02:24,434 - WARNING - ⏳ Backup ignorado (estado TERMINATED): Auto-backup for 2025-05-12 08:00:00 via policy: Citel_Diario04
2025-05-27 15:02:24,435 - INFO - 
🔍 Processando boot volume: LinuxData011
2025-05-27 15:02:24,559 - WARNING - ⚠️ Tentativa 1: Limite de requisições. Aguardando 1s...
2025-05-27 15:02:27,911 - INFO - ✅ Backup criado: BootBackup-LinuxData011-BKPAUTCITEL-20250527-1502
2025-05-27 15:02:28,193 - WARNING - ⏳ Backup ignorado (estado TERMINATED): Auto-backup for 2025-05-12 08:00:00 via policy: Citel_Diario04
2025-05-27 15:02:28,194 - INFO - 
🔍 Processando boot volume: LinuxData008
2025-05-27 15:02:28,501 - INFO - ✅ Backup criado: BootBackup-LinuxData008-BKPAUTCITEL-20250527-1502
2025-05-27 15:02:29,139 - WARNING - ⏳ Backup ignorado (estado TERMINATED): Auto-backup for 2025-05-12 08:00:00 via policy: Citel_Diario04
2025-05-27 15:02:29,140 - INFO - 
🔍 Processando boot volume: LinuxData007
2025-05-27 15:02:29,264 - WARNING - ⚠️ Tentativa 1: Limite de requisições. Aguardando 1s...
2025-05-27 15:02:32,364 - INFO - ✅ Backup criado: BootBackup-LinuxData007-BKPAUTCITEL-20250527-1502
2025-05-27 15:02:32,670 - WARNING - ⏳ Backup ignorado (estado TERMINATED): Auto-backup for 2025-05-12 08:00:00 via policy: Citel_Diario04
2025-05-27 15:02:32,671 - INFO - 
🔍 Processando boot volume: LinuxData055
2025-05-27 15:02:32,975 - INFO - ✅ Backup criado: BootBackup-LinuxData055-BKPAUTCITEL-20250527-1502
2025-05-27 15:02:33,643 - WARNING - ⏳ Backup ignorado (estado TERMINATED): Auto-backup for 2025-05-12 08:00:00 via policy: Citel_Diario04
2025-05-27 15:02:33,643 - INFO - 
🔍 Processando boot volume: LinuxData009
2025-05-27 15:02:33,768 - WARNING - ⚠️ Tentativa 1: Limite de requisições. Aguardando 1s...
2025-05-27 15:02:39,659 - WARNING - ⚠️ Tentativa 2: Limite de requisições. Aguardando 2s...
2025-05-27 15:02:46,849 - WARNING - ⚠️ Tentativa 3: Limite de requisições. Aguardando 4s...
2025-05-27 15:02:53,074 - WARNING - ⚠️ Tentativa 4: Limite de requisições. Aguardando 8s...
2025-05-27 15:03:02,450 - INFO - ✅ Backup criado: BootBackup-LinuxData009-BKPAUTCITEL-20250527-1502
2025-05-27 15:03:02,738 - WARNING - ⏳ Backup ignorado (estado TERMINATED): Auto-backup for 2025-05-12 08:00:00 via policy: Citel_Diario04
2025-05-27 15:03:02,739 - INFO - 
🔍 Processando boot volume: LinuxData014
2025-05-27 15:03:03,062 - INFO - ✅ Backup criado: BootBackup-LinuxData014-BKPAUTCITEL-20250527-1503
2025-05-27 15:03:03,722 - WARNING - ⏳ Backup ignorado (estado TERMINATED): Auto-backup for 2025-05-12 08:00:00 via policy: Citel_Diario04
2025-05-27 15:03:03,722 - INFO - 
🔍 Processando boot volume: LinuxData050
2025-05-27 15:03:03,849 - WARNING - ⚠️ Tentativa 1: Limite de requisições. Aguardando 1s...
2025-05-27 15:03:08,548 - INFO - ✅ Backup criado: BootBackup-LinuxData050-BKPAUTCITEL-20250527-1503
2025-05-27 15:03:08,858 - WARNING - ⏳ Backup ignorado (estado TERMINATED): Auto-backup for 2025-05-12 08:00:00 via policy: Citel_Diario04
2025-05-27 15:03:08,859 - INFO - 
🔍 Processando boot volume: LinuxData018
2025-05-27 15:03:09,144 - INFO - ✅ Backup criado: BootBackup-LinuxData018-BKPAUTCITEL-20250527-1503
2025-05-27 15:03:09,842 - WARNING - ⏳ Backup ignorado (estado TERMINATED): Auto-backup for 2025-05-12 08:00:00 via policy: Citel_Diario04
2025-05-27 15:03:09,843 - INFO - 
🔍 Processando boot volume: LinuxData016
2025-05-27 15:03:09,968 - WARNING - ⚠️ Tentativa 1: Limite de requisições. Aguardando 1s...
2025-05-27 15:03:15,048 - INFO - ✅ Backup criado: BootBackup-LinuxData016-BKPAUTCITEL-20250527-1503
2025-05-27 15:03:15,365 - WARNING - ⏳ Backup ignorado (estado TERMINATED): Auto-backup for 2025-05-12 08:00:00 via policy: Citel_Diario04
2025-05-27 15:03:15,365 - INFO - 
🔍 Processando boot volume: LinuxData059
2025-05-27 15:03:15,694 - INFO - ✅ Backup criado: BootBackup-LinuxData059-BKPAUTCITEL-20250527-1503
2025-05-27 15:03:16,370 - WARNING - ⏳ Backup ignorado (estado TERMINATED): Auto-backup for 2025-05-12 08:00:00 via policy: Citel_Diario04
2025-05-27 15:03:16,370 - INFO - 
🔍 Processando boot volume: LinuxData037
2025-05-27 15:03:16,495 - WARNING - ⚠️ Tentativa 1: Limite de requisições. Aguardando 1s...
2025-05-27 15:03:22,404 - WARNING - ⚠️ Tentativa 2: Limite de requisições. Aguardando 2s...
2025-05-27 15:03:28,646 - WARNING - ⚠️ Tentativa 3: Limite de requisições. Aguardando 4s...
2025-05-27 15:03:33,968 - WARNING - ⚠️ Tentativa 4: Limite de requisições. Aguardando 8s...
2025-05-27 15:03:43,706 - INFO - ✅ Backup criado: BootBackup-LinuxData037-BKPAUTCITEL-20250527-1503
2025-05-27 15:03:44,412 - WARNING - ⏳ Backup ignorado (estado TERMINATED): Auto-backup for 2025-05-12 08:00:00 via policy: Citel_Diario04
2025-05-27 15:03:44,413 - INFO - 
🔍 Processando boot volume: LinuxData036
2025-05-27 15:03:44,744 - INFO - ✅ Backup criado: BootBackup-LinuxData036-BKPAUTCITEL-20250527-1503
2025-05-27 15:03:45,413 - WARNING - ⏳ Backup ignorado (estado TERMINATED): Auto-backup for 2025-05-12 08:00:00 via policy: Citel_Diario04
2025-05-27 15:03:45,414 - INFO - 
🔍 Processando boot volume: LinuxData017
2025-05-27 15:03:45,752 - INFO - ✅ Backup criado: BootBackup-LinuxData017-BKPAUTCITEL-20250527-1503
2025-05-27 15:03:46,387 - WARNING - ⏳ Backup ignorado (estado TERMINATED): Auto-backup for 2025-05-12 08:00:00 via policy: Citel_Diario04
2025-05-27 15:03:46,388 - INFO - 
🔍 Processando boot volume: LinuxData041
2025-05-27 15:03:46,678 - INFO - ✅ Backup criado: BootBackup-LinuxData041-BKPAUTCITEL-20250527-1503
2025-05-27 15:03:47,348 - WARNING - ⏳ Backup ignorado (estado TERMINATED): Auto-backup for 2025-05-12 08:00:00 via policy: Citel_Diario04
2025-05-27 15:03:47,353 - INFO - 
🔍 Processando boot volume: LinuxData043
2025-05-27 15:03:47,642 - INFO - ✅ Backup criado: BootBackup-LinuxData043-BKPAUTCITEL-20250527-1503
2025-05-27 15:03:48,299 - WARNING - ⏳ Backup ignorado (estado TERMINATED): Auto-backup for 2025-05-12 08:00:00 via policy: Citel_Diario04
2025-05-27 15:03:48,300 - INFO - 
🔍 Processando boot volume: LinuxData048
2025-05-27 15:03:48,425 - WARNING - ⚠️ Tentativa 1: Limite de requisições. Aguardando 1s...
2025-05-27 15:03:53,807 - INFO - ✅ Backup criado: BootBackup-LinuxData048-BKPAUTCITEL-20250527-1503
2025-05-27 15:03:54,491 - WARNING - ⏳ Backup ignorado (estado TERMINATED): Auto-backup for 2025-05-12 08:00:00 via policy: Citel_Diario04
2025-05-27 15:03:54,492 - INFO - 
🔍 Processando boot volume: LinuxData032
2025-05-27 15:03:54,617 - WARNING - ⚠️ Tentativa 1: Limite de requisições. Aguardando 1s...
2025-05-27 15:03:57,586 - INFO - ✅ Backup criado: BootBackup-LinuxData032-BKPAUTCITEL-20250527-1503
2025-05-27 15:03:58,262 - WARNING - ⏳ Backup ignorado (estado TERMINATED): Auto-backup for 2025-05-12 08:00:00 via policy: Citel_Diario04
2025-05-27 15:03:58,263 - INFO - 
🔍 Processando boot volume: LinuxData033
2025-05-27 15:03:58,572 - INFO - ✅ Backup criado: BootBackup-LinuxData033-BKPAUTCITEL-20250527-1503
2025-05-27 15:03:58,876 - WARNING - ⏳ Backup ignorado (estado TERMINATED): Auto-backup for 2025-05-12 08:00:00 via policy: Citel_Diario04
2025-05-27 15:03:58,877 - INFO - 
🔍 Processando boot volume: LinuxData034
2025-05-27 15:03:59,206 - INFO - ✅ Backup criado: BootBackup-LinuxData034-BKPAUTCITEL-20250527-1503
2025-05-27 15:03:59,905 - WARNING - ⏳ Backup ignorado (estado TERMINATED): Auto-backup for 2025-05-12 08:00:00 via policy: Citel_Diario04
2025-05-27 15:03:59,906 - INFO - 
🔍 Processando boot volume: LinuxData029
2025-05-27 15:04:00,034 - WARNING - ⚠️ Tentativa 1: Limite de requisições. Aguardando 1s...
2025-05-27 15:04:02,955 - WARNING - ⚠️ Tentativa 2: Limite de requisições. Aguardando 2s...
2025-05-27 15:04:08,682 - INFO - ✅ Backup criado: BootBackup-LinuxData029-BKPAUTCITEL-20250527-1503
2025-05-27 15:04:09,000 - WARNING - ⏳ Backup ignorado (estado TERMINATED): Auto-backup for 2025-05-12 08:00:00 via policy: Citel_Diario04
2025-05-27 15:04:09,001 - INFO - 
🔍 Processando boot volume: LinuxData019
2025-05-27 15:04:09,273 - INFO - ✅ Backup criado: BootBackup-LinuxData019-BKPAUTCITEL-20250527-1504
2025-05-27 15:04:09,935 - WARNING - ⏳ Backup ignorado (estado TERMINATED): Auto-backup for 2025-05-12 08:00:00 via policy: Citel_Diario04
2025-05-27 15:04:09,935 - INFO - 
🔍 Processando boot volume: LinuxData021
2025-05-27 15:04:10,247 - INFO - ✅ Backup criado: BootBackup-LinuxData021-BKPAUTCITEL-20250527-1504
2025-05-27 15:04:10,915 - WARNING - ⏳ Backup ignorado (estado TERMINATED): Auto-backup for 2025-05-12 08:00:00 via policy: Citel_Diario04
2025-05-27 15:04:10,915 - INFO - 
🔍 Processando boot volume: LinuxData022
2025-05-27 15:04:11,210 - INFO - ✅ Backup criado: BootBackup-LinuxData022-BKPAUTCITEL-20250527-1504
2025-05-27 15:04:11,897 - WARNING - ⏳ Backup ignorado (estado TERMINATED): Auto-backup for 2025-05-12 08:00:00 via policy: Citel_Diario04
2025-05-27 15:04:11,897 - INFO - 
🔍 Processando boot volume: LinuxData024
2025-05-27 15:04:12,034 - WARNING - ⚠️ Tentativa 1: Limite de requisições. Aguardando 1s...
2025-05-27 15:04:17,567 - WARNING - ⚠️ Tentativa 2: Limite de requisições. Aguardando 2s...
2025-05-27 15:04:20,848 - WARNING - ⚠️ Tentativa 3: Limite de requisições. Aguardando 4s...
2025-05-27 15:04:29,739 - WARNING - ⚠️ Tentativa 4: Limite de requisições. Aguardando 8s...
2025-05-27 15:04:39,314 - WARNING - ⚠️ Tentativa 5: Limite de requisições. Aguardando 16s...
2025-05-27 15:04:56,241 - WARNING - ⏳ Backup ignorado (estado TERMINATED): Auto-backup for 2025-05-12 08:00:00 via policy: Citel_Diario04
2025-05-27 15:04:56,242 - INFO - 
🔍 Processando boot volume: LinuxData020
2025-05-27 15:04:56,531 - INFO - ✅ Backup criado: BootBackup-LinuxData020-BKPAUTCITEL-20250527-1504
2025-05-27 15:04:57,215 - WARNING - ⏳ Backup ignorado (estado TERMINATED): Auto-backup for 2025-05-12 08:00:00 via policy: Citel_Diario04
2025-05-27 15:04:57,215 - INFO - 
🔍 Processando boot volume: LinuxData026
2025-05-27 15:04:57,506 - INFO - ✅ Backup criado: BootBackup-LinuxData026-BKPAUTCITEL-20250527-1504
2025-05-27 15:04:58,165 - WARNING - ⏳ Backup ignorado (estado TERMINATED): Auto-backup for 2025-05-12 08:00:00 via policy: Citel_Diario04
2025-05-27 15:04:58,167 - INFO - 
🔍 Processando boot volume: LinuxData028
2025-05-27 15:04:58,441 - INFO - ✅ Backup criado: BootBackup-LinuxData028-BKPAUTCITEL-20250527-1504
2025-05-27 15:04:59,079 - WARNING - ⏳ Backup ignorado (estado TERMINATED): Auto-backup for 2025-05-12 08:00:00 via policy: Citel_Diario04
2025-05-27 15:04:59,079 - INFO - 
🔍 Processando boot volume: LinuxData030
2025-05-27 15:04:59,426 - INFO - ✅ Backup criado: BootBackup-LinuxData030-BKPAUTCITEL-20250527-1504
2025-05-27 15:05:00,084 - WARNING - ⏳ Backup ignorado (estado TERMINATED): Auto-backup for 2025-05-12 08:00:00 via policy: Citel_Diario04
2025-05-27 15:05:00,085 - INFO - 
🔍 Processando boot volume: LinuxData040
2025-05-27 15:05:00,388 - INFO - ✅ Backup criado: BootBackup-LinuxData040-BKPAUTCITEL-20250527-1505
2025-05-27 15:05:00,664 - WARNING - ⏳ Backup ignorado (estado TERMINATED): Auto-backup for 2025-05-12 08:00:00 via policy: Citel_Diario04
2025-05-27 15:05:00,664 - INFO - 
🔍 Processando boot volume: LinuxData065
2025-05-27 15:05:00,954 - INFO - ✅ Backup criado: BootBackup-LinuxData065-BKPAUTCITEL-20250527-1505
2025-05-27 15:05:01,624 - WARNING - ⏳ Backup ignorado (estado TERMINATED): Auto-backup for 2025-05-12 08:00:00 via policy: Citel_Diario04
2025-05-27 15:05:01,624 - INFO - 
🔍 Processando boot volume: LinuxData072
2025-05-27 15:05:01,750 - WARNING - ⚠️ Tentativa 1: Limite de requisições. Aguardando 1s...
2025-05-27 15:05:05,448 - INFO - ✅ Backup criado: BootBackup-LinuxData072-BKPAUTCITEL-20250527-1505
2025-05-27 15:05:06,119 - WARNING - ⏳ Backup ignorado (estado TERMINATED): Auto-backup for 2025-05-12 08:00:00 via policy: Citel_Diario04
2025-05-27 15:05:06,120 - INFO - 
🔍 Processando boot volume: LinuxData001
2025-05-27 15:05:06,414 - INFO - ✅ Backup criado: BootBackup-LinuxData001-BKPAUTCITEL-20250527-1505
2025-05-27 15:05:07,091 - WARNING - ⏳ Backup ignorado (estado TERMINATED): Auto-backup for 2025-05-12 08:00:00 via policy: Citel_Diario04
2025-05-27 15:05:07,092 - INFO - 
🔍 Processando boot volume: LinuxData002
2025-05-27 15:05:07,217 - WARNING - ⚠️ Tentativa 1: Limite de requisições. Aguardando 1s...
2025-05-27 15:05:12,946 - INFO - ✅ Backup criado: BootBackup-LinuxData002-BKPAUTCITEL-20250527-1505
2025-05-27 15:05:13,590 - WARNING - ⏳ Backup ignorado (estado TERMINATED): Auto-backup for 2025-05-12 08:00:00 via policy: Citel_Diario04
2025-05-27 15:05:13,591 - INFO - 
🔍 Processando boot volume: LinuxTSPlus20_boot_clone0105
2025-05-27 15:05:13,988 - INFO - ✅ Backup criado: BootBackup-LinuxTSPlus20_boot_clone0105-BKPAUTCITEL-20250527-1505
2025-05-27 15:05:14,644 - INFO - 
🔍 Processando boot volume: LinuxData013_clone06052025
2025-05-27 15:05:14,776 - WARNING - ⚠️ Tentativa 1: Limite de requisições. Aguardando 1s...
2025-05-27 15:05:21,031 - INFO - ✅ Backup criado: BootBackup-LinuxData013_clone06052025-BKPAUTCITEL-20250527-1505
2025-05-27 15:05:21,689 - INFO - 
🔍 Processando boot volume: LinuxData001-Clone-Teste
2025-05-27 15:05:21,985 - INFO - ✅ Backup criado: BootBackup-LinuxData001-Clone-Teste-BKPAUTCITEL-20250527-1505
2025-05-27 15:05:22,138 - INFO - 
🔁 Tentando novamente os backups que falharam...
2025-05-27 15:05:22,139 - INFO - 
🔄 Reprocessando: LinuxData024
2025-05-27 15:05:22,471 - INFO - ✅ Backup criado: BootBackup-LinuxData024-BKPAUTCITEL-20250527-1505
2025-05-27 15:05:22,471 - INFO - 
✅ Execução concluída com sucesso
