2025-05-27 23:06:12,730 - INFO - 
🔍 Processando boot volume: LinuxTSPlus20
2025-05-27 23:06:13,042 - INFO - ✅ Backup criado: BootBackup-LinuxTSPlus20-BKPAUTCITEL-20250527-2306
2025-05-27 23:06:13,331 - INFO - 
🔍 Processando boot volume: LinuxTSPlus1
2025-05-27 23:06:13,633 - INFO - ✅ Backup criado: BootBackup-LinuxTSPlus1-BKPAUTCITEL-20250527-2306
2025-05-27 23:06:14,322 - INFO - 
🔍 Processando boot volume: LinuxTSPlus2
2025-05-27 23:06:14,630 - INFO - ✅ Backup criado: BootBackup-LinuxTSPlus2-BKPAUTCITEL-20250527-2306
2025-05-27 23:06:14,917 - INFO - 
🔍 Processando boot volume: Temp-Subida_G_e_B (Boot Volume)
2025-05-27 23:06:15,205 - INFO - ✅ Backup criado: BootBackup-Temp-Subida_G_e_B (Boot Volume)-BKPAUTCITEL-20250527-2306
2025-05-27 23:06:15,872 - INFO - 
🔍 Processando boot volume: Banco_BelaTintas (Boot Volume)
2025-05-27 23:06:16,003 - WARNING - ⚠️ Tentativa 1: Limite de requisições. Aguardando 1s...
2025-05-27 23:06:20,460 - INFO - ✅ Backup criado: BootBackup-Banco_BelaTintas (Boot Volume)-BKPAUTCITEL-20250527-2306
2025-05-27 23:06:20,776 - INFO - 
🔍 Processando boot volume: LinuxTSPlus65_boot_clone2904
2025-05-27 23:06:21,054 - INFO - ✅ Backup criado: BootBackup-LinuxTSPlus65_boot_clone2904-BKPAUTCITEL-20250527-2306
2025-05-27 23:06:21,742 - INFO - 
🔍 Processando boot volume: LinuxTSPlus72_boot_clone2904
2025-05-27 23:06:22,042 - INFO - ✅ Backup criado: BootBackup-LinuxTSPlus72_boot_clone2904-BKPAUTCITEL-20250527-2306
2025-05-27 23:06:22,341 - INFO - 
🔍 Processando boot volume: Linux-checkdisks (Boot Volume)
2025-05-27 23:06:22,657 - INFO - ✅ Backup criado: BootBackup-Linux-checkdisks (Boot Volume)-BKPAUTCITEL-20250527-2306
2025-05-27 23:06:23,320 - INFO - 
🔍 Processando boot volume: LinuxDataBelaTintas
2025-05-27 23:06:23,630 - INFO - ✅ Backup criado: BootBackup-LinuxDataBelaTintas-BKPAUTCITEL-20250527-2306
2025-05-27 23:06:23,922 - INFO - 
🔍 Processando boot volume: LinuxData010
2025-05-27 23:06:24,229 - INFO - ✅ Backup criado: BootBackup-LinuxData010-BKPAUTCITEL-20250527-2306
2025-05-27 23:06:24,889 - INFO - 
🔍 Processando boot volume: LinuxData025
2025-05-27 23:06:25,174 - INFO - ✅ Backup criado: BootBackup-LinuxData025-BKPAUTCITEL-20250527-2306
2025-05-27 23:06:25,448 - INFO - 
🔍 Processando boot volume: LinuxData004
2025-05-27 23:06:25,781 - INFO - ✅ Backup criado: BootBackup-LinuxData004-BKPAUTCITEL-20250527-2306
2025-05-27 23:06:26,482 - INFO - 
🔍 Processando boot volume: LinuxData005
2025-05-27 23:06:26,607 - WARNING - ⚠️ Tentativa 1: Limite de requisições. Aguardando 1s...
2025-05-27 23:06:29,263 - INFO - ✅ Backup criado: BootBackup-LinuxData005-BKPAUTCITEL-20250527-2306
2025-05-27 23:06:29,575 - INFO - 
🔍 Processando boot volume: LinuxData012
2025-05-27 23:06:29,893 - INFO - ✅ Backup criado: BootBackup-LinuxData012-BKPAUTCITEL-20250527-2306
2025-05-27 23:06:30,569 - INFO - 
🔍 Processando boot volume: LinuxData006
2025-05-27 23:06:30,894 - INFO - ✅ Backup criado: BootBackup-LinuxData006-BKPAUTCITEL-20250527-2306
2025-05-27 23:06:31,194 - INFO - 
🔍 Processando boot volume: LinuxData013
2025-05-27 23:06:31,522 - INFO - ✅ Backup criado: BootBackup-LinuxData013-BKPAUTCITEL-20250527-2306
2025-05-27 23:06:32,198 - INFO - 
🔍 Processando boot volume: LinuxData011
2025-05-27 23:06:32,322 - WARNING - ⚠️ Tentativa 1: Limite de requisições. Aguardando 1s...
2025-05-27 23:06:35,922 - INFO - ✅ Backup criado: BootBackup-LinuxData011-BKPAUTCITEL-20250527-2306
2025-05-27 23:06:36,247 - INFO - 
🔍 Processando boot volume: LinuxData008
2025-05-27 23:06:36,574 - INFO - ✅ Backup criado: BootBackup-LinuxData008-BKPAUTCITEL-20250527-2306
2025-05-27 23:06:37,257 - INFO - 
🔍 Processando boot volume: LinuxData007
2025-05-27 23:06:37,596 - INFO - ✅ Backup criado: BootBackup-LinuxData007-BKPAUTCITEL-20250527-2306
2025-05-27 23:06:37,902 - INFO - 
🔍 Processando boot volume: LinuxData055
2025-05-27 23:06:38,219 - INFO - ✅ Backup criado: BootBackup-LinuxData055-BKPAUTCITEL-20250527-2306
2025-05-27 23:06:38,961 - INFO - 
🔍 Processando boot volume: LinuxData009
2025-05-27 23:06:39,382 - INFO - ✅ Backup criado: BootBackup-LinuxData009-BKPAUTCITEL-20250527-2306
2025-05-27 23:06:39,702 - INFO - 
🔍 Processando boot volume: LinuxData014
2025-05-27 23:06:40,003 - INFO - ✅ Backup criado: BootBackup-LinuxData014-BKPAUTCITEL-20250527-2306
2025-05-27 23:06:40,674 - INFO - 
🔍 Processando boot volume: LinuxData050
2025-05-27 23:06:41,034 - INFO - ✅ Backup criado: BootBackup-LinuxData050-BKPAUTCITEL-20250527-2306
2025-05-27 23:06:41,339 - INFO - 
🔍 Processando boot volume: LinuxData018
2025-05-27 23:06:41,647 - INFO - ✅ Backup criado: BootBackup-LinuxData018-BKPAUTCITEL-20250527-2306
2025-05-27 23:06:42,319 - INFO - 
🔍 Processando boot volume: LinuxData016
2025-05-27 23:06:42,444 - WARNING - ⚠️ Tentativa 1: Limite de requisições. Aguardando 1s...
2025-05-27 23:06:46,257 - WARNING - ⚠️ Tentativa 2: Limite de requisições. Aguardando 2s...
2025-05-27 23:06:51,973 - WARNING - ⚠️ Tentativa 3: Limite de requisições. Aguardando 4s...
2025-05-27 23:07:00,904 - WARNING - ⚠️ Tentativa 4: Limite de requisições. Aguardando 8s...
2025-05-27 23:07:10,023 - WARNING - ⚠️ Tentativa 5: Limite de requisições. Aguardando 16s...
2025-05-27 23:07:29,232 - INFO - 
🔍 Processando boot volume: LinuxData059
2025-05-27 23:07:29,565 - INFO - ✅ Backup criado: BootBackup-LinuxData059-BKPAUTCITEL-20250527-2307
2025-05-27 23:07:30,247 - INFO - 
🔍 Processando boot volume: LinuxData037
2025-05-27 23:07:30,557 - INFO - ✅ Backup criado: BootBackup-LinuxData037-BKPAUTCITEL-20250527-2307
2025-05-27 23:07:30,854 - INFO - 
🔍 Processando boot volume: LinuxData036
2025-05-27 23:07:31,159 - INFO - ✅ Backup criado: BootBackup-LinuxData036-BKPAUTCITEL-20250527-2307
2025-05-27 23:07:31,850 - INFO - 
🔍 Processando boot volume: LinuxData017
2025-05-27 23:07:32,177 - INFO - ✅ Backup criado: BootBackup-LinuxData017-BKPAUTCITEL-20250527-2307
2025-05-27 23:07:32,866 - INFO - 
🔍 Processando boot volume: LinuxData041
2025-05-27 23:07:33,194 - INFO - ✅ Backup criado: BootBackup-LinuxData041-BKPAUTCITEL-20250527-2307
2025-05-27 23:07:33,879 - INFO - 
🔍 Processando boot volume: LinuxData043
2025-05-27 23:07:34,004 - WARNING - ⚠️ Tentativa 1: Limite de requisições. Aguardando 1s...
2025-05-27 23:07:40,495 - WARNING - ⚠️ Tentativa 2: Limite de requisições. Aguardando 2s...
2025-05-27 23:07:44,977 - INFO - ✅ Backup criado: BootBackup-LinuxData043-BKPAUTCITEL-20250527-2307
2025-05-27 23:07:45,291 - INFO - 
🔍 Processando boot volume: LinuxData048
2025-05-27 23:07:45,587 - INFO - ✅ Backup criado: BootBackup-LinuxData048-BKPAUTCITEL-20250527-2307
2025-05-27 23:07:46,277 - INFO - 
🔍 Processando boot volume: LinuxData032
2025-05-27 23:07:46,402 - WARNING - ⚠️ Tentativa 1: Limite de requisições. Aguardando 1s...
2025-05-27 23:07:51,373 - INFO - ✅ Backup criado: BootBackup-LinuxData032-BKPAUTCITEL-20250527-2307
2025-05-27 23:07:52,060 - INFO - 
🔍 Processando boot volume: LinuxData033
2025-05-27 23:07:52,383 - INFO - ✅ Backup criado: BootBackup-LinuxData033-BKPAUTCITEL-20250527-2307
2025-05-27 23:07:53,059 - INFO - 
🔍 Processando boot volume: LinuxData034
2025-05-27 23:07:53,186 - WARNING - ⚠️ Tentativa 1: Limite de requisições. Aguardando 1s...
2025-05-27 23:07:56,092 - INFO - ✅ Backup criado: BootBackup-LinuxData034-BKPAUTCITEL-20250527-2307
2025-05-27 23:07:56,783 - INFO - 
🔍 Processando boot volume: LinuxData029
2025-05-27 23:07:57,077 - INFO - ✅ Backup criado: BootBackup-LinuxData029-BKPAUTCITEL-20250527-2307
2025-05-27 23:07:57,406 - INFO - 
🔍 Processando boot volume: LinuxData019
2025-05-27 23:07:57,703 - INFO - ✅ Backup criado: BootBackup-LinuxData019-BKPAUTCITEL-20250527-2307
2025-05-27 23:07:58,354 - INFO - 
🔍 Processando boot volume: LinuxData021
2025-05-27 23:07:58,669 - INFO - ✅ Backup criado: BootBackup-LinuxData021-BKPAUTCITEL-20250527-2307
2025-05-27 23:07:58,970 - INFO - 
🔍 Processando boot volume: LinuxData022
2025-05-27 23:07:59,299 - INFO - ✅ Backup criado: BootBackup-LinuxData022-BKPAUTCITEL-20250527-2307
2025-05-27 23:07:59,947 - INFO - 
🔍 Processando boot volume: LinuxData024
2025-05-27 23:08:00,239 - INFO - ✅ Backup criado: BootBackup-LinuxData024-BKPAUTCITEL-20250527-2307
2025-05-27 23:08:00,905 - INFO - 
🔍 Processando boot volume: LinuxData020
2025-05-27 23:08:01,030 - WARNING - ⚠️ Tentativa 1: Limite de requisições. Aguardando 1s...
2025-05-27 23:08:07,293 - INFO - ✅ Backup criado: BootBackup-LinuxData020-BKPAUTCITEL-20250527-2308
2025-05-27 23:08:08,007 - INFO - 
🔍 Processando boot volume: LinuxData026
2025-05-27 23:08:08,132 - WARNING - ⚠️ Tentativa 1: Limite de requisições. Aguardando 1s...
2025-05-27 23:08:11,020 - WARNING - ⚠️ Tentativa 2: Limite de requisições. Aguardando 2s...
2025-05-27 23:08:14,223 - WARNING - ⚠️ Tentativa 3: Limite de requisições. Aguardando 4s...
2025-05-27 23:08:22,495 - WARNING - ⚠️ Tentativa 4: Limite de requisições. Aguardando 8s...
2025-05-27 23:08:33,816 - INFO - ✅ Backup criado: BootBackup-LinuxData026-BKPAUTCITEL-20250527-2308
2025-05-27 23:08:34,518 - INFO - 
🔍 Processando boot volume: LinuxData028
2025-05-27 23:08:34,832 - INFO - ✅ Backup criado: BootBackup-LinuxData028-BKPAUTCITEL-20250527-2308
2025-05-27 23:08:35,517 - INFO - 
🔍 Processando boot volume: LinuxData030
2025-05-27 23:08:35,642 - WARNING - ⚠️ Tentativa 1: Limite de requisições. Aguardando 1s...
2025-05-27 23:08:39,729 - INFO - ✅ Backup criado: BootBackup-LinuxData030-BKPAUTCITEL-20250527-2308
2025-05-27 23:08:40,380 - INFO - 
🔍 Processando boot volume: LinuxData040
2025-05-27 23:08:40,678 - INFO - ✅ Backup criado: BootBackup-LinuxData040-BKPAUTCITEL-20250527-2308
2025-05-27 23:08:41,332 - INFO - 
🔍 Processando boot volume: LinuxData065
2025-05-27 23:08:41,628 - INFO - ✅ Backup criado: BootBackup-LinuxData065-BKPAUTCITEL-20250527-2308
2025-05-27 23:08:42,311 - INFO - 
🔍 Processando boot volume: LinuxData072
2025-05-27 23:08:42,636 - INFO - ✅ Backup criado: BootBackup-LinuxData072-BKPAUTCITEL-20250527-2308
2025-05-27 23:08:43,310 - INFO - 
🔍 Processando boot volume: LinuxData001
2025-05-27 23:08:43,436 - WARNING - ⚠️ Tentativa 1: Limite de requisições. Aguardando 1s...
2025-05-27 23:08:48,134 - WARNING - ⚠️ Tentativa 2: Limite de requisições. Aguardando 2s...
2025-05-27 23:08:51,016 - INFO - ✅ Backup criado: BootBackup-LinuxData001-BKPAUTCITEL-20250527-2308
2025-05-27 23:08:51,711 - INFO - 
🔍 Processando boot volume: LinuxData002
2025-05-27 23:08:52,026 - INFO - ✅ Backup criado: BootBackup-LinuxData002-BKPAUTCITEL-20250527-2308
2025-05-27 23:08:52,698 - INFO - 
🔍 Processando boot volume: LinuxTSPlus20_boot_clone0105
2025-05-27 23:08:52,822 - WARNING - ⚠️ Tentativa 1: Limite de requisições. Aguardando 1s...
2025-05-27 23:08:56,611 - INFO - ✅ Backup criado: BootBackup-LinuxTSPlus20_boot_clone0105-BKPAUTCITEL-20250527-2308
2025-05-27 23:08:57,275 - INFO - 
🔍 Processando boot volume: LinuxData013_clone06052025
2025-05-27 23:08:57,400 - WARNING - ⚠️ Tentativa 1: Limite de requisições. Aguardando 1s...
2025-05-27 23:09:03,488 - WARNING - ⚠️ Tentativa 2: Limite de requisições. Aguardando 2s...
2025-05-27 23:09:09,831 - WARNING - ⚠️ Tentativa 3: Limite de requisições. Aguardando 4s...
2025-05-27 23:09:18,319 - WARNING - ⚠️ Tentativa 4: Limite de requisições. Aguardando 8s...
2025-05-27 23:09:28,964 - INFO - ✅ Backup criado: BootBackup-LinuxData013_clone06052025-BKPAUTCITEL-20250527-2308
2025-05-27 23:09:29,607 - INFO - 
🔍 Processando boot volume: LinuxData001-Clone-Teste
2025-05-27 23:09:29,732 - WARNING - ⚠️ Tentativa 1: Limite de requisições. Aguardando 1s...
2025-05-27 23:09:34,482 - WARNING - ⚠️ Tentativa 2: Limite de requisições. Aguardando 2s...
2025-05-27 23:09:40,831 - WARNING - ⚠️ Tentativa 3: Limite de requisições. Aguardando 4s...
2025-05-27 23:09:45,571 - INFO - ✅ Backup criado: BootBackup-LinuxData001-Clone-Teste-BKPAUTCITEL-20250527-2309
2025-05-27 23:09:46,115 - INFO - 
🔁 Tentando novamente os backups que falharam...
2025-05-27 23:09:46,115 - INFO - 
🔄 Reprocessando: LinuxData016
2025-05-27 23:09:46,417 - INFO - ✅ Backup criado: BootBackup-LinuxData016-BKPAUTCITEL-20250527-2309
2025-05-27 23:09:46,417 - INFO - 
✅ Execução concluída com sucesso
