2025-05-26 23:04:51,765 - INFO - 
🔍 Processando boot volume: LinuxTSPlus20
2025-05-26 23:04:52,058 - INFO - ✅ Backup criado: BootBackup-LinuxTSPlus20-BKPAUTCITEL-20250526-2304
2025-05-26 23:04:52,322 - INFO - 
🔍 Processando boot volume: LinuxTSPlus1
2025-05-26 23:04:52,597 - INFO - ✅ Backup criado: BootBackup-LinuxTSPlus1-BKPAUTCITEL-20250526-2304
2025-05-26 23:04:53,260 - INFO - 
🔍 Processando boot volume: LinuxTSPlus2
2025-05-26 23:04:53,628 - INFO - ✅ Backup criado: BootBackup-LinuxTSPlus2-BKPAUTCITEL-20250526-2304
2025-05-26 23:04:53,929 - INFO - 
🔍 Processando boot volume: Temp-Subida_G_e_B (Boot Volume)
2025-05-26 23:04:54,245 - INFO - ✅ Backup criado: BootBackup-Temp-Subida_G_e_B (Boot Volume)-BKPAUTCITEL-20250526-2304
2025-05-26 23:04:54,902 - INFO - 
🔍 Processando boot volume: Banco_BelaTintas (Boot Volume)
2025-05-26 23:04:55,225 - INFO - ✅ Backup criado: BootBackup-Banco_BelaTintas (Boot Volume)-BKPAUTCITEL-20250526-2304
2025-05-26 23:04:55,495 - INFO - 
🔍 Processando boot volume: LinuxTSPlus65_boot_clone2904
2025-05-26 23:04:55,849 - INFO - ✅ Backup criado: BootBackup-LinuxTSPlus65_boot_clone2904-BKPAUTCITEL-20250526-2304
2025-05-26 23:04:56,484 - INFO - 
🔍 Processando boot volume: LinuxTSPlus72_boot_clone2904
2025-05-26 23:04:56,805 - INFO - ✅ Backup criado: BootBackup-LinuxTSPlus72_boot_clone2904-BKPAUTCITEL-20250526-2304
2025-05-26 23:04:57,073 - INFO - 
🔍 Processando boot volume: Linux-checkdisks (Boot Volume)
2025-05-26 23:04:57,400 - INFO - ✅ Backup criado: BootBackup-Linux-checkdisks (Boot Volume)-BKPAUTCITEL-20250526-2304
2025-05-26 23:04:58,054 - INFO - 
🔍 Processando boot volume: LinuxDataBelaTintas
2025-05-26 23:04:58,349 - INFO - ✅ Backup criado: BootBackup-LinuxDataBelaTintas-BKPAUTCITEL-20250526-2304
2025-05-26 23:04:58,655 - INFO - 
🔍 Processando boot volume: LinuxData010
2025-05-26 23:04:58,963 - INFO - ✅ Backup criado: BootBackup-LinuxData010-BKPAUTCITEL-20250526-2304
2025-05-26 23:04:59,608 - INFO - 
🔍 Processando boot volume: LinuxData025
2025-05-26 23:04:59,737 - WARNING - ⚠️ Tentativa 1: Limite de requisições. Aguardando 1s...
2025-05-26 23:05:01,560 - WARNING - ⚠️ Tentativa 2: Limite de requisições. Aguardando 2s...
2025-05-26 23:05:07,715 - WARNING - ⚠️ Tentativa 3: Limite de requisições. Aguardando 4s...
2025-05-26 23:05:14,419 - WARNING - ⚠️ Tentativa 4: Limite de requisições. Aguardando 8s...
2025-05-26 23:05:23,645 - INFO - ✅ Backup criado: BootBackup-LinuxData025-BKPAUTCITEL-20250526-2304
2025-05-26 23:05:23,930 - INFO - 
🔍 Processando boot volume: LinuxData004
2025-05-26 23:05:24,227 - INFO - ✅ Backup criado: BootBackup-LinuxData004-BKPAUTCITEL-20250526-2305
2025-05-26 23:05:24,907 - INFO - 
🔍 Processando boot volume: LinuxData005
2025-05-26 23:05:25,218 - INFO - ✅ Backup criado: BootBackup-LinuxData005-BKPAUTCITEL-20250526-2305
2025-05-26 23:05:25,483 - INFO - 
🔍 Processando boot volume: LinuxData012
2025-05-26 23:05:25,807 - INFO - ✅ Backup criado: BootBackup-LinuxData012-BKPAUTCITEL-20250526-2305
2025-05-26 23:05:26,456 - INFO - 
🔍 Processando boot volume: LinuxData006
2025-05-26 23:05:26,771 - INFO - ✅ Backup criado: BootBackup-LinuxData006-BKPAUTCITEL-20250526-2305
2025-05-26 23:05:27,051 - INFO - 
🔍 Processando boot volume: LinuxData013
2025-05-26 23:05:27,328 - INFO - ✅ Backup criado: BootBackup-LinuxData013-BKPAUTCITEL-20250526-2305
2025-05-26 23:05:27,994 - INFO - 
🔍 Processando boot volume: LinuxData011
2025-05-26 23:05:28,119 - WARNING - ⚠️ Tentativa 1: Limite de requisições. Aguardando 1s...
2025-05-26 23:05:34,399 - WARNING - ⚠️ Tentativa 2: Limite de requisições. Aguardando 2s...
2025-05-26 23:05:39,446 - INFO - ✅ Backup criado: BootBackup-LinuxData011-BKPAUTCITEL-20250526-2305
2025-05-26 23:05:40,120 - INFO - 
🔍 Processando boot volume: LinuxData008
2025-05-26 23:05:40,246 - WARNING - ⚠️ Tentativa 1: Limite de requisições. Aguardando 1s...
2025-05-26 23:05:42,409 - WARNING - ⚠️ Tentativa 2: Limite de requisições. Aguardando 2s...
2025-05-26 23:05:45,163 - WARNING - ⚠️ Tentativa 3: Limite de requisições. Aguardando 4s...
2025-05-26 23:05:54,333 - WARNING - ⚠️ Tentativa 4: Limite de requisições. Aguardando 8s...
2025-05-26 23:06:07,811 - INFO - ✅ Backup criado: BootBackup-LinuxData008-BKPAUTCITEL-20250526-2305
2025-05-26 23:06:08,529 - INFO - 
🔍 Processando boot volume: LinuxData007
2025-05-26 23:06:08,809 - INFO - ✅ Backup criado: BootBackup-LinuxData007-BKPAUTCITEL-20250526-2306
2025-05-26 23:06:09,082 - INFO - 
🔍 Processando boot volume: LinuxData055
2025-05-26 23:06:09,382 - INFO - ✅ Backup criado: BootBackup-LinuxData055-BKPAUTCITEL-20250526-2306
2025-05-26 23:06:10,059 - INFO - 
🔍 Processando boot volume: LinuxData009
2025-05-26 23:06:10,184 - WARNING - ⚠️ Tentativa 1: Limite de requisições. Aguardando 1s...
2025-05-26 23:06:15,952 - WARNING - ⚠️ Tentativa 2: Limite de requisições. Aguardando 2s...
2025-05-26 23:06:21,350 - INFO - ✅ Backup criado: BootBackup-LinuxData009-BKPAUTCITEL-20250526-2306
2025-05-26 23:06:21,628 - INFO - 
🔍 Processando boot volume: LinuxData014
2025-05-26 23:06:21,947 - INFO - ✅ Backup criado: BootBackup-LinuxData014-BKPAUTCITEL-20250526-2306
2025-05-26 23:06:22,607 - INFO - 
🔍 Processando boot volume: LinuxData050
2025-05-26 23:06:22,909 - INFO - ✅ Backup criado: BootBackup-LinuxData050-BKPAUTCITEL-20250526-2306
2025-05-26 23:06:23,578 - INFO - 
🔍 Processando boot volume: LinuxData018
2025-05-26 23:06:23,702 - WARNING - ⚠️ Tentativa 1: Limite de requisições. Aguardando 1s...
2025-05-26 23:06:26,256 - INFO - ✅ Backup criado: BootBackup-LinuxData018-BKPAUTCITEL-20250526-2306
2025-05-26 23:06:26,556 - INFO - 
🔍 Processando boot volume: LinuxData016
2025-05-26 23:06:26,932 - INFO - ✅ Backup criado: BootBackup-LinuxData016-BKPAUTCITEL-20250526-2306
2025-05-26 23:06:27,616 - INFO - 
🔍 Processando boot volume: LinuxData059
2025-05-26 23:06:27,741 - WARNING - ⚠️ Tentativa 1: Limite de requisições. Aguardando 1s...
2025-05-26 23:06:31,891 - INFO - ✅ Backup criado: BootBackup-LinuxData059-BKPAUTCITEL-20250526-2306
2025-05-26 23:06:32,191 - INFO - 
🔍 Processando boot volume: LinuxData037
2025-05-26 23:06:32,505 - INFO - ✅ Backup criado: BootBackup-LinuxData037-BKPAUTCITEL-20250526-2306
2025-05-26 23:06:33,209 - INFO - 
🔍 Processando boot volume: LinuxData036
2025-05-26 23:06:33,333 - WARNING - ⚠️ Tentativa 1: Limite de requisições. Aguardando 1s...
2025-05-26 23:06:38,002 - WARNING - ⚠️ Tentativa 2: Limite de requisições. Aguardando 2s...
2025-05-26 23:06:44,447 - WARNING - ⚠️ Tentativa 3: Limite de requisições. Aguardando 4s...
2025-05-26 23:06:53,187 - WARNING - ⚠️ Tentativa 4: Limite de requisições. Aguardando 8s...
2025-05-26 23:07:05,911 - INFO - ✅ Backup criado: BootBackup-LinuxData036-BKPAUTCITEL-20250526-2306
2025-05-26 23:07:06,186 - INFO - 
🔍 Processando boot volume: LinuxData017
2025-05-26 23:07:06,511 - INFO - ✅ Backup criado: BootBackup-LinuxData017-BKPAUTCITEL-20250526-2307
2025-05-26 23:07:07,159 - INFO - 
🔍 Processando boot volume: LinuxData041
2025-05-26 23:07:07,283 - WARNING - ⚠️ Tentativa 1: Limite de requisições. Aguardando 1s...
2025-05-26 23:07:12,490 - INFO - ✅ Backup criado: BootBackup-LinuxData041-BKPAUTCITEL-20250526-2307
2025-05-26 23:07:12,791 - INFO - 
🔍 Processando boot volume: LinuxData043
2025-05-26 23:07:13,097 - INFO - ✅ Backup criado: BootBackup-LinuxData043-BKPAUTCITEL-20250526-2307
2025-05-26 23:07:13,746 - INFO - 
🔍 Processando boot volume: LinuxData048
2025-05-26 23:07:14,042 - INFO - ✅ Backup criado: BootBackup-LinuxData048-BKPAUTCITEL-20250526-2307
2025-05-26 23:07:14,715 - INFO - 
🔍 Processando boot volume: LinuxData032
2025-05-26 23:07:14,849 - WARNING - ⚠️ Tentativa 1: Limite de requisições. Aguardando 1s...
2025-05-26 23:07:16,517 - INFO - ✅ Backup criado: BootBackup-LinuxData032-BKPAUTCITEL-20250526-2307
2025-05-26 23:07:17,160 - INFO - 
🔍 Processando boot volume: LinuxData033
2025-05-26 23:07:17,444 - INFO - ✅ Backup criado: BootBackup-LinuxData033-BKPAUTCITEL-20250526-2307
2025-05-26 23:07:18,109 - INFO - 
🔍 Processando boot volume: LinuxData034
2025-05-26 23:07:18,409 - INFO - ✅ Backup criado: BootBackup-LinuxData034-BKPAUTCITEL-20250526-2307
2025-05-26 23:07:18,682 - INFO - 
🔍 Processando boot volume: LinuxData029
2025-05-26 23:07:19,070 - INFO - ✅ Backup criado: BootBackup-LinuxData029-BKPAUTCITEL-20250526-2307
2025-05-26 23:07:19,763 - INFO - 
🔍 Processando boot volume: LinuxData019
2025-05-26 23:07:20,076 - INFO - ✅ Backup criado: BootBackup-LinuxData019-BKPAUTCITEL-20250526-2307
2025-05-26 23:07:20,359 - INFO - 
🔍 Processando boot volume: LinuxData021
2025-05-26 23:07:20,688 - INFO - ✅ Backup criado: BootBackup-LinuxData021-BKPAUTCITEL-20250526-2307
2025-05-26 23:07:21,333 - INFO - 
🔍 Processando boot volume: LinuxData022
2025-05-26 23:07:21,457 - WARNING - ⚠️ Tentativa 1: Limite de requisições. Aguardando 1s...
2025-05-26 23:07:26,998 - WARNING - ⚠️ Tentativa 2: Limite de requisições. Aguardando 2s...
2025-05-26 23:07:32,828 - WARNING - ⚠️ Tentativa 3: Limite de requisições. Aguardando 4s...
2025-05-26 23:07:40,360 - INFO - ✅ Backup criado: BootBackup-LinuxData022-BKPAUTCITEL-20250526-2307
2025-05-26 23:07:41,017 - INFO - 
🔍 Processando boot volume: LinuxData024
2025-05-26 23:07:41,322 - INFO - ✅ Backup criado: BootBackup-LinuxData024-BKPAUTCITEL-20250526-2307
2025-05-26 23:07:42,007 - INFO - 
🔍 Processando boot volume: LinuxData020
2025-05-26 23:07:42,133 - WARNING - ⚠️ Tentativa 1: Limite de requisições. Aguardando 1s...
2025-05-26 23:07:47,999 - WARNING - ⚠️ Tentativa 2: Limite de requisições. Aguardando 2s...
2025-05-26 23:07:52,140 - INFO - ✅ Backup criado: BootBackup-LinuxData020-BKPAUTCITEL-20250526-2307
2025-05-26 23:07:52,824 - INFO - 
🔍 Processando boot volume: LinuxData026
2025-05-26 23:07:53,160 - INFO - ✅ Backup criado: BootBackup-LinuxData026-BKPAUTCITEL-20250526-2307
2025-05-26 23:07:53,834 - INFO - 
🔍 Processando boot volume: LinuxData028
2025-05-26 23:07:54,158 - INFO - ✅ Backup criado: BootBackup-LinuxData028-BKPAUTCITEL-20250526-2307
2025-05-26 23:07:54,835 - INFO - 
🔍 Processando boot volume: LinuxData030
2025-05-26 23:07:54,960 - WARNING - ⚠️ Tentativa 1: Limite de requisições. Aguardando 1s...
2025-05-26 23:07:57,688 - WARNING - ⚠️ Tentativa 2: Limite de requisições. Aguardando 2s...
2025-05-26 23:08:02,290 - INFO - ✅ Backup criado: BootBackup-LinuxData030-BKPAUTCITEL-20250526-2307
2025-05-26 23:08:02,969 - INFO - 
🔍 Processando boot volume: LinuxData040
2025-05-26 23:08:03,260 - INFO - ✅ Backup criado: BootBackup-LinuxData040-BKPAUTCITEL-20250526-2308
2025-05-26 23:08:03,913 - INFO - 
🔍 Processando boot volume: LinuxData065
2025-05-26 23:08:04,042 - WARNING - ⚠️ Tentativa 1: Limite de requisições. Aguardando 1s...
2025-05-26 23:08:09,340 - WARNING - ⚠️ Tentativa 2: Limite de requisições. Aguardando 2s...
2025-05-26 23:08:15,248 - INFO - ✅ Backup criado: BootBackup-LinuxData065-BKPAUTCITEL-20250526-2308
2025-05-26 23:08:15,900 - INFO - 
🔍 Processando boot volume: LinuxData072
2025-05-26 23:08:16,025 - WARNING - ⚠️ Tentativa 1: Limite de requisições. Aguardando 1s...
2025-05-26 23:08:21,451 - INFO - ✅ Backup criado: BootBackup-LinuxData072-BKPAUTCITEL-20250526-2308
2025-05-26 23:08:22,133 - INFO - 
🔍 Processando boot volume: LinuxData001
2025-05-26 23:08:22,258 - WARNING - ⚠️ Tentativa 1: Limite de requisições. Aguardando 1s...
2025-05-26 23:08:26,618 - INFO - ✅ Backup criado: BootBackup-LinuxData001-BKPAUTCITEL-20250526-2308
2025-05-26 23:08:27,297 - INFO - 
🔍 Processando boot volume: LinuxData002
2025-05-26 23:08:27,632 - INFO - ✅ Backup criado: BootBackup-LinuxData002-BKPAUTCITEL-20250526-2308
2025-05-26 23:08:28,295 - INFO - 
🔍 Processando boot volume: LinuxTSPlus20_boot_clone0105
2025-05-26 23:08:28,659 - INFO - ✅ Backup criado: BootBackup-LinuxTSPlus20_boot_clone0105-BKPAUTCITEL-20250526-2308
2025-05-26 23:08:29,301 - INFO - 
🔍 Processando boot volume: LinuxData013_clone06052025
2025-05-26 23:08:29,607 - INFO - ✅ Backup criado: BootBackup-LinuxData013_clone06052025-BKPAUTCITEL-20250526-2308
2025-05-26 23:08:30,262 - INFO - 
🔍 Processando boot volume: LinuxData001-Clone-Teste
2025-05-26 23:08:30,554 - INFO - ✅ Backup criado: BootBackup-LinuxData001-Clone-Teste-BKPAUTCITEL-20250526-2308
2025-05-26 23:08:31,094 - INFO - 
✅ Execução concluída com sucesso
