2025-05-27 12:09:28,979 - INFO - 
🔍 Processando block volume: LinuxTSPlus1
2025-05-27 12:09:29,289 - INFO - ✅ Backup criado: BlockBackup-LinuxTSPlus1-BKPAUTCITEL-20250527-1209
2025-05-27 12:09:29,483 - INFO - 
🔍 Processando block volume: Banco1LinuxTSPlus2
2025-05-27 12:09:29,748 - INFO - ✅ Backup criado: BlockBackup-Banco1LinuxTSPlus2-BKPAUTCITEL-20250527-1209
2025-05-27 12:09:30,340 - INFO - 
🔍 Processando block volume: Banco1LinuxTSPlus4
2025-05-27 12:09:30,634 - INFO - ✅ Backup criado: BlockBackup-Banco1LinuxTSPlus4-BKPAUTCITEL-20250527-1209
2025-05-27 12:09:30,829 - INFO - 
🔍 Processando block volume: Banco1LinuxTSPlus20
2025-05-27 12:09:31,178 - INFO - ✅ Backup criado: BlockBackup-Banco1LinuxTSPlus20-BKPAUTCITEL-20250527-1209
2025-05-27 12:09:31,753 - INFO - 
🔍 Processando block volume: Banco3LinuxTSPlus1
2025-05-27 12:09:32,045 - INFO - ✅ Backup criado: BlockBackup-Banco3LinuxTSPlus1-BKPAUTCITEL-20250527-1209
2025-05-27 12:09:32,626 - INFO - 
🔍 Processando block volume: Banco_PalacioFerramentas
2025-05-27 12:09:32,942 - INFO - ✅ Backup criado: BlockBackup-Banco_PalacioFerramentas-BKPAUTCITEL-20250527-1209
2025-05-27 12:09:33,140 - INFO - 
🔍 Processando block volume: Banco1LinuxTSPlus25
2025-05-27 12:09:33,459 - INFO - ✅ Backup criado: BlockBackup-Banco1LinuxTSPlus25-BKPAUTCITEL-20250527-1209
2025-05-27 12:09:34,071 - INFO - 
🔍 Processando block volume: Banco1LinuxTSPlus30
2025-05-27 12:09:34,344 - INFO - ✅ Backup criado: BlockBackup-Banco1LinuxTSPlus30-BKPAUTCITEL-20250527-1209
2025-05-27 12:09:34,535 - INFO - 
🔍 Processando block volume: Banco5LinuxTSPlus10
2025-05-27 12:09:34,819 - INFO - ✅ Backup criado: BlockBackup-Banco5LinuxTSPlus10-BKPAUTCITEL-20250527-1209
2025-05-27 12:09:35,401 - INFO - 
🔍 Processando block volume: Banco2LinuxTSPlus20
2025-05-27 12:09:35,686 - INFO - ✅ Backup criado: BlockBackup-Banco2LinuxTSPlus20-BKPAUTCITEL-20250527-1209
2025-05-27 12:09:35,883 - INFO - 
🔍 Processando block volume: Banco2BR24
2025-05-27 12:09:36,150 - INFO - ✅ Backup criado: BlockBackup-Banco2BR24-BKPAUTCITEL-20250527-1209
2025-05-27 12:09:36,720 - INFO - 
🔍 Processando block volume: LinuxDataBelaTintas
2025-05-27 12:09:37,003 - INFO - ✅ Backup criado: BlockBackup-LinuxDataBelaTintas-BKPAUTCITEL-20250527-1209
2025-05-27 12:09:37,194 - INFO - 
🔍 Processando block volume: Bancos2_BR02
2025-05-27 12:09:37,488 - INFO - ✅ Backup criado: BlockBackup-Bancos2_BR02-BKPAUTCITEL-20250527-1209
2025-05-27 12:09:38,064 - INFO - 
🔍 Processando block volume: Bancos4_BR01
2025-05-27 12:09:38,326 - INFO - ✅ Backup criado: BlockBackup-Bancos4_BR01-BKPAUTCITEL-20250527-1209
2025-05-27 12:09:38,528 - INFO - 
🔍 Processando block volume: BKO Palacio TKT 651385
2025-05-27 12:09:38,803 - INFO - ✅ Backup criado: BlockBackup-BKO Palacio TKT 651385-BKPAUTCITEL-20250527-1209
2025-05-27 12:09:39,384 - INFO - 
🔍 Processando block volume: Bancos3_BR25
2025-05-27 12:09:39,510 - WARNING - ⚠️ Tentativa 1: Limite de requisições. Aguardando 5s...
2025-05-27 12:09:46,617 - INFO - ✅ Backup criado: BlockBackup-Bancos3_BR25-BKPAUTCITEL-20250527-1209
2025-05-27 12:09:46,822 - INFO - 
🔍 Processando block volume: GeB
2025-05-27 12:09:47,207 - INFO - ✅ Backup criado: BlockBackup-GeB-BKPAUTCITEL-20250527-1209
2025-05-27 12:09:47,800 - INFO - 
🔍 Processando block volume: Banco3_BR20
2025-05-27 12:09:48,105 - INFO - ✅ Backup criado: BlockBackup-Banco3_BR20-BKPAUTCITEL-20250527-1209
2025-05-27 12:09:48,666 - INFO - 
🔍 Processando block volume: Banco_Darka
2025-05-27 12:09:48,791 - WARNING - ⚠️ Tentativa 1: Limite de requisições. Aguardando 5s...
2025-05-27 12:09:55,066 - WARNING - ⚠️ Tentativa 2: Limite de requisições. Aguardando 10s...
2025-05-27 12:10:06,680 - WARNING - ⚠️ Tentativa 3: Limite de requisições. Aguardando 20s...
2025-05-27 12:10:27,761 - WARNING - ⚠️ Tentativa 4: Limite de requisições. Aguardando 40s...
2025-05-27 12:11:11,973 - INFO - ✅ Backup criado: BlockBackup-Banco_Darka-BKPAUTCITEL-20250527-1209
2025-05-27 12:11:12,552 - INFO - 
🔍 Processando block volume: Banco4LinuxTSPlus20
2025-05-27 12:11:12,881 - INFO - ✅ Backup criado: BlockBackup-Banco4LinuxTSPlus20-BKPAUTCITEL-20250527-1211
2025-05-27 12:11:13,076 - INFO - 
🔍 Processando block volume: BackupGeB
2025-05-27 12:11:13,380 - INFO - ✅ Backup criado: BlockBackup-BackupGeB-BKPAUTCITEL-20250527-1211
2025-05-27 12:11:13,950 - INFO - 
🔍 Processando block volume: BancoGeB
2025-05-27 12:11:14,243 - INFO - ✅ Backup criado: BlockBackup-BancoGeB-BKPAUTCITEL-20250527-1211
2025-05-27 12:11:14,429 - INFO - 
🔍 Processando block volume: Bancos5_BR1
2025-05-27 12:11:14,719 - INFO - ✅ Backup criado: BlockBackup-Bancos5_BR1-BKPAUTCITEL-20250527-1211
2025-05-27 12:11:15,292 - INFO - 
🔍 Processando block volume: BackupCoresVivas TKT 902822
2025-05-27 12:11:15,606 - INFO - ✅ Backup criado: BlockBackup-BackupCoresVivas TKT 902822-BKPAUTCITEL-20250527-1211
2025-05-27 12:11:16,173 - INFO - 
🔍 Processando block volume: bkpBoomerVinicius
2025-05-27 12:11:16,298 - WARNING - ⚠️ Tentativa 1: Limite de requisições. Aguardando 5s...
2025-05-27 12:11:25,833 - INFO - ✅ Backup criado: BlockBackup-bkpBoomerVinicius-BKPAUTCITEL-20250527-1211
2025-05-27 12:11:26,414 - INFO - 
🔍 Processando block volume: GeB2
2025-05-27 12:11:26,539 - WARNING - ⚠️ Tentativa 1: Limite de requisições. Aguardando 5s...
2025-05-27 12:11:34,652 - INFO - ✅ Backup criado: BlockBackup-GeB2-BKPAUTCITEL-20250527-1211
2025-05-27 12:11:35,216 - INFO - 
🔍 Processando block volume: bkpParque1014464
2025-05-27 12:11:35,500 - INFO - ✅ Backup criado: BlockBackup-bkpParque1014464-BKPAUTCITEL-20250527-1211
2025-05-27 12:11:35,707 - INFO - 
🔍 Processando block volume: bkpPedrao1020442
2025-05-27 12:11:35,990 - INFO - ✅ Backup criado: BlockBackup-bkpPedrao1020442-BKPAUTCITEL-20250527-1211
2025-05-27 12:11:36,606 - INFO - 
🔍 Processando block volume: Backup_BR34_1031161
2025-05-27 12:11:36,912 - INFO - ✅ Backup criado: BlockBackup-Backup_BR34_1031161-BKPAUTCITEL-20250527-1211
2025-05-27 12:11:37,487 - INFO - 
🔍 Processando block volume: GeB BancoTeste tkt 1048932
2025-05-27 12:11:37,786 - INFO - ✅ Backup criado: BlockBackup-GeB BancoTeste tkt 1048932-BKPAUTCITEL-20250527-1211
2025-05-27 12:11:37,979 - INFO - 
🔍 Processando block volume: Banco1LinuxTSPlus11_clone2904
2025-05-27 12:11:38,307 - INFO - ✅ Backup criado: BlockBackup-Banco1LinuxTSPlus11_clone2904-BKPAUTCITEL-20250527-1211
2025-05-27 12:11:38,899 - INFO - 
🔍 Processando block volume: LinuxTSPlus11_BancoPRODJRPais_clone2904
2025-05-27 12:11:39,027 - WARNING - ⚠️ Tentativa 1: Limite de requisições. Aguardando 5s...
2025-05-27 12:11:46,215 - WARNING - ⚠️ Tentativa 2: Limite de requisições. Aguardando 10s...
2025-05-27 12:11:59,482 - INFO - ✅ Backup criado: BlockBackup-LinuxTSPlus11_BancoPRODJRPais_clone2904-BKPAUTCITEL-20250527-1211
2025-05-27 12:12:00,075 - INFO - 
🔍 Processando block volume: LinuxTSPlus30_Banco1LinuxTSPlus30_clone2904
2025-05-27 12:12:00,373 - INFO - ✅ Backup criado: BlockBackup-LinuxTSPlus30_Banco1LinuxTSPlus30_clone2904-BKPAUTCITEL-20250527-1212
2025-05-27 12:12:00,962 - INFO - 
🔍 Processando block volume: Banco-1-LinuxData012
2025-05-27 12:12:01,275 - INFO - ✅ Backup criado: BlockBackup-Banco-1-LinuxData012-BKPAUTCITEL-20250527-1212
2025-05-27 12:12:01,850 - INFO - 
🔍 Processando block volume: Banco2-LinuxData012
2025-05-27 12:12:02,171 - INFO - ✅ Backup criado: BlockBackup-Banco2-LinuxData012-BKPAUTCITEL-20250527-1212
2025-05-27 12:12:02,392 - INFO - 
🔍 Processando block volume: Banco3-LinuxData012
2025-05-27 12:12:02,689 - INFO - ✅ Backup criado: BlockBackup-Banco3-LinuxData012-BKPAUTCITEL-20250527-1212
2025-05-27 12:12:03,259 - INFO - 
🔍 Processando block volume: LinuxTSPlus55_Banco1BR55_clone2904
2025-05-27 12:12:03,528 - INFO - ✅ Backup criado: BlockBackup-LinuxTSPlus55_Banco1BR55_clone2904-BKPAUTCITEL-20250527-1212
2025-05-27 12:12:04,146 - INFO - 
🔍 Processando block volume: LinuxTSPlus55_Banco3BR55_clone2904
2025-05-27 12:12:04,450 - INFO - ✅ Backup criado: BlockBackup-LinuxTSPlus55_Banco3BR55_clone2904-BKPAUTCITEL-20250527-1212
2025-05-27 12:12:05,029 - INFO - 
🔍 Processando block volume: LinuxTSPlus65_Banco1LinuxTSPLUS65_clone2904
2025-05-27 12:12:05,339 - INFO - ✅ Backup criado: BlockBackup-LinuxTSPlus65_Banco1LinuxTSPLUS65_clone2904-BKPAUTCITEL-20250527-1212
2025-05-27 12:12:05,916 - INFO - 
🔍 Processando block volume: LinuxTSPlus65_Banco2LinuxTSPLUS65_clone2904
2025-05-27 12:12:06,041 - WARNING - ⚠️ Tentativa 1: Limite de requisições. Aguardando 5s...
2025-05-27 12:12:12,325 - WARNING - ⚠️ Tentativa 2: Limite de requisições. Aguardando 10s...
2025-05-27 12:12:24,796 - WARNING - ⚠️ Tentativa 3: Limite de requisições. Aguardando 20s...
2025-05-27 12:12:46,828 - INFO - ✅ Backup criado: BlockBackup-LinuxTSPlus65_Banco2LinuxTSPLUS65_clone2904-BKPAUTCITEL-20250527-1212
2025-05-27 12:12:47,406 - INFO - 
🔍 Processando block volume: LinuxTSPlus65_Banco3LinuxTSPLUS65_clone2904
2025-05-27 12:12:47,683 - INFO - ✅ Backup criado: BlockBackup-LinuxTSPlus65_Banco3LinuxTSPLUS65_clone2904-BKPAUTCITEL-20250527-1212
2025-05-27 12:12:48,251 - INFO - 
🔍 Processando block volume: LinuxTSPlus65_BinariosLinuxTSPLUS65_clone2904
2025-05-27 12:12:48,594 - INFO - ✅ Backup criado: BlockBackup-LinuxTSPlus65_BinariosLinuxTSPLUS65_clone2904-BKPAUTCITEL-20250527-1212
2025-05-27 12:12:49,169 - INFO - 
🔍 Processando block volume: LinuxTSPlus28_Banco2LinuxTSPlus28_clone2904
2025-05-27 12:12:49,294 - WARNING - ⚠️ Tentativa 1: Limite de requisições. Aguardando 5s...
2025-05-27 12:12:57,728 - WARNING - ⚠️ Tentativa 2: Limite de requisições. Aguardando 10s...
2025-05-27 12:13:12,608 - INFO - ✅ Backup criado: BlockBackup-LinuxTSPlus28_Banco2LinuxTSPlus28_clone2904-BKPAUTCITEL-20250527-1212
2025-05-27 12:13:12,814 - INFO - 
🔍 Processando block volume: LinuxTSPlus28_bancos3_BR28_clone2904
2025-05-27 12:13:13,089 - INFO - ✅ Backup criado: BlockBackup-LinuxTSPlus28_bancos3_BR28_clone2904-BKPAUTCITEL-20250527-1213
2025-05-27 12:13:13,665 - INFO - 
🔍 Processando block volume: LinuxTSPlus29_Banco1LinuxTSPlus29_clone2904
2025-05-27 12:13:13,977 - INFO - ✅ Backup criado: BlockBackup-LinuxTSPlus29_Banco1LinuxTSPlus29_clone2904-BKPAUTCITEL-20250527-1213
2025-05-27 12:13:14,566 - INFO - 
🔍 Processando block volume: LinuxTSPlus29_Bancos2_BR29_clone2904
2025-05-27 12:13:14,690 - WARNING - ⚠️ Tentativa 1: Limite de requisições. Aguardando 5s...
2025-05-27 12:13:21,978 - INFO - ✅ Backup criado: BlockBackup-LinuxTSPlus29_Bancos2_BR29_clone2904-BKPAUTCITEL-20250527-1213
2025-05-27 12:13:22,552 - INFO - 
🔍 Processando block volume: LinuxTSPlus29_Bancos3_BR29_clone2904
2025-05-27 12:13:22,677 - WARNING - ⚠️ Tentativa 1: Limite de requisições. Aguardando 5s...
2025-05-27 12:13:29,758 - WARNING - ⚠️ Tentativa 2: Limite de requisições. Aguardando 10s...
2025-05-27 12:13:41,530 - INFO - ✅ Backup criado: BlockBackup-LinuxTSPlus29_Bancos3_BR29_clone2904-BKPAUTCITEL-20250527-1213
2025-05-27 12:13:42,105 - INFO - 
🔍 Processando block volume: LinuxTSPlus72_Banco2BR_72_clone2904
2025-05-27 12:13:42,393 - INFO - ✅ Backup criado: BlockBackup-LinuxTSPlus72_Banco2BR_72_clone2904-BKPAUTCITEL-20250527-1213
2025-05-27 12:13:42,975 - INFO - 
🔍 Processando block volume: LinuxTSPlus72_BancoBR_clone2904
2025-05-27 12:13:43,283 - INFO - ✅ Backup criado: BlockBackup-LinuxTSPlus72_BancoBR_clone2904-BKPAUTCITEL-20250527-1213
2025-05-27 12:13:43,873 - INFO - 
🔍 Processando block volume: LinuxTSPlus43_Banco1LinuxTSPLUS43_clone2904
2025-05-27 12:13:44,196 - INFO - ✅ Backup criado: BlockBackup-LinuxTSPlus43_Banco1LinuxTSPLUS43_clone2904-BKPAUTCITEL-20250527-1213
2025-05-27 12:13:44,788 - INFO - 
🔍 Processando block volume: LinuxTSPlus43_HD4-LinuxDBA_clone2904
2025-05-27 12:13:45,071 - INFO - ✅ Backup criado: BlockBackup-LinuxTSPlus43_HD4-LinuxDBA_clone2904-BKPAUTCITEL-20250527-1213
2025-05-27 12:13:45,669 - INFO - 
🔍 Processando block volume: LinuxTSPlus50_Banco1LinuxTSPlus50_clone2904
2025-05-27 12:13:45,968 - INFO - ✅ Backup criado: BlockBackup-LinuxTSPlus50_Banco1LinuxTSPlus50_clone2904-BKPAUTCITEL-20250527-1213
2025-05-27 12:13:46,548 - INFO - 
🔍 Processando block volume: LinuxTSPlus37_Banco1LinuxTSPLUS37_clone2904
2025-05-27 12:13:46,843 - INFO - ✅ Backup criado: BlockBackup-LinuxTSPlus37_Banco1LinuxTSPLUS37_clone2904-BKPAUTCITEL-20250527-1213
2025-05-27 12:13:47,421 - INFO - 
🔍 Processando block volume: LinuxTSPlus37_Banco2LinuxTSPLUS37_clone2904
2025-05-27 12:13:47,708 - INFO - ✅ Backup criado: BlockBackup-LinuxTSPlus37_Banco2LinuxTSPLUS37_clone2904-BKPAUTCITEL-20250527-1213
2025-05-27 12:13:48,279 - INFO - 
🔍 Processando block volume: LinuxTSPlus40_Banco1
2025-05-27 12:13:48,404 - WARNING - ⚠️ Tentativa 1: Limite de requisições. Aguardando 5s...
2025-05-27 12:13:57,093 - INFO - ✅ Backup criado: BlockBackup-LinuxTSPlus40_Banco1-BKPAUTCITEL-20250527-1213
2025-05-27 12:13:57,667 - INFO - 
🔍 Processando block volume: LinuxTSPlus32_Banco1LinuxTSPLUS32_clone2904
2025-05-27 12:13:57,929 - INFO - ✅ Backup criado: BlockBackup-LinuxTSPlus32_Banco1LinuxTSPLUS32_clone2904-BKPAUTCITEL-20250527-1213
2025-05-27 12:13:58,524 - INFO - 
🔍 Processando block volume: LinuxTSPlus32_Banco2LinuxTSPLUS32_clone2904
2025-05-27 12:13:58,851 - INFO - ✅ Backup criado: BlockBackup-LinuxTSPlus32_Banco2LinuxTSPLUS32_clone2904-BKPAUTCITEL-20250527-1213
2025-05-27 12:13:59,445 - INFO - 
🔍 Processando block volume: Banco2-LinuxData013
2025-05-27 12:13:59,743 - INFO - ✅ Backup criado: BlockBackup-Banco2-LinuxData013-BKPAUTCITEL-20250527-1213
2025-05-27 12:14:00,322 - INFO - 
🔍 Processando block volume: Banco3-LinuxData013
2025-05-27 12:14:00,474 - WARNING - ⚠️ Tentativa 1: Limite de requisições. Aguardando 5s...
2025-05-27 12:14:10,187 - WARNING - ⚠️ Tentativa 2: Limite de requisições. Aguardando 10s...
2025-05-27 12:14:25,638 - INFO - ✅ Backup criado: BlockBackup-Banco3-LinuxData013-BKPAUTCITEL-20250527-1214
2025-05-27 12:14:26,210 - INFO - 
🔍 Processando block volume: Banco1-LinuxData013
2025-05-27 12:14:26,335 - WARNING - ⚠️ Tentativa 1: Limite de requisições. Aguardando 5s...
2025-05-27 12:14:36,912 - INFO - ✅ Backup criado: BlockBackup-Banco1-LinuxData013-BKPAUTCITEL-20250527-1214
2025-05-27 12:14:37,499 - INFO - 
🔍 Processando block volume: LinuxTSPlus14_BackupCoresVivas TKT 902822_clone2904
2025-05-27 12:14:37,624 - WARNING - ⚠️ Tentativa 1: Limite de requisições. Aguardando 5s...
2025-05-27 12:14:46,256 - INFO - ✅ Backup criado: BlockBackup-LinuxTSPlus14_BackupCoresVivas TKT 902822_clone2904-BKPAUTCITEL-20250527-1214
2025-05-27 12:14:46,834 - INFO - 
🔍 Processando block volume: LinuxTSPlus14_Banco2LinuxTSPlus14_clone2904
2025-05-27 12:14:47,121 - INFO - ✅ Backup criado: BlockBackup-LinuxTSPlus14_Banco2LinuxTSPlus14_clone2904-BKPAUTCITEL-20250527-1214
2025-05-27 12:14:47,685 - INFO - 
🔍 Processando block volume: LinuxTSPlus9-Banco1LinuxTSPlus9-clone2904
2025-05-27 12:14:47,810 - WARNING - ⚠️ Tentativa 1: Limite de requisições. Aguardando 5s...
2025-05-27 12:14:56,900 - INFO - ✅ Backup criado: BlockBackup-LinuxTSPlus9-Banco1LinuxTSPlus9-clone2904-BKPAUTCITEL-20250527-1214
2025-05-27 12:14:57,475 - INFO - 
🔍 Processando block volume: LinuxTSPlus9-Banco3LinuxTSPlus9-clone2904
2025-05-27 12:14:57,742 - INFO - ✅ Backup criado: BlockBackup-LinuxTSPlus9-Banco3LinuxTSPlus9-clone2904-BKPAUTCITEL-20250527-1214
2025-05-27 12:14:58,306 - INFO - 
🔍 Processando block volume: LinuxTSPlus14_BancoUbertintasTSPlus14_clone2904
2025-05-27 12:14:58,579 - INFO - ✅ Backup criado: BlockBackup-LinuxTSPlus14_BancoUbertintasTSPlus14_clone2904-BKPAUTCITEL-20250527-1214
2025-05-27 12:14:59,214 - INFO - 
🔍 Processando block volume: LinuxTSPlus9-Bancos4_BR9-clone2904
2025-05-27 12:14:59,559 - INFO - ✅ Backup criado: BlockBackup-LinuxTSPlus9-Bancos4_BR9-clone2904-BKPAUTCITEL-20250527-1214
2025-05-27 12:15:00,160 - INFO - 
🔍 Processando block volume: LinuxTSPlus8-Banco1LinuxTSPlus8-clone2904
2025-05-27 12:15:00,449 - INFO - ✅ Backup criado: BlockBackup-LinuxTSPlus8-Banco1LinuxTSPlus8-clone2904-BKPAUTCITEL-20250527-1215
2025-05-27 12:15:01,029 - INFO - 
🔍 Processando block volume: LinuxTSPlus8-Banco3LinuxTSPlus8-clone2904
2025-05-27 12:15:01,316 - INFO - ✅ Backup criado: BlockBackup-LinuxTSPlus8-Banco3LinuxTSPlus8-clone2904-BKPAUTCITEL-20250527-1215
2025-05-27 12:15:01,939 - INFO - 
🔍 Processando block volume: LinuxTSPlus16_Banco1LinuxTSPlus16_clone2904
2025-05-27 12:15:02,257 - INFO - ✅ Backup criado: BlockBackup-LinuxTSPlus16_Banco1LinuxTSPlus16_clone2904-BKPAUTCITEL-20250527-1215
2025-05-27 12:15:02,821 - INFO - 
🔍 Processando block volume: LinuxTSPlus16_Banco2LinuxTSPlus16_clone2904
2025-05-27 12:15:03,102 - INFO - ✅ Backup criado: BlockBackup-LinuxTSPlus16_Banco2LinuxTSPlus16_clone2904-BKPAUTCITEL-20250527-1215
2025-05-27 12:15:03,712 - INFO - 
🔍 Processando block volume: LinuxTSPlus7-Banco2LinuxTSPlus7-block-clone2904
2025-05-27 12:15:04,036 - INFO - ✅ Backup criado: BlockBackup-LinuxTSPlus7-Banco2LinuxTSPlus7-block-clone2904-BKPAUTCITEL-20250527-1215
2025-05-27 12:15:04,613 - INFO - 
🔍 Processando block volume: LinuxTSPlus7-Banco3LinuxTSPlus7-block-clone2904
2025-05-27 12:15:04,942 - INFO - ✅ Backup criado: BlockBackup-LinuxTSPlus7-Banco3LinuxTSPlus7-block-clone2904-BKPAUTCITEL-20250527-1215
2025-05-27 12:15:05,514 - INFO - 
🔍 Processando block volume: LinuxTSPlus7-Banco3_BR7-block-clone2904
2025-05-27 12:15:05,809 - INFO - ✅ Backup criado: BlockBackup-LinuxTSPlus7-Banco3_BR7-block-clone2904-BKPAUTCITEL-20250527-1215
2025-05-27 12:15:06,382 - INFO - 
🔍 Processando block volume: LinuxTSPlus17_Banco2LinuxTSPlus17_clone2904
2025-05-27 12:15:06,508 - WARNING - ⚠️ Tentativa 1: Limite de requisições. Aguardando 5s...
2025-05-27 12:15:13,628 - WARNING - ⚠️ Tentativa 2: Limite de requisições. Aguardando 10s...
2025-05-27 12:15:26,090 - INFO - ✅ Backup criado: BlockBackup-LinuxTSPlus17_Banco2LinuxTSPlus17_clone2904-BKPAUTCITEL-20250527-1215
2025-05-27 12:15:26,669 - INFO - 
🔍 Processando block volume: LinuxTSPlus17_BancoPRODBelaTintas_clone2904
2025-05-27 12:15:26,798 - WARNING - ⚠️ Tentativa 1: Limite de requisições. Aguardando 5s...
2025-05-27 12:15:35,491 - INFO - ✅ Backup criado: BlockBackup-LinuxTSPlus17_BancoPRODBelaTintas_clone2904-BKPAUTCITEL-20250527-1215
2025-05-27 12:15:36,066 - INFO - 
🔍 Processando block volume: LinuxTSPlus17_HD5-LinuxDBAs_clone2904
2025-05-27 12:15:36,191 - WARNING - ⚠️ Tentativa 1: Limite de requisições. Aguardando 5s...
2025-05-27 12:15:43,375 - INFO - ✅ Backup criado: BlockBackup-LinuxTSPlus17_HD5-LinuxDBAs_clone2904-BKPAUTCITEL-20250527-1215
2025-05-27 12:15:43,992 - INFO - 
🔍 Processando block volume: LinuxTSPlus6-Banco3LinuxTSPlus6-block-clone2904
2025-05-27 12:15:44,117 - WARNING - ⚠️ Tentativa 1: Limite de requisições. Aguardando 5s...
2025-05-27 12:15:54,633 - INFO - ✅ Backup criado: BlockBackup-LinuxTSPlus6-Banco3LinuxTSPlus6-block-clone2904-BKPAUTCITEL-20250527-1215
2025-05-27 12:15:55,265 - INFO - 
🔍 Processando block volume: LinuxTSPlus6-Banco4LinuxTSPlus6-block-clone2904
2025-05-27 12:15:55,543 - INFO - ✅ Backup criado: BlockBackup-LinuxTSPlus6-Banco4LinuxTSPlus6-block-clone2904-BKPAUTCITEL-20250527-1215
2025-05-27 12:15:56,128 - INFO - 
🔍 Processando block volume: LinuxTSPlus18-Banco1LinuxTSPlus18-block-2904
2025-05-27 12:15:56,436 - INFO - ✅ Backup criado: BlockBackup-LinuxTSPlus18-Banco1LinuxTSPlus18-block-2904-BKPAUTCITEL-20250527-1215
2025-05-27 12:15:57,010 - INFO - 
🔍 Processando block volume: LinuxTSPlus18-Banco2LinuxTSPlus18-block-2904
2025-05-27 12:15:57,291 - INFO - ✅ Backup criado: BlockBackup-LinuxTSPlus18-Banco2LinuxTSPlus18-block-2904-BKPAUTCITEL-20250527-1215
2025-05-27 12:15:57,856 - INFO - 
🔍 Processando block volume: LinuxTSPlus18-Bancos4_BR18-block-2904
2025-05-27 12:15:58,275 - INFO - ✅ Backup criado: BlockBackup-LinuxTSPlus18-Bancos4_BR18-block-2904-BKPAUTCITEL-20250527-1215
2025-05-27 12:15:58,851 - INFO - 
🔍 Processando block volume: LinuxTsplus59-Banco2Linux59-block-clone2904
2025-05-27 12:15:58,976 - WARNING - ⚠️ Tentativa 1: Limite de requisições. Aguardando 5s...
2025-05-27 12:16:05,543 - WARNING - ⚠️ Tentativa 2: Limite de requisições. Aguardando 10s...
2025-05-27 12:16:16,363 - INFO - ✅ Backup criado: BlockBackup-LinuxTsplus59-Banco2Linux59-block-clone2904-BKPAUTCITEL-20250527-1215
2025-05-27 12:16:16,939 - INFO - 
🔍 Processando block volume: LinuxTsplus59-BancoLinux59-block-clone2904
2025-05-27 12:16:17,215 - INFO - ✅ Backup criado: BlockBackup-LinuxTsplus59-BancoLinux59-block-clone2904-BKPAUTCITEL-20250527-1216
2025-05-27 12:16:17,799 - INFO - 
🔍 Processando block volume: LinuxTSPlus19_Banco1LinuxTSPlus19_clone2904
2025-05-27 12:16:18,100 - INFO - ✅ Backup criado: BlockBackup-LinuxTSPlus19_Banco1LinuxTSPlus19_clone2904-BKPAUTCITEL-20250527-1216
2025-05-27 12:16:18,672 - INFO - 
🔍 Processando block volume: LinuxTSPlus19_Banco3LinuxTSPlus19_clone2904
2025-05-27 12:16:18,959 - INFO - ✅ Backup criado: BlockBackup-LinuxTSPlus19_Banco3LinuxTSPlus19_clone2904-BKPAUTCITEL-20250527-1216
2025-05-27 12:16:19,536 - INFO - 
🔍 Processando block volume: LinuxTSPlus20_Banco1LinuxTSPlus20_clone2904
2025-05-27 12:16:19,661 - WARNING - ⚠️ Tentativa 1: Limite de requisições. Aguardando 5s...
2025-05-27 12:16:26,202 - WARNING - ⚠️ Tentativa 2: Limite de requisições. Aguardando 10s...
2025-05-27 12:16:38,342 - INFO - ✅ Backup criado: BlockBackup-LinuxTSPlus20_Banco1LinuxTSPlus20_clone2904-BKPAUTCITEL-20250527-1216
2025-05-27 12:16:38,950 - INFO - 
🔍 Processando block volume: LinuxTSPlus20_Banco2LinuxTSPlus20_clone2904
2025-05-27 12:16:39,256 - INFO - ✅ Backup criado: BlockBackup-LinuxTSPlus20_Banco2LinuxTSPlus20_clone2904-BKPAUTCITEL-20250527-1216
2025-05-27 12:16:39,829 - INFO - 
🔍 Processando block volume: LinuxTSPlus20_Banco3_BR20_clone2904
2025-05-27 12:16:40,096 - INFO - ✅ Backup criado: BlockBackup-LinuxTSPlus20_Banco3_BR20_clone2904-BKPAUTCITEL-20250527-1216
2025-05-27 12:16:40,671 - INFO - 
🔍 Processando block volume: LinuxTSPlus20_Banco4LinuxTSPlus20_clone2904
2025-05-27 12:16:40,940 - INFO - ✅ Backup criado: BlockBackup-LinuxTSPlus20_Banco4LinuxTSPlus20_clone2904-BKPAUTCITEL-20250527-1216
2025-05-27 12:16:41,512 - INFO - 
🔍 Processando block volume: LinuxTSPlus5-Banco3LinuxBR5-block-clone2904
2025-05-27 12:16:41,637 - WARNING - ⚠️ Tentativa 1: Limite de requisições. Aguardando 5s...
2025-05-27 12:16:51,900 - INFO - ✅ Backup criado: BlockBackup-LinuxTSPlus5-Banco3LinuxBR5-block-clone2904-BKPAUTCITEL-20250527-1216
2025-05-27 12:16:52,489 - INFO - 
🔍 Processando block volume: LinuxTSPlus5-Banco2LinuxBR5-block-clone2904
2025-05-27 12:16:52,615 - WARNING - ⚠️ Tentativa 1: Limite de requisições. Aguardando 5s...
2025-05-27 12:16:59,879 - INFO - ✅ Backup criado: BlockBackup-LinuxTSPlus5-Banco2LinuxBR5-block-clone2904-BKPAUTCITEL-20250527-1216
2025-05-27 12:17:00,451 - INFO - 
🔍 Processando block volume: Banco1-LinuxData004
2025-05-27 12:17:00,763 - INFO - ✅ Backup criado: BlockBackup-Banco1-LinuxData004-BKPAUTCITEL-20250527-1217
2025-05-27 12:17:01,339 - INFO - 
🔍 Processando block volume: Banco2-LinuxData004
2025-05-27 12:17:01,464 - WARNING - ⚠️ Tentativa 1: Limite de requisições. Aguardando 5s...
2025-05-27 12:17:08,493 - WARNING - ⚠️ Tentativa 2: Limite de requisições. Aguardando 10s...
2025-05-27 12:17:22,086 - INFO - ✅ Backup criado: BlockBackup-Banco2-LinuxData004-BKPAUTCITEL-20250527-1217
2025-05-27 12:17:22,672 - INFO - 
🔍 Processando block volume: Banco3-LinuxData004
2025-05-27 12:17:22,969 - INFO - ✅ Backup criado: BlockBackup-Banco3-LinuxData004-BKPAUTCITEL-20250527-1217
2025-05-27 12:17:23,549 - INFO - 
🔍 Processando block volume: LinuxTSPlus48-block-Restore
2025-05-27 12:17:23,674 - WARNING - ⚠️ Tentativa 1: Limite de requisições. Aguardando 5s...
2025-05-27 12:17:29,316 - WARNING - ⚠️ Tentativa 2: Limite de requisições. Aguardando 10s...
2025-05-27 12:17:40,281 - INFO - ✅ Backup criado: BlockBackup-LinuxTSPlus48-block-Restore-BKPAUTCITEL-20250527-1217
2025-05-27 12:17:40,895 - INFO - 
🔍 Processando block volume: LinuxData007-Banco4
2025-05-27 12:17:41,186 - INFO - ✅ Backup criado: BlockBackup-LinuxData007-Banco4-BKPAUTCITEL-20250527-1217
2025-05-27 12:17:41,768 - INFO - 
🔍 Processando block volume: Banco2LinuxBR21-Restore
2025-05-27 12:17:42,059 - INFO - ✅ Backup criado: BlockBackup-Banco2LinuxBR21-Restore-BKPAUTCITEL-20250527-1217
2025-05-27 12:17:42,636 - INFO - 
🔍 Processando block volume: LinuxTSPlus41-block-Restore
2025-05-27 12:17:42,763 - WARNING - ⚠️ Tentativa 1: Limite de requisições. Aguardando 5s...
2025-05-27 12:17:49,776 - INFO - ✅ Backup criado: BlockBackup-LinuxTSPlus41-block-Restore-BKPAUTCITEL-20250527-1217
2025-05-27 12:17:50,365 - INFO - 
🔍 Processando block volume: Banco1LinuxTSPlus26-Restore
2025-05-27 12:17:50,672 - INFO - ✅ Backup criado: BlockBackup-Banco1LinuxTSPlus26-Restore-BKPAUTCITEL-20250527-1217
2025-05-27 12:17:51,248 - INFO - 
🔍 Processando block volume: LinuxTSPlus36-block-Restore
2025-05-27 12:17:51,550 - INFO - ✅ Backup criado: BlockBackup-LinuxTSPlus36-block-Restore-BKPAUTCITEL-20250527-1217
2025-05-27 12:17:52,134 - INFO - 
🔍 Processando block volume: LinuxTSPlus34-Bancos3_BR34-backup-Restore
2025-05-27 12:17:52,473 - INFO - ✅ Backup criado: BlockBackup-LinuxTSPlus34-Bancos3_BR34-backup-Restore-BKPAUTCITEL-20250527-1217
2025-05-27 12:17:53,056 - INFO - 
🔍 Processando block volume: LinuxTSPlus34-Bancos2_BR34-backup-Restore
2025-05-27 12:17:53,346 - INFO - ✅ Backup criado: BlockBackup-LinuxTSPlus34-Bancos2_BR34-backup-Restore-BKPAUTCITEL-20250527-1217
2025-05-27 12:17:53,935 - INFO - 
🔍 Processando block volume: Banco1LinuxTSPLUS33-Restore
2025-05-27 12:17:54,242 - INFO - ✅ Backup criado: BlockBackup-Banco1LinuxTSPLUS33-Restore-BKPAUTCITEL-20250527-1217
2025-05-27 12:17:54,811 - INFO - 
🔍 Processando block volume: Banco2BR33-Restore
2025-05-27 12:17:55,146 - INFO - ✅ Backup criado: BlockBackup-Banco2BR33-Restore-BKPAUTCITEL-20250527-1217
2025-05-27 12:17:55,701 - INFO - 
🔍 Processando block volume: LinuxTSPlus34-Banco1LinuxTSPLUS34-backup-Restore
2025-05-27 12:17:55,827 - WARNING - ⚠️ Tentativa 1: Limite de requisições. Aguardando 5s...
2025-05-27 12:18:02,190 - WARNING - ⚠️ Tentativa 2: Limite de requisições. Aguardando 10s...
2025-05-27 12:18:15,861 - INFO - ✅ Backup criado: BlockBackup-LinuxTSPlus34-Banco1LinuxTSPLUS34-backup-Restore-BKPAUTCITEL-20250527-1217
2025-05-27 12:18:16,434 - INFO - 
🔍 Processando block volume: LinuxTSPlus1-Restore1
2025-05-27 12:18:16,731 - INFO - ✅ Backup criado: BlockBackup-LinuxTSPlus1-Restore1-BKPAUTCITEL-20250527-1218
2025-05-27 12:18:17,322 - INFO - 
🔍 Processando block volume: Bancos5_BR1-Restore2
2025-05-27 12:18:17,447 - WARNING - ⚠️ Tentativa 1: Limite de requisições. Aguardando 5s...
2025-05-27 12:18:26,322 - INFO - ✅ Backup criado: BlockBackup-Bancos5_BR1-Restore2-BKPAUTCITEL-20250527-1218
2025-05-27 12:18:26,910 - INFO - 
🔍 Processando block volume: Bancos4_BR01-Restore3
2025-05-27 12:18:27,190 - INFO - ✅ Backup criado: BlockBackup-Bancos4_BR01-Restore3-BKPAUTCITEL-20250527-1218
2025-05-27 12:18:27,772 - INFO - 
🔍 Processando block volume: Banco3LinuxTSPlus1-Restore4
2025-05-27 12:18:28,082 - INFO - ✅ Backup criado: BlockBackup-Banco3LinuxTSPlus1-Restore4-BKPAUTCITEL-20250527-1218
2025-05-27 12:18:28,677 - INFO - 
🔍 Processando block volume: Banco1LinuxTSPlus24-Restore
2025-05-27 12:18:28,802 - WARNING - ⚠️ Tentativa 1: Limite de requisições. Aguardando 5s...
2025-05-27 12:18:37,187 - WARNING - ⚠️ Tentativa 2: Limite de requisições. Aguardando 10s...
2025-05-27 12:18:47,892 - INFO - ✅ Backup criado: BlockBackup-Banco1LinuxTSPlus24-Restore-BKPAUTCITEL-20250527-1218
2025-05-27 12:18:48,472 - INFO - 
🔍 Processando block volume: Banco1LinuxTSPlus22-Restore
2025-05-27 12:18:48,764 - INFO - ✅ Backup criado: BlockBackup-Banco1LinuxTSPlus22-Restore-BKPAUTCITEL-20250527-1218
2025-05-27 12:18:49,340 - INFO - 
🔍 Processando block volume: Banco3LinuxTSPlus22-Restore
2025-05-27 12:18:49,630 - INFO - ✅ Backup criado: BlockBackup-Banco3LinuxTSPlus22-Restore-BKPAUTCITEL-20250527-1218
2025-05-27 12:18:50,200 - INFO - 
🔍 Processando block volume: Banco2LinuxTSPlus22-Restore
2025-05-27 12:18:50,324 - WARNING - ⚠️ Tentativa 1: Limite de requisições. Aguardando 5s...
2025-05-27 12:19:00,443 - WARNING - ⚠️ Tentativa 2: Limite de requisições. Aguardando 10s...
2025-05-27 12:19:15,714 - INFO - ✅ Backup criado: BlockBackup-Banco2LinuxTSPlus22-Restore-BKPAUTCITEL-20250527-1218
2025-05-27 12:19:16,291 - INFO - 
🔍 Processando block volume: LinuxData010-PalacioTKT651385
2025-05-27 12:19:16,416 - WARNING - ⚠️ Tentativa 1: Limite de requisições. Aguardando 5s...
2025-05-27 12:19:26,549 - INFO - ✅ Backup criado: BlockBackup-LinuxData010-PalacioTKT651385-BKPAUTCITEL-20250527-1219
2025-05-27 12:19:26,759 - INFO - 
🔍 Processando block volume: LinuxData010-Banco4
2025-05-27 12:19:27,041 - INFO - ✅ Backup criado: BlockBackup-LinuxData010-Banco4-BKPAUTCITEL-20250527-1219
2025-05-27 12:19:27,626 - INFO - 
🔍 Processando block volume: LinuxData010-Banco5
2025-05-27 12:19:27,927 - INFO - ✅ Backup criado: BlockBackup-LinuxData010-Banco5-BKPAUTCITEL-20250527-1219
2025-05-27 12:19:28,512 - INFO - 
🔍 Processando block volume: LinuxData010-GeB
2025-05-27 12:19:28,785 - INFO - ✅ Backup criado: BlockBackup-LinuxData010-GeB-BKPAUTCITEL-20250527-1219
2025-05-27 12:19:29,364 - INFO - 
🔍 Processando block volume: LinuxData020-Banco3_BR20
2025-05-27 12:19:29,684 - INFO - ✅ Backup criado: BlockBackup-LinuxData020-Banco3_BR20-BKPAUTCITEL-20250527-1219
2025-05-27 12:19:30,311 - INFO - 
🔍 Processando block volume: Banco3_BR20-RESTORE_FILES
2025-05-27 12:19:30,586 - INFO - ✅ Backup criado: BlockBackup-Banco3_BR20-RESTORE_FILES-BKPAUTCITEL-20250527-1219
2025-05-27 12:19:31,203 - INFO - 
🔍 Processando block volume: LinuxData030_clone06052025
2025-05-27 12:19:31,533 - INFO - ✅ Backup criado: BlockBackup-LinuxData030_clone06052025-BKPAUTCITEL-20250527-1219
2025-05-27 12:19:32,105 - INFO - 
🔍 Processando block volume: Restore_Teste_Bancos3_BR20
2025-05-27 12:19:32,400 - INFO - ✅ Backup criado: BlockBackup-Restore_Teste_Bancos3_BR20-BKPAUTCITEL-20250527-1219
2025-05-27 12:19:32,983 - INFO - 
🔍 Processando block volume: Restore Banco ComercialCarvalho
2025-05-27 12:19:33,270 - INFO - ✅ Backup criado: BlockBackup-Restore Banco ComercialCarvalho-BKPAUTCITEL-20250527-1219
2025-05-27 12:19:33,843 - INFO - 
🔍 Processando block volume: Restore Banco Fluzao
2025-05-27 12:19:33,970 - WARNING - ⚠️ Tentativa 1: Limite de requisições. Aguardando 5s...
2025-05-27 12:19:40,516 - INFO - ✅ Backup criado: BlockBackup-Restore Banco Fluzao-BKPAUTCITEL-20250527-1219
2025-05-27 12:19:41,107 - INFO - 
🔍 Processando block volume: Restore Banco Suprema
2025-05-27 12:19:41,414 - INFO - ✅ Backup criado: BlockBackup-Restore Banco Suprema-BKPAUTCITEL-20250527-1219
2025-05-27 12:19:41,995 - INFO - 
🔍 Processando block volume: BKP Fluzao Prudente
2025-05-27 12:19:42,308 - INFO - ✅ Backup criado: BlockBackup-BKP Fluzao Prudente-BKPAUTCITEL-20250527-1219
2025-05-27 12:19:42,866 - INFO - 
🔍 Processando block volume: LINUXDATA020-BANCO3-Testerecovery-14-05-2025
2025-05-27 12:19:43,157 - INFO - ✅ Backup criado: BlockBackup-LINUXDATA020-BANCO3-Testerecovery-14-05-2025-BKPAUTCITEL-20250527-1219
2025-05-27 12:19:43,746 - INFO - 
🔍 Processando block volume: Restore Banco BI Royal
2025-05-27 12:19:44,014 - INFO - ✅ Backup criado: BlockBackup-Restore Banco BI Royal-BKPAUTCITEL-20250527-1219
2025-05-27 12:19:44,571 - INFO - 
🔍 Processando block volume: Restore Banco BI Piso e Cia 
2025-05-27 12:19:44,698 - WARNING - ⚠️ Tentativa 1: Limite de requisições. Aguardando 5s...
2025-05-27 12:19:55,034 - WARNING - ⚠️ Tentativa 2: Limite de requisições. Aguardando 10s...
2025-05-27 12:20:07,070 - INFO - ✅ Backup criado: BlockBackup-Restore Banco BI Piso e Cia -BKPAUTCITEL-20250527-1219
2025-05-27 12:20:07,678 - INFO - 
🔍 Processando block volume: Restore Banco BI MaxVinil
2025-05-27 12:20:07,803 - WARNING - ⚠️ Tentativa 1: Limite de requisições. Aguardando 5s...
2025-05-27 12:20:17,010 - INFO - ✅ Backup criado: BlockBackup-Restore Banco BI MaxVinil-BKPAUTCITEL-20250527-1220
2025-05-27 12:20:17,581 - INFO - 
🔍 Processando block volume: Restore Banco BI Vermat
2025-05-27 12:20:17,904 - INFO - ✅ Backup criado: BlockBackup-Restore Banco BI Vermat-BKPAUTCITEL-20250527-1220
2025-05-27 12:20:18,465 - INFO - 
🔍 Processando block volume: Restore Banco BI Perin
2025-05-27 12:20:18,591 - WARNING - ⚠️ Tentativa 1: Limite de requisições. Aguardando 5s...
2025-05-27 12:20:28,586 - WARNING - ⚠️ Tentativa 2: Limite de requisições. Aguardando 10s...
2025-05-27 12:20:44,100 - INFO - ✅ Backup criado: BlockBackup-Restore Banco BI Perin-BKPAUTCITEL-20250527-1220
2025-05-27 12:20:44,693 - INFO - 
🔍 Processando block volume: Restore Banco BI AtacadaoPT
2025-05-27 12:20:45,007 - INFO - ✅ Backup criado: BlockBackup-Restore Banco BI AtacadaoPT-BKPAUTCITEL-20250527-1220
2025-05-27 12:20:45,583 - INFO - 
🔍 Processando block volume: Restore Banco BI Agrocac
2025-05-27 12:20:45,890 - INFO - ✅ Backup criado: BlockBackup-Restore Banco BI Agrocac-BKPAUTCITEL-20250527-1220
2025-05-27 12:20:46,455 - INFO - 
🔍 Processando block volume: Restore Banco BI PadraoPVC
2025-05-27 12:20:46,746 - INFO - ✅ Backup criado: BlockBackup-Restore Banco BI PadraoPVC-BKPAUTCITEL-20250527-1220
2025-05-27 12:20:47,316 - INFO - 
🔍 Processando block volume: Restore Banco BI Rezende
2025-05-27 12:20:47,603 - INFO - ✅ Backup criado: BlockBackup-Restore Banco BI Rezende-BKPAUTCITEL-20250527-1220
2025-05-27 12:20:48,189 - INFO - 
🔍 Processando block volume: Restore Banco BI MadMapa
2025-05-27 12:20:48,314 - WARNING - ⚠️ Tentativa 1: Limite de requisições. Aguardando 5s...
2025-05-27 12:20:55,071 - INFO - ✅ Backup criado: BlockBackup-Restore Banco BI MadMapa-BKPAUTCITEL-20250527-1220
2025-05-27 12:20:55,655 - INFO - 
🔍 Processando block volume: Restore Banco BI Santana
2025-05-27 12:20:55,780 - WARNING - ⚠️ Tentativa 1: Limite de requisições. Aguardando 5s...
2025-05-27 12:21:02,113 - WARNING - ⚠️ Tentativa 2: Limite de requisições. Aguardando 10s...
2025-05-27 12:21:14,038 - WARNING - ⚠️ Tentativa 3: Limite de requisições. Aguardando 20s...
2025-05-27 12:21:38,806 - INFO - ✅ Backup criado: BlockBackup-Restore Banco BI Santana-BKPAUTCITEL-20250527-1220
2025-05-27 12:21:39,450 - INFO - 
🔍 Processando block volume: Restore Banco BI VarejaodasTintas
2025-05-27 12:21:39,733 - INFO - ✅ Backup criado: BlockBackup-Restore Banco BI VarejaodasTintas-BKPAUTCITEL-20250527-1221
2025-05-27 12:21:40,299 - INFO - 
🔍 Processando block volume: Restore Banco BI ElloTintas
2025-05-27 12:21:40,620 - INFO - ✅ Backup criado: BlockBackup-Restore Banco BI ElloTintas-BKPAUTCITEL-20250527-1221
2025-05-27 12:21:41,200 - INFO - 
🔍 Processando block volume: Restore Banco BI Moto One
2025-05-27 12:21:41,470 - INFO - ✅ Backup criado: BlockBackup-Restore Banco BI Moto One-BKPAUTCITEL-20250527-1221
2025-05-27 12:21:42,038 - INFO - 
🔍 Processando block volume: Restore Banco BI OLV
2025-05-27 12:21:42,329 - INFO - ✅ Backup criado: BlockBackup-Restore Banco BI OLV-BKPAUTCITEL-20250527-1221
2025-05-27 12:21:42,884 - INFO - 
🔍 Processando block volume: Restore Banco BI Construilma
2025-05-27 12:21:43,009 - WARNING - ⚠️ Tentativa 1: Limite de requisições. Aguardando 5s...
2025-05-27 12:21:53,211 - INFO - ✅ Backup criado: BlockBackup-Restore Banco BI Construilma-BKPAUTCITEL-20250527-1221
2025-05-27 12:21:53,772 - INFO - 
🔍 Processando block volume: Restore Banco BI Baytek
2025-05-27 12:21:54,132 - INFO - ✅ Backup criado: BlockBackup-Restore Banco BI Baytek-BKPAUTCITEL-20250527-1221
2025-05-27 12:21:54,684 - INFO - 
🔍 Processando block volume: Restore Banco BI Soldage
2025-05-27 12:21:54,809 - WARNING - ⚠️ Tentativa 1: Limite de requisições. Aguardando 5s...
2025-05-27 12:22:02,762 - WARNING - ⚠️ Tentativa 2: Limite de requisições. Aguardando 10s...
2025-05-27 12:22:16,178 - INFO - ✅ Backup criado: BlockBackup-Restore Banco BI Soldage-BKPAUTCITEL-20250527-1221
2025-05-27 12:22:16,742 - INFO - 
🔍 Processando block volume: Banco Restore BI Rizato
2025-05-27 12:22:16,866 - WARNING - ⚠️ Tentativa 1: Limite de requisições. Aguardando 5s...
2025-05-27 12:22:24,698 - WARNING - ⚠️ Tentativa 2: Limite de requisições. Aguardando 10s...
2025-05-27 12:22:35,550 - INFO - ✅ Backup criado: BlockBackup-Banco Restore BI Rizato-BKPAUTCITEL-20250527-1222
2025-05-27 12:22:36,125 - INFO - 
🔍 Processando block volume: Restore Banco BI Colomarti
2025-05-27 12:22:36,401 - INFO - ✅ Backup criado: BlockBackup-Restore Banco BI Colomarti-BKPAUTCITEL-20250527-1222
2025-05-27 12:22:36,969 - INFO - 
🔍 Processando block volume: HD BKP BI Gasparzinho
2025-05-27 12:22:37,094 - WARNING - ⚠️ Tentativa 1: Limite de requisições. Aguardando 5s...
2025-05-27 12:22:44,515 - WARNING - ⚠️ Tentativa 2: Limite de requisições. Aguardando 10s...
2025-05-27 12:22:58,959 - INFO - ✅ Backup criado: BlockBackup-HD BKP BI Gasparzinho-BKPAUTCITEL-20250527-1222
2025-05-27 12:22:59,521 - INFO - 
🔍 Processando block volume: Banco_srvEstrategico
2025-05-27 12:22:59,645 - WARNING - ⚠️ Tentativa 1: Limite de requisições. Aguardando 5s...
2025-05-27 12:23:07,354 - INFO - ✅ Backup criado: BlockBackup-Banco_srvEstrategico-BKPAUTCITEL-20250527-1222
2025-05-27 12:23:07,940 - INFO - 
🔍 Processando block volume: Restore banco Palmas bkp2 
2025-05-27 12:23:08,069 - WARNING - ⚠️ Tentativa 1: Limite de requisições. Aguardando 5s...
2025-05-27 12:23:17,118 - INFO - ✅ Backup criado: BlockBackup-Restore banco Palmas bkp2 -BKPAUTCITEL-20250527-1223
2025-05-27 12:23:17,687 - INFO - 
🔍 Processando block volume: Restore Banco 2B bkp2
2025-05-27 12:23:17,811 - WARNING - ⚠️ Tentativa 1: Limite de requisições. Aguardando 5s...
2025-05-27 12:23:23,904 - INFO - ✅ Backup criado: BlockBackup-Restore Banco 2B bkp2-BKPAUTCITEL-20250527-1223
2025-05-27 12:23:24,464 - INFO - 
🔍 Processando block volume: Restore Banco BI Refrigas2
2025-05-27 12:23:24,758 - INFO - ✅ Backup criado: BlockBackup-Restore Banco BI Refrigas2-BKPAUTCITEL-20250527-1223
2025-05-27 12:23:25,320 - INFO - 
🔍 Processando block volume: BKP Valclei tkt 1076246
2025-05-27 12:23:25,599 - INFO - ✅ Backup criado: BlockBackup-BKP Valclei tkt 1076246-BKPAUTCITEL-20250527-1223
2025-05-27 12:23:26,169 - INFO - 
🔍 Processando block volume: Restore2 BI Paratudo
2025-05-27 12:23:26,454 - INFO - ✅ Backup criado: BlockBackup-Restore2 BI Paratudo-BKPAUTCITEL-20250527-1223
2025-05-27 12:23:27,002 - INFO - 
🔍 Processando block volume: Banco2 MiaraKruger bi 
2025-05-27 12:23:27,270 - INFO - ✅ Backup criado: BlockBackup-Banco2 MiaraKruger bi -BKPAUTCITEL-20250527-1223
2025-05-27 12:23:27,843 - INFO - 
✅ Execução concluída com sucesso
