2025-05-26 23:09:10,501 - INFO - 
🔍 Processando block volume: LinuxTSPlus1
2025-05-26 23:09:10,785 - INFO - ✅ Backup criado: BlockBackup-LinuxTSPlus1-BKPAUTCITEL-20250526-2309
2025-05-26 23:09:11,371 - INFO - 
🔍 Processando block volume: Banco1LinuxTSPlus2
2025-05-26 23:09:11,649 - INFO - ✅ Backup criado: BlockBackup-Banco1LinuxTSPlus2-BKPAUTCITEL-20250526-2309
2025-05-26 23:09:12,235 - INFO - 
🔍 Processando block volume: Banco1LinuxTSPlus4
2025-05-26 23:09:12,518 - INFO - ✅ Backup criado: BlockBackup-Banco1LinuxTSPlus4-BKPAUTCITEL-20250526-2309
2025-05-26 23:09:13,119 - INFO - 
🔍 Processando block volume: Banco1LinuxTSPlus20
2025-05-26 23:09:13,437 - INFO - ✅ Backup criado: BlockBackup-Banco1LinuxTSPlus20-BKPAUTCITEL-20250526-2309
2025-05-26 23:09:14,024 - INFO - 
🔍 Processando block volume: Banco3LinuxTSPlus1
2025-05-26 23:09:14,349 - INFO - ✅ Backup criado: BlockBackup-Banco3LinuxTSPlus1-BKPAUTCITEL-20250526-2309
2025-05-26 23:09:14,921 - INFO - 
🔍 Processando block volume: Banco_PalacioFerramentas
2025-05-26 23:09:15,196 - INFO - ✅ Backup criado: BlockBackup-Banco_PalacioFerramentas-BKPAUTCITEL-20250526-2309
2025-05-26 23:09:15,390 - INFO - 
🔍 Processando block volume: Banco1LinuxTSPlus25
2025-05-26 23:09:15,663 - INFO - ✅ Backup criado: BlockBackup-Banco1LinuxTSPlus25-BKPAUTCITEL-20250526-2309
2025-05-26 23:09:16,230 - INFO - 
🔍 Processando block volume: Banco1LinuxTSPlus30
2025-05-26 23:09:16,519 - INFO - ✅ Backup criado: BlockBackup-Banco1LinuxTSPlus30-BKPAUTCITEL-20250526-2309
2025-05-26 23:09:17,095 - INFO - 
🔍 Processando block volume: Banco5LinuxTSPlus10
2025-05-26 23:09:17,378 - INFO - ✅ Backup criado: BlockBackup-Banco5LinuxTSPlus10-BKPAUTCITEL-20250526-2309
2025-05-26 23:09:17,963 - INFO - 
🔍 Processando block volume: Banco2LinuxTSPlus20
2025-05-26 23:09:18,221 - INFO - ✅ Backup criado: BlockBackup-Banco2LinuxTSPlus20-BKPAUTCITEL-20250526-2309
2025-05-26 23:09:18,827 - INFO - 
🔍 Processando block volume: Banco2BR24
2025-05-26 23:09:19,198 - INFO - ✅ Backup criado: BlockBackup-Banco2BR24-BKPAUTCITEL-20250526-2309
2025-05-26 23:09:19,769 - INFO - 
🔍 Processando block volume: LinuxDataBelaTintas
2025-05-26 23:09:19,894 - WARNING - ⚠️ Tentativa 1: Limite de requisições. Aguardando 5s...
2025-05-26 23:09:27,056 - INFO - ✅ Backup criado: BlockBackup-LinuxDataBelaTintas-BKPAUTCITEL-20250526-2309
2025-05-26 23:09:27,642 - INFO - 
🔍 Processando block volume: Bancos2_BR02
2025-05-26 23:09:27,926 - INFO - ✅ Backup criado: BlockBackup-Bancos2_BR02-BKPAUTCITEL-20250526-2309
2025-05-26 23:09:28,113 - INFO - 
🔍 Processando block volume: Bancos4_BR01
2025-05-26 23:09:28,419 - INFO - ✅ Backup criado: BlockBackup-Bancos4_BR01-BKPAUTCITEL-20250526-2309
2025-05-26 23:09:28,993 - INFO - 
🔍 Processando block volume: BKO Palacio TKT 651385
2025-05-26 23:09:29,262 - INFO - ✅ Backup criado: BlockBackup-BKO Palacio TKT 651385-BKPAUTCITEL-20250526-2309
2025-05-26 23:09:29,849 - INFO - 
🔍 Processando block volume: Bancos3_BR25
2025-05-26 23:09:29,975 - WARNING - ⚠️ Tentativa 1: Limite de requisições. Aguardando 5s...
2025-05-26 23:09:37,950 - INFO - ✅ Backup criado: BlockBackup-Bancos3_BR25-BKPAUTCITEL-20250526-2309
2025-05-26 23:09:38,529 - INFO - 
🔍 Processando block volume: GeB
2025-05-26 23:09:38,657 - WARNING - ⚠️ Tentativa 1: Limite de requisições. Aguardando 5s...
2025-05-26 23:09:48,369 - INFO - ✅ Backup criado: BlockBackup-GeB-BKPAUTCITEL-20250526-2309
2025-05-26 23:09:48,945 - INFO - 
🔍 Processando block volume: Banco3_BR20
2025-05-26 23:09:49,237 - INFO - ✅ Backup criado: BlockBackup-Banco3_BR20-BKPAUTCITEL-20250526-2309
2025-05-26 23:09:49,807 - INFO - 
🔍 Processando block volume: Banco_Darka
2025-05-26 23:09:49,932 - WARNING - ⚠️ Tentativa 1: Limite de requisições. Aguardando 5s...
2025-05-26 23:09:58,979 - WARNING - ⚠️ Tentativa 2: Limite de requisições. Aguardando 10s...
2025-05-26 23:10:10,004 - WARNING - ⚠️ Tentativa 3: Limite de requisições. Aguardando 20s...
2025-05-26 23:10:35,094 - WARNING - ⚠️ Tentativa 4: Limite de requisições. Aguardando 40s...
2025-05-26 23:11:17,858 - INFO - ✅ Backup criado: BlockBackup-Banco_Darka-BKPAUTCITEL-20250526-2309
2025-05-26 23:11:18,108 - INFO - 
🔍 Processando block volume: Banco4LinuxTSPlus20
2025-05-26 23:11:18,402 - INFO - ✅ Backup criado: BlockBackup-Banco4LinuxTSPlus20-BKPAUTCITEL-20250526-2311
2025-05-26 23:11:19,006 - INFO - 
🔍 Processando block volume: BackupGeB
2025-05-26 23:11:19,295 - INFO - ✅ Backup criado: BlockBackup-BackupGeB-BKPAUTCITEL-20250526-2311
2025-05-26 23:11:19,881 - INFO - 
🔍 Processando block volume: BancoGeB
2025-05-26 23:11:20,173 - INFO - ✅ Backup criado: BlockBackup-BancoGeB-BKPAUTCITEL-20250526-2311
2025-05-26 23:11:20,751 - INFO - 
🔍 Processando block volume: Bancos5_BR1
2025-05-26 23:11:21,053 - INFO - ✅ Backup criado: BlockBackup-Bancos5_BR1-BKPAUTCITEL-20250526-2311
2025-05-26 23:11:21,638 - INFO - 
🔍 Processando block volume: BackupCoresVivas TKT 902822
2025-05-26 23:11:21,916 - INFO - ✅ Backup criado: BlockBackup-BackupCoresVivas TKT 902822-BKPAUTCITEL-20250526-2311
2025-05-26 23:11:22,518 - INFO - 
🔍 Processando block volume: bkpBoomerVinicius
2025-05-26 23:11:22,807 - INFO - ✅ Backup criado: BlockBackup-bkpBoomerVinicius-BKPAUTCITEL-20250526-2311
2025-05-26 23:11:23,382 - INFO - 
🔍 Processando block volume: GeB2
2025-05-26 23:11:23,673 - INFO - ✅ Backup criado: BlockBackup-GeB2-BKPAUTCITEL-20250526-2311
2025-05-26 23:11:24,242 - INFO - 
🔍 Processando block volume: bkpParque1014464
2025-05-26 23:11:24,526 - INFO - ✅ Backup criado: BlockBackup-bkpParque1014464-BKPAUTCITEL-20250526-2311
2025-05-26 23:11:25,118 - INFO - 
🔍 Processando block volume: bkpPedrao1020442
2025-05-26 23:11:25,256 - WARNING - ⚠️ Tentativa 1: Limite de requisições. Aguardando 5s...
2025-05-26 23:11:34,215 - INFO - ✅ Backup criado: BlockBackup-bkpPedrao1020442-BKPAUTCITEL-20250526-2311
2025-05-26 23:11:34,797 - INFO - 
🔍 Processando block volume: Backup_BR34_1031161
2025-05-26 23:11:35,180 - INFO - ✅ Backup criado: BlockBackup-Backup_BR34_1031161-BKPAUTCITEL-20250526-2311
2025-05-26 23:11:35,766 - INFO - 
🔍 Processando block volume: GeB BancoTeste tkt 1048932
2025-05-26 23:11:36,055 - INFO - ✅ Backup criado: BlockBackup-GeB BancoTeste tkt 1048932-BKPAUTCITEL-20250526-2311
2025-05-26 23:11:36,642 - INFO - 
🔍 Processando block volume: Banco1LinuxTSPlus11_clone2904
2025-05-26 23:11:36,766 - WARNING - ⚠️ Tentativa 1: Limite de requisições. Aguardando 5s...
2025-05-26 23:11:43,942 - INFO - ✅ Backup criado: BlockBackup-Banco1LinuxTSPlus11_clone2904-BKPAUTCITEL-20250526-2311
2025-05-26 23:11:44,526 - INFO - 
🔍 Processando block volume: LinuxTSPlus11_BancoPRODJRPais_clone2904
2025-05-26 23:11:44,650 - WARNING - ⚠️ Tentativa 1: Limite de requisições. Aguardando 5s...
2025-05-26 23:11:53,867 - WARNING - ⚠️ Tentativa 2: Limite de requisições. Aguardando 10s...
2025-05-26 23:12:06,726 - INFO - ✅ Backup criado: BlockBackup-LinuxTSPlus11_BancoPRODJRPais_clone2904-BKPAUTCITEL-20250526-2311
2025-05-26 23:12:06,932 - INFO - 
🔍 Processando block volume: LinuxTSPlus30_Banco1LinuxTSPlus30_clone2904
2025-05-26 23:12:07,215 - INFO - ✅ Backup criado: BlockBackup-LinuxTSPlus30_Banco1LinuxTSPlus30_clone2904-BKPAUTCITEL-20250526-2312
2025-05-26 23:12:07,789 - INFO - 
🔍 Processando block volume: Banco-1-LinuxData012
2025-05-26 23:12:07,943 - WARNING - ⚠️ Tentativa 1: Limite de requisições. Aguardando 5s...
2025-05-26 23:12:13,656 - WARNING - ⚠️ Tentativa 2: Limite de requisições. Aguardando 10s...
2025-05-26 23:12:25,079 - INFO - ✅ Backup criado: BlockBackup-Banco-1-LinuxData012-BKPAUTCITEL-20250526-2312
2025-05-26 23:12:25,666 - INFO - 
🔍 Processando block volume: Banco2-LinuxData012
2025-05-26 23:12:25,964 - INFO - ✅ Backup criado: BlockBackup-Banco2-LinuxData012-BKPAUTCITEL-20250526-2312
2025-05-26 23:12:26,589 - INFO - 
🔍 Processando block volume: Banco3-LinuxData012
2025-05-26 23:12:26,889 - INFO - ✅ Backup criado: BlockBackup-Banco3-LinuxData012-BKPAUTCITEL-20250526-2312
2025-05-26 23:12:27,505 - INFO - 
🔍 Processando block volume: LinuxTSPlus55_Banco1BR55_clone2904
2025-05-26 23:12:27,790 - INFO - ✅ Backup criado: BlockBackup-LinuxTSPlus55_Banco1BR55_clone2904-BKPAUTCITEL-20250526-2312
2025-05-26 23:12:28,365 - INFO - 
🔍 Processando block volume: LinuxTSPlus55_Banco3BR55_clone2904
2025-05-26 23:12:28,489 - WARNING - ⚠️ Tentativa 1: Limite de requisições. Aguardando 5s...
2025-05-26 23:12:34,222 - INFO - ✅ Backup criado: BlockBackup-LinuxTSPlus55_Banco3BR55_clone2904-BKPAUTCITEL-20250526-2312
2025-05-26 23:12:34,793 - INFO - 
🔍 Processando block volume: LinuxTSPlus65_Banco1LinuxTSPLUS65_clone2904
2025-05-26 23:12:35,071 - INFO - ✅ Backup criado: BlockBackup-LinuxTSPlus65_Banco1LinuxTSPLUS65_clone2904-BKPAUTCITEL-20250526-2312
2025-05-26 23:12:35,657 - INFO - 
🔍 Processando block volume: LinuxTSPlus65_Banco2LinuxTSPLUS65_clone2904
2025-05-26 23:12:35,947 - INFO - ✅ Backup criado: BlockBackup-LinuxTSPlus65_Banco2LinuxTSPLUS65_clone2904-BKPAUTCITEL-20250526-2312
2025-05-26 23:12:36,520 - INFO - 
🔍 Processando block volume: LinuxTSPlus65_Banco3LinuxTSPLUS65_clone2904
2025-05-26 23:12:36,801 - INFO - ✅ Backup criado: BlockBackup-LinuxTSPlus65_Banco3LinuxTSPLUS65_clone2904-BKPAUTCITEL-20250526-2312
2025-05-26 23:12:37,378 - INFO - 
🔍 Processando block volume: LinuxTSPlus65_BinariosLinuxTSPLUS65_clone2904
2025-05-26 23:12:37,684 - INFO - ✅ Backup criado: BlockBackup-LinuxTSPlus65_BinariosLinuxTSPLUS65_clone2904-BKPAUTCITEL-20250526-2312
2025-05-26 23:12:38,263 - INFO - 
🔍 Processando block volume: LinuxTSPlus28_Banco2LinuxTSPlus28_clone2904
2025-05-26 23:12:38,556 - INFO - ✅ Backup criado: BlockBackup-LinuxTSPlus28_Banco2LinuxTSPlus28_clone2904-BKPAUTCITEL-20250526-2312
2025-05-26 23:12:39,146 - INFO - 
🔍 Processando block volume: LinuxTSPlus28_bancos3_BR28_clone2904
2025-05-26 23:12:39,481 - INFO - ✅ Backup criado: BlockBackup-LinuxTSPlus28_bancos3_BR28_clone2904-BKPAUTCITEL-20250526-2312
2025-05-26 23:12:40,049 - INFO - 
🔍 Processando block volume: LinuxTSPlus29_Banco1LinuxTSPlus29_clone2904
2025-05-26 23:12:40,173 - WARNING - ⚠️ Tentativa 1: Limite de requisições. Aguardando 5s...
2025-05-26 23:12:45,690 - WARNING - ⚠️ Tentativa 2: Limite de requisições. Aguardando 10s...
2025-05-26 23:12:58,498 - WARNING - ⚠️ Tentativa 3: Limite de requisições. Aguardando 20s...
2025-05-26 23:13:22,585 - INFO - ✅ Backup criado: BlockBackup-LinuxTSPlus29_Banco1LinuxTSPlus29_clone2904-BKPAUTCITEL-20250526-2312
2025-05-26 23:13:23,169 - INFO - 
🔍 Processando block volume: LinuxTSPlus29_Bancos2_BR29_clone2904
2025-05-26 23:13:23,294 - WARNING - ⚠️ Tentativa 1: Limite de requisições. Aguardando 5s...
2025-05-26 23:13:29,354 - WARNING - ⚠️ Tentativa 2: Limite de requisições. Aguardando 10s...
2025-05-26 23:13:42,435 - INFO - ✅ Backup criado: BlockBackup-LinuxTSPlus29_Bancos2_BR29_clone2904-BKPAUTCITEL-20250526-2313
2025-05-26 23:13:43,021 - INFO - 
🔍 Processando block volume: LinuxTSPlus29_Bancos3_BR29_clone2904
2025-05-26 23:13:43,334 - INFO - ✅ Backup criado: BlockBackup-LinuxTSPlus29_Bancos3_BR29_clone2904-BKPAUTCITEL-20250526-2313
2025-05-26 23:13:43,912 - INFO - 
🔍 Processando block volume: LinuxTSPlus72_Banco2BR_72_clone2904
2025-05-26 23:13:44,203 - INFO - ✅ Backup criado: BlockBackup-LinuxTSPlus72_Banco2BR_72_clone2904-BKPAUTCITEL-20250526-2313
2025-05-26 23:13:44,776 - INFO - 
🔍 Processando block volume: LinuxTSPlus72_BancoBR_clone2904
2025-05-26 23:13:45,067 - INFO - ✅ Backup criado: BlockBackup-LinuxTSPlus72_BancoBR_clone2904-BKPAUTCITEL-20250526-2313
2025-05-26 23:13:45,649 - INFO - 
🔍 Processando block volume: LinuxTSPlus43_Banco1LinuxTSPLUS43_clone2904
2025-05-26 23:13:45,928 - INFO - ✅ Backup criado: BlockBackup-LinuxTSPlus43_Banco1LinuxTSPLUS43_clone2904-BKPAUTCITEL-20250526-2313
2025-05-26 23:13:46,519 - INFO - 
🔍 Processando block volume: LinuxTSPlus43_HD4-LinuxDBA_clone2904
2025-05-26 23:13:46,797 - INFO - ✅ Backup criado: BlockBackup-LinuxTSPlus43_HD4-LinuxDBA_clone2904-BKPAUTCITEL-20250526-2313
2025-05-26 23:13:47,403 - INFO - 
🔍 Processando block volume: LinuxTSPlus50_Banco1LinuxTSPlus50_clone2904
2025-05-26 23:13:47,527 - WARNING - ⚠️ Tentativa 1: Limite de requisições. Aguardando 5s...
2025-05-26 23:13:55,527 - INFO - ✅ Backup criado: BlockBackup-LinuxTSPlus50_Banco1LinuxTSPlus50_clone2904-BKPAUTCITEL-20250526-2313
2025-05-26 23:13:56,215 - INFO - 
🔍 Processando block volume: LinuxTSPlus37_Banco1LinuxTSPLUS37_clone2904
2025-05-26 23:13:56,339 - WARNING - ⚠️ Tentativa 1: Limite de requisições. Aguardando 5s...
2025-05-26 23:14:03,011 - WARNING - ⚠️ Tentativa 2: Limite de requisições. Aguardando 10s...
2025-05-26 23:14:18,571 - INFO - ✅ Backup criado: BlockBackup-LinuxTSPlus37_Banco1LinuxTSPLUS37_clone2904-BKPAUTCITEL-20250526-2313
2025-05-26 23:14:19,161 - INFO - 
🔍 Processando block volume: LinuxTSPlus37_Banco2LinuxTSPLUS37_clone2904
2025-05-26 23:14:19,436 - INFO - ✅ Backup criado: BlockBackup-LinuxTSPlus37_Banco2LinuxTSPLUS37_clone2904-BKPAUTCITEL-20250526-2314
2025-05-26 23:14:20,011 - INFO - 
🔍 Processando block volume: LinuxTSPlus40_Banco1
2025-05-26 23:14:20,323 - INFO - ✅ Backup criado: BlockBackup-LinuxTSPlus40_Banco1-BKPAUTCITEL-20250526-2314
2025-05-26 23:14:20,908 - INFO - 
🔍 Processando block volume: LinuxTSPlus32_Banco1LinuxTSPLUS32_clone2904
2025-05-26 23:14:21,032 - WARNING - ⚠️ Tentativa 1: Limite de requisições. Aguardando 5s...
2025-05-26 23:14:30,246 - WARNING - ⚠️ Tentativa 2: Limite de requisições. Aguardando 10s...
2025-05-26 23:14:44,750 - INFO - ✅ Backup criado: BlockBackup-LinuxTSPlus32_Banco1LinuxTSPLUS32_clone2904-BKPAUTCITEL-20250526-2314
2025-05-26 23:14:45,323 - INFO - 
🔍 Processando block volume: LinuxTSPlus32_Banco2LinuxTSPLUS32_clone2904
2025-05-26 23:14:45,447 - WARNING - ⚠️ Tentativa 1: Limite de requisições. Aguardando 5s...
2025-05-26 23:14:54,619 - INFO - ✅ Backup criado: BlockBackup-LinuxTSPlus32_Banco2LinuxTSPLUS32_clone2904-BKPAUTCITEL-20250526-2314
2025-05-26 23:14:55,189 - INFO - 
🔍 Processando block volume: Banco2-LinuxData013
2025-05-26 23:14:55,483 - INFO - ✅ Backup criado: BlockBackup-Banco2-LinuxData013-BKPAUTCITEL-20250526-2314
2025-05-26 23:14:56,057 - INFO - 
🔍 Processando block volume: Banco3-LinuxData013
2025-05-26 23:14:56,348 - INFO - ✅ Backup criado: BlockBackup-Banco3-LinuxData013-BKPAUTCITEL-20250526-2314
2025-05-26 23:14:56,918 - INFO - 
🔍 Processando block volume: Banco1-LinuxData013
2025-05-26 23:14:57,189 - INFO - ✅ Backup criado: BlockBackup-Banco1-LinuxData013-BKPAUTCITEL-20250526-2314
2025-05-26 23:14:57,793 - INFO - 
🔍 Processando block volume: LinuxTSPlus14_BackupCoresVivas TKT 902822_clone2904
2025-05-26 23:14:58,111 - INFO - ✅ Backup criado: BlockBackup-LinuxTSPlus14_BackupCoresVivas TKT 902822_clone2904-BKPAUTCITEL-20250526-2314
2025-05-26 23:14:58,713 - INFO - 
🔍 Processando block volume: LinuxTSPlus14_Banco2LinuxTSPlus14_clone2904
2025-05-26 23:14:58,984 - INFO - ✅ Backup criado: BlockBackup-LinuxTSPlus14_Banco2LinuxTSPlus14_clone2904-BKPAUTCITEL-20250526-2314
2025-05-26 23:14:59,595 - INFO - 
🔍 Processando block volume: LinuxTSPlus9-Banco1LinuxTSPlus9-clone2904
2025-05-26 23:14:59,720 - WARNING - ⚠️ Tentativa 1: Limite de requisições. Aguardando 5s...
2025-05-26 23:15:05,989 - INFO - ✅ Backup criado: BlockBackup-LinuxTSPlus9-Banco1LinuxTSPlus9-clone2904-BKPAUTCITEL-20250526-2314
2025-05-26 23:15:06,573 - INFO - 
🔍 Processando block volume: LinuxTSPlus9-Banco3LinuxTSPlus9-clone2904
2025-05-26 23:15:06,861 - INFO - ✅ Backup criado: BlockBackup-LinuxTSPlus9-Banco3LinuxTSPlus9-clone2904-BKPAUTCITEL-20250526-2315
2025-05-26 23:15:07,489 - INFO - 
🔍 Processando block volume: LinuxTSPlus14_BancoUbertintasTSPlus14_clone2904
2025-05-26 23:15:07,776 - INFO - ✅ Backup criado: BlockBackup-LinuxTSPlus14_BancoUbertintasTSPlus14_clone2904-BKPAUTCITEL-20250526-2315
2025-05-26 23:15:08,356 - INFO - 
🔍 Processando block volume: LinuxTSPlus9-Bancos4_BR9-clone2904
2025-05-26 23:15:08,481 - WARNING - ⚠️ Tentativa 1: Limite de requisições. Aguardando 5s...
2025-05-26 23:15:17,748 - WARNING - ⚠️ Tentativa 2: Limite de requisições. Aguardando 10s...
2025-05-26 23:15:31,916 - INFO - ✅ Backup criado: BlockBackup-LinuxTSPlus9-Bancos4_BR9-clone2904-BKPAUTCITEL-20250526-2315
2025-05-26 23:15:32,512 - INFO - 
🔍 Processando block volume: LinuxTSPlus8-Banco1LinuxTSPlus8-clone2904
2025-05-26 23:15:32,867 - INFO - ✅ Backup criado: BlockBackup-LinuxTSPlus8-Banco1LinuxTSPlus8-clone2904-BKPAUTCITEL-20250526-2315
2025-05-26 23:15:33,448 - INFO - 
🔍 Processando block volume: LinuxTSPlus8-Banco3LinuxTSPlus8-clone2904
2025-05-26 23:15:33,754 - INFO - ✅ Backup criado: BlockBackup-LinuxTSPlus8-Banco3LinuxTSPlus8-clone2904-BKPAUTCITEL-20250526-2315
2025-05-26 23:15:34,335 - INFO - 
🔍 Processando block volume: LinuxTSPlus16_Banco1LinuxTSPlus16_clone2904
2025-05-26 23:15:34,626 - INFO - ✅ Backup criado: BlockBackup-LinuxTSPlus16_Banco1LinuxTSPlus16_clone2904-BKPAUTCITEL-20250526-2315
2025-05-26 23:15:35,218 - INFO - 
🔍 Processando block volume: LinuxTSPlus16_Banco2LinuxTSPlus16_clone2904
2025-05-26 23:15:35,524 - INFO - ✅ Backup criado: BlockBackup-LinuxTSPlus16_Banco2LinuxTSPlus16_clone2904-BKPAUTCITEL-20250526-2315
2025-05-26 23:15:36,092 - INFO - 
🔍 Processando block volume: LinuxTSPlus7-Banco2LinuxTSPlus7-block-clone2904
2025-05-26 23:15:36,217 - WARNING - ⚠️ Tentativa 1: Limite de requisições. Aguardando 5s...
2025-05-26 23:15:46,179 - INFO - ✅ Backup criado: BlockBackup-LinuxTSPlus7-Banco2LinuxTSPlus7-block-clone2904-BKPAUTCITEL-20250526-2315
2025-05-26 23:15:46,750 - INFO - 
🔍 Processando block volume: LinuxTSPlus7-Banco3LinuxTSPlus7-block-clone2904
2025-05-26 23:15:47,035 - INFO - ✅ Backup criado: BlockBackup-LinuxTSPlus7-Banco3LinuxTSPlus7-block-clone2904-BKPAUTCITEL-20250526-2315
2025-05-26 23:15:47,617 - INFO - 
🔍 Processando block volume: LinuxTSPlus7-Banco3_BR7-block-clone2904
2025-05-26 23:15:47,742 - WARNING - ⚠️ Tentativa 1: Limite de requisições. Aguardando 5s...
2025-05-26 23:15:53,905 - INFO - ✅ Backup criado: BlockBackup-LinuxTSPlus7-Banco3_BR7-block-clone2904-BKPAUTCITEL-20250526-2315
2025-05-26 23:15:54,503 - INFO - 
🔍 Processando block volume: LinuxTSPlus17_Banco2LinuxTSPlus17_clone2904
2025-05-26 23:15:54,860 - INFO - ✅ Backup criado: BlockBackup-LinuxTSPlus17_Banco2LinuxTSPlus17_clone2904-BKPAUTCITEL-20250526-2315
2025-05-26 23:15:55,463 - INFO - 
🔍 Processando block volume: LinuxTSPlus17_BancoPRODBelaTintas_clone2904
2025-05-26 23:15:55,588 - WARNING - ⚠️ Tentativa 1: Limite de requisições. Aguardando 5s...
2025-05-26 23:16:01,569 - INFO - ✅ Backup criado: BlockBackup-LinuxTSPlus17_BancoPRODBelaTintas_clone2904-BKPAUTCITEL-20250526-2315
2025-05-26 23:16:02,147 - INFO - 
🔍 Processando block volume: LinuxTSPlus17_HD5-LinuxDBAs_clone2904
2025-05-26 23:16:02,271 - WARNING - ⚠️ Tentativa 1: Limite de requisições. Aguardando 5s...
2025-05-26 23:16:12,376 - WARNING - ⚠️ Tentativa 2: Limite de requisições. Aguardando 10s...
2025-05-26 23:16:25,024 - WARNING - ⚠️ Tentativa 3: Limite de requisições. Aguardando 20s...
2025-05-26 23:16:50,113 - INFO - ✅ Backup criado: BlockBackup-LinuxTSPlus17_HD5-LinuxDBAs_clone2904-BKPAUTCITEL-20250526-2316
2025-05-26 23:16:50,683 - INFO - 
🔍 Processando block volume: LinuxTSPlus6-Banco3LinuxTSPlus6-block-clone2904
2025-05-26 23:16:50,986 - INFO - ✅ Backup criado: BlockBackup-LinuxTSPlus6-Banco3LinuxTSPlus6-block-clone2904-BKPAUTCITEL-20250526-2316
2025-05-26 23:16:51,552 - INFO - 
🔍 Processando block volume: LinuxTSPlus6-Banco4LinuxTSPlus6-block-clone2904
2025-05-26 23:16:51,840 - INFO - ✅ Backup criado: BlockBackup-LinuxTSPlus6-Banco4LinuxTSPlus6-block-clone2904-BKPAUTCITEL-20250526-2316
2025-05-26 23:16:52,412 - INFO - 
🔍 Processando block volume: LinuxTSPlus18-Banco1LinuxTSPlus18-block-2904
2025-05-26 23:16:52,537 - WARNING - ⚠️ Tentativa 1: Limite de requisições. Aguardando 5s...
2025-05-26 23:16:58,329 - INFO - ✅ Backup criado: BlockBackup-LinuxTSPlus18-Banco1LinuxTSPlus18-block-2904-BKPAUTCITEL-20250526-2316
2025-05-26 23:16:58,912 - INFO - 
🔍 Processando block volume: LinuxTSPlus18-Banco2LinuxTSPlus18-block-2904
2025-05-26 23:16:59,193 - INFO - ✅ Backup criado: BlockBackup-LinuxTSPlus18-Banco2LinuxTSPlus18-block-2904-BKPAUTCITEL-20250526-2316
2025-05-26 23:16:59,782 - INFO - 
🔍 Processando block volume: LinuxTSPlus18-Bancos4_BR18-block-2904
2025-05-26 23:16:59,907 - WARNING - ⚠️ Tentativa 1: Limite de requisições. Aguardando 5s...
2025-05-26 23:17:08,895 - WARNING - ⚠️ Tentativa 2: Limite de requisições. Aguardando 10s...
2025-05-26 23:17:22,543 - INFO - ✅ Backup criado: BlockBackup-LinuxTSPlus18-Bancos4_BR18-block-2904-BKPAUTCITEL-20250526-2316
2025-05-26 23:17:23,113 - INFO - 
🔍 Processando block volume: LinuxTsplus59-Banco2Linux59-block-clone2904
2025-05-26 23:17:23,425 - INFO - ✅ Backup criado: BlockBackup-LinuxTsplus59-Banco2Linux59-block-clone2904-BKPAUTCITEL-20250526-2317
2025-05-26 23:17:24,028 - INFO - 
🔍 Processando block volume: LinuxTsplus59-BancoLinux59-block-clone2904
2025-05-26 23:17:24,299 - INFO - ✅ Backup criado: BlockBackup-LinuxTsplus59-BancoLinux59-block-clone2904-BKPAUTCITEL-20250526-2317
2025-05-26 23:17:24,884 - INFO - 
🔍 Processando block volume: LinuxTSPlus19_Banco1LinuxTSPlus19_clone2904
2025-05-26 23:17:25,012 - WARNING - ⚠️ Tentativa 1: Limite de requisições. Aguardando 5s...
2025-05-26 23:17:31,934 - INFO - ✅ Backup criado: BlockBackup-LinuxTSPlus19_Banco1LinuxTSPlus19_clone2904-BKPAUTCITEL-20250526-2317
2025-05-26 23:17:32,527 - INFO - 
🔍 Processando block volume: LinuxTSPlus19_Banco3LinuxTSPlus19_clone2904
2025-05-26 23:17:32,652 - WARNING - ⚠️ Tentativa 1: Limite de requisições. Aguardando 5s...
2025-05-26 23:17:41,781 - INFO - ✅ Backup criado: BlockBackup-LinuxTSPlus19_Banco3LinuxTSPlus19_clone2904-BKPAUTCITEL-20250526-2317
2025-05-26 23:17:42,354 - INFO - 
🔍 Processando block volume: LinuxTSPlus20_Banco1LinuxTSPlus20_clone2904
2025-05-26 23:17:42,480 - WARNING - ⚠️ Tentativa 1: Limite de requisições. Aguardando 5s...
2025-05-26 23:17:48,326 - INFO - ✅ Backup criado: BlockBackup-LinuxTSPlus20_Banco1LinuxTSPlus20_clone2904-BKPAUTCITEL-20250526-2317
2025-05-26 23:17:48,891 - INFO - 
🔍 Processando block volume: LinuxTSPlus20_Banco2LinuxTSPlus20_clone2904
2025-05-26 23:17:49,016 - WARNING - ⚠️ Tentativa 1: Limite de requisições. Aguardando 5s...
2025-05-26 23:17:56,567 - WARNING - ⚠️ Tentativa 2: Limite de requisições. Aguardando 10s...
2025-05-26 23:18:08,326 - INFO - ✅ Backup criado: BlockBackup-LinuxTSPlus20_Banco2LinuxTSPlus20_clone2904-BKPAUTCITEL-20250526-2317
2025-05-26 23:18:08,909 - INFO - 
🔍 Processando block volume: LinuxTSPlus20_Banco3_BR20_clone2904
2025-05-26 23:18:09,198 - INFO - ✅ Backup criado: BlockBackup-LinuxTSPlus20_Banco3_BR20_clone2904-BKPAUTCITEL-20250526-2318
2025-05-26 23:18:09,779 - INFO - 
🔍 Processando block volume: LinuxTSPlus20_Banco4LinuxTSPlus20_clone2904
2025-05-26 23:18:10,077 - INFO - ✅ Backup criado: BlockBackup-LinuxTSPlus20_Banco4LinuxTSPlus20_clone2904-BKPAUTCITEL-20250526-2318
2025-05-26 23:18:10,686 - INFO - 
🔍 Processando block volume: LinuxTSPlus5-Banco3LinuxBR5-block-clone2904
2025-05-26 23:18:10,978 - INFO - ✅ Backup criado: BlockBackup-LinuxTSPlus5-Banco3LinuxBR5-block-clone2904-BKPAUTCITEL-20250526-2318
2025-05-26 23:18:11,581 - INFO - 
🔍 Processando block volume: LinuxTSPlus5-Banco2LinuxBR5-block-clone2904
2025-05-26 23:18:11,859 - INFO - ✅ Backup criado: BlockBackup-LinuxTSPlus5-Banco2LinuxBR5-block-clone2904-BKPAUTCITEL-20250526-2318
2025-05-26 23:18:12,442 - INFO - 
🔍 Processando block volume: Banco1-LinuxData004
2025-05-26 23:18:12,777 - INFO - ✅ Backup criado: BlockBackup-Banco1-LinuxData004-BKPAUTCITEL-20250526-2318
2025-05-26 23:18:13,360 - INFO - 
🔍 Processando block volume: Banco2-LinuxData004
2025-05-26 23:18:13,484 - WARNING - ⚠️ Tentativa 1: Limite de requisições. Aguardando 5s...
2025-05-26 23:18:21,795 - WARNING - ⚠️ Tentativa 2: Limite de requisições. Aguardando 10s...
2025-05-26 23:18:34,269 - INFO - ✅ Backup criado: BlockBackup-Banco2-LinuxData004-BKPAUTCITEL-20250526-2318
2025-05-26 23:18:34,862 - INFO - 
🔍 Processando block volume: Banco3-LinuxData004
2025-05-26 23:18:34,987 - WARNING - ⚠️ Tentativa 1: Limite de requisições. Aguardando 5s...
2025-05-26 23:18:44,843 - INFO - ✅ Backup criado: BlockBackup-Banco3-LinuxData004-BKPAUTCITEL-20250526-2318
2025-05-26 23:18:45,424 - INFO - 
🔍 Processando block volume: LinuxTSPlus48-block-Restore
2025-05-26 23:18:45,550 - WARNING - ⚠️ Tentativa 1: Limite de requisições. Aguardando 5s...
2025-05-26 23:18:54,444 - INFO - ✅ Backup criado: BlockBackup-LinuxTSPlus48-block-Restore-BKPAUTCITEL-20250526-2318
2025-05-26 23:18:55,031 - INFO - 
🔍 Processando block volume: LinuxData007-Banco4
2025-05-26 23:18:55,341 - INFO - ✅ Backup criado: BlockBackup-LinuxData007-Banco4-BKPAUTCITEL-20250526-2318
2025-05-26 23:18:55,911 - INFO - 
🔍 Processando block volume: Banco2LinuxBR21-Restore
2025-05-26 23:18:56,035 - WARNING - ⚠️ Tentativa 1: Limite de requisições. Aguardando 5s...
2025-05-26 23:19:04,138 - INFO - ✅ Backup criado: BlockBackup-Banco2LinuxBR21-Restore-BKPAUTCITEL-20250526-2318
2025-05-26 23:19:04,712 - INFO - 
🔍 Processando block volume: LinuxTSPlus41-block-Restore
2025-05-26 23:19:05,023 - INFO - ✅ Backup criado: BlockBackup-LinuxTSPlus41-block-Restore-BKPAUTCITEL-20250526-2319
2025-05-26 23:19:05,610 - INFO - 
🔍 Processando block volume: Banco1LinuxTSPlus26-Restore
2025-05-26 23:19:05,735 - WARNING - ⚠️ Tentativa 1: Limite de requisições. Aguardando 5s...
2025-05-26 23:19:12,191 - WARNING - ⚠️ Tentativa 2: Limite de requisições. Aguardando 10s...
2025-05-26 23:19:27,785 - INFO - ✅ Backup criado: BlockBackup-Banco1LinuxTSPlus26-Restore-BKPAUTCITEL-20250526-2319
2025-05-26 23:19:28,366 - INFO - 
🔍 Processando block volume: LinuxTSPlus36-block-Restore
2025-05-26 23:19:28,642 - INFO - ✅ Backup criado: BlockBackup-LinuxTSPlus36-block-Restore-BKPAUTCITEL-20250526-2319
2025-05-26 23:19:29,243 - INFO - 
🔍 Processando block volume: LinuxTSPlus34-Bancos3_BR34-backup-Restore
2025-05-26 23:19:29,627 - INFO - ✅ Backup criado: BlockBackup-LinuxTSPlus34-Bancos3_BR34-backup-Restore-BKPAUTCITEL-20250526-2319
2025-05-26 23:19:30,221 - INFO - 
🔍 Processando block volume: LinuxTSPlus34-Bancos2_BR34-backup-Restore
2025-05-26 23:19:30,346 - WARNING - ⚠️ Tentativa 1: Limite de requisições. Aguardando 5s...
2025-05-26 23:19:40,590 - INFO - ✅ Backup criado: BlockBackup-LinuxTSPlus34-Bancos2_BR34-backup-Restore-BKPAUTCITEL-20250526-2319
2025-05-26 23:19:41,169 - INFO - 
🔍 Processando block volume: Banco1LinuxTSPLUS33-Restore
2025-05-26 23:19:41,486 - INFO - ✅ Backup criado: BlockBackup-Banco1LinuxTSPLUS33-Restore-BKPAUTCITEL-20250526-2319
2025-05-26 23:19:42,059 - INFO - 
🔍 Processando block volume: Banco2BR33-Restore
2025-05-26 23:19:42,321 - INFO - ✅ Backup criado: BlockBackup-Banco2BR33-Restore-BKPAUTCITEL-20250526-2319
2025-05-26 23:19:42,901 - INFO - 
🔍 Processando block volume: LinuxTSPlus34-Banco1LinuxTSPLUS34-backup-Restore
2025-05-26 23:19:43,217 - INFO - ✅ Backup criado: BlockBackup-LinuxTSPlus34-Banco1LinuxTSPLUS34-backup-Restore-BKPAUTCITEL-20250526-2319
2025-05-26 23:19:43,801 - INFO - 
🔍 Processando block volume: LinuxTSPlus1-Restore1
2025-05-26 23:19:43,925 - WARNING - ⚠️ Tentativa 1: Limite de requisições. Aguardando 5s...
2025-05-26 23:19:49,669 - WARNING - ⚠️ Tentativa 2: Limite de requisições. Aguardando 10s...
2025-05-26 23:20:03,341 - INFO - ✅ Backup criado: BlockBackup-LinuxTSPlus1-Restore1-BKPAUTCITEL-20250526-2319
2025-05-26 23:20:03,916 - INFO - 
🔍 Processando block volume: Bancos5_BR1-Restore2
2025-05-26 23:20:04,182 - INFO - ✅ Backup criado: BlockBackup-Bancos5_BR1-Restore2-BKPAUTCITEL-20250526-2320
2025-05-26 23:20:04,752 - INFO - 
🔍 Processando block volume: Bancos4_BR01-Restore3
2025-05-26 23:20:05,024 - INFO - ✅ Backup criado: BlockBackup-Bancos4_BR01-Restore3-BKPAUTCITEL-20250526-2320
2025-05-26 23:20:05,600 - INFO - 
🔍 Processando block volume: Banco3LinuxTSPlus1-Restore4
2025-05-26 23:20:05,725 - WARNING - ⚠️ Tentativa 1: Limite de requisições. Aguardando 5s...
2025-05-26 23:20:13,143 - INFO - ✅ Backup criado: BlockBackup-Banco3LinuxTSPlus1-Restore4-BKPAUTCITEL-20250526-2320
2025-05-26 23:20:13,715 - INFO - 
🔍 Processando block volume: Banco1LinuxTSPlus24-Restore
2025-05-26 23:20:13,839 - WARNING - ⚠️ Tentativa 1: Limite de requisições. Aguardando 5s...
2025-05-26 23:20:24,108 - INFO - ✅ Backup criado: BlockBackup-Banco1LinuxTSPlus24-Restore-BKPAUTCITEL-20250526-2320
2025-05-26 23:20:24,684 - INFO - 
🔍 Processando block volume: Banco1LinuxTSPlus22-Restore
2025-05-26 23:20:24,813 - WARNING - ⚠️ Tentativa 1: Limite de requisições. Aguardando 5s...
2025-05-26 23:20:33,006 - INFO - ✅ Backup criado: BlockBackup-Banco1LinuxTSPlus22-Restore-BKPAUTCITEL-20250526-2320
2025-05-26 23:20:33,616 - INFO - 
🔍 Processando block volume: Banco3LinuxTSPlus22-Restore
2025-05-26 23:20:33,741 - WARNING - ⚠️ Tentativa 1: Limite de requisições. Aguardando 5s...
2025-05-26 23:20:42,714 - WARNING - ⚠️ Tentativa 2: Limite de requisições. Aguardando 10s...
2025-05-26 23:20:57,673 - INFO - ✅ Backup criado: BlockBackup-Banco3LinuxTSPlus22-Restore-BKPAUTCITEL-20250526-2320
2025-05-26 23:20:58,256 - INFO - 
🔍 Processando block volume: Banco2LinuxTSPlus22-Restore
2025-05-26 23:20:58,528 - INFO - ✅ Backup criado: BlockBackup-Banco2LinuxTSPlus22-Restore-BKPAUTCITEL-20250526-2320
2025-05-26 23:20:59,107 - INFO - 
🔍 Processando block volume: LinuxData010-PalacioTKT651385
2025-05-26 23:20:59,403 - INFO - ✅ Backup criado: BlockBackup-LinuxData010-PalacioTKT651385-BKPAUTCITEL-20250526-2320
2025-05-26 23:20:59,975 - INFO - 
🔍 Processando block volume: LinuxData010-Banco4
2025-05-26 23:21:00,100 - WARNING - ⚠️ Tentativa 1: Limite de requisições. Aguardando 5s...
2025-05-26 23:21:09,993 - INFO - ✅ Backup criado: BlockBackup-LinuxData010-Banco4-BKPAUTCITEL-20250526-2320
2025-05-26 23:21:10,588 - INFO - 
🔍 Processando block volume: LinuxData010-Banco5
2025-05-26 23:21:10,871 - INFO - ✅ Backup criado: BlockBackup-LinuxData010-Banco5-BKPAUTCITEL-20250526-2321
2025-05-26 23:21:11,446 - INFO - 
🔍 Processando block volume: LinuxData010-GeB
2025-05-26 23:21:11,729 - INFO - ✅ Backup criado: BlockBackup-LinuxData010-GeB-BKPAUTCITEL-20250526-2321
2025-05-26 23:21:12,309 - INFO - 
🔍 Processando block volume: LinuxData020-Banco3_BR20
2025-05-26 23:21:12,642 - INFO - ✅ Backup criado: BlockBackup-LinuxData020-Banco3_BR20-BKPAUTCITEL-20250526-2321
2025-05-26 23:21:13,214 - INFO - 
🔍 Processando block volume: Banco3_BR20-RESTORE_FILES
2025-05-26 23:21:13,515 - INFO - ✅ Backup criado: BlockBackup-Banco3_BR20-RESTORE_FILES-BKPAUTCITEL-20250526-2321
2025-05-26 23:21:14,097 - INFO - 
🔍 Processando block volume: LinuxData030_clone06052025
2025-05-26 23:21:14,367 - INFO - ✅ Backup criado: BlockBackup-LinuxData030_clone06052025-BKPAUTCITEL-20250526-2321
2025-05-26 23:21:14,966 - INFO - 
🔍 Processando block volume: Restore_Teste_Bancos3_BR20
2025-05-26 23:21:15,090 - WARNING - ⚠️ Tentativa 1: Limite de requisições. Aguardando 5s...
2025-05-26 23:21:22,819 - WARNING - ⚠️ Tentativa 2: Limite de requisições. Aguardando 10s...
2025-05-26 23:21:34,271 - INFO - ✅ Backup criado: BlockBackup-Restore_Teste_Bancos3_BR20-BKPAUTCITEL-20250526-2321
2025-05-26 23:21:34,853 - INFO - 
🔍 Processando block volume: Restore Banco ComercialCarvalho
2025-05-26 23:21:34,978 - WARNING - ⚠️ Tentativa 1: Limite de requisições. Aguardando 5s...
2025-05-26 23:21:43,355 - INFO - ✅ Backup criado: BlockBackup-Restore Banco ComercialCarvalho-BKPAUTCITEL-20250526-2321
2025-05-26 23:21:43,931 - INFO - 
🔍 Processando block volume: Restore Banco Fluzao
2025-05-26 23:21:44,219 - INFO - ✅ Backup criado: BlockBackup-Restore Banco Fluzao-BKPAUTCITEL-20250526-2321
2025-05-26 23:21:44,796 - INFO - 
🔍 Processando block volume: Restore Banco Suprema
2025-05-26 23:21:44,921 - WARNING - ⚠️ Tentativa 1: Limite de requisições. Aguardando 5s...
2025-05-26 23:21:52,608 - INFO - ✅ Backup criado: BlockBackup-Restore Banco Suprema-BKPAUTCITEL-20250526-2321
2025-05-26 23:21:53,178 - INFO - 
🔍 Processando block volume: BKP Fluzao Prudente
2025-05-26 23:21:53,456 - INFO - ✅ Backup criado: BlockBackup-BKP Fluzao Prudente-BKPAUTCITEL-20250526-2321
2025-05-26 23:21:54,029 - INFO - 
🔍 Processando block volume: LINUXDATA020-BANCO3-Testerecovery-14-05-2025
2025-05-26 23:21:54,304 - INFO - ✅ Backup criado: BlockBackup-LINUXDATA020-BANCO3-Testerecovery-14-05-2025-BKPAUTCITEL-20250526-2321
2025-05-26 23:21:54,870 - INFO - 
🔍 Processando block volume: Restore Banco BI Royal
2025-05-26 23:21:54,995 - WARNING - ⚠️ Tentativa 1: Limite de requisições. Aguardando 5s...
2025-05-26 23:22:04,174 - INFO - ✅ Backup criado: BlockBackup-Restore Banco BI Royal-BKPAUTCITEL-20250526-2321
2025-05-26 23:22:04,753 - INFO - 
🔍 Processando block volume: Restore Banco BI Piso e Cia 
2025-05-26 23:22:05,062 - INFO - ✅ Backup criado: BlockBackup-Restore Banco BI Piso e Cia -BKPAUTCITEL-20250526-2322
2025-05-26 23:22:05,632 - INFO - 
🔍 Processando block volume: Restore Banco BI MaxVinil
2025-05-26 23:22:05,920 - INFO - ✅ Backup criado: BlockBackup-Restore Banco BI MaxVinil-BKPAUTCITEL-20250526-2322
2025-05-26 23:22:06,478 - INFO - 
🔍 Processando block volume: Restore Banco BI Vermat
2025-05-26 23:22:06,604 - WARNING - ⚠️ Tentativa 1: Limite de requisições. Aguardando 5s...
2025-05-26 23:22:15,037 - WARNING - ⚠️ Tentativa 2: Limite de requisições. Aguardando 10s...
2025-05-26 23:22:28,030 - WARNING - ⚠️ Tentativa 3: Limite de requisições. Aguardando 20s...
2025-05-26 23:22:52,789 - INFO - ✅ Backup criado: BlockBackup-Restore Banco BI Vermat-BKPAUTCITEL-20250526-2322
2025-05-26 23:22:53,367 - INFO - 
🔍 Processando block volume: Restore Banco BI Perin
2025-05-26 23:22:53,708 - INFO - ✅ Backup criado: BlockBackup-Restore Banco BI Perin-BKPAUTCITEL-20250526-2322
2025-05-26 23:22:54,274 - INFO - 
🔍 Processando block volume: Restore Banco BI AtacadaoPT
2025-05-26 23:22:54,545 - INFO - ✅ Backup criado: BlockBackup-Restore Banco BI AtacadaoPT-BKPAUTCITEL-20250526-2322
2025-05-26 23:22:55,104 - INFO - 
🔍 Processando block volume: Restore Banco BI Agrocac
2025-05-26 23:22:55,370 - INFO - ✅ Backup criado: BlockBackup-Restore Banco BI Agrocac-BKPAUTCITEL-20250526-2322
2025-05-26 23:22:55,917 - INFO - 
🔍 Processando block volume: Restore Banco BI PadraoPVC
2025-05-26 23:22:56,041 - WARNING - ⚠️ Tentativa 1: Limite de requisições. Aguardando 5s...
2025-05-26 23:23:04,624 - WARNING - ⚠️ Tentativa 2: Limite de requisições. Aguardando 10s...
2025-05-26 23:23:19,837 - INFO - ✅ Backup criado: BlockBackup-Restore Banco BI PadraoPVC-BKPAUTCITEL-20250526-2322
2025-05-26 23:23:20,451 - INFO - 
🔍 Processando block volume: Restore Banco BI Rezende
2025-05-26 23:23:20,754 - INFO - ✅ Backup criado: BlockBackup-Restore Banco BI Rezende-BKPAUTCITEL-20250526-2323
2025-05-26 23:23:21,312 - INFO - 
🔍 Processando block volume: Restore Banco BI MadMapa
2025-05-26 23:23:21,618 - INFO - ✅ Backup criado: BlockBackup-Restore Banco BI MadMapa-BKPAUTCITEL-20250526-2323
2025-05-26 23:23:22,188 - INFO - 
🔍 Processando block volume: Restore Banco BI Santana
2025-05-26 23:23:22,313 - WARNING - ⚠️ Tentativa 1: Limite de requisições. Aguardando 5s...
2025-05-26 23:23:28,630 - INFO - ✅ Backup criado: BlockBackup-Restore Banco BI Santana-BKPAUTCITEL-20250526-2323
2025-05-26 23:23:29,207 - INFO - 
🔍 Processando block volume: Restore Banco BI VarejaodasTintas
2025-05-26 23:23:29,332 - WARNING - ⚠️ Tentativa 1: Limite de requisições. Aguardando 5s...
2025-05-26 23:23:35,314 - WARNING - ⚠️ Tentativa 2: Limite de requisições. Aguardando 10s...
2025-05-26 23:23:47,101 - INFO - ✅ Backup criado: BlockBackup-Restore Banco BI VarejaodasTintas-BKPAUTCITEL-20250526-2323
2025-05-26 23:23:47,676 - INFO - 
🔍 Processando block volume: Restore Banco BI ElloTintas
2025-05-26 23:23:47,805 - WARNING - ⚠️ Tentativa 1: Limite de requisições. Aguardando 5s...
2025-05-26 23:23:57,806 - INFO - ✅ Backup criado: BlockBackup-Restore Banco BI ElloTintas-BKPAUTCITEL-20250526-2323
2025-05-26 23:23:58,401 - INFO - 
🔍 Processando block volume: Restore Banco BI Moto One
2025-05-26 23:23:58,699 - INFO - ✅ Backup criado: BlockBackup-Restore Banco BI Moto One-BKPAUTCITEL-20250526-2323
2025-05-26 23:23:59,270 - INFO - 
🔍 Processando block volume: Restore Banco BI OLV
2025-05-26 23:23:59,551 - INFO - ✅ Backup criado: BlockBackup-Restore Banco BI OLV-BKPAUTCITEL-20250526-2323
2025-05-26 23:24:00,130 - INFO - 
🔍 Processando block volume: Restore Banco BI Construilma
2025-05-26 23:24:00,254 - WARNING - ⚠️ Tentativa 1: Limite de requisições. Aguardando 5s...
2025-05-26 23:24:06,513 - INFO - ✅ Backup criado: BlockBackup-Restore Banco BI Construilma-BKPAUTCITEL-20250526-2324
2025-05-26 23:24:07,087 - INFO - 
🔍 Processando block volume: Restore Banco BI Baytek
2025-05-26 23:24:07,387 - INFO - ✅ Backup criado: BlockBackup-Restore Banco BI Baytek-BKPAUTCITEL-20250526-2324
2025-05-26 23:24:07,939 - INFO - 
🔍 Processando block volume: Restore Banco BI Soldage
2025-05-26 23:24:08,227 - INFO - ✅ Backup criado: BlockBackup-Restore Banco BI Soldage-BKPAUTCITEL-20250526-2324
2025-05-26 23:24:08,822 - INFO - 
🔍 Processando block volume: Banco Restore BI Rizato
2025-05-26 23:24:08,947 - WARNING - ⚠️ Tentativa 1: Limite de requisições. Aguardando 5s...
2025-05-26 23:24:18,757 - INFO - ✅ Backup criado: BlockBackup-Banco Restore BI Rizato-BKPAUTCITEL-20250526-2324
2025-05-26 23:24:19,329 - INFO - 
🔍 Processando block volume: Restore Banco BI Colomarti
2025-05-26 23:24:19,454 - WARNING - ⚠️ Tentativa 1: Limite de requisições. Aguardando 5s...
2025-05-26 23:24:29,324 - WARNING - ⚠️ Tentativa 2: Limite de requisições. Aguardando 10s...
2025-05-26 23:24:40,905 - INFO - ✅ Backup criado: BlockBackup-Restore Banco BI Colomarti-BKPAUTCITEL-20250526-2324
2025-05-26 23:24:41,466 - INFO - 
🔍 Processando block volume: HD BKP BI Gasparzinho
2025-05-26 23:24:41,763 - INFO - ✅ Backup criado: BlockBackup-HD BKP BI Gasparzinho-BKPAUTCITEL-20250526-2324
2025-05-26 23:24:42,330 - INFO - 
🔍 Processando block volume: Banco_srvEstrategico
2025-05-26 23:24:42,455 - WARNING - ⚠️ Tentativa 1: Limite de requisições. Aguardando 5s...
2025-05-26 23:24:49,897 - INFO - ✅ Backup criado: BlockBackup-Banco_srvEstrategico-BKPAUTCITEL-20250526-2324
2025-05-26 23:24:50,474 - INFO - 
🔍 Processando block volume: Restore banco Palmas bkp2 
2025-05-26 23:24:50,599 - WARNING - ⚠️ Tentativa 1: Limite de requisições. Aguardando 5s...
2025-05-26 23:25:00,464 - INFO - ✅ Backup criado: BlockBackup-Restore banco Palmas bkp2 -BKPAUTCITEL-20250526-2324
2025-05-26 23:25:01,105 - INFO - 
🔍 Processando block volume: Restore Banco 2B bkp2
2025-05-26 23:25:01,445 - INFO - ✅ Backup criado: BlockBackup-Restore Banco 2B bkp2-BKPAUTCITEL-20250526-2325
2025-05-26 23:25:02,002 - INFO - 
🔍 Processando block volume: Restore Banco BI Refrigas2
2025-05-26 23:25:02,321 - INFO - ✅ Backup criado: BlockBackup-Restore Banco BI Refrigas2-BKPAUTCITEL-20250526-2325
2025-05-26 23:25:02,886 - INFO - 
🔍 Processando block volume: BKP Valclei tkt 1076246
2025-05-26 23:25:03,223 - INFO - ✅ Backup criado: BlockBackup-BKP Valclei tkt 1076246-BKPAUTCITEL-20250526-2325
2025-05-26 23:25:03,778 - INFO - 
🔍 Processando block volume: Restore2 BI Paratudo
2025-05-26 23:25:04,066 - INFO - ✅ Backup criado: BlockBackup-Restore2 BI Paratudo-BKPAUTCITEL-20250526-2325
2025-05-26 23:25:04,618 - INFO - 
🔍 Processando block volume: Banco2 MiaraKruger bi 
2025-05-26 23:25:04,922 - INFO - ✅ Backup criado: BlockBackup-Banco2 MiaraKruger bi -BKPAUTCITEL-20250526-2325
2025-05-26 23:25:05,461 - INFO - 
✅ Execução concluída com sucesso
