2025-05-27 14:09:43,730 - INFO - 
🔍 Processando block volume: LinuxTSPlus1
2025-05-27 14:09:44,052 - INFO - ✅ Backup criado: BlockBackup-LinuxTSPlus1-BKPAUTCITEL-20250527-1409
2025-05-27 14:09:44,640 - INFO - 
🔍 Processando block volume: Banco1LinuxTSPlus2
2025-05-27 14:09:44,930 - INFO - ✅ Backup criado: BlockBackup-Banco1LinuxTSPlus2-BKPAUTCITEL-20250527-1409
2025-05-27 14:09:45,505 - INFO - 
🔍 Processando block volume: Banco1LinuxTSPlus4
2025-05-27 14:09:45,821 - INFO - ✅ Backup criado: BlockBackup-Banco1LinuxTSPlus4-BKPAUTCITEL-20250527-1409
2025-05-27 14:09:46,459 - INFO - 
🔍 Processando block volume: Banco1LinuxTSPlus20
2025-05-27 14:09:46,586 - WARNING - ⚠️ Tentativa 1: Limite de requisições. Aguardando 5s...
2025-05-27 14:09:54,039 - INFO - ✅ Backup criado: BlockBackup-Banco1LinuxTSPlus20-BKPAUTCITEL-20250527-1409
2025-05-27 14:09:54,616 - INFO - 
🔍 Processando block volume: Banco3LinuxTSPlus1
2025-05-27 14:09:54,740 - WARNING - ⚠️ Tentativa 1: Limite de requisições. Aguardando 5s...
2025-05-27 14:10:05,331 - INFO - ✅ Backup criado: BlockBackup-Banco3LinuxTSPlus1-BKPAUTCITEL-20250527-1409
2025-05-27 14:10:05,905 - INFO - 
🔍 Processando block volume: Banco_PalacioFerramentas
2025-05-27 14:10:06,212 - INFO - ✅ Backup criado: BlockBackup-Banco_PalacioFerramentas-BKPAUTCITEL-20250527-1410
2025-05-27 14:10:06,786 - INFO - 
🔍 Processando block volume: Banco1LinuxTSPlus25
2025-05-27 14:10:07,068 - INFO - ✅ Backup criado: BlockBackup-Banco1LinuxTSPlus25-BKPAUTCITEL-20250527-1410
2025-05-27 14:10:07,644 - INFO - 
🔍 Processando block volume: Banco1LinuxTSPlus30
2025-05-27 14:10:07,769 - WARNING - ⚠️ Tentativa 1: Limite de requisições. Aguardando 5s...
2025-05-27 14:10:16,251 - INFO - ✅ Backup criado: BlockBackup-Banco1LinuxTSPlus30-BKPAUTCITEL-20250527-1410
2025-05-27 14:10:16,822 - INFO - 
🔍 Processando block volume: Banco5LinuxTSPlus10
2025-05-27 14:10:17,187 - INFO - ✅ Backup criado: BlockBackup-Banco5LinuxTSPlus10-BKPAUTCITEL-20250527-1410
2025-05-27 14:10:17,781 - INFO - 
🔍 Processando block volume: Banco2LinuxTSPlus20
2025-05-27 14:10:18,072 - INFO - ✅ Backup criado: BlockBackup-Banco2LinuxTSPlus20-BKPAUTCITEL-20250527-1410
2025-05-27 14:10:18,650 - INFO - 
🔍 Processando block volume: Banco2BR24
2025-05-27 14:10:18,959 - INFO - ✅ Backup criado: BlockBackup-Banco2BR24-BKPAUTCITEL-20250527-1410
2025-05-27 14:10:19,557 - INFO - 
🔍 Processando block volume: LinuxDataBelaTintas
2025-05-27 14:10:19,686 - WARNING - ⚠️ Tentativa 1: Limite de requisições. Aguardando 5s...
2025-05-27 14:10:26,854 - INFO - ✅ Backup criado: BlockBackup-LinuxDataBelaTintas-BKPAUTCITEL-20250527-1410
2025-05-27 14:10:27,421 - INFO - 
🔍 Processando block volume: Bancos2_BR02
2025-05-27 14:10:27,547 - WARNING - ⚠️ Tentativa 1: Limite de requisições. Aguardando 5s...
2025-05-27 14:10:37,438 - INFO - ✅ Backup criado: BlockBackup-Bancos2_BR02-BKPAUTCITEL-20250527-1410
2025-05-27 14:10:38,007 - INFO - 
🔍 Processando block volume: Bancos4_BR01
2025-05-27 14:10:38,132 - WARNING - ⚠️ Tentativa 1: Limite de requisições. Aguardando 5s...
2025-05-27 14:10:47,256 - WARNING - ⚠️ Tentativa 2: Limite de requisições. Aguardando 10s...
2025-05-27 14:10:58,810 - INFO - ✅ Backup criado: BlockBackup-Bancos4_BR01-BKPAUTCITEL-20250527-1410
2025-05-27 14:10:59,376 - INFO - 
🔍 Processando block volume: BKO Palacio TKT 651385
2025-05-27 14:10:59,686 - INFO - ✅ Backup criado: BlockBackup-BKO Palacio TKT 651385-BKPAUTCITEL-20250527-1410
2025-05-27 14:11:00,335 - INFO - 
🔍 Processando block volume: Bancos3_BR25
2025-05-27 14:11:00,462 - WARNING - ⚠️ Tentativa 1: Limite de requisições. Aguardando 5s...
2025-05-27 14:11:08,285 - WARNING - ⚠️ Tentativa 2: Limite de requisições. Aguardando 10s...
2025-05-27 14:11:23,119 - INFO - ✅ Backup criado: BlockBackup-Bancos3_BR25-BKPAUTCITEL-20250527-1411
2025-05-27 14:11:23,708 - INFO - 
🔍 Processando block volume: GeB
2025-05-27 14:11:24,012 - INFO - ✅ Backup criado: BlockBackup-GeB-BKPAUTCITEL-20250527-1411
2025-05-27 14:11:24,601 - INFO - 
🔍 Processando block volume: Banco3_BR20
2025-05-27 14:11:24,925 - INFO - ✅ Backup criado: BlockBackup-Banco3_BR20-BKPAUTCITEL-20250527-1411
2025-05-27 14:11:25,516 - INFO - 
🔍 Processando block volume: Banco_Darka
2025-05-27 14:11:25,817 - INFO - ✅ Backup criado: BlockBackup-Banco_Darka-BKPAUTCITEL-20250527-1411
2025-05-27 14:11:26,405 - INFO - 
🔍 Processando block volume: Banco4LinuxTSPlus20
2025-05-27 14:11:26,689 - INFO - ✅ Backup criado: BlockBackup-Banco4LinuxTSPlus20-BKPAUTCITEL-20250527-1411
2025-05-27 14:11:27,271 - INFO - 
🔍 Processando block volume: BackupGeB
2025-05-27 14:11:27,618 - INFO - ✅ Backup criado: BlockBackup-BackupGeB-BKPAUTCITEL-20250527-1411
2025-05-27 14:11:28,201 - INFO - 
🔍 Processando block volume: BancoGeB
2025-05-27 14:11:28,517 - INFO - ✅ Backup criado: BlockBackup-BancoGeB-BKPAUTCITEL-20250527-1411
2025-05-27 14:11:29,127 - INFO - 
🔍 Processando block volume: Bancos5_BR1
2025-05-27 14:11:29,254 - WARNING - ⚠️ Tentativa 1: Limite de requisições. Aguardando 5s...
2025-05-27 14:11:35,601 - WARNING - ⚠️ Tentativa 2: Limite de requisições. Aguardando 10s...
2025-05-27 14:11:50,944 - WARNING - ⚠️ Tentativa 3: Limite de requisições. Aguardando 20s...
2025-05-27 14:12:16,337 - INFO - ✅ Backup criado: BlockBackup-Bancos5_BR1-BKPAUTCITEL-20250527-1411
2025-05-27 14:12:16,912 - INFO - 
🔍 Processando block volume: BackupCoresVivas TKT 902822
2025-05-27 14:12:17,036 - WARNING - ⚠️ Tentativa 1: Limite de requisições. Aguardando 5s...
2025-05-27 14:12:25,866 - INFO - ✅ Backup criado: BlockBackup-BackupCoresVivas TKT 902822-BKPAUTCITEL-20250527-1412
2025-05-27 14:12:26,441 - INFO - 
🔍 Processando block volume: bkpBoomerVinicius
2025-05-27 14:12:26,750 - INFO - ✅ Backup criado: BlockBackup-bkpBoomerVinicius-BKPAUTCITEL-20250527-1412
2025-05-27 14:12:27,322 - INFO - 
🔍 Processando block volume: GeB2
2025-05-27 14:12:27,634 - INFO - ✅ Backup criado: BlockBackup-GeB2-BKPAUTCITEL-20250527-1412
2025-05-27 14:12:28,226 - INFO - 
🔍 Processando block volume: bkpParque1014464
2025-05-27 14:12:28,559 - INFO - ✅ Backup criado: BlockBackup-bkpParque1014464-BKPAUTCITEL-20250527-1412
2025-05-27 14:12:29,140 - INFO - 
🔍 Processando block volume: bkpPedrao1020442
2025-05-27 14:12:29,403 - INFO - ✅ Backup criado: BlockBackup-bkpPedrao1020442-BKPAUTCITEL-20250527-1412
2025-05-27 14:12:30,024 - INFO - 
🔍 Processando block volume: Backup_BR34_1031161
2025-05-27 14:12:30,342 - INFO - ✅ Backup criado: BlockBackup-Backup_BR34_1031161-BKPAUTCITEL-20250527-1412
2025-05-27 14:12:30,912 - INFO - 
🔍 Processando block volume: GeB BancoTeste tkt 1048932
2025-05-27 14:12:31,037 - WARNING - ⚠️ Tentativa 1: Limite de requisições. Aguardando 5s...
2025-05-27 14:12:37,255 - INFO - ✅ Backup criado: BlockBackup-GeB BancoTeste tkt 1048932-BKPAUTCITEL-20250527-1412
2025-05-27 14:12:37,861 - INFO - 
🔍 Processando block volume: Banco1LinuxTSPlus11_clone2904
2025-05-27 14:12:38,150 - INFO - ✅ Backup criado: BlockBackup-Banco1LinuxTSPlus11_clone2904-BKPAUTCITEL-20250527-1412
2025-05-27 14:12:38,766 - INFO - 
🔍 Processando block volume: LinuxTSPlus11_BancoPRODJRPais_clone2904
2025-05-27 14:12:39,093 - INFO - ✅ Backup criado: BlockBackup-LinuxTSPlus11_BancoPRODJRPais_clone2904-BKPAUTCITEL-20250527-1412
2025-05-27 14:12:39,668 - INFO - 
🔍 Processando block volume: LinuxTSPlus30_Banco1LinuxTSPlus30_clone2904
2025-05-27 14:12:39,988 - INFO - ✅ Backup criado: BlockBackup-LinuxTSPlus30_Banco1LinuxTSPlus30_clone2904-BKPAUTCITEL-20250527-1412
2025-05-27 14:12:40,194 - INFO - 
🔍 Processando block volume: Banco-1-LinuxData012
2025-05-27 14:12:40,497 - INFO - ✅ Backup criado: BlockBackup-Banco-1-LinuxData012-BKPAUTCITEL-20250527-1412
2025-05-27 14:12:41,058 - INFO - 
🔍 Processando block volume: Banco2-LinuxData012
2025-05-27 14:12:41,553 - WARNING - ⚠️ Tentativa 1: Limite de requisições. Aguardando 5s...
2025-05-27 14:12:52,041 - INFO - ✅ Backup criado: BlockBackup-Banco2-LinuxData012-BKPAUTCITEL-20250527-1412
2025-05-27 14:12:52,638 - INFO - 
🔍 Processando block volume: Banco3-LinuxData012
2025-05-27 14:12:52,930 - INFO - ✅ Backup criado: BlockBackup-Banco3-LinuxData012-BKPAUTCITEL-20250527-1412
2025-05-27 14:12:53,497 - INFO - 
🔍 Processando block volume: LinuxTSPlus55_Banco1BR55_clone2904
2025-05-27 14:12:53,622 - WARNING - ⚠️ Tentativa 1: Limite de requisições. Aguardando 5s...
2025-05-27 14:13:02,083 - INFO - ✅ Backup criado: BlockBackup-LinuxTSPlus55_Banco1BR55_clone2904-BKPAUTCITEL-20250527-1412
2025-05-27 14:13:02,654 - INFO - 
🔍 Processando block volume: LinuxTSPlus55_Banco3BR55_clone2904
2025-05-27 14:13:02,779 - WARNING - ⚠️ Tentativa 1: Limite de requisições. Aguardando 5s...
2025-05-27 14:13:10,317 - INFO - ✅ Backup criado: BlockBackup-LinuxTSPlus55_Banco3BR55_clone2904-BKPAUTCITEL-20250527-1413
2025-05-27 14:13:10,518 - INFO - 
🔍 Processando block volume: LinuxTSPlus65_Banco1LinuxTSPLUS65_clone2904
2025-05-27 14:13:10,797 - INFO - ✅ Backup criado: BlockBackup-LinuxTSPlus65_Banco1LinuxTSPLUS65_clone2904-BKPAUTCITEL-20250527-1413
2025-05-27 14:13:11,371 - INFO - 
🔍 Processando block volume: LinuxTSPlus65_Banco2LinuxTSPLUS65_clone2904
2025-05-27 14:13:11,497 - WARNING - ⚠️ Tentativa 1: Limite de requisições. Aguardando 5s...
2025-05-27 14:13:18,609 - WARNING - ⚠️ Tentativa 2: Limite de requisições. Aguardando 10s...
2025-05-27 14:13:31,009 - WARNING - ⚠️ Tentativa 3: Limite de requisições. Aguardando 20s...
2025-05-27 14:13:55,115 - INFO - ✅ Backup criado: BlockBackup-LinuxTSPlus65_Banco2LinuxTSPLUS65_clone2904-BKPAUTCITEL-20250527-1413
2025-05-27 14:13:55,709 - INFO - 
🔍 Processando block volume: LinuxTSPlus65_Banco3LinuxTSPLUS65_clone2904
2025-05-27 14:13:56,022 - INFO - ✅ Backup criado: BlockBackup-LinuxTSPlus65_Banco3LinuxTSPLUS65_clone2904-BKPAUTCITEL-20250527-1413
2025-05-27 14:13:56,594 - INFO - 
🔍 Processando block volume: LinuxTSPlus65_BinariosLinuxTSPLUS65_clone2904
2025-05-27 14:13:56,873 - INFO - ✅ Backup criado: BlockBackup-LinuxTSPlus65_BinariosLinuxTSPLUS65_clone2904-BKPAUTCITEL-20250527-1413
2025-05-27 14:13:57,442 - INFO - 
🔍 Processando block volume: LinuxTSPlus28_Banco2LinuxTSPlus28_clone2904
2025-05-27 14:13:57,567 - WARNING - ⚠️ Tentativa 1: Limite de requisições. Aguardando 5s...
2025-05-27 14:14:04,193 - INFO - ✅ Backup criado: BlockBackup-LinuxTSPlus28_Banco2LinuxTSPlus28_clone2904-BKPAUTCITEL-20250527-1413
2025-05-27 14:14:04,786 - INFO - 
🔍 Processando block volume: LinuxTSPlus28_bancos3_BR28_clone2904
2025-05-27 14:14:05,068 - INFO - ✅ Backup criado: BlockBackup-LinuxTSPlus28_bancos3_BR28_clone2904-BKPAUTCITEL-20250527-1414
2025-05-27 14:14:05,634 - INFO - 
🔍 Processando block volume: LinuxTSPlus29_Banco1LinuxTSPlus29_clone2904
2025-05-27 14:14:05,913 - INFO - ✅ Backup criado: BlockBackup-LinuxTSPlus29_Banco1LinuxTSPlus29_clone2904-BKPAUTCITEL-20250527-1414
2025-05-27 14:14:06,499 - INFO - 
🔍 Processando block volume: LinuxTSPlus29_Bancos2_BR29_clone2904
2025-05-27 14:14:06,624 - WARNING - ⚠️ Tentativa 1: Limite de requisições. Aguardando 5s...
2025-05-27 14:14:12,591 - INFO - ✅ Backup criado: BlockBackup-LinuxTSPlus29_Bancos2_BR29_clone2904-BKPAUTCITEL-20250527-1414
2025-05-27 14:14:13,159 - INFO - 
🔍 Processando block volume: LinuxTSPlus29_Bancos3_BR29_clone2904
2025-05-27 14:14:13,284 - WARNING - ⚠️ Tentativa 1: Limite de requisições. Aguardando 5s...
2025-05-27 14:14:22,515 - INFO - ✅ Backup criado: BlockBackup-LinuxTSPlus29_Bancos3_BR29_clone2904-BKPAUTCITEL-20250527-1414
2025-05-27 14:14:23,087 - INFO - 
🔍 Processando block volume: LinuxTSPlus72_Banco2BR_72_clone2904
2025-05-27 14:14:23,355 - INFO - ✅ Backup criado: BlockBackup-LinuxTSPlus72_Banco2BR_72_clone2904-BKPAUTCITEL-20250527-1414
2025-05-27 14:14:23,959 - INFO - 
🔍 Processando block volume: LinuxTSPlus72_BancoBR_clone2904
2025-05-27 14:14:24,237 - INFO - ✅ Backup criado: BlockBackup-LinuxTSPlus72_BancoBR_clone2904-BKPAUTCITEL-20250527-1414
2025-05-27 14:14:24,806 - INFO - 
🔍 Processando block volume: LinuxTSPlus43_Banco1LinuxTSPLUS43_clone2904
2025-05-27 14:14:25,075 - INFO - ✅ Backup criado: BlockBackup-LinuxTSPlus43_Banco1LinuxTSPLUS43_clone2904-BKPAUTCITEL-20250527-1414
2025-05-27 14:14:25,638 - INFO - 
🔍 Processando block volume: LinuxTSPlus43_HD4-LinuxDBA_clone2904
2025-05-27 14:14:25,763 - WARNING - ⚠️ Tentativa 1: Limite de requisições. Aguardando 5s...
2025-05-27 14:14:32,839 - WARNING - ⚠️ Tentativa 2: Limite de requisições. Aguardando 10s...
2025-05-27 14:14:48,185 - INFO - ✅ Backup criado: BlockBackup-LinuxTSPlus43_HD4-LinuxDBA_clone2904-BKPAUTCITEL-20250527-1414
2025-05-27 14:14:48,758 - INFO - 
🔍 Processando block volume: LinuxTSPlus50_Banco1LinuxTSPlus50_clone2904
2025-05-27 14:14:48,885 - WARNING - ⚠️ Tentativa 1: Limite de requisições. Aguardando 5s...
2025-05-27 14:14:55,089 - WARNING - ⚠️ Tentativa 2: Limite de requisições. Aguardando 10s...
2025-05-27 14:15:05,778 - INFO - ✅ Backup criado: BlockBackup-LinuxTSPlus50_Banco1LinuxTSPlus50_clone2904-BKPAUTCITEL-20250527-1414
2025-05-27 14:15:06,355 - INFO - 
🔍 Processando block volume: LinuxTSPlus37_Banco1LinuxTSPLUS37_clone2904
2025-05-27 14:15:06,656 - INFO - ✅ Backup criado: BlockBackup-LinuxTSPlus37_Banco1LinuxTSPLUS37_clone2904-BKPAUTCITEL-20250527-1415
2025-05-27 14:15:07,228 - INFO - 
🔍 Processando block volume: LinuxTSPlus37_Banco2LinuxTSPLUS37_clone2904
2025-05-27 14:15:07,354 - WARNING - ⚠️ Tentativa 1: Limite de requisições. Aguardando 5s...
2025-05-27 14:15:14,221 - INFO - ✅ Backup criado: BlockBackup-LinuxTSPlus37_Banco2LinuxTSPLUS37_clone2904-BKPAUTCITEL-20250527-1415
2025-05-27 14:15:14,794 - INFO - 
🔍 Processando block volume: LinuxTSPlus40_Banco1
2025-05-27 14:15:14,919 - WARNING - ⚠️ Tentativa 1: Limite de requisições. Aguardando 5s...
2025-05-27 14:15:23,922 - INFO - ✅ Backup criado: BlockBackup-LinuxTSPlus40_Banco1-BKPAUTCITEL-20250527-1415
2025-05-27 14:15:24,494 - INFO - 
🔍 Processando block volume: LinuxTSPlus32_Banco1LinuxTSPLUS32_clone2904
2025-05-27 14:15:24,864 - INFO - ✅ Backup criado: BlockBackup-LinuxTSPlus32_Banco1LinuxTSPLUS32_clone2904-BKPAUTCITEL-20250527-1415
2025-05-27 14:15:25,438 - INFO - 
🔍 Processando block volume: LinuxTSPlus32_Banco2LinuxTSPLUS32_clone2904
2025-05-27 14:15:25,708 - INFO - ✅ Backup criado: BlockBackup-LinuxTSPlus32_Banco2LinuxTSPLUS32_clone2904-BKPAUTCITEL-20250527-1415
2025-05-27 14:15:26,275 - INFO - 
🔍 Processando block volume: Banco2-LinuxData013
2025-05-27 14:15:26,579 - INFO - ✅ Backup criado: BlockBackup-Banco2-LinuxData013-BKPAUTCITEL-20250527-1415
2025-05-27 14:15:27,141 - INFO - 
🔍 Processando block volume: Banco3-LinuxData013
2025-05-27 14:15:27,267 - WARNING - ⚠️ Tentativa 1: Limite de requisições. Aguardando 5s...
2025-05-27 14:15:34,344 - WARNING - ⚠️ Tentativa 2: Limite de requisições. Aguardando 10s...
2025-05-27 14:15:46,973 - INFO - ✅ Backup criado: BlockBackup-Banco3-LinuxData013-BKPAUTCITEL-20250527-1415
2025-05-27 14:15:47,552 - INFO - 
🔍 Processando block volume: Banco1-LinuxData013
2025-05-27 14:15:47,826 - INFO - ✅ Backup criado: BlockBackup-Banco1-LinuxData013-BKPAUTCITEL-20250527-1415
2025-05-27 14:15:48,412 - INFO - 
🔍 Processando block volume: LinuxTSPlus14_BackupCoresVivas TKT 902822_clone2904
2025-05-27 14:15:48,711 - INFO - ✅ Backup criado: BlockBackup-LinuxTSPlus14_BackupCoresVivas TKT 902822_clone2904-BKPAUTCITEL-20250527-1415
2025-05-27 14:15:49,277 - INFO - 
🔍 Processando block volume: LinuxTSPlus14_Banco2LinuxTSPlus14_clone2904
2025-05-27 14:15:49,569 - INFO - ✅ Backup criado: BlockBackup-LinuxTSPlus14_Banco2LinuxTSPlus14_clone2904-BKPAUTCITEL-20250527-1415
2025-05-27 14:15:50,145 - INFO - 
🔍 Processando block volume: LinuxTSPlus9-Banco1LinuxTSPlus9-clone2904
2025-05-27 14:15:50,270 - WARNING - ⚠️ Tentativa 1: Limite de requisições. Aguardando 5s...
2025-05-27 14:15:56,127 - INFO - ✅ Backup criado: BlockBackup-LinuxTSPlus9-Banco1LinuxTSPlus9-clone2904-BKPAUTCITEL-20250527-1415
2025-05-27 14:15:56,701 - INFO - 
🔍 Processando block volume: LinuxTSPlus9-Banco3LinuxTSPlus9-clone2904
2025-05-27 14:15:56,825 - WARNING - ⚠️ Tentativa 1: Limite de requisições. Aguardando 5s...
2025-05-27 14:16:06,873 - INFO - ✅ Backup criado: BlockBackup-LinuxTSPlus9-Banco3LinuxTSPlus9-clone2904-BKPAUTCITEL-20250527-1415
2025-05-27 14:16:07,441 - INFO - 
🔍 Processando block volume: LinuxTSPlus14_BancoUbertintasTSPlus14_clone2904
2025-05-27 14:16:07,768 - INFO - ✅ Backup criado: BlockBackup-LinuxTSPlus14_BancoUbertintasTSPlus14_clone2904-BKPAUTCITEL-20250527-1416
2025-05-27 14:16:08,341 - INFO - 
🔍 Processando block volume: LinuxTSPlus9-Bancos4_BR9-clone2904
