2025-05-27 11:01:31,668 - INFO - 
🔍 Processando boot volume: LinuxTSPlus20
2025-05-27 11:01:32,010 - INFO - ✅ Backup criado: BootBackup-LinuxTSPlus20-BKPAUTCITEL-20250527-1101
2025-05-27 11:01:32,292 - WARNING - ⏳ Backup ignorado (estado TERMINATED): Auto-backup for 2025-05-12 08:00:00 via policy: Citel_Diario04
2025-05-27 11:01:32,293 - INFO - 
🔍 Processando boot volume: LinuxTSPlus1
2025-05-27 11:01:32,648 - INFO - ✅ Backup criado: BootBackup-LinuxTSPlus1-BKPAUTCITEL-20250527-1101
2025-05-27 11:01:33,316 - WARNING - ⏳ Backup ignorado (estado TERMINATED): Auto-backup for 2025-05-12 08:00:00 via policy: Citel_Diario04
2025-05-27 11:01:33,317 - INFO - 
🔍 Processando boot volume: LinuxTSPlus2
2025-05-27 11:01:33,679 - INFO - ✅ Backup criado: BootBackup-LinuxTSPlus2-BKPAUTCITEL-20250527-1101
2025-05-27 11:01:33,974 - WARNING - ⏳ Backup ignorado (estado TERMINATED): Auto-backup for 2025-05-12 08:00:00 via policy: Citel_Diario04
2025-05-27 11:01:33,974 - INFO - 
🔍 Processando boot volume: Temp-Subida_G_e_B (Boot Volume)
2025-05-27 11:01:34,295 - INFO - ✅ Backup criado: BootBackup-Temp-Subida_G_e_B (Boot Volume)-BKPAUTCITEL-20250527-1101
2025-05-27 11:01:34,979 - WARNING - ⏳ Backup ignorado (estado TERMINATED): Auto-backup for 2025-05-12 08:00:00 via policy: Citel_Diario04
2025-05-27 11:01:34,980 - INFO - 
🔍 Processando boot volume: Banco_BelaTintas (Boot Volume)
2025-05-27 11:01:35,390 - INFO - ✅ Backup criado: BootBackup-Banco_BelaTintas (Boot Volume)-BKPAUTCITEL-20250527-1101
2025-05-27 11:01:35,675 - WARNING - ⏳ Backup ignorado (estado TERMINATED): Auto-backup for 2025-05-12 08:00:00 via policy: Citel_Diario04
2025-05-27 11:01:35,676 - INFO - 
🔍 Processando boot volume: LinuxTSPlus65_boot_clone2904
2025-05-27 11:01:36,016 - INFO - ✅ Backup criado: BootBackup-LinuxTSPlus65_boot_clone2904-BKPAUTCITEL-20250527-1101
2025-05-27 11:01:36,704 - WARNING - ⏳ Backup ignorado (estado TERMINATED): Auto-backup for 2025-05-12 08:00:00 via policy: Citel_Diario04
2025-05-27 11:01:36,705 - INFO - 
🔍 Processando boot volume: LinuxTSPlus72_boot_clone2904
2025-05-27 11:01:37,035 - INFO - ✅ Backup criado: BootBackup-LinuxTSPlus72_boot_clone2904-BKPAUTCITEL-20250527-1101
2025-05-27 11:01:37,315 - WARNING - ⏳ Backup ignorado (estado TERMINATED): Auto-backup for 2025-05-12 08:00:00 via policy: Citel_Diario04
2025-05-27 11:01:37,315 - INFO - 
🔍 Processando boot volume: Linux-checkdisks (Boot Volume)
2025-05-27 11:01:37,751 - INFO - ✅ Backup criado: BootBackup-Linux-checkdisks (Boot Volume)-BKPAUTCITEL-20250527-1101
2025-05-27 11:01:38,373 - INFO - 
🔍 Processando boot volume: LinuxDataBelaTintas
2025-05-27 11:01:38,498 - WARNING - ⚠️ Tentativa 1: Limite de requisições. Aguardando 1s...
2025-05-27 11:01:43,735 - INFO - ✅ Backup criado: BootBackup-LinuxDataBelaTintas-BKPAUTCITEL-20250527-1101
2025-05-27 11:01:44,040 - WARNING - ⏳ Backup ignorado (estado TERMINATED): Auto-backup for 2025-05-12 08:00:00 via policy: Citel_Diario04
2025-05-27 11:01:44,041 - INFO - 
🔍 Processando boot volume: LinuxData010
2025-05-27 11:01:44,346 - INFO - ✅ Backup criado: BootBackup-LinuxData010-BKPAUTCITEL-20250527-1101
2025-05-27 11:01:45,019 - WARNING - ⏳ Backup ignorado (estado TERMINATED): Auto-backup for 2025-05-12 08:00:00 via policy: Citel_Diario04
2025-05-27 11:01:45,020 - INFO - 
🔍 Processando boot volume: LinuxData025
2025-05-27 11:01:45,403 - INFO - ✅ Backup criado: BootBackup-LinuxData025-BKPAUTCITEL-20250527-1101
2025-05-27 11:01:45,675 - WARNING - ⏳ Backup ignorado (estado TERMINATED): Auto-backup for 2025-05-12 08:00:00 via policy: Citel_Diario04
2025-05-27 11:01:45,676 - INFO - 
🔍 Processando boot volume: LinuxData004
2025-05-27 11:01:46,052 - INFO - ✅ Backup criado: BootBackup-LinuxData004-BKPAUTCITEL-20250527-1101
2025-05-27 11:01:46,697 - WARNING - ⏳ Backup ignorado (estado TERMINATED): Auto-backup for 2025-05-12 08:00:00 via policy: Citel_Diario04
2025-05-27 11:01:46,698 - INFO - 
🔍 Processando boot volume: LinuxData005
2025-05-27 11:01:46,987 - INFO - ✅ Backup criado: BootBackup-LinuxData005-BKPAUTCITEL-20250527-1101
2025-05-27 11:01:47,281 - WARNING - ⏳ Backup ignorado (estado TERMINATED): Auto-backup for 2025-05-12 08:00:00 via policy: Citel_Diario04
2025-05-27 11:01:47,281 - INFO - 
🔍 Processando boot volume: LinuxData012
2025-05-27 11:01:47,595 - INFO - ✅ Backup criado: BootBackup-LinuxData012-BKPAUTCITEL-20250527-1101
2025-05-27 11:01:48,243 - WARNING - ⏳ Backup ignorado (estado TERMINATED): Auto-backup for 2025-05-12 08:00:00 via policy: Citel_Diario04
2025-05-27 11:01:48,243 - INFO - 
🔍 Processando boot volume: LinuxData006
2025-05-27 11:01:48,538 - INFO - ✅ Backup criado: BootBackup-LinuxData006-BKPAUTCITEL-20250527-1101
2025-05-27 11:01:48,793 - WARNING - ⏳ Backup ignorado (estado TERMINATED): Auto-backup for 2025-05-12 08:00:00 via policy: Citel_Diario04
2025-05-27 11:01:48,794 - INFO - 
🔍 Processando boot volume: LinuxData013
2025-05-27 11:01:49,093 - INFO - ✅ Backup criado: BootBackup-LinuxData013-BKPAUTCITEL-20250527-1101
2025-05-27 11:01:49,732 - WARNING - ⏳ Backup ignorado (estado TERMINATED): Auto-backup for 2025-05-12 08:00:00 via policy: Citel_Diario04
2025-05-27 11:01:49,732 - INFO - 
🔍 Processando boot volume: LinuxData011
2025-05-27 11:01:49,856 - WARNING - ⚠️ Tentativa 1: Limite de requisições. Aguardando 1s...
2025-05-27 11:01:51,721 - INFO - ✅ Backup criado: BootBackup-LinuxData011-BKPAUTCITEL-20250527-1101
2025-05-27 11:01:52,032 - WARNING - ⏳ Backup ignorado (estado TERMINATED): Auto-backup for 2025-05-12 08:00:00 via policy: Citel_Diario04
2025-05-27 11:01:52,032 - INFO - 
🔍 Processando boot volume: LinuxData008
2025-05-27 11:01:52,335 - INFO - ✅ Backup criado: BootBackup-LinuxData008-BKPAUTCITEL-20250527-1101
2025-05-27 11:01:52,975 - WARNING - ⏳ Backup ignorado (estado TERMINATED): Auto-backup for 2025-05-12 08:00:00 via policy: Citel_Diario04
2025-05-27 11:01:52,976 - INFO - 
🔍 Processando boot volume: LinuxData007
2025-05-27 11:01:53,101 - WARNING - ⚠️ Tentativa 1: Limite de requisições. Aguardando 1s...
2025-05-27 11:01:54,822 - INFO - ✅ Backup criado: BootBackup-LinuxData007-BKPAUTCITEL-20250527-1101
2025-05-27 11:01:55,124 - WARNING - ⏳ Backup ignorado (estado TERMINATED): Auto-backup for 2025-05-12 08:00:00 via policy: Citel_Diario04
2025-05-27 11:01:55,124 - INFO - 
🔍 Processando boot volume: LinuxData055
2025-05-27 11:01:55,468 - INFO - ✅ Backup criado: BootBackup-LinuxData055-BKPAUTCITEL-20250527-1101
2025-05-27 11:01:56,118 - WARNING - ⏳ Backup ignorado (estado TERMINATED): Auto-backup for 2025-05-12 08:00:00 via policy: Citel_Diario04
2025-05-27 11:01:56,119 - INFO - 
🔍 Processando boot volume: LinuxData009
2025-05-27 11:01:56,245 - WARNING - ⚠️ Tentativa 1: Limite de requisições. Aguardando 1s...
2025-05-27 11:01:59,364 - INFO - ✅ Backup criado: BootBackup-LinuxData009-BKPAUTCITEL-20250527-1101
2025-05-27 11:01:59,693 - WARNING - ⏳ Backup ignorado (estado TERMINATED): Auto-backup for 2025-05-12 08:00:00 via policy: Citel_Diario04
2025-05-27 11:01:59,694 - INFO - 
🔍 Processando boot volume: LinuxData014
2025-05-27 11:02:00,052 - INFO - ✅ Backup criado: BootBackup-LinuxData014-BKPAUTCITEL-20250527-1101
2025-05-27 11:02:00,717 - WARNING - ⏳ Backup ignorado (estado TERMINATED): Auto-backup for 2025-05-12 08:00:00 via policy: Citel_Diario04
2025-05-27 11:02:00,718 - INFO - 
🔍 Processando boot volume: LinuxData050
2025-05-27 11:02:01,130 - INFO - ✅ Backup criado: BootBackup-LinuxData050-BKPAUTCITEL-20250527-1102
2025-05-27 11:02:01,400 - WARNING - ⏳ Backup ignorado (estado TERMINATED): Auto-backup for 2025-05-12 08:00:00 via policy: Citel_Diario04
2025-05-27 11:02:01,400 - INFO - 
🔍 Processando boot volume: LinuxData018
2025-05-27 11:02:01,786 - INFO - ✅ Backup criado: BootBackup-LinuxData018-BKPAUTCITEL-20250527-1102
2025-05-27 11:02:02,465 - WARNING - ⏳ Backup ignorado (estado TERMINATED): Auto-backup for 2025-05-12 08:00:00 via policy: Citel_Diario04
2025-05-27 11:02:02,465 - INFO - 
🔍 Processando boot volume: LinuxData016
2025-05-27 11:02:02,834 - INFO - ✅ Backup criado: BootBackup-LinuxData016-BKPAUTCITEL-20250527-1102
2025-05-27 11:02:03,109 - WARNING - ⏳ Backup ignorado (estado TERMINATED): Auto-backup for 2025-05-12 08:00:00 via policy: Citel_Diario04
2025-05-27 11:02:03,109 - INFO - 
🔍 Processando boot volume: LinuxData059
2025-05-27 11:02:03,416 - INFO - ✅ Backup criado: BootBackup-LinuxData059-BKPAUTCITEL-20250527-1102
2025-05-27 11:02:04,060 - WARNING - ⏳ Backup ignorado (estado TERMINATED): Auto-backup for 2025-05-12 08:00:00 via policy: Citel_Diario04
2025-05-27 11:02:04,060 - INFO - 
🔍 Processando boot volume: LinuxData037
2025-05-27 11:02:04,185 - WARNING - ⚠️ Tentativa 1: Limite de requisições. Aguardando 1s...
2025-05-27 11:02:07,184 - WARNING - ⚠️ Tentativa 2: Limite de requisições. Aguardando 2s...
2025-05-27 11:02:11,177 - WARNING - ⚠️ Tentativa 3: Limite de requisições. Aguardando 4s...
2025-05-27 11:02:20,040 - WARNING - ⚠️ Tentativa 4: Limite de requisições. Aguardando 8s...
2025-05-27 11:02:33,220 - INFO - ✅ Backup criado: BootBackup-LinuxData037-BKPAUTCITEL-20250527-1102
2025-05-27 11:02:33,530 - WARNING - ⏳ Backup ignorado (estado TERMINATED): Auto-backup for 2025-05-12 08:00:00 via policy: Citel_Diario04
2025-05-27 11:02:33,531 - INFO - 
🔍 Processando boot volume: LinuxData036
2025-05-27 11:02:33,826 - INFO - ✅ Backup criado: BootBackup-LinuxData036-BKPAUTCITEL-20250527-1102
2025-05-27 11:02:34,508 - WARNING - ⏳ Backup ignorado (estado TERMINATED): Auto-backup for 2025-05-12 08:00:00 via policy: Citel_Diario04
2025-05-27 11:02:34,508 - INFO - 
🔍 Processando boot volume: LinuxData017
2025-05-27 11:02:34,854 - INFO - ✅ Backup criado: BootBackup-LinuxData017-BKPAUTCITEL-20250527-1102
2025-05-27 11:02:35,158 - WARNING - ⏳ Backup ignorado (estado TERMINATED): Auto-backup for 2025-05-12 08:00:00 via policy: Citel_Diario04
2025-05-27 11:02:35,158 - INFO - 
🔍 Processando boot volume: LinuxData041
2025-05-27 11:02:35,546 - INFO - ✅ Backup criado: BootBackup-LinuxData041-BKPAUTCITEL-20250527-1102
2025-05-27 11:02:36,212 - WARNING - ⏳ Backup ignorado (estado TERMINATED): Auto-backup for 2025-05-12 08:00:00 via policy: Citel_Diario04
2025-05-27 11:02:36,213 - INFO - 
🔍 Processando boot volume: LinuxData043
2025-05-27 11:02:36,337 - WARNING - ⚠️ Tentativa 1: Limite de requisições. Aguardando 1s...
2025-05-27 11:02:38,313 - INFO - ✅ Backup criado: BootBackup-LinuxData043-BKPAUTCITEL-20250527-1102
2025-05-27 11:02:38,992 - WARNING - ⏳ Backup ignorado (estado TERMINATED): Auto-backup for 2025-05-12 08:00:00 via policy: Citel_Diario04
2025-05-27 11:02:38,993 - INFO - 
🔍 Processando boot volume: LinuxData048
2025-05-27 11:02:39,118 - WARNING - ⚠️ Tentativa 1: Limite de requisições. Aguardando 1s...
2025-05-27 11:02:41,579 - INFO - ✅ Backup criado: BootBackup-LinuxData048-BKPAUTCITEL-20250527-1102
2025-05-27 11:02:41,864 - WARNING - ⏳ Backup ignorado (estado TERMINATED): Auto-backup for 2025-05-12 08:00:00 via policy: Citel_Diario04
2025-05-27 11:02:41,864 - INFO - 
🔍 Processando boot volume: LinuxData032
2025-05-27 11:02:42,169 - INFO - ✅ Backup criado: BootBackup-LinuxData032-BKPAUTCITEL-20250527-1102
2025-05-27 11:02:42,911 - WARNING - ⏳ Backup ignorado (estado TERMINATED): Auto-backup for 2025-05-12 08:00:00 via policy: Citel_Diario04
2025-05-27 11:02:42,911 - INFO - 
🔍 Processando boot volume: LinuxData033
2025-05-27 11:02:43,035 - WARNING - ⚠️ Tentativa 1: Limite de requisições. Aguardando 1s...
2025-05-27 11:02:45,237 - WARNING - ⚠️ Tentativa 2: Limite de requisições. Aguardando 2s...
2025-05-27 11:02:49,875 - INFO - ✅ Backup criado: BootBackup-LinuxData033-BKPAUTCITEL-20250527-1102
2025-05-27 11:02:50,533 - WARNING - ⏳ Backup ignorado (estado TERMINATED): Auto-backup for 2025-05-12 08:00:00 via policy: Citel_Diario04
2025-05-27 11:02:50,534 - INFO - 
🔍 Processando boot volume: LinuxData034
2025-05-27 11:02:50,839 - INFO - ✅ Backup criado: BootBackup-LinuxData034-BKPAUTCITEL-20250527-1102
2025-05-27 11:02:51,488 - WARNING - ⏳ Backup ignorado (estado TERMINATED): Auto-backup for 2025-05-12 08:00:00 via policy: Citel_Diario04
2025-05-27 11:02:51,488 - INFO - 
🔍 Processando boot volume: LinuxData029
2025-05-27 11:02:51,614 - WARNING - ⚠️ Tentativa 1: Limite de requisições. Aguardando 1s...
2025-05-27 11:02:55,203 - WARNING - ⚠️ Tentativa 2: Limite de requisições. Aguardando 2s...
2025-05-27 11:03:02,663 - INFO - ✅ Backup criado: BootBackup-LinuxData029-BKPAUTCITEL-20250527-1102
2025-05-27 11:03:03,370 - WARNING - ⏳ Backup ignorado (estado TERMINATED): Auto-backup for 2025-05-12 08:00:00 via policy: Citel_Diario04
2025-05-27 11:03:03,370 - INFO - 
🔍 Processando boot volume: LinuxData019
2025-05-27 11:03:03,688 - INFO - ✅ Backup criado: BootBackup-LinuxData019-BKPAUTCITEL-20250527-1103
2025-05-27 11:03:03,964 - WARNING - ⏳ Backup ignorado (estado TERMINATED): Auto-backup for 2025-05-12 08:00:00 via policy: Citel_Diario04
2025-05-27 11:03:03,965 - INFO - 
🔍 Processando boot volume: LinuxData021
2025-05-27 11:03:04,260 - INFO - ✅ Backup criado: BootBackup-LinuxData021-BKPAUTCITEL-20250527-1103
2025-05-27 11:03:04,957 - WARNING - ⏳ Backup ignorado (estado TERMINATED): Auto-backup for 2025-05-12 08:00:00 via policy: Citel_Diario04
2025-05-27 11:03:04,957 - INFO - 
🔍 Processando boot volume: LinuxData022
2025-05-27 11:03:05,083 - WARNING - ⚠️ Tentativa 1: Limite de requisições. Aguardando 1s...
2025-05-27 11:03:08,413 - WARNING - ⚠️ Tentativa 2: Limite de requisições. Aguardando 2s...
2025-05-27 11:03:11,415 - INFO - ✅ Backup criado: BootBackup-LinuxData022-BKPAUTCITEL-20250527-1103
2025-05-27 11:03:12,098 - WARNING - ⏳ Backup ignorado (estado TERMINATED): Auto-backup for 2025-05-12 08:00:00 via policy: Citel_Diario04
2025-05-27 11:03:12,098 - INFO - 
🔍 Processando boot volume: LinuxData024
2025-05-27 11:03:12,225 - WARNING - ⚠️ Tentativa 1: Limite de requisições. Aguardando 1s...
2025-05-27 11:03:18,844 - INFO - ✅ Backup criado: BootBackup-LinuxData024-BKPAUTCITEL-20250527-1103
2025-05-27 11:03:19,501 - WARNING - ⏳ Backup ignorado (estado TERMINATED): Auto-backup for 2025-05-12 08:00:00 via policy: Citel_Diario04
2025-05-27 11:03:19,501 - INFO - 
🔍 Processando boot volume: LinuxData020
2025-05-27 11:03:19,626 - WARNING - ⚠️ Tentativa 1: Limite de requisições. Aguardando 1s...
2025-05-27 11:03:26,010 - WARNING - ⚠️ Tentativa 2: Limite de requisições. Aguardando 2s...
2025-05-27 11:03:31,886 - WARNING - ⚠️ Tentativa 3: Limite de requisições. Aguardando 4s...
2025-05-27 11:03:36,902 - INFO - ✅ Backup criado: BootBackup-LinuxData020-BKPAUTCITEL-20250527-1103
2025-05-27 11:03:37,554 - WARNING - ⏳ Backup ignorado (estado TERMINATED): Auto-backup for 2025-05-12 08:00:00 via policy: Citel_Diario04
2025-05-27 11:03:37,555 - INFO - 
🔍 Processando boot volume: LinuxData026
2025-05-27 11:03:37,895 - INFO - ✅ Backup criado: BootBackup-LinuxData026-BKPAUTCITEL-20250527-1103
2025-05-27 11:03:38,588 - WARNING - ⏳ Backup ignorado (estado TERMINATED): Auto-backup for 2025-05-12 08:00:00 via policy: Citel_Diario04
2025-05-27 11:03:38,589 - INFO - 
🔍 Processando boot volume: LinuxData028
2025-05-27 11:03:38,717 - WARNING - ⚠️ Tentativa 1: Limite de requisições. Aguardando 1s...
2025-05-27 11:03:40,603 - WARNING - ⚠️ Tentativa 2: Limite de requisições. Aguardando 2s...
2025-05-27 11:03:46,100 - INFO - ✅ Backup criado: BootBackup-LinuxData028-BKPAUTCITEL-20250527-1103
2025-05-27 11:03:46,773 - WARNING - ⏳ Backup ignorado (estado TERMINATED): Auto-backup for 2025-05-12 08:00:00 via policy: Citel_Diario04
2025-05-27 11:03:46,774 - INFO - 
🔍 Processando boot volume: LinuxData030
2025-05-27 11:03:46,899 - WARNING - ⚠️ Tentativa 1: Limite de requisições. Aguardando 1s...
2025-05-27 11:03:53,283 - WARNING - ⚠️ Tentativa 2: Limite de requisições. Aguardando 2s...
2025-05-27 11:03:56,631 - INFO - ✅ Backup criado: BootBackup-LinuxData030-BKPAUTCITEL-20250527-1103
2025-05-27 11:03:57,304 - WARNING - ⏳ Backup ignorado (estado TERMINATED): Auto-backup for 2025-05-12 08:00:00 via policy: Citel_Diario04
2025-05-27 11:03:57,305 - INFO - 
🔍 Processando boot volume: LinuxData040
2025-05-27 11:03:57,617 - INFO - ✅ Backup criado: BootBackup-LinuxData040-BKPAUTCITEL-20250527-1103
2025-05-27 11:03:58,261 - WARNING - ⏳ Backup ignorado (estado TERMINATED): Auto-backup for 2025-05-12 08:00:00 via policy: Citel_Diario04
2025-05-27 11:03:58,261 - INFO - 
🔍 Processando boot volume: LinuxData065
2025-05-27 11:03:58,388 - WARNING - ⚠️ Tentativa 1: Limite de requisições. Aguardando 1s...
2025-05-27 11:04:00,740 - INFO - ✅ Backup criado: BootBackup-LinuxData065-BKPAUTCITEL-20250527-1103
2025-05-27 11:04:01,413 - WARNING - ⏳ Backup ignorado (estado TERMINATED): Auto-backup for 2025-05-12 08:00:00 via policy: Citel_Diario04
2025-05-27 11:04:01,414 - INFO - 
🔍 Processando boot volume: LinuxData072
2025-05-27 11:04:01,714 - INFO - ✅ Backup criado: BootBackup-LinuxData072-BKPAUTCITEL-20250527-1104
2025-05-27 11:04:02,392 - WARNING - ⏳ Backup ignorado (estado TERMINATED): Auto-backup for 2025-05-12 08:00:00 via policy: Citel_Diario04
2025-05-27 11:04:02,392 - INFO - 
🔍 Processando boot volume: LinuxData001
2025-05-27 11:04:02,746 - INFO - ✅ Backup criado: BootBackup-LinuxData001-BKPAUTCITEL-20250527-1104
2025-05-27 11:04:03,390 - WARNING - ⏳ Backup ignorado (estado TERMINATED): Auto-backup for 2025-05-12 08:00:00 via policy: Citel_Diario04
2025-05-27 11:04:03,390 - INFO - 
🔍 Processando boot volume: LinuxData002
2025-05-27 11:04:03,517 - WARNING - ⚠️ Tentativa 1: Limite de requisições. Aguardando 1s...
2025-05-27 11:04:08,954 - INFO - ✅ Backup criado: BootBackup-LinuxData002-BKPAUTCITEL-20250527-1104
2025-05-27 11:04:09,638 - WARNING - ⏳ Backup ignorado (estado TERMINATED): Auto-backup for 2025-05-12 08:00:00 via policy: Citel_Diario04
2025-05-27 11:04:09,638 - INFO - 
🔍 Processando boot volume: LinuxTSPlus20_boot_clone0105
2025-05-27 11:04:09,763 - WARNING - ⚠️ Tentativa 1: Limite de requisições. Aguardando 1s...
2025-05-27 11:04:14,704 - INFO - ✅ Backup criado: BootBackup-LinuxTSPlus20_boot_clone0105-BKPAUTCITEL-20250527-1104
2025-05-27 11:04:15,330 - INFO - 
🔍 Processando boot volume: LinuxData013_clone06052025
2025-05-27 11:04:15,792 - INFO - ✅ Backup criado: BootBackup-LinuxData013_clone06052025-BKPAUTCITEL-20250527-1104
2025-05-27 11:04:16,426 - INFO - 
🔍 Processando boot volume: LinuxData001-Clone-Teste
2025-05-27 11:04:16,754 - INFO - ✅ Backup criado: BootBackup-LinuxData001-Clone-Teste-BKPAUTCITEL-20250527-1104
2025-05-27 11:04:17,288 - INFO - 
✅ Execução concluída com sucesso
