2025-05-24 17:09:19,810 - INFO - 
🔍 Processando block volume: LinuxTSPlus1
2025-05-24 17:09:20,137 - INFO - ✅ Backup criado: BlockBackup-LinuxTSPlus1-BKPAUTCITEL-20250524-1709
2025-05-24 17:09:20,820 - INFO - 
🔍 Processando block volume: Banco1LinuxTSPlus2
2025-05-24 17:09:21,166 - INFO - ✅ Backup criado: BlockBackup-Banco1LinuxTSPlus2-BKPAUTCITEL-20250524-1709
2025-05-24 17:09:21,376 - WARNING - ⏳ Backup ignorado (estado TERMINATED): Auto-backup for 2025-05-09 08:00:00 via policy: Citel_Diario07
2025-05-24 17:09:21,376 - INFO - 
🔍 Processando block volume: Banco1LinuxTSPlus4
2025-05-24 17:09:21,710 - INFO - ✅ Backup criado: BlockBackup-Banco1LinuxTSPlus4-BKPAUTCITEL-20250524-1709
2025-05-24 17:09:22,412 - WARNING - ⏳ Backup ignorado (estado TERMINATED): Auto-backup for 2025-05-09 08:00:00 via policy: Citel_Diario07
2025-05-24 17:09:22,412 - INFO - 
🔍 Processando block volume: Banco1LinuxTSPlus20
2025-05-24 17:09:22,772 - INFO - ✅ Backup criado: BlockBackup-Banco1LinuxTSPlus20-BKPAUTCITEL-20250524-1709
2025-05-24 17:09:22,985 - WARNING - ⏳ Backup ignorado (estado TERMINATED): Auto-backup for 2025-05-09 08:00:00 via policy: Citel_Diario07
2025-05-24 17:09:22,985 - INFO - 
🔍 Processando block volume: Banco3LinuxTSPlus1
2025-05-24 17:09:23,291 - INFO - ✅ Backup criado: BlockBackup-Banco3LinuxTSPlus1-BKPAUTCITEL-20250524-1709
2025-05-24 17:09:23,948 - WARNING - ⏳ Backup ignorado (estado TERMINATED): Auto-backup for 2025-05-09 08:00:00 via policy: Citel_Diario07
2025-05-24 17:09:23,949 - INFO - 
🔍 Processando block volume: Banco_PalacioFerramentas
2025-05-24 17:09:24,297 - INFO - ✅ Backup criado: BlockBackup-Banco_PalacioFerramentas-BKPAUTCITEL-20250524-1709
2025-05-24 17:09:24,538 - WARNING - ⏳ Backup ignorado (estado TERMINATED): Auto-backup for 2025-05-09 08:00:00 via policy: Citel_Diario07
2025-05-24 17:09:24,538 - INFO - 
🔍 Processando block volume: Banco1LinuxTSPlus25
2025-05-24 17:09:24,837 - INFO - ✅ Backup criado: BlockBackup-Banco1LinuxTSPlus25-BKPAUTCITEL-20250524-1709
2025-05-24 17:09:25,507 - WARNING - ⏳ Backup ignorado (estado TERMINATED): Auto-backup for 2025-05-09 08:00:00 via policy: Citel_Diario07
2025-05-24 17:09:25,508 - INFO - 
🔍 Processando block volume: Banco1LinuxTSPlus30
2025-05-24 17:09:25,656 - WARNING - ⚠️ Tentativa 1: Limite de requisições. Aguardando 5s...
2025-05-24 17:09:31,581 - INFO - ✅ Backup criado: BlockBackup-Banco1LinuxTSPlus30-BKPAUTCITEL-20250524-1709
2025-05-24 17:09:32,261 - WARNING - ⏳ Backup ignorado (estado TERMINATED): Auto-backup for 2025-05-09 08:00:00 via policy: Citel_Diario07
2025-05-24 17:09:32,261 - INFO - 
🔍 Processando block volume: Banco5LinuxTSPlus10
2025-05-24 17:09:32,601 - INFO - ✅ Backup criado: BlockBackup-Banco5LinuxTSPlus10-BKPAUTCITEL-20250524-1709
2025-05-24 17:09:32,815 - WARNING - ⏳ Backup ignorado (estado TERMINATED): Auto-backup for 2025-05-09 08:00:00 via policy: Citel_Diario07
2025-05-24 17:09:32,815 - INFO - 
🔍 Processando block volume: Banco2LinuxTSPlus20
2025-05-24 17:09:33,129 - INFO - ✅ Backup criado: BlockBackup-Banco2LinuxTSPlus20-BKPAUTCITEL-20250524-1709
2025-05-24 17:09:33,823 - WARNING - ⏳ Backup ignorado (estado TERMINATED): Auto-backup for 2025-05-09 08:00:00 via policy: Citel_Diario07
2025-05-24 17:09:33,824 - INFO - 
🔍 Processando block volume: Banco2BR24
2025-05-24 17:09:33,972 - WARNING - ⚠️ Tentativa 1: Limite de requisições. Aguardando 5s...
2025-05-24 17:09:42,517 - INFO - ✅ Backup criado: BlockBackup-Banco2BR24-BKPAUTCITEL-20250524-1709
2025-05-24 17:09:42,726 - WARNING - ⏳ Backup ignorado (estado TERMINATED): Auto-backup for 2025-05-09 08:00:00 via policy: Citel_Diario07
2025-05-24 17:09:42,726 - INFO - 
🔍 Processando block volume: LinuxDataBelaTintas
2025-05-24 17:09:43,079 - INFO - ✅ Backup criado: BlockBackup-LinuxDataBelaTintas-BKPAUTCITEL-20250524-1709
2025-05-24 17:09:43,762 - WARNING - ⏳ Backup ignorado (estado TERMINATED): Auto-backup for 2025-05-09 08:00:00 via policy: Citel_Diario07
2025-05-24 17:09:43,762 - INFO - 
🔍 Processando block volume: Bancos2_BR02
2025-05-24 17:09:44,069 - INFO - ✅ Backup criado: BlockBackup-Bancos2_BR02-BKPAUTCITEL-20250524-1709
2025-05-24 17:09:44,273 - WARNING - ⏳ Backup ignorado (estado TERMINATED): Auto-backup for 2025-05-09 08:00:00 via policy: Citel_Diario07
2025-05-24 17:09:44,273 - INFO - 
🔍 Processando block volume: Bancos4_BR01
2025-05-24 17:09:44,581 - INFO - ✅ Backup criado: BlockBackup-Bancos4_BR01-BKPAUTCITEL-20250524-1709
2025-05-24 17:09:45,241 - WARNING - ⏳ Backup ignorado (estado TERMINATED): Auto-backup for 2025-05-09 08:00:00 via policy: Citel_Diario07
2025-05-24 17:09:45,242 - INFO - 
🔍 Processando block volume: BKO Palacio TKT 651385
2025-05-24 17:09:45,649 - INFO - ✅ Backup criado: BlockBackup-BKO Palacio TKT 651385-BKPAUTCITEL-20250524-1709
2025-05-24 17:09:45,858 - WARNING - ⏳ Backup ignorado (estado TERMINATED): Auto-backup for 2025-05-09 08:00:00 via policy: Citel_Diario04
2025-05-24 17:09:45,858 - INFO - 
🔍 Processando block volume: Bancos3_BR25
2025-05-24 17:09:46,197 - INFO - ✅ Backup criado: BlockBackup-Bancos3_BR25-BKPAUTCITEL-20250524-1709
2025-05-24 17:09:46,852 - WARNING - ⏳ Backup ignorado (estado TERMINATED): Auto-backup for 2025-05-09 08:00:00 via policy: Citel_Diario07
2025-05-24 17:09:46,852 - INFO - 
🔍 Processando block volume: GeB
2025-05-24 17:09:47,000 - WARNING - ⚠️ Tentativa 1: Limite de requisições. Aguardando 5s...
2025-05-24 17:09:53,662 - WARNING - ⚠️ Tentativa 2: Limite de requisições. Aguardando 10s...
2025-05-24 17:10:07,358 - WARNING - ⚠️ Tentativa 3: Limite de requisições. Aguardando 20s...
2025-05-24 17:10:29,686 - WARNING - ⚠️ Tentativa 4: Limite de requisições. Aguardando 40s...
2025-05-24 17:11:11,550 - INFO - ✅ Backup criado: BlockBackup-GeB-BKPAUTCITEL-20250524-1709
2025-05-24 17:11:11,777 - WARNING - ⏳ Backup ignorado (estado TERMINATED): Auto-backup for 2025-05-09 08:00:00 via policy: Citel_Diario07
2025-05-24 17:11:11,777 - INFO - 
🔍 Processando block volume: Banco3_BR20
2025-05-24 17:11:12,145 - INFO - ✅ Backup criado: BlockBackup-Banco3_BR20-BKPAUTCITEL-20250524-1711
2025-05-24 17:11:12,808 - WARNING - ⏳ Backup ignorado (estado TERMINATED): Auto-backup for 2025-05-09 08:00:00 via policy: Citel_Diario07
2025-05-24 17:11:12,808 - INFO - 
🔍 Processando block volume: Banco_Darka
2025-05-24 17:11:13,134 - INFO - ✅ Backup criado: BlockBackup-Banco_Darka-BKPAUTCITEL-20250524-1711
2025-05-24 17:11:13,800 - WARNING - ⏳ Backup ignorado (estado TERMINATED): Auto-backup for 2025-05-09 08:00:00 via policy: Citel_Diario07
2025-05-24 17:11:13,800 - INFO - 
🔍 Processando block volume: Banco4LinuxTSPlus20
2025-05-24 17:11:14,119 - INFO - ✅ Backup criado: BlockBackup-Banco4LinuxTSPlus20-BKPAUTCITEL-20250524-1711
2025-05-24 17:11:14,801 - WARNING - ⏳ Backup ignorado (estado TERMINATED): Auto-backup for 2025-05-09 08:00:00 via policy: Citel_Diario07
2025-05-24 17:11:14,802 - INFO - 
🔍 Processando block volume: BackupGeB
2025-05-24 17:11:15,129 - INFO - ✅ Backup criado: BlockBackup-BackupGeB-BKPAUTCITEL-20250524-1711
2025-05-24 17:11:15,788 - WARNING - ⏳ Backup ignorado (estado TERMINATED): Auto-backup for 2025-05-09 08:00:00 via policy: Citel_Diario07
2025-05-24 17:11:15,789 - INFO - 
🔍 Processando block volume: BancoGeB
2025-05-24 17:11:15,937 - WARNING - ⚠️ Tentativa 1: Limite de requisições. Aguardando 5s...
2025-05-24 17:11:25,682 - INFO - ✅ Backup criado: BlockBackup-BancoGeB-BKPAUTCITEL-20250524-1711
2025-05-24 17:11:25,889 - WARNING - ⏳ Backup ignorado (estado TERMINATED): Auto-backup for 2025-05-09 08:00:00 via policy: Citel_Diario07
2025-05-24 17:11:25,889 - INFO - 
🔍 Processando block volume: Bancos5_BR1
2025-05-24 17:11:26,205 - INFO - ✅ Backup criado: BlockBackup-Bancos5_BR1-BKPAUTCITEL-20250524-1711
2025-05-24 17:11:26,859 - WARNING - ⏳ Backup ignorado (estado TERMINATED): Auto-backup for 2025-05-09 08:00:00 via policy: Citel_Diario07
2025-05-24 17:11:26,859 - INFO - 
🔍 Processando block volume: BackupCoresVivas TKT 902822
2025-05-24 17:11:27,193 - INFO - ✅ Backup criado: BlockBackup-BackupCoresVivas TKT 902822-BKPAUTCITEL-20250524-1711
2025-05-24 17:11:27,399 - WARNING - ⏳ Backup ignorado (estado TERMINATED): Auto-backup for 2025-05-09 08:00:00 via policy: Citel_Diario07
2025-05-24 17:11:27,400 - INFO - 
🔍 Processando block volume: bkpBoomerVinicius
2025-05-24 17:11:27,706 - INFO - ✅ Backup criado: BlockBackup-bkpBoomerVinicius-BKPAUTCITEL-20250524-1711
2025-05-24 17:11:28,351 - WARNING - ⏳ Backup ignorado (estado TERMINATED): Auto-backup for 2025-05-09 08:00:00 via policy: Citel_Diario07
2025-05-24 17:11:28,352 - INFO - 
🔍 Processando block volume: GeB2
2025-05-24 17:11:28,500 - WARNING - ⚠️ Tentativa 1: Limite de requisições. Aguardando 5s...
2025-05-24 17:11:38,839 - WARNING - ⚠️ Tentativa 2: Limite de requisições. Aguardando 10s...
2025-05-24 17:11:53,477 - INFO - ✅ Backup criado: BlockBackup-GeB2-BKPAUTCITEL-20250524-1711
2025-05-24 17:11:54,143 - WARNING - ⏳ Backup ignorado (estado TERMINATED): Auto-backup for 2025-05-09 08:00:00 via policy: Citel_Diario07
2025-05-24 17:11:54,143 - INFO - 
🔍 Processando block volume: bkpParque1014464
2025-05-24 17:11:54,462 - INFO - ✅ Backup criado: BlockBackup-bkpParque1014464-BKPAUTCITEL-20250524-1711
2025-05-24 17:11:54,667 - WARNING - ⏳ Backup ignorado (estado TERMINATED): Auto-backup for 2025-05-09 08:00:00 via policy: Citel_Diario07
2025-05-24 17:11:54,667 - INFO - 
🔍 Processando block volume: bkpPedrao1020442
2025-05-24 17:11:54,961 - INFO - ✅ Backup criado: BlockBackup-bkpPedrao1020442-BKPAUTCITEL-20250524-1711
2025-05-24 17:11:55,605 - WARNING - ⏳ Backup ignorado (estado TERMINATED): Auto-backup for 2025-05-09 08:00:00 via policy: Citel_Diario07
2025-05-24 17:11:55,605 - INFO - 
🔍 Processando block volume: Backup_BR34_1031161
2025-05-24 17:11:55,753 - WARNING - ⚠️ Tentativa 1: Limite de requisições. Aguardando 5s...
2025-05-24 17:12:06,300 - INFO - ✅ Backup criado: BlockBackup-Backup_BR34_1031161-BKPAUTCITEL-20250524-1711
2025-05-24 17:12:06,968 - WARNING - ⏳ Backup ignorado (estado TERMINATED): Auto-backup for 2025-05-09 08:00:00 via policy: Citel_Diario07
2025-05-24 17:12:06,969 - INFO - 
🔍 Processando block volume: GeB BancoTeste tkt 1048932
2025-05-24 17:12:07,291 - INFO - ✅ Backup criado: BlockBackup-GeB BancoTeste tkt 1048932-BKPAUTCITEL-20250524-1712
2025-05-24 17:12:07,952 - WARNING - ⏳ Backup ignorado (estado TERMINATED): Auto-backup for 2025-05-09 08:00:00 via policy: Citel_Diario07
2025-05-24 17:12:07,952 - INFO - 
🔍 Processando block volume: Banco1LinuxTSPlus11_clone2904
2025-05-24 17:12:08,102 - WARNING - ⚠️ Tentativa 1: Limite de requisições. Aguardando 5s...
2025-05-24 17:12:18,096 - WARNING - ⚠️ Tentativa 2: Limite de requisições. Aguardando 10s...
2025-05-24 17:12:32,358 - INFO - ✅ Backup criado: BlockBackup-Banco1LinuxTSPlus11_clone2904-BKPAUTCITEL-20250524-1712
2025-05-24 17:12:33,023 - WARNING - ⏳ Backup ignorado (estado TERMINATED): Auto-backup for 2025-05-09 08:00:00 via policy: Citel_Diario07
2025-05-24 17:12:33,023 - INFO - 
🔍 Processando block volume: LinuxTSPlus11_BancoPRODJRPais_clone2904
2025-05-24 17:12:33,416 - INFO - ✅ Backup criado: BlockBackup-LinuxTSPlus11_BancoPRODJRPais_clone2904-BKPAUTCITEL-20250524-1712
2025-05-24 17:12:34,072 - WARNING - ⏳ Backup ignorado (estado TERMINATED): Auto-backup for 2025-05-09 08:00:00 via policy: Citel_Diario07
2025-05-24 17:12:34,072 - INFO - 
🔍 Processando block volume: LinuxTSPlus30_Banco1LinuxTSPlus30_clone2904
2025-05-24 17:12:34,391 - INFO - ✅ Backup criado: BlockBackup-LinuxTSPlus30_Banco1LinuxTSPlus30_clone2904-BKPAUTCITEL-20250524-1712
2025-05-24 17:12:35,045 - WARNING - ⏳ Backup ignorado (estado TERMINATED): Auto-backup for 2025-05-09 08:00:00 via policy: Citel_Diario07
2025-05-24 17:12:35,046 - INFO - 
🔍 Processando block volume: Banco-1-LinuxData012
2025-05-24 17:12:35,407 - INFO - ✅ Backup criado: BlockBackup-Banco-1-LinuxData012-BKPAUTCITEL-20250524-1712
2025-05-24 17:12:35,626 - WARNING - ⏳ Backup ignorado (estado TERMINATED): Auto-backup for 2025-05-09 08:00:00 via policy: Citel_Diario07
2025-05-24 17:12:35,626 - INFO - 
🔍 Processando block volume: Banco2-LinuxData012
2025-05-24 17:12:35,938 - INFO - ✅ Backup criado: BlockBackup-Banco2-LinuxData012-BKPAUTCITEL-20250524-1712
2025-05-24 17:12:36,605 - WARNING - ⏳ Backup ignorado (estado TERMINATED): Auto-backup for 2025-05-09 08:00:00 via policy: Citel_Diario07
2025-05-24 17:12:36,606 - INFO - 
🔍 Processando block volume: Banco3-LinuxData012
2025-05-24 17:12:36,938 - INFO - ✅ Backup criado: BlockBackup-Banco3-LinuxData012-BKPAUTCITEL-20250524-1712
2025-05-24 17:12:37,609 - WARNING - ⏳ Backup ignorado (estado TERMINATED): Auto-backup for 2025-05-09 08:00:00 via policy: Citel_Diario07
2025-05-24 17:12:37,610 - INFO - 
🔍 Processando block volume: LinuxTSPlus55_Banco1BR55_clone2904
2025-05-24 17:12:37,933 - INFO - ✅ Backup criado: BlockBackup-LinuxTSPlus55_Banco1BR55_clone2904-BKPAUTCITEL-20250524-1712
2025-05-24 17:12:38,652 - WARNING - ⏳ Backup ignorado (estado TERMINATED): Auto-backup for 2025-05-09 08:00:00 via policy: Citel_Diario07
2025-05-24 17:12:38,653 - INFO - 
🔍 Processando block volume: LinuxTSPlus55_Banco3BR55_clone2904
2025-05-24 17:12:38,956 - INFO - ✅ Backup criado: BlockBackup-LinuxTSPlus55_Banco3BR55_clone2904-BKPAUTCITEL-20250524-1712
2025-05-24 17:12:39,614 - WARNING - ⏳ Backup ignorado (estado TERMINATED): Auto-backup for 2025-05-09 08:00:00 via policy: Citel_Diario07
2025-05-24 17:12:39,614 - INFO - 
🔍 Processando block volume: LinuxTSPlus65_Banco1LinuxTSPLUS65_clone2904
2025-05-24 17:12:39,955 - INFO - ✅ Backup criado: BlockBackup-LinuxTSPlus65_Banco1LinuxTSPLUS65_clone2904-BKPAUTCITEL-20250524-1712
2025-05-24 17:12:40,632 - WARNING - ⏳ Backup ignorado (estado TERMINATED): Auto-backup for 2025-05-09 08:00:00 via policy: Citel_Diario07
2025-05-24 17:12:40,632 - INFO - 
🔍 Processando block volume: LinuxTSPlus65_Banco2LinuxTSPLUS65_clone2904
2025-05-24 17:12:41,053 - INFO - ✅ Backup criado: BlockBackup-LinuxTSPlus65_Banco2LinuxTSPLUS65_clone2904-BKPAUTCITEL-20250524-1712
2025-05-24 17:12:41,729 - WARNING - ⏳ Backup ignorado (estado TERMINATED): Auto-backup for 2025-05-09 08:00:00 via policy: Citel_Diario07
2025-05-24 17:12:41,729 - INFO - 
🔍 Processando block volume: LinuxTSPlus65_Banco3LinuxTSPLUS65_clone2904
2025-05-24 17:12:41,877 - WARNING - ⚠️ Tentativa 1: Limite de requisições. Aguardando 5s...
2025-05-24 17:12:52,463 - INFO - ✅ Backup criado: BlockBackup-LinuxTSPlus65_Banco3LinuxTSPLUS65_clone2904-BKPAUTCITEL-20250524-1712
2025-05-24 17:12:53,120 - WARNING - ⏳ Backup ignorado (estado TERMINATED): Auto-backup for 2025-05-09 08:00:00 via policy: Citel_Diario07
2025-05-24 17:12:53,120 - INFO - 
🔍 Processando block volume: LinuxTSPlus65_BinariosLinuxTSPLUS65_clone2904
2025-05-24 17:12:53,268 - WARNING - ⚠️ Tentativa 1: Limite de requisições. Aguardando 5s...
2025-05-24 17:13:02,082 - INFO - ✅ Backup criado: BlockBackup-LinuxTSPlus65_BinariosLinuxTSPLUS65_clone2904-BKPAUTCITEL-20250524-1712
2025-05-24 17:13:02,772 - WARNING - ⏳ Backup ignorado (estado TERMINATED): Auto-backup for 2025-05-09 08:00:00 via policy: Citel_Diario07
2025-05-24 17:13:02,772 - INFO - 
🔍 Processando block volume: LinuxTSPlus28_Banco2LinuxTSPlus28_clone2904
2025-05-24 17:13:03,078 - INFO - ✅ Backup criado: BlockBackup-LinuxTSPlus28_Banco2LinuxTSPlus28_clone2904-BKPAUTCITEL-20250524-1713
2025-05-24 17:13:03,731 - WARNING - ⏳ Backup ignorado (estado TERMINATED): Auto-backup for 2025-05-09 08:00:00 via policy: Citel_Diario07
2025-05-24 17:13:03,731 - INFO - 
🔍 Processando block volume: LinuxTSPlus28_bancos3_BR28_clone2904
2025-05-24 17:13:04,056 - INFO - ✅ Backup criado: BlockBackup-LinuxTSPlus28_bancos3_BR28_clone2904-BKPAUTCITEL-20250524-1713
2025-05-24 17:13:04,737 - WARNING - ⏳ Backup ignorado (estado TERMINATED): Auto-backup for 2025-05-09 08:00:00 via policy: Citel_Diario07
2025-05-24 17:13:04,737 - INFO - 
🔍 Processando block volume: LinuxTSPlus29_Banco1LinuxTSPlus29_clone2904
2025-05-24 17:13:04,886 - WARNING - ⚠️ Tentativa 1: Limite de requisições. Aguardando 5s...
2025-05-24 17:13:12,025 - WARNING - ⚠️ Tentativa 2: Limite de requisições. Aguardando 10s...
2025-05-24 17:13:27,295 - WARNING - ⚠️ Tentativa 3: Limite de requisições. Aguardando 20s...
2025-05-24 17:13:48,543 - INFO - ✅ Backup criado: BlockBackup-LinuxTSPlus29_Banco1LinuxTSPlus29_clone2904-BKPAUTCITEL-20250524-1713
2025-05-24 17:13:49,246 - WARNING - ⏳ Backup ignorado (estado TERMINATED): Auto-backup for 2025-05-09 08:00:00 via policy: Citel_Diario07
2025-05-24 17:13:49,246 - INFO - 
🔍 Processando block volume: LinuxTSPlus29_Bancos2_BR29_clone2904
2025-05-24 17:13:49,555 - INFO - ✅ Backup criado: BlockBackup-LinuxTSPlus29_Bancos2_BR29_clone2904-BKPAUTCITEL-20250524-1713
2025-05-24 17:13:50,210 - WARNING - ⏳ Backup ignorado (estado TERMINATED): Auto-backup for 2025-05-09 08:00:00 via policy: Citel_Diario07
2025-05-24 17:13:50,210 - INFO - 
🔍 Processando block volume: LinuxTSPlus29_Bancos3_BR29_clone2904
2025-05-24 17:13:50,499 - INFO - ✅ Backup criado: BlockBackup-LinuxTSPlus29_Bancos3_BR29_clone2904-BKPAUTCITEL-20250524-1713
2025-05-24 17:13:51,163 - WARNING - ⏳ Backup ignorado (estado TERMINATED): Auto-backup for 2025-05-09 08:00:00 via policy: Citel_Diario07
2025-05-24 17:13:51,163 - INFO - 
🔍 Processando block volume: LinuxTSPlus72_Banco2BR_72_clone2904
2025-05-24 17:13:51,313 - WARNING - ⚠️ Tentativa 1: Limite de requisições. Aguardando 5s...
2025-05-24 17:13:57,389 - INFO - ✅ Backup criado: BlockBackup-LinuxTSPlus72_Banco2BR_72_clone2904-BKPAUTCITEL-20250524-1713
2025-05-24 17:13:58,043 - WARNING - ⏳ Backup ignorado (estado TERMINATED): Auto-backup for 2025-05-09 08:00:00 via policy: Citel_Diario07
2025-05-24 17:13:58,043 - INFO - 
🔍 Processando block volume: LinuxTSPlus72_BancoBR_clone2904
2025-05-24 17:13:58,368 - INFO - ✅ Backup criado: BlockBackup-LinuxTSPlus72_BancoBR_clone2904-BKPAUTCITEL-20250524-1713
2025-05-24 17:13:59,042 - WARNING - ⏳ Backup ignorado (estado TERMINATED): Auto-backup for 2025-05-09 08:00:00 via policy: Citel_Diario07
2025-05-24 17:13:59,043 - INFO - 
🔍 Processando block volume: LinuxTSPlus43_Banco1LinuxTSPLUS43_clone2904
2025-05-24 17:13:59,342 - INFO - ✅ Backup criado: BlockBackup-LinuxTSPlus43_Banco1LinuxTSPLUS43_clone2904-BKPAUTCITEL-20250524-1713
2025-05-24 17:14:00,007 - WARNING - ⏳ Backup ignorado (estado TERMINATED): Auto-backup for 2025-05-09 08:00:00 via policy: Citel_Diario07
2025-05-24 17:14:00,007 - INFO - 
🔍 Processando block volume: LinuxTSPlus43_HD4-LinuxDBA_clone2904
2025-05-24 17:14:00,305 - INFO - ✅ Backup criado: BlockBackup-LinuxTSPlus43_HD4-LinuxDBA_clone2904-BKPAUTCITEL-20250524-1714
2025-05-24 17:14:01,024 - WARNING - ⏳ Backup ignorado (estado TERMINATED): Auto-backup for 2025-05-09 08:00:00 via policy: Citel_Diario07
2025-05-24 17:14:01,025 - INFO - 
🔍 Processando block volume: LinuxTSPlus50_Banco1LinuxTSPlus50_clone2904
2025-05-24 17:14:01,369 - INFO - ✅ Backup criado: BlockBackup-LinuxTSPlus50_Banco1LinuxTSPlus50_clone2904-BKPAUTCITEL-20250524-1714
2025-05-24 17:14:02,026 - WARNING - ⏳ Backup ignorado (estado TERMINATED): Auto-backup for 2025-05-09 08:00:00 via policy: Citel_Diario07
2025-05-24 17:14:02,027 - INFO - 
🔍 Processando block volume: LinuxTSPlus37_Banco1LinuxTSPLUS37_clone2904
2025-05-24 17:14:02,344 - INFO - ✅ Backup criado: BlockBackup-LinuxTSPlus37_Banco1LinuxTSPLUS37_clone2904-BKPAUTCITEL-20250524-1714
2025-05-24 17:14:03,011 - WARNING - ⏳ Backup ignorado (estado TERMINATED): Auto-backup for 2025-05-09 08:00:00 via policy: Citel_Diario07
2025-05-24 17:14:03,012 - INFO - 
🔍 Processando block volume: LinuxTSPlus37_Banco2LinuxTSPLUS37_clone2904
2025-05-24 17:14:03,160 - WARNING - ⚠️ Tentativa 1: Limite de requisições. Aguardando 5s...
2025-05-24 17:14:11,178 - WARNING - ⚠️ Tentativa 2: Limite de requisições. Aguardando 10s...
2025-05-24 17:14:25,045 - WARNING - ⚠️ Tentativa 3: Limite de requisições. Aguardando 20s...
2025-05-24 17:14:49,797 - INFO - ✅ Backup criado: BlockBackup-LinuxTSPlus37_Banco2LinuxTSPLUS37_clone2904-BKPAUTCITEL-20250524-1714
2025-05-24 17:14:50,452 - WARNING - ⏳ Backup ignorado (estado TERMINATED): Auto-backup for 2025-05-09 08:00:00 via policy: Citel_Diario07
2025-05-24 17:14:50,452 - INFO - 
🔍 Processando block volume: LinuxTSPlus40_Banco1
2025-05-24 17:14:50,746 - INFO - ✅ Backup criado: BlockBackup-LinuxTSPlus40_Banco1-BKPAUTCITEL-20250524-1714
2025-05-24 17:14:51,399 - WARNING - ⏳ Backup ignorado (estado TERMINATED): Auto-backup for 2025-05-09 08:00:00 via policy: Citel_Diario07
2025-05-24 17:14:51,400 - INFO - 
🔍 Processando block volume: LinuxTSPlus32_Banco1LinuxTSPLUS32_clone2904
2025-05-24 17:14:51,745 - INFO - ✅ Backup criado: BlockBackup-LinuxTSPlus32_Banco1LinuxTSPLUS32_clone2904-BKPAUTCITEL-20250524-1714
2025-05-24 17:14:52,403 - WARNING - ⏳ Backup ignorado (estado TERMINATED): Auto-backup for 2025-05-09 08:00:00 via policy: Citel_Diario07
2025-05-24 17:14:52,404 - INFO - 
🔍 Processando block volume: LinuxTSPlus32_Banco2LinuxTSPLUS32_clone2904
2025-05-24 17:14:52,737 - INFO - ✅ Backup criado: BlockBackup-LinuxTSPlus32_Banco2LinuxTSPLUS32_clone2904-BKPAUTCITEL-20250524-1714
2025-05-24 17:14:53,402 - WARNING - ⏳ Backup ignorado (estado TERMINATED): Auto-backup for 2025-05-09 08:00:00 via policy: Citel_Diario07
2025-05-24 17:14:53,403 - INFO - 
🔍 Processando block volume: Banco2-LinuxData013
2025-05-24 17:14:53,717 - INFO - ✅ Backup criado: BlockBackup-Banco2-LinuxData013-BKPAUTCITEL-20250524-1714
2025-05-24 17:14:53,916 - WARNING - ⏳ Backup ignorado (estado TERMINATED): Auto-backup for 2025-05-09 08:00:00 via policy: Citel_Diario07
2025-05-24 17:14:53,916 - INFO - 
🔍 Processando block volume: Banco3-LinuxData013
2025-05-24 17:14:54,219 - INFO - ✅ Backup criado: BlockBackup-Banco3-LinuxData013-BKPAUTCITEL-20250524-1714
2025-05-24 17:14:54,886 - WARNING - ⏳ Backup ignorado (estado TERMINATED): Auto-backup for 2025-05-09 08:00:00 via policy: Citel_Diario07
2025-05-24 17:14:54,886 - INFO - 
🔍 Processando block volume: Banco1-LinuxData013
2025-05-24 17:14:55,191 - INFO - ✅ Backup criado: BlockBackup-Banco1-LinuxData013-BKPAUTCITEL-20250524-1714
2025-05-24 17:14:55,851 - WARNING - ⏳ Backup ignorado (estado TERMINATED): Auto-backup for 2025-05-09 08:00:00 via policy: Citel_Diario07
2025-05-24 17:14:55,851 - INFO - 
🔍 Processando block volume: LinuxTSPlus14_BackupCoresVivas TKT 902822_clone2904
2025-05-24 17:14:56,217 - INFO - ✅ Backup criado: BlockBackup-LinuxTSPlus14_BackupCoresVivas TKT 902822_clone2904-BKPAUTCITEL-20250524-1714
2025-05-24 17:14:56,859 - WARNING - ⏳ Backup ignorado (estado TERMINATED): Auto-backup for 2025-05-09 08:00:00 via policy: Citel_Diario07
2025-05-24 17:14:56,860 - INFO - 
🔍 Processando block volume: LinuxTSPlus14_Banco2LinuxTSPlus14_clone2904
2025-05-24 17:14:57,008 - WARNING - ⚠️ Tentativa 1: Limite de requisições. Aguardando 5s...
2025-05-24 17:15:05,278 - INFO - ✅ Backup criado: BlockBackup-LinuxTSPlus14_Banco2LinuxTSPlus14_clone2904-BKPAUTCITEL-20250524-1714
2025-05-24 17:15:05,946 - WARNING - ⏳ Backup ignorado (estado TERMINATED): Auto-backup for 2025-05-09 08:00:00 via policy: Citel_Diario07
2025-05-24 17:15:05,947 - INFO - 
🔍 Processando block volume: LinuxTSPlus9-Banco1LinuxTSPlus9-clone2904
2025-05-24 17:15:06,289 - INFO - ✅ Backup criado: BlockBackup-LinuxTSPlus9-Banco1LinuxTSPlus9-clone2904-BKPAUTCITEL-20250524-1715
2025-05-24 17:15:06,954 - WARNING - ⏳ Backup ignorado (estado TERMINATED): Auto-backup for 2025-05-09 08:00:00 via policy: Citel_Diario07
2025-05-24 17:15:06,954 - INFO - 
🔍 Processando block volume: LinuxTSPlus9-Banco3LinuxTSPlus9-clone2904
2025-05-24 17:15:07,262 - INFO - ✅ Backup criado: BlockBackup-LinuxTSPlus9-Banco3LinuxTSPlus9-clone2904-BKPAUTCITEL-20250524-1715
2025-05-24 17:15:07,935 - WARNING - ⏳ Backup ignorado (estado TERMINATED): Auto-backup for 2025-05-09 08:00:00 via policy: Citel_Diario07
2025-05-24 17:15:07,936 - INFO - 
🔍 Processando block volume: LinuxTSPlus14_BancoUbertintasTSPlus14_clone2904
2025-05-24 17:15:08,331 - INFO - ✅ Backup criado: BlockBackup-LinuxTSPlus14_BancoUbertintasTSPlus14_clone2904-BKPAUTCITEL-20250524-1715
2025-05-24 17:15:08,982 - WARNING - ⏳ Backup ignorado (estado TERMINATED): Auto-backup for 2025-05-09 08:00:00 via policy: Citel_Diario07
2025-05-24 17:15:08,982 - INFO - 
🔍 Processando block volume: LinuxTSPlus9-Bancos4_BR9-clone2904
2025-05-24 17:15:09,282 - INFO - ✅ Backup criado: BlockBackup-LinuxTSPlus9-Bancos4_BR9-clone2904-BKPAUTCITEL-20250524-1715
2025-05-24 17:15:09,982 - WARNING - ⏳ Backup ignorado (estado TERMINATED): Auto-backup for 2025-05-09 08:00:00 via policy: Citel_Diario07
2025-05-24 17:15:09,983 - INFO - 
🔍 Processando block volume: LinuxTSPlus8-Banco1LinuxTSPlus8-clone2904
2025-05-24 17:15:10,133 - WARNING - ⚠️ Tentativa 1: Limite de requisições. Aguardando 5s...
2025-05-24 17:15:19,774 - INFO - ✅ Backup criado: BlockBackup-LinuxTSPlus8-Banco1LinuxTSPlus8-clone2904-BKPAUTCITEL-20250524-1715
2025-05-24 17:15:20,494 - WARNING - ⏳ Backup ignorado (estado TERMINATED): Auto-backup for 2025-05-09 08:00:00 via policy: Citel_Diario07
2025-05-24 17:15:20,495 - INFO - 
🔍 Processando block volume: LinuxTSPlus8-Banco3LinuxTSPlus8-clone2904
2025-05-24 17:15:20,642 - WARNING - ⚠️ Tentativa 1: Limite de requisições. Aguardando 5s...
2025-05-24 17:15:28,395 - WARNING - ⚠️ Tentativa 2: Limite de requisições. Aguardando 10s...
2025-05-24 17:15:43,019 - INFO - ✅ Backup criado: BlockBackup-LinuxTSPlus8-Banco3LinuxTSPlus8-clone2904-BKPAUTCITEL-20250524-1715
2025-05-24 17:15:43,699 - WARNING - ⏳ Backup ignorado (estado TERMINATED): Auto-backup for 2025-05-09 08:00:00 via policy: Citel_Diario07
2025-05-24 17:15:43,699 - INFO - 
🔍 Processando block volume: LinuxTSPlus16_Banco1LinuxTSPlus16_clone2904
2025-05-24 17:15:44,034 - INFO - ✅ Backup criado: BlockBackup-LinuxTSPlus16_Banco1LinuxTSPlus16_clone2904-BKPAUTCITEL-20250524-1715
2025-05-24 17:15:44,683 - INFO - 
🔍 Processando block volume: LinuxTSPlus16_Banco2LinuxTSPlus16_clone2904
2025-05-24 17:15:44,832 - WARNING - ⚠️ Tentativa 1: Limite de requisições. Aguardando 5s...
2025-05-24 17:15:51,630 - INFO - ✅ Backup criado: BlockBackup-LinuxTSPlus16_Banco2LinuxTSPlus16_clone2904-BKPAUTCITEL-20250524-1715
2025-05-24 17:15:52,284 - INFO - 
🔍 Processando block volume: LinuxTSPlus7-Banco2LinuxTSPlus7-block-clone2904
2025-05-24 17:15:52,612 - INFO - ✅ Backup criado: BlockBackup-LinuxTSPlus7-Banco2LinuxTSPlus7-block-clone2904-BKPAUTCITEL-20250524-1715
2025-05-24 17:15:53,294 - INFO - 
🔍 Processando block volume: LinuxTSPlus7-Banco3LinuxTSPlus7-block-clone2904
2025-05-24 17:15:53,443 - WARNING - ⚠️ Tentativa 1: Limite de requisições. Aguardando 5s...
2025-05-24 17:15:59,713 - INFO - ✅ Backup criado: BlockBackup-LinuxTSPlus7-Banco3LinuxTSPlus7-block-clone2904-BKPAUTCITEL-20250524-1715
2025-05-24 17:16:00,399 - INFO - 
🔍 Processando block volume: LinuxTSPlus7-Banco3_BR7-block-clone2904
2025-05-24 17:16:00,548 - WARNING - ⚠️ Tentativa 1: Limite de requisições. Aguardando 5s...
2025-05-24 17:16:10,041 - WARNING - ⚠️ Tentativa 2: Limite de requisições. Aguardando 10s...
2025-05-24 17:16:22,862 - INFO - ✅ Backup criado: BlockBackup-LinuxTSPlus7-Banco3_BR7-block-clone2904-BKPAUTCITEL-20250524-1716
2025-05-24 17:16:23,562 - INFO - 
🔍 Processando block volume: LinuxTSPlus17_Banco2LinuxTSPlus17_clone2904
2025-05-24 17:16:23,711 - WARNING - ⚠️ Tentativa 1: Limite de requisições. Aguardando 5s...
2025-05-24 17:16:32,918 - INFO - ✅ Backup criado: BlockBackup-LinuxTSPlus17_Banco2LinuxTSPlus17_clone2904-BKPAUTCITEL-20250524-1716
2025-05-24 17:16:33,582 - INFO - 
🔍 Processando block volume: LinuxTSPlus17_BancoPRODBelaTintas_clone2904
2025-05-24 17:16:33,896 - INFO - ✅ Backup criado: BlockBackup-LinuxTSPlus17_BancoPRODBelaTintas_clone2904-BKPAUTCITEL-20250524-1716
2025-05-24 17:16:34,583 - INFO - 
🔍 Processando block volume: LinuxTSPlus17_HD5-LinuxDBAs_clone2904
2025-05-24 17:16:34,903 - INFO - ✅ Backup criado: BlockBackup-LinuxTSPlus17_HD5-LinuxDBAs_clone2904-BKPAUTCITEL-20250524-1716
2025-05-24 17:16:35,560 - INFO - 
🔍 Processando block volume: LinuxTSPlus6-Banco3LinuxTSPlus6-block-clone2904
2025-05-24 17:16:35,880 - INFO - ✅ Backup criado: BlockBackup-LinuxTSPlus6-Banco3LinuxTSPlus6-block-clone2904-BKPAUTCITEL-20250524-1716
2025-05-24 17:16:36,537 - INFO - 
🔍 Processando block volume: LinuxTSPlus6-Banco4LinuxTSPlus6-block-clone2904
2025-05-24 17:16:36,686 - WARNING - ⚠️ Tentativa 1: Limite de requisições. Aguardando 5s...
2025-05-24 17:16:46,070 - WARNING - ⚠️ Tentativa 2: Limite de requisições. Aguardando 10s...
2025-05-24 17:16:58,200 - INFO - ✅ Backup criado: BlockBackup-LinuxTSPlus6-Banco4LinuxTSPlus6-block-clone2904-BKPAUTCITEL-20250524-1716
2025-05-24 17:16:58,860 - WARNING - ⏳ Backup ignorado (estado TERMINATED): Auto-backup for 2025-05-09 08:00:00 via policy: Citel_Diario07
2025-05-24 17:16:58,860 - INFO - 
🔍 Processando block volume: LinuxTSPlus18-Banco1LinuxTSPlus18-block-2904
2025-05-24 17:16:59,158 - INFO - ✅ Backup criado: BlockBackup-LinuxTSPlus18-Banco1LinuxTSPlus18-block-2904-BKPAUTCITEL-20250524-1716
2025-05-24 17:16:59,815 - WARNING - ⏳ Backup ignorado (estado TERMINATED): Auto-backup for 2025-05-09 08:00:00 via policy: Citel_Diario07
2025-05-24 17:16:59,815 - INFO - 
🔍 Processando block volume: LinuxTSPlus18-Banco2LinuxTSPlus18-block-2904
2025-05-24 17:17:00,111 - INFO - ✅ Backup criado: BlockBackup-LinuxTSPlus18-Banco2LinuxTSPlus18-block-2904-BKPAUTCITEL-20250524-1716
2025-05-24 17:17:00,760 - WARNING - ⏳ Backup ignorado (estado TERMINATED): Auto-backup for 2025-05-09 08:00:00 via policy: Citel_Diario07
2025-05-24 17:17:00,760 - INFO - 
🔍 Processando block volume: LinuxTSPlus18-Bancos4_BR18-block-2904
2025-05-24 17:17:01,114 - INFO - ✅ Backup criado: BlockBackup-LinuxTSPlus18-Bancos4_BR18-block-2904-BKPAUTCITEL-20250524-1717
2025-05-24 17:17:01,766 - WARNING - ⏳ Backup ignorado (estado TERMINATED): Auto-backup for 2025-05-09 08:00:00 via policy: Citel_Diario07
2025-05-24 17:17:01,767 - INFO - 
🔍 Processando block volume: LinuxTsplus59-Banco2Linux59-block-clone2904
2025-05-24 17:17:01,916 - WARNING - ⚠️ Tentativa 1: Limite de requisições. Aguardando 5s...
2025-05-24 17:17:10,516 - WARNING - ⚠️ Tentativa 2: Limite de requisições. Aguardando 10s...
2025-05-24 17:17:24,487 - INFO - ✅ Backup criado: BlockBackup-LinuxTsplus59-Banco2Linux59-block-clone2904-BKPAUTCITEL-20250524-1717
2025-05-24 17:17:25,181 - WARNING - ⏳ Backup ignorado (estado TERMINATED): Auto-backup for 2025-05-09 08:00:00 via policy: Citel_Diario07
2025-05-24 17:17:25,182 - INFO - 
🔍 Processando block volume: LinuxTsplus59-BancoLinux59-block-clone2904
2025-05-24 17:17:25,523 - INFO - ✅ Backup criado: BlockBackup-LinuxTsplus59-BancoLinux59-block-clone2904-BKPAUTCITEL-20250524-1717
2025-05-24 17:17:26,181 - WARNING - ⏳ Backup ignorado (estado TERMINATED): Auto-backup for 2025-05-09 08:00:00 via policy: Citel_Diario07
2025-05-24 17:17:26,182 - INFO - 
🔍 Processando block volume: LinuxTSPlus19_Banco1LinuxTSPlus19_clone2904
2025-05-24 17:17:26,330 - WARNING - ⚠️ Tentativa 1: Limite de requisições. Aguardando 5s...
2025-05-24 17:17:34,786 - INFO - ✅ Backup criado: BlockBackup-LinuxTSPlus19_Banco1LinuxTSPlus19_clone2904-BKPAUTCITEL-20250524-1717
2025-05-24 17:17:35,447 - WARNING - ⏳ Backup ignorado (estado TERMINATED): Auto-backup for 2025-05-09 08:00:00 via policy: Citel_Diario07
2025-05-24 17:17:35,447 - INFO - 
🔍 Processando block volume: LinuxTSPlus19_Banco3LinuxTSPlus19_clone2904
2025-05-24 17:17:35,751 - INFO - ✅ Backup criado: BlockBackup-LinuxTSPlus19_Banco3LinuxTSPlus19_clone2904-BKPAUTCITEL-20250524-1717
2025-05-24 17:17:36,410 - WARNING - ⏳ Backup ignorado (estado TERMINATED): Auto-backup for 2025-05-09 08:00:00 via policy: Citel_Diario07
2025-05-24 17:17:36,410 - INFO - 
🔍 Processando block volume: LinuxTSPlus20_Banco1LinuxTSPlus20_clone2904
2025-05-24 17:17:36,702 - INFO - ✅ Backup criado: BlockBackup-LinuxTSPlus20_Banco1LinuxTSPlus20_clone2904-BKPAUTCITEL-20250524-1717
2025-05-24 17:17:37,353 - WARNING - ⏳ Backup ignorado (estado TERMINATED): Auto-backup for 2025-05-09 08:00:00 via policy: Citel_Diario07
2025-05-24 17:17:37,354 - INFO - 
🔍 Processando block volume: LinuxTSPlus20_Banco2LinuxTSPlus20_clone2904
2025-05-24 17:17:37,502 - WARNING - ⚠️ Tentativa 1: Limite de requisições. Aguardando 5s...
2025-05-24 17:17:45,444 - INFO - ✅ Backup criado: BlockBackup-LinuxTSPlus20_Banco2LinuxTSPlus20_clone2904-BKPAUTCITEL-20250524-1717
2025-05-24 17:17:46,101 - WARNING - ⏳ Backup ignorado (estado TERMINATED): Auto-backup for 2025-05-09 08:00:00 via policy: Citel_Diario07
2025-05-24 17:17:46,101 - INFO - 
🔍 Processando block volume: LinuxTSPlus20_Banco3_BR20_clone2904
2025-05-24 17:17:46,249 - WARNING - ⚠️ Tentativa 1: Limite de requisições. Aguardando 5s...
2025-05-24 17:17:52,968 - WARNING - ⚠️ Tentativa 2: Limite de requisições. Aguardando 10s...
2025-05-24 17:18:06,380 - INFO - ✅ Backup criado: BlockBackup-LinuxTSPlus20_Banco3_BR20_clone2904-BKPAUTCITEL-20250524-1717
2025-05-24 17:18:07,041 - WARNING - ⏳ Backup ignorado (estado TERMINATED): Auto-backup for 2025-05-09 08:00:00 via policy: Citel_Diario07
2025-05-24 17:18:07,042 - INFO - 
🔍 Processando block volume: LinuxTSPlus20_Banco4LinuxTSPlus20_clone2904
2025-05-24 17:18:07,352 - INFO - ✅ Backup criado: BlockBackup-LinuxTSPlus20_Banco4LinuxTSPlus20_clone2904-BKPAUTCITEL-20250524-1718
2025-05-24 17:18:08,010 - WARNING - ⏳ Backup ignorado (estado TERMINATED): Auto-backup for 2025-05-09 08:00:00 via policy: Citel_Diario07
2025-05-24 17:18:08,011 - INFO - 
🔍 Processando block volume: LinuxTSPlus5-Banco3LinuxBR5-block-clone2904
2025-05-24 17:18:08,159 - WARNING - ⚠️ Tentativa 1: Limite de requisições. Aguardando 5s...
2025-05-24 17:18:17,508 - WARNING - ⚠️ Tentativa 2: Limite de requisições. Aguardando 10s...
2025-05-24 17:18:28,542 - INFO - ✅ Backup criado: BlockBackup-LinuxTSPlus5-Banco3LinuxBR5-block-clone2904-BKPAUTCITEL-20250524-1718
2025-05-24 17:18:29,206 - WARNING - ⏳ Backup ignorado (estado TERMINATED): Auto-backup for 2025-05-09 08:00:00 via policy: Citel_Diario07
2025-05-24 17:18:29,206 - INFO - 
🔍 Processando block volume: LinuxTSPlus5-Banco2LinuxBR5-block-clone2904
2025-05-24 17:18:29,507 - INFO - ✅ Backup criado: BlockBackup-LinuxTSPlus5-Banco2LinuxBR5-block-clone2904-BKPAUTCITEL-20250524-1718
2025-05-24 17:18:30,164 - WARNING - ⏳ Backup ignorado (estado TERMINATED): Auto-backup for 2025-05-09 08:00:00 via policy: Citel_Diario07
2025-05-24 17:18:30,164 - INFO - 
🔍 Processando block volume: Banco1-LinuxData004
2025-05-24 17:18:30,518 - INFO - ✅ Backup criado: BlockBackup-Banco1-LinuxData004-BKPAUTCITEL-20250524-1718
2025-05-24 17:18:31,171 - WARNING - ⏳ Backup ignorado (estado TERMINATED): Auto-backup for 2025-05-09 08:00:00 via policy: Citel_Diario07
2025-05-24 17:18:31,172 - INFO - 
🔍 Processando block volume: Banco2-LinuxData004
2025-05-24 17:18:31,496 - INFO - ✅ Backup criado: BlockBackup-Banco2-LinuxData004-BKPAUTCITEL-20250524-1718
2025-05-24 17:18:32,159 - WARNING - ⏳ Backup ignorado (estado TERMINATED): Auto-backup for 2025-05-09 08:00:00 via policy: Citel_Diario07
2025-05-24 17:18:32,160 - INFO - 
🔍 Processando block volume: Banco3-LinuxData004
2025-05-24 17:18:32,447 - INFO - ✅ Backup criado: BlockBackup-Banco3-LinuxData004-BKPAUTCITEL-20250524-1718
2025-05-24 17:18:33,115 - WARNING - ⏳ Backup ignorado (estado TERMINATED): Auto-backup for 2025-05-09 08:00:00 via policy: Citel_Diario07
2025-05-24 17:18:33,116 - INFO - 
🔍 Processando block volume: LinuxTSPlus48-block-Restore
2025-05-24 17:18:33,264 - WARNING - ⚠️ Tentativa 1: Limite de requisições. Aguardando 5s...
2025-05-24 17:18:42,171 - INFO - ✅ Backup criado: BlockBackup-LinuxTSPlus48-block-Restore-BKPAUTCITEL-20250524-1718
2025-05-24 17:18:42,834 - WARNING - ⏳ Backup ignorado (estado TERMINATED): Auto-backup for 2025-05-09 08:00:00 via policy: Citel_Diario07
2025-05-24 17:18:42,834 - INFO - 
🔍 Processando block volume: LinuxData007-Banco4
2025-05-24 17:18:43,143 - INFO - ✅ Backup criado: BlockBackup-LinuxData007-Banco4-BKPAUTCITEL-20250524-1718
2025-05-24 17:18:43,807 - WARNING - ⏳ Backup ignorado (estado TERMINATED): Auto-backup for 2025-05-09 08:00:00 via policy: Citel_Diario07
2025-05-24 17:18:43,807 - INFO - 
🔍 Processando block volume: Banco2LinuxBR21-Restore
2025-05-24 17:18:43,956 - WARNING - ⚠️ Tentativa 1: Limite de requisições. Aguardando 5s...
2025-05-24 17:18:52,901 - INFO - ✅ Backup criado: BlockBackup-Banco2LinuxBR21-Restore-BKPAUTCITEL-20250524-1718
2025-05-24 17:18:53,563 - WARNING - ⏳ Backup ignorado (estado TERMINATED): Auto-backup for 2025-05-09 08:00:00 via policy: Citel_Diario07
2025-05-24 17:18:53,564 - INFO - 
🔍 Processando block volume: LinuxTSPlus41-block-Restore
2025-05-24 17:18:53,711 - WARNING - ⚠️ Tentativa 1: Limite de requisições. Aguardando 5s...
2025-05-24 17:19:00,631 - WARNING - ⚠️ Tentativa 2: Limite de requisições. Aguardando 10s...
2025-05-24 17:19:16,116 - INFO - ✅ Backup criado: BlockBackup-LinuxTSPlus41-block-Restore-BKPAUTCITEL-20250524-1718
2025-05-24 17:19:16,774 - WARNING - ⏳ Backup ignorado (estado TERMINATED): Auto-backup for 2025-05-09 08:00:00 via policy: Citel_Diario07
2025-05-24 17:19:16,775 - INFO - 
🔍 Processando block volume: Banco1LinuxTSPlus26-Restore
2025-05-24 17:19:16,923 - WARNING - ⚠️ Tentativa 1: Limite de requisições. Aguardando 5s...
2025-05-24 17:19:25,592 - INFO - ✅ Backup criado: BlockBackup-Banco1LinuxTSPlus26-Restore-BKPAUTCITEL-20250524-1719
2025-05-24 17:19:26,260 - WARNING - ⏳ Backup ignorado (estado TERMINATED): Auto-backup for 2025-05-09 08:00:00 via policy: Citel_Diario07
2025-05-24 17:19:26,260 - INFO - 
🔍 Processando block volume: LinuxTSPlus36-block-Restore
2025-05-24 17:19:26,566 - INFO - ✅ Backup criado: BlockBackup-LinuxTSPlus36-block-Restore-BKPAUTCITEL-20250524-1719
2025-05-24 17:19:27,240 - WARNING - ⏳ Backup ignorado (estado TERMINATED): Auto-backup for 2025-05-09 08:00:00 via policy: Citel_Diario07
2025-05-24 17:19:27,241 - INFO - 
🔍 Processando block volume: LinuxTSPlus34-Bancos3_BR34-backup-Restore
2025-05-24 17:19:27,389 - WARNING - ⚠️ Tentativa 1: Limite de requisições. Aguardando 5s...
2025-05-24 17:19:37,155 - INFO - ✅ Backup criado: BlockBackup-LinuxTSPlus34-Bancos3_BR34-backup-Restore-BKPAUTCITEL-20250524-1719
2025-05-24 17:19:37,820 - WARNING - ⏳ Backup ignorado (estado TERMINATED): Auto-backup for 2025-05-09 08:00:00 via policy: Citel_Diario07
2025-05-24 17:19:37,821 - INFO - 
🔍 Processando block volume: LinuxTSPlus34-Bancos2_BR34-backup-Restore
2025-05-24 17:19:38,152 - INFO - ✅ Backup criado: BlockBackup-LinuxTSPlus34-Bancos2_BR34-backup-Restore-BKPAUTCITEL-20250524-1719
2025-05-24 17:19:38,808 - WARNING - ⏳ Backup ignorado (estado TERMINATED): Auto-backup for 2025-05-09 08:00:00 via policy: Citel_Diario07
2025-05-24 17:19:38,808 - INFO - 
🔍 Processando block volume: Banco1LinuxTSPLUS33-Restore
2025-05-24 17:19:38,956 - WARNING - ⚠️ Tentativa 1: Limite de requisições. Aguardando 5s...
2025-05-24 17:19:44,987 - WARNING - ⚠️ Tentativa 2: Limite de requisições. Aguardando 10s...
2025-05-24 17:20:00,450 - INFO - ✅ Backup criado: BlockBackup-Banco1LinuxTSPLUS33-Restore-BKPAUTCITEL-20250524-1719
2025-05-24 17:20:01,117 - WARNING - ⏳ Backup ignorado (estado TERMINATED): Auto-backup for 2025-05-09 08:00:00 via policy: Citel_Diario07
2025-05-24 17:20:01,117 - INFO - 
🔍 Processando block volume: Banco2BR33-Restore
2025-05-24 17:20:01,406 - INFO - ✅ Backup criado: BlockBackup-Banco2BR33-Restore-BKPAUTCITEL-20250524-1720
2025-05-24 17:20:02,083 - WARNING - ⏳ Backup ignorado (estado TERMINATED): Auto-backup for 2025-05-09 08:00:00 via policy: Citel_Diario07
2025-05-24 17:20:02,083 - INFO - 
🔍 Processando block volume: LinuxTSPlus34-Banco1LinuxTSPLUS34-backup-Restore
2025-05-24 17:20:02,385 - INFO - ✅ Backup criado: BlockBackup-LinuxTSPlus34-Banco1LinuxTSPLUS34-backup-Restore-BKPAUTCITEL-20250524-1720
2025-05-24 17:20:03,039 - WARNING - ⏳ Backup ignorado (estado TERMINATED): Auto-backup for 2025-05-09 08:00:00 via policy: Citel_Diario07
2025-05-24 17:20:03,040 - INFO - 
🔍 Processando block volume: LinuxTSPlus1-Restore1
2025-05-24 17:20:03,188 - WARNING - ⚠️ Tentativa 1: Limite de requisições. Aguardando 5s...
2025-05-24 17:20:12,927 - WARNING - ⚠️ Tentativa 2: Limite de requisições. Aguardando 10s...
2025-05-24 17:20:23,823 - WARNING - ⚠️ Tentativa 3: Limite de requisições. Aguardando 20s...
2025-05-24 17:20:48,689 - INFO - ✅ Backup criado: BlockBackup-LinuxTSPlus1-Restore1-BKPAUTCITEL-20250524-1720
2025-05-24 17:20:49,349 - WARNING - ⏳ Backup ignorado (estado TERMINATED): Auto-backup for 2025-05-09 08:00:00 via policy: Citel_Diario07
2025-05-24 17:20:49,350 - INFO - 
🔍 Processando block volume: Bancos5_BR1-Restore2
2025-05-24 17:20:49,654 - INFO - ✅ Backup criado: BlockBackup-Bancos5_BR1-Restore2-BKPAUTCITEL-20250524-1720
2025-05-24 17:20:50,312 - WARNING - ⏳ Backup ignorado (estado TERMINATED): Auto-backup for 2025-05-09 08:00:00 via policy: Citel_Diario07
2025-05-24 17:20:50,313 - INFO - 
🔍 Processando block volume: Bancos4_BR01-Restore3
2025-05-24 17:20:50,635 - INFO - ✅ Backup criado: BlockBackup-Bancos4_BR01-Restore3-BKPAUTCITEL-20250524-1720
2025-05-24 17:20:51,301 - WARNING - ⏳ Backup ignorado (estado TERMINATED): Auto-backup for 2025-05-09 08:00:00 via policy: Citel_Diario07
2025-05-24 17:20:51,302 - INFO - 
🔍 Processando block volume: Banco3LinuxTSPlus1-Restore4
2025-05-24 17:20:51,450 - WARNING - ⚠️ Tentativa 1: Limite de requisições. Aguardando 5s...
2025-05-24 17:21:01,364 - INFO - ✅ Backup criado: BlockBackup-Banco3LinuxTSPlus1-Restore4-BKPAUTCITEL-20250524-1720
2025-05-24 17:21:02,034 - WARNING - ⏳ Backup ignorado (estado TERMINATED): Auto-backup for 2025-05-09 08:00:00 via policy: Citel_Diario07
2025-05-24 17:21:02,034 - INFO - 
🔍 Processando block volume: Banco1LinuxTSPlus24-Restore
2025-05-24 17:21:02,326 - INFO - ✅ Backup criado: BlockBackup-Banco1LinuxTSPlus24-Restore-BKPAUTCITEL-20250524-1721
2025-05-24 17:21:02,999 - WARNING - ⏳ Backup ignorado (estado TERMINATED): Auto-backup for 2025-05-09 08:00:00 via policy: Citel_Diario07
2025-05-24 17:21:03,000 - INFO - 
🔍 Processando block volume: Banco1LinuxTSPlus22-Restore
2025-05-24 17:21:03,302 - INFO - ✅ Backup criado: BlockBackup-Banco1LinuxTSPlus22-Restore-BKPAUTCITEL-20250524-1721
2025-05-24 17:21:03,971 - WARNING - ⏳ Backup ignorado (estado TERMINATED): Auto-backup for 2025-05-09 08:00:00 via policy: Citel_Diario07
2025-05-24 17:21:03,971 - INFO - 
🔍 Processando block volume: Banco3LinuxTSPlus22-Restore
2025-05-24 17:21:04,276 - INFO - ✅ Backup criado: BlockBackup-Banco3LinuxTSPlus22-Restore-BKPAUTCITEL-20250524-1721
2025-05-24 17:21:04,952 - WARNING - ⏳ Backup ignorado (estado TERMINATED): Auto-backup for 2025-05-09 08:00:00 via policy: Citel_Diario07
2025-05-24 17:21:04,953 - INFO - 
🔍 Processando block volume: Banco2LinuxTSPlus22-Restore
2025-05-24 17:21:05,298 - INFO - ✅ Backup criado: BlockBackup-Banco2LinuxTSPlus22-Restore-BKPAUTCITEL-20250524-1721
2025-05-24 17:21:05,955 - WARNING - ⏳ Backup ignorado (estado TERMINATED): Auto-backup for 2025-05-09 08:00:00 via policy: Citel_Diario07
2025-05-24 17:21:05,955 - INFO - 
🔍 Processando block volume: LinuxData010-PalacioTKT651385
2025-05-24 17:21:06,260 - INFO - ✅ Backup criado: BlockBackup-LinuxData010-PalacioTKT651385-BKPAUTCITEL-20250524-1721
2025-05-24 17:21:06,923 - WARNING - ⏳ Backup ignorado (estado TERMINATED): Auto-backup for 2025-05-09 08:00:00 via policy: Citel_Diario07
2025-05-24 17:21:06,924 - INFO - 
🔍 Processando block volume: LinuxData010-Banco4
2025-05-24 17:21:07,319 - INFO - ✅ Backup criado: BlockBackup-LinuxData010-Banco4-BKPAUTCITEL-20250524-1721
2025-05-24 17:21:08,001 - WARNING - ⏳ Backup ignorado (estado TERMINATED): Auto-backup for 2025-05-09 08:00:00 via policy: Citel_Diario07
2025-05-24 17:21:08,001 - INFO - 
🔍 Processando block volume: LinuxData010-Banco5
2025-05-24 17:21:08,153 - WARNING - ⚠️ Tentativa 1: Limite de requisições. Aguardando 5s...
2025-05-24 17:21:15,954 - INFO - ✅ Backup criado: BlockBackup-LinuxData010-Banco5-BKPAUTCITEL-20250524-1721
2025-05-24 17:21:16,628 - WARNING - ⏳ Backup ignorado (estado TERMINATED): Auto-backup for 2025-05-09 08:00:00 via policy: Citel_Diario07
2025-05-24 17:21:16,628 - INFO - 
🔍 Processando block volume: LinuxData010-GeB
2025-05-24 17:21:16,781 - WARNING - ⚠️ Tentativa 1: Limite de requisições. Aguardando 5s...
2025-05-24 17:21:24,618 - WARNING - ⚠️ Tentativa 2: Limite de requisições. Aguardando 10s...
2025-05-24 17:21:36,200 - INFO - ✅ Backup criado: BlockBackup-LinuxData010-GeB-BKPAUTCITEL-20250524-1721
2025-05-24 17:21:36,874 - WARNING - ⏳ Backup ignorado (estado TERMINATED): Auto-backup for 2025-05-09 08:00:00 via policy: Citel_Diario07
2025-05-24 17:21:36,874 - INFO - 
🔍 Processando block volume: LinuxData020-Banco3_BR20
2025-05-24 17:21:37,022 - WARNING - ⚠️ Tentativa 1: Limite de requisições. Aguardando 5s...
2025-05-24 17:21:45,228 - WARNING - ⚠️ Tentativa 2: Limite de requisições. Aguardando 10s...
2025-05-24 17:21:56,522 - INFO - ✅ Backup criado: BlockBackup-LinuxData020-Banco3_BR20-BKPAUTCITEL-20250524-1721
2025-05-24 17:21:57,169 - WARNING - ⏳ Backup ignorado (estado TERMINATED): Auto-backup for 2025-05-09 08:00:00 via policy: Citel_Diario07
2025-05-24 17:21:57,169 - INFO - 
🔍 Processando block volume: Banco3_BR20-RESTORE_FILES
2025-05-24 17:21:57,482 - INFO - ✅ Backup criado: BlockBackup-Banco3_BR20-RESTORE_FILES-BKPAUTCITEL-20250524-1721
2025-05-24 17:21:58,140 - INFO - 
🔍 Processando block volume: LinuxData030_clone06052025
2025-05-24 17:21:58,454 - INFO - ✅ Backup criado: BlockBackup-LinuxData030_clone06052025-BKPAUTCITEL-20250524-1721
2025-05-24 17:21:59,107 - INFO - 
🔍 Processando block volume: Restore_Teste_Bancos3_BR20
2025-05-24 17:21:59,255 - WARNING - ⚠️ Tentativa 1: Limite de requisições. Aguardando 5s...
2025-05-24 17:22:07,390 - INFO - ✅ Backup criado: BlockBackup-Restore_Teste_Bancos3_BR20-BKPAUTCITEL-20250524-1721
2025-05-24 17:22:08,041 - INFO - 
🔍 Processando block volume: Restore Banco ComercialCarvalho
2025-05-24 17:22:08,370 - INFO - ✅ Backup criado: BlockBackup-Restore Banco ComercialCarvalho-BKPAUTCITEL-20250524-1722
2025-05-24 17:22:09,045 - INFO - 
🔍 Processando block volume: Restore Banco Fluzao
2025-05-24 17:22:09,337 - INFO - ✅ Backup criado: BlockBackup-Restore Banco Fluzao-BKPAUTCITEL-20250524-1722
2025-05-24 17:22:10,035 - INFO - 
🔍 Processando block volume: Restore Banco Suprema
2025-05-24 17:22:10,354 - INFO - ✅ Backup criado: BlockBackup-Restore Banco Suprema-BKPAUTCITEL-20250524-1722
2025-05-24 17:22:11,023 - INFO - 
🔍 Processando block volume: BKP Fluzao Prudente
2025-05-24 17:22:11,412 - INFO - ✅ Backup criado: BlockBackup-BKP Fluzao Prudente-BKPAUTCITEL-20250524-1722
2025-05-24 17:22:12,054 - INFO - 
🔍 Processando block volume: LINUXDATA020-BANCO3-Testerecovery-14-05-2025
2025-05-24 17:22:12,203 - WARNING - ⚠️ Tentativa 1: Limite de requisições. Aguardando 5s...
2025-05-24 17:22:18,737 - INFO - ✅ Backup criado: BlockBackup-LINUXDATA020-BANCO3-Testerecovery-14-05-2025-BKPAUTCITEL-20250524-1722
2025-05-24 17:22:19,380 - INFO - 
🔍 Processando block volume: Restore Banco BI Royal
2025-05-24 17:22:19,530 - WARNING - ⚠️ Tentativa 1: Limite de requisições. Aguardando 5s...
2025-05-24 17:22:29,995 - WARNING - ⚠️ Tentativa 2: Limite de requisições. Aguardando 10s...
2025-05-24 17:22:43,033 - INFO - ✅ Backup criado: BlockBackup-Restore Banco BI Royal-BKPAUTCITEL-20250524-1722
2025-05-24 17:22:43,683 - INFO - 
🔍 Processando block volume: Restore Banco BI Piso e Cia 
2025-05-24 17:22:44,036 - INFO - ✅ Backup criado: BlockBackup-Restore Banco BI Piso e Cia -BKPAUTCITEL-20250524-1722
2025-05-24 17:22:44,674 - INFO - 
🔍 Processando block volume: Restore Banco BI MaxVinil
2025-05-24 17:22:44,995 - INFO - ✅ Backup criado: BlockBackup-Restore Banco BI MaxVinil-BKPAUTCITEL-20250524-1722
2025-05-24 17:22:45,636 - INFO - 
🔍 Processando block volume: Restore Banco BI Vermat
2025-05-24 17:22:45,785 - WARNING - ⚠️ Tentativa 1: Limite de requisições. Aguardando 5s...
2025-05-24 17:22:54,221 - INFO - ✅ Backup criado: BlockBackup-Restore Banco BI Vermat-BKPAUTCITEL-20250524-1722
2025-05-24 17:22:54,877 - INFO - 
🔍 Processando block volume: Restore Banco BI Perin
2025-05-24 17:22:55,175 - INFO - ✅ Backup criado: BlockBackup-Restore Banco BI Perin-BKPAUTCITEL-20250524-1722
2025-05-24 17:22:55,822 - INFO - 
🔍 Processando block volume: Restore Banco BI AtacadaoPT
2025-05-24 17:22:55,971 - WARNING - ⚠️ Tentativa 1: Limite de requisições. Aguardando 5s...
2025-05-24 17:23:03,145 - INFO - ✅ Backup criado: BlockBackup-Restore Banco BI AtacadaoPT-BKPAUTCITEL-20250524-1722
2025-05-24 17:23:03,788 - INFO - 
🔍 Processando block volume: Restore Banco BI Agrocac
2025-05-24 17:23:04,086 - INFO - ✅ Backup criado: BlockBackup-Restore Banco BI Agrocac-BKPAUTCITEL-20250524-1723
2025-05-24 17:23:04,756 - INFO - 
🔍 Processando block volume: Restore Banco BI PadraoPVC
2025-05-24 17:23:05,063 - INFO - ✅ Backup criado: BlockBackup-Restore Banco BI PadraoPVC-BKPAUTCITEL-20250524-1723
2025-05-24 17:23:05,728 - INFO - 
🔍 Processando block volume: Restore Banco BI Rezende
2025-05-24 17:23:06,036 - INFO - ✅ Backup criado: BlockBackup-Restore Banco BI Rezende-BKPAUTCITEL-20250524-1723
2025-05-24 17:23:06,696 - INFO - 
🔍 Processando block volume: Restore Banco BI MadMapa
2025-05-24 17:23:07,020 - INFO - ✅ Backup criado: BlockBackup-Restore Banco BI MadMapa-BKPAUTCITEL-20250524-1723
2025-05-24 17:23:07,676 - INFO - 
🔍 Processando block volume: Restore Banco BI Santana
2025-05-24 17:23:08,067 - INFO - ✅ Backup criado: BlockBackup-Restore Banco BI Santana-BKPAUTCITEL-20250524-1723
2025-05-24 17:23:08,729 - INFO - 
🔍 Processando block volume: Restore Banco BI VarejaodasTintas
2025-05-24 17:23:09,037 - INFO - ✅ Backup criado: BlockBackup-Restore Banco BI VarejaodasTintas-BKPAUTCITEL-20250524-1723
2025-05-24 17:23:09,692 - INFO - 
🔍 Processando block volume: Restore Banco BI ElloTintas
2025-05-24 17:23:09,840 - WARNING - ⚠️ Tentativa 1: Limite de requisições. Aguardando 5s...
2025-05-24 17:23:20,012 - INFO - ✅ Backup criado: BlockBackup-Restore Banco BI ElloTintas-BKPAUTCITEL-20250524-1723
2025-05-24 17:23:20,668 - INFO - 
🔍 Processando block volume: Restore Banco BI Moto One
2025-05-24 17:23:20,816 - WARNING - ⚠️ Tentativa 1: Limite de requisições. Aguardando 5s...
2025-05-24 17:23:30,615 - INFO - ✅ Backup criado: BlockBackup-Restore Banco BI Moto One-BKPAUTCITEL-20250524-1723
2025-05-24 17:23:31,268 - INFO - 
🔍 Processando block volume: Restore Banco BI OLV
2025-05-24 17:23:31,597 - INFO - ✅ Backup criado: BlockBackup-Restore Banco BI OLV-BKPAUTCITEL-20250524-1723
2025-05-24 17:23:32,239 - INFO - 
🔍 Processando block volume: Restore Banco BI Construilma
2025-05-24 17:23:32,549 - INFO - ✅ Backup criado: BlockBackup-Restore Banco BI Construilma-BKPAUTCITEL-20250524-1723
2025-05-24 17:23:33,198 - INFO - 
🔍 Processando block volume: Restore Banco BI Baytek
2025-05-24 17:23:33,381 - WARNING - ⚠️ Tentativa 1: Limite de requisições. Aguardando 5s...
2025-05-24 17:23:39,675 - WARNING - ⚠️ Tentativa 2: Limite de requisições. Aguardando 10s...
2025-05-24 17:23:53,802 - INFO - ✅ Backup criado: BlockBackup-Restore Banco BI Baytek-BKPAUTCITEL-20250524-1723
2025-05-24 17:23:54,454 - INFO - 
🔍 Processando block volume: Restore Banco BI Soldage
2025-05-24 17:23:54,758 - INFO - ✅ Backup criado: BlockBackup-Restore Banco BI Soldage-BKPAUTCITEL-20250524-1723
2025-05-24 17:23:55,409 - INFO - 
🔍 Processando block volume: Banco Restore BI Rizato
2025-05-24 17:23:55,727 - INFO - ✅ Backup criado: BlockBackup-Banco Restore BI Rizato-BKPAUTCITEL-20250524-1723
2025-05-24 17:23:56,392 - INFO - 
🔍 Processando block volume: Restore Banco BI Colomarti
2025-05-24 17:23:56,541 - WARNING - ⚠️ Tentativa 1: Limite de requisições. Aguardando 5s...
2025-05-24 17:24:05,335 - WARNING - ⚠️ Tentativa 2: Limite de requisições. Aguardando 10s...
2025-05-24 17:24:20,338 - WARNING - ⚠️ Tentativa 3: Limite de requisições. Aguardando 20s...
2025-05-24 17:24:45,182 - INFO - ✅ Backup criado: BlockBackup-Restore Banco BI Colomarti-BKPAUTCITEL-20250524-1723
2025-05-24 17:24:45,829 - INFO - 
🔍 Processando block volume: HD BKP BI Gasparzinho
2025-05-24 17:24:46,126 - INFO - ✅ Backup criado: BlockBackup-HD BKP BI Gasparzinho-BKPAUTCITEL-20250524-1724
2025-05-24 17:24:46,777 - INFO - 
🔍 Processando block volume: Banco_srvEstrategico
2025-05-24 17:24:47,081 - INFO - ✅ Backup criado: BlockBackup-Banco_srvEstrategico-BKPAUTCITEL-20250524-1724
2025-05-24 17:24:47,736 - INFO - 
🔍 Processando block volume: Restore banco Palmas bkp2 
2025-05-24 17:24:48,075 - INFO - ✅ Backup criado: BlockBackup-Restore banco Palmas bkp2 -BKPAUTCITEL-20250524-1724
2025-05-24 17:24:48,739 - INFO - 
🔍 Processando block volume: Restore Banco 2B bkp2
2025-05-24 17:24:49,066 - INFO - ✅ Backup criado: BlockBackup-Restore Banco 2B bkp2-BKPAUTCITEL-20250524-1724
2025-05-24 17:24:49,710 - INFO - 
🔍 Processando block volume: Restore Banco BI Refrigas2
2025-05-24 17:24:49,859 - WARNING - ⚠️ Tentativa 1: Limite de requisições. Aguardando 5s...
2025-05-24 17:24:58,694 - INFO - ✅ Backup criado: BlockBackup-Restore Banco BI Refrigas2-BKPAUTCITEL-20250524-1724
2025-05-24 17:24:59,335 - INFO - 
🔍 Processando block volume: BKP Valclei tkt 1076246
2025-05-24 17:24:59,678 - INFO - ✅ Backup criado: BlockBackup-BKP Valclei tkt 1076246-BKPAUTCITEL-20250524-1724
2025-05-24 17:25:00,353 - INFO - 
🔍 Processando block volume: Restore2 BI Paratudo
2025-05-24 17:25:00,503 - WARNING - ⚠️ Tentativa 1: Limite de requisições. Aguardando 5s...
2025-05-24 17:25:08,938 - WARNING - ⚠️ Tentativa 2: Limite de requisições. Aguardando 10s...
2025-05-24 17:25:20,924 - INFO - ✅ Backup criado: BlockBackup-Restore2 BI Paratudo-BKPAUTCITEL-20250524-1725
2025-05-24 17:25:21,552 - INFO - 
🔍 Processando block volume: Banco2 MiaraKruger bi 
2025-05-24 17:25:21,858 - INFO - ✅ Backup criado: BlockBackup-Banco2 MiaraKruger bi -BKPAUTCITEL-20250524-1725
2025-05-24 17:25:22,476 - INFO - 
✅ Execução concluída com sucesso
