2025-05-24 11:12:27,948 - INFO - 
🔍 Processando block volume: LinuxTSPlus1_clone070525
2025-05-24 11:12:28,231 - INFO - ✅ Backup criado: BlockBackup-LinuxTSPlus1_clone070525-BKPAUTCITEL-20250524-1112
2025-05-24 11:12:28,388 - INFO - 
🔍 Processando block volume: Banco1LinuxTSPlus2_clone070525
2025-05-24 11:12:28,695 - INFO - ✅ Backup criado: BlockBackup-Banco1LinuxTSPlus2_clone070525-BKPAUTCITEL-20250524-1112
2025-05-24 11:12:29,240 - INFO - 
🔍 Processando block volume: Banco1LinuxTSPlus4_clone070525
2025-05-24 11:12:29,553 - INFO - ✅ Backup criado: BlockBackup-Banco1LinuxTSPlus4_clone070525-BKPAUTCITEL-20250524-1112
2025-05-24 11:12:29,704 - INFO - 
🔍 Processando block volume: Banco2LinuxTSPlus4_clone070525
2025-05-24 11:12:30,016 - INFO - ✅ Backup criado: BlockBackup-Banco2LinuxTSPlus4_clone070525-BKPAUTCITEL-20250524-1112
2025-05-24 11:12:30,541 - INFO - 
🔍 Processando block volume: Banco2LinuxTSPlus7_clone070525
2025-05-24 11:12:30,834 - INFO - ✅ Backup criado: BlockBackup-Banco2LinuxTSPlus7_clone070525-BKPAUTCITEL-20250524-1112
2025-05-24 11:12:30,986 - INFO - 
🔍 Processando block volume: Banco1LinuxTSPlus8_clone070525
2025-05-24 11:12:31,310 - INFO - ✅ Backup criado: BlockBackup-Banco1LinuxTSPlus8_clone070525-BKPAUTCITEL-20250524-1112
2025-05-24 11:12:31,861 - INFO - 
🔍 Processando block volume: Banco1LinuxTSPlus9_clone070525
2025-05-24 11:12:32,285 - INFO - ✅ Backup criado: BlockBackup-Banco1LinuxTSPlus9_clone070525-BKPAUTCITEL-20250524-1112
2025-05-24 11:12:32,467 - INFO - 
🔍 Processando block volume: Banco1LinuxTSPlus12_clone070525
2025-05-24 11:12:32,778 - INFO - ✅ Backup criado: BlockBackup-Banco1LinuxTSPlus12_clone070525-BKPAUTCITEL-20250524-1112
2025-05-24 11:12:33,296 - INFO - 
🔍 Processando block volume: Banco2LinuxTSPlus13_clone070525
2025-05-24 11:12:33,422 - WARNING - ⚠️ Tentativa 1: Limite de requisições. Aguardando 5s...
2025-05-24 11:12:41,506 - WARNING - ⚠️ Tentativa 2: Limite de requisições. Aguardando 10s...
2025-05-24 11:12:56,560 - INFO - ✅ Backup criado: BlockBackup-Banco2LinuxTSPlus13_clone070525-BKPAUTCITEL-20250524-1112
2025-05-24 11:12:56,721 - INFO - 
🔍 Processando block volume: BancoUbertintasTSPlus14_clone070525
2025-05-24 11:12:57,020 - INFO - ✅ Backup criado: BlockBackup-BancoUbertintasTSPlus14_clone070525-BKPAUTCITEL-20250524-1112
2025-05-24 11:12:57,546 - INFO - 
🔍 Processando block volume: Banco2LinuxTSPlus14_clone070525
2025-05-24 11:12:57,826 - INFO - ✅ Backup criado: BlockBackup-Banco2LinuxTSPlus14_clone070525-BKPAUTCITEL-20250524-1112
2025-05-24 11:12:57,987 - INFO - 
🔍 Processando block volume: Banco1LinuxTSPlus16_clone070525
2025-05-24 11:12:58,273 - INFO - ✅ Backup criado: BlockBackup-Banco1LinuxTSPlus16_clone070525-BKPAUTCITEL-20250524-1112
2025-05-24 11:12:58,821 - INFO - 
🔍 Processando block volume: Banco2LinuxBR5_clone070525
2025-05-24 11:12:59,105 - INFO - ✅ Backup criado: BlockBackup-Banco2LinuxBR5_clone070525-BKPAUTCITEL-20250524-1112
2025-05-24 11:12:59,255 - INFO - 
🔍 Processando block volume: Banco2LinuxTSPlus18_clone070525
2025-05-24 11:12:59,518 - INFO - ✅ Backup criado: BlockBackup-Banco2LinuxTSPlus18_clone070525-BKPAUTCITEL-20250524-1112
2025-05-24 11:13:00,035 - INFO - 
🔍 Processando block volume: Banco1LinuxTSPlus19_clone070525
2025-05-24 11:13:00,162 - WARNING - ⚠️ Tentativa 1: Limite de requisições. Aguardando 5s...
2025-05-24 11:13:08,864 - WARNING - ⚠️ Tentativa 2: Limite de requisições. Aguardando 10s...
2025-05-24 11:13:23,082 - WARNING - ⚠️ Tentativa 3: Limite de requisições. Aguardando 20s...
2025-05-24 11:13:44,654 - INFO - ✅ Backup criado: BlockBackup-Banco1LinuxTSPlus19_clone070525-BKPAUTCITEL-20250524-1113
2025-05-24 11:13:44,823 - INFO - 
🔍 Processando block volume: Banco4LinuxTSPlus10_clone070525
2025-05-24 11:13:45,098 - INFO - ✅ Backup criado: BlockBackup-Banco4LinuxTSPlus10_clone070525-BKPAUTCITEL-20250524-1113
2025-05-24 11:13:45,670 - INFO - 
🔍 Processando block volume: Banco1LinuxTSPlus20_clone070525
2025-05-24 11:13:45,994 - INFO - ✅ Backup criado: BlockBackup-Banco1LinuxTSPlus20_clone070525-BKPAUTCITEL-20250524-1113
2025-05-24 11:13:46,143 - INFO - 
🔍 Processando block volume: Banco1LinuxTSPlus22_clone070525
2025-05-24 11:13:46,415 - INFO - ✅ Backup criado: BlockBackup-Banco1LinuxTSPlus22_clone070525-BKPAUTCITEL-20250524-1113
2025-05-24 11:13:46,930 - INFO - 
🔍 Processando block volume: Banco3LinuxTSPlus1_clone070525
2025-05-24 11:13:47,052 - WARNING - ⚠️ Tentativa 1: Limite de requisições. Aguardando 5s...
2025-05-24 11:13:54,009 - INFO - ✅ Backup criado: BlockBackup-Banco3LinuxTSPlus1_clone070525-BKPAUTCITEL-20250524-1113
2025-05-24 11:13:54,175 - INFO - 
🔍 Processando block volume: Banco1LinuxTSPlus24_clone070525
2025-05-24 11:13:54,455 - INFO - ✅ Backup criado: BlockBackup-Banco1LinuxTSPlus24_clone070525-BKPAUTCITEL-20250524-1113
2025-05-24 11:13:54,977 - INFO - 
🔍 Processando block volume: Banco3LinuxTSPlus9_clone070525
2025-05-24 11:13:55,270 - INFO - ✅ Backup criado: BlockBackup-Banco3LinuxTSPlus9_clone070525-BKPAUTCITEL-20250524-1113
2025-05-24 11:13:55,786 - INFO - 
🔍 Processando block volume: Banco_PalacioFerramentas_clone070525
2025-05-24 11:13:55,908 - WARNING - ⚠️ Tentativa 1: Limite de requisições. Aguardando 5s...
2025-05-24 11:14:03,716 - INFO - ✅ Backup criado: BlockBackup-Banco_PalacioFerramentas_clone070525-BKPAUTCITEL-20250524-1113
2025-05-24 11:14:04,283 - INFO - 
🔍 Processando block volume: Banco1LinuxTSPlus25_clone070525
2025-05-24 11:14:04,604 - INFO - ✅ Backup criado: BlockBackup-Banco1LinuxTSPlus25_clone070525-BKPAUTCITEL-20250524-1114
2025-05-24 11:14:04,756 - INFO - 
🔍 Processando block volume: Banco1LinuxTSPlus26_clone070525
2025-05-24 11:14:05,062 - INFO - ✅ Backup criado: BlockBackup-Banco1LinuxTSPlus26_clone070525-BKPAUTCITEL-20250524-1114
2025-05-24 11:14:05,588 - INFO - 
🔍 Processando block volume: Banco2LinuxTSPlus12_clone070525
2025-05-24 11:14:05,882 - INFO - ✅ Backup criado: BlockBackup-Banco2LinuxTSPlus12_clone070525-BKPAUTCITEL-20250524-1114
2025-05-24 11:14:06,401 - INFO - 
🔍 Processando block volume: Banco2LinuxTSPlus28_clone070525
2025-05-24 11:14:06,525 - WARNING - ⚠️ Tentativa 1: Limite de requisições. Aguardando 5s...
2025-05-24 11:14:12,319 - INFO - ✅ Backup criado: BlockBackup-Banco2LinuxTSPlus28_clone070525-BKPAUTCITEL-20250524-1114
2025-05-24 11:14:12,861 - INFO - 
🔍 Processando block volume: Banco1LinuxTSPlus29_clone070525
2025-05-24 11:14:13,175 - INFO - ✅ Backup criado: BlockBackup-Banco1LinuxTSPlus29_clone070525-BKPAUTCITEL-20250524-1114
2025-05-24 11:14:13,327 - INFO - 
🔍 Processando block volume: Banco1LinuxTSPlus30_clone070525
2025-05-24 11:14:13,670 - INFO - ✅ Backup criado: BlockBackup-Banco1LinuxTSPlus30_clone070525-BKPAUTCITEL-20250524-1114
2025-05-24 11:14:14,191 - INFO - 
🔍 Processando block volume: Banco3LinuxTSPlus6_clone070525
2025-05-24 11:14:14,313 - WARNING - ⚠️ Tentativa 1: Limite de requisições. Aguardando 5s...
2025-05-24 11:14:23,618 - WARNING - ⚠️ Tentativa 2: Limite de requisições. Aguardando 10s...
2025-05-24 11:14:34,275 - WARNING - ⚠️ Tentativa 3: Limite de requisições. Aguardando 20s...
2025-05-24 11:14:56,172 - INFO - ✅ Backup criado: BlockBackup-Banco3LinuxTSPlus6_clone070525-BKPAUTCITEL-20250524-1114
2025-05-24 11:14:56,328 - INFO - 
🔍 Processando block volume: Banco1LinuxTSPLUS32_clone070525
2025-05-24 11:14:56,627 - INFO - ✅ Backup criado: BlockBackup-Banco1LinuxTSPLUS32_clone070525-BKPAUTCITEL-20250524-1114
2025-05-24 11:14:57,153 - INFO - 
🔍 Processando block volume: Banco1LinuxTSPLUS33_clone070525
2025-05-24 11:14:57,453 - INFO - ✅ Backup criado: BlockBackup-Banco1LinuxTSPLUS33_clone070525-BKPAUTCITEL-20250524-1114
2025-05-24 11:14:58,016 - INFO - 
🔍 Processando block volume: Banco1LinuxTSPLUS34_clone070525
2025-05-24 11:14:58,140 - WARNING - ⚠️ Tentativa 1: Limite de requisições. Aguardando 5s...
2025-05-24 11:15:06,016 - INFO - ✅ Backup criado: BlockBackup-Banco1LinuxTSPLUS34_clone070525-BKPAUTCITEL-20250524-1114
2025-05-24 11:15:06,540 - INFO - 
🔍 Processando block volume: Banco1LinuxTSPLUS36_clone070525
2025-05-24 11:15:06,824 - INFO - ✅ Backup criado: BlockBackup-Banco1LinuxTSPLUS36_clone070525-BKPAUTCITEL-20250524-1115
2025-05-24 11:15:07,357 - INFO - 
🔍 Processando block volume: Banco1LinuxTSPLUS37_clone070525
2025-05-24 11:15:07,658 - INFO - ✅ Backup criado: BlockBackup-Banco1LinuxTSPLUS37_clone070525-BKPAUTCITEL-20250524-1115
2025-05-24 11:15:07,807 - INFO - 
🔍 Processando block volume: Banco1LinuxTSPLUS40_clone070525
2025-05-24 11:15:08,090 - INFO - ✅ Backup criado: BlockBackup-Banco1LinuxTSPLUS40_clone070525-BKPAUTCITEL-20250524-1115
2025-05-24 11:15:08,613 - INFO - 
🔍 Processando block volume: Banco1LinuxTSPLUS41_clone070525
2025-05-24 11:15:08,928 - INFO - ✅ Backup criado: BlockBackup-Banco1LinuxTSPLUS41_clone070525-BKPAUTCITEL-20250524-1115
2025-05-24 11:15:09,456 - INFO - 
🔍 Processando block volume: Banco3LinuxBR5_clone070525
2025-05-24 11:15:09,579 - WARNING - ⚠️ Tentativa 1: Limite de requisições. Aguardando 5s...
2025-05-24 11:15:19,485 - WARNING - ⚠️ Tentativa 2: Limite de requisições. Aguardando 10s...
2025-05-24 11:15:30,782 - INFO - ✅ Backup criado: BlockBackup-Banco3LinuxBR5_clone070525-BKPAUTCITEL-20250524-1115
2025-05-24 11:15:30,950 - INFO - 
🔍 Processando block volume: Banco1LinuxTSPLUS43_clone070525
2025-05-24 11:15:31,252 - INFO - ✅ Backup criado: BlockBackup-Banco1LinuxTSPLUS43_clone070525-BKPAUTCITEL-20250524-1115
2025-05-24 11:15:31,799 - INFO - 
🔍 Processando block volume: Banco1LinuxTSPlus11_clone070525
2025-05-24 11:15:32,122 - INFO - ✅ Backup criado: BlockBackup-Banco1LinuxTSPlus11_clone070525-BKPAUTCITEL-20250524-1115
2025-05-24 11:15:32,650 - INFO - 
🔍 Processando block volume: Banco2LinuxTSPLUS65_clone070525
2025-05-24 11:15:32,772 - WARNING - ⚠️ Tentativa 1: Limite de requisições. Aguardando 5s...
2025-05-24 11:15:41,449 - WARNING - ⚠️ Tentativa 2: Limite de requisições. Aguardando 10s...
2025-05-24 11:15:53,392 - WARNING - ⚠️ Tentativa 3: Limite de requisições. Aguardando 20s...
2025-05-24 11:16:14,580 - INFO - ✅ Backup criado: BlockBackup-Banco2LinuxTSPLUS65_clone070525-BKPAUTCITEL-20250524-1115
2025-05-24 11:16:15,113 - INFO - 
🔍 Processando block volume: Banco2LinuxTSPlus17_clone070525
2025-05-24 11:16:15,395 - INFO - ✅ Backup criado: BlockBackup-Banco2LinuxTSPlus17_clone070525-BKPAUTCITEL-20250524-1116
2025-05-24 11:16:15,929 - INFO - 
🔍 Processando block volume: Banco3LinuxTSPlus8_clone070525
2025-05-24 11:16:16,254 - INFO - ✅ Backup criado: BlockBackup-Banco3LinuxTSPlus8_clone070525-BKPAUTCITEL-20250524-1116
2025-05-24 11:16:16,783 - INFO - 
🔍 Processando block volume: Banco 1 OracleBr48_clone070525
2025-05-24 11:16:17,085 - INFO - ✅ Backup criado: BlockBackup-Banco 1 OracleBr48_clone070525-BKPAUTCITEL-20250524-1116
2025-05-24 11:16:17,600 - INFO - 
🔍 Processando block volume: Banco5LinuxTSPlus10_clone070525
2025-05-24 11:16:17,722 - WARNING - ⚠️ Tentativa 1: Limite de requisições. Aguardando 5s...
2025-05-24 11:16:23,367 - INFO - ✅ Backup criado: BlockBackup-Banco5LinuxTSPlus10_clone070525-BKPAUTCITEL-20250524-1116
2025-05-24 11:16:23,932 - INFO - 
🔍 Processando block volume: Banco1LinuxTSPlus50_clone070525
2025-05-24 11:16:24,238 - INFO - ✅ Backup criado: BlockBackup-Banco1LinuxTSPlus50_clone070525-BKPAUTCITEL-20250524-1116
2025-05-24 11:16:24,772 - INFO - 
🔍 Processando block volume: Banco2LinuxTSPlus20_clone070525
2025-05-24 11:16:25,093 - INFO - ✅ Backup criado: BlockBackup-Banco2LinuxTSPlus20_clone070525-BKPAUTCITEL-20250524-1116
2025-05-24 11:16:25,633 - INFO - 
🔍 Processando block volume: BancoPRODBelaTintas_clone070525
2025-05-24 11:16:25,759 - WARNING - ⚠️ Tentativa 1: Limite de requisições. Aguardando 5s...
2025-05-24 11:16:34,449 - WARNING - ⚠️ Tentativa 2: Limite de requisições. Aguardando 10s...
2025-05-24 11:16:46,934 - INFO - ✅ Backup criado: BlockBackup-BancoPRODBelaTintas_clone070525-BKPAUTCITEL-20250524-1116
2025-05-24 11:16:47,453 - INFO - 
🔍 Processando block volume: BancoPRODJRPais_clone070525
2025-05-24 11:16:47,577 - WARNING - ⚠️ Tentativa 1: Limite de requisições. Aguardando 5s...
2025-05-24 11:16:53,644 - WARNING - ⚠️ Tentativa 2: Limite de requisições. Aguardando 10s...
2025-05-24 11:17:06,715 - INFO - ✅ Backup criado: BlockBackup-BancoPRODJRPais_clone070525-BKPAUTCITEL-20250524-1116
2025-05-24 11:17:07,239 - INFO - 
🔍 Processando block volume: Banco3LinuxTSPlus7_clone070525
2025-05-24 11:17:07,362 - WARNING - ⚠️ Tentativa 1: Limite de requisições. Aguardando 5s...
2025-05-24 11:17:15,397 - INFO - ✅ Backup criado: BlockBackup-Banco3LinuxTSPlus7_clone070525-BKPAUTCITEL-20250524-1117
2025-05-24 11:17:15,965 - INFO - 
🔍 Processando block volume: Banco1BR55_clone070525
2025-05-24 11:17:16,254 - INFO - ✅ Backup criado: BlockBackup-Banco1BR55_clone070525-BKPAUTCITEL-20250524-1117
2025-05-24 11:17:16,791 - INFO - 
🔍 Processando block volume: BancoLinux59_clone070525
2025-05-24 11:17:17,093 - INFO - ✅ Backup criado: BlockBackup-BancoLinux59_clone070525-BKPAUTCITEL-20250524-1117
2025-05-24 11:17:17,243 - INFO - 
🔍 Processando block volume: Banco2LinuxBR21_clone070525
2025-05-24 11:17:17,533 - INFO - ✅ Backup criado: BlockBackup-Banco2LinuxBR21_clone070525-BKPAUTCITEL-20250524-1117
2025-05-24 11:17:18,080 - INFO - 
🔍 Processando block volume: Banco2Linux59_clone070525
2025-05-24 11:17:18,380 - INFO - ✅ Backup criado: BlockBackup-Banco2Linux59_clone070525-BKPAUTCITEL-20250524-1117
2025-05-24 11:17:18,926 - INFO - 
🔍 Processando block volume: Banco2BR24_clone070525
2025-05-24 11:17:19,221 - INFO - ✅ Backup criado: BlockBackup-Banco2BR24_clone070525-BKPAUTCITEL-20250524-1117
2025-05-24 11:17:19,766 - INFO - 
🔍 Processando block volume: Banco2BR33_clone070525
2025-05-24 11:17:20,070 - INFO - ✅ Backup criado: BlockBackup-Banco2BR33_clone070525-BKPAUTCITEL-20250524-1117
2025-05-24 11:17:20,591 - INFO - 
🔍 Processando block volume: Banco1LinuxTSPLUS65_clone070525
2025-05-24 11:17:20,714 - WARNING - ⚠️ Tentativa 1: Limite de requisições. Aguardando 5s...
2025-05-24 11:17:30,168 - WARNING - ⚠️ Tentativa 2: Limite de requisições. Aguardando 10s...
2025-05-24 11:17:45,145 - INFO - ✅ Backup criado: BlockBackup-Banco1LinuxTSPLUS65_clone070525-BKPAUTCITEL-20250524-1117
2025-05-24 11:17:45,678 - INFO - 
🔍 Processando block volume: BancoBR_72_clone070525
2025-05-24 11:17:45,981 - INFO - ✅ Backup criado: BlockBackup-BancoBR_72_clone070525-BKPAUTCITEL-20250524-1117
2025-05-24 11:17:46,512 - INFO - 
🔍 Processando block volume: Banco1LinuxTSPlus18_clone070525
2025-05-24 11:17:46,802 - INFO - ✅ Backup criado: BlockBackup-Banco1LinuxTSPlus18_clone070525-BKPAUTCITEL-20250524-1117
2025-05-24 11:17:47,327 - INFO - 
🔍 Processando block volume: LinuxDataBelaTintas_clone070525
2025-05-24 11:17:47,449 - WARNING - ⚠️ Tentativa 1: Limite de requisições. Aguardando 5s...
2025-05-24 11:17:55,091 - INFO - ✅ Backup criado: BlockBackup-LinuxDataBelaTintas_clone070525-BKPAUTCITEL-20250524-1117
2025-05-24 11:17:55,630 - INFO - 
🔍 Processando block volume: Banco2LinuxTSPlus22_clone070525
2025-05-24 11:17:55,914 - INFO - ✅ Backup criado: BlockBackup-Banco2LinuxTSPlus22_clone070525-BKPAUTCITEL-20250524-1117
2025-05-24 11:17:56,452 - INFO - 
🔍 Processando block volume: Banco2LinuxTSPLUS32_clone070525
2025-05-24 11:17:56,730 - INFO - ✅ Backup criado: BlockBackup-Banco2LinuxTSPLUS32_clone070525-BKPAUTCITEL-20250524-1117
2025-05-24 11:17:57,254 - INFO - 
🔍 Processando block volume: Bancos2_BR29_clone070525
2025-05-24 11:17:57,534 - INFO - ✅ Backup criado: BlockBackup-Bancos2_BR29_clone070525-BKPAUTCITEL-20250524-1117
2025-05-24 11:17:58,044 - INFO - 
🔍 Processando block volume: Bancos4_BR9_clone070525
2025-05-24 11:17:58,167 - WARNING - ⚠️ Tentativa 1: Limite de requisições. Aguardando 5s...
2025-05-24 11:18:08,246 - INFO - ✅ Backup criado: BlockBackup-Bancos4_BR9_clone070525-BKPAUTCITEL-20250524-1117
2025-05-24 11:18:08,788 - INFO - 
🔍 Processando block volume: Bancos3_BR12_clone070525
2025-05-24 11:18:08,912 - WARNING - ⚠️ Tentativa 1: Limite de requisições. Aguardando 5s...
2025-05-24 11:18:16,437 - INFO - ✅ Backup criado: BlockBackup-Bancos3_BR12_clone070525-BKPAUTCITEL-20250524-1118
2025-05-24 11:18:16,966 - INFO - 
🔍 Processando block volume: Bancos2_BR34_clone070525
2025-05-24 11:18:17,236 - INFO - ✅ Backup criado: BlockBackup-Bancos2_BR34_clone070525-BKPAUTCITEL-20250524-1118
2025-05-24 11:18:17,758 - INFO - 
🔍 Processando block volume: Bancos3_BR29_clone070525
2025-05-24 11:18:18,015 - INFO - ✅ Backup criado: BlockBackup-Bancos3_BR29_clone070525-BKPAUTCITEL-20250524-1118
2025-05-24 11:18:18,548 - INFO - 
🔍 Processando block volume: Banco3_BR7_clone070525
2025-05-24 11:18:18,833 - INFO - ✅ Backup criado: BlockBackup-Banco3_BR7_clone070525-BKPAUTCITEL-20250524-1118
2025-05-24 11:18:19,388 - INFO - 
🔍 Processando block volume: Bancos2_BR02_clone070525
2025-05-24 11:18:19,510 - WARNING - ⚠️ Tentativa 1: Limite de requisições. Aguardando 5s...
2025-05-24 11:18:25,849 - WARNING - ⚠️ Tentativa 2: Limite de requisições. Aguardando 10s...
2025-05-24 11:18:37,104 - INFO - ✅ Backup criado: BlockBackup-Bancos2_BR02_clone070525-BKPAUTCITEL-20250524-1118
2025-05-24 11:18:37,623 - INFO - 
🔍 Processando block volume: Bancos4_BR18_clone070525
2025-05-24 11:18:37,914 - INFO - ✅ Backup criado: BlockBackup-Bancos4_BR18_clone070525-BKPAUTCITEL-20250524-1118
2025-05-24 11:18:38,441 - INFO - 
🔍 Processando block volume: Bancos4_BR01_clone070525
2025-05-24 11:18:38,564 - WARNING - ⚠️ Tentativa 1: Limite de requisições. Aguardando 5s...
2025-05-24 11:18:45,834 - INFO - ✅ Backup criado: BlockBackup-Bancos4_BR01_clone070525-BKPAUTCITEL-20250524-1118
2025-05-24 11:18:46,362 - INFO - 
🔍 Processando block volume: Bancos3_BR13_clone070525
2025-05-24 11:18:46,643 - INFO - ✅ Backup criado: BlockBackup-Bancos3_BR13_clone070525-BKPAUTCITEL-20250524-1118
2025-05-24 11:18:47,167 - INFO - 
🔍 Processando block volume: Banco3_BR4_clone070525
2025-05-24 11:18:47,459 - INFO - ✅ Backup criado: BlockBackup-Banco3_BR4_clone070525-BKPAUTCITEL-20250524-1118
2025-05-24 11:18:47,991 - INFO - 
🔍 Processando block volume: Banco2LinuxTSPlus16_clone070525
2025-05-24 11:18:48,385 - INFO - ✅ Backup criado: BlockBackup-Banco2LinuxTSPlus16_clone070525-BKPAUTCITEL-20250524-1118
2025-05-24 11:18:48,913 - INFO - 
🔍 Processando block volume: BKO Palacio TKT 651385_clone070525
2025-05-24 11:18:49,037 - WARNING - ⚠️ Tentativa 1: Limite de requisições. Aguardando 5s...
2025-05-24 11:18:57,968 - INFO - ✅ Backup criado: BlockBackup-BKO Palacio TKT 651385_clone070525-BKPAUTCITEL-20250524-1118
2025-05-24 11:18:58,486 - INFO - 
🔍 Processando block volume: Banco4LinuxTSPlus6_clone070525
2025-05-24 11:18:58,744 - INFO - ✅ Backup criado: BlockBackup-Banco4LinuxTSPlus6_clone070525-BKPAUTCITEL-20250524-1118
2025-05-24 11:18:59,277 - INFO - 
🔍 Processando block volume: Banco2BR_72_clone070525
2025-05-24 11:18:59,591 - INFO - ✅ Backup criado: BlockBackup-Banco2BR_72_clone070525-BKPAUTCITEL-20250524-1118
2025-05-24 11:19:00,128 - INFO - 
🔍 Processando block volume: Bancos3_BR25_clone070525
2025-05-24 11:19:00,250 - WARNING - ⚠️ Tentativa 1: Limite de requisições. Aguardando 5s...
2025-05-24 11:19:08,573 - INFO - ✅ Backup criado: BlockBackup-Bancos3_BR25_clone070525-BKPAUTCITEL-20250524-1119
2025-05-24 11:19:09,102 - INFO - 
🔍 Processando block volume: bancos3_BR28_clone070525
2025-05-24 11:19:09,225 - WARNING - ⚠️ Tentativa 1: Limite de requisições. Aguardando 5s...
2025-05-24 11:19:19,412 - INFO - ✅ Backup criado: BlockBackup-bancos3_BR28_clone070525-BKPAUTCITEL-20250524-1119
2025-05-24 11:19:19,951 - INFO - 
🔍 Processando block volume: GeB_clone070525
2025-05-24 11:19:20,233 - INFO - ✅ Backup criado: BlockBackup-GeB_clone070525-BKPAUTCITEL-20250524-1119
2025-05-24 11:19:20,772 - INFO - 
🔍 Processando block volume: Banco3_BR20_clone070525
2025-05-24 11:19:20,895 - WARNING - ⚠️ Tentativa 1: Limite de requisições. Aguardando 5s...
2025-05-24 11:19:29,414 - INFO - ✅ Backup criado: BlockBackup-Banco3_BR20_clone070525-BKPAUTCITEL-20250524-1119
2025-05-24 11:19:29,968 - INFO - 
🔍 Processando block volume: Bancos3_BR34_clone070525
2025-05-24 11:19:30,321 - INFO - ✅ Backup criado: BlockBackup-Bancos3_BR34_clone070525-BKPAUTCITEL-20250524-1119
2025-05-24 11:19:30,846 - INFO - 
🔍 Processando block volume: Banco_Darka_clone070525
2025-05-24 11:19:31,247 - INFO - ✅ Backup criado: BlockBackup-Banco_Darka_clone070525-BKPAUTCITEL-20250524-1119
2025-05-24 11:19:31,787 - INFO - 
🔍 Processando block volume: Banco4LinuxTSPlus7_clone070525
2025-05-24 11:19:31,911 - WARNING - ⚠️ Tentativa 1: Limite de requisições. Aguardando 5s...
2025-05-24 11:19:39,390 - INFO - ✅ Backup criado: BlockBackup-Banco4LinuxTSPlus7_clone070525-BKPAUTCITEL-20250524-1119
2025-05-24 11:19:39,938 - INFO - 
🔍 Processando block volume: Banco4LinuxTSPlus20_clone070525
2025-05-24 11:19:40,062 - WARNING - ⚠️ Tentativa 1: Limite de requisições. Aguardando 5s...
2025-05-24 11:19:47,852 - INFO - ✅ Backup criado: BlockBackup-Banco4LinuxTSPlus20_clone070525-BKPAUTCITEL-20250524-1119
2025-05-24 11:19:48,380 - INFO - 
🔍 Processando block volume: Bancos4_BR13_clone070525
2025-05-24 11:19:48,669 - INFO - ✅ Backup criado: BlockBackup-Bancos4_BR13_clone070525-BKPAUTCITEL-20250524-1119
2025-05-24 11:19:49,219 - INFO - 
🔍 Processando block volume: Banco2LinuxTSPLUS37_clone070525
2025-05-24 11:19:49,343 - WARNING - ⚠️ Tentativa 1: Limite de requisições. Aguardando 5s...
2025-05-24 11:19:58,382 - WARNING - ⚠️ Tentativa 2: Limite de requisições. Aguardando 10s...
2025-05-24 11:20:12,627 - WARNING - ⚠️ Tentativa 3: Limite de requisições. Aguardando 20s...
2025-05-24 11:20:35,199 - INFO - ✅ Backup criado: BlockBackup-Banco2LinuxTSPLUS37_clone070525-BKPAUTCITEL-20250524-1119
2025-05-24 11:20:35,766 - INFO - 
🔍 Processando block volume: BackupGeB_clone070525
2025-05-24 11:20:36,059 - INFO - ✅ Backup criado: BlockBackup-BackupGeB_clone070525-BKPAUTCITEL-20250524-1120
2025-05-24 11:20:36,633 - INFO - 
🔍 Processando block volume: BancoGeB_clone070525
2025-05-24 11:20:36,912 - INFO - ✅ Backup criado: BlockBackup-BancoGeB_clone070525-BKPAUTCITEL-20250524-1120
2025-05-24 11:20:37,436 - INFO - 
🔍 Processando block volume: Banco3BR55_clone070525
2025-05-24 11:20:37,566 - WARNING - ⚠️ Tentativa 1: Limite de requisições. Aguardando 5s...
2025-05-24 11:20:43,789 - INFO - ✅ Backup criado: BlockBackup-Banco3BR55_clone070525-BKPAUTCITEL-20250524-1120
2025-05-24 11:20:44,316 - INFO - 
🔍 Processando block volume: Bancos5_BR1_clone070525
2025-05-24 11:20:44,608 - INFO - ✅ Backup criado: BlockBackup-Bancos5_BR1_clone070525-BKPAUTCITEL-20250524-1120
2025-05-24 11:20:45,136 - INFO - 
🔍 Processando block volume: Banco3LinuxTSPlus19_clone070525
2025-05-24 11:20:45,400 - INFO - ✅ Backup criado: BlockBackup-Banco3LinuxTSPlus19_clone070525-BKPAUTCITEL-20250524-1120
2025-05-24 11:20:45,924 - INFO - 
🔍 Processando block volume: BackupCoresVivas TKT 902822_clone070525
2025-05-24 11:20:46,046 - WARNING - ⚠️ Tentativa 1: Limite de requisições. Aguardando 5s...
2025-05-24 11:20:55,590 - INFO - ✅ Backup criado: BlockBackup-BackupCoresVivas TKT 902822_clone070525-BKPAUTCITEL-20250524-1120
2025-05-24 11:20:56,155 - INFO - 
🔍 Processando block volume: bkpBoomerVinicius_clone070525
2025-05-24 11:20:56,277 - WARNING - ⚠️ Tentativa 1: Limite de requisições. Aguardando 5s...
2025-05-24 11:21:06,033 - INFO - ✅ Backup criado: BlockBackup-bkpBoomerVinicius_clone070525-BKPAUTCITEL-20250524-1120
2025-05-24 11:21:06,556 - INFO - 
🔍 Processando block volume: GeB2_clone070525
2025-05-24 11:21:06,856 - INFO - ✅ Backup criado: BlockBackup-GeB2_clone070525-BKPAUTCITEL-20250524-1121
2025-05-24 11:21:07,378 - INFO - 
🔍 Processando block volume: bkpParque1014464_clone070525
2025-05-24 11:21:07,501 - WARNING - ⚠️ Tentativa 1: Limite de requisições. Aguardando 5s...
2025-05-24 11:21:18,045 - INFO - ✅ Backup criado: BlockBackup-bkpParque1014464_clone070525-BKPAUTCITEL-20250524-1121
2025-05-24 11:21:18,574 - INFO - 
🔍 Processando block volume: bkpPedrao1020442_clone070525
2025-05-24 11:21:18,697 - WARNING - ⚠️ Tentativa 1: Limite de requisições. Aguardando 5s...
2025-05-24 11:21:25,172 - WARNING - ⚠️ Tentativa 2: Limite de requisições. Aguardando 10s...
2025-05-24 11:21:36,314 - INFO - ✅ Backup criado: BlockBackup-bkpPedrao1020442_clone070525-BKPAUTCITEL-20250524-1121
2025-05-24 11:21:36,842 - INFO - 
🔍 Processando block volume: Backup_BR34_1031161_clone070525
2025-05-24 11:21:36,966 - WARNING - ⚠️ Tentativa 1: Limite de requisições. Aguardando 5s...
2025-05-24 11:21:42,544 - WARNING - ⚠️ Tentativa 2: Limite de requisições. Aguardando 10s...
2025-05-24 11:21:54,988 - INFO - ✅ Backup criado: BlockBackup-Backup_BR34_1031161_clone070525-BKPAUTCITEL-20250524-1121
2025-05-24 11:21:55,513 - INFO - 
🔍 Processando block volume: Banco3LinuxTSPLUS65_clone070525
2025-05-24 11:21:55,790 - INFO - ✅ Backup criado: BlockBackup-Banco3LinuxTSPLUS65_clone070525-BKPAUTCITEL-20250524-1121
2025-05-24 11:21:56,336 - INFO - 
🔍 Processando block volume: Banco3LinuxTSPlus22_clone070525
2025-05-24 11:21:56,459 - WARNING - ⚠️ Tentativa 1: Limite de requisições. Aguardando 5s...
2025-05-24 11:22:02,675 - INFO - ✅ Backup criado: BlockBackup-Banco3LinuxTSPlus22_clone070525-BKPAUTCITEL-20250524-1121
2025-05-24 11:22:02,839 - INFO - 
🔍 Processando block volume: BinariosLinuxTSPLUS65_clone070525
2025-05-24 11:22:03,146 - INFO - ✅ Backup criado: BlockBackup-BinariosLinuxTSPLUS65_clone070525-BKPAUTCITEL-20250524-1122
2025-05-24 11:22:03,673 - INFO - 
🔍 Processando block volume: GeB BancoTeste tkt 1048932_clone070525
2025-05-24 11:22:04,001 - INFO - ✅ Backup criado: BlockBackup-GeB BancoTeste tkt 1048932_clone070525-BKPAUTCITEL-20250524-1122
2025-05-24 11:22:04,534 - INFO - 
🔍 Processando block volume: Banco2LinuxTSPlus19_BelaTintas_clone070525
2025-05-24 11:22:04,828 - INFO - ✅ Backup criado: BlockBackup-Banco2LinuxTSPlus19_BelaTintas_clone070525-BKPAUTCITEL-20250524-1122
2025-05-24 11:22:05,345 - INFO - 
🔍 Processando block volume: Banco1LinuxTSPlus11_clone2904_clone070525
2025-05-24 11:22:05,468 - WARNING - ⚠️ Tentativa 1: Limite de requisições. Aguardando 5s...
2025-05-24 11:22:14,207 - WARNING - ⚠️ Tentativa 2: Limite de requisições. Aguardando 10s...
2025-05-24 11:22:25,244 - WARNING - ⚠️ Tentativa 3: Limite de requisições. Aguardando 20s...
2025-05-24 11:22:49,377 - INFO - ✅ Backup criado: BlockBackup-Banco1LinuxTSPlus11_clone2904_clone070525-BKPAUTCITEL-20250524-1122
2025-05-24 11:22:49,903 - INFO - 
🔍 Processando block volume: LinuxTSPlus11_BancoPRODJRPais_clone2904_clone070525
2025-05-24 11:22:50,027 - WARNING - ⚠️ Tentativa 1: Limite de requisições. Aguardando 5s...
2025-05-24 11:22:59,353 - INFO - ✅ Backup criado: BlockBackup-LinuxTSPlus11_BancoPRODJRPais_clone2904_clone070525-BKPAUTCITEL-20250524-1122
2025-05-24 11:22:59,898 - INFO - 
🔍 Processando block volume: LinuxTSPlus30_Banco1LinuxTSPlus30_clone2904_clone070525
2025-05-24 11:23:00,188 - INFO - ✅ Backup criado: BlockBackup-LinuxTSPlus30_Banco1LinuxTSPlus30_clone2904_clone070525-BKPAUTCITEL-20250524-1122
2025-05-24 11:23:00,714 - INFO - 
🔍 Processando block volume: Banco-1-LinuxData012_clone070525
2025-05-24 11:23:01,001 - INFO - ✅ Backup criado: BlockBackup-Banco-1-LinuxData012_clone070525-BKPAUTCITEL-20250524-1123
2025-05-24 11:23:01,529 - INFO - 
🔍 Processando block volume: Banco2-LinuxData012_clone070525
2025-05-24 11:23:01,808 - INFO - ✅ Backup criado: BlockBackup-Banco2-LinuxData012_clone070525-BKPAUTCITEL-20250524-1123
2025-05-24 11:23:02,332 - INFO - 
🔍 Processando block volume: Banco3-LinuxData012_clone070525
2025-05-24 11:23:02,642 - INFO - ✅ Backup criado: BlockBackup-Banco3-LinuxData012_clone070525-BKPAUTCITEL-20250524-1123
2025-05-24 11:23:03,158 - INFO - 
🔍 Processando block volume: LinuxTSPlus10_BKOPalacioTKT651385_clone2904_clone070525
2025-05-24 11:23:03,281 - WARNING - ⚠️ Tentativa 1: Limite de requisições. Aguardando 5s...
2025-05-24 11:23:12,351 - INFO - ✅ Backup criado: BlockBackup-LinuxTSPlus10_BKOPalacioTKT651385_clone2904_clone070525-BKPAUTCITEL-20250524-1123
2025-05-24 11:23:12,881 - INFO - 
🔍 Processando block volume: LinuxTSPlus10_Banco4LinuxTSPlus10_clone2904_clone070525
2025-05-24 11:23:13,157 - INFO - ✅ Backup criado: BlockBackup-LinuxTSPlus10_Banco4LinuxTSPlus10_clone2904_clone070525-BKPAUTCITEL-20250524-1123
2025-05-24 11:23:13,682 - INFO - 
🔍 Processando block volume: LinuxTSPlus10_Banco5LinuxTSPlus10_clone2904_clone070525
2025-05-24 11:23:14,014 - INFO - ✅ Backup criado: BlockBackup-LinuxTSPlus10_Banco5LinuxTSPlus10_clone2904_clone070525-BKPAUTCITEL-20250524-1123
2025-05-24 11:23:14,541 - INFO - 
🔍 Processando block volume: LinuxTSPlus10_GeB_clone2904_clone070525
2025-05-24 11:23:14,864 - INFO - ✅ Backup criado: BlockBackup-LinuxTSPlus10_GeB_clone2904_clone070525-BKPAUTCITEL-20250524-1123
2025-05-24 11:23:15,401 - INFO - 
🔍 Processando block volume: LinuxTSPlus55_Banco1BR55_clone2904_clone070525
2025-05-24 11:23:15,524 - WARNING - ⚠️ Tentativa 1: Limite de requisições. Aguardando 5s...
2025-05-24 11:23:24,941 - WARNING - ⚠️ Tentativa 2: Limite de requisições. Aguardando 10s...
2025-05-24 11:23:37,531 - INFO - ✅ Backup criado: BlockBackup-LinuxTSPlus55_Banco1BR55_clone2904_clone070525-BKPAUTCITEL-20250524-1123
2025-05-24 11:23:38,066 - INFO - 
🔍 Processando block volume: LinuxTSPlus55_Banco3BR55_clone2904_clone070525
2025-05-24 11:23:38,343 - INFO - ✅ Backup criado: BlockBackup-LinuxTSPlus55_Banco3BR55_clone2904_clone070525-BKPAUTCITEL-20250524-1123
2025-05-24 11:23:38,895 - INFO - 
🔍 Processando block volume: LinuxTSPlus65_Banco1LinuxTSPLUS65_clone2904_clone070525
2025-05-24 11:23:39,018 - WARNING - ⚠️ Tentativa 1: Limite de requisições. Aguardando 5s...
2025-05-24 11:23:49,144 - INFO - ✅ Backup criado: BlockBackup-LinuxTSPlus65_Banco1LinuxTSPLUS65_clone2904_clone070525-BKPAUTCITEL-20250524-1123
2025-05-24 11:23:49,705 - INFO - 
🔍 Processando block volume: LinuxTSPlus65_Banco2LinuxTSPLUS65_clone2904_clone070525
2025-05-24 11:23:50,021 - INFO - ✅ Backup criado: BlockBackup-LinuxTSPlus65_Banco2LinuxTSPLUS65_clone2904_clone070525-BKPAUTCITEL-20250524-1123
2025-05-24 11:23:50,544 - INFO - 
🔍 Processando block volume: LinuxTSPlus65_Banco3LinuxTSPLUS65_clone2904_clone070525
2025-05-24 11:23:50,862 - INFO - ✅ Backup criado: BlockBackup-LinuxTSPlus65_Banco3LinuxTSPLUS65_clone2904_clone070525-BKPAUTCITEL-20250524-1123
2025-05-24 11:23:51,390 - INFO - 
🔍 Processando block volume: LinuxTSPlus65_BinariosLinuxTSPLUS65_clone2904_clone070525
2025-05-24 11:23:51,707 - INFO - ✅ Backup criado: BlockBackup-LinuxTSPlus65_BinariosLinuxTSPLUS65_clone2904_clone070525-BKPAUTCITEL-20250524-1123
2025-05-24 11:23:52,228 - INFO - 
🔍 Processando block volume: LinuxTSPlus28_Banco2LinuxTSPlus28_clone2904_clone070525
2025-05-24 11:23:52,525 - INFO - ✅ Backup criado: BlockBackup-LinuxTSPlus28_Banco2LinuxTSPlus28_clone2904_clone070525-BKPAUTCITEL-20250524-1123
2025-05-24 11:23:53,057 - INFO - 
🔍 Processando block volume: LinuxTSPlus28_bancos3_BR28_clone2904_clone070525
2025-05-24 11:23:53,335 - INFO - ✅ Backup criado: BlockBackup-LinuxTSPlus28_bancos3_BR28_clone2904_clone070525-BKPAUTCITEL-20250524-1123
2025-05-24 11:23:53,861 - INFO - 
🔍 Processando block volume: LinuxTSPlus29_Banco1LinuxTSPlus29_clone2904_clone070525
2025-05-24 11:23:53,984 - WARNING - ⚠️ Tentativa 1: Limite de requisições. Aguardando 5s...
2025-05-24 11:23:59,628 - INFO - ✅ Backup criado: BlockBackup-LinuxTSPlus29_Banco1LinuxTSPlus29_clone2904_clone070525-BKPAUTCITEL-20250524-1123
2025-05-24 11:24:00,160 - INFO - 
🔍 Processando block volume: LinuxTSPlus29_Bancos2_BR29_clone2904_clone070525
2025-05-24 11:24:00,438 - INFO - ✅ Backup criado: BlockBackup-LinuxTSPlus29_Bancos2_BR29_clone2904_clone070525-BKPAUTCITEL-20250524-1124
2025-05-24 11:24:00,965 - INFO - 
🔍 Processando block volume: LinuxTSPlus29_Bancos3_BR29_clone2904_clone070525
2025-05-24 11:24:01,267 - INFO - ✅ Backup criado: BlockBackup-LinuxTSPlus29_Bancos3_BR29_clone2904_clone070525-BKPAUTCITEL-20250524-1124
2025-05-24 11:24:01,784 - INFO - 
🔍 Processando block volume: LinuxTSPlus72_Banco2BR_72_clone2904_clone070525
2025-05-24 11:24:01,906 - WARNING - ⚠️ Tentativa 1: Limite de requisições. Aguardando 5s...
2025-05-24 11:24:10,270 - WARNING - ⚠️ Tentativa 2: Limite de requisições. Aguardando 10s...
2025-05-24 11:24:23,489 - INFO - ✅ Backup criado: BlockBackup-LinuxTSPlus72_Banco2BR_72_clone2904_clone070525-BKPAUTCITEL-20250524-1124
2025-05-24 11:24:24,017 - INFO - 
🔍 Processando block volume: LinuxTSPlus72_BancoBR_clone2904_clone070525
2025-05-24 11:24:24,142 - WARNING - ⚠️ Tentativa 1: Limite de requisições. Aguardando 5s...
2025-05-24 11:24:34,855 - INFO - ✅ Backup criado: BlockBackup-LinuxTSPlus72_BancoBR_clone2904_clone070525-BKPAUTCITEL-20250524-1124
2025-05-24 11:24:35,392 - INFO - 
🔍 Processando block volume: LinuxTSPlus43_Banco1LinuxTSPLUS43_clone2904_clone070525
2025-05-24 11:24:35,728 - INFO - ✅ Backup criado: BlockBackup-LinuxTSPlus43_Banco1LinuxTSPLUS43_clone2904_clone070525-BKPAUTCITEL-20250524-1124
2025-05-24 11:24:36,265 - INFO - 
🔍 Processando block volume: LinuxTSPlus43_HD4-LinuxDBA_clone2904_clone070525
2025-05-24 11:24:36,549 - INFO - ✅ Backup criado: BlockBackup-LinuxTSPlus43_HD4-LinuxDBA_clone2904_clone070525-BKPAUTCITEL-20250524-1124
2025-05-24 11:24:37,076 - INFO - 
🔍 Processando block volume: LinuxTSPlus50_Banco1LinuxTSPlus50_clone2904_clone070525
2025-05-24 11:24:37,210 - WARNING - ⚠️ Tentativa 1: Limite de requisições. Aguardando 5s...
2025-05-24 11:24:43,472 - INFO - ✅ Backup criado: BlockBackup-LinuxTSPlus50_Banco1LinuxTSPlus50_clone2904_clone070525-BKPAUTCITEL-20250524-1124
2025-05-24 11:24:44,009 - INFO - 
🔍 Processando block volume: LinuxTSPlus37_Banco1LinuxTSPLUS37_clone2904_clone070525
2025-05-24 11:24:44,134 - WARNING - ⚠️ Tentativa 1: Limite de requisições. Aguardando 5s...
2025-05-24 11:24:53,805 - INFO - ✅ Backup criado: BlockBackup-LinuxTSPlus37_Banco1LinuxTSPLUS37_clone2904_clone070525-BKPAUTCITEL-20250524-1124
2025-05-24 11:24:54,349 - INFO - 
🔍 Processando block volume: LinuxTSPlus37_Banco2LinuxTSPLUS37_clone2904_clone070525
2025-05-24 11:24:54,472 - WARNING - ⚠️ Tentativa 1: Limite de requisições. Aguardando 5s...
2025-05-24 11:25:02,196 - INFO - ✅ Backup criado: BlockBackup-LinuxTSPlus37_Banco2LinuxTSPLUS37_clone2904_clone070525-BKPAUTCITEL-20250524-1124
2025-05-24 11:25:02,722 - INFO - 
🔍 Processando block volume: LinuxTSPlus37_Banco1LinuxTSPLUS40_clone2904_clone070525
2025-05-24 11:25:03,021 - INFO - ✅ Backup criado: BlockBackup-LinuxTSPlus37_Banco1LinuxTSPLUS40_clone2904_clone070525-BKPAUTCITEL-20250524-1125
2025-05-24 11:25:03,545 - INFO - 
🔍 Processando block volume: LinuxTSPlus32_Banco1LinuxTSPLUS32_clone2904_clone070525
2025-05-24 11:25:03,822 - INFO - ✅ Backup criado: BlockBackup-LinuxTSPlus32_Banco1LinuxTSPLUS32_clone2904_clone070525-BKPAUTCITEL-20250524-1125
2025-05-24 11:25:04,346 - INFO - 
🔍 Processando block volume: LinuxTSPlus32_Banco2LinuxTSPLUS32_clone2904_clone070525
2025-05-24 11:25:04,469 - WARNING - ⚠️ Tentativa 1: Limite de requisições. Aguardando 5s...
2025-05-24 11:25:13,661 - WARNING - ⚠️ Tentativa 2: Limite de requisições. Aguardando 10s...
2025-05-24 11:25:27,028 - WARNING - ⚠️ Tentativa 3: Limite de requisições. Aguardando 20s...
2025-05-24 11:25:50,568 - INFO - ✅ Backup criado: BlockBackup-LinuxTSPlus32_Banco2LinuxTSPLUS32_clone2904_clone070525-BKPAUTCITEL-20250524-1125
2025-05-24 11:25:51,108 - INFO - 
🔍 Processando block volume: LinuxTSPlus2_Banco1LinuxTSPlus2_clone2904_clone070525
2025-05-24 11:25:51,411 - INFO - ✅ Backup criado: BlockBackup-LinuxTSPlus2_Banco1LinuxTSPlus2_clone2904_clone070525-BKPAUTCITEL-20250524-1125
2025-05-24 11:25:51,939 - INFO - 
🔍 Processando block volume: LinuxTSPlus2_Banco_PalacioFerramentas_clone2904_clone070525
2025-05-24 11:25:52,225 - INFO - ✅ Backup criado: BlockBackup-LinuxTSPlus2_Banco_PalacioFerramentas_clone2904_clone070525-BKPAUTCITEL-20250524-1125
2025-05-24 11:25:52,749 - INFO - 
🔍 Processando block volume: LinuxTSPlus2_Bancos2_BR02_clone2904_clone070525
2025-05-24 11:25:53,075 - INFO - ✅ Backup criado: BlockBackup-LinuxTSPlus2_Bancos2_BR02_clone2904_clone070525-BKPAUTCITEL-20250524-1125
2025-05-24 11:25:53,607 - INFO - 
🔍 Processando block volume: LinuxTSPlus25_Banco1LinuxTSPlus25_clone2904_clone070525
2025-05-24 11:25:53,934 - INFO - ✅ Backup criado: BlockBackup-LinuxTSPlus25_Banco1LinuxTSPlus25_clone2904_clone070525-BKPAUTCITEL-20250524-1125
2025-05-24 11:25:54,465 - INFO - 
🔍 Processando block volume: LinuxTSPlus25_Bancos3_BR25_clone2904_clone070525
2025-05-24 11:25:54,767 - INFO - ✅ Backup criado: BlockBackup-LinuxTSPlus25_Bancos3_BR25_clone2904_clone070525-BKPAUTCITEL-20250524-1125
2025-05-24 11:25:55,295 - INFO - 
🔍 Processando block volume: LinuxTSPlus1_Banco3LinuxTSPlus1_clone2904_clone070525
2025-05-24 11:25:55,572 - INFO - ✅ Backup criado: BlockBackup-LinuxTSPlus1_Banco3LinuxTSPlus1_clone2904_clone070525-BKPAUTCITEL-20250524-1125
2025-05-24 11:25:56,098 - INFO - 
🔍 Processando block volume: LinuxTSPlus1_Bancos4_BR01_clone2904_clone070525
2025-05-24 11:25:56,381 - INFO - ✅ Backup criado: BlockBackup-LinuxTSPlus1_Bancos4_BR01_clone2904_clone070525-BKPAUTCITEL-20250524-1125
2025-05-24 11:25:56,904 - INFO - 
🔍 Processando block volume: LinuxTSPlus1_Bancos5_BR1_clone2904_clone070525
2025-05-24 11:25:57,188 - INFO - ✅ Backup criado: BlockBackup-LinuxTSPlus1_Bancos5_BR1_clone2904_clone070525-BKPAUTCITEL-20250524-1125
2025-05-24 11:25:57,709 - INFO - 
🔍 Processando block volume: LinuxTSPlus1_blockvolume_clone2904_clone070525
2025-05-24 11:25:57,832 - WARNING - ⚠️ Tentativa 1: Limite de requisições. Aguardando 5s...
2025-05-24 11:26:05,868 - WARNING - ⚠️ Tentativa 2: Limite de requisições. Aguardando 10s...
2025-05-24 11:26:18,824 - WARNING - ⚠️ Tentativa 3: Limite de requisições. Aguardando 20s...
2025-05-24 11:26:43,069 - INFO - ✅ Backup criado: BlockBackup-LinuxTSPlus1_blockvolume_clone2904_clone070525-BKPAUTCITEL-20250524-1125
2025-05-24 11:26:43,589 - INFO - 
🔍 Processando block volume: Banco2-LinuxData013_clone070525
2025-05-24 11:26:43,859 - INFO - ✅ Backup criado: BlockBackup-Banco2-LinuxData013_clone070525-BKPAUTCITEL-20250524-1126
2025-05-24 11:26:44,384 - INFO - 
🔍 Processando block volume: Banco3-LinuxData013_clone070525
2025-05-24 11:26:44,654 - INFO - ✅ Backup criado: BlockBackup-Banco3-LinuxData013_clone070525-BKPAUTCITEL-20250524-1126
2025-05-24 11:26:45,190 - INFO - 
🔍 Processando block volume: Banco1-LinuxData013_clone070525
2025-05-24 11:26:45,314 - WARNING - ⚠️ Tentativa 1: Limite de requisições. Aguardando 5s...
2025-05-24 11:26:51,807 - WARNING - ⚠️ Tentativa 2: Limite de requisições. Aguardando 10s...
2025-05-24 11:27:03,448 - WARNING - ⚠️ Tentativa 3: Limite de requisições. Aguardando 20s...
2025-05-24 11:27:24,682 - INFO - ✅ Backup criado: BlockBackup-Banco1-LinuxData013_clone070525-BKPAUTCITEL-20250524-1126
2025-05-24 11:27:25,207 - INFO - 
🔍 Processando block volume: LinuxTSPlus14_BackupCoresVivas TKT 902822_clone2904_clone070525
2025-05-24 11:27:25,485 - INFO - ✅ Backup criado: BlockBackup-LinuxTSPlus14_BackupCoresVivas TKT 902822_clone2904_clone070525-BKPAUTCITEL-20250524-1127
2025-05-24 11:27:26,016 - INFO - 
🔍 Processando block volume: LinuxTSPlus14_Banco2LinuxTSPlus14_clone2904_clone070525
2025-05-24 11:27:26,312 - INFO - ✅ Backup criado: BlockBackup-LinuxTSPlus14_Banco2LinuxTSPlus14_clone2904_clone070525-BKPAUTCITEL-20250524-1127
2025-05-24 11:27:26,843 - INFO - 
🔍 Processando block volume: LinuxTSPlus9-Banco1LinuxTSPlus9-clone2904_clone070525
2025-05-24 11:27:27,156 - INFO - ✅ Backup criado: BlockBackup-LinuxTSPlus9-Banco1LinuxTSPlus9-clone2904_clone070525-BKPAUTCITEL-20250524-1127
2025-05-24 11:27:27,681 - INFO - 
🔍 Processando block volume: LinuxTSPlus9-Banco3LinuxTSPlus9-clone2904_clone070525
2025-05-24 11:27:27,987 - INFO - ✅ Backup criado: BlockBackup-LinuxTSPlus9-Banco3LinuxTSPlus9-clone2904_clone070525-BKPAUTCITEL-20250524-1127
2025-05-24 11:27:28,509 - INFO - 
🔍 Processando block volume: LinuxTSPlus14_BancoUbertintasTSPlus14_clone2904_clone070525
2025-05-24 11:27:28,774 - INFO - ✅ Backup criado: BlockBackup-LinuxTSPlus14_BancoUbertintasTSPlus14_clone2904_clone070525-BKPAUTCITEL-20250524-1127
2025-05-24 11:27:29,298 - INFO - 
🔍 Processando block volume: LinuxTSPlus9-Bancos4_BR9-clone2904_clone070525
2025-05-24 11:27:29,582 - INFO - ✅ Backup criado: BlockBackup-LinuxTSPlus9-Bancos4_BR9-clone2904_clone070525-BKPAUTCITEL-20250524-1127
2025-05-24 11:27:30,120 - INFO - 
🔍 Processando block volume: LinuxTSPlus8-Banco1LinuxTSPlus8-clone2904_clone070525
2025-05-24 11:27:30,243 - WARNING - ⚠️ Tentativa 1: Limite de requisições. Aguardando 5s...
2025-05-24 11:27:37,753 - WARNING - ⚠️ Tentativa 2: Limite de requisições. Aguardando 10s...
2025-05-24 11:27:49,873 - INFO - ✅ Backup criado: BlockBackup-LinuxTSPlus8-Banco1LinuxTSPlus8-clone2904_clone070525-BKPAUTCITEL-20250524-1127
2025-05-24 11:27:50,406 - INFO - 
🔍 Processando block volume: LinuxTSPlus8-Banco3LinuxTSPlus8-clone2904_clone070525
2025-05-24 11:27:50,528 - WARNING - ⚠️ Tentativa 1: Limite de requisições. Aguardando 5s...
2025-05-24 11:27:56,232 - INFO - ✅ Backup criado: BlockBackup-LinuxTSPlus8-Banco3LinuxTSPlus8-clone2904_clone070525-BKPAUTCITEL-20250524-1127
2025-05-24 11:27:56,757 - INFO - 
🔍 Processando block volume: LinuxTSPlus16_Banco1LinuxTSPlus16_clone2904_clone070525
2025-05-24 11:27:57,063 - INFO - ✅ Backup criado: BlockBackup-LinuxTSPlus16_Banco1LinuxTSPlus16_clone2904_clone070525-BKPAUTCITEL-20250524-1127
2025-05-24 11:27:57,595 - INFO - 
🔍 Processando block volume: LinuxTSPlus16_Banco2LinuxTSPlus16_clone2904_clone070525
2025-05-24 11:27:57,869 - INFO - ✅ Backup criado: BlockBackup-LinuxTSPlus16_Banco2LinuxTSPlus16_clone2904_clone070525-BKPAUTCITEL-20250524-1127
2025-05-24 11:27:58,404 - INFO - 
🔍 Processando block volume: LinuxTSPlus7-Banco2LinuxTSPlus7-block-clone2904_clone070525
2025-05-24 11:27:58,675 - INFO - ✅ Backup criado: BlockBackup-LinuxTSPlus7-Banco2LinuxTSPlus7-block-clone2904_clone070525-BKPAUTCITEL-20250524-1127
2025-05-24 11:27:59,209 - INFO - 
🔍 Processando block volume: LinuxTSPlus7-Banco3LinuxTSPlus7-block-clone2904_clone070525
2025-05-24 11:27:59,486 - INFO - ✅ Backup criado: BlockBackup-LinuxTSPlus7-Banco3LinuxTSPlus7-block-clone2904_clone070525-BKPAUTCITEL-20250524-1127
2025-05-24 11:28:00,021 - INFO - 
🔍 Processando block volume: LinuxTSPlus7-Banco3_BR7-block-clone2904_clone070525
2025-05-24 11:28:00,316 - INFO - ✅ Backup criado: BlockBackup-LinuxTSPlus7-Banco3_BR7-block-clone2904_clone070525-BKPAUTCITEL-20250524-1128
2025-05-24 11:28:00,881 - INFO - 
🔍 Processando block volume: LinuxTSPlus17_Banco2LinuxTSPlus17_clone2904_clone070525
2025-05-24 11:28:01,004 - WARNING - ⚠️ Tentativa 1: Limite de requisições. Aguardando 5s...
2025-05-24 11:28:10,293 - INFO - ✅ Backup criado: BlockBackup-LinuxTSPlus17_Banco2LinuxTSPlus17_clone2904_clone070525-BKPAUTCITEL-20250524-1128
2025-05-24 11:28:10,821 - INFO - 
🔍 Processando block volume: LinuxTSPlus17_BancoPRODBelaTintas_clone2904_clone070525
2025-05-24 11:28:11,114 - INFO - ✅ Backup criado: BlockBackup-LinuxTSPlus17_BancoPRODBelaTintas_clone2904_clone070525-BKPAUTCITEL-20250524-1128
2025-05-24 11:28:11,648 - INFO - 
🔍 Processando block volume: LinuxTSPlus17_HD5-LinuxDBAs_clone2904_clone070525
2025-05-24 11:28:11,771 - WARNING - ⚠️ Tentativa 1: Limite de requisições. Aguardando 5s...
2025-05-24 11:28:19,125 - INFO - ✅ Backup criado: BlockBackup-LinuxTSPlus17_HD5-LinuxDBAs_clone2904_clone070525-BKPAUTCITEL-20250524-1128
2025-05-24 11:28:19,653 - INFO - 
🔍 Processando block volume: LinuxTSPlus6-Banco3LinuxTSPlus6-block-clone2904_clone070525
2025-05-24 11:28:19,936 - INFO - ✅ Backup criado: BlockBackup-LinuxTSPlus6-Banco3LinuxTSPlus6-block-clone2904_clone070525-BKPAUTCITEL-20250524-1128
2025-05-24 11:28:20,452 - INFO - 
🔍 Processando block volume: LinuxTSPlus6-Banco4LinuxTSPlus6-block-clone2904_clone070525
2025-05-24 11:28:20,575 - WARNING - ⚠️ Tentativa 1: Limite de requisições. Aguardando 5s...
2025-05-24 11:28:26,269 - WARNING - ⚠️ Tentativa 2: Limite de requisições. Aguardando 10s...
2025-05-24 11:28:39,235 - INFO - ✅ Backup criado: BlockBackup-LinuxTSPlus6-Banco4LinuxTSPlus6-block-clone2904_clone070525-BKPAUTCITEL-20250524-1128
2025-05-24 11:28:39,761 - INFO - 
🔍 Processando block volume: LinuxTSPlus18-Banco1LinuxTSPlus18-block-2904_clone070525
2025-05-24 11:28:40,067 - INFO - ✅ Backup criado: BlockBackup-LinuxTSPlus18-Banco1LinuxTSPlus18-block-2904_clone070525-BKPAUTCITEL-20250524-1128
2025-05-24 11:28:40,596 - INFO - 
🔍 Processando block volume: LinuxTSPlus18-Banco2LinuxTSPlus18-block-2904_clone070525
2025-05-24 11:28:40,868 - INFO - ✅ Backup criado: BlockBackup-LinuxTSPlus18-Banco2LinuxTSPlus18-block-2904_clone070525-BKPAUTCITEL-20250524-1128
2025-05-24 11:28:41,398 - INFO - 
🔍 Processando block volume: LinuxTSPlus18-Bancos4_BR18-block-2904_clone070525
2025-05-24 11:28:41,678 - INFO - ✅ Backup criado: BlockBackup-LinuxTSPlus18-Bancos4_BR18-block-2904_clone070525-BKPAUTCITEL-20250524-1128
2025-05-24 11:28:42,201 - INFO - 
🔍 Processando block volume: LinuxTsplus59-Banco2Linux59-block-clone2904_clone070525
2025-05-24 11:28:42,498 - INFO - ✅ Backup criado: BlockBackup-LinuxTsplus59-Banco2Linux59-block-clone2904_clone070525-BKPAUTCITEL-20250524-1128
2025-05-24 11:28:43,028 - INFO - 
🔍 Processando block volume: LinuxTsplus59-BancoLinux59-block-clone2904_clone070525
2025-05-24 11:28:43,152 - WARNING - ⚠️ Tentativa 1: Limite de requisições. Aguardando 5s...
2025-05-24 11:28:50,240 - INFO - ✅ Backup criado: BlockBackup-LinuxTsplus59-BancoLinux59-block-clone2904_clone070525-BKPAUTCITEL-20250524-1128
2025-05-24 11:28:50,766 - INFO - 
🔍 Processando block volume: LinuxTSPlus19_Banco1LinuxTSPlus19_clone2904_clone070525
2025-05-24 11:28:50,889 - WARNING - ⚠️ Tentativa 1: Limite de requisições. Aguardando 5s...
2025-05-24 11:28:58,568 - INFO - ✅ Backup criado: BlockBackup-LinuxTSPlus19_Banco1LinuxTSPlus19_clone2904_clone070525-BKPAUTCITEL-20250524-1128
2025-05-24 11:28:59,100 - INFO - 
🔍 Processando block volume: LinuxTSPlus19_Banco3LinuxTSPlus19_clone2904_clone070525
2025-05-24 11:28:59,223 - WARNING - ⚠️ Tentativa 1: Limite de requisições. Aguardando 5s...
2025-05-24 11:29:08,749 - INFO - ✅ Backup criado: BlockBackup-LinuxTSPlus19_Banco3LinuxTSPlus19_clone2904_clone070525-BKPAUTCITEL-20250524-1128
2025-05-24 11:29:09,314 - INFO - 
🔍 Processando block volume: LinuxTSPlus20_Banco1LinuxTSPlus20_clone2904_clone070525
2025-05-24 11:29:09,438 - WARNING - ⚠️ Tentativa 1: Limite de requisições. Aguardando 5s...
2025-05-24 11:29:18,813 - WARNING - ⚠️ Tentativa 2: Limite de requisições. Aguardando 10s...
2025-05-24 11:29:31,992 - INFO - ✅ Backup criado: BlockBackup-LinuxTSPlus20_Banco1LinuxTSPlus20_clone2904_clone070525-BKPAUTCITEL-20250524-1129
2025-05-24 11:29:32,531 - INFO - 
🔍 Processando block volume: LinuxTSPlus20_Banco2LinuxTSPlus20_clone2904_clone070525
2025-05-24 11:29:32,847 - INFO - ✅ Backup criado: BlockBackup-LinuxTSPlus20_Banco2LinuxTSPlus20_clone2904_clone070525-BKPAUTCITEL-20250524-1129
2025-05-24 11:29:33,377 - INFO - 
🔍 Processando block volume: LinuxTSPlus20_Banco3_BR20_clone2904_clone070525
2025-05-24 11:29:33,676 - INFO - ✅ Backup criado: BlockBackup-LinuxTSPlus20_Banco3_BR20_clone2904_clone070525-BKPAUTCITEL-20250524-1129
2025-05-24 11:29:34,194 - INFO - 
🔍 Processando block volume: LinuxTSPlus20_Banco4LinuxTSPlus20_clone2904_clone070525
2025-05-24 11:29:34,317 - WARNING - ⚠️ Tentativa 1: Limite de requisições. Aguardando 5s...
2025-05-24 11:29:44,831 - INFO - ✅ Backup criado: BlockBackup-LinuxTSPlus20_Banco4LinuxTSPlus20_clone2904_clone070525-BKPAUTCITEL-20250524-1129
2025-05-24 11:29:45,351 - INFO - 
🔍 Processando block volume: LinuxTSPlus5-Banco3LinuxBR5-block-clone2904_clone070525
2025-05-24 11:29:45,628 - INFO - ✅ Backup criado: BlockBackup-LinuxTSPlus5-Banco3LinuxBR5-block-clone2904_clone070525-BKPAUTCITEL-20250524-1129
2025-05-24 11:29:46,170 - INFO - 
🔍 Processando block volume: LinuxTSPlus5-Banco2LinuxBR5-block-clone2904_clone070525
2025-05-24 11:29:46,453 - INFO - ✅ Backup criado: BlockBackup-LinuxTSPlus5-Banco2LinuxBR5-block-clone2904_clone070525-BKPAUTCITEL-20250524-1129
2025-05-24 11:29:46,985 - INFO - 
🔍 Processando block volume: Banco1-LinuxData004_clone070525
2025-05-24 11:29:47,298 - INFO - ✅ Backup criado: BlockBackup-Banco1-LinuxData004_clone070525-BKPAUTCITEL-20250524-1129
2025-05-24 11:29:47,829 - INFO - 
🔍 Processando block volume: Banco2-LinuxData004_clone070525
2025-05-24 11:29:48,124 - INFO - ✅ Backup criado: BlockBackup-Banco2-LinuxData004_clone070525-BKPAUTCITEL-20250524-1129
2025-05-24 11:29:48,654 - INFO - 
🔍 Processando block volume: Banco3-LinuxData004_clone070525
2025-05-24 11:29:48,777 - WARNING - ⚠️ Tentativa 1: Limite de requisições. Aguardando 5s...
2025-05-24 11:29:55,512 - WARNING - ⚠️ Tentativa 2: Limite de requisições. Aguardando 10s...
2025-05-24 11:30:09,066 - WARNING - ⚠️ Tentativa 3: Limite de requisições. Aguardando 20s...
2025-05-24 11:30:32,771 - INFO - ✅ Backup criado: BlockBackup-Banco3-LinuxData004_clone070525-BKPAUTCITEL-20250524-1129
2025-05-24 11:30:33,298 - INFO - 
🔍 Processando block volume: LinuxTSPlus48-block-Restore_clone070525
2025-05-24 11:30:33,580 - INFO - ✅ Backup criado: BlockBackup-LinuxTSPlus48-block-Restore_clone070525-BKPAUTCITEL-20250524-1130
2025-05-24 11:30:34,109 - INFO - 
🔍 Processando block volume: LinuxData007-Banco4_clone070525
2025-05-24 11:30:34,400 - INFO - ✅ Backup criado: BlockBackup-LinuxData007-Banco4_clone070525-BKPAUTCITEL-20250524-1130
2025-05-24 11:30:34,926 - INFO - 
🔍 Processando block volume: Banco2LinuxBR21-Restore_clone070525
2025-05-24 11:30:35,210 - INFO - ✅ Backup criado: BlockBackup-Banco2LinuxBR21-Restore_clone070525-BKPAUTCITEL-20250524-1130
2025-05-24 11:30:35,728 - INFO - 
🔍 Processando block volume: LinuxTSPlus41-block-Restore_clone070525
2025-05-24 11:30:35,850 - WARNING - ⚠️ Tentativa 1: Limite de requisições. Aguardando 5s...
2025-05-24 11:30:41,689 - INFO - ✅ Backup criado: BlockBackup-LinuxTSPlus41-block-Restore_clone070525-BKPAUTCITEL-20250524-1130
2025-05-24 11:30:42,217 - INFO - 
🔍 Processando block volume: Banco1LinuxTSPlus26-Restore_clone070525
2025-05-24 11:30:42,513 - INFO - ✅ Backup criado: BlockBackup-Banco1LinuxTSPlus26-Restore_clone070525-BKPAUTCITEL-20250524-1130
2025-05-24 11:30:43,029 - INFO - 
🔍 Processando block volume: LinuxTSPlus36-block-Restore_clone070525
2025-05-24 11:30:43,151 - WARNING - ⚠️ Tentativa 1: Limite de requisições. Aguardando 5s...
2025-05-24 11:30:51,376 - WARNING - ⚠️ Tentativa 2: Limite de requisições. Aguardando 10s...
2025-05-24 11:31:06,638 - INFO - ✅ Backup criado: BlockBackup-LinuxTSPlus36-block-Restore_clone070525-BKPAUTCITEL-20250524-1130
2025-05-24 11:31:07,183 - INFO - 
🔍 Processando block volume: LinuxTSPlus34-Bancos3_BR34-backup-Restore_clone070525
2025-05-24 11:31:07,453 - INFO - ✅ Backup criado: BlockBackup-LinuxTSPlus34-Bancos3_BR34-backup-Restore_clone070525-BKPAUTCITEL-20250524-1131
2025-05-24 11:31:07,981 - INFO - 
🔍 Processando block volume: LinuxTSPlus34-Bancos2_BR34-backup-Restore_clone070525
2025-05-24 11:31:08,248 - INFO - ✅ Backup criado: BlockBackup-LinuxTSPlus34-Bancos2_BR34-backup-Restore_clone070525-BKPAUTCITEL-20250524-1131
2025-05-24 11:31:08,804 - INFO - 
🔍 Processando block volume: Banco1LinuxTSPLUS33-Restore_clone070525
2025-05-24 11:31:08,928 - WARNING - ⚠️ Tentativa 1: Limite de requisições. Aguardando 5s...
2025-05-24 11:31:15,610 - INFO - ✅ Backup criado: BlockBackup-Banco1LinuxTSPLUS33-Restore_clone070525-BKPAUTCITEL-20250524-1131
2025-05-24 11:31:16,140 - INFO - 
🔍 Processando block volume: Banco2BR33-Restore_clone070525
2025-05-24 11:31:16,263 - WARNING - ⚠️ Tentativa 1: Limite de requisições. Aguardando 5s...
2025-05-24 11:31:23,539 - INFO - ✅ Backup criado: BlockBackup-Banco2BR33-Restore_clone070525-BKPAUTCITEL-20250524-1131
2025-05-24 11:31:24,067 - INFO - 
🔍 Processando block volume: LinuxTSPlus34-Banco1LinuxTSPLUS34-backup-Restore_clone070525
2025-05-24 11:31:24,327 - INFO - ✅ Backup criado: BlockBackup-LinuxTSPlus34-Banco1LinuxTSPLUS34-backup-Restore_clone070525-BKPAUTCITEL-20250524-1131
2025-05-24 11:31:24,875 - INFO - 
🔍 Processando block volume: LinuxTSPlus1-Restore1_clone070525
2025-05-24 11:31:25,171 - INFO - ✅ Backup criado: BlockBackup-LinuxTSPlus1-Restore1_clone070525-BKPAUTCITEL-20250524-1131
2025-05-24 11:31:25,705 - INFO - 
🔍 Processando block volume: Bancos5_BR1-Restore2_clone070525
2025-05-24 11:31:25,995 - INFO - ✅ Backup criado: BlockBackup-Bancos5_BR1-Restore2_clone070525-BKPAUTCITEL-20250524-1131
2025-05-24 11:31:26,531 - INFO - 
🔍 Processando block volume: Bancos4_BR01-Restore3_clone070525
2025-05-24 11:31:26,655 - WARNING - ⚠️ Tentativa 1: Limite de requisições. Aguardando 5s...
2025-05-24 11:31:35,699 - WARNING - ⚠️ Tentativa 2: Limite de requisições. Aguardando 10s...
2025-05-24 11:31:48,766 - INFO - ✅ Backup criado: BlockBackup-Bancos4_BR01-Restore3_clone070525-BKPAUTCITEL-20250524-1131
2025-05-24 11:31:49,297 - INFO - 
🔍 Processando block volume: Banco3LinuxTSPlus1-Restore4_clone070525
2025-05-24 11:31:49,603 - INFO - ✅ Backup criado: BlockBackup-Banco3LinuxTSPlus1-Restore4_clone070525-BKPAUTCITEL-20250524-1131
2025-05-24 11:31:50,133 - INFO - 
🔍 Processando block volume: Banco1LinuxTSPlus24-Restore_clone070525
2025-05-24 11:31:50,452 - INFO - ✅ Backup criado: BlockBackup-Banco1LinuxTSPlus24-Restore_clone070525-BKPAUTCITEL-20250524-1131
2025-05-24 11:31:50,985 - INFO - 
🔍 Processando block volume: Banco1LinuxTSPlus22-Restore_clone070525
2025-05-24 11:31:51,260 - INFO - ✅ Backup criado: BlockBackup-Banco1LinuxTSPlus22-Restore_clone070525-BKPAUTCITEL-20250524-1131
2025-05-24 11:31:51,790 - INFO - 
🔍 Processando block volume: Banco3LinuxTSPlus22-Restore_clone070525
2025-05-24 11:31:51,913 - WARNING - ⚠️ Tentativa 1: Limite de requisições. Aguardando 5s...
2025-05-24 11:32:00,143 - INFO - ✅ Backup criado: BlockBackup-Banco3LinuxTSPlus22-Restore_clone070525-BKPAUTCITEL-20250524-1131
2025-05-24 11:32:00,672 - INFO - 
🔍 Processando block volume: Banco2LinuxTSPlus22-Restore_clone070525
2025-05-24 11:32:00,966 - INFO - ✅ Backup criado: BlockBackup-Banco2LinuxTSPlus22-Restore_clone070525-BKPAUTCITEL-20250524-1132
2025-05-24 11:32:01,501 - INFO - 
🔍 Processando block volume: LinuxData010-PalacioTKT651385_clone070525
2025-05-24 11:32:01,628 - WARNING - ⚠️ Tentativa 1: Limite de requisições. Aguardando 5s...
2025-05-24 11:32:07,779 - INFO - ✅ Backup criado: BlockBackup-LinuxData010-PalacioTKT651385_clone070525-BKPAUTCITEL-20250524-1132
2025-05-24 11:32:08,326 - INFO - 
🔍 Processando block volume: LinuxData010-Banco4_clone070525
2025-05-24 11:32:08,449 - WARNING - ⚠️ Tentativa 1: Limite de requisições. Aguardando 5s...
2025-05-24 11:32:15,644 - WARNING - ⚠️ Tentativa 2: Limite de requisições. Aguardando 10s...
2025-05-24 11:32:29,119 - INFO - ✅ Backup criado: BlockBackup-LinuxData010-Banco4_clone070525-BKPAUTCITEL-20250524-1132
2025-05-24 11:32:29,647 - INFO - 
🔍 Processando block volume: LinuxData010-Banco5_clone070525
2025-05-24 11:32:29,940 - INFO - ✅ Backup criado: BlockBackup-LinuxData010-Banco5_clone070525-BKPAUTCITEL-20250524-1132
2025-05-24 11:32:30,466 - INFO - 
🔍 Processando block volume: LinuxData010-GeB_clone070525
2025-05-24 11:32:30,765 - INFO - ✅ Backup criado: BlockBackup-LinuxData010-GeB_clone070525-BKPAUTCITEL-20250524-1132
2025-05-24 11:32:31,284 - INFO - 
🔍 Processando block volume: Banco3LinuxTSPlus1-Restore4_copy_30-04-2025_clone070525
2025-05-24 11:32:31,407 - WARNING - ⚠️ Tentativa 1: Limite de requisições. Aguardando 5s...
2025-05-24 11:32:38,931 - INFO - ✅ Backup criado: BlockBackup-Banco3LinuxTSPlus1-Restore4_copy_30-04-2025_clone070525-BKPAUTCITEL-20250524-1132
2025-05-24 11:32:39,461 - INFO - 
🔍 Processando block volume: Bancos5_BR1-Restore2_Copu_30-04-2025_clone070525
2025-05-24 11:32:39,774 - INFO - ✅ Backup criado: BlockBackup-Bancos5_BR1-Restore2_Copu_30-04-2025_clone070525-BKPAUTCITEL-20250524-1132
2025-05-24 11:32:40,298 - INFO - 
🔍 Processando block volume: LinuxTSPlus1-Restore1_Copy_30-04-2025_clone070525
2025-05-24 11:32:40,423 - WARNING - ⚠️ Tentativa 1: Limite de requisições. Aguardando 5s...
2025-05-24 11:32:48,145 - INFO - ✅ Backup criado: BlockBackup-LinuxTSPlus1-Restore1_Copy_30-04-2025_clone070525-BKPAUTCITEL-20250524-1132
2025-05-24 11:32:48,667 - INFO - 
🔍 Processando block volume: Bancos4_BR01-Restore3_Copy_30-04-2025_clone070525
2025-05-24 11:32:48,790 - WARNING - ⚠️ Tentativa 1: Limite de requisições. Aguardando 5s...
2025-05-24 11:32:55,221 - INFO - ✅ Backup criado: BlockBackup-Bancos4_BR01-Restore3_Copy_30-04-2025_clone070525-BKPAUTCITEL-20250524-1132
2025-05-24 11:32:55,750 - INFO - 
🔍 Processando block volume: Banco1LinuxTSPlus2_Copy_30-04-2025_clone070525
2025-05-24 11:32:56,034 - INFO - ✅ Backup criado: BlockBackup-Banco1LinuxTSPlus2_Copy_30-04-2025_clone070525-BKPAUTCITEL-20250524-1132
2025-05-24 11:32:56,613 - INFO - 
🔍 Processando block volume: Banco_PalacioFerramentas_Copy_30-04-2025_clone070525
2025-05-24 11:32:56,873 - INFO - ✅ Backup criado: BlockBackup-Banco_PalacioFerramentas_Copy_30-04-2025_clone070525-BKPAUTCITEL-20250524-1132
2025-05-24 11:32:57,435 - INFO - 
🔍 Processando block volume: LinuxData002_Bancos2_BR02_Copy_30-04-2025_clone070525
2025-05-24 11:32:57,704 - INFO - ✅ Backup criado: BlockBackup-LinuxData002_Bancos2_BR02_Copy_30-04-2025_clone070525-BKPAUTCITEL-20250524-1132
2025-05-24 11:32:58,230 - INFO - 
🔍 Processando block volume: LinuxData020-Banco3_BR20_clone070525
2025-05-24 11:32:58,353 - WARNING - ⚠️ Tentativa 1: Limite de requisições. Aguardando 5s...
2025-05-24 11:33:06,644 - WARNING - ⚠️ Tentativa 2: Limite de requisições. Aguardando 10s...
2025-05-24 11:33:20,753 - INFO - ✅ Backup criado: BlockBackup-LinuxData020-Banco3_BR20_clone070525-BKPAUTCITEL-20250524-1132
2025-05-24 11:33:21,286 - INFO - 
🔍 Processando block volume: Banco3_BR20-RESTORE_FILES_clone070525
2025-05-24 11:33:21,570 - INFO - ✅ Backup criado: BlockBackup-Banco3_BR20-RESTORE_FILES_clone070525-BKPAUTCITEL-20250524-1133
2025-05-24 11:33:22,094 - INFO - 
🔍 Processando block volume: LinuxData030_clone06052025_clone070525
2025-05-24 11:33:22,218 - WARNING - ⚠️ Tentativa 1: Limite de requisições. Aguardando 5s...
2025-05-24 11:33:29,287 - INFO - ✅ Backup criado: BlockBackup-LinuxData030_clone06052025_clone070525-BKPAUTCITEL-20250524-1133
2025-05-24 11:33:29,844 - INFO - 
🔍 Processando block volume: LinuxDataBelaTintas_Replica
2025-05-24 11:33:30,102 - INFO - ✅ Backup criado: BlockBackup-LinuxDataBelaTintas_Replica-BKPAUTCITEL-20250524-1133
2025-05-24 11:33:30,626 - INFO - 
🔍 Processando block volume: Banco3LinuxTSPlus1-Replica
2025-05-24 11:33:30,900 - INFO - ✅ Backup criado: BlockBackup-Banco3LinuxTSPlus1-Replica-BKPAUTCITEL-20250524-1133
2025-05-24 11:33:31,432 - INFO - 
🔍 Processando block volume: Bancos4_BR01-Replica
2025-05-24 11:33:31,757 - INFO - ✅ Backup criado: BlockBackup-Bancos4_BR01-Replica-BKPAUTCITEL-20250524-1133
2025-05-24 11:33:32,276 - INFO - 
🔍 Processando block volume: Bancos5_BR1-Replica
2025-05-24 11:33:32,398 - WARNING - ⚠️ Tentativa 1: Limite de requisições. Aguardando 5s...
2025-05-24 11:33:42,516 - WARNING - ⚠️ Tentativa 2: Limite de requisições. Aguardando 10s...
2025-05-24 11:33:55,282 - WARNING - ⚠️ Tentativa 3: Limite de requisições. Aguardando 20s...
2025-05-24 11:34:20,757 - INFO - ✅ Backup criado: BlockBackup-Bancos5_BR1-Replica-BKPAUTCITEL-20250524-1133
2025-05-24 11:34:21,293 - INFO - 
🔍 Processando block volume: LinuxTSPlus1-Replica
2025-05-24 11:34:21,601 - INFO - ✅ Backup criado: BlockBackup-LinuxTSPlus1-Replica-BKPAUTCITEL-20250524-1134
2025-05-24 11:34:22,127 - INFO - 
🔍 Processando block volume: Banco1-LinuxData004_Replica-Teste
2025-05-24 11:34:22,404 - INFO - ✅ Backup criado: BlockBackup-Banco1-LinuxData004_Replica-Teste-BKPAUTCITEL-20250524-1134
2025-05-24 11:34:22,928 - INFO - 
✅ Execução concluída com sucesso
