2025-05-24 22:15:34,535 - INFO - 
🔍 Processando boot volume: LinuxTSPlus20
2025-05-24 22:15:34,873 - INFO - ✅ Backup criado: BootBackup-LinuxTSPlus20-BKPAUTCITEL-20250524-2215
2025-05-24 22:15:35,149 - INFO - 
🔍 Processando boot volume: LinuxTSPlus25
2025-05-24 22:15:35,478 - INFO - ✅ Backup criado: BootBackup-LinuxTSPlus25-BKPAUTCITEL-20250524-2215
2025-05-24 22:15:36,219 - INFO - 
🔍 Processando boot volume: LinuxTSPlus1
2025-05-24 22:15:36,594 - INFO - ✅ Backup criado: BootBackup-LinuxTSPlus1-BKPAUTCITEL-20250524-2215
2025-05-24 22:15:36,867 - INFO - 
🔍 Processando boot volume: LinuxTSPlus2
2025-05-24 22:15:37,228 - INFO - ✅ Backup criado: BootBackup-LinuxTSPlus2-BKPAUTCITEL-20250524-2215
2025-05-24 22:15:37,943 - INFO - 
🔍 Processando boot volume: LinuxTSPlus4
2025-05-24 22:15:38,291 - INFO - ✅ Backup criado: BootBackup-LinuxTSPlus4-BKPAUTCITEL-20250524-2215
2025-05-24 22:15:38,569 - INFO - 
🔍 Processando boot volume: LinuxTSPlus6
2025-05-24 22:15:38,910 - INFO - ✅ Backup criado: BootBackup-LinuxTSPlus6-BKPAUTCITEL-20250524-2215
2025-05-24 22:15:39,635 - INFO - 
🔍 Processando boot volume: LinuxTSPlus30
2025-05-24 22:15:39,997 - INFO - ✅ Backup criado: BootBackup-LinuxTSPlus30-BKPAUTCITEL-20250524-2215
2025-05-24 22:15:40,286 - INFO - 
🔍 Processando boot volume: Temp-Subida_G_e_B (Boot Volume)
2025-05-24 22:15:40,612 - INFO - ✅ Backup criado: BootBackup-Temp-Subida_G_e_B (Boot Volume)-BKPAUTCITEL-20250524-2215
2025-05-24 22:15:41,334 - INFO - 
🔍 Processando boot volume: Banco_BelaTintas (Boot Volume)
2025-05-24 22:15:41,772 - INFO - ✅ Backup criado: BootBackup-Banco_BelaTintas (Boot Volume)-BKPAUTCITEL-20250524-2215
2025-05-24 22:15:42,040 - INFO - 
🔍 Processando boot volume: Banco_BelaTintas_clone29042025
2025-05-24 22:15:42,349 - INFO - ✅ Backup criado: BootBackup-Banco_BelaTintas_clone29042025-BKPAUTCITEL-20250524-2215
2025-05-24 22:15:43,068 - INFO - 
🔍 Processando boot volume: LinuxTSPlus11_clone2904
2025-05-24 22:15:43,453 - INFO - ✅ Backup criado: BootBackup-LinuxTSPlus11_clone2904-BKPAUTCITEL-20250524-2215
2025-05-24 22:15:43,703 - INFO - 
🔍 Processando boot volume: LinuxTSPlus30_boot_clone2904
2025-05-24 22:15:44,055 - INFO - ✅ Backup criado: BootBackup-LinuxTSPlus30_boot_clone2904-BKPAUTCITEL-20250524-2215
2025-05-24 22:15:44,776 - INFO - 
🔍 Processando boot volume: LinuxTSPlus12_boot_clone2904
2025-05-24 22:15:45,097 - INFO - ✅ Backup criado: BootBackup-LinuxTSPlus12_boot_clone2904-BKPAUTCITEL-20250524-2215
2025-05-24 22:15:45,353 - INFO - 
🔍 Processando boot volume: LinuxTSPlus55_boot_clone2904
2025-05-24 22:15:45,758 - INFO - ✅ Backup criado: BootBackup-LinuxTSPlus55_boot_clone2904-BKPAUTCITEL-20250524-2215
2025-05-24 22:15:46,502 - INFO - 
🔍 Processando boot volume: LinuxTSPlus65_boot_clone2904
2025-05-24 22:15:46,872 - INFO - ✅ Backup criado: BootBackup-LinuxTSPlus65_boot_clone2904-BKPAUTCITEL-20250524-2215
2025-05-24 22:15:47,145 - INFO - 
🔍 Processando boot volume: LinuxTSPlus28_boot_clone2904
2025-05-24 22:15:47,499 - INFO - ✅ Backup criado: BootBackup-LinuxTSPlus28_boot_clone2904-BKPAUTCITEL-20250524-2215
2025-05-24 22:15:48,202 - INFO - 
🔍 Processando boot volume: LinuxTSPlus72_boot_clone2904
2025-05-24 22:15:48,355 - WARNING - ⚠️ Tentativa 1: Limite de requisições. Aguardando 1s...
2025-05-24 22:15:52,744 - INFO - ✅ Backup criado: BootBackup-LinuxTSPlus72_boot_clone2904-BKPAUTCITEL-20250524-2215
2025-05-24 22:15:53,024 - INFO - 
🔍 Processando boot volume: LinuxTSPlus43_boot_clone2904
2025-05-24 22:15:53,341 - INFO - ✅ Backup criado: BootBackup-LinuxTSPlus43_boot_clone2904-BKPAUTCITEL-20250524-2215
2025-05-24 22:15:54,090 - INFO - 
🔍 Processando boot volume: LinuxTSPlus50_boot_clone2904
2025-05-24 22:15:54,239 - WARNING - ⚠️ Tentativa 1: Limite de requisições. Aguardando 1s...
2025-05-24 22:15:57,564 - WARNING - ⚠️ Tentativa 2: Limite de requisições. Aguardando 2s...
2025-05-24 22:16:04,155 - WARNING - ⚠️ Tentativa 3: Limite de requisições. Aguardando 4s...
2025-05-24 22:16:10,977 - INFO - ✅ Backup criado: BootBackup-LinuxTSPlus50_boot_clone2904-BKPAUTCITEL-20250524-2215
2025-05-24 22:16:11,273 - INFO - 
🔍 Processando boot volume: LinuxTSPlus37_boot_clone2904
2025-05-24 22:16:11,651 - INFO - ✅ Backup criado: BootBackup-LinuxTSPlus37_boot_clone2904-BKPAUTCITEL-20250524-2216
2025-05-24 22:16:12,392 - INFO - 
🔍 Processando boot volume: LinuxTSPlus32_boot_clone2904
2025-05-24 22:16:12,541 - WARNING - ⚠️ Tentativa 1: Limite de requisições. Aguardando 1s...
2025-05-24 22:16:14,256 - WARNING - ⚠️ Tentativa 2: Limite de requisições. Aguardando 2s...
2025-05-24 22:16:21,566 - WARNING - ⚠️ Tentativa 3: Limite de requisições. Aguardando 4s...
2025-05-24 22:16:28,537 - WARNING - ⚠️ Tentativa 4: Limite de requisições. Aguardando 8s...
2025-05-24 22:16:39,399 - INFO - ✅ Backup criado: BootBackup-LinuxTSPlus32_boot_clone2904-BKPAUTCITEL-20250524-2216
2025-05-24 22:16:39,683 - INFO - 
🔍 Processando boot volume: LinuxTSPlus2_boot_clone2904
2025-05-24 22:16:40,006 - INFO - ✅ Backup criado: BootBackup-LinuxTSPlus2_boot_clone2904-BKPAUTCITEL-20250524-2216
2025-05-24 22:16:40,729 - INFO - 
🔍 Processando boot volume: LinuxTSPlus25_boot_clone2904
2025-05-24 22:16:40,878 - WARNING - ⚠️ Tentativa 1: Limite de requisições. Aguardando 1s...
2025-05-24 22:16:43,612 - INFO - ✅ Backup criado: BootBackup-LinuxTSPlus25_boot_clone2904-BKPAUTCITEL-20250524-2216
2025-05-24 22:16:43,890 - INFO - 
🔍 Processando boot volume: LinuxTSPlus13_boot_clone2904
2025-05-24 22:16:44,228 - INFO - ✅ Backup criado: BootBackup-LinuxTSPlus13_boot_clone2904-BKPAUTCITEL-20250524-2216
2025-05-24 22:16:44,969 - INFO - 
🔍 Processando boot volume: LinuxTSPlus9-boot_clone2904
2025-05-24 22:16:45,286 - INFO - ✅ Backup criado: BootBackup-LinuxTSPlus9-boot_clone2904-BKPAUTCITEL-20250524-2216
2025-05-24 22:16:45,562 - INFO - 
🔍 Processando boot volume: LinuxTSPlus16_boot_clone2904
2025-05-24 22:16:45,883 - INFO - ✅ Backup criado: BootBackup-LinuxTSPlus16_boot_clone2904-BKPAUTCITEL-20250524-2216
2025-05-24 22:16:46,598 - INFO - 
🔍 Processando boot volume: LinuxTSPlus17_boot_clone2904
2025-05-24 22:16:46,746 - WARNING - ⚠️ Tentativa 1: Limite de requisições. Aguardando 1s...
2025-05-24 22:16:51,899 - INFO - ✅ Backup criado: BootBackup-LinuxTSPlus17_boot_clone2904-BKPAUTCITEL-20250524-2216
2025-05-24 22:16:52,654 - INFO - 
🔍 Processando boot volume: LinuxTSPlus7-boot_clone2904
2025-05-24 22:16:52,803 - WARNING - ⚠️ Tentativa 1: Limite de requisições. Aguardando 1s...
2025-05-24 22:16:56,590 - WARNING - ⚠️ Tentativa 2: Limite de requisições. Aguardando 2s...
2025-05-24 22:17:03,435 - INFO - ✅ Backup criado: BootBackup-LinuxTSPlus7-boot_clone2904-BKPAUTCITEL-20250524-2216
2025-05-24 22:17:03,712 - INFO - 
🔍 Processando boot volume: LinuxTSPlus6-boot-clone2904
2025-05-24 22:17:04,011 - INFO - ✅ Backup criado: BootBackup-LinuxTSPlus6-boot-clone2904-BKPAUTCITEL-20250524-2217
2025-05-24 22:17:04,713 - INFO - 
🔍 Processando boot volume: LinuxTSPlus18-boot-clone2904
2025-05-24 22:17:05,026 - INFO - ✅ Backup criado: BootBackup-LinuxTSPlus18-boot-clone2904-BKPAUTCITEL-20250524-2217
2025-05-24 22:17:05,717 - INFO - 
🔍 Processando boot volume: Linux-checkdisks (Boot Volume)
2025-05-24 22:17:05,866 - WARNING - ⚠️ Tentativa 1: Limite de requisições. Aguardando 1s...
2025-05-24 22:17:09,617 - INFO - ✅ Backup criado: BootBackup-Linux-checkdisks (Boot Volume)-BKPAUTCITEL-20250524-2217
2025-05-24 22:17:10,327 - INFO - 
🔍 Processando boot volume: LinuxDataBelaTintas
2025-05-24 22:17:10,693 - INFO - ✅ Backup criado: BootBackup-LinuxDataBelaTintas-BKPAUTCITEL-20250524-2217
2025-05-24 22:17:10,948 - INFO - 
🔍 Processando boot volume: LinuxTSPlus5-boot-clone2904
2025-05-24 22:17:11,263 - INFO - ✅ Backup criado: BootBackup-LinuxTSPlus5-boot-clone2904-BKPAUTCITEL-20250524-2217
2025-05-24 22:17:11,960 - INFO - 
🔍 Processando boot volume: LinuxData010
2025-05-24 22:17:12,109 - WARNING - ⚠️ Tentativa 1: Limite de requisições. Aguardando 1s...
2025-05-24 22:17:15,245 - INFO - ✅ Backup criado: BootBackup-LinuxData010-BKPAUTCITEL-20250524-2217
2025-05-24 22:17:15,958 - INFO - 
🔍 Processando boot volume: LinuxData025
2025-05-24 22:17:16,106 - WARNING - ⚠️ Tentativa 1: Limite de requisições. Aguardando 1s...
2025-05-24 22:17:22,740 - INFO - ✅ Backup criado: BootBackup-LinuxData025-BKPAUTCITEL-20250524-2217
2025-05-24 22:17:23,458 - INFO - 
🔍 Processando boot volume: LinuxData004
2025-05-24 22:17:23,782 - INFO - ✅ Backup criado: BootBackup-LinuxData004-BKPAUTCITEL-20250524-2217
2025-05-24 22:17:24,512 - INFO - 
🔍 Processando boot volume: LinuxData005
2025-05-24 22:17:24,836 - INFO - ✅ Backup criado: BootBackup-LinuxData005-BKPAUTCITEL-20250524-2217
2025-05-24 22:17:25,550 - INFO - 
🔍 Processando boot volume: LinuxData012
2025-05-24 22:17:25,872 - INFO - ✅ Backup criado: BootBackup-LinuxData012-BKPAUTCITEL-20250524-2217
2025-05-24 22:17:26,123 - INFO - 
🔍 Processando boot volume: LinuxData006
2025-05-24 22:17:26,430 - INFO - ✅ Backup criado: BootBackup-LinuxData006-BKPAUTCITEL-20250524-2217
2025-05-24 22:17:27,143 - INFO - 
🔍 Processando boot volume: LinuxData013
2025-05-24 22:17:27,291 - WARNING - ⚠️ Tentativa 1: Limite de requisições. Aguardando 1s...
2025-05-24 22:17:29,195 - WARNING - ⚠️ Tentativa 2: Limite de requisições. Aguardando 2s...
2025-05-24 22:17:36,619 - INFO - ✅ Backup criado: BootBackup-LinuxData013-BKPAUTCITEL-20250524-2217
2025-05-24 22:17:37,332 - INFO - 
🔍 Processando boot volume: LinuxData011
2025-05-24 22:17:37,481 - WARNING - ⚠️ Tentativa 1: Limite de requisições. Aguardando 1s...
2025-05-24 22:17:42,862 - INFO - ✅ Backup criado: BootBackup-LinuxData011-BKPAUTCITEL-20250524-2217
2025-05-24 22:17:43,563 - INFO - 
🔍 Processando boot volume: LinuxData008
2025-05-24 22:17:43,711 - WARNING - ⚠️ Tentativa 1: Limite de requisições. Aguardando 1s...
2025-05-24 22:17:47,784 - WARNING - ⚠️ Tentativa 2: Limite de requisições. Aguardando 2s...
2025-05-24 22:17:54,029 - INFO - ✅ Backup criado: BootBackup-LinuxData008-BKPAUTCITEL-20250524-2217
2025-05-24 22:17:54,761 - INFO - 
🔍 Processando boot volume: LinuxData007
2025-05-24 22:17:55,123 - INFO - ✅ Backup criado: BootBackup-LinuxData007-BKPAUTCITEL-20250524-2217
2025-05-24 22:17:55,848 - INFO - 
🔍 Processando boot volume: LinuxData055
2025-05-24 22:17:56,164 - INFO - ✅ Backup criado: BootBackup-LinuxData055-BKPAUTCITEL-20250524-2217
2025-05-24 22:17:56,890 - INFO - 
🔍 Processando boot volume: LinuxData009
2025-05-24 22:17:57,039 - WARNING - ⚠️ Tentativa 1: Limite de requisições. Aguardando 1s...
2025-05-24 22:18:02,825 - WARNING - ⚠️ Tentativa 2: Limite de requisições. Aguardando 2s...
2025-05-24 22:18:05,813 - INFO - ✅ Backup criado: BootBackup-LinuxData009-BKPAUTCITEL-20250524-2217
2025-05-24 22:18:06,527 - INFO - 
🔍 Processando boot volume: LinuxData014
2025-05-24 22:18:06,867 - INFO - ✅ Backup criado: BootBackup-LinuxData014-BKPAUTCITEL-20250524-2218
2025-05-24 22:18:07,567 - INFO - 
🔍 Processando boot volume: LinuxData050
2025-05-24 22:18:07,716 - WARNING - ⚠️ Tentativa 1: Limite de requisições. Aguardando 1s...
2025-05-24 22:18:12,925 - WARNING - ⚠️ Tentativa 2: Limite de requisições. Aguardando 2s...
2025-05-24 22:18:16,152 - WARNING - ⚠️ Tentativa 3: Limite de requisições. Aguardando 4s...
2025-05-24 22:18:23,760 - WARNING - ⚠️ Tentativa 4: Limite de requisições. Aguardando 8s...
2025-05-24 22:18:32,778 - INFO - ✅ Backup criado: BootBackup-LinuxData050-BKPAUTCITEL-20250524-2218
2025-05-24 22:18:33,500 - INFO - 
🔍 Processando boot volume: LinuxData018
2025-05-24 22:18:33,833 - INFO - ✅ Backup criado: BootBackup-LinuxData018-BKPAUTCITEL-20250524-2218
2025-05-24 22:18:34,541 - INFO - 
🔍 Processando boot volume: LinuxData016
2025-05-24 22:18:34,690 - WARNING - ⚠️ Tentativa 1: Limite de requisições. Aguardando 1s...
2025-05-24 22:18:37,438 - INFO - ✅ Backup criado: BootBackup-LinuxData016-BKPAUTCITEL-20250524-2218
2025-05-24 22:18:38,162 - INFO - 
🔍 Processando boot volume: LinuxData059
2025-05-24 22:18:38,508 - INFO - ✅ Backup criado: BootBackup-LinuxData059-BKPAUTCITEL-20250524-2218
2025-05-24 22:18:39,228 - INFO - 
🔍 Processando boot volume: LinuxData037
2025-05-24 22:18:39,570 - INFO - ✅ Backup criado: BootBackup-LinuxData037-BKPAUTCITEL-20250524-2218
2025-05-24 22:18:40,291 - INFO - 
🔍 Processando boot volume: LinuxData036
2025-05-24 22:18:40,440 - WARNING - ⚠️ Tentativa 1: Limite de requisições. Aguardando 1s...
2025-05-24 22:18:44,142 - INFO - ✅ Backup criado: BootBackup-LinuxData036-BKPAUTCITEL-20250524-2218
2025-05-24 22:18:44,878 - INFO - 
🔍 Processando boot volume: LinuxData017
2025-05-24 22:18:45,217 - INFO - ✅ Backup criado: BootBackup-LinuxData017-BKPAUTCITEL-20250524-2218
2025-05-24 22:18:45,496 - INFO - 
🔍 Processando boot volume: LinuxData041
2025-05-24 22:18:45,849 - INFO - ✅ Backup criado: BootBackup-LinuxData041-BKPAUTCITEL-20250524-2218
2025-05-24 22:18:46,545 - INFO - 
🔍 Processando boot volume: LinuxData043
2025-05-24 22:18:46,852 - INFO - ✅ Backup criado: BootBackup-LinuxData043-BKPAUTCITEL-20250524-2218
2025-05-24 22:18:47,557 - INFO - 
🔍 Processando boot volume: LinuxData048
2025-05-24 22:18:47,875 - INFO - ✅ Backup criado: BootBackup-LinuxData048-BKPAUTCITEL-20250524-2218
2025-05-24 22:18:48,604 - INFO - 
🔍 Processando boot volume: LinuxData032
2025-05-24 22:18:48,944 - INFO - ✅ Backup criado: BootBackup-LinuxData032-BKPAUTCITEL-20250524-2218
2025-05-24 22:18:49,655 - INFO - 
🔍 Processando boot volume: LinuxData033
2025-05-24 22:18:49,806 - WARNING - ⚠️ Tentativa 1: Limite de requisições. Aguardando 1s...
2025-05-24 22:18:51,954 - INFO - ✅ Backup criado: BootBackup-LinuxData033-BKPAUTCITEL-20250524-2218
2025-05-24 22:18:52,655 - INFO - 
🔍 Processando boot volume: LinuxData034
2025-05-24 22:18:52,803 - WARNING - ⚠️ Tentativa 1: Limite de requisições. Aguardando 1s...
2025-05-24 22:18:58,201 - WARNING - ⚠️ Tentativa 2: Limite de requisições. Aguardando 2s...
2025-05-24 22:19:04,060 - INFO - ✅ Backup criado: BootBackup-LinuxData034-BKPAUTCITEL-20250524-2218
2025-05-24 22:19:04,754 - INFO - 
🔍 Processando boot volume: LinuxData029
2025-05-24 22:19:05,117 - INFO - ✅ Backup criado: BootBackup-LinuxData029-BKPAUTCITEL-20250524-2219
2025-05-24 22:19:05,851 - INFO - 
🔍 Processando boot volume: LinuxData019
2025-05-24 22:19:06,166 - INFO - ✅ Backup criado: BootBackup-LinuxData019-BKPAUTCITEL-20250524-2219
2025-05-24 22:19:06,878 - INFO - 
🔍 Processando boot volume: LinuxData021
2025-05-24 22:19:07,209 - INFO - ✅ Backup criado: BootBackup-LinuxData021-BKPAUTCITEL-20250524-2219
2025-05-24 22:19:07,970 - INFO - 
🔍 Processando boot volume: LinuxData022
2025-05-24 22:19:08,119 - WARNING - ⚠️ Tentativa 1: Limite de requisições. Aguardando 1s...
2025-05-24 22:19:12,695 - WARNING - ⚠️ Tentativa 2: Limite de requisições. Aguardando 2s...
2025-05-24 22:19:16,575 - WARNING - ⚠️ Tentativa 3: Limite de requisições. Aguardando 4s...
2025-05-24 22:19:24,365 - INFO - ✅ Backup criado: BootBackup-LinuxData022-BKPAUTCITEL-20250524-2219
2025-05-24 22:19:25,082 - INFO - 
🔍 Processando boot volume: LinuxData024
2025-05-24 22:19:25,232 - WARNING - ⚠️ Tentativa 1: Limite de requisições. Aguardando 1s...
2025-05-24 22:19:29,953 - WARNING - ⚠️ Tentativa 2: Limite de requisições. Aguardando 2s...
2025-05-24 22:19:36,066 - INFO - ✅ Backup criado: BootBackup-LinuxData024-BKPAUTCITEL-20250524-2219
2025-05-24 22:19:36,784 - INFO - 
🔍 Processando boot volume: LinuxData020
2025-05-24 22:19:36,933 - WARNING - ⚠️ Tentativa 1: Limite de requisições. Aguardando 1s...
2025-05-24 22:19:40,758 - INFO - ✅ Backup criado: BootBackup-LinuxData020-BKPAUTCITEL-20250524-2219
2025-05-24 22:19:41,457 - INFO - 
🔍 Processando boot volume: LinuxData026
2025-05-24 22:19:41,605 - WARNING - ⚠️ Tentativa 1: Limite de requisições. Aguardando 1s...
2025-05-24 22:19:45,340 - INFO - ✅ Backup criado: BootBackup-LinuxData026-BKPAUTCITEL-20250524-2219
2025-05-24 22:19:46,049 - INFO - 
🔍 Processando boot volume: LinuxData028
2025-05-24 22:19:46,347 - INFO - ✅ Backup criado: BootBackup-LinuxData028-BKPAUTCITEL-20250524-2219
2025-05-24 22:19:47,078 - INFO - 
🔍 Processando boot volume: LinuxData030
2025-05-24 22:19:47,429 - INFO - ✅ Backup criado: BootBackup-LinuxData030-BKPAUTCITEL-20250524-2219
2025-05-24 22:19:48,157 - INFO - 
🔍 Processando boot volume: LinuxData040
2025-05-24 22:19:48,476 - INFO - ✅ Backup criado: BootBackup-LinuxData040-BKPAUTCITEL-20250524-2219
2025-05-24 22:19:49,205 - INFO - 
🔍 Processando boot volume: LinuxData065
2025-05-24 22:19:49,549 - INFO - ✅ Backup criado: BootBackup-LinuxData065-BKPAUTCITEL-20250524-2219
2025-05-24 22:19:50,283 - INFO - 
🔍 Processando boot volume: LinuxData072
2025-05-24 22:19:50,586 - INFO - ✅ Backup criado: BootBackup-LinuxData072-BKPAUTCITEL-20250524-2219
2025-05-24 22:19:51,332 - INFO - 
🔍 Processando boot volume: LinuxData001
2025-05-24 22:19:51,674 - INFO - ✅ Backup criado: BootBackup-LinuxData001-BKPAUTCITEL-20250524-2219
2025-05-24 22:19:52,367 - INFO - 
🔍 Processando boot volume: LinuxData002
2025-05-24 22:19:52,516 - WARNING - ⚠️ Tentativa 1: Limite de requisições. Aguardando 1s...
2025-05-24 22:19:56,867 - INFO - ✅ Backup criado: BootBackup-LinuxData002-BKPAUTCITEL-20250524-2219
2025-05-24 22:19:57,594 - INFO - 
🔍 Processando boot volume: LinuxTSPlus20_boot_clone0105
2025-05-24 22:19:57,913 - INFO - ✅ Backup criado: BootBackup-LinuxTSPlus20_boot_clone0105-BKPAUTCITEL-20250524-2219
2025-05-24 22:19:58,604 - INFO - 
🔍 Processando boot volume: LinuxData013_clone06052025
2025-05-24 22:19:58,918 - INFO - ✅ Backup criado: BootBackup-LinuxData013_clone06052025-BKPAUTCITEL-20250524-2219
2025-05-24 22:19:59,604 - INFO - 
✅ Execução concluída com sucesso
