2025-05-24 19:02:26,041 - INFO - 
🔍 Processando boot volume: LinuxTSPlus20
2025-05-24 19:02:26,377 - INFO - ✅ Backup criado: BootBackup-LinuxTSPlus20-BKPAUTCITEL-20250524-1902
2025-05-24 19:02:26,663 - WARNING - ⏳ Backup ignorado (estado TERMINATED): Auto-backup for 2025-05-09 08:00:00 via policy: Citel_Diario04
2025-05-24 19:02:26,664 - INFO - 
🔍 Processando boot volume: LinuxTSPlus25
2025-05-24 19:02:26,971 - INFO - ✅ Backup criado: BootBackup-LinuxTSPlus25-BKPAUTCITEL-20250524-1902
2025-05-24 19:02:27,711 - WARNING - ⏳ Backup ignorado (estado TERMINATED): Auto-backup for 2025-05-09 08:00:00 via policy: Citel_Diario04
2025-05-24 19:02:27,711 - INFO - 
🔍 Processando boot volume: LinuxTSPlus1
2025-05-24 19:02:28,047 - INFO - ✅ Backup criado: BootBackup-LinuxTSPlus1-BKPAUTCITEL-20250524-1902
2025-05-24 19:02:28,322 - WARNING - ⏳ Backup ignorado (estado TERMINATED): Auto-backup for 2025-05-09 08:00:00 via policy: Citel_Diario04
2025-05-24 19:02:28,323 - INFO - 
🔍 Processando boot volume: LinuxTSPlus2
2025-05-24 19:02:28,652 - INFO - ✅ Backup criado: BootBackup-LinuxTSPlus2-BKPAUTCITEL-20250524-1902
2025-05-24 19:02:29,365 - WARNING - ⏳ Backup ignorado (estado TERMINATED): Auto-backup for 2025-05-09 08:00:00 via policy: Citel_Diario04
2025-05-24 19:02:29,365 - INFO - 
🔍 Processando boot volume: LinuxTSPlus4
2025-05-24 19:02:29,720 - INFO - ✅ Backup criado: BootBackup-LinuxTSPlus4-BKPAUTCITEL-20250524-1902
2025-05-24 19:02:29,994 - WARNING - ⏳ Backup ignorado (estado TERMINATED): Auto-backup for 2025-05-09 08:00:00 via policy: Citel_Diario04
2025-05-24 19:02:29,995 - INFO - 
🔍 Processando boot volume: LinuxTSPlus6
2025-05-24 19:02:30,311 - INFO - ✅ Backup criado: BootBackup-LinuxTSPlus6-BKPAUTCITEL-20250524-1902
2025-05-24 19:02:31,046 - WARNING - ⏳ Backup ignorado (estado TERMINATED): Auto-backup for 2025-05-09 08:00:00 via policy: Citel_Diario04
2025-05-24 19:02:31,046 - INFO - 
🔍 Processando boot volume: LinuxTSPlus30
2025-05-24 19:02:31,370 - INFO - ✅ Backup criado: BootBackup-LinuxTSPlus30-BKPAUTCITEL-20250524-1902
2025-05-24 19:02:31,640 - WARNING - ⏳ Backup ignorado (estado TERMINATED): Auto-backup for 2025-05-09 08:00:00 via policy: Citel_Diario04
2025-05-24 19:02:31,640 - INFO - 
🔍 Processando boot volume: Temp-Subida_G_e_B (Boot Volume)
2025-05-24 19:02:31,973 - INFO - ✅ Backup criado: BootBackup-Temp-Subida_G_e_B (Boot Volume)-BKPAUTCITEL-20250524-1902
2025-05-24 19:02:32,706 - WARNING - ⏳ Backup ignorado (estado TERMINATED): Auto-backup for 2025-05-09 08:00:00 via policy: Citel_Diario04
2025-05-24 19:02:32,706 - INFO - 
🔍 Processando boot volume: Banco_BelaTintas (Boot Volume)
2025-05-24 19:02:32,859 - WARNING - ⚠️ Tentativa 1: Limite de requisições. Aguardando 1s...
2025-05-24 19:02:34,606 - WARNING - ⚠️ Tentativa 2: Limite de requisições. Aguardando 2s...
2025-05-24 19:02:42,048 - WARNING - ⚠️ Tentativa 3: Limite de requisições. Aguardando 4s...
2025-05-24 19:02:51,236 - INFO - ✅ Backup criado: BootBackup-Banco_BelaTintas (Boot Volume)-BKPAUTCITEL-20250524-1902
2025-05-24 19:02:51,508 - WARNING - ⏳ Backup ignorado (estado TERMINATED): Auto-backup for 2025-05-09 08:00:00 via policy: Citel_Diario04
2025-05-24 19:02:51,509 - INFO - 
🔍 Processando boot volume: Banco_BelaTintas_clone29042025
2025-05-24 19:02:51,842 - INFO - ✅ Backup criado: BootBackup-Banco_BelaTintas_clone29042025-BKPAUTCITEL-20250524-1902
2025-05-24 19:02:52,562 - WARNING - ⏳ Backup ignorado (estado TERMINATED): Auto-backup for 2025-05-09 08:00:00 via policy: Citel_Diario04
2025-05-24 19:02:52,563 - INFO - 
🔍 Processando boot volume: LinuxTSPlus11_clone2904
2025-05-24 19:02:52,897 - INFO - ✅ Backup criado: BootBackup-LinuxTSPlus11_clone2904-BKPAUTCITEL-20250524-1902
2025-05-24 19:02:53,149 - WARNING - ⏳ Backup ignorado (estado TERMINATED): Auto-backup for 2025-05-09 08:00:00 via policy: Citel_Diario04
2025-05-24 19:02:53,150 - INFO - 
🔍 Processando boot volume: LinuxTSPlus30_boot_clone2904
2025-05-24 19:02:53,450 - INFO - ✅ Backup criado: BootBackup-LinuxTSPlus30_boot_clone2904-BKPAUTCITEL-20250524-1902
2025-05-24 19:02:54,168 - WARNING - ⏳ Backup ignorado (estado TERMINATED): Auto-backup for 2025-05-09 08:00:00 via policy: Citel_Diario04
2025-05-24 19:02:54,169 - INFO - 
🔍 Processando boot volume: LinuxTSPlus12_boot_clone2904
2025-05-24 19:02:54,317 - WARNING - ⚠️ Tentativa 1: Limite de requisições. Aguardando 1s...
2025-05-24 19:02:59,862 - WARNING - ⚠️ Tentativa 2: Limite de requisições. Aguardando 2s...
2025-05-24 19:03:05,892 - INFO - ✅ Backup criado: BootBackup-LinuxTSPlus12_boot_clone2904-BKPAUTCITEL-20250524-1902
2025-05-24 19:03:06,190 - WARNING - ⏳ Backup ignorado (estado TERMINATED): Auto-backup for 2025-05-09 08:00:00 via policy: Citel_Diario04
2025-05-24 19:03:06,190 - INFO - 
🔍 Processando boot volume: LinuxTSPlus55_boot_clone2904
2025-05-24 19:03:06,504 - INFO - ✅ Backup criado: BootBackup-LinuxTSPlus55_boot_clone2904-BKPAUTCITEL-20250524-1903
2025-05-24 19:03:07,212 - WARNING - ⏳ Backup ignorado (estado TERMINATED): Auto-backup for 2025-05-09 08:00:00 via policy: Citel_Diario04
2025-05-24 19:03:07,212 - INFO - 
🔍 Processando boot volume: LinuxTSPlus65_boot_clone2904
2025-05-24 19:03:07,361 - WARNING - ⚠️ Tentativa 1: Limite de requisições. Aguardando 1s...
2025-05-24 19:03:12,666 - INFO - ✅ Backup criado: BootBackup-LinuxTSPlus65_boot_clone2904-BKPAUTCITEL-20250524-1903
2025-05-24 19:03:13,376 - WARNING - ⏳ Backup ignorado (estado TERMINATED): Auto-backup for 2025-05-09 08:00:00 via policy: Citel_Diario04
2025-05-24 19:03:13,377 - INFO - 
🔍 Processando boot volume: LinuxTSPlus28_boot_clone2904
2025-05-24 19:03:13,526 - WARNING - ⚠️ Tentativa 1: Limite de requisições. Aguardando 1s...
2025-05-24 19:03:15,825 - WARNING - ⚠️ Tentativa 2: Limite de requisições. Aguardando 2s...
2025-05-24 19:03:22,972 - WARNING - ⚠️ Tentativa 3: Limite de requisições. Aguardando 4s...
2025-05-24 19:03:31,623 - INFO - ✅ Backup criado: BootBackup-LinuxTSPlus28_boot_clone2904-BKPAUTCITEL-20250524-1903
2025-05-24 19:03:32,343 - WARNING - ⏳ Backup ignorado (estado TERMINATED): Auto-backup for 2025-05-09 08:00:00 via policy: Citel_Diario04
2025-05-24 19:03:32,344 - INFO - 
🔍 Processando boot volume: LinuxTSPlus72_boot_clone2904
2025-05-24 19:03:32,672 - INFO - ✅ Backup criado: BootBackup-LinuxTSPlus72_boot_clone2904-BKPAUTCITEL-20250524-1903
2025-05-24 19:03:32,964 - WARNING - ⏳ Backup ignorado (estado TERMINATED): Auto-backup for 2025-05-09 08:00:00 via policy: Citel_Diario04
2025-05-24 19:03:32,964 - INFO - 
🔍 Processando boot volume: LinuxTSPlus43_boot_clone2904
2025-05-24 19:03:33,293 - INFO - ✅ Backup criado: BootBackup-LinuxTSPlus43_boot_clone2904-BKPAUTCITEL-20250524-1903
2025-05-24 19:03:33,996 - WARNING - ⏳ Backup ignorado (estado TERMINATED): Auto-backup for 2025-05-09 08:00:00 via policy: Citel_Diario04
2025-05-24 19:03:33,996 - INFO - 
🔍 Processando boot volume: LinuxTSPlus50_boot_clone2904
2025-05-24 19:03:34,145 - WARNING - ⚠️ Tentativa 1: Limite de requisições. Aguardando 1s...
2025-05-24 19:03:36,396 - INFO - ✅ Backup criado: BootBackup-LinuxTSPlus50_boot_clone2904-BKPAUTCITEL-20250524-1903
2025-05-24 19:03:36,662 - WARNING - ⏳ Backup ignorado (estado TERMINATED): Auto-backup for 2025-05-09 08:00:00 via policy: Citel_Diario04
2025-05-24 19:03:36,663 - INFO - 
🔍 Processando boot volume: LinuxTSPlus37_boot_clone2904
2025-05-24 19:03:36,977 - INFO - ✅ Backup criado: BootBackup-LinuxTSPlus37_boot_clone2904-BKPAUTCITEL-20250524-1903
2025-05-24 19:03:37,681 - WARNING - ⏳ Backup ignorado (estado TERMINATED): Auto-backup for 2025-05-09 08:00:00 via policy: Citel_Diario04
2025-05-24 19:03:37,681 - INFO - 
🔍 Processando boot volume: LinuxTSPlus32_boot_clone2904
2025-05-24 19:03:38,024 - INFO - ✅ Backup criado: BootBackup-LinuxTSPlus32_boot_clone2904-BKPAUTCITEL-20250524-1903
2025-05-24 19:03:38,731 - WARNING - ⏳ Backup ignorado (estado TERMINATED): Auto-backup for 2025-05-09 08:00:00 via policy: Citel_Diario04
2025-05-24 19:03:38,731 - INFO - 
🔍 Processando boot volume: LinuxTSPlus2_boot_clone2904
2025-05-24 19:03:39,054 - INFO - ✅ Backup criado: BootBackup-LinuxTSPlus2_boot_clone2904-BKPAUTCITEL-20250524-1903
2025-05-24 19:03:39,759 - WARNING - ⏳ Backup ignorado (estado TERMINATED): Auto-backup for 2025-05-09 08:00:00 via policy: Citel_Diario04
2025-05-24 19:03:39,760 - INFO - 
🔍 Processando boot volume: LinuxTSPlus25_boot_clone2904
2025-05-24 19:03:40,167 - INFO - ✅ Backup criado: BootBackup-LinuxTSPlus25_boot_clone2904-BKPAUTCITEL-20250524-1903
2025-05-24 19:03:40,418 - WARNING - ⏳ Backup ignorado (estado TERMINATED): Auto-backup for 2025-05-09 08:00:00 via policy: Citel_Diario04
2025-05-24 19:03:40,418 - INFO - 
🔍 Processando boot volume: LinuxTSPlus13_boot_clone2904
2025-05-24 19:03:40,734 - INFO - ✅ Backup criado: BootBackup-LinuxTSPlus13_boot_clone2904-BKPAUTCITEL-20250524-1903
2025-05-24 19:03:41,448 - WARNING - ⏳ Backup ignorado (estado TERMINATED): Auto-backup for 2025-05-09 08:00:00 via policy: Citel_Diario04
2025-05-24 19:03:41,448 - INFO - 
🔍 Processando boot volume: LinuxTSPlus9-boot_clone2904
2025-05-24 19:03:41,796 - INFO - ✅ Backup criado: BootBackup-LinuxTSPlus9-boot_clone2904-BKPAUTCITEL-20250524-1903
2025-05-24 19:03:42,058 - WARNING - ⏳ Backup ignorado (estado TERMINATED): Auto-backup for 2025-05-09 08:00:00 via policy: Citel_Diario04
2025-05-24 19:03:42,058 - INFO - 
🔍 Processando boot volume: LinuxTSPlus16_boot_clone2904
2025-05-24 19:03:42,357 - INFO - ✅ Backup criado: BootBackup-LinuxTSPlus16_boot_clone2904-BKPAUTCITEL-20250524-1903
2025-05-24 19:03:43,082 - WARNING - ⏳ Backup ignorado (estado TERMINATED): Auto-backup for 2025-05-09 08:00:00 via policy: Citel_Diario04
2025-05-24 19:03:43,083 - INFO - 
🔍 Processando boot volume: LinuxTSPlus17_boot_clone2904
2025-05-24 19:03:43,231 - WARNING - ⚠️ Tentativa 1: Limite de requisições. Aguardando 1s...
2025-05-24 19:03:47,027 - INFO - ✅ Backup criado: BootBackup-LinuxTSPlus17_boot_clone2904-BKPAUTCITEL-20250524-1903
2025-05-24 19:03:47,287 - WARNING - ⏳ Backup ignorado (estado TERMINATED): Auto-backup for 2025-05-09 08:00:00 via policy: Citel_Diario04
2025-05-24 19:03:47,287 - INFO - 
🔍 Processando boot volume: LinuxTSPlus7-boot_clone2904
2025-05-24 19:03:47,619 - INFO - ✅ Backup criado: BootBackup-LinuxTSPlus7-boot_clone2904-BKPAUTCITEL-20250524-1903
2025-05-24 19:03:48,318 - WARNING - ⏳ Backup ignorado (estado TERMINATED): Auto-backup for 2025-05-09 08:00:00 via policy: Citel_Diario04
2025-05-24 19:03:48,319 - INFO - 
🔍 Processando boot volume: LinuxTSPlus6-boot-clone2904
2025-05-24 19:03:48,467 - WARNING - ⚠️ Tentativa 1: Limite de requisições. Aguardando 1s...
2025-05-24 19:03:50,447 - WARNING - ⚠️ Tentativa 2: Limite de requisições. Aguardando 2s...
2025-05-24 19:03:56,090 - WARNING - ⚠️ Tentativa 3: Limite de requisições. Aguardando 4s...
2025-05-24 19:04:05,836 - INFO - ✅ Backup criado: BootBackup-LinuxTSPlus6-boot-clone2904-BKPAUTCITEL-20250524-1903
2025-05-24 19:04:06,537 - WARNING - ⏳ Backup ignorado (estado TERMINATED): Auto-backup for 2025-05-09 08:00:00 via policy: Citel_Diario04
2025-05-24 19:04:06,538 - INFO - 
🔍 Processando boot volume: LinuxTSPlus18-boot-clone2904
2025-05-24 19:04:06,689 - WARNING - ⚠️ Tentativa 1: Limite de requisições. Aguardando 1s...
2025-05-24 19:04:12,918 - WARNING - ⚠️ Tentativa 2: Limite de requisições. Aguardando 2s...
2025-05-24 19:04:17,738 - WARNING - ⚠️ Tentativa 3: Limite de requisições. Aguardando 4s...
2025-05-24 19:04:25,572 - WARNING - ⚠️ Tentativa 4: Limite de requisições. Aguardando 8s...
2025-05-24 19:04:34,559 - INFO - ✅ Backup criado: BootBackup-LinuxTSPlus18-boot-clone2904-BKPAUTCITEL-20250524-1904
2025-05-24 19:04:35,281 - WARNING - ⏳ Backup ignorado (estado TERMINATED): Auto-backup for 2025-05-09 08:00:00 via policy: Citel_Diario04
2025-05-24 19:04:35,281 - INFO - 
🔍 Processando boot volume: Linux-checkdisks (Boot Volume)
2025-05-24 19:04:35,621 - INFO - ✅ Backup criado: BootBackup-Linux-checkdisks (Boot Volume)-BKPAUTCITEL-20250524-1904
2025-05-24 19:04:35,867 - INFO - 
🔍 Processando boot volume: LinuxDataBelaTintas
2025-05-24 19:04:36,174 - INFO - ✅ Backup criado: BootBackup-LinuxDataBelaTintas-BKPAUTCITEL-20250524-1904
2025-05-24 19:04:36,922 - WARNING - ⏳ Backup ignorado (estado TERMINATED): Auto-backup for 2025-05-09 08:00:00 via policy: Citel_Diario04
2025-05-24 19:04:36,922 - INFO - 
🔍 Processando boot volume: LinuxTSPlus5-boot-clone2904
2025-05-24 19:04:37,317 - INFO - ✅ Backup criado: BootBackup-LinuxTSPlus5-boot-clone2904-BKPAUTCITEL-20250524-1904
2025-05-24 19:04:38,043 - WARNING - ⏳ Backup ignorado (estado TERMINATED): Auto-backup for 2025-05-09 08:00:00 via policy: Citel_Diario04
2025-05-24 19:04:38,043 - INFO - 
🔍 Processando boot volume: LinuxData010
2025-05-24 19:04:38,361 - INFO - ✅ Backup criado: BootBackup-LinuxData010-BKPAUTCITEL-20250524-1904
2025-05-24 19:04:39,070 - WARNING - ⏳ Backup ignorado (estado TERMINATED): Auto-backup for 2025-05-09 08:00:00 via policy: Citel_Diario04
2025-05-24 19:04:39,071 - INFO - 
🔍 Processando boot volume: LinuxData025
2025-05-24 19:04:39,411 - INFO - ✅ Backup criado: BootBackup-LinuxData025-BKPAUTCITEL-20250524-1904
2025-05-24 19:04:40,126 - WARNING - ⏳ Backup ignorado (estado TERMINATED): Auto-backup for 2025-05-09 08:00:00 via policy: Citel_Diario04
2025-05-24 19:04:40,127 - INFO - 
🔍 Processando boot volume: LinuxData004
2025-05-24 19:04:40,485 - INFO - ✅ Backup criado: BootBackup-LinuxData004-BKPAUTCITEL-20250524-1904
2025-05-24 19:04:41,188 - WARNING - ⏳ Backup ignorado (estado TERMINATED): Auto-backup for 2025-05-09 08:00:00 via policy: Citel_Diario04
2025-05-24 19:04:41,189 - INFO - 
🔍 Processando boot volume: LinuxData005
2025-05-24 19:04:41,337 - WARNING - ⚠️ Tentativa 1: Limite de requisições. Aguardando 1s...
2025-05-24 19:04:45,520 - WARNING - ⚠️ Tentativa 2: Limite de requisições. Aguardando 2s...
2025-05-24 19:04:50,684 - INFO - ✅ Backup criado: BootBackup-LinuxData005-BKPAUTCITEL-20250524-1904
2025-05-24 19:04:51,378 - WARNING - ⏳ Backup ignorado (estado TERMINATED): Auto-backup for 2025-05-09 08:00:00 via policy: Citel_Diario04
2025-05-24 19:04:51,378 - INFO - 
🔍 Processando boot volume: LinuxData012
2025-05-24 19:04:51,526 - WARNING - ⚠️ Tentativa 1: Limite de requisições. Aguardando 1s...
2025-05-24 19:04:57,903 - INFO - ✅ Backup criado: BootBackup-LinuxData012-BKPAUTCITEL-20250524-1904
2025-05-24 19:04:58,174 - WARNING - ⏳ Backup ignorado (estado TERMINATED): Auto-backup for 2025-05-09 08:00:00 via policy: Citel_Diario04
2025-05-24 19:04:58,174 - INFO - 
🔍 Processando boot volume: LinuxData006
2025-05-24 19:04:58,529 - INFO - ✅ Backup criado: BootBackup-LinuxData006-BKPAUTCITEL-20250524-1904
2025-05-24 19:04:59,241 - WARNING - ⏳ Backup ignorado (estado TERMINATED): Auto-backup for 2025-05-09 08:00:00 via policy: Citel_Diario04
2025-05-24 19:04:59,242 - INFO - 
🔍 Processando boot volume: LinuxData013
2025-05-24 19:04:59,390 - WARNING - ⚠️ Tentativa 1: Limite de requisições. Aguardando 1s...
2025-05-24 19:05:01,805 - INFO - ✅ Backup criado: BootBackup-LinuxData013-BKPAUTCITEL-20250524-1904
2025-05-24 19:05:02,524 - WARNING - ⏳ Backup ignorado (estado TERMINATED): Auto-backup for 2025-05-09 08:00:00 via policy: Citel_Diario04
2025-05-24 19:05:02,525 - INFO - 
🔍 Processando boot volume: LinuxData011
2025-05-24 19:05:02,674 - WARNING - ⚠️ Tentativa 1: Limite de requisições. Aguardando 1s...
2025-05-24 19:05:05,724 - INFO - ✅ Backup criado: BootBackup-LinuxData011-BKPAUTCITEL-20250524-1905
2025-05-24 19:05:06,443 - WARNING - ⏳ Backup ignorado (estado TERMINATED): Auto-backup for 2025-05-09 08:00:00 via policy: Citel_Diario04
2025-05-24 19:05:06,444 - INFO - 
🔍 Processando boot volume: LinuxData008
2025-05-24 19:05:06,754 - INFO - ✅ Backup criado: BootBackup-LinuxData008-BKPAUTCITEL-20250524-1905
2025-05-24 19:05:07,468 - WARNING - ⏳ Backup ignorado (estado TERMINATED): Auto-backup for 2025-05-09 08:00:00 via policy: Citel_Diario04
2025-05-24 19:05:07,469 - INFO - 
🔍 Processando boot volume: LinuxData007
2025-05-24 19:05:07,797 - INFO - ✅ Backup criado: BootBackup-LinuxData007-BKPAUTCITEL-20250524-1905
2025-05-24 19:05:08,514 - WARNING - ⏳ Backup ignorado (estado TERMINATED): Auto-backup for 2025-05-09 08:00:00 via policy: Citel_Diario04
2025-05-24 19:05:08,515 - INFO - 
🔍 Processando boot volume: LinuxData055
2025-05-24 19:05:08,832 - INFO - ✅ Backup criado: BootBackup-LinuxData055-BKPAUTCITEL-20250524-1905
2025-05-24 19:05:09,563 - WARNING - ⏳ Backup ignorado (estado TERMINATED): Auto-backup for 2025-05-09 08:00:00 via policy: Citel_Diario04
2025-05-24 19:05:09,563 - INFO - 
🔍 Processando boot volume: LinuxData009
2025-05-24 19:05:09,712 - WARNING - ⚠️ Tentativa 1: Limite de requisições. Aguardando 1s...
2025-05-24 19:05:13,181 - INFO - ✅ Backup criado: BootBackup-LinuxData009-BKPAUTCITEL-20250524-1905
2025-05-24 19:05:13,884 - WARNING - ⏳ Backup ignorado (estado TERMINATED): Auto-backup for 2025-05-09 08:00:00 via policy: Citel_Diario04
2025-05-24 19:05:13,885 - INFO - 
🔍 Processando boot volume: LinuxData014
2025-05-24 19:05:14,034 - WARNING - ⚠️ Tentativa 1: Limite de requisições. Aguardando 1s...
2025-05-24 19:05:19,693 - WARNING - ⚠️ Tentativa 2: Limite de requisições. Aguardando 2s...
2025-05-24 19:05:27,109 - INFO - ✅ Backup criado: BootBackup-LinuxData014-BKPAUTCITEL-20250524-1905
2025-05-24 19:05:27,413 - WARNING - ⏳ Backup ignorado (estado TERMINATED): Auto-backup for 2025-05-09 08:00:00 via policy: Citel_Diario04
2025-05-24 19:05:27,413 - INFO - 
🔍 Processando boot volume: LinuxData050
2025-05-24 19:05:27,728 - INFO - ✅ Backup criado: BootBackup-LinuxData050-BKPAUTCITEL-20250524-1905
2025-05-24 19:05:28,453 - WARNING - ⏳ Backup ignorado (estado TERMINATED): Auto-backup for 2025-05-09 08:00:00 via policy: Citel_Diario04
2025-05-24 19:05:28,453 - INFO - 
🔍 Processando boot volume: LinuxData018
2025-05-24 19:05:28,602 - WARNING - ⚠️ Tentativa 1: Limite de requisições. Aguardando 1s...
2025-05-24 19:05:30,594 - WARNING - ⚠️ Tentativa 2: Limite de requisições. Aguardando 2s...
2025-05-24 19:05:35,658 - INFO - ✅ Backup criado: BootBackup-LinuxData018-BKPAUTCITEL-20250524-1905
2025-05-24 19:05:36,381 - WARNING - ⏳ Backup ignorado (estado TERMINATED): Auto-backup for 2025-05-09 08:00:00 via policy: Citel_Diario04
2025-05-24 19:05:36,381 - INFO - 
🔍 Processando boot volume: LinuxData016
2025-05-24 19:05:36,530 - WARNING - ⚠️ Tentativa 1: Limite de requisições. Aguardando 1s...
2025-05-24 19:05:41,551 - INFO - ✅ Backup criado: BootBackup-LinuxData016-BKPAUTCITEL-20250524-1905
2025-05-24 19:05:42,277 - WARNING - ⏳ Backup ignorado (estado TERMINATED): Auto-backup for 2025-05-09 08:00:00 via policy: Citel_Diario04
2025-05-24 19:05:42,278 - INFO - 
🔍 Processando boot volume: LinuxData059
2025-05-24 19:05:42,618 - INFO - ✅ Backup criado: BootBackup-LinuxData059-BKPAUTCITEL-20250524-1905
2025-05-24 19:05:43,329 - WARNING - ⏳ Backup ignorado (estado TERMINATED): Auto-backup for 2025-05-09 08:00:00 via policy: Citel_Diario04
2025-05-24 19:05:43,330 - INFO - 
🔍 Processando boot volume: LinuxData037
2025-05-24 19:05:43,478 - WARNING - ⚠️ Tentativa 1: Limite de requisições. Aguardando 1s...
2025-05-24 19:05:49,571 - INFO - ✅ Backup criado: BootBackup-LinuxData037-BKPAUTCITEL-20250524-1905
2025-05-24 19:05:50,270 - WARNING - ⏳ Backup ignorado (estado TERMINATED): Auto-backup for 2025-05-09 08:00:00 via policy: Citel_Diario04
2025-05-24 19:05:50,270 - INFO - 
🔍 Processando boot volume: LinuxData036
2025-05-24 19:05:50,593 - INFO - ✅ Backup criado: BootBackup-LinuxData036-BKPAUTCITEL-20250524-1905
2025-05-24 19:05:51,294 - WARNING - ⏳ Backup ignorado (estado TERMINATED): Auto-backup for 2025-05-09 08:00:00 via policy: Citel_Diario04
2025-05-24 19:05:51,294 - INFO - 
🔍 Processando boot volume: LinuxData017
2025-05-24 19:05:51,443 - WARNING - ⚠️ Tentativa 1: Limite de requisições. Aguardando 1s...
2025-05-24 19:05:53,328 - WARNING - ⚠️ Tentativa 2: Limite de requisições. Aguardando 2s...
2025-05-24 19:05:58,584 - INFO - ✅ Backup criado: BootBackup-LinuxData017-BKPAUTCITEL-20250524-1905
2025-05-24 19:05:59,348 - WARNING - ⏳ Backup ignorado (estado TERMINATED): Auto-backup for 2025-05-09 08:00:00 via policy: Citel_Diario04
2025-05-24 19:05:59,349 - INFO - 
🔍 Processando boot volume: LinuxData041
2025-05-24 19:05:59,661 - INFO - ✅ Backup criado: BootBackup-LinuxData041-BKPAUTCITEL-20250524-1905
2025-05-24 19:06:00,361 - WARNING - ⏳ Backup ignorado (estado TERMINATED): Auto-backup for 2025-05-09 08:00:00 via policy: Citel_Diario04
2025-05-24 19:06:00,361 - INFO - 
🔍 Processando boot volume: LinuxData043
2025-05-24 19:06:00,512 - WARNING - ⚠️ Tentativa 1: Limite de requisições. Aguardando 1s...
2025-05-24 19:06:03,587 - WARNING - ⚠️ Tentativa 2: Limite de requisições. Aguardando 2s...
2025-05-24 19:06:06,296 - WARNING - ⚠️ Tentativa 3: Limite de requisições. Aguardando 4s...
2025-05-24 19:06:12,737 - INFO - ✅ Backup criado: BootBackup-LinuxData043-BKPAUTCITEL-20250524-1906
2025-05-24 19:06:13,459 - WARNING - ⏳ Backup ignorado (estado TERMINATED): Auto-backup for 2025-05-09 08:00:00 via policy: Citel_Diario04
2025-05-24 19:06:13,459 - INFO - 
🔍 Processando boot volume: LinuxData048
2025-05-24 19:06:13,778 - INFO - ✅ Backup criado: BootBackup-LinuxData048-BKPAUTCITEL-20250524-1906
2025-05-24 19:06:14,484 - WARNING - ⏳ Backup ignorado (estado TERMINATED): Auto-backup for 2025-05-09 08:00:00 via policy: Citel_Diario04
2025-05-24 19:06:14,484 - INFO - 
🔍 Processando boot volume: LinuxData032
2025-05-24 19:06:14,821 - INFO - ✅ Backup criado: BootBackup-LinuxData032-BKPAUTCITEL-20250524-1906
2025-05-24 19:06:15,550 - WARNING - ⏳ Backup ignorado (estado TERMINATED): Auto-backup for 2025-05-09 08:00:00 via policy: Citel_Diario04
2025-05-24 19:06:15,550 - INFO - 
🔍 Processando boot volume: LinuxData033
2025-05-24 19:06:15,700 - WARNING - ⚠️ Tentativa 1: Limite de requisições. Aguardando 1s...
2025-05-24 19:06:17,460 - WARNING - ⚠️ Tentativa 2: Limite de requisições. Aguardando 2s...
2025-05-24 19:06:20,688 - WARNING - ⚠️ Tentativa 3: Limite de requisições. Aguardando 4s...
2025-05-24 19:06:25,998 - WARNING - ⚠️ Tentativa 4: Limite de requisições. Aguardando 8s...
2025-05-24 19:06:37,149 - WARNING - ⚠️ Tentativa 5: Limite de requisições. Aguardando 16s...
2025-05-24 19:06:55,730 - WARNING - ⏳ Backup ignorado (estado TERMINATED): Auto-backup for 2025-05-09 08:00:00 via policy: Citel_Diario04
2025-05-24 19:06:55,730 - INFO - 
🔍 Processando boot volume: LinuxData034
2025-05-24 19:06:56,057 - INFO - ✅ Backup criado: BootBackup-LinuxData034-BKPAUTCITEL-20250524-1906
2025-05-24 19:06:56,776 - WARNING - ⏳ Backup ignorado (estado TERMINATED): Auto-backup for 2025-05-09 08:00:00 via policy: Citel_Diario04
2025-05-24 19:06:56,776 - INFO - 
🔍 Processando boot volume: LinuxData029
2025-05-24 19:06:57,103 - INFO - ✅ Backup criado: BootBackup-LinuxData029-BKPAUTCITEL-20250524-1906
2025-05-24 19:06:57,821 - WARNING - ⏳ Backup ignorado (estado TERMINATED): Auto-backup for 2025-05-09 08:00:00 via policy: Citel_Diario04
2025-05-24 19:06:57,821 - INFO - 
🔍 Processando boot volume: LinuxData019
2025-05-24 19:06:58,119 - INFO - ✅ Backup criado: BootBackup-LinuxData019-BKPAUTCITEL-20250524-1906
2025-05-24 19:06:58,840 - WARNING - ⏳ Backup ignorado (estado TERMINATED): Auto-backup for 2025-05-09 08:00:00 via policy: Citel_Diario04
2025-05-24 19:06:58,840 - INFO - 
🔍 Processando boot volume: LinuxData021
2025-05-24 19:06:58,988 - WARNING - ⚠️ Tentativa 1: Limite de requisições. Aguardando 1s...
2025-05-24 19:07:03,786 - INFO - ✅ Backup criado: BootBackup-LinuxData021-BKPAUTCITEL-20250524-1906
2025-05-24 19:07:04,488 - WARNING - ⏳ Backup ignorado (estado TERMINATED): Auto-backup for 2025-05-09 08:00:00 via policy: Citel_Diario04
2025-05-24 19:07:04,489 - INFO - 
🔍 Processando boot volume: LinuxData022
2025-05-24 19:07:04,809 - INFO - ✅ Backup criado: BootBackup-LinuxData022-BKPAUTCITEL-20250524-1907
2025-05-24 19:07:05,543 - WARNING - ⏳ Backup ignorado (estado TERMINATED): Auto-backup for 2025-05-09 08:00:00 via policy: Citel_Diario04
2025-05-24 19:07:05,544 - INFO - 
🔍 Processando boot volume: LinuxData024
2025-05-24 19:07:05,853 - INFO - ✅ Backup criado: BootBackup-LinuxData024-BKPAUTCITEL-20250524-1907
2025-05-24 19:07:06,603 - WARNING - ⏳ Backup ignorado (estado TERMINATED): Auto-backup for 2025-05-09 08:00:00 via policy: Citel_Diario04
2025-05-24 19:07:06,603 - INFO - 
🔍 Processando boot volume: LinuxData020
2025-05-24 19:07:06,928 - INFO - ✅ Backup criado: BootBackup-LinuxData020-BKPAUTCITEL-20250524-1907
2025-05-24 19:07:07,644 - WARNING - ⏳ Backup ignorado (estado TERMINATED): Auto-backup for 2025-05-09 08:00:00 via policy: Citel_Diario04
2025-05-24 19:07:07,644 - INFO - 
🔍 Processando boot volume: LinuxData026
2025-05-24 19:07:07,980 - INFO - ✅ Backup criado: BootBackup-LinuxData026-BKPAUTCITEL-20250524-1907
2025-05-24 19:07:08,709 - WARNING - ⏳ Backup ignorado (estado TERMINATED): Auto-backup for 2025-05-09 08:00:00 via policy: Citel_Diario04
2025-05-24 19:07:08,709 - INFO - 
🔍 Processando boot volume: LinuxData028
2025-05-24 19:07:09,069 - INFO - ✅ Backup criado: BootBackup-LinuxData028-BKPAUTCITEL-20250524-1907
2025-05-24 19:07:09,793 - WARNING - ⏳ Backup ignorado (estado TERMINATED): Auto-backup for 2025-05-09 08:00:00 via policy: Citel_Diario04
2025-05-24 19:07:09,793 - INFO - 
🔍 Processando boot volume: LinuxData030
2025-05-24 19:07:10,131 - INFO - ✅ Backup criado: BootBackup-LinuxData030-BKPAUTCITEL-20250524-1907
2025-05-24 19:07:10,839 - WARNING - ⏳ Backup ignorado (estado TERMINATED): Auto-backup for 2025-05-09 08:00:00 via policy: Citel_Diario04
2025-05-24 19:07:10,839 - INFO - 
🔍 Processando boot volume: LinuxData040
2025-05-24 19:07:10,987 - WARNING - ⚠️ Tentativa 1: Limite de requisições. Aguardando 1s...
2025-05-24 19:07:12,941 - INFO - ✅ Backup criado: BootBackup-LinuxData040-BKPAUTCITEL-20250524-1907
2025-05-24 19:07:13,632 - WARNING - ⏳ Backup ignorado (estado TERMINATED): Auto-backup for 2025-05-09 08:00:00 via policy: Citel_Diario04
2025-05-24 19:07:13,633 - INFO - 
🔍 Processando boot volume: LinuxData065
2025-05-24 19:07:13,781 - WARNING - ⚠️ Tentativa 1: Limite de requisições. Aguardando 1s...
2025-05-24 19:07:17,355 - WARNING - ⚠️ Tentativa 2: Limite de requisições. Aguardando 2s...
2025-05-24 19:07:24,843 - WARNING - ⚠️ Tentativa 3: Limite de requisições. Aguardando 4s...
2025-05-24 19:07:34,184 - INFO - ✅ Backup criado: BootBackup-LinuxData065-BKPAUTCITEL-20250524-1907
2025-05-24 19:07:34,920 - WARNING - ⏳ Backup ignorado (estado TERMINATED): Auto-backup for 2025-05-09 08:00:00 via policy: Citel_Diario04
2025-05-24 19:07:34,921 - INFO - 
🔍 Processando boot volume: LinuxData072
2025-05-24 19:07:35,257 - INFO - ✅ Backup criado: BootBackup-LinuxData072-BKPAUTCITEL-20250524-1907
2025-05-24 19:07:36,022 - WARNING - ⏳ Backup ignorado (estado TERMINATED): Auto-backup for 2025-05-09 08:00:00 via policy: Citel_Diario04
2025-05-24 19:07:36,023 - INFO - 
🔍 Processando boot volume: LinuxData001
2025-05-24 19:07:36,171 - WARNING - ⚠️ Tentativa 1: Limite de requisições. Aguardando 1s...
2025-05-24 19:07:40,794 - INFO - ✅ Backup criado: BootBackup-LinuxData001-BKPAUTCITEL-20250524-1907
2025-05-24 19:07:41,519 - WARNING - ⏳ Backup ignorado (estado TERMINATED): Auto-backup for 2025-05-09 08:00:00 via policy: Citel_Diario04
2025-05-24 19:07:41,520 - INFO - 
🔍 Processando boot volume: LinuxData002
2025-05-24 19:07:41,668 - WARNING - ⚠️ Tentativa 1: Limite de requisições. Aguardando 1s...
2025-05-24 19:07:45,938 - WARNING - ⚠️ Tentativa 2: Limite de requisições. Aguardando 2s...
2025-05-24 19:07:48,782 - WARNING - ⚠️ Tentativa 3: Limite de requisições. Aguardando 4s...
2025-05-24 19:07:56,496 - INFO - ✅ Backup criado: BootBackup-LinuxData002-BKPAUTCITEL-20250524-1907
2025-05-24 19:07:57,186 - WARNING - ⏳ Backup ignorado (estado TERMINATED): Auto-backup for 2025-05-09 08:00:00 via policy: Citel_Diario04
2025-05-24 19:07:57,187 - INFO - 
🔍 Processando boot volume: LinuxTSPlus20_boot_clone0105
2025-05-24 19:07:57,554 - INFO - ✅ Backup criado: BootBackup-LinuxTSPlus20_boot_clone0105-BKPAUTCITEL-20250524-1907
2025-05-24 19:07:58,243 - INFO - 
🔍 Processando boot volume: LinuxData013_clone06052025
2025-05-24 19:07:58,722 - INFO - ✅ Backup criado: BootBackup-LinuxData013_clone06052025-BKPAUTCITEL-20250524-1907
2025-05-24 19:07:59,400 - INFO - 
🔁 Tentando novamente os backups que falharam...
2025-05-24 19:07:59,400 - INFO - 
🔄 Reprocessando: LinuxData033
2025-05-24 19:07:59,703 - INFO - ✅ Backup criado: BootBackup-LinuxData033-BKPAUTCITEL-20250524-1907
2025-05-24 19:07:59,703 - INFO - 
✅ Execução concluída com sucesso
