2025-05-24 13:11:32,147 - INFO - 
🔍 Processando block volume: LinuxTSPlus1_clone070525
2025-05-24 13:11:32,553 - INFO - ✅ Backup criado: BlockBackup-LinuxTSPlus1_clone070525-BKPAUTCITEL-20250524-1311
2025-05-24 13:11:33,220 - INFO - 
🔍 Processando block volume: Banco1LinuxTSPlus2_clone070525
2025-05-24 13:11:33,550 - INFO - ✅ Backup criado: BlockBackup-Banco1LinuxTSPlus2_clone070525-BKPAUTCITEL-20250524-1311
2025-05-24 13:11:34,188 - INFO - 
🔍 Processando block volume: Banco1LinuxTSPlus4_clone070525
2025-05-24 13:11:34,543 - INFO - ✅ Backup criado: BlockBackup-Banco1LinuxTSPlus4_clone070525-BKPAUTCITEL-20250524-1311
2025-05-24 13:11:35,187 - INFO - 
🔍 Processando block volume: Banco2LinuxTSPlus4_clone070525
2025-05-24 13:11:35,524 - INFO - ✅ Backup criado: BlockBackup-Banco2LinuxTSPlus4_clone070525-BKPAUTCITEL-20250524-1311
2025-05-24 13:11:36,157 - INFO - 
🔍 Processando block volume: Banco2LinuxTSPlus7_clone070525
2025-05-24 13:11:36,458 - INFO - ✅ Backup criado: BlockBackup-Banco2LinuxTSPlus7_clone070525-BKPAUTCITEL-20250524-1311
2025-05-24 13:11:37,105 - INFO - 
🔍 Processando block volume: Banco1LinuxTSPlus8_clone070525
2025-05-24 13:11:37,502 - INFO - ✅ Backup criado: BlockBackup-Banco1LinuxTSPlus8_clone070525-BKPAUTCITEL-20250524-1311
2025-05-24 13:11:38,152 - INFO - 
🔍 Processando block volume: Banco1LinuxTSPlus9_clone070525
2025-05-24 13:11:38,451 - INFO - ✅ Backup criado: BlockBackup-Banco1LinuxTSPlus9_clone070525-BKPAUTCITEL-20250524-1311
2025-05-24 13:11:39,093 - INFO - 
🔍 Processando block volume: Banco1LinuxTSPlus12_clone070525
2025-05-24 13:11:39,393 - INFO - ✅ Backup criado: BlockBackup-Banco1LinuxTSPlus12_clone070525-BKPAUTCITEL-20250524-1311
2025-05-24 13:11:40,039 - INFO - 
🔍 Processando block volume: Banco2LinuxTSPlus13_clone070525
2025-05-24 13:11:40,366 - INFO - ✅ Backup criado: BlockBackup-Banco2LinuxTSPlus13_clone070525-BKPAUTCITEL-20250524-1311
2025-05-24 13:11:41,003 - INFO - 
🔍 Processando block volume: BancoUbertintasTSPlus14_clone070525
2025-05-24 13:11:41,153 - WARNING - ⚠️ Tentativa 1: Limite de requisições. Aguardando 5s...
2025-05-24 13:11:47,890 - INFO - ✅ Backup criado: BlockBackup-BancoUbertintasTSPlus14_clone070525-BKPAUTCITEL-20250524-1311
2025-05-24 13:11:48,515 - INFO - 
🔍 Processando block volume: Banco2LinuxTSPlus14_clone070525
2025-05-24 13:11:48,664 - WARNING - ⚠️ Tentativa 1: Limite de requisições. Aguardando 5s...
2025-05-24 13:11:56,426 - INFO - ✅ Backup criado: BlockBackup-Banco2LinuxTSPlus14_clone070525-BKPAUTCITEL-20250524-1311
2025-05-24 13:11:57,074 - INFO - 
🔍 Processando block volume: Banco1LinuxTSPlus16_clone070525
2025-05-24 13:11:57,389 - INFO - ✅ Backup criado: BlockBackup-Banco1LinuxTSPlus16_clone070525-BKPAUTCITEL-20250524-1311
2025-05-24 13:11:58,028 - INFO - 
🔍 Processando block volume: Banco2LinuxBR5_clone070525
2025-05-24 13:11:58,400 - INFO - ✅ Backup criado: BlockBackup-Banco2LinuxBR5_clone070525-BKPAUTCITEL-20250524-1311
2025-05-24 13:11:59,043 - INFO - 
🔍 Processando block volume: Banco2LinuxTSPlus18_clone070525
2025-05-24 13:11:59,350 - INFO - ✅ Backup criado: BlockBackup-Banco2LinuxTSPlus18_clone070525-BKPAUTCITEL-20250524-1311
2025-05-24 13:11:59,985 - INFO - 
🔍 Processando block volume: Banco1LinuxTSPlus19_clone070525
2025-05-24 13:12:00,310 - INFO - ✅ Backup criado: BlockBackup-Banco1LinuxTSPlus19_clone070525-BKPAUTCITEL-20250524-1311
2025-05-24 13:12:00,959 - INFO - 
🔍 Processando block volume: Banco4LinuxTSPlus10_clone070525
2025-05-24 13:12:01,264 - INFO - ✅ Backup criado: BlockBackup-Banco4LinuxTSPlus10_clone070525-BKPAUTCITEL-20250524-1312
2025-05-24 13:12:01,912 - INFO - 
🔍 Processando block volume: Banco1LinuxTSPlus20_clone070525
2025-05-24 13:12:02,228 - INFO - ✅ Backup criado: BlockBackup-Banco1LinuxTSPlus20_clone070525-BKPAUTCITEL-20250524-1312
2025-05-24 13:12:02,864 - INFO - 
🔍 Processando block volume: Banco1LinuxTSPlus22_clone070525
2025-05-24 13:12:03,194 - INFO - ✅ Backup criado: BlockBackup-Banco1LinuxTSPlus22_clone070525-BKPAUTCITEL-20250524-1312
2025-05-24 13:12:03,823 - INFO - 
🔍 Processando block volume: Banco3LinuxTSPlus1_clone070525
2025-05-24 13:12:03,974 - WARNING - ⚠️ Tentativa 1: Limite de requisições. Aguardando 5s...
2025-05-24 13:12:11,110 - INFO - ✅ Backup criado: BlockBackup-Banco3LinuxTSPlus1_clone070525-BKPAUTCITEL-20250524-1312
2025-05-24 13:12:11,739 - INFO - 
🔍 Processando block volume: Banco1LinuxTSPlus24_clone070525
2025-05-24 13:12:12,068 - INFO - ✅ Backup criado: BlockBackup-Banco1LinuxTSPlus24_clone070525-BKPAUTCITEL-20250524-1312
2025-05-24 13:12:12,698 - INFO - 
🔍 Processando block volume: Banco3LinuxTSPlus9_clone070525
2025-05-24 13:12:13,008 - INFO - ✅ Backup criado: BlockBackup-Banco3LinuxTSPlus9_clone070525-BKPAUTCITEL-20250524-1312
2025-05-24 13:12:13,657 - INFO - 
🔍 Processando block volume: Banco_PalacioFerramentas_clone070525
2025-05-24 13:12:13,979 - INFO - ✅ Backup criado: BlockBackup-Banco_PalacioFerramentas_clone070525-BKPAUTCITEL-20250524-1312
2025-05-24 13:12:14,627 - INFO - 
🔍 Processando block volume: Banco1LinuxTSPlus25_clone070525
2025-05-24 13:12:14,776 - WARNING - ⚠️ Tentativa 1: Limite de requisições. Aguardando 5s...
2025-05-24 13:12:24,868 - INFO - ✅ Backup criado: BlockBackup-Banco1LinuxTSPlus25_clone070525-BKPAUTCITEL-20250524-1312
2025-05-24 13:12:25,519 - INFO - 
🔍 Processando block volume: Banco1LinuxTSPlus26_clone070525
2025-05-24 13:12:25,668 - WARNING - ⚠️ Tentativa 1: Limite de requisições. Aguardando 5s...
2025-05-24 13:12:34,588 - WARNING - ⚠️ Tentativa 2: Limite de requisições. Aguardando 10s...
2025-05-24 13:12:46,877 - INFO - ✅ Backup criado: BlockBackup-Banco1LinuxTSPlus26_clone070525-BKPAUTCITEL-20250524-1312
2025-05-24 13:12:47,512 - INFO - 
🔍 Processando block volume: Banco2LinuxTSPlus12_clone070525
2025-05-24 13:12:47,831 - INFO - ✅ Backup criado: BlockBackup-Banco2LinuxTSPlus12_clone070525-BKPAUTCITEL-20250524-1312
2025-05-24 13:12:48,491 - INFO - 
🔍 Processando block volume: Banco2LinuxTSPlus28_clone070525
2025-05-24 13:12:48,815 - INFO - ✅ Backup criado: BlockBackup-Banco2LinuxTSPlus28_clone070525-BKPAUTCITEL-20250524-1312
2025-05-24 13:12:49,437 - INFO - 
🔍 Processando block volume: Banco1LinuxTSPlus29_clone070525
2025-05-24 13:12:49,587 - WARNING - ⚠️ Tentativa 1: Limite de requisições. Aguardando 5s...
2025-05-24 13:12:56,713 - INFO - ✅ Backup criado: BlockBackup-Banco1LinuxTSPlus29_clone070525-BKPAUTCITEL-20250524-1312
2025-05-24 13:12:57,357 - INFO - 
🔍 Processando block volume: Banco1LinuxTSPlus30_clone070525
2025-05-24 13:12:57,707 - INFO - ✅ Backup criado: BlockBackup-Banco1LinuxTSPlus30_clone070525-BKPAUTCITEL-20250524-1312
2025-05-24 13:12:58,336 - INFO - 
🔍 Processando block volume: Banco3LinuxTSPlus6_clone070525
2025-05-24 13:12:58,485 - WARNING - ⚠️ Tentativa 1: Limite de requisições. Aguardando 5s...
2025-05-24 13:13:06,228 - WARNING - ⚠️ Tentativa 2: Limite de requisições. Aguardando 10s...
2025-05-24 13:13:18,381 - INFO - ✅ Backup criado: BlockBackup-Banco3LinuxTSPlus6_clone070525-BKPAUTCITEL-20250524-1312
2025-05-24 13:13:19,010 - INFO - 
🔍 Processando block volume: Banco1LinuxTSPLUS32_clone070525
2025-05-24 13:13:19,387 - INFO - ✅ Backup criado: BlockBackup-Banco1LinuxTSPLUS32_clone070525-BKPAUTCITEL-20250524-1313
2025-05-24 13:13:20,027 - INFO - 
🔍 Processando block volume: Banco1LinuxTSPLUS33_clone070525
2025-05-24 13:13:20,175 - WARNING - ⚠️ Tentativa 1: Limite de requisições. Aguardando 5s...
2025-05-24 13:13:26,170 - WARNING - ⚠️ Tentativa 2: Limite de requisições. Aguardando 10s...
2025-05-24 13:13:37,297 - INFO - ✅ Backup criado: BlockBackup-Banco1LinuxTSPLUS33_clone070525-BKPAUTCITEL-20250524-1313
2025-05-24 13:13:37,928 - INFO - 
🔍 Processando block volume: Banco1LinuxTSPLUS34_clone070525
2025-05-24 13:13:38,243 - INFO - ✅ Backup criado: BlockBackup-Banco1LinuxTSPLUS34_clone070525-BKPAUTCITEL-20250524-1313
2025-05-24 13:13:38,920 - INFO - 
🔍 Processando block volume: Banco1LinuxTSPLUS36_clone070525
2025-05-24 13:13:39,295 - INFO - ✅ Backup criado: BlockBackup-Banco1LinuxTSPLUS36_clone070525-BKPAUTCITEL-20250524-1313
2025-05-24 13:13:39,940 - INFO - 
🔍 Processando block volume: Banco1LinuxTSPLUS37_clone070525
2025-05-24 13:13:40,233 - INFO - ✅ Backup criado: BlockBackup-Banco1LinuxTSPLUS37_clone070525-BKPAUTCITEL-20250524-1313
2025-05-24 13:13:40,858 - INFO - 
🔍 Processando block volume: Banco1LinuxTSPLUS40_clone070525
2025-05-24 13:13:41,159 - INFO - ✅ Backup criado: BlockBackup-Banco1LinuxTSPLUS40_clone070525-BKPAUTCITEL-20250524-1313
2025-05-24 13:13:41,808 - INFO - 
🔍 Processando block volume: Banco1LinuxTSPLUS41_clone070525
2025-05-24 13:13:41,957 - WARNING - ⚠️ Tentativa 1: Limite de requisições. Aguardando 5s...
2025-05-24 13:13:49,726 - WARNING - ⚠️ Tentativa 2: Limite de requisições. Aguardando 10s...
2025-05-24 13:14:02,481 - INFO - ✅ Backup criado: BlockBackup-Banco1LinuxTSPLUS41_clone070525-BKPAUTCITEL-20250524-1313
2025-05-24 13:14:03,120 - INFO - 
🔍 Processando block volume: Banco3LinuxBR5_clone070525
2025-05-24 13:14:03,269 - WARNING - ⚠️ Tentativa 1: Limite de requisições. Aguardando 5s...
2025-05-24 13:14:11,345 - INFO - ✅ Backup criado: BlockBackup-Banco3LinuxBR5_clone070525-BKPAUTCITEL-20250524-1314
2025-05-24 13:14:11,976 - INFO - 
🔍 Processando block volume: Banco1LinuxTSPLUS43_clone070525
2025-05-24 13:14:12,270 - INFO - ✅ Backup criado: BlockBackup-Banco1LinuxTSPLUS43_clone070525-BKPAUTCITEL-20250524-1314
2025-05-24 13:14:12,900 - INFO - 
🔍 Processando block volume: Banco1LinuxTSPlus11_clone070525
2025-05-24 13:14:13,204 - INFO - ✅ Backup criado: BlockBackup-Banco1LinuxTSPlus11_clone070525-BKPAUTCITEL-20250524-1314
2025-05-24 13:14:13,841 - INFO - 
🔍 Processando block volume: Banco2LinuxTSPLUS65_clone070525
2025-05-24 13:14:13,990 - WARNING - ⚠️ Tentativa 1: Limite de requisições. Aguardando 5s...
2025-05-24 13:14:21,221 - WARNING - ⚠️ Tentativa 2: Limite de requisições. Aguardando 10s...
2025-05-24 13:14:33,125 - WARNING - ⚠️ Tentativa 3: Limite de requisições. Aguardando 20s...
2025-05-24 13:14:57,188 - INFO - ✅ Backup criado: BlockBackup-Banco2LinuxTSPLUS65_clone070525-BKPAUTCITEL-20250524-1314
2025-05-24 13:14:57,821 - INFO - 
🔍 Processando block volume: Banco2LinuxTSPlus17_clone070525
2025-05-24 13:14:58,131 - INFO - ✅ Backup criado: BlockBackup-Banco2LinuxTSPlus17_clone070525-BKPAUTCITEL-20250524-1314
2025-05-24 13:14:58,771 - INFO - 
🔍 Processando block volume: Banco3LinuxTSPlus8_clone070525
2025-05-24 13:14:59,085 - INFO - ✅ Backup criado: BlockBackup-Banco3LinuxTSPlus8_clone070525-BKPAUTCITEL-20250524-1314
2025-05-24 13:14:59,730 - INFO - 
🔍 Processando block volume: Banco 1 OracleBr48_clone070525
2025-05-24 13:15:00,041 - INFO - ✅ Backup criado: BlockBackup-Banco 1 OracleBr48_clone070525-BKPAUTCITEL-20250524-1314
2025-05-24 13:15:00,679 - INFO - 
🔍 Processando block volume: Banco5LinuxTSPlus10_clone070525
2025-05-24 13:15:01,052 - INFO - ✅ Backup criado: BlockBackup-Banco5LinuxTSPlus10_clone070525-BKPAUTCITEL-20250524-1315
2025-05-24 13:15:01,689 - INFO - 
🔍 Processando block volume: Banco1LinuxTSPlus50_clone070525
2025-05-24 13:15:02,018 - INFO - ✅ Backup criado: BlockBackup-Banco1LinuxTSPlus50_clone070525-BKPAUTCITEL-20250524-1315
2025-05-24 13:15:02,646 - INFO - 
🔍 Processando block volume: Banco2LinuxTSPlus20_clone070525
2025-05-24 13:15:03,018 - INFO - ✅ Backup criado: BlockBackup-Banco2LinuxTSPlus20_clone070525-BKPAUTCITEL-20250524-1315
2025-05-24 13:15:03,639 - INFO - 
🔍 Processando block volume: BancoPRODBelaTintas_clone070525
2025-05-24 13:15:03,787 - WARNING - ⚠️ Tentativa 1: Limite de requisições. Aguardando 5s...
2025-05-24 13:15:12,956 - WARNING - ⚠️ Tentativa 2: Limite de requisições. Aguardando 10s...
2025-05-24 13:15:27,941 - INFO - ✅ Backup criado: BlockBackup-BancoPRODBelaTintas_clone070525-BKPAUTCITEL-20250524-1315
2025-05-24 13:15:28,581 - INFO - 
🔍 Processando block volume: BancoPRODJRPais_clone070525
2025-05-24 13:15:28,729 - WARNING - ⚠️ Tentativa 1: Limite de requisições. Aguardando 5s...
2025-05-24 13:15:38,615 - WARNING - ⚠️ Tentativa 2: Limite de requisições. Aguardando 10s...
2025-05-24 13:15:50,624 - INFO - ✅ Backup criado: BlockBackup-BancoPRODJRPais_clone070525-BKPAUTCITEL-20250524-1315
2025-05-24 13:15:51,294 - INFO - 
🔍 Processando block volume: Banco3LinuxTSPlus7_clone070525
2025-05-24 13:15:51,635 - INFO - ✅ Backup criado: BlockBackup-Banco3LinuxTSPlus7_clone070525-BKPAUTCITEL-20250524-1315
2025-05-24 13:15:52,275 - INFO - 
🔍 Processando block volume: Banco1BR55_clone070525
2025-05-24 13:15:52,598 - INFO - ✅ Backup criado: BlockBackup-Banco1BR55_clone070525-BKPAUTCITEL-20250524-1315
2025-05-24 13:15:53,224 - INFO - 
🔍 Processando block volume: BancoLinux59_clone070525
2025-05-24 13:15:53,372 - WARNING - ⚠️ Tentativa 1: Limite de requisições. Aguardando 5s...
2025-05-24 13:15:59,516 - INFO - ✅ Backup criado: BlockBackup-BancoLinux59_clone070525-BKPAUTCITEL-20250524-1315
2025-05-24 13:16:00,146 - INFO - 
🔍 Processando block volume: Banco2LinuxBR21_clone070525
2025-05-24 13:16:00,491 - INFO - ✅ Backup criado: BlockBackup-Banco2LinuxBR21_clone070525-BKPAUTCITEL-20250524-1316
2025-05-24 13:16:01,136 - INFO - 
🔍 Processando block volume: Banco2Linux59_clone070525
2025-05-24 13:16:01,444 - INFO - ✅ Backup criado: BlockBackup-Banco2Linux59_clone070525-BKPAUTCITEL-20250524-1316
2025-05-24 13:16:02,077 - INFO - 
🔍 Processando block volume: Banco2BR24_clone070525
2025-05-24 13:16:02,373 - INFO - ✅ Backup criado: BlockBackup-Banco2BR24_clone070525-BKPAUTCITEL-20250524-1316
2025-05-24 13:16:03,026 - INFO - 
🔍 Processando block volume: Banco2BR33_clone070525
2025-05-24 13:16:03,343 - INFO - ✅ Backup criado: BlockBackup-Banco2BR33_clone070525-BKPAUTCITEL-20250524-1316
2025-05-24 13:16:03,977 - INFO - 
🔍 Processando block volume: Banco1LinuxTSPLUS65_clone070525
2025-05-24 13:16:04,125 - WARNING - ⚠️ Tentativa 1: Limite de requisições. Aguardando 5s...
2025-05-24 13:16:14,246 - WARNING - ⚠️ Tentativa 2: Limite de requisições. Aguardando 10s...
2025-05-24 13:16:25,238 - WARNING - ⚠️ Tentativa 3: Limite de requisições. Aguardando 20s...
2025-05-24 13:16:49,463 - INFO - ✅ Backup criado: BlockBackup-Banco1LinuxTSPLUS65_clone070525-BKPAUTCITEL-20250524-1316
2025-05-24 13:16:50,116 - INFO - 
🔍 Processando block volume: BancoBR_72_clone070525
2025-05-24 13:16:50,419 - INFO - ✅ Backup criado: BlockBackup-BancoBR_72_clone070525-BKPAUTCITEL-20250524-1316
2025-05-24 13:16:51,062 - INFO - 
🔍 Processando block volume: Banco1LinuxTSPlus18_clone070525
2025-05-24 13:16:51,210 - WARNING - ⚠️ Tentativa 1: Limite de requisições. Aguardando 5s...
2025-05-24 13:16:58,532 - INFO - ✅ Backup criado: BlockBackup-Banco1LinuxTSPlus18_clone070525-BKPAUTCITEL-20250524-1316
2025-05-24 13:16:59,193 - INFO - 
🔍 Processando block volume: LinuxDataBelaTintas_clone070525
2025-05-24 13:16:59,496 - INFO - ✅ Backup criado: BlockBackup-LinuxDataBelaTintas_clone070525-BKPAUTCITEL-20250524-1316
2025-05-24 13:17:00,139 - INFO - 
🔍 Processando block volume: Banco2LinuxTSPlus22_clone070525
2025-05-24 13:17:00,441 - INFO - ✅ Backup criado: BlockBackup-Banco2LinuxTSPlus22_clone070525-BKPAUTCITEL-20250524-1317
2025-05-24 13:17:01,065 - INFO - 
🔍 Processando block volume: Banco2LinuxTSPLUS32_clone070525
2025-05-24 13:17:01,214 - WARNING - ⚠️ Tentativa 1: Limite de requisições. Aguardando 5s...
2025-05-24 13:17:10,176 - WARNING - ⚠️ Tentativa 2: Limite de requisições. Aguardando 10s...
2025-05-24 13:17:23,446 - INFO - ✅ Backup criado: BlockBackup-Banco2LinuxTSPLUS32_clone070525-BKPAUTCITEL-20250524-1317
2025-05-24 13:17:24,082 - INFO - 
🔍 Processando block volume: Bancos2_BR29_clone070525
2025-05-24 13:17:24,385 - INFO - ✅ Backup criado: BlockBackup-Bancos2_BR29_clone070525-BKPAUTCITEL-20250524-1317
2025-05-24 13:17:25,014 - INFO - 
🔍 Processando block volume: Bancos4_BR9_clone070525
2025-05-24 13:17:25,339 - INFO - ✅ Backup criado: BlockBackup-Bancos4_BR9_clone070525-BKPAUTCITEL-20250524-1317
2025-05-24 13:17:25,967 - INFO - 
🔍 Processando block volume: Bancos3_BR12_clone070525
2025-05-24 13:17:26,489 - INFO - ✅ Backup criado: BlockBackup-Bancos3_BR12_clone070525-BKPAUTCITEL-20250524-1317
2025-05-24 13:17:27,115 - INFO - 
🔍 Processando block volume: Bancos2_BR34_clone070525
2025-05-24 13:17:27,414 - INFO - ✅ Backup criado: BlockBackup-Bancos2_BR34_clone070525-BKPAUTCITEL-20250524-1317
2025-05-24 13:17:28,039 - INFO - 
🔍 Processando block volume: Bancos3_BR29_clone070525
2025-05-24 13:17:28,189 - WARNING - ⚠️ Tentativa 1: Limite de requisições. Aguardando 5s...
2025-05-24 13:17:34,336 - INFO - ✅ Backup criado: BlockBackup-Bancos3_BR29_clone070525-BKPAUTCITEL-20250524-1317
2025-05-24 13:17:34,971 - INFO - 
🔍 Processando block volume: Banco3_BR7_clone070525
2025-05-24 13:17:35,387 - INFO - ✅ Backup criado: BlockBackup-Banco3_BR7_clone070525-BKPAUTCITEL-20250524-1317
2025-05-24 13:17:36,024 - INFO - 
🔍 Processando block volume: Bancos2_BR02_clone070525
2025-05-24 13:17:36,390 - INFO - ✅ Backup criado: BlockBackup-Bancos2_BR02_clone070525-BKPAUTCITEL-20250524-1317
2025-05-24 13:17:37,021 - INFO - 
🔍 Processando block volume: Bancos4_BR18_clone070525
2025-05-24 13:17:37,314 - INFO - ✅ Backup criado: BlockBackup-Bancos4_BR18_clone070525-BKPAUTCITEL-20250524-1317
2025-05-24 13:17:37,958 - INFO - 
🔍 Processando block volume: Bancos4_BR01_clone070525
2025-05-24 13:17:38,107 - WARNING - ⚠️ Tentativa 1: Limite de requisições. Aguardando 5s...
2025-05-24 13:17:45,143 - WARNING - ⚠️ Tentativa 2: Limite de requisições. Aguardando 10s...
2025-05-24 13:17:56,611 - WARNING - ⚠️ Tentativa 3: Limite de requisições. Aguardando 20s...
2025-05-24 13:18:19,139 - INFO - ✅ Backup criado: BlockBackup-Bancos4_BR01_clone070525-BKPAUTCITEL-20250524-1317
2025-05-24 13:18:19,772 - INFO - 
🔍 Processando block volume: Bancos3_BR13_clone070525
2025-05-24 13:18:20,100 - INFO - ✅ Backup criado: BlockBackup-Bancos3_BR13_clone070525-BKPAUTCITEL-20250524-1318
2025-05-24 13:18:20,747 - INFO - 
🔍 Processando block volume: Banco3_BR4_clone070525
2025-05-24 13:18:20,895 - WARNING - ⚠️ Tentativa 1: Limite de requisições. Aguardando 5s...
2025-05-24 13:18:26,820 - INFO - ✅ Backup criado: BlockBackup-Banco3_BR4_clone070525-BKPAUTCITEL-20250524-1318
2025-05-24 13:18:27,454 - INFO - 
🔍 Processando block volume: Banco2LinuxTSPlus16_clone070525
2025-05-24 13:18:27,749 - INFO - ✅ Backup criado: BlockBackup-Banco2LinuxTSPlus16_clone070525-BKPAUTCITEL-20250524-1318
2025-05-24 13:18:28,378 - INFO - 
🔍 Processando block volume: BKO Palacio TKT 651385_clone070525
2025-05-24 13:18:28,661 - INFO - ✅ Backup criado: BlockBackup-BKO Palacio TKT 651385_clone070525-BKPAUTCITEL-20250524-1318
2025-05-24 13:18:29,340 - INFO - 
🔍 Processando block volume: Banco4LinuxTSPlus6_clone070525
2025-05-24 13:18:29,658 - INFO - ✅ Backup criado: BlockBackup-Banco4LinuxTSPlus6_clone070525-BKPAUTCITEL-20250524-1318
2025-05-24 13:18:30,283 - INFO - 
🔍 Processando block volume: Banco2BR_72_clone070525
2025-05-24 13:18:30,433 - WARNING - ⚠️ Tentativa 1: Limite de requisições. Aguardando 5s...
2025-05-24 13:18:36,605 - INFO - ✅ Backup criado: BlockBackup-Banco2BR_72_clone070525-BKPAUTCITEL-20250524-1318
2025-05-24 13:18:37,255 - INFO - 
🔍 Processando block volume: Bancos3_BR25_clone070525
2025-05-24 13:18:37,403 - WARNING - ⚠️ Tentativa 1: Limite de requisições. Aguardando 5s...
2025-05-24 13:18:46,890 - INFO - ✅ Backup criado: BlockBackup-Bancos3_BR25_clone070525-BKPAUTCITEL-20250524-1318
2025-05-24 13:18:47,530 - INFO - 
🔍 Processando block volume: bancos3_BR28_clone070525
2025-05-24 13:18:47,830 - INFO - ✅ Backup criado: BlockBackup-bancos3_BR28_clone070525-BKPAUTCITEL-20250524-1318
2025-05-24 13:18:48,464 - INFO - 
🔍 Processando block volume: GeB_clone070525
2025-05-24 13:18:48,748 - INFO - ✅ Backup criado: BlockBackup-GeB_clone070525-BKPAUTCITEL-20250524-1318
2025-05-24 13:18:49,383 - INFO - 
🔍 Processando block volume: Banco3_BR20_clone070525
2025-05-24 13:18:49,696 - INFO - ✅ Backup criado: BlockBackup-Banco3_BR20_clone070525-BKPAUTCITEL-20250524-1318
2025-05-24 13:18:50,321 - INFO - 
🔍 Processando block volume: Bancos3_BR34_clone070525
2025-05-24 13:18:50,469 - WARNING - ⚠️ Tentativa 1: Limite de requisições. Aguardando 5s...
2025-05-24 13:18:56,993 - WARNING - ⚠️ Tentativa 2: Limite de requisições. Aguardando 10s...
2025-05-24 13:19:10,370 - INFO - ✅ Backup criado: BlockBackup-Bancos3_BR34_clone070525-BKPAUTCITEL-20250524-1318
2025-05-24 13:19:11,005 - INFO - 
🔍 Processando block volume: Banco_Darka_clone070525
2025-05-24 13:19:11,298 - INFO - ✅ Backup criado: BlockBackup-Banco_Darka_clone070525-BKPAUTCITEL-20250524-1319
2025-05-24 13:19:11,944 - INFO - 
🔍 Processando block volume: Banco4LinuxTSPlus7_clone070525
2025-05-24 13:19:12,238 - INFO - ✅ Backup criado: BlockBackup-Banco4LinuxTSPlus7_clone070525-BKPAUTCITEL-20250524-1319
2025-05-24 13:19:12,870 - INFO - 
🔍 Processando block volume: Banco4LinuxTSPlus20_clone070525
2025-05-24 13:19:13,018 - WARNING - ⚠️ Tentativa 1: Limite de requisições. Aguardando 5s...
2025-05-24 13:19:21,261 - WARNING - ⚠️ Tentativa 2: Limite de requisições. Aguardando 10s...
2025-05-24 13:19:34,913 - WARNING - ⚠️ Tentativa 3: Limite de requisições. Aguardando 20s...
2025-05-24 13:19:56,132 - INFO - ✅ Backup criado: BlockBackup-Banco4LinuxTSPlus20_clone070525-BKPAUTCITEL-20250524-1319
2025-05-24 13:19:56,794 - INFO - 
🔍 Processando block volume: Bancos4_BR13_clone070525
2025-05-24 13:19:57,144 - INFO - ✅ Backup criado: BlockBackup-Bancos4_BR13_clone070525-BKPAUTCITEL-20250524-1319
2025-05-24 13:19:57,805 - INFO - 
🔍 Processando block volume: Banco2LinuxTSPLUS37_clone070525
2025-05-24 13:19:58,133 - INFO - ✅ Backup criado: BlockBackup-Banco2LinuxTSPLUS37_clone070525-BKPAUTCITEL-20250524-1319
2025-05-24 13:19:58,763 - INFO - 
🔍 Processando block volume: BackupGeB_clone070525
2025-05-24 13:19:58,911 - WARNING - ⚠️ Tentativa 1: Limite de requisições. Aguardando 5s...
2025-05-24 13:20:09,027 - INFO - ✅ Backup criado: BlockBackup-BackupGeB_clone070525-BKPAUTCITEL-20250524-1319
2025-05-24 13:20:09,668 - INFO - 
🔍 Processando block volume: BancoGeB_clone070525
2025-05-24 13:20:09,969 - INFO - ✅ Backup criado: BlockBackup-BancoGeB_clone070525-BKPAUTCITEL-20250524-1320
2025-05-24 13:20:10,588 - INFO - 
🔍 Processando block volume: Banco3BR55_clone070525
2025-05-24 13:20:10,737 - WARNING - ⚠️ Tentativa 1: Limite de requisições. Aguardando 5s...
2025-05-24 13:20:18,285 - INFO - ✅ Backup criado: BlockBackup-Banco3BR55_clone070525-BKPAUTCITEL-20250524-1320
2025-05-24 13:20:18,933 - INFO - 
🔍 Processando block volume: Bancos5_BR1_clone070525
2025-05-24 13:20:19,245 - INFO - ✅ Backup criado: BlockBackup-Bancos5_BR1_clone070525-BKPAUTCITEL-20250524-1320
2025-05-24 13:20:19,884 - INFO - 
🔍 Processando block volume: Banco3LinuxTSPlus19_clone070525
2025-05-24 13:20:20,209 - INFO - ✅ Backup criado: BlockBackup-Banco3LinuxTSPlus19_clone070525-BKPAUTCITEL-20250524-1320
2025-05-24 13:20:20,832 - INFO - 
🔍 Processando block volume: BackupCoresVivas TKT 902822_clone070525
2025-05-24 13:20:20,981 - WARNING - ⚠️ Tentativa 1: Limite de requisições. Aguardando 5s...
2025-05-24 13:20:31,760 - INFO - ✅ Backup criado: BlockBackup-BackupCoresVivas TKT 902822_clone070525-BKPAUTCITEL-20250524-1320
2025-05-24 13:20:32,402 - INFO - 
🔍 Processando block volume: bkpBoomerVinicius_clone070525
2025-05-24 13:20:32,551 - WARNING - ⚠️ Tentativa 1: Limite de requisições. Aguardando 5s...
2025-05-24 13:20:38,663 - WARNING - ⚠️ Tentativa 2: Limite de requisições. Aguardando 10s...
2025-05-24 13:20:53,133 - INFO - ✅ Backup criado: BlockBackup-bkpBoomerVinicius_clone070525-BKPAUTCITEL-20250524-1320
2025-05-24 13:20:53,824 - INFO - 
🔍 Processando block volume: GeB2_clone070525
2025-05-24 13:20:54,108 - INFO - ✅ Backup criado: BlockBackup-GeB2_clone070525-BKPAUTCITEL-20250524-1320
2025-05-24 13:20:54,745 - INFO - 
🔍 Processando block volume: bkpParque1014464_clone070525
2025-05-24 13:20:55,042 - INFO - ✅ Backup criado: BlockBackup-bkpParque1014464_clone070525-BKPAUTCITEL-20250524-1320
2025-05-24 13:20:55,665 - INFO - 
🔍 Processando block volume: bkpPedrao1020442_clone070525
2025-05-24 13:20:55,953 - INFO - ✅ Backup criado: BlockBackup-bkpPedrao1020442_clone070525-BKPAUTCITEL-20250524-1320
2025-05-24 13:20:56,582 - INFO - 
🔍 Processando block volume: Backup_BR34_1031161_clone070525
2025-05-24 13:20:56,894 - INFO - ✅ Backup criado: BlockBackup-Backup_BR34_1031161_clone070525-BKPAUTCITEL-20250524-1320
2025-05-24 13:20:57,511 - INFO - 
🔍 Processando block volume: Banco3LinuxTSPLUS65_clone070525
2025-05-24 13:20:57,659 - WARNING - ⚠️ Tentativa 1: Limite de requisições. Aguardando 5s...
2025-05-24 13:21:06,222 - INFO - ✅ Backup criado: BlockBackup-Banco3LinuxTSPLUS65_clone070525-BKPAUTCITEL-20250524-1320
2025-05-24 13:21:06,855 - INFO - 
🔍 Processando block volume: Banco3LinuxTSPlus22_clone070525
2025-05-24 13:21:07,197 - INFO - ✅ Backup criado: BlockBackup-Banco3LinuxTSPlus22_clone070525-BKPAUTCITEL-20250524-1321
2025-05-24 13:21:07,829 - INFO - 
🔍 Processando block volume: BinariosLinuxTSPLUS65_clone070525
2025-05-24 13:21:08,184 - INFO - ✅ Backup criado: BlockBackup-BinariosLinuxTSPLUS65_clone070525-BKPAUTCITEL-20250524-1321
2025-05-24 13:21:08,810 - INFO - 
🔍 Processando block volume: GeB BancoTeste tkt 1048932_clone070525
2025-05-24 13:21:09,124 - INFO - ✅ Backup criado: BlockBackup-GeB BancoTeste tkt 1048932_clone070525-BKPAUTCITEL-20250524-1321
2025-05-24 13:21:09,742 - INFO - 
🔍 Processando block volume: Banco2LinuxTSPlus19_BelaTintas_clone070525
2025-05-24 13:21:09,891 - WARNING - ⚠️ Tentativa 1: Limite de requisições. Aguardando 5s...
2025-05-24 13:21:15,814 - INFO - ✅ Backup criado: BlockBackup-Banco2LinuxTSPlus19_BelaTintas_clone070525-BKPAUTCITEL-20250524-1321
2025-05-24 13:21:16,452 - INFO - 
🔍 Processando block volume: Banco1LinuxTSPlus11_clone2904_clone070525
2025-05-24 13:21:16,600 - WARNING - ⚠️ Tentativa 1: Limite de requisições. Aguardando 5s...
2025-05-24 13:21:25,533 - INFO - ✅ Backup criado: BlockBackup-Banco1LinuxTSPlus11_clone2904_clone070525-BKPAUTCITEL-20250524-1321
2025-05-24 13:21:26,215 - INFO - 
🔍 Processando block volume: LinuxTSPlus11_BancoPRODJRPais_clone2904_clone070525
2025-05-24 13:21:26,364 - WARNING - ⚠️ Tentativa 1: Limite de requisições. Aguardando 5s...
2025-05-24 13:21:36,933 - INFO - ✅ Backup criado: BlockBackup-LinuxTSPlus11_BancoPRODJRPais_clone2904_clone070525-BKPAUTCITEL-20250524-1321
2025-05-24 13:21:37,573 - INFO - 
🔍 Processando block volume: LinuxTSPlus30_Banco1LinuxTSPlus30_clone2904_clone070525
2025-05-24 13:21:37,873 - INFO - ✅ Backup criado: BlockBackup-LinuxTSPlus30_Banco1LinuxTSPlus30_clone2904_clone070525-BKPAUTCITEL-20250524-1321
2025-05-24 13:21:38,506 - INFO - 
🔍 Processando block volume: Banco-1-LinuxData012_clone070525
2025-05-24 13:21:38,799 - INFO - ✅ Backup criado: BlockBackup-Banco-1-LinuxData012_clone070525-BKPAUTCITEL-20250524-1321
2025-05-24 13:21:39,426 - INFO - 
🔍 Processando block volume: Banco2-LinuxData012_clone070525
2025-05-24 13:21:39,793 - INFO - ✅ Backup criado: BlockBackup-Banco2-LinuxData012_clone070525-BKPAUTCITEL-20250524-1321
2025-05-24 13:21:40,418 - INFO - 
🔍 Processando block volume: Banco3-LinuxData012_clone070525
2025-05-24 13:21:40,724 - INFO - ✅ Backup criado: BlockBackup-Banco3-LinuxData012_clone070525-BKPAUTCITEL-20250524-1321
2025-05-24 13:21:41,342 - INFO - 
🔍 Processando block volume: LinuxTSPlus10_BKOPalacioTKT651385_clone2904_clone070525
2025-05-24 13:21:41,490 - WARNING - ⚠️ Tentativa 1: Limite de requisições. Aguardando 5s...
2025-05-24 13:21:50,824 - INFO - ✅ Backup criado: BlockBackup-LinuxTSPlus10_BKOPalacioTKT651385_clone2904_clone070525-BKPAUTCITEL-20250524-1321
2025-05-24 13:21:51,448 - INFO - 
🔍 Processando block volume: LinuxTSPlus10_Banco4LinuxTSPlus10_clone2904_clone070525
2025-05-24 13:21:51,767 - INFO - ✅ Backup criado: BlockBackup-LinuxTSPlus10_Banco4LinuxTSPlus10_clone2904_clone070525-BKPAUTCITEL-20250524-1321
2025-05-24 13:21:52,397 - INFO - 
🔍 Processando block volume: LinuxTSPlus10_Banco5LinuxTSPlus10_clone2904_clone070525
2025-05-24 13:21:52,545 - WARNING - ⚠️ Tentativa 1: Limite de requisições. Aguardando 5s...
2025-05-24 13:21:59,165 - WARNING - ⚠️ Tentativa 2: Limite de requisições. Aguardando 10s...
2025-05-24 13:22:12,282 - INFO - ✅ Backup criado: BlockBackup-LinuxTSPlus10_Banco5LinuxTSPlus10_clone2904_clone070525-BKPAUTCITEL-20250524-1321
2025-05-24 13:22:12,911 - INFO - 
🔍 Processando block volume: LinuxTSPlus10_GeB_clone2904_clone070525
2025-05-24 13:22:13,200 - INFO - ✅ Backup criado: BlockBackup-LinuxTSPlus10_GeB_clone2904_clone070525-BKPAUTCITEL-20250524-1322
2025-05-24 13:22:13,843 - INFO - 
🔍 Processando block volume: LinuxTSPlus55_Banco1BR55_clone2904_clone070525
2025-05-24 13:22:14,160 - INFO - ✅ Backup criado: BlockBackup-LinuxTSPlus55_Banco1BR55_clone2904_clone070525-BKPAUTCITEL-20250524-1322
2025-05-24 13:22:14,794 - INFO - 
🔍 Processando block volume: LinuxTSPlus55_Banco3BR55_clone2904_clone070525
2025-05-24 13:22:15,106 - INFO - ✅ Backup criado: BlockBackup-LinuxTSPlus55_Banco3BR55_clone2904_clone070525-BKPAUTCITEL-20250524-1322
2025-05-24 13:22:15,754 - INFO - 
🔍 Processando block volume: LinuxTSPlus65_Banco1LinuxTSPLUS65_clone2904_clone070525
2025-05-24 13:22:15,902 - WARNING - ⚠️ Tentativa 1: Limite de requisições. Aguardando 5s...
2025-05-24 13:22:26,367 - INFO - ✅ Backup criado: BlockBackup-LinuxTSPlus65_Banco1LinuxTSPLUS65_clone2904_clone070525-BKPAUTCITEL-20250524-1322
2025-05-24 13:22:27,019 - INFO - 
🔍 Processando block volume: LinuxTSPlus65_Banco2LinuxTSPLUS65_clone2904_clone070525
2025-05-24 13:22:27,331 - INFO - ✅ Backup criado: BlockBackup-LinuxTSPlus65_Banco2LinuxTSPLUS65_clone2904_clone070525-BKPAUTCITEL-20250524-1322
2025-05-24 13:22:27,960 - INFO - 
🔍 Processando block volume: LinuxTSPlus65_Banco3LinuxTSPLUS65_clone2904_clone070525
2025-05-24 13:22:28,256 - INFO - ✅ Backup criado: BlockBackup-LinuxTSPlus65_Banco3LinuxTSPLUS65_clone2904_clone070525-BKPAUTCITEL-20250524-1322
2025-05-24 13:22:28,890 - INFO - 
🔍 Processando block volume: LinuxTSPlus65_BinariosLinuxTSPLUS65_clone2904_clone070525
2025-05-24 13:22:29,038 - WARNING - ⚠️ Tentativa 1: Limite de requisições. Aguardando 5s...
2025-05-24 13:22:39,649 - INFO - ✅ Backup criado: BlockBackup-LinuxTSPlus65_BinariosLinuxTSPLUS65_clone2904_clone070525-BKPAUTCITEL-20250524-1322
2025-05-24 13:22:40,285 - INFO - 
🔍 Processando block volume: LinuxTSPlus28_Banco2LinuxTSPlus28_clone2904_clone070525
2025-05-24 13:22:40,605 - INFO - ✅ Backup criado: BlockBackup-LinuxTSPlus28_Banco2LinuxTSPlus28_clone2904_clone070525-BKPAUTCITEL-20250524-1322
2025-05-24 13:22:41,235 - INFO - 
🔍 Processando block volume: LinuxTSPlus28_bancos3_BR28_clone2904_clone070525
2025-05-24 13:22:41,387 - WARNING - ⚠️ Tentativa 1: Limite de requisições. Aguardando 5s...
2025-05-24 13:22:51,477 - INFO - ✅ Backup criado: BlockBackup-LinuxTSPlus28_bancos3_BR28_clone2904_clone070525-BKPAUTCITEL-20250524-1322
2025-05-24 13:22:52,149 - INFO - 
🔍 Processando block volume: LinuxTSPlus29_Banco1LinuxTSPlus29_clone2904_clone070525
2025-05-24 13:22:52,487 - INFO - ✅ Backup criado: BlockBackup-LinuxTSPlus29_Banco1LinuxTSPlus29_clone2904_clone070525-BKPAUTCITEL-20250524-1322
2025-05-24 13:22:53,117 - INFO - 
🔍 Processando block volume: LinuxTSPlus29_Bancos2_BR29_clone2904_clone070525
2025-05-24 13:22:53,266 - WARNING - ⚠️ Tentativa 1: Limite de requisições. Aguardando 5s...
2025-05-24 13:22:58,894 - WARNING - ⚠️ Tentativa 2: Limite de requisições. Aguardando 10s...
2025-05-24 13:23:13,824 - WARNING - ⚠️ Tentativa 3: Limite de requisições. Aguardando 20s...
2025-05-24 13:23:35,758 - INFO - ✅ Backup criado: BlockBackup-LinuxTSPlus29_Bancos2_BR29_clone2904_clone070525-BKPAUTCITEL-20250524-1322
2025-05-24 13:23:36,385 - INFO - 
🔍 Processando block volume: LinuxTSPlus29_Bancos3_BR29_clone2904_clone070525
2025-05-24 13:23:36,697 - INFO - ✅ Backup criado: BlockBackup-LinuxTSPlus29_Bancos3_BR29_clone2904_clone070525-BKPAUTCITEL-20250524-1323
2025-05-24 13:23:37,330 - INFO - 
🔍 Processando block volume: LinuxTSPlus72_Banco2BR_72_clone2904_clone070525
2025-05-24 13:23:37,619 - INFO - ✅ Backup criado: BlockBackup-LinuxTSPlus72_Banco2BR_72_clone2904_clone070525-BKPAUTCITEL-20250524-1323
2025-05-24 13:23:38,249 - INFO - 
🔍 Processando block volume: LinuxTSPlus72_BancoBR_clone2904_clone070525
2025-05-24 13:23:38,548 - INFO - ✅ Backup criado: BlockBackup-LinuxTSPlus72_BancoBR_clone2904_clone070525-BKPAUTCITEL-20250524-1323
2025-05-24 13:23:39,169 - INFO - 
🔍 Processando block volume: LinuxTSPlus43_Banco1LinuxTSPLUS43_clone2904_clone070525
2025-05-24 13:23:39,317 - WARNING - ⚠️ Tentativa 1: Limite de requisições. Aguardando 5s...
2025-05-24 13:23:45,815 - INFO - ✅ Backup criado: BlockBackup-LinuxTSPlus43_Banco1LinuxTSPLUS43_clone2904_clone070525-BKPAUTCITEL-20250524-1323
2025-05-24 13:23:46,438 - INFO - 
🔍 Processando block volume: LinuxTSPlus43_HD4-LinuxDBA_clone2904_clone070525
2025-05-24 13:23:46,807 - INFO - ✅ Backup criado: BlockBackup-LinuxTSPlus43_HD4-LinuxDBA_clone2904_clone070525-BKPAUTCITEL-20250524-1323
2025-05-24 13:23:47,443 - INFO - 
🔍 Processando block volume: LinuxTSPlus50_Banco1LinuxTSPlus50_clone2904_clone070525
2025-05-24 13:23:47,592 - WARNING - ⚠️ Tentativa 1: Limite de requisições. Aguardando 5s...
2025-05-24 13:23:53,604 - INFO - ✅ Backup criado: BlockBackup-LinuxTSPlus50_Banco1LinuxTSPlus50_clone2904_clone070525-BKPAUTCITEL-20250524-1323
2025-05-24 13:23:54,235 - INFO - 
🔍 Processando block volume: LinuxTSPlus37_Banco1LinuxTSPLUS37_clone2904_clone070525
2025-05-24 13:23:54,537 - INFO - ✅ Backup criado: BlockBackup-LinuxTSPlus37_Banco1LinuxTSPLUS37_clone2904_clone070525-BKPAUTCITEL-20250524-1323
2025-05-24 13:23:55,191 - INFO - 
🔍 Processando block volume: LinuxTSPlus37_Banco2LinuxTSPLUS37_clone2904_clone070525
2025-05-24 13:23:55,492 - INFO - ✅ Backup criado: BlockBackup-LinuxTSPlus37_Banco2LinuxTSPLUS37_clone2904_clone070525-BKPAUTCITEL-20250524-1323
2025-05-24 13:23:56,124 - INFO - 
🔍 Processando block volume: LinuxTSPlus37_Banco1LinuxTSPLUS40_clone2904_clone070525
2025-05-24 13:23:56,272 - WARNING - ⚠️ Tentativa 1: Limite de requisições. Aguardando 5s...
2025-05-24 13:24:03,952 - INFO - ✅ Backup criado: BlockBackup-LinuxTSPlus37_Banco1LinuxTSPLUS40_clone2904_clone070525-BKPAUTCITEL-20250524-1323
2025-05-24 13:24:04,576 - INFO - 
🔍 Processando block volume: LinuxTSPlus32_Banco1LinuxTSPLUS32_clone2904_clone070525
2025-05-24 13:24:04,725 - WARNING - ⚠️ Tentativa 1: Limite de requisições. Aguardando 5s...
2025-05-24 13:24:13,776 - INFO - ✅ Backup criado: BlockBackup-LinuxTSPlus32_Banco1LinuxTSPLUS32_clone2904_clone070525-BKPAUTCITEL-20250524-1324
2025-05-24 13:24:14,411 - INFO - 
🔍 Processando block volume: LinuxTSPlus32_Banco2LinuxTSPLUS32_clone2904_clone070525
2025-05-24 13:24:14,560 - WARNING - ⚠️ Tentativa 1: Limite de requisições. Aguardando 5s...
2025-05-24 13:24:25,044 - INFO - ✅ Backup criado: BlockBackup-LinuxTSPlus32_Banco2LinuxTSPLUS32_clone2904_clone070525-BKPAUTCITEL-20250524-1324
2025-05-24 13:24:25,732 - INFO - 
🔍 Processando block volume: LinuxTSPlus2_Banco1LinuxTSPlus2_clone2904_clone070525
2025-05-24 13:24:25,880 - WARNING - ⚠️ Tentativa 1: Limite de requisições. Aguardando 5s...
2025-05-24 13:24:34,041 - INFO - ✅ Backup criado: BlockBackup-LinuxTSPlus2_Banco1LinuxTSPlus2_clone2904_clone070525-BKPAUTCITEL-20250524-1324
2025-05-24 13:24:34,667 - INFO - 
🔍 Processando block volume: LinuxTSPlus2_Banco_PalacioFerramentas_clone2904_clone070525
2025-05-24 13:24:34,986 - INFO - ✅ Backup criado: BlockBackup-LinuxTSPlus2_Banco_PalacioFerramentas_clone2904_clone070525-BKPAUTCITEL-20250524-1324
2025-05-24 13:24:35,620 - INFO - 
🔍 Processando block volume: LinuxTSPlus2_Bancos2_BR02_clone2904_clone070525
2025-05-24 13:24:35,968 - INFO - ✅ Backup criado: BlockBackup-LinuxTSPlus2_Bancos2_BR02_clone2904_clone070525-BKPAUTCITEL-20250524-1324
2025-05-24 13:24:36,603 - INFO - 
🔍 Processando block volume: LinuxTSPlus25_Banco1LinuxTSPlus25_clone2904_clone070525
2025-05-24 13:24:36,923 - INFO - ✅ Backup criado: BlockBackup-LinuxTSPlus25_Banco1LinuxTSPlus25_clone2904_clone070525-BKPAUTCITEL-20250524-1324
2025-05-24 13:24:37,549 - INFO - 
🔍 Processando block volume: LinuxTSPlus25_Bancos3_BR25_clone2904_clone070525
2025-05-24 13:24:37,869 - INFO - ✅ Backup criado: BlockBackup-LinuxTSPlus25_Bancos3_BR25_clone2904_clone070525-BKPAUTCITEL-20250524-1324
2025-05-24 13:24:38,499 - INFO - 
🔍 Processando block volume: LinuxTSPlus1_Banco3LinuxTSPlus1_clone2904_clone070525
2025-05-24 13:24:38,647 - WARNING - ⚠️ Tentativa 1: Limite de requisições. Aguardando 5s...
2025-05-24 13:24:49,088 - WARNING - ⚠️ Tentativa 2: Limite de requisições. Aguardando 10s...
2025-05-24 13:25:01,467 - WARNING - ⚠️ Tentativa 3: Limite de requisições. Aguardando 20s...
2025-05-24 13:25:24,527 - INFO - ✅ Backup criado: BlockBackup-LinuxTSPlus1_Banco3LinuxTSPlus1_clone2904_clone070525-BKPAUTCITEL-20250524-1324
2025-05-24 13:25:25,168 - INFO - 
🔍 Processando block volume: LinuxTSPlus1_Bancos4_BR01_clone2904_clone070525
2025-05-24 13:25:25,467 - INFO - ✅ Backup criado: BlockBackup-LinuxTSPlus1_Bancos4_BR01_clone2904_clone070525-BKPAUTCITEL-20250524-1325
2025-05-24 13:25:26,097 - INFO - 
🔍 Processando block volume: LinuxTSPlus1_Bancos5_BR1_clone2904_clone070525
2025-05-24 13:25:26,396 - INFO - ✅ Backup criado: BlockBackup-LinuxTSPlus1_Bancos5_BR1_clone2904_clone070525-BKPAUTCITEL-20250524-1325
2025-05-24 13:25:27,098 - INFO - 
🔍 Processando block volume: LinuxTSPlus1_blockvolume_clone2904_clone070525
2025-05-24 13:25:27,430 - INFO - ✅ Backup criado: BlockBackup-LinuxTSPlus1_blockvolume_clone2904_clone070525-BKPAUTCITEL-20250524-1325
2025-05-24 13:25:28,066 - INFO - 
🔍 Processando block volume: Banco2-LinuxData013_clone070525
2025-05-24 13:25:28,214 - WARNING - ⚠️ Tentativa 1: Limite de requisições. Aguardando 5s...
2025-05-24 13:25:34,887 - INFO - ✅ Backup criado: BlockBackup-Banco2-LinuxData013_clone070525-BKPAUTCITEL-20250524-1325
2025-05-24 13:25:35,532 - INFO - 
🔍 Processando block volume: Banco3-LinuxData013_clone070525
2025-05-24 13:25:35,681 - WARNING - ⚠️ Tentativa 1: Limite de requisições. Aguardando 5s...
2025-05-24 13:25:42,840 - INFO - ✅ Backup criado: BlockBackup-Banco3-LinuxData013_clone070525-BKPAUTCITEL-20250524-1325
2025-05-24 13:25:43,469 - INFO - 
🔍 Processando block volume: Banco1-LinuxData013_clone070525
2025-05-24 13:25:43,790 - INFO - ✅ Backup criado: BlockBackup-Banco1-LinuxData013_clone070525-BKPAUTCITEL-20250524-1325
2025-05-24 13:25:44,433 - INFO - 
🔍 Processando block volume: LinuxTSPlus14_BackupCoresVivas TKT 902822_clone2904_clone070525
2025-05-24 13:25:44,586 - WARNING - ⚠️ Tentativa 1: Limite de requisições. Aguardando 5s...
2025-05-24 13:25:51,546 - INFO - ✅ Backup criado: BlockBackup-LinuxTSPlus14_BackupCoresVivas TKT 902822_clone2904_clone070525-BKPAUTCITEL-20250524-1325
2025-05-24 13:25:52,184 - INFO - 
🔍 Processando block volume: LinuxTSPlus14_Banco2LinuxTSPlus14_clone2904_clone070525
2025-05-24 13:25:52,464 - INFO - ✅ Backup criado: BlockBackup-LinuxTSPlus14_Banco2LinuxTSPlus14_clone2904_clone070525-BKPAUTCITEL-20250524-1325
2025-05-24 13:25:53,141 - INFO - 
🔍 Processando block volume: LinuxTSPlus9-Banco1LinuxTSPlus9-clone2904_clone070525
2025-05-24 13:25:53,437 - INFO - ✅ Backup criado: BlockBackup-LinuxTSPlus9-Banco1LinuxTSPlus9-clone2904_clone070525-BKPAUTCITEL-20250524-1325
2025-05-24 13:25:54,063 - INFO - 
🔍 Processando block volume: LinuxTSPlus9-Banco3LinuxTSPlus9-clone2904_clone070525
2025-05-24 13:25:54,351 - INFO - ✅ Backup criado: BlockBackup-LinuxTSPlus9-Banco3LinuxTSPlus9-clone2904_clone070525-BKPAUTCITEL-20250524-1325
2025-05-24 13:25:54,990 - INFO - 
🔍 Processando block volume: LinuxTSPlus14_BancoUbertintasTSPlus14_clone2904_clone070525
2025-05-24 13:25:55,306 - INFO - ✅ Backup criado: BlockBackup-LinuxTSPlus14_BancoUbertintasTSPlus14_clone2904_clone070525-BKPAUTCITEL-20250524-1325
2025-05-24 13:25:55,933 - INFO - 
🔍 Processando block volume: LinuxTSPlus9-Bancos4_BR9-clone2904_clone070525
2025-05-24 13:25:56,256 - INFO - ✅ Backup criado: BlockBackup-LinuxTSPlus9-Bancos4_BR9-clone2904_clone070525-BKPAUTCITEL-20250524-1325
2025-05-24 13:25:56,886 - INFO - 
🔍 Processando block volume: LinuxTSPlus8-Banco1LinuxTSPlus8-clone2904_clone070525
2025-05-24 13:25:57,179 - INFO - ✅ Backup criado: BlockBackup-LinuxTSPlus8-Banco1LinuxTSPlus8-clone2904_clone070525-BKPAUTCITEL-20250524-1325
2025-05-24 13:25:57,819 - INFO - 
🔍 Processando block volume: LinuxTSPlus8-Banco3LinuxTSPlus8-clone2904_clone070525
2025-05-24 13:25:57,968 - WARNING - ⚠️ Tentativa 1: Limite de requisições. Aguardando 5s...
2025-05-24 13:26:06,986 - INFO - ✅ Backup criado: BlockBackup-LinuxTSPlus8-Banco3LinuxTSPlus8-clone2904_clone070525-BKPAUTCITEL-20250524-1325
2025-05-24 13:26:07,620 - INFO - 
🔍 Processando block volume: LinuxTSPlus16_Banco1LinuxTSPlus16_clone2904_clone070525
2025-05-24 13:26:07,927 - INFO - ✅ Backup criado: BlockBackup-LinuxTSPlus16_Banco1LinuxTSPlus16_clone2904_clone070525-BKPAUTCITEL-20250524-1326
2025-05-24 13:26:08,566 - INFO - 
🔍 Processando block volume: LinuxTSPlus16_Banco2LinuxTSPlus16_clone2904_clone070525
2025-05-24 13:26:08,715 - WARNING - ⚠️ Tentativa 1: Limite de requisições. Aguardando 5s...
2025-05-24 13:26:17,124 - WARNING - ⚠️ Tentativa 2: Limite de requisições. Aguardando 10s...
2025-05-24 13:26:28,178 - INFO - ✅ Backup criado: BlockBackup-LinuxTSPlus16_Banco2LinuxTSPlus16_clone2904_clone070525-BKPAUTCITEL-20250524-1326
2025-05-24 13:26:28,821 - INFO - 
🔍 Processando block volume: LinuxTSPlus7-Banco2LinuxTSPlus7-block-clone2904_clone070525
2025-05-24 13:26:28,969 - WARNING - ⚠️ Tentativa 1: Limite de requisições. Aguardando 5s...
2025-05-24 13:26:34,896 - INFO - ✅ Backup criado: BlockBackup-LinuxTSPlus7-Banco2LinuxTSPlus7-block-clone2904_clone070525-BKPAUTCITEL-20250524-1326
2025-05-24 13:26:35,592 - INFO - 
🔍 Processando block volume: LinuxTSPlus7-Banco3LinuxTSPlus7-block-clone2904_clone070525
2025-05-24 13:26:35,931 - INFO - ✅ Backup criado: BlockBackup-LinuxTSPlus7-Banco3LinuxTSPlus7-block-clone2904_clone070525-BKPAUTCITEL-20250524-1326
2025-05-24 13:26:36,561 - INFO - 
🔍 Processando block volume: LinuxTSPlus7-Banco3_BR7-block-clone2904_clone070525
2025-05-24 13:26:36,710 - WARNING - ⚠️ Tentativa 1: Limite de requisições. Aguardando 5s...
2025-05-24 13:26:44,882 - WARNING - ⚠️ Tentativa 2: Limite de requisições. Aguardando 10s...
2025-05-24 13:26:56,760 - INFO - ✅ Backup criado: BlockBackup-LinuxTSPlus7-Banco3_BR7-block-clone2904_clone070525-BKPAUTCITEL-20250524-1326
2025-05-24 13:26:57,397 - INFO - 
🔍 Processando block volume: LinuxTSPlus17_Banco2LinuxTSPlus17_clone2904_clone070525
2025-05-24 13:26:57,720 - INFO - ✅ Backup criado: BlockBackup-LinuxTSPlus17_Banco2LinuxTSPlus17_clone2904_clone070525-BKPAUTCITEL-20250524-1326
2025-05-24 13:26:58,348 - INFO - 
🔍 Processando block volume: LinuxTSPlus17_BancoPRODBelaTintas_clone2904_clone070525
2025-05-24 13:26:58,652 - INFO - ✅ Backup criado: BlockBackup-LinuxTSPlus17_BancoPRODBelaTintas_clone2904_clone070525-BKPAUTCITEL-20250524-1326
2025-05-24 13:26:59,282 - INFO - 
🔍 Processando block volume: LinuxTSPlus17_HD5-LinuxDBAs_clone2904_clone070525
2025-05-24 13:26:59,601 - INFO - ✅ Backup criado: BlockBackup-LinuxTSPlus17_HD5-LinuxDBAs_clone2904_clone070525-BKPAUTCITEL-20250524-1326
2025-05-24 13:27:00,243 - INFO - 
🔍 Processando block volume: LinuxTSPlus6-Banco3LinuxTSPlus6-block-clone2904_clone070525
2025-05-24 13:27:00,551 - INFO - ✅ Backup criado: BlockBackup-LinuxTSPlus6-Banco3LinuxTSPlus6-block-clone2904_clone070525-BKPAUTCITEL-20250524-1327
2025-05-24 13:27:01,185 - INFO - 
🔍 Processando block volume: LinuxTSPlus6-Banco4LinuxTSPlus6-block-clone2904_clone070525
2025-05-24 13:27:01,334 - WARNING - ⚠️ Tentativa 1: Limite de requisições. Aguardando 5s...
2025-05-24 13:27:08,397 - INFO - ✅ Backup criado: BlockBackup-LinuxTSPlus6-Banco4LinuxTSPlus6-block-clone2904_clone070525-BKPAUTCITEL-20250524-1327
2025-05-24 13:27:09,030 - INFO - 
🔍 Processando block volume: LinuxTSPlus18-Banco1LinuxTSPlus18-block-2904_clone070525
2025-05-24 13:27:09,179 - WARNING - ⚠️ Tentativa 1: Limite de requisições. Aguardando 5s...
2025-05-24 13:27:16,714 - INFO - ✅ Backup criado: BlockBackup-LinuxTSPlus18-Banco1LinuxTSPlus18-block-2904_clone070525-BKPAUTCITEL-20250524-1327
2025-05-24 13:27:17,356 - INFO - 
🔍 Processando block volume: LinuxTSPlus18-Banco2LinuxTSPlus18-block-2904_clone070525
2025-05-24 13:27:17,688 - INFO - ✅ Backup criado: BlockBackup-LinuxTSPlus18-Banco2LinuxTSPlus18-block-2904_clone070525-BKPAUTCITEL-20250524-1327
2025-05-24 13:27:18,324 - INFO - 
🔍 Processando block volume: LinuxTSPlus18-Bancos4_BR18-block-2904_clone070525
2025-05-24 13:27:18,473 - WARNING - ⚠️ Tentativa 1: Limite de requisições. Aguardando 5s...
2025-05-24 13:27:26,432 - INFO - ✅ Backup criado: BlockBackup-LinuxTSPlus18-Bancos4_BR18-block-2904_clone070525-BKPAUTCITEL-20250524-1327
2025-05-24 13:27:27,058 - INFO - 
🔍 Processando block volume: LinuxTsplus59-Banco2Linux59-block-clone2904_clone070525
2025-05-24 13:27:27,206 - WARNING - ⚠️ Tentativa 1: Limite de requisições. Aguardando 5s...
2025-05-24 13:27:34,387 - WARNING - ⚠️ Tentativa 2: Limite de requisições. Aguardando 10s...
2025-05-24 13:27:49,788 - INFO - ✅ Backup criado: BlockBackup-LinuxTsplus59-Banco2Linux59-block-clone2904_clone070525-BKPAUTCITEL-20250524-1327
2025-05-24 13:27:50,417 - INFO - 
🔍 Processando block volume: LinuxTsplus59-BancoLinux59-block-clone2904_clone070525
2025-05-24 13:27:50,566 - WARNING - ⚠️ Tentativa 1: Limite de requisições. Aguardando 5s...
2025-05-24 13:27:58,163 - INFO - ✅ Backup criado: BlockBackup-LinuxTsplus59-BancoLinux59-block-clone2904_clone070525-BKPAUTCITEL-20250524-1327
2025-05-24 13:27:58,797 - INFO - 
🔍 Processando block volume: LinuxTSPlus19_Banco1LinuxTSPlus19_clone2904_clone070525
2025-05-24 13:27:58,946 - WARNING - ⚠️ Tentativa 1: Limite de requisições. Aguardando 5s...
2025-05-24 13:28:06,590 - INFO - ✅ Backup criado: BlockBackup-LinuxTSPlus19_Banco1LinuxTSPlus19_clone2904_clone070525-BKPAUTCITEL-20250524-1327
2025-05-24 13:28:07,223 - INFO - 
🔍 Processando block volume: LinuxTSPlus19_Banco3LinuxTSPlus19_clone2904_clone070525
2025-05-24 13:28:07,530 - INFO - ✅ Backup criado: BlockBackup-LinuxTSPlus19_Banco3LinuxTSPlus19_clone2904_clone070525-BKPAUTCITEL-20250524-1328
2025-05-24 13:28:08,157 - INFO - 
🔍 Processando block volume: LinuxTSPlus20_Banco1LinuxTSPlus20_clone2904_clone070525
2025-05-24 13:28:08,458 - INFO - ✅ Backup criado: BlockBackup-LinuxTSPlus20_Banco1LinuxTSPlus20_clone2904_clone070525-BKPAUTCITEL-20250524-1328
2025-05-24 13:28:09,084 - INFO - 
🔍 Processando block volume: LinuxTSPlus20_Banco2LinuxTSPlus20_clone2904_clone070525
2025-05-24 13:28:09,388 - INFO - ✅ Backup criado: BlockBackup-LinuxTSPlus20_Banco2LinuxTSPlus20_clone2904_clone070525-BKPAUTCITEL-20250524-1328
2025-05-24 13:28:10,021 - INFO - 
🔍 Processando block volume: LinuxTSPlus20_Banco3_BR20_clone2904_clone070525
2025-05-24 13:28:10,171 - WARNING - ⚠️ Tentativa 1: Limite de requisições. Aguardando 5s...
2025-05-24 13:28:18,613 - WARNING - ⚠️ Tentativa 2: Limite de requisições. Aguardando 10s...
2025-05-24 13:28:34,335 - INFO - ✅ Backup criado: BlockBackup-LinuxTSPlus20_Banco3_BR20_clone2904_clone070525-BKPAUTCITEL-20250524-1328
2025-05-24 13:28:34,964 - INFO - 
🔍 Processando block volume: LinuxTSPlus20_Banco4LinuxTSPlus20_clone2904_clone070525
2025-05-24 13:28:35,112 - WARNING - ⚠️ Tentativa 1: Limite de requisições. Aguardando 5s...
2025-05-24 13:28:44,825 - INFO - ✅ Backup criado: BlockBackup-LinuxTSPlus20_Banco4LinuxTSPlus20_clone2904_clone070525-BKPAUTCITEL-20250524-1328
2025-05-24 13:28:45,454 - INFO - 
🔍 Processando block volume: LinuxTSPlus5-Banco3LinuxBR5-block-clone2904_clone070525
2025-05-24 13:28:45,751 - INFO - ✅ Backup criado: BlockBackup-LinuxTSPlus5-Banco3LinuxBR5-block-clone2904_clone070525-BKPAUTCITEL-20250524-1328
2025-05-24 13:28:46,384 - INFO - 
🔍 Processando block volume: LinuxTSPlus5-Banco2LinuxBR5-block-clone2904_clone070525
2025-05-24 13:28:46,537 - WARNING - ⚠️ Tentativa 1: Limite de requisições. Aguardando 5s...
2025-05-24 13:28:55,913 - INFO - ✅ Backup criado: BlockBackup-LinuxTSPlus5-Banco2LinuxBR5-block-clone2904_clone070525-BKPAUTCITEL-20250524-1328
2025-05-24 13:28:56,540 - INFO - 
🔍 Processando block volume: Banco1-LinuxData004_clone070525
2025-05-24 13:28:56,849 - INFO - ✅ Backup criado: BlockBackup-Banco1-LinuxData004_clone070525-BKPAUTCITEL-20250524-1328
2025-05-24 13:28:57,477 - INFO - 
🔍 Processando block volume: Banco2-LinuxData004_clone070525
2025-05-24 13:28:57,803 - INFO - ✅ Backup criado: BlockBackup-Banco2-LinuxData004_clone070525-BKPAUTCITEL-20250524-1328
2025-05-24 13:28:58,422 - INFO - 
🔍 Processando block volume: Banco3-LinuxData004_clone070525
2025-05-24 13:28:58,571 - WARNING - ⚠️ Tentativa 1: Limite de requisições. Aguardando 5s...
2025-05-24 13:29:04,394 - WARNING - ⚠️ Tentativa 2: Limite de requisições. Aguardando 10s...
2025-05-24 13:29:17,126 - INFO - ✅ Backup criado: BlockBackup-Banco3-LinuxData004_clone070525-BKPAUTCITEL-20250524-1328
2025-05-24 13:29:17,755 - INFO - 
🔍 Processando block volume: LinuxTSPlus48-block-Restore_clone070525
2025-05-24 13:29:18,097 - INFO - ✅ Backup criado: BlockBackup-LinuxTSPlus48-block-Restore_clone070525-BKPAUTCITEL-20250524-1329
2025-05-24 13:29:18,740 - INFO - 
🔍 Processando block volume: LinuxData007-Banco4_clone070525
2025-05-24 13:29:19,063 - INFO - ✅ Backup criado: BlockBackup-LinuxData007-Banco4_clone070525-BKPAUTCITEL-20250524-1329
2025-05-24 13:29:19,723 - INFO - 
🔍 Processando block volume: Banco2LinuxBR21-Restore_clone070525
2025-05-24 13:29:20,091 - INFO - ✅ Backup criado: BlockBackup-Banco2LinuxBR21-Restore_clone070525-BKPAUTCITEL-20250524-1329
2025-05-24 13:29:20,722 - INFO - 
🔍 Processando block volume: LinuxTSPlus41-block-Restore_clone070525
2025-05-24 13:29:21,043 - INFO - ✅ Backup criado: BlockBackup-LinuxTSPlus41-block-Restore_clone070525-BKPAUTCITEL-20250524-1329
2025-05-24 13:29:21,672 - INFO - 
🔍 Processando block volume: Banco1LinuxTSPlus26-Restore_clone070525
2025-05-24 13:29:21,977 - INFO - ✅ Backup criado: BlockBackup-Banco1LinuxTSPlus26-Restore_clone070525-BKPAUTCITEL-20250524-1329
2025-05-24 13:29:22,623 - INFO - 
🔍 Processando block volume: LinuxTSPlus36-block-Restore_clone070525
2025-05-24 13:29:22,770 - WARNING - ⚠️ Tentativa 1: Limite de requisições. Aguardando 5s...
2025-05-24 13:29:30,628 - INFO - ✅ Backup criado: BlockBackup-LinuxTSPlus36-block-Restore_clone070525-BKPAUTCITEL-20250524-1329
2025-05-24 13:29:31,256 - INFO - 
🔍 Processando block volume: LinuxTSPlus34-Bancos3_BR34-backup-Restore_clone070525
2025-05-24 13:29:31,404 - WARNING - ⚠️ Tentativa 1: Limite de requisições. Aguardando 5s...
2025-05-24 13:29:40,177 - WARNING - ⚠️ Tentativa 2: Limite de requisições. Aguardando 10s...
2025-05-24 13:29:51,543 - WARNING - ⚠️ Tentativa 3: Limite de requisições. Aguardando 20s...
2025-05-24 13:30:15,908 - INFO - ✅ Backup criado: BlockBackup-LinuxTSPlus34-Bancos3_BR34-backup-Restore_clone070525-BKPAUTCITEL-20250524-1329
2025-05-24 13:30:16,534 - INFO - 
🔍 Processando block volume: LinuxTSPlus34-Bancos2_BR34-backup-Restore_clone070525
2025-05-24 13:30:16,826 - INFO - ✅ Backup criado: BlockBackup-LinuxTSPlus34-Bancos2_BR34-backup-Restore_clone070525-BKPAUTCITEL-20250524-1330
2025-05-24 13:30:17,458 - INFO - 
🔍 Processando block volume: Banco1LinuxTSPLUS33-Restore_clone070525
2025-05-24 13:30:17,795 - INFO - ✅ Backup criado: BlockBackup-Banco1LinuxTSPLUS33-Restore_clone070525-BKPAUTCITEL-20250524-1330
2025-05-24 13:30:18,414 - INFO - 
🔍 Processando block volume: Banco2BR33-Restore_clone070525
2025-05-24 13:30:18,563 - WARNING - ⚠️ Tentativa 1: Limite de requisições. Aguardando 5s...
2025-05-24 13:30:25,692 - INFO - ✅ Backup criado: BlockBackup-Banco2BR33-Restore_clone070525-BKPAUTCITEL-20250524-1330
2025-05-24 13:30:26,363 - INFO - 
🔍 Processando block volume: LinuxTSPlus34-Banco1LinuxTSPLUS34-backup-Restore_clone070525
2025-05-24 13:30:26,682 - INFO - ✅ Backup criado: BlockBackup-LinuxTSPlus34-Banco1LinuxTSPLUS34-backup-Restore_clone070525-BKPAUTCITEL-20250524-1330
2025-05-24 13:30:27,315 - INFO - 
🔍 Processando block volume: LinuxTSPlus1-Restore1_clone070525
2025-05-24 13:30:27,690 - INFO - ✅ Backup criado: BlockBackup-LinuxTSPlus1-Restore1_clone070525-BKPAUTCITEL-20250524-1330
2025-05-24 13:30:28,322 - INFO - 
🔍 Processando block volume: Bancos5_BR1-Restore2_clone070525
2025-05-24 13:30:28,650 - INFO - ✅ Backup criado: BlockBackup-Bancos5_BR1-Restore2_clone070525-BKPAUTCITEL-20250524-1330
2025-05-24 13:30:29,270 - INFO - 
🔍 Processando block volume: Bancos4_BR01-Restore3_clone070525
2025-05-24 13:30:29,422 - WARNING - ⚠️ Tentativa 1: Limite de requisições. Aguardando 5s...
2025-05-24 13:30:40,137 - INFO - ✅ Backup criado: BlockBackup-Bancos4_BR01-Restore3_clone070525-BKPAUTCITEL-20250524-1330
2025-05-24 13:30:40,768 - INFO - 
🔍 Processando block volume: Banco3LinuxTSPlus1-Restore4_clone070525
2025-05-24 13:30:41,082 - INFO - ✅ Backup criado: BlockBackup-Banco3LinuxTSPlus1-Restore4_clone070525-BKPAUTCITEL-20250524-1330
2025-05-24 13:30:41,709 - INFO - 
🔍 Processando block volume: Banco1LinuxTSPlus24-Restore_clone070525
2025-05-24 13:30:41,857 - WARNING - ⚠️ Tentativa 1: Limite de requisições. Aguardando 5s...
2025-05-24 13:30:50,030 - WARNING - ⚠️ Tentativa 2: Limite de requisições. Aguardando 10s...
2025-05-24 13:31:04,580 - INFO - ✅ Backup criado: BlockBackup-Banco1LinuxTSPlus24-Restore_clone070525-BKPAUTCITEL-20250524-1330
2025-05-24 13:31:05,212 - INFO - 
🔍 Processando block volume: Banco1LinuxTSPlus22-Restore_clone070525
2025-05-24 13:31:05,536 - INFO - ✅ Backup criado: BlockBackup-Banco1LinuxTSPlus22-Restore_clone070525-BKPAUTCITEL-20250524-1331
2025-05-24 13:31:06,185 - INFO - 
🔍 Processando block volume: Banco3LinuxTSPlus22-Restore_clone070525
2025-05-24 13:31:06,541 - INFO - ✅ Backup criado: BlockBackup-Banco3LinuxTSPlus22-Restore_clone070525-BKPAUTCITEL-20250524-1331
2025-05-24 13:31:07,165 - INFO - 
🔍 Processando block volume: Banco2LinuxTSPlus22-Restore_clone070525
2025-05-24 13:31:07,316 - WARNING - ⚠️ Tentativa 1: Limite de requisições. Aguardando 5s...
2025-05-24 13:31:13,528 - INFO - ✅ Backup criado: BlockBackup-Banco2LinuxTSPlus22-Restore_clone070525-BKPAUTCITEL-20250524-1331
2025-05-24 13:31:14,162 - INFO - 
🔍 Processando block volume: LinuxData010-PalacioTKT651385_clone070525
2025-05-24 13:31:14,584 - INFO - ✅ Backup criado: BlockBackup-LinuxData010-PalacioTKT651385_clone070525-BKPAUTCITEL-20250524-1331
2025-05-24 13:31:15,217 - INFO - 
🔍 Processando block volume: LinuxData010-Banco4_clone070525
2025-05-24 13:31:15,528 - INFO - ✅ Backup criado: BlockBackup-LinuxData010-Banco4_clone070525-BKPAUTCITEL-20250524-1331
2025-05-24 13:31:16,162 - INFO - 
🔍 Processando block volume: LinuxData010-Banco5_clone070525
2025-05-24 13:31:16,310 - WARNING - ⚠️ Tentativa 1: Limite de requisições. Aguardando 5s...
2025-05-24 13:31:23,998 - INFO - ✅ Backup criado: BlockBackup-LinuxData010-Banco5_clone070525-BKPAUTCITEL-20250524-1331
2025-05-24 13:31:24,656 - INFO - 
🔍 Processando block volume: LinuxData010-GeB_clone070525
2025-05-24 13:31:24,805 - WARNING - ⚠️ Tentativa 1: Limite de requisições. Aguardando 5s...
2025-05-24 13:31:35,256 - WARNING - ⚠️ Tentativa 2: Limite de requisições. Aguardando 10s...
2025-05-24 13:31:46,945 - INFO - ✅ Backup criado: BlockBackup-LinuxData010-GeB_clone070525-BKPAUTCITEL-20250524-1331
2025-05-24 13:31:47,579 - INFO - 
🔍 Processando block volume: Banco3LinuxTSPlus1-Restore4_copy_30-04-2025_clone070525
2025-05-24 13:31:47,887 - INFO - ✅ Backup criado: BlockBackup-Banco3LinuxTSPlus1-Restore4_copy_30-04-2025_clone070525-BKPAUTCITEL-20250524-1331
2025-05-24 13:31:48,517 - INFO - 
🔍 Processando block volume: Bancos5_BR1-Restore2_Copu_30-04-2025_clone070525
2025-05-24 13:31:48,665 - WARNING - ⚠️ Tentativa 1: Limite de requisições. Aguardando 5s...
2025-05-24 13:31:57,514 - WARNING - ⚠️ Tentativa 2: Limite de requisições. Aguardando 10s...
2025-05-24 13:32:12,015 - INFO - ✅ Backup criado: BlockBackup-Bancos5_BR1-Restore2_Copu_30-04-2025_clone070525-BKPAUTCITEL-20250524-1331
2025-05-24 13:32:12,682 - INFO - 
🔍 Processando block volume: LinuxTSPlus1-Restore1_Copy_30-04-2025_clone070525
2025-05-24 13:32:13,025 - INFO - ✅ Backup criado: BlockBackup-LinuxTSPlus1-Restore1_Copy_30-04-2025_clone070525-BKPAUTCITEL-20250524-1332
2025-05-24 13:32:13,649 - INFO - 
🔍 Processando block volume: Bancos4_BR01-Restore3_Copy_30-04-2025_clone070525
2025-05-24 13:32:13,961 - INFO - ✅ Backup criado: BlockBackup-Bancos4_BR01-Restore3_Copy_30-04-2025_clone070525-BKPAUTCITEL-20250524-1332
2025-05-24 13:32:14,597 - INFO - 
🔍 Processando block volume: Banco1LinuxTSPlus2_Copy_30-04-2025_clone070525
2025-05-24 13:32:14,898 - INFO - ✅ Backup criado: BlockBackup-Banco1LinuxTSPlus2_Copy_30-04-2025_clone070525-BKPAUTCITEL-20250524-1332
2025-05-24 13:32:15,531 - INFO - 
🔍 Processando block volume: Banco_PalacioFerramentas_Copy_30-04-2025_clone070525
2025-05-24 13:32:15,680 - WARNING - ⚠️ Tentativa 1: Limite de requisições. Aguardando 5s...
2025-05-24 13:32:25,358 - INFO - ✅ Backup criado: BlockBackup-Banco_PalacioFerramentas_Copy_30-04-2025_clone070525-BKPAUTCITEL-20250524-1332
2025-05-24 13:32:25,997 - INFO - 
🔍 Processando block volume: LinuxData002_Bancos2_BR02_Copy_30-04-2025_clone070525
2025-05-24 13:32:26,294 - INFO - ✅ Backup criado: BlockBackup-LinuxData002_Bancos2_BR02_Copy_30-04-2025_clone070525-BKPAUTCITEL-20250524-1332
2025-05-24 13:32:26,933 - INFO - 
🔍 Processando block volume: LinuxData020-Banco3_BR20_clone070525
2025-05-24 13:32:27,082 - WARNING - ⚠️ Tentativa 1: Limite de requisições. Aguardando 5s...
2025-05-24 13:32:37,142 - WARNING - ⚠️ Tentativa 2: Limite de requisições. Aguardando 10s...
2025-05-24 13:32:47,962 - INFO - ✅ Backup criado: BlockBackup-LinuxData020-Banco3_BR20_clone070525-BKPAUTCITEL-20250524-1332
2025-05-24 13:32:48,608 - INFO - 
🔍 Processando block volume: Banco3_BR20-RESTORE_FILES_clone070525
2025-05-24 13:32:48,947 - INFO - ✅ Backup criado: BlockBackup-Banco3_BR20-RESTORE_FILES_clone070525-BKPAUTCITEL-20250524-1332
2025-05-24 13:32:49,578 - INFO - 
🔍 Processando block volume: LinuxData030_clone06052025_clone070525
2025-05-24 13:32:49,906 - INFO - ✅ Backup criado: BlockBackup-LinuxData030_clone06052025_clone070525-BKPAUTCITEL-20250524-1332
2025-05-24 13:32:50,539 - INFO - 
🔍 Processando block volume: LinuxDataBelaTintas_Replica
2025-05-24 13:32:50,847 - INFO - ✅ Backup criado: BlockBackup-LinuxDataBelaTintas_Replica-BKPAUTCITEL-20250524-1332
2025-05-24 13:32:51,483 - INFO - 
🔍 Processando block volume: Banco3LinuxTSPlus1-Replica
2025-05-24 13:32:51,640 - WARNING - ⚠️ Tentativa 1: Limite de requisições. Aguardando 5s...
2025-05-24 13:33:01,751 - INFO - ✅ Backup criado: BlockBackup-Banco3LinuxTSPlus1-Replica-BKPAUTCITEL-20250524-1332
2025-05-24 13:33:02,389 - INFO - 
🔍 Processando block volume: Bancos4_BR01-Replica
2025-05-24 13:33:02,537 - WARNING - ⚠️ Tentativa 1: Limite de requisições. Aguardando 5s...
2025-05-24 13:33:10,119 - INFO - ✅ Backup criado: BlockBackup-Bancos4_BR01-Replica-BKPAUTCITEL-20250524-1333
2025-05-24 13:33:10,753 - INFO - 
🔍 Processando block volume: Bancos5_BR1-Replica
2025-05-24 13:33:10,902 - WARNING - ⚠️ Tentativa 1: Limite de requisições. Aguardando 5s...
2025-05-24 13:33:20,342 - INFO - ✅ Backup criado: BlockBackup-Bancos5_BR1-Replica-BKPAUTCITEL-20250524-1333
2025-05-24 13:33:20,967 - INFO - 
🔍 Processando block volume: LinuxTSPlus1-Replica
2025-05-24 13:33:21,289 - INFO - ✅ Backup criado: BlockBackup-LinuxTSPlus1-Replica-BKPAUTCITEL-20250524-1333
2025-05-24 13:33:21,915 - INFO - 
🔍 Processando block volume: Banco1-LinuxData004_Replica-Teste
2025-05-24 13:33:22,242 - INFO - ✅ Backup criado: BlockBackup-Banco1-LinuxData004_Replica-Teste-BKPAUTCITEL-20250524-1333
2025-05-24 13:33:22,874 - INFO - 
✅ Execução concluída com sucesso
