2025-05-24 11:03:38,072 - INFO - 
🔍 Processando boot volume: LinuxTSPlus20
2025-05-24 11:03:38,396 - INFO - ✅ Backup criado: BootBackup-LinuxTSPlus20-BKPAUTCITEL-20250524-1103
2025-05-24 11:03:38,646 - WARNING - ⏳ Backup ignorado (estado TERMINATED): Auto-backup for 2025-05-09 08:00:00 via policy: Citel_Diario04
2025-05-24 11:03:38,646 - INFO - 
🔍 Processando boot volume: LinuxTSPlus25
2025-05-24 11:03:38,960 - INFO - ✅ Backup criado: BootBackup-LinuxTSPlus25-BKPAUTCITEL-20250524-1103
2025-05-24 11:03:39,587 - WARNING - ⏳ Backup ignorado (estado TERMINATED): Auto-backup for 2025-05-09 08:00:00 via policy: Citel_Diario04
2025-05-24 11:03:39,587 - INFO - 
🔍 Processando boot volume: LinuxTSPlus1
2025-05-24 11:03:39,947 - INFO - ✅ Backup criado: BootBackup-LinuxTSPlus1-BKPAUTCITEL-20250524-1103
2025-05-24 11:03:40,170 - WARNING - ⏳ Backup ignorado (estado TERMINATED): Auto-backup for 2025-05-09 08:00:00 via policy: Citel_Diario04
2025-05-24 11:03:40,170 - INFO - 
🔍 Processando boot volume: LinuxTSPlus2
2025-05-24 11:03:40,472 - INFO - ✅ Backup criado: BootBackup-LinuxTSPlus2-BKPAUTCITEL-20250524-1103
2025-05-24 11:03:41,087 - WARNING - ⏳ Backup ignorado (estado TERMINATED): Auto-backup for 2025-05-09 08:00:00 via policy: Citel_Diario04
2025-05-24 11:03:41,087 - INFO - 
🔍 Processando boot volume: LinuxTSPlus4
2025-05-24 11:03:41,393 - INFO - ✅ Backup criado: BootBackup-LinuxTSPlus4-BKPAUTCITEL-20250524-1103
2025-05-24 11:03:41,636 - WARNING - ⏳ Backup ignorado (estado TERMINATED): Auto-backup for 2025-05-09 08:00:00 via policy: Citel_Diario04
2025-05-24 11:03:41,636 - INFO - 
🔍 Processando boot volume: LinuxTSPlus6
2025-05-24 11:03:41,971 - INFO - ✅ Backup criado: BootBackup-LinuxTSPlus6-BKPAUTCITEL-20250524-1103
2025-05-24 11:03:42,573 - WARNING - ⏳ Backup ignorado (estado TERMINATED): Auto-backup for 2025-05-09 08:00:00 via policy: Citel_Diario04
2025-05-24 11:03:42,574 - INFO - 
🔍 Processando boot volume: LinuxTSPlus30
2025-05-24 11:03:42,878 - INFO - ✅ Backup criado: BootBackup-LinuxTSPlus30-BKPAUTCITEL-20250524-1103
2025-05-24 11:03:43,110 - WARNING - ⏳ Backup ignorado (estado TERMINATED): Auto-backup for 2025-05-09 08:00:00 via policy: Citel_Diario04
2025-05-24 11:03:43,110 - INFO - 
🔍 Processando boot volume: Temp-Subida_G_e_B (Boot Volume)
2025-05-24 11:03:43,390 - INFO - ✅ Backup criado: BootBackup-Temp-Subida_G_e_B (Boot Volume)-BKPAUTCITEL-20250524-1103
2025-05-24 11:03:43,994 - WARNING - ⏳ Backup ignorado (estado TERMINATED): Auto-backup for 2025-05-09 08:00:00 via policy: Citel_Diario04
2025-05-24 11:03:43,994 - INFO - 
🔍 Processando boot volume: Banco_BelaTintas (Boot Volume)
2025-05-24 11:03:44,292 - INFO - ✅ Backup criado: BootBackup-Banco_BelaTintas (Boot Volume)-BKPAUTCITEL-20250524-1103
2025-05-24 11:03:44,507 - WARNING - ⏳ Backup ignorado (estado TERMINATED): Auto-backup for 2025-05-09 08:00:00 via policy: Citel_Diario04
2025-05-24 11:03:44,507 - INFO - 
🔍 Processando boot volume: Banco_BelaTintas_clone29042025
2025-05-24 11:03:44,795 - INFO - ✅ Backup criado: BootBackup-Banco_BelaTintas_clone29042025-BKPAUTCITEL-20250524-1103
2025-05-24 11:03:45,399 - WARNING - ⏳ Backup ignorado (estado TERMINATED): Auto-backup for 2025-05-09 08:00:00 via policy: Citel_Diario04
2025-05-24 11:03:45,399 - INFO - 
🔍 Processando boot volume: LinuxTSPlus11_clone2904
2025-05-24 11:03:45,723 - INFO - ✅ Backup criado: BootBackup-LinuxTSPlus11_clone2904-BKPAUTCITEL-20250524-1103
2025-05-24 11:03:45,931 - WARNING - ⏳ Backup ignorado (estado TERMINATED): Auto-backup for 2025-05-09 08:00:00 via policy: Citel_Diario04
2025-05-24 11:03:45,931 - INFO - 
🔍 Processando boot volume: LinuxTSPlus30_boot_clone2904
2025-05-24 11:03:46,264 - INFO - ✅ Backup criado: BootBackup-LinuxTSPlus30_boot_clone2904-BKPAUTCITEL-20250524-1103
2025-05-24 11:03:46,854 - WARNING - ⏳ Backup ignorado (estado TERMINATED): Auto-backup for 2025-05-09 08:00:00 via policy: Citel_Diario04
2025-05-24 11:03:46,854 - INFO - 
🔍 Processando boot volume: LinuxTSPlus12_boot_clone2904
2025-05-24 11:03:47,150 - INFO - ✅ Backup criado: BootBackup-LinuxTSPlus12_boot_clone2904-BKPAUTCITEL-20250524-1103
2025-05-24 11:03:47,369 - WARNING - ⏳ Backup ignorado (estado TERMINATED): Auto-backup for 2025-05-09 08:00:00 via policy: Citel_Diario04
2025-05-24 11:03:47,369 - INFO - 
🔍 Processando boot volume: LinuxTSPlus55_boot_clone2904
2025-05-24 11:03:47,693 - INFO - ✅ Backup criado: BootBackup-LinuxTSPlus55_boot_clone2904-BKPAUTCITEL-20250524-1103
2025-05-24 11:03:48,298 - WARNING - ⏳ Backup ignorado (estado TERMINATED): Auto-backup for 2025-05-09 08:00:00 via policy: Citel_Diario04
2025-05-24 11:03:48,299 - INFO - 
🔍 Processando boot volume: LinuxTSPlus65_boot_clone2904
2025-05-24 11:03:48,598 - INFO - ✅ Backup criado: BootBackup-LinuxTSPlus65_boot_clone2904-BKPAUTCITEL-20250524-1103
2025-05-24 11:03:48,826 - WARNING - ⏳ Backup ignorado (estado TERMINATED): Auto-backup for 2025-05-09 08:00:00 via policy: Citel_Diario04
2025-05-24 11:03:48,826 - INFO - 
🔍 Processando boot volume: LinuxTSPlus28_boot_clone2904
2025-05-24 11:03:49,112 - INFO - ✅ Backup criado: BootBackup-LinuxTSPlus28_boot_clone2904-BKPAUTCITEL-20250524-1103
2025-05-24 11:03:49,741 - WARNING - ⏳ Backup ignorado (estado TERMINATED): Auto-backup for 2025-05-09 08:00:00 via policy: Citel_Diario04
2025-05-24 11:03:49,742 - INFO - 
🔍 Processando boot volume: LinuxTSPlus72_boot_clone2904
2025-05-24 11:03:49,864 - WARNING - ⚠️ Tentativa 1: Limite de requisições. Aguardando 1s...
2025-05-24 11:03:54,346 - INFO - ✅ Backup criado: BootBackup-LinuxTSPlus72_boot_clone2904-BKPAUTCITEL-20250524-1103
2025-05-24 11:03:54,575 - WARNING - ⏳ Backup ignorado (estado TERMINATED): Auto-backup for 2025-05-09 08:00:00 via policy: Citel_Diario04
2025-05-24 11:03:54,575 - INFO - 
🔍 Processando boot volume: LinuxTSPlus43_boot_clone2904
2025-05-24 11:03:54,910 - INFO - ✅ Backup criado: BootBackup-LinuxTSPlus43_boot_clone2904-BKPAUTCITEL-20250524-1103
2025-05-24 11:03:55,512 - WARNING - ⏳ Backup ignorado (estado TERMINATED): Auto-backup for 2025-05-09 08:00:00 via policy: Citel_Diario04
2025-05-24 11:03:55,513 - INFO - 
🔍 Processando boot volume: LinuxTSPlus50_boot_clone2904
2025-05-24 11:03:55,926 - INFO - ✅ Backup criado: BootBackup-LinuxTSPlus50_boot_clone2904-BKPAUTCITEL-20250524-1103
2025-05-24 11:03:56,137 - WARNING - ⏳ Backup ignorado (estado TERMINATED): Auto-backup for 2025-05-09 08:00:00 via policy: Citel_Diario04
2025-05-24 11:03:56,138 - INFO - 
🔍 Processando boot volume: LinuxTSPlus37_boot_clone2904
2025-05-24 11:03:56,429 - INFO - ✅ Backup criado: BootBackup-LinuxTSPlus37_boot_clone2904-BKPAUTCITEL-20250524-1103
2025-05-24 11:03:57,074 - WARNING - ⏳ Backup ignorado (estado TERMINATED): Auto-backup for 2025-05-09 08:00:00 via policy: Citel_Diario04
2025-05-24 11:03:57,075 - INFO - 
🔍 Processando boot volume: LinuxTSPlus37_boot_clone2904
2025-05-24 11:03:57,198 - WARNING - ⚠️ Tentativa 1: Limite de requisições. Aguardando 1s...
2025-05-24 11:04:00,480 - INFO - ✅ Backup criado: BootBackup-LinuxTSPlus37_boot_clone2904-BKPAUTCITEL-20250524-1103
2025-05-24 11:04:00,738 - WARNING - ⏳ Backup ignorado (estado TERMINATED): Auto-backup for 2025-05-09 08:00:00 via policy: Citel_Diario04
2025-05-24 11:04:00,738 - INFO - 
🔍 Processando boot volume: LinuxTSPlus32_boot_clone2904
2025-05-24 11:04:01,034 - INFO - ✅ Backup criado: BootBackup-LinuxTSPlus32_boot_clone2904-BKPAUTCITEL-20250524-1104
2025-05-24 11:04:01,669 - WARNING - ⏳ Backup ignorado (estado TERMINATED): Auto-backup for 2025-05-09 08:00:00 via policy: Citel_Diario04
2025-05-24 11:04:01,670 - INFO - 
🔍 Processando boot volume: LinuxTSPlus2_boot_clone2904
2025-05-24 11:04:01,792 - WARNING - ⚠️ Tentativa 1: Limite de requisições. Aguardando 1s...
2025-05-24 11:04:05,864 - WARNING - ⚠️ Tentativa 2: Limite de requisições. Aguardando 2s...
2025-05-24 11:04:09,643 - WARNING - ⚠️ Tentativa 3: Limite de requisições. Aguardando 4s...
2025-05-24 11:04:15,324 - WARNING - ⚠️ Tentativa 4: Limite de requisições. Aguardando 8s...
2025-05-24 11:04:24,650 - WARNING - ⚠️ Tentativa 5: Limite de requisições. Aguardando 16s...
2025-05-24 11:04:45,006 - WARNING - ⏳ Backup ignorado (estado TERMINATED): Auto-backup for 2025-05-09 08:00:00 via policy: Citel_Diario04
2025-05-24 11:04:45,007 - INFO - 
🔍 Processando boot volume: LinuxTSPlus25_boot_clone2904
2025-05-24 11:04:45,305 - INFO - ✅ Backup criado: BootBackup-LinuxTSPlus25_boot_clone2904-BKPAUTCITEL-20250524-1104
2025-05-24 11:04:45,903 - WARNING - ⏳ Backup ignorado (estado TERMINATED): Auto-backup for 2025-05-09 08:00:00 via policy: Citel_Diario04
2025-05-24 11:04:45,903 - INFO - 
🔍 Processando boot volume: LinuxTSPlus1_boot_clone2904
2025-05-24 11:04:46,027 - WARNING - ⚠️ Tentativa 1: Limite de requisições. Aguardando 1s...
2025-05-24 11:04:52,151 - INFO - ✅ Backup criado: BootBackup-LinuxTSPlus1_boot_clone2904-BKPAUTCITEL-20250524-1104
2025-05-24 11:04:52,389 - WARNING - ⏳ Backup ignorado (estado TERMINATED): Auto-backup for 2025-05-09 08:00:00 via policy: Citel_Diario04
2025-05-24 11:04:52,390 - INFO - 
🔍 Processando boot volume: LinuxTSPlus13_boot_clone2904
2025-05-24 11:04:52,693 - INFO - ✅ Backup criado: BootBackup-LinuxTSPlus13_boot_clone2904-BKPAUTCITEL-20250524-1104
2025-05-24 11:04:53,287 - WARNING - ⏳ Backup ignorado (estado TERMINATED): Auto-backup for 2025-05-09 08:00:00 via policy: Citel_Diario04
2025-05-24 11:04:53,288 - INFO - 
🔍 Processando boot volume: LinuxTSPlus14_boot_clone2904
2025-05-24 11:04:53,581 - INFO - ✅ Backup criado: BootBackup-LinuxTSPlus14_boot_clone2904-BKPAUTCITEL-20250524-1104
2025-05-24 11:04:53,803 - WARNING - ⏳ Backup ignorado (estado TERMINATED): Auto-backup for 2025-05-09 08:00:00 via policy: Citel_Diario04
2025-05-24 11:04:53,804 - INFO - 
🔍 Processando boot volume: LinuxTSPlus9-boot_clone2904
2025-05-24 11:04:54,111 - INFO - ✅ Backup criado: BootBackup-LinuxTSPlus9-boot_clone2904-BKPAUTCITEL-20250524-1104
2025-05-24 11:04:54,790 - WARNING - ⏳ Backup ignorado (estado TERMINATED): Auto-backup for 2025-05-09 08:00:00 via policy: Citel_Diario04
2025-05-24 11:04:54,790 - INFO - 
🔍 Processando boot volume: LinuxTSPlus16_boot_clone2904
2025-05-24 11:04:54,914 - WARNING - ⚠️ Tentativa 1: Limite de requisições. Aguardando 1s...
2025-05-24 11:04:59,006 - INFO - ✅ Backup criado: BootBackup-LinuxTSPlus16_boot_clone2904-BKPAUTCITEL-20250524-1104
2025-05-24 11:04:59,233 - WARNING - ⏳ Backup ignorado (estado TERMINATED): Auto-backup for 2025-05-09 08:00:00 via policy: Citel_Diario04
2025-05-24 11:04:59,233 - INFO - 
🔍 Processando boot volume: LinuxTSPlus17_boot_clone2904
2025-05-24 11:04:59,733 - INFO - ✅ Backup criado: BootBackup-LinuxTSPlus17_boot_clone2904-BKPAUTCITEL-20250524-1104
2025-05-24 11:05:00,339 - WARNING - ⏳ Backup ignorado (estado TERMINATED): Auto-backup for 2025-05-09 08:00:00 via policy: Citel_Diario04
2025-05-24 11:05:00,340 - INFO - 
🔍 Processando boot volume: LinuxTSPlus7-boot_clone2904
2025-05-24 11:05:00,651 - INFO - ✅ Backup criado: BootBackup-LinuxTSPlus7-boot_clone2904-BKPAUTCITEL-20250524-1105
2025-05-24 11:05:01,249 - WARNING - ⏳ Backup ignorado (estado TERMINATED): Auto-backup for 2025-05-09 08:00:00 via policy: Citel_Diario04
2025-05-24 11:05:01,249 - INFO - 
🔍 Processando boot volume: LinuxTSPlus6-boot-clone2904
2025-05-24 11:05:01,539 - INFO - ✅ Backup criado: BootBackup-LinuxTSPlus6-boot-clone2904-BKPAUTCITEL-20250524-1105
2025-05-24 11:05:01,753 - WARNING - ⏳ Backup ignorado (estado TERMINATED): Auto-backup for 2025-05-09 08:00:00 via policy: Citel_Diario04
2025-05-24 11:05:01,753 - INFO - 
🔍 Processando boot volume: LinuxTSPlus18-boot-clone2904
2025-05-24 11:05:02,040 - INFO - ✅ Backup criado: BootBackup-LinuxTSPlus18-boot-clone2904-BKPAUTCITEL-20250524-1105
2025-05-24 11:05:02,672 - WARNING - ⏳ Backup ignorado (estado TERMINATED): Auto-backup for 2025-05-09 08:00:00 via policy: Citel_Diario04
2025-05-24 11:05:02,672 - INFO - 
🔍 Processando boot volume: LinuxTsplus59-boot-clone2904
2025-05-24 11:05:02,795 - WARNING - ⚠️ Tentativa 1: Limite de requisições. Aguardando 1s...
2025-05-24 11:05:08,713 - INFO - ✅ Backup criado: BootBackup-LinuxTsplus59-boot-clone2904-BKPAUTCITEL-20250524-1105
2025-05-24 11:05:09,326 - WARNING - ⏳ Backup ignorado (estado TERMINATED): Auto-backup for 2025-05-09 08:00:00 via policy: Citel_Diario04
2025-05-24 11:05:09,326 - INFO - 
🔍 Processando boot volume: LinuxTSPlus19_boot_clone2904
2025-05-24 11:05:09,761 - INFO - ✅ Backup criado: BootBackup-LinuxTSPlus19_boot_clone2904-BKPAUTCITEL-20250524-1105
2025-05-24 11:05:10,362 - WARNING - ⏳ Backup ignorado (estado TERMINATED): Auto-backup for 2025-05-09 08:00:00 via policy: Citel_Diario04
2025-05-24 11:05:10,362 - INFO - 
🔍 Processando boot volume: LinuxTSPlus20_boot_clone2904
2025-05-24 11:05:10,674 - INFO - ✅ Backup criado: BootBackup-LinuxTSPlus20_boot_clone2904-BKPAUTCITEL-20250524-1105
2025-05-24 11:05:11,272 - WARNING - ⏳ Backup ignorado (estado TERMINATED): Auto-backup for 2025-05-09 08:00:00 via policy: Citel_Diario04
2025-05-24 11:05:11,273 - INFO - 
🔍 Processando boot volume: Linux-checkdisks (Boot Volume)
2025-05-24 11:05:11,396 - WARNING - ⚠️ Tentativa 1: Limite de requisições. Aguardando 1s...
2025-05-24 11:05:15,986 - INFO - ✅ Backup criado: BootBackup-Linux-checkdisks (Boot Volume)-BKPAUTCITEL-20250524-1105
2025-05-24 11:05:16,584 - INFO - 
🔍 Processando boot volume: LinuxDataBelaTintas
2025-05-24 11:05:16,981 - INFO - ✅ Backup criado: BootBackup-LinuxDataBelaTintas-BKPAUTCITEL-20250524-1105
2025-05-24 11:05:17,208 - WARNING - ⏳ Backup ignorado (estado TERMINATED): Auto-backup for 2025-05-09 08:00:00 via policy: Citel_Diario04
2025-05-24 11:05:17,208 - INFO - 
🔍 Processando boot volume: LinuxTSPlus5-boot-clone2904
2025-05-24 11:05:17,482 - INFO - ✅ Backup criado: BootBackup-LinuxTSPlus5-boot-clone2904-BKPAUTCITEL-20250524-1105
2025-05-24 11:05:18,079 - WARNING - ⏳ Backup ignorado (estado TERMINATED): Auto-backup for 2025-05-09 08:00:00 via policy: Citel_Diario04
2025-05-24 11:05:18,079 - INFO - 
🔍 Processando boot volume: LinuxData010
2025-05-24 11:05:18,394 - INFO - ✅ Backup criado: BootBackup-LinuxData010-BKPAUTCITEL-20250524-1105
2025-05-24 11:05:19,010 - WARNING - ⏳ Backup ignorado (estado TERMINATED): Auto-backup for 2025-05-09 08:00:00 via policy: Citel_Diario04
2025-05-24 11:05:19,010 - INFO - 
🔍 Processando boot volume: LinuxData025
2025-05-24 11:05:19,133 - WARNING - ⚠️ Tentativa 1: Limite de requisições. Aguardando 1s...
2025-05-24 11:05:24,421 - WARNING - ⚠️ Tentativa 2: Limite de requisições. Aguardando 2s...
2025-05-24 11:05:27,279 - WARNING - ⚠️ Tentativa 3: Limite de requisições. Aguardando 4s...
2025-05-24 11:05:34,920 - WARNING - ⚠️ Tentativa 4: Limite de requisições. Aguardando 8s...
2025-05-24 11:05:46,520 - INFO - ✅ Backup criado: BootBackup-LinuxData025-BKPAUTCITEL-20250524-1105
2025-05-24 11:05:47,132 - WARNING - ⏳ Backup ignorado (estado TERMINATED): Auto-backup for 2025-05-09 08:00:00 via policy: Citel_Diario04
2025-05-24 11:05:47,132 - INFO - 
🔍 Processando boot volume: LinuxDataBelaTintas-14
2025-05-24 11:05:47,432 - INFO - ✅ Backup criado: BootBackup-LinuxDataBelaTintas-14-BKPAUTCITEL-20250524-1105
2025-05-24 11:05:48,035 - WARNING - ⏳ Backup ignorado (estado TERMINATED): Auto-backup for 2025-05-09 08:00:00 via policy: Citel_Diario04
2025-05-24 11:05:48,036 - INFO - 
🔍 Processando boot volume: LinuxData004
2025-05-24 11:05:48,337 - INFO - ✅ Backup criado: BootBackup-LinuxData004-BKPAUTCITEL-20250524-1105
2025-05-24 11:05:48,960 - WARNING - ⏳ Backup ignorado (estado TERMINATED): Auto-backup for 2025-05-09 08:00:00 via policy: Citel_Diario04
2025-05-24 11:05:48,960 - INFO - 
🔍 Processando boot volume: LinuxData026
2025-05-24 11:05:49,083 - WARNING - ⚠️ Tentativa 1: Limite de requisições. Aguardando 1s...
2025-05-24 11:05:55,766 - INFO - ✅ Backup criado: BootBackup-LinuxData026-BKPAUTCITEL-20250524-1105
2025-05-24 11:05:56,355 - WARNING - ⏳ Backup ignorado (estado TERMINATED): Auto-backup for 2025-05-09 08:00:00 via policy: Citel_Diario04
2025-05-24 11:05:56,355 - INFO - 
🔍 Processando boot volume: LinuxData005
2025-05-24 11:05:56,658 - INFO - ✅ Backup criado: BootBackup-LinuxData005-BKPAUTCITEL-20250524-1105
2025-05-24 11:05:57,259 - WARNING - ⏳ Backup ignorado (estado TERMINATED): Auto-backup for 2025-05-09 08:00:00 via policy: Citel_Diario04
2025-05-24 11:05:57,260 - INFO - 
🔍 Processando boot volume: LinuxData012
2025-05-24 11:05:57,382 - WARNING - ⚠️ Tentativa 1: Limite de requisições. Aguardando 1s...
2025-05-24 11:05:58,981 - WARNING - ⚠️ Tentativa 2: Limite de requisições. Aguardando 2s...
2025-05-24 11:06:02,667 - WARNING - ⚠️ Tentativa 3: Limite de requisições. Aguardando 4s...
2025-05-24 11:06:08,545 - INFO - ✅ Backup criado: BootBackup-LinuxData012-BKPAUTCITEL-20250524-1105
2025-05-24 11:06:09,211 - WARNING - ⏳ Backup ignorado (estado TERMINATED): Auto-backup for 2025-05-09 08:00:00 via policy: Citel_Diario04
2025-05-24 11:06:09,212 - INFO - 
🔍 Processando boot volume: LinuxData006
2025-05-24 11:06:09,592 - INFO - ✅ Backup criado: BootBackup-LinuxData006-BKPAUTCITEL-20250524-1106
2025-05-24 11:06:10,209 - WARNING - ⏳ Backup ignorado (estado TERMINATED): Auto-backup for 2025-05-09 08:00:00 via policy: Citel_Diario04
2025-05-24 11:06:10,209 - INFO - 
🔍 Processando boot volume: LinuxData013
2025-05-24 11:06:10,561 - INFO - ✅ Backup criado: BootBackup-LinuxData013-BKPAUTCITEL-20250524-1106
2025-05-24 11:06:11,166 - WARNING - ⏳ Backup ignorado (estado TERMINATED): Auto-backup for 2025-05-09 08:00:00 via policy: Citel_Diario04
2025-05-24 11:06:11,166 - INFO - 
🔍 Processando boot volume: LinuxData011
2025-05-24 11:06:11,475 - INFO - ✅ Backup criado: BootBackup-LinuxData011-BKPAUTCITEL-20250524-1106
2025-05-24 11:06:12,071 - WARNING - ⏳ Backup ignorado (estado TERMINATED): Auto-backup for 2025-05-09 08:00:00 via policy: Citel_Diario04
2025-05-24 11:06:12,071 - INFO - 
🔍 Processando boot volume: LinuxData008
2025-05-24 11:06:12,194 - WARNING - ⚠️ Tentativa 1: Limite de requisições. Aguardando 1s...
2025-05-24 11:06:16,138 - INFO - ✅ Backup criado: BootBackup-LinuxData008-BKPAUTCITEL-20250524-1106
2025-05-24 11:06:16,741 - WARNING - ⏳ Backup ignorado (estado TERMINATED): Auto-backup for 2025-05-09 08:00:00 via policy: Citel_Diario04
2025-05-24 11:06:16,742 - INFO - 
🔍 Processando boot volume: LinuxData007
2025-05-24 11:06:16,864 - WARNING - ⚠️ Tentativa 1: Limite de requisições. Aguardando 1s...
2025-05-24 11:06:19,466 - INFO - ✅ Backup criado: BootBackup-LinuxData007-BKPAUTCITEL-20250524-1106
2025-05-24 11:06:20,058 - WARNING - ⏳ Backup ignorado (estado TERMINATED): Auto-backup for 2025-05-09 08:00:00 via policy: Citel_Diario04
2025-05-24 11:06:20,058 - INFO - 
🔍 Processando boot volume: LinuxData055
2025-05-24 11:06:20,367 - INFO - ✅ Backup criado: BootBackup-LinuxData055-BKPAUTCITEL-20250524-1106
2025-05-24 11:06:20,600 - WARNING - ⏳ Backup ignorado (estado TERMINATED): Auto-backup for 2025-05-09 08:00:00 via policy: Citel_Diario04
2025-05-24 11:06:20,601 - INFO - 
🔍 Processando boot volume: LinuxData009
2025-05-24 11:06:20,889 - INFO - ✅ Backup criado: BootBackup-LinuxData009-BKPAUTCITEL-20250524-1106
2025-05-24 11:06:21,508 - WARNING - ⏳ Backup ignorado (estado TERMINATED): Auto-backup for 2025-05-09 08:00:00 via policy: Citel_Diario04
2025-05-24 11:06:21,509 - INFO - 
🔍 Processando boot volume: LinuxData014
2025-05-24 11:06:21,787 - INFO - ✅ Backup criado: BootBackup-LinuxData014-BKPAUTCITEL-20250524-1106
2025-05-24 11:06:22,378 - WARNING - ⏳ Backup ignorado (estado TERMINATED): Auto-backup for 2025-05-09 08:00:00 via policy: Citel_Diario04
2025-05-24 11:06:22,378 - INFO - 
🔍 Processando boot volume: LinuxData050
2025-05-24 11:06:22,677 - INFO - ✅ Backup criado: BootBackup-LinuxData050-BKPAUTCITEL-20250524-1106
2025-05-24 11:06:23,278 - WARNING - ⏳ Backup ignorado (estado TERMINATED): Auto-backup for 2025-05-09 08:00:00 via policy: Citel_Diario04
2025-05-24 11:06:23,278 - INFO - 
🔍 Processando boot volume: LinuxData018
2025-05-24 11:06:23,585 - INFO - ✅ Backup criado: BootBackup-LinuxData018-BKPAUTCITEL-20250524-1106
2025-05-24 11:06:24,180 - WARNING - ⏳ Backup ignorado (estado TERMINATED): Auto-backup for 2025-05-09 08:00:00 via policy: Citel_Diario04
2025-05-24 11:06:24,181 - INFO - 
🔍 Processando boot volume: LinuxData016
2025-05-24 11:06:24,460 - INFO - ✅ Backup criado: BootBackup-LinuxData016-BKPAUTCITEL-20250524-1106
2025-05-24 11:06:25,080 - WARNING - ⏳ Backup ignorado (estado TERMINATED): Auto-backup for 2025-05-09 08:00:00 via policy: Citel_Diario04
2025-05-24 11:06:25,080 - INFO - 
🔍 Processando boot volume: LinuxData059
2025-05-24 11:06:25,204 - WARNING - ⚠️ Tentativa 1: Limite de requisições. Aguardando 1s...
2025-05-24 11:06:30,220 - WARNING - ⚠️ Tentativa 2: Limite de requisições. Aguardando 2s...
2025-05-24 11:06:34,935 - WARNING - ⚠️ Tentativa 3: Limite de requisições. Aguardando 4s...
2025-05-24 11:06:41,392 - WARNING - ⚠️ Tentativa 4: Limite de requisições. Aguardando 8s...
2025-05-24 11:06:49,991 - WARNING - ⚠️ Tentativa 5: Limite de requisições. Aguardando 16s...
2025-05-24 11:07:10,308 - WARNING - ⏳ Backup ignorado (estado TERMINATED): Auto-backup for 2025-05-09 08:00:00 via policy: Citel_Diario04
2025-05-24 11:07:10,308 - INFO - 
🔍 Processando boot volume: LinuxData037
2025-05-24 11:07:10,587 - INFO - ✅ Backup criado: BootBackup-LinuxData037-BKPAUTCITEL-20250524-1107
2025-05-24 11:07:11,225 - WARNING - ⏳ Backup ignorado (estado TERMINATED): Auto-backup for 2025-05-09 08:00:00 via policy: Citel_Diario04
2025-05-24 11:07:11,226 - INFO - 
🔍 Processando boot volume: LinuxData036
2025-05-24 11:07:11,546 - INFO - ✅ Backup criado: BootBackup-LinuxData036-BKPAUTCITEL-20250524-1107
2025-05-24 11:07:12,128 - WARNING - ⏳ Backup ignorado (estado TERMINATED): Auto-backup for 2025-05-09 08:00:00 via policy: Citel_Diario04
2025-05-24 11:07:12,128 - INFO - 
🔍 Processando boot volume: LinuxData017
2025-05-24 11:07:12,251 - WARNING - ⚠️ Tentativa 1: Limite de requisições. Aguardando 1s...
2025-05-24 11:07:18,697 - WARNING - ⚠️ Tentativa 2: Limite de requisições. Aguardando 2s...
2025-05-24 11:07:25,906 - INFO - ✅ Backup criado: BootBackup-LinuxData017-BKPAUTCITEL-20250524-1107
2025-05-24 11:07:26,507 - WARNING - ⏳ Backup ignorado (estado TERMINATED): Auto-backup for 2025-05-09 08:00:00 via policy: Citel_Diario04
2025-05-24 11:07:26,507 - INFO - 
🔍 Processando boot volume: LinuxData041
2025-05-24 11:07:26,815 - INFO - ✅ Backup criado: BootBackup-LinuxData041-BKPAUTCITEL-20250524-1107
2025-05-24 11:07:27,409 - WARNING - ⏳ Backup ignorado (estado TERMINATED): Auto-backup for 2025-05-09 08:00:00 via policy: Citel_Diario04
2025-05-24 11:07:27,410 - INFO - 
🔍 Processando boot volume: LinuxData043
2025-05-24 11:07:27,532 - WARNING - ⚠️ Tentativa 1: Limite de requisições. Aguardando 1s...
2025-05-24 11:07:33,059 - INFO - ✅ Backup criado: BootBackup-LinuxData043-BKPAUTCITEL-20250524-1107
2025-05-24 11:07:33,661 - WARNING - ⏳ Backup ignorado (estado TERMINATED): Auto-backup for 2025-05-09 08:00:00 via policy: Citel_Diario04
2025-05-24 11:07:33,661 - INFO - 
🔍 Processando boot volume: LinuxData048
2025-05-24 11:07:33,784 - WARNING - ⚠️ Tentativa 1: Limite de requisições. Aguardando 1s...
2025-05-24 11:07:36,166 - INFO - ✅ Backup criado: BootBackup-LinuxData048-BKPAUTCITEL-20250524-1107
2025-05-24 11:07:36,785 - WARNING - ⏳ Backup ignorado (estado TERMINATED): Auto-backup for 2025-05-09 08:00:00 via policy: Citel_Diario04
2025-05-24 11:07:36,785 - INFO - 
🔍 Processando boot volume: LinuxData032
2025-05-24 11:07:37,118 - INFO - ✅ Backup criado: BootBackup-LinuxData032-BKPAUTCITEL-20250524-1107
2025-05-24 11:07:37,718 - WARNING - ⏳ Backup ignorado (estado TERMINATED): Auto-backup for 2025-05-09 08:00:00 via policy: Citel_Diario04
2025-05-24 11:07:37,718 - INFO - 
🔍 Processando boot volume: TEMPLATE_LINUX
2025-05-24 11:07:37,841 - WARNING - ⚠️ Tentativa 1: Limite de requisições. Aguardando 1s...
2025-05-24 11:07:42,241 - WARNING - ⚠️ Tentativa 2: Limite de requisições. Aguardando 2s...
2025-05-24 11:07:48,921 - INFO - ✅ Backup criado: BootBackup-TEMPLATE_LINUX-BKPAUTCITEL-20250524-1107
2025-05-24 11:07:49,516 - WARNING - ⏳ Backup ignorado (estado TERMINATED): Auto-backup for 2025-05-09 08:00:00 via policy: Citel_Diario04
2025-05-24 11:07:49,517 - INFO - 
🔍 Processando boot volume: LinuxData033
2025-05-24 11:07:49,812 - INFO - ✅ Backup criado: BootBackup-LinuxData033-BKPAUTCITEL-20250524-1107
2025-05-24 11:07:50,422 - WARNING - ⏳ Backup ignorado (estado TERMINATED): Auto-backup for 2025-05-09 08:00:00 via policy: Citel_Diario04
2025-05-24 11:07:50,422 - INFO - 
🔍 Processando boot volume: LinuxData034
2025-05-24 11:07:50,714 - INFO - ✅ Backup criado: BootBackup-LinuxData034-BKPAUTCITEL-20250524-1107
2025-05-24 11:07:51,303 - WARNING - ⏳ Backup ignorado (estado TERMINATED): Auto-backup for 2025-05-09 08:00:00 via policy: Citel_Diario04
2025-05-24 11:07:51,303 - INFO - 
🔍 Processando boot volume: LinuxData029
2025-05-24 11:07:51,427 - WARNING - ⚠️ Tentativa 1: Limite de requisições. Aguardando 1s...
2025-05-24 11:07:57,354 - INFO - ✅ Backup criado: BootBackup-LinuxData029-BKPAUTCITEL-20250524-1107
2025-05-24 11:07:57,976 - WARNING - ⏳ Backup ignorado (estado TERMINATED): Auto-backup for 2025-05-09 08:00:00 via policy: Citel_Diario04
2025-05-24 11:07:57,976 - INFO - 
🔍 Processando boot volume: LinuxData019
2025-05-24 11:07:58,276 - INFO - ✅ Backup criado: BootBackup-LinuxData019-BKPAUTCITEL-20250524-1107
2025-05-24 11:07:58,889 - WARNING - ⏳ Backup ignorado (estado TERMINATED): Auto-backup for 2025-05-09 08:00:00 via policy: Citel_Diario04
2025-05-24 11:07:58,890 - INFO - 
🔍 Processando boot volume: LinuxData021
2025-05-24 11:07:59,227 - INFO - ✅ Backup criado: BootBackup-LinuxData021-BKPAUTCITEL-20250524-1107
2025-05-24 11:07:59,885 - WARNING - ⏳ Backup ignorado (estado TERMINATED): Auto-backup for 2025-05-09 08:00:00 via policy: Citel_Diario04
2025-05-24 11:07:59,886 - INFO - 
🔍 Processando boot volume: LinuxData022
2025-05-24 11:08:00,232 - INFO - ✅ Backup criado: BootBackup-LinuxData022-BKPAUTCITEL-20250524-1107
2025-05-24 11:08:00,835 - WARNING - ⏳ Backup ignorado (estado TERMINATED): Auto-backup for 2025-05-09 08:00:00 via policy: Citel_Diario04
2025-05-24 11:08:00,836 - INFO - 
🔍 Processando boot volume: LinuxData024
2025-05-24 11:08:01,150 - INFO - ✅ Backup criado: BootBackup-LinuxData024-BKPAUTCITEL-20250524-1108
2025-05-24 11:08:01,784 - WARNING - ⏳ Backup ignorado (estado TERMINATED): Auto-backup for 2025-05-09 08:00:00 via policy: Citel_Diario04
2025-05-24 11:08:01,784 - INFO - 
🔍 Processando boot volume: LinuxData020
2025-05-24 11:08:01,907 - WARNING - ⚠️ Tentativa 1: Limite de requisições. Aguardando 1s...
2025-05-24 11:08:05,501 - WARNING - ⚠️ Tentativa 2: Limite de requisições. Aguardando 2s...
2025-05-24 11:08:13,113 - INFO - ✅ Backup criado: BootBackup-LinuxData020-BKPAUTCITEL-20250524-1108
2025-05-24 11:08:13,719 - WARNING - ⏳ Backup ignorado (estado TERMINATED): Auto-backup for 2025-05-09 08:00:00 via policy: Citel_Diario04
2025-05-24 11:08:13,719 - INFO - 
🔍 Processando boot volume: LinuxData026
2025-05-24 11:08:13,842 - WARNING - ⚠️ Tentativa 1: Limite de requisições. Aguardando 1s...
2025-05-24 11:08:16,444 - INFO - ✅ Backup criado: BootBackup-LinuxData026-BKPAUTCITEL-20250524-1108
2025-05-24 11:08:17,061 - WARNING - ⏳ Backup ignorado (estado TERMINATED): Auto-backup for 2025-05-09 08:00:00 via policy: Citel_Diario04
2025-05-24 11:08:17,061 - INFO - 
🔍 Processando boot volume: LinuxData028
2025-05-24 11:08:17,184 - WARNING - ⚠️ Tentativa 1: Limite de requisições. Aguardando 1s...
2025-05-24 11:08:23,303 - WARNING - ⚠️ Tentativa 2: Limite de requisições. Aguardando 2s...
2025-05-24 11:08:28,952 - INFO - ✅ Backup criado: BootBackup-LinuxData028-BKPAUTCITEL-20250524-1108
2025-05-24 11:08:29,540 - WARNING - ⏳ Backup ignorado (estado TERMINATED): Auto-backup for 2025-05-09 08:00:00 via policy: Citel_Diario04
2025-05-24 11:08:29,541 - INFO - 
🔍 Processando boot volume: LinuxData030
2025-05-24 11:08:29,921 - INFO - ✅ Backup criado: BootBackup-LinuxData030-BKPAUTCITEL-20250524-1108
2025-05-24 11:08:30,540 - WARNING - ⏳ Backup ignorado (estado TERMINATED): Auto-backup for 2025-05-09 08:00:00 via policy: Citel_Diario04
2025-05-24 11:08:30,540 - INFO - 
🔍 Processando boot volume: LinuxData040
2025-05-24 11:08:30,665 - WARNING - ⚠️ Tentativa 1: Limite de requisições. Aguardando 1s...
2025-05-24 11:08:35,965 - WARNING - ⚠️ Tentativa 2: Limite de requisições. Aguardando 2s...
2025-05-24 11:08:38,815 - WARNING - ⚠️ Tentativa 3: Limite de requisições. Aguardando 4s...
2025-05-24 11:08:47,678 - INFO - ✅ Backup criado: BootBackup-LinuxData040-BKPAUTCITEL-20250524-1108
2025-05-24 11:08:48,271 - WARNING - ⏳ Backup ignorado (estado TERMINATED): Auto-backup for 2025-05-09 08:00:00 via policy: Citel_Diario04
2025-05-24 11:08:48,272 - INFO - 
🔍 Processando boot volume: LinuxData065
2025-05-24 11:08:48,569 - INFO - ✅ Backup criado: BootBackup-LinuxData065-BKPAUTCITEL-20250524-1108
2025-05-24 11:08:49,175 - WARNING - ⏳ Backup ignorado (estado TERMINATED): Auto-backup for 2025-05-09 08:00:00 via policy: Citel_Diario04
2025-05-24 11:08:49,176 - INFO - 
🔍 Processando boot volume: LinuxData072
2025-05-24 11:08:49,465 - INFO - ✅ Backup criado: BootBackup-LinuxData072-BKPAUTCITEL-20250524-1108
2025-05-24 11:08:50,053 - WARNING - ⏳ Backup ignorado (estado TERMINATED): Auto-backup for 2025-05-09 08:00:00 via policy: Citel_Diario04
2025-05-24 11:08:50,054 - INFO - 
🔍 Processando boot volume: LinuxData001
2025-05-24 11:08:50,176 - WARNING - ⚠️ Tentativa 1: Limite de requisições. Aguardando 1s...
2025-05-24 11:08:54,214 - INFO - ✅ Backup criado: BootBackup-LinuxData001-BKPAUTCITEL-20250524-1108
2025-05-24 11:08:54,833 - WARNING - ⏳ Backup ignorado (estado TERMINATED): Auto-backup for 2025-05-09 08:00:00 via policy: Citel_Diario04
2025-05-24 11:08:54,833 - INFO - 
🔍 Processando boot volume: LinuxData002
2025-05-24 11:08:55,124 - INFO - ✅ Backup criado: BootBackup-LinuxData002-BKPAUTCITEL-20250524-1108
2025-05-24 11:08:55,711 - WARNING - ⏳ Backup ignorado (estado TERMINATED): Auto-backup for 2025-05-09 08:00:00 via policy: Citel_Diario04
2025-05-24 11:08:55,712 - INFO - 
🔍 Processando boot volume: LinuxTSPlus20_boot_clone0105
2025-05-24 11:08:55,989 - INFO - ✅ Backup criado: BootBackup-LinuxTSPlus20_boot_clone0105-BKPAUTCITEL-20250524-1108
2025-05-24 11:08:56,581 - INFO - 
🔍 Processando boot volume: FGW-CITE-CLIENTES-CLONE2904
2025-05-24 11:08:56,870 - INFO - ✅ Backup criado: BootBackup-FGW-CITE-CLIENTES-CLONE2904-BKPAUTCITEL-20250524-1108
2025-05-24 11:08:57,442 - INFO - 
🔍 Processando boot volume: LinuxData013_clone06052025
2025-05-24 11:08:57,725 - INFO - ✅ Backup criado: BootBackup-LinuxData013_clone06052025-BKPAUTCITEL-20250524-1108
2025-05-24 11:08:58,311 - INFO - 
🔁 Tentando novamente os backups que falharam...
2025-05-24 11:08:58,311 - INFO - 
🔄 Reprocessando: LinuxTSPlus2_boot_clone2904
2025-05-24 11:08:58,434 - WARNING - ⚠️ Tentativa 1: Limite de requisições. Aguardando 1s...
2025-05-24 11:09:00,203 - WARNING - ⚠️ Tentativa 2: Limite de requisições. Aguardando 2s...
2025-05-24 11:09:04,395 - INFO - ✅ Backup criado: BootBackup-LinuxTSPlus2_boot_clone2904-BKPAUTCITEL-20250524-1108
2025-05-24 11:09:04,395 - INFO - 
🔄 Reprocessando: LinuxData059
2025-05-24 11:09:04,890 - WARNING - ⚠️ Tentativa 1: Limite de requisições. Aguardando 1s...
2025-05-24 11:09:09,983 - INFO - ✅ Backup criado: BootBackup-LinuxData059-BKPAUTCITEL-20250524-1109
2025-05-24 11:09:09,983 - INFO - 
✅ Execução concluída com sucesso
