2025-05-24 21:00:32,318 - INFO - 
🔍 Processando boot volume: LinuxTSPlus20
2025-05-24 21:00:32,721 - INFO - ✅ Backup criado: BootBackup-LinuxTSPlus20-BKPAUTCITEL-20250524-2100
2025-05-24 21:00:33,457 - INFO - 
🔍 Processando boot volume: LinuxTSPlus25
2025-05-24 21:00:33,781 - INFO - ✅ Backup criado: BootBackup-LinuxTSPlus25-BKPAUTCITEL-20250524-2100
2025-05-24 21:00:34,514 - INFO - 
🔍 Processando boot volume: LinuxTSPlus1
2025-05-24 21:00:34,886 - INFO - ✅ Backup criado: BootBackup-LinuxTSPlus1-BKPAUTCITEL-20250524-2100
2025-05-24 21:00:35,663 - INFO - 
🔍 Processando boot volume: LinuxTSPlus2
2025-05-24 21:00:36,025 - INFO - ✅ Backup criado: BootBackup-LinuxTSPlus2-BKPAUTCITEL-20250524-2100
2025-05-24 21:00:36,761 - INFO - 
🔍 Processando boot volume: LinuxTSPlus4
2025-05-24 21:00:37,117 - INFO - ✅ Backup criado: BootBackup-LinuxTSPlus4-BKPAUTCITEL-20250524-2100
2025-05-24 21:00:37,840 - INFO - 
🔍 Processando boot volume: LinuxTSPlus6
2025-05-24 21:00:38,219 - INFO - ✅ Backup criado: BootBackup-LinuxTSPlus6-BKPAUTCITEL-20250524-2100
2025-05-24 21:00:38,939 - INFO - 
🔍 Processando boot volume: LinuxTSPlus30
2025-05-24 21:00:39,088 - WARNING - ⚠️ Tentativa 1: Limite de requisições. Aguardando 1s...
2025-05-24 21:00:41,608 - WARNING - ⚠️ Tentativa 2: Limite de requisições. Aguardando 2s...
2025-05-24 21:00:45,795 - WARNING - ⚠️ Tentativa 3: Limite de requisições. Aguardando 4s...
2025-05-24 21:00:52,204 - WARNING - ⚠️ Tentativa 4: Limite de requisições. Aguardando 8s...
2025-05-24 21:01:04,231 - INFO - ✅ Backup criado: BootBackup-LinuxTSPlus30-BKPAUTCITEL-20250524-2100
2025-05-24 21:01:04,948 - INFO - 
🔍 Processando boot volume: Temp-Subida_G_e_B (Boot Volume)
2025-05-24 21:01:05,289 - INFO - ✅ Backup criado: BootBackup-Temp-Subida_G_e_B (Boot Volume)-BKPAUTCITEL-20250524-2101
2025-05-24 21:01:06,051 - INFO - 
🔍 Processando boot volume: Banco_BelaTintas (Boot Volume)
2025-05-24 21:01:06,436 - INFO - ✅ Backup criado: BootBackup-Banco_BelaTintas (Boot Volume)-BKPAUTCITEL-20250524-2101
2025-05-24 21:01:07,132 - INFO - 
🔍 Processando boot volume: Banco_BelaTintas_clone29042025
2025-05-24 21:01:07,281 - WARNING - ⚠️ Tentativa 1: Limite de requisições. Aguardando 1s...
2025-05-24 21:01:11,413 - INFO - ✅ Backup criado: BootBackup-Banco_BelaTintas_clone29042025-BKPAUTCITEL-20250524-2101
2025-05-24 21:01:12,110 - INFO - 
🔍 Processando boot volume: LinuxTSPlus11_clone2904
2025-05-24 21:01:12,259 - WARNING - ⚠️ Tentativa 1: Limite de requisições. Aguardando 1s...
2025-05-24 21:01:14,056 - WARNING - ⚠️ Tentativa 2: Limite de requisições. Aguardando 2s...
2025-05-24 21:01:19,405 - INFO - ✅ Backup criado: BootBackup-LinuxTSPlus11_clone2904-BKPAUTCITEL-20250524-2101
2025-05-24 21:01:20,126 - INFO - 
🔍 Processando boot volume: LinuxTSPlus30_boot_clone2904
2025-05-24 21:01:20,274 - WARNING - ⚠️ Tentativa 1: Limite de requisições. Aguardando 1s...
2025-05-24 21:01:24,546 - WARNING - ⚠️ Tentativa 2: Limite de requisições. Aguardando 2s...
2025-05-24 21:01:28,172 - INFO - ✅ Backup criado: BootBackup-LinuxTSPlus30_boot_clone2904-BKPAUTCITEL-20250524-2101
2025-05-24 21:01:28,884 - INFO - 
🔍 Processando boot volume: LinuxTSPlus12_boot_clone2904
2025-05-24 21:01:29,289 - INFO - ✅ Backup criado: BootBackup-LinuxTSPlus12_boot_clone2904-BKPAUTCITEL-20250524-2101
2025-05-24 21:01:30,011 - INFO - 
🔍 Processando boot volume: LinuxTSPlus55_boot_clone2904
2025-05-24 21:01:30,364 - INFO - ✅ Backup criado: BootBackup-LinuxTSPlus55_boot_clone2904-BKPAUTCITEL-20250524-2101
2025-05-24 21:01:31,076 - INFO - 
🔍 Processando boot volume: LinuxTSPlus65_boot_clone2904
2025-05-24 21:01:31,225 - WARNING - ⚠️ Tentativa 1: Limite de requisições. Aguardando 1s...
2025-05-24 21:01:37,270 - INFO - ✅ Backup criado: BootBackup-LinuxTSPlus65_boot_clone2904-BKPAUTCITEL-20250524-2101
2025-05-24 21:01:37,980 - INFO - 
🔍 Processando boot volume: LinuxTSPlus28_boot_clone2904
2025-05-24 21:01:38,129 - WARNING - ⚠️ Tentativa 1: Limite de requisições. Aguardando 1s...
2025-05-24 21:01:42,538 - INFO - ✅ Backup criado: BootBackup-LinuxTSPlus28_boot_clone2904-BKPAUTCITEL-20250524-2101
2025-05-24 21:01:43,254 - INFO - 
🔍 Processando boot volume: LinuxTSPlus72_boot_clone2904
2025-05-24 21:01:43,625 - INFO - ✅ Backup criado: BootBackup-LinuxTSPlus72_boot_clone2904-BKPAUTCITEL-20250524-2101
2025-05-24 21:01:44,351 - INFO - 
🔍 Processando boot volume: LinuxTSPlus43_boot_clone2904
2025-05-24 21:01:44,653 - INFO - ✅ Backup criado: BootBackup-LinuxTSPlus43_boot_clone2904-BKPAUTCITEL-20250524-2101
2025-05-24 21:01:45,354 - INFO - 
🔍 Processando boot volume: LinuxTSPlus50_boot_clone2904
2025-05-24 21:01:45,503 - WARNING - ⚠️ Tentativa 1: Limite de requisições. Aguardando 1s...
2025-05-24 21:01:51,560 - INFO - ✅ Backup criado: BootBackup-LinuxTSPlus50_boot_clone2904-BKPAUTCITEL-20250524-2101
2025-05-24 21:01:52,264 - INFO - 
🔍 Processando boot volume: LinuxTSPlus37_boot_clone2904
2025-05-24 21:01:52,578 - INFO - ✅ Backup criado: BootBackup-LinuxTSPlus37_boot_clone2904-BKPAUTCITEL-20250524-2101
2025-05-24 21:01:53,277 - INFO - 
🔍 Processando boot volume: LinuxTSPlus32_boot_clone2904
2025-05-24 21:01:53,588 - INFO - ✅ Backup criado: BootBackup-LinuxTSPlus32_boot_clone2904-BKPAUTCITEL-20250524-2101
2025-05-24 21:01:54,328 - INFO - 
🔍 Processando boot volume: LinuxTSPlus2_boot_clone2904
2025-05-24 21:01:54,477 - WARNING - ⚠️ Tentativa 1: Limite de requisições. Aguardando 1s...
2025-05-24 21:01:59,203 - WARNING - ⚠️ Tentativa 2: Limite de requisições. Aguardando 2s...
2025-05-24 21:02:03,547 - WARNING - ⚠️ Tentativa 3: Limite de requisições. Aguardando 4s...
2025-05-24 21:02:09,943 - INFO - ✅ Backup criado: BootBackup-LinuxTSPlus2_boot_clone2904-BKPAUTCITEL-20250524-2101
2025-05-24 21:02:10,660 - INFO - 
🔍 Processando boot volume: LinuxTSPlus25_boot_clone2904
2025-05-24 21:02:10,984 - INFO - ✅ Backup criado: BootBackup-LinuxTSPlus25_boot_clone2904-BKPAUTCITEL-20250524-2102
2025-05-24 21:02:11,696 - INFO - 
🔍 Processando boot volume: LinuxTSPlus13_boot_clone2904
2025-05-24 21:02:11,845 - WARNING - ⚠️ Tentativa 1: Limite de requisições. Aguardando 1s...
2025-05-24 21:02:17,880 - INFO - ✅ Backup criado: BootBackup-LinuxTSPlus13_boot_clone2904-BKPAUTCITEL-20250524-2102
2025-05-24 21:02:18,588 - INFO - 
🔍 Processando boot volume: LinuxTSPlus9-boot_clone2904
2025-05-24 21:02:18,736 - WARNING - ⚠️ Tentativa 1: Limite de requisições. Aguardando 1s...
2025-05-24 21:02:23,354 - INFO - ✅ Backup criado: BootBackup-LinuxTSPlus9-boot_clone2904-BKPAUTCITEL-20250524-2102
2025-05-24 21:02:24,082 - INFO - 
🔍 Processando boot volume: LinuxTSPlus16_boot_clone2904
2025-05-24 21:02:24,417 - INFO - ✅ Backup criado: BootBackup-LinuxTSPlus16_boot_clone2904-BKPAUTCITEL-20250524-2102
2025-05-24 21:02:25,165 - INFO - 
🔍 Processando boot volume: LinuxTSPlus17_boot_clone2904
2025-05-24 21:02:25,313 - WARNING - ⚠️ Tentativa 1: Limite de requisições. Aguardando 1s...
2025-05-24 21:02:29,907 - INFO - ✅ Backup criado: BootBackup-LinuxTSPlus17_boot_clone2904-BKPAUTCITEL-20250524-2102
2025-05-24 21:02:30,659 - INFO - 
🔍 Processando boot volume: LinuxTSPlus7-boot_clone2904
2025-05-24 21:02:30,807 - WARNING - ⚠️ Tentativa 1: Limite de requisições. Aguardando 1s...
2025-05-24 21:02:32,412 - WARNING - ⚠️ Tentativa 2: Limite de requisições. Aguardando 2s...
2025-05-24 21:02:37,977 - INFO - ✅ Backup criado: BootBackup-LinuxTSPlus7-boot_clone2904-BKPAUTCITEL-20250524-2102
2025-05-24 21:02:38,710 - INFO - 
🔍 Processando boot volume: LinuxTSPlus6-boot-clone2904
2025-05-24 21:02:39,032 - INFO - ✅ Backup criado: BootBackup-LinuxTSPlus6-boot-clone2904-BKPAUTCITEL-20250524-2102
2025-05-24 21:02:39,755 - INFO - 
🔍 Processando boot volume: LinuxTSPlus18-boot-clone2904
2025-05-24 21:02:40,130 - INFO - ✅ Backup criado: BootBackup-LinuxTSPlus18-boot-clone2904-BKPAUTCITEL-20250524-2102
2025-05-24 21:02:40,867 - INFO - 
🔍 Processando boot volume: Linux-checkdisks (Boot Volume)
2025-05-24 21:02:41,188 - INFO - ✅ Backup criado: BootBackup-Linux-checkdisks (Boot Volume)-BKPAUTCITEL-20250524-2102
2025-05-24 21:02:41,892 - INFO - 
🔍 Processando boot volume: LinuxDataBelaTintas
2025-05-24 21:02:42,217 - INFO - ✅ Backup criado: BootBackup-LinuxDataBelaTintas-BKPAUTCITEL-20250524-2102
2025-05-24 21:02:42,943 - INFO - 
🔍 Processando boot volume: LinuxTSPlus5-boot-clone2904
2025-05-24 21:02:43,092 - WARNING - ⚠️ Tentativa 1: Limite de requisições. Aguardando 1s...
2025-05-24 21:02:45,740 - WARNING - ⚠️ Tentativa 2: Limite de requisições. Aguardando 2s...
2025-05-24 21:02:49,147 - WARNING - ⚠️ Tentativa 3: Limite de requisições. Aguardando 4s...
2025-05-24 21:02:56,598 - WARNING - ⚠️ Tentativa 4: Limite de requisições. Aguardando 8s...
2025-05-24 21:03:08,740 - INFO - ✅ Backup criado: BootBackup-LinuxTSPlus5-boot-clone2904-BKPAUTCITEL-20250524-2102
2025-05-24 21:03:09,450 - INFO - 
🔍 Processando boot volume: LinuxData010
2025-05-24 21:03:09,599 - WARNING - ⚠️ Tentativa 1: Limite de requisições. Aguardando 1s...
2025-05-24 21:03:12,471 - INFO - ✅ Backup criado: BootBackup-LinuxData010-BKPAUTCITEL-20250524-2103
2025-05-24 21:03:13,191 - INFO - 
🔍 Processando boot volume: LinuxData025
2025-05-24 21:03:13,497 - INFO - ✅ Backup criado: BootBackup-LinuxData025-BKPAUTCITEL-20250524-2103
2025-05-24 21:03:14,212 - INFO - 
🔍 Processando boot volume: LinuxData004
2025-05-24 21:03:14,544 - INFO - ✅ Backup criado: BootBackup-LinuxData004-BKPAUTCITEL-20250524-2103
2025-05-24 21:03:15,242 - INFO - 
🔍 Processando boot volume: LinuxData005
2025-05-24 21:03:15,553 - INFO - ✅ Backup criado: BootBackup-LinuxData005-BKPAUTCITEL-20250524-2103
2025-05-24 21:03:16,271 - INFO - 
🔍 Processando boot volume: LinuxData012
2025-05-24 21:03:16,422 - WARNING - ⚠️ Tentativa 1: Limite de requisições. Aguardando 1s...
2025-05-24 21:03:20,943 - WARNING - ⚠️ Tentativa 2: Limite de requisições. Aguardando 2s...
2025-05-24 21:03:25,382 - INFO - ✅ Backup criado: BootBackup-LinuxData012-BKPAUTCITEL-20250524-2103
2025-05-24 21:03:26,120 - INFO - 
🔍 Processando boot volume: LinuxData006
2025-05-24 21:03:26,269 - WARNING - ⚠️ Tentativa 1: Limite de requisições. Aguardando 1s...
2025-05-24 21:03:29,281 - WARNING - ⚠️ Tentativa 2: Limite de requisições. Aguardando 2s...
2025-05-24 21:03:32,777 - INFO - ✅ Backup criado: BootBackup-LinuxData006-BKPAUTCITEL-20250524-2103
2025-05-24 21:03:33,481 - INFO - 
🔍 Processando boot volume: LinuxData013
2025-05-24 21:03:33,845 - INFO - ✅ Backup criado: BootBackup-LinuxData013-BKPAUTCITEL-20250524-2103
2025-05-24 21:03:34,551 - INFO - 
🔍 Processando boot volume: LinuxData011
2025-05-24 21:03:34,932 - INFO - ✅ Backup criado: BootBackup-LinuxData011-BKPAUTCITEL-20250524-2103
2025-05-24 21:03:35,653 - INFO - 
🔍 Processando boot volume: LinuxData008
2025-05-24 21:03:35,804 - WARNING - ⚠️ Tentativa 1: Limite de requisições. Aguardando 1s...
2025-05-24 21:03:38,736 - INFO - ✅ Backup criado: BootBackup-LinuxData008-BKPAUTCITEL-20250524-2103
2025-05-24 21:03:39,465 - INFO - 
🔍 Processando boot volume: LinuxData007
2025-05-24 21:03:39,614 - WARNING - ⚠️ Tentativa 1: Limite de requisições. Aguardando 1s...
2025-05-24 21:03:45,444 - INFO - ✅ Backup criado: BootBackup-LinuxData007-BKPAUTCITEL-20250524-2103
2025-05-24 21:03:46,178 - INFO - 
🔍 Processando boot volume: LinuxData055
2025-05-24 21:03:46,525 - INFO - ✅ Backup criado: BootBackup-LinuxData055-BKPAUTCITEL-20250524-2103
2025-05-24 21:03:47,231 - INFO - 
🔍 Processando boot volume: LinuxData009
2025-05-24 21:03:47,379 - WARNING - ⚠️ Tentativa 1: Limite de requisições. Aguardando 1s...
2025-05-24 21:03:51,953 - WARNING - ⚠️ Tentativa 2: Limite de requisições. Aguardando 2s...
2025-05-24 21:03:55,968 - WARNING - ⚠️ Tentativa 3: Limite de requisições. Aguardando 4s...
2025-05-24 21:04:03,977 - WARNING - ⚠️ Tentativa 4: Limite de requisições. Aguardando 8s...
2025-05-24 21:04:13,314 - INFO - ✅ Backup criado: BootBackup-LinuxData009-BKPAUTCITEL-20250524-2103
2025-05-24 21:04:14,042 - INFO - 
🔍 Processando boot volume: LinuxData014
2025-05-24 21:04:14,362 - INFO - ✅ Backup criado: BootBackup-LinuxData014-BKPAUTCITEL-20250524-2104
2025-05-24 21:04:15,073 - INFO - 
🔍 Processando boot volume: LinuxData050
2025-05-24 21:04:15,449 - INFO - ✅ Backup criado: BootBackup-LinuxData050-BKPAUTCITEL-20250524-2104
2025-05-24 21:04:16,175 - INFO - 
🔍 Processando boot volume: LinuxData018
2025-05-24 21:04:16,483 - INFO - ✅ Backup criado: BootBackup-LinuxData018-BKPAUTCITEL-20250524-2104
2025-05-24 21:04:17,202 - INFO - 
🔍 Processando boot volume: LinuxData016
2025-05-24 21:04:17,352 - WARNING - ⚠️ Tentativa 1: Limite de requisições. Aguardando 1s...
2025-05-24 21:04:20,458 - INFO - ✅ Backup criado: BootBackup-LinuxData016-BKPAUTCITEL-20250524-2104
2025-05-24 21:04:21,191 - INFO - 
🔍 Processando boot volume: LinuxData059
2025-05-24 21:04:21,339 - WARNING - ⚠️ Tentativa 1: Limite de requisições. Aguardando 1s...
2025-05-24 21:04:26,584 - INFO - ✅ Backup criado: BootBackup-LinuxData059-BKPAUTCITEL-20250524-2104
2025-05-24 21:04:27,290 - INFO - 
🔍 Processando boot volume: LinuxData037
2025-05-24 21:04:27,440 - WARNING - ⚠️ Tentativa 1: Limite de requisições. Aguardando 1s...
2025-05-24 21:04:30,437 - INFO - ✅ Backup criado: BootBackup-LinuxData037-BKPAUTCITEL-20250524-2104
2025-05-24 21:04:31,149 - INFO - 
🔍 Processando boot volume: LinuxData036
2025-05-24 21:04:31,298 - WARNING - ⚠️ Tentativa 1: Limite de requisições. Aguardando 1s...
2025-05-24 21:04:36,089 - INFO - ✅ Backup criado: BootBackup-LinuxData036-BKPAUTCITEL-20250524-2104
2025-05-24 21:04:36,798 - INFO - 
🔍 Processando boot volume: LinuxData017
2025-05-24 21:04:37,181 - INFO - ✅ Backup criado: BootBackup-LinuxData017-BKPAUTCITEL-20250524-2104
2025-05-24 21:04:37,901 - INFO - 
🔍 Processando boot volume: LinuxData041
2025-05-24 21:04:38,049 - WARNING - ⚠️ Tentativa 1: Limite de requisições. Aguardando 1s...
2025-05-24 21:04:43,429 - INFO - ✅ Backup criado: BootBackup-LinuxData041-BKPAUTCITEL-20250524-2104
2025-05-24 21:04:44,182 - INFO - 
🔍 Processando boot volume: LinuxData043
2025-05-24 21:04:44,331 - WARNING - ⚠️ Tentativa 1: Limite de requisições. Aguardando 1s...
2025-05-24 21:04:47,471 - INFO - ✅ Backup criado: BootBackup-LinuxData043-BKPAUTCITEL-20250524-2104
2025-05-24 21:04:48,187 - INFO - 
🔍 Processando boot volume: LinuxData048
2025-05-24 21:04:48,336 - WARNING - ⚠️ Tentativa 1: Limite de requisições. Aguardando 1s...
2025-05-24 21:04:52,838 - WARNING - ⚠️ Tentativa 2: Limite de requisições. Aguardando 2s...
2025-05-24 21:04:59,526 - INFO - ✅ Backup criado: BootBackup-LinuxData048-BKPAUTCITEL-20250524-2104
2025-05-24 21:05:00,246 - INFO - 
🔍 Processando boot volume: LinuxData032
2025-05-24 21:05:00,395 - WARNING - ⚠️ Tentativa 1: Limite de requisições. Aguardando 1s...
2025-05-24 21:05:03,061 - INFO - ✅ Backup criado: BootBackup-LinuxData032-BKPAUTCITEL-20250524-2105
2025-05-24 21:05:03,785 - INFO - 
🔍 Processando boot volume: LinuxData033
2025-05-24 21:05:03,933 - WARNING - ⚠️ Tentativa 1: Limite de requisições. Aguardando 1s...
2025-05-24 21:05:07,721 - INFO - ✅ Backup criado: BootBackup-LinuxData033-BKPAUTCITEL-20250524-2105
2025-05-24 21:05:08,454 - INFO - 
🔍 Processando boot volume: LinuxData034
2025-05-24 21:05:08,843 - INFO - ✅ Backup criado: BootBackup-LinuxData034-BKPAUTCITEL-20250524-2105
2025-05-24 21:05:09,576 - INFO - 
🔍 Processando boot volume: LinuxData029
2025-05-24 21:05:09,725 - WARNING - ⚠️ Tentativa 1: Limite de requisições. Aguardando 1s...
2025-05-24 21:05:13,386 - INFO - ✅ Backup criado: BootBackup-LinuxData029-BKPAUTCITEL-20250524-2105
2025-05-24 21:05:14,146 - INFO - 
🔍 Processando boot volume: LinuxData019
2025-05-24 21:05:14,294 - WARNING - ⚠️ Tentativa 1: Limite de requisições. Aguardando 1s...
2025-05-24 21:05:18,255 - WARNING - ⚠️ Tentativa 2: Limite de requisições. Aguardando 2s...
2025-05-24 21:05:23,564 - WARNING - ⚠️ Tentativa 3: Limite de requisições. Aguardando 4s...
2025-05-24 21:05:30,628 - INFO - ✅ Backup criado: BootBackup-LinuxData019-BKPAUTCITEL-20250524-2105
2025-05-24 21:05:31,365 - INFO - 
🔍 Processando boot volume: LinuxData021
2025-05-24 21:05:31,514 - WARNING - ⚠️ Tentativa 1: Limite de requisições. Aguardando 1s...
2025-05-24 21:05:35,702 - WARNING - ⚠️ Tentativa 2: Limite de requisições. Aguardando 2s...
2025-05-24 21:05:41,070 - INFO - ✅ Backup criado: BootBackup-LinuxData021-BKPAUTCITEL-20250524-2105
2025-05-24 21:05:41,806 - INFO - 
🔍 Processando boot volume: LinuxData022
2025-05-24 21:05:41,954 - WARNING - ⚠️ Tentativa 1: Limite de requisições. Aguardando 1s...
2025-05-24 21:05:46,782 - WARNING - ⚠️ Tentativa 2: Limite de requisições. Aguardando 2s...
2025-05-24 21:05:52,002 - WARNING - ⚠️ Tentativa 3: Limite de requisições. Aguardando 4s...
2025-05-24 21:05:57,788 - INFO - ✅ Backup criado: BootBackup-LinuxData022-BKPAUTCITEL-20250524-2105
2025-05-24 21:05:58,533 - INFO - 
🔍 Processando boot volume: LinuxData024
2025-05-24 21:05:58,682 - WARNING - ⚠️ Tentativa 1: Limite de requisições. Aguardando 1s...
2025-05-24 21:06:01,457 - INFO - ✅ Backup criado: BootBackup-LinuxData024-BKPAUTCITEL-20250524-2105
2025-05-24 21:06:02,176 - INFO - 
🔍 Processando boot volume: LinuxData020
2025-05-24 21:06:02,527 - INFO - ✅ Backup criado: BootBackup-LinuxData020-BKPAUTCITEL-20250524-2106
2025-05-24 21:06:03,234 - INFO - 
🔍 Processando boot volume: LinuxData026
2025-05-24 21:06:03,604 - INFO - ✅ Backup criado: BootBackup-LinuxData026-BKPAUTCITEL-20250524-2106
2025-05-24 21:06:04,311 - INFO - 
🔍 Processando boot volume: LinuxData028
2025-05-24 21:06:04,459 - WARNING - ⚠️ Tentativa 1: Limite de requisições. Aguardando 1s...
2025-05-24 21:06:07,461 - WARNING - ⚠️ Tentativa 2: Limite de requisições. Aguardando 2s...
2025-05-24 21:06:14,489 - INFO - ✅ Backup criado: BootBackup-LinuxData028-BKPAUTCITEL-20250524-2106
2025-05-24 21:06:15,226 - INFO - 
🔍 Processando boot volume: LinuxData030
2025-05-24 21:06:15,571 - INFO - ✅ Backup criado: BootBackup-LinuxData030-BKPAUTCITEL-20250524-2106
2025-05-24 21:06:16,309 - INFO - 
🔍 Processando boot volume: LinuxData040
2025-05-24 21:06:16,637 - INFO - ✅ Backup criado: BootBackup-LinuxData040-BKPAUTCITEL-20250524-2106
2025-05-24 21:06:17,347 - INFO - 
🔍 Processando boot volume: LinuxData065
2025-05-24 21:06:17,716 - INFO - ✅ Backup criado: BootBackup-LinuxData065-BKPAUTCITEL-20250524-2106
2025-05-24 21:06:18,430 - INFO - 
🔍 Processando boot volume: LinuxData072
2025-05-24 21:06:18,578 - WARNING - ⚠️ Tentativa 1: Limite de requisições. Aguardando 1s...
2025-05-24 21:06:20,858 - INFO - ✅ Backup criado: BootBackup-LinuxData072-BKPAUTCITEL-20250524-2106
2025-05-24 21:06:21,594 - INFO - 
🔍 Processando boot volume: LinuxData001
2025-05-24 21:06:21,917 - INFO - ✅ Backup criado: BootBackup-LinuxData001-BKPAUTCITEL-20250524-2106
2025-05-24 21:06:22,655 - INFO - 
🔍 Processando boot volume: LinuxData002
2025-05-24 21:06:22,804 - WARNING - ⚠️ Tentativa 1: Limite de requisições. Aguardando 1s...
2025-05-24 21:06:28,362 - INFO - ✅ Backup criado: BootBackup-LinuxData002-BKPAUTCITEL-20250524-2106
2025-05-24 21:06:29,083 - INFO - 
🔍 Processando boot volume: LinuxTSPlus20_boot_clone0105
2025-05-24 21:06:29,232 - WARNING - ⚠️ Tentativa 1: Limite de requisições. Aguardando 1s...
2025-05-24 21:06:34,806 - WARNING - ⚠️ Tentativa 2: Limite de requisições. Aguardando 2s...
2025-05-24 21:06:38,428 - WARNING - ⚠️ Tentativa 3: Limite de requisições. Aguardando 4s...
2025-05-24 21:06:47,625 - INFO - ✅ Backup criado: BootBackup-LinuxTSPlus20_boot_clone0105-BKPAUTCITEL-20250524-2106
2025-05-24 21:06:48,341 - INFO - 
🔍 Processando boot volume: LinuxData013_clone06052025
2025-05-24 21:06:48,662 - INFO - ✅ Backup criado: BootBackup-LinuxData013_clone06052025-BKPAUTCITEL-20250524-2106
2025-05-24 21:06:49,416 - INFO - 
✅ Execução concluída com sucesso
