2025-05-24 22:23:25,218 - INFO - 
🔍 Processando block volume: LinuxTSPlus1
2025-05-24 22:23:25,540 - INFO - ✅ Backup criado: BlockBackup-LinuxTSPlus1-BKPAUTCITEL-20250524-2223
2025-05-24 22:23:25,779 - INFO - 
🔍 Processando block volume: Banco1LinuxTSPlus2
2025-05-24 22:23:26,096 - INFO - ✅ Backup criado: BlockBackup-Banco1LinuxTSPlus2-BKPAUTCITEL-20250524-2223
2025-05-24 22:23:26,759 - INFO - 
🔍 Processando block volume: Banco1LinuxTSPlus4
2025-05-24 22:23:27,096 - INFO - ✅ Backup criado: BlockBackup-Banco1LinuxTSPlus4-BKPAUTCITEL-20250524-2223
2025-05-24 22:23:27,311 - INFO - 
🔍 Processando block volume: Banco1LinuxTSPlus20
2025-05-24 22:23:27,636 - INFO - ✅ Backup criado: BlockBackup-Banco1LinuxTSPlus20-BKPAUTCITEL-20250524-2223
2025-05-24 22:23:28,349 - INFO - 
🔍 Processando block volume: Banco3LinuxTSPlus1
2025-05-24 22:23:28,659 - INFO - ✅ Backup criado: BlockBackup-Banco3LinuxTSPlus1-BKPAUTCITEL-20250524-2223
2025-05-24 22:23:28,868 - INFO - 
🔍 Processando block volume: Banco_PalacioFerramentas
2025-05-24 22:23:29,172 - INFO - ✅ Backup criado: BlockBackup-Banco_PalacioFerramentas-BKPAUTCITEL-20250524-2223
2025-05-24 22:23:29,828 - INFO - 
🔍 Processando block volume: Banco1LinuxTSPlus25
2025-05-24 22:23:30,144 - INFO - ✅ Backup criado: BlockBackup-Banco1LinuxTSPlus25-BKPAUTCITEL-20250524-2223
2025-05-24 22:23:30,369 - INFO - 
🔍 Processando block volume: Banco1LinuxTSPlus30
2025-05-24 22:23:30,695 - INFO - ✅ Backup criado: BlockBackup-Banco1LinuxTSPlus30-BKPAUTCITEL-20250524-2223
2025-05-24 22:23:31,344 - INFO - 
🔍 Processando block volume: Banco5LinuxTSPlus10
2025-05-24 22:23:31,493 - WARNING - ⚠️ Tentativa 1: Limite de requisições. Aguardando 5s...
2025-05-24 22:23:40,913 - INFO - ✅ Backup criado: BlockBackup-Banco5LinuxTSPlus10-BKPAUTCITEL-20250524-2223
2025-05-24 22:23:41,138 - INFO - 
🔍 Processando block volume: Banco2LinuxTSPlus20
2025-05-24 22:23:41,447 - INFO - ✅ Backup criado: BlockBackup-Banco2LinuxTSPlus20-BKPAUTCITEL-20250524-2223
2025-05-24 22:23:42,109 - INFO - 
🔍 Processando block volume: Banco2BR24
2025-05-24 22:23:42,258 - WARNING - ⚠️ Tentativa 1: Limite de requisições. Aguardando 5s...
2025-05-24 22:23:50,213 - INFO - ✅ Backup criado: BlockBackup-Banco2BR24-BKPAUTCITEL-20250524-2223
2025-05-24 22:23:50,430 - INFO - 
🔍 Processando block volume: LinuxDataBelaTintas
2025-05-24 22:23:50,817 - INFO - ✅ Backup criado: BlockBackup-LinuxDataBelaTintas-BKPAUTCITEL-20250524-2223
2025-05-24 22:23:51,469 - INFO - 
🔍 Processando block volume: Bancos2_BR02
2025-05-24 22:23:51,772 - INFO - ✅ Backup criado: BlockBackup-Bancos2_BR02-BKPAUTCITEL-20250524-2223
2025-05-24 22:23:51,996 - INFO - 
🔍 Processando block volume: Bancos4_BR01
2025-05-24 22:23:52,321 - INFO - ✅ Backup criado: BlockBackup-Bancos4_BR01-BKPAUTCITEL-20250524-2223
2025-05-24 22:23:52,978 - INFO - 
🔍 Processando block volume: BKO Palacio TKT 651385
2025-05-24 22:23:53,269 - INFO - ✅ Backup criado: BlockBackup-BKO Palacio TKT 651385-BKPAUTCITEL-20250524-2223
2025-05-24 22:23:53,475 - INFO - 
🔍 Processando block volume: Bancos3_BR25
2025-05-24 22:23:53,811 - INFO - ✅ Backup criado: BlockBackup-Bancos3_BR25-BKPAUTCITEL-20250524-2223
2025-05-24 22:23:54,472 - INFO - 
🔍 Processando block volume: GeB
2025-05-24 22:23:54,621 - WARNING - ⚠️ Tentativa 1: Limite de requisições. Aguardando 5s...
2025-05-24 22:24:01,366 - INFO - ✅ Backup criado: BlockBackup-GeB-BKPAUTCITEL-20250524-2223
2025-05-24 22:24:01,584 - INFO - 
🔍 Processando block volume: Banco3_BR20
2025-05-24 22:24:01,954 - INFO - ✅ Backup criado: BlockBackup-Banco3_BR20-BKPAUTCITEL-20250524-2224
2025-05-24 22:24:02,613 - INFO - 
🔍 Processando block volume: Banco_Darka
2025-05-24 22:24:02,761 - WARNING - ⚠️ Tentativa 1: Limite de requisições. Aguardando 5s...
2025-05-24 22:24:11,485 - INFO - ✅ Backup criado: BlockBackup-Banco_Darka-BKPAUTCITEL-20250524-2224
2025-05-24 22:24:11,703 - INFO - 
🔍 Processando block volume: Banco4LinuxTSPlus20
2025-05-24 22:24:12,011 - INFO - ✅ Backup criado: BlockBackup-Banco4LinuxTSPlus20-BKPAUTCITEL-20250524-2224
2025-05-24 22:24:12,670 - INFO - 
🔍 Processando block volume: BackupGeB
2025-05-24 22:24:12,820 - WARNING - ⚠️ Tentativa 1: Limite de requisições. Aguardando 5s...
2025-05-24 22:24:18,455 - WARNING - ⚠️ Tentativa 2: Limite de requisições. Aguardando 10s...
2025-05-24 22:24:30,078 - INFO - ✅ Backup criado: BlockBackup-BackupGeB-BKPAUTCITEL-20250524-2224
2025-05-24 22:24:30,292 - INFO - 
🔍 Processando block volume: BancoGeB
2025-05-24 22:24:30,576 - INFO - ✅ Backup criado: BlockBackup-BancoGeB-BKPAUTCITEL-20250524-2224
2025-05-24 22:24:31,229 - INFO - 
🔍 Processando block volume: Bancos5_BR1
2025-05-24 22:24:31,553 - INFO - ✅ Backup criado: BlockBackup-Bancos5_BR1-BKPAUTCITEL-20250524-2224
2025-05-24 22:24:31,764 - INFO - 
🔍 Processando block volume: BackupCoresVivas TKT 902822
2025-05-24 22:24:32,052 - INFO - ✅ Backup criado: BlockBackup-BackupCoresVivas TKT 902822-BKPAUTCITEL-20250524-2224
2025-05-24 22:24:32,706 - INFO - 
🔍 Processando block volume: bkpBoomerVinicius
2025-05-24 22:24:32,854 - WARNING - ⚠️ Tentativa 1: Limite de requisições. Aguardando 5s...
2025-05-24 22:24:40,668 - WARNING - ⚠️ Tentativa 2: Limite de requisições. Aguardando 10s...
2025-05-24 22:24:54,377 - WARNING - ⚠️ Tentativa 3: Limite de requisições. Aguardando 20s...
2025-05-24 22:25:15,314 - INFO - ✅ Backup criado: BlockBackup-bkpBoomerVinicius-BKPAUTCITEL-20250524-2224
2025-05-24 22:25:15,520 - INFO - 
🔍 Processando block volume: GeB2
2025-05-24 22:25:15,831 - INFO - ✅ Backup criado: BlockBackup-GeB2-BKPAUTCITEL-20250524-2225
2025-05-24 22:25:16,495 - INFO - 
🔍 Processando block volume: bkpParque1014464
2025-05-24 22:25:16,819 - INFO - ✅ Backup criado: BlockBackup-bkpParque1014464-BKPAUTCITEL-20250524-2225
2025-05-24 22:25:17,026 - INFO - 
🔍 Processando block volume: bkpPedrao1020442
2025-05-24 22:25:17,350 - INFO - ✅ Backup criado: BlockBackup-bkpPedrao1020442-BKPAUTCITEL-20250524-2225
2025-05-24 22:25:18,025 - INFO - 
🔍 Processando block volume: Backup_BR34_1031161
2025-05-24 22:25:18,423 - INFO - ✅ Backup criado: BlockBackup-Backup_BR34_1031161-BKPAUTCITEL-20250524-2225
2025-05-24 22:25:19,101 - INFO - 
🔍 Processando block volume: GeB BancoTeste tkt 1048932
2025-05-24 22:25:19,413 - INFO - ✅ Backup criado: BlockBackup-GeB BancoTeste tkt 1048932-BKPAUTCITEL-20250524-2225
2025-05-24 22:25:20,073 - INFO - 
🔍 Processando block volume: Banco1LinuxTSPlus11_clone2904
2025-05-24 22:25:20,358 - INFO - ✅ Backup criado: BlockBackup-Banco1LinuxTSPlus11_clone2904-BKPAUTCITEL-20250524-2225
2025-05-24 22:25:21,018 - INFO - 
🔍 Processando block volume: LinuxTSPlus11_BancoPRODJRPais_clone2904
2025-05-24 22:25:21,336 - INFO - ✅ Backup criado: BlockBackup-LinuxTSPlus11_BancoPRODJRPais_clone2904-BKPAUTCITEL-20250524-2225
2025-05-24 22:25:22,004 - INFO - 
🔍 Processando block volume: LinuxTSPlus30_Banco1LinuxTSPlus30_clone2904
2025-05-24 22:25:22,296 - INFO - ✅ Backup criado: BlockBackup-LinuxTSPlus30_Banco1LinuxTSPlus30_clone2904-BKPAUTCITEL-20250524-2225
2025-05-24 22:25:22,944 - INFO - 
🔍 Processando block volume: Banco-1-LinuxData012
2025-05-24 22:25:23,093 - WARNING - ⚠️ Tentativa 1: Limite de requisições. Aguardando 5s...
2025-05-24 22:25:30,407 - INFO - ✅ Backup criado: BlockBackup-Banco-1-LinuxData012-BKPAUTCITEL-20250524-2225
2025-05-24 22:25:31,070 - INFO - 
🔍 Processando block volume: Banco2-LinuxData012
2025-05-24 22:25:31,391 - INFO - ✅ Backup criado: BlockBackup-Banco2-LinuxData012-BKPAUTCITEL-20250524-2225
2025-05-24 22:25:32,069 - INFO - 
🔍 Processando block volume: Banco3-LinuxData012
2025-05-24 22:25:32,370 - INFO - ✅ Backup criado: BlockBackup-Banco3-LinuxData012-BKPAUTCITEL-20250524-2225
2025-05-24 22:25:33,043 - INFO - 
🔍 Processando block volume: LinuxTSPlus55_Banco1BR55_clone2904
2025-05-24 22:25:33,193 - WARNING - ⚠️ Tentativa 1: Limite de requisições. Aguardando 5s...
2025-05-24 22:25:39,704 - WARNING - ⚠️ Tentativa 2: Limite de requisições. Aguardando 10s...
2025-05-24 22:25:53,162 - INFO - ✅ Backup criado: BlockBackup-LinuxTSPlus55_Banco1BR55_clone2904-BKPAUTCITEL-20250524-2225
2025-05-24 22:25:53,836 - INFO - 
🔍 Processando block volume: LinuxTSPlus55_Banco3BR55_clone2904
2025-05-24 22:25:54,286 - INFO - ✅ Backup criado: BlockBackup-LinuxTSPlus55_Banco3BR55_clone2904-BKPAUTCITEL-20250524-2225
2025-05-24 22:25:54,938 - INFO - 
🔍 Processando block volume: LinuxTSPlus65_Banco1LinuxTSPLUS65_clone2904
2025-05-24 22:25:55,233 - INFO - ✅ Backup criado: BlockBackup-LinuxTSPlus65_Banco1LinuxTSPLUS65_clone2904-BKPAUTCITEL-20250524-2225
2025-05-24 22:25:55,895 - INFO - 
🔍 Processando block volume: LinuxTSPlus65_Banco2LinuxTSPLUS65_clone2904
2025-05-24 22:25:56,199 - INFO - ✅ Backup criado: BlockBackup-LinuxTSPlus65_Banco2LinuxTSPLUS65_clone2904-BKPAUTCITEL-20250524-2225
2025-05-24 22:25:56,849 - INFO - 
🔍 Processando block volume: LinuxTSPlus65_Banco3LinuxTSPLUS65_clone2904
2025-05-24 22:25:56,997 - WARNING - ⚠️ Tentativa 1: Limite de requisições. Aguardando 5s...
2025-05-24 22:26:07,580 - WARNING - ⚠️ Tentativa 2: Limite de requisições. Aguardando 10s...
2025-05-24 22:26:19,358 - INFO - ✅ Backup criado: BlockBackup-LinuxTSPlus65_Banco3LinuxTSPLUS65_clone2904-BKPAUTCITEL-20250524-2225
2025-05-24 22:26:20,042 - INFO - 
🔍 Processando block volume: LinuxTSPlus65_BinariosLinuxTSPLUS65_clone2904
2025-05-24 22:26:20,191 - WARNING - ⚠️ Tentativa 1: Limite de requisições. Aguardando 5s...
2025-05-24 22:26:29,749 - INFO - ✅ Backup criado: BlockBackup-LinuxTSPlus65_BinariosLinuxTSPLUS65_clone2904-BKPAUTCITEL-20250524-2226
2025-05-24 22:26:29,956 - INFO - 
🔍 Processando block volume: LinuxTSPlus28_Banco2LinuxTSPlus28_clone2904
2025-05-24 22:26:30,265 - INFO - ✅ Backup criado: BlockBackup-LinuxTSPlus28_Banco2LinuxTSPlus28_clone2904-BKPAUTCITEL-20250524-2226
2025-05-24 22:26:30,928 - INFO - 
🔍 Processando block volume: LinuxTSPlus28_bancos3_BR28_clone2904
2025-05-24 22:26:31,076 - WARNING - ⚠️ Tentativa 1: Limite de requisições. Aguardando 5s...
2025-05-24 22:26:38,237 - INFO - ✅ Backup criado: BlockBackup-LinuxTSPlus28_bancos3_BR28_clone2904-BKPAUTCITEL-20250524-2226
2025-05-24 22:26:38,458 - INFO - 
🔍 Processando block volume: LinuxTSPlus29_Banco1LinuxTSPlus29_clone2904
2025-05-24 22:26:38,774 - INFO - ✅ Backup criado: BlockBackup-LinuxTSPlus29_Banco1LinuxTSPlus29_clone2904-BKPAUTCITEL-20250524-2226
2025-05-24 22:26:39,439 - INFO - 
🔍 Processando block volume: LinuxTSPlus29_Bancos2_BR29_clone2904
2025-05-24 22:26:39,587 - WARNING - ⚠️ Tentativa 1: Limite de requisições. Aguardando 5s...
2025-05-24 22:26:45,913 - INFO - ✅ Backup criado: BlockBackup-LinuxTSPlus29_Bancos2_BR29_clone2904-BKPAUTCITEL-20250524-2226
2025-05-24 22:26:46,563 - INFO - 
🔍 Processando block volume: LinuxTSPlus29_Bancos3_BR29_clone2904
2025-05-24 22:26:46,862 - INFO - ✅ Backup criado: BlockBackup-LinuxTSPlus29_Bancos3_BR29_clone2904-BKPAUTCITEL-20250524-2226
2025-05-24 22:26:47,521 - INFO - 
🔍 Processando block volume: LinuxTSPlus72_Banco2BR_72_clone2904
2025-05-24 22:26:47,672 - WARNING - ⚠️ Tentativa 1: Limite de requisições. Aguardando 5s...
2025-05-24 22:26:53,826 - WARNING - ⚠️ Tentativa 2: Limite de requisições. Aguardando 10s...
2025-05-24 22:27:05,294 - WARNING - ⚠️ Tentativa 3: Limite de requisições. Aguardando 20s...
2025-05-24 22:27:27,032 - WARNING - ⚠️ Tentativa 4: Limite de requisições. Aguardando 40s...
2025-05-24 22:28:12,219 - INFO - ✅ Backup criado: BlockBackup-LinuxTSPlus72_Banco2BR_72_clone2904-BKPAUTCITEL-20250524-2226
2025-05-24 22:28:12,883 - INFO - 
🔍 Processando block volume: LinuxTSPlus72_BancoBR_clone2904
2025-05-24 22:28:13,192 - INFO - ✅ Backup criado: BlockBackup-LinuxTSPlus72_BancoBR_clone2904-BKPAUTCITEL-20250524-2228
2025-05-24 22:28:13,850 - INFO - 
🔍 Processando block volume: LinuxTSPlus43_Banco1LinuxTSPLUS43_clone2904
2025-05-24 22:28:14,162 - INFO - ✅ Backup criado: BlockBackup-LinuxTSPlus43_Banco1LinuxTSPLUS43_clone2904-BKPAUTCITEL-20250524-2228
2025-05-24 22:28:14,817 - INFO - 
🔍 Processando block volume: LinuxTSPlus43_HD4-LinuxDBA_clone2904
2025-05-24 22:28:15,130 - INFO - ✅ Backup criado: BlockBackup-LinuxTSPlus43_HD4-LinuxDBA_clone2904-BKPAUTCITEL-20250524-2228
2025-05-24 22:28:15,783 - INFO - 
🔍 Processando block volume: LinuxTSPlus50_Banco1LinuxTSPlus50_clone2904
2025-05-24 22:28:16,090 - INFO - ✅ Backup criado: BlockBackup-LinuxTSPlus50_Banco1LinuxTSPlus50_clone2904-BKPAUTCITEL-20250524-2228
2025-05-24 22:28:16,743 - INFO - 
🔍 Processando block volume: LinuxTSPlus37_Banco1LinuxTSPLUS37_clone2904
2025-05-24 22:28:17,035 - INFO - ✅ Backup criado: BlockBackup-LinuxTSPlus37_Banco1LinuxTSPLUS37_clone2904-BKPAUTCITEL-20250524-2228
2025-05-24 22:28:17,252 - INFO - 
🔍 Processando block volume: LinuxTSPlus37_Banco2LinuxTSPLUS37_clone2904
2025-05-24 22:28:17,614 - INFO - ✅ Backup criado: BlockBackup-LinuxTSPlus37_Banco2LinuxTSPLUS37_clone2904-BKPAUTCITEL-20250524-2228
2025-05-24 22:28:18,277 - INFO - 
🔍 Processando block volume: LinuxTSPlus40_Banco1
2025-05-24 22:28:18,573 - INFO - ✅ Backup criado: BlockBackup-LinuxTSPlus40_Banco1-BKPAUTCITEL-20250524-2228
2025-05-24 22:28:19,228 - INFO - 
🔍 Processando block volume: LinuxTSPlus32_Banco1LinuxTSPLUS32_clone2904
2025-05-24 22:28:19,512 - INFO - ✅ Backup criado: BlockBackup-LinuxTSPlus32_Banco1LinuxTSPLUS32_clone2904-BKPAUTCITEL-20250524-2228
2025-05-24 22:28:20,173 - INFO - 
🔍 Processando block volume: LinuxTSPlus32_Banco2LinuxTSPLUS32_clone2904
2025-05-24 22:28:20,481 - INFO - ✅ Backup criado: BlockBackup-LinuxTSPlus32_Banco2LinuxTSPLUS32_clone2904-BKPAUTCITEL-20250524-2228
2025-05-24 22:28:21,143 - INFO - 
🔍 Processando block volume: Banco2-LinuxData013
2025-05-24 22:28:21,447 - INFO - ✅ Backup criado: BlockBackup-Banco2-LinuxData013-BKPAUTCITEL-20250524-2228
2025-05-24 22:28:22,106 - INFO - 
🔍 Processando block volume: Banco3-LinuxData013
2025-05-24 22:28:22,256 - WARNING - ⚠️ Tentativa 1: Limite de requisições. Aguardando 5s...
2025-05-24 22:28:32,107 - INFO - ✅ Backup criado: BlockBackup-Banco3-LinuxData013-BKPAUTCITEL-20250524-2228
2025-05-24 22:28:32,790 - INFO - 
🔍 Processando block volume: Banco1-LinuxData013
2025-05-24 22:28:33,334 - INFO - ✅ Backup criado: BlockBackup-Banco1-LinuxData013-BKPAUTCITEL-20250524-2228
2025-05-24 22:28:33,987 - INFO - 
🔍 Processando block volume: LinuxTSPlus14_BackupCoresVivas TKT 902822_clone2904
2025-05-24 22:28:34,136 - WARNING - ⚠️ Tentativa 1: Limite de requisições. Aguardando 5s...
2025-05-24 22:28:40,817 - INFO - ✅ Backup criado: BlockBackup-LinuxTSPlus14_BackupCoresVivas TKT 902822_clone2904-BKPAUTCITEL-20250524-2228
2025-05-24 22:28:41,467 - INFO - 
🔍 Processando block volume: LinuxTSPlus14_Banco2LinuxTSPlus14_clone2904
2025-05-24 22:28:41,777 - INFO - ✅ Backup criado: BlockBackup-LinuxTSPlus14_Banco2LinuxTSPlus14_clone2904-BKPAUTCITEL-20250524-2228
2025-05-24 22:28:42,441 - INFO - 
🔍 Processando block volume: LinuxTSPlus9-Banco1LinuxTSPlus9-clone2904
2025-05-24 22:28:42,589 - WARNING - ⚠️ Tentativa 1: Limite de requisições. Aguardando 5s...
2025-05-24 22:28:49,527 - WARNING - ⚠️ Tentativa 2: Limite de requisições. Aguardando 10s...
2025-05-24 22:29:04,397 - INFO - ✅ Backup criado: BlockBackup-LinuxTSPlus9-Banco1LinuxTSPlus9-clone2904-BKPAUTCITEL-20250524-2228
2025-05-24 22:29:05,073 - INFO - 
🔍 Processando block volume: LinuxTSPlus9-Banco3LinuxTSPlus9-clone2904
2025-05-24 22:29:05,466 - INFO - ✅ Backup criado: BlockBackup-LinuxTSPlus9-Banco3LinuxTSPlus9-clone2904-BKPAUTCITEL-20250524-2229
2025-05-24 22:29:06,118 - INFO - 
🔍 Processando block volume: LinuxTSPlus14_BancoUbertintasTSPlus14_clone2904
2025-05-24 22:29:06,424 - INFO - ✅ Backup criado: BlockBackup-LinuxTSPlus14_BancoUbertintasTSPlus14_clone2904-BKPAUTCITEL-20250524-2229
2025-05-24 22:29:07,083 - INFO - 
🔍 Processando block volume: LinuxTSPlus9-Bancos4_BR9-clone2904
2025-05-24 22:29:07,232 - WARNING - ⚠️ Tentativa 1: Limite de requisições. Aguardando 5s...
2025-05-24 22:29:15,425 - WARNING - ⚠️ Tentativa 2: Limite de requisições. Aguardando 10s...
2025-05-24 22:29:30,341 - INFO - ✅ Backup criado: BlockBackup-LinuxTSPlus9-Bancos4_BR9-clone2904-BKPAUTCITEL-20250524-2229
2025-05-24 22:29:31,030 - INFO - 
🔍 Processando block volume: LinuxTSPlus8-Banco1LinuxTSPlus8-clone2904
2025-05-24 22:29:31,333 - INFO - ✅ Backup criado: BlockBackup-LinuxTSPlus8-Banco1LinuxTSPlus8-clone2904-BKPAUTCITEL-20250524-2229
2025-05-24 22:29:31,997 - INFO - 
🔍 Processando block volume: LinuxTSPlus8-Banco3LinuxTSPlus8-clone2904
2025-05-24 22:29:32,307 - INFO - ✅ Backup criado: BlockBackup-LinuxTSPlus8-Banco3LinuxTSPlus8-clone2904-BKPAUTCITEL-20250524-2229
2025-05-24 22:29:32,966 - INFO - 
🔍 Processando block volume: LinuxTSPlus16_Banco1LinuxTSPlus16_clone2904
2025-05-24 22:29:33,298 - INFO - ✅ Backup criado: BlockBackup-LinuxTSPlus16_Banco1LinuxTSPlus16_clone2904-BKPAUTCITEL-20250524-2229
2025-05-24 22:29:33,963 - INFO - 
🔍 Processando block volume: LinuxTSPlus16_Banco2LinuxTSPlus16_clone2904
2025-05-24 22:29:34,299 - INFO - ✅ Backup criado: BlockBackup-LinuxTSPlus16_Banco2LinuxTSPlus16_clone2904-BKPAUTCITEL-20250524-2229
2025-05-24 22:29:34,950 - INFO - 
🔍 Processando block volume: LinuxTSPlus7-Banco2LinuxTSPlus7-block-clone2904
2025-05-24 22:29:35,246 - INFO - ✅ Backup criado: BlockBackup-LinuxTSPlus7-Banco2LinuxTSPlus7-block-clone2904-BKPAUTCITEL-20250524-2229
2025-05-24 22:29:35,920 - INFO - 
🔍 Processando block volume: LinuxTSPlus7-Banco3LinuxTSPlus7-block-clone2904
2025-05-24 22:29:36,222 - INFO - ✅ Backup criado: BlockBackup-LinuxTSPlus7-Banco3LinuxTSPlus7-block-clone2904-BKPAUTCITEL-20250524-2229
2025-05-24 22:29:36,884 - INFO - 
🔍 Processando block volume: LinuxTSPlus7-Banco3_BR7-block-clone2904
2025-05-24 22:29:37,243 - INFO - ✅ Backup criado: BlockBackup-LinuxTSPlus7-Banco3_BR7-block-clone2904-BKPAUTCITEL-20250524-2229
2025-05-24 22:29:37,904 - INFO - 
🔍 Processando block volume: LinuxTSPlus17_Banco2LinuxTSPlus17_clone2904
2025-05-24 22:29:38,203 - INFO - ✅ Backup criado: BlockBackup-LinuxTSPlus17_Banco2LinuxTSPlus17_clone2904-BKPAUTCITEL-20250524-2229
2025-05-24 22:29:38,871 - INFO - 
🔍 Processando block volume: LinuxTSPlus17_BancoPRODBelaTintas_clone2904
2025-05-24 22:29:39,164 - INFO - ✅ Backup criado: BlockBackup-LinuxTSPlus17_BancoPRODBelaTintas_clone2904-BKPAUTCITEL-20250524-2229
2025-05-24 22:29:39,816 - INFO - 
🔍 Processando block volume: LinuxTSPlus17_HD5-LinuxDBAs_clone2904
2025-05-24 22:29:39,965 - WARNING - ⚠️ Tentativa 1: Limite de requisições. Aguardando 5s...
2025-05-24 22:29:50,390 - INFO - ✅ Backup criado: BlockBackup-LinuxTSPlus17_HD5-LinuxDBAs_clone2904-BKPAUTCITEL-20250524-2229
2025-05-24 22:29:51,048 - INFO - 
🔍 Processando block volume: LinuxTSPlus6-Banco3LinuxTSPlus6-block-clone2904
2025-05-24 22:29:51,197 - WARNING - ⚠️ Tentativa 1: Limite de requisições. Aguardando 5s...
2025-05-24 22:29:58,693 - WARNING - ⚠️ Tentativa 2: Limite de requisições. Aguardando 10s...
2025-05-24 22:30:13,317 - INFO - ✅ Backup criado: BlockBackup-LinuxTSPlus6-Banco3LinuxTSPlus6-block-clone2904-BKPAUTCITEL-20250524-2229
2025-05-24 22:30:13,975 - INFO - 
🔍 Processando block volume: LinuxTSPlus6-Banco4LinuxTSPlus6-block-clone2904
2025-05-24 22:30:14,125 - WARNING - ⚠️ Tentativa 1: Limite de requisições. Aguardando 5s...
2025-05-24 22:30:21,788 - INFO - ✅ Backup criado: BlockBackup-LinuxTSPlus6-Banco4LinuxTSPlus6-block-clone2904-BKPAUTCITEL-20250524-2230
2025-05-24 22:30:22,458 - INFO - 
🔍 Processando block volume: LinuxTSPlus18-Banco1LinuxTSPlus18-block-2904
2025-05-24 22:30:22,804 - INFO - ✅ Backup criado: BlockBackup-LinuxTSPlus18-Banco1LinuxTSPlus18-block-2904-BKPAUTCITEL-20250524-2230
2025-05-24 22:30:23,464 - INFO - 
🔍 Processando block volume: LinuxTSPlus18-Banco2LinuxTSPlus18-block-2904
2025-05-24 22:30:23,876 - INFO - ✅ Backup criado: BlockBackup-LinuxTSPlus18-Banco2LinuxTSPlus18-block-2904-BKPAUTCITEL-20250524-2230
2025-05-24 22:30:24,549 - INFO - 
🔍 Processando block volume: LinuxTSPlus18-Bancos4_BR18-block-2904
2025-05-24 22:30:24,698 - WARNING - ⚠️ Tentativa 1: Limite de requisições. Aguardando 5s...
2025-05-24 22:30:34,577 - INFO - ✅ Backup criado: BlockBackup-LinuxTSPlus18-Bancos4_BR18-block-2904-BKPAUTCITEL-20250524-2230
2025-05-24 22:30:35,235 - INFO - 
🔍 Processando block volume: LinuxTsplus59-Banco2Linux59-block-clone2904
2025-05-24 22:30:35,383 - WARNING - ⚠️ Tentativa 1: Limite de requisições. Aguardando 5s...
2025-05-24 22:30:41,978 - WARNING - ⚠️ Tentativa 2: Limite de requisições. Aguardando 10s...
2025-05-24 22:30:56,643 - WARNING - ⚠️ Tentativa 3: Limite de requisições. Aguardando 20s...
2025-05-24 22:31:19,795 - INFO - ✅ Backup criado: BlockBackup-LinuxTsplus59-Banco2Linux59-block-clone2904-BKPAUTCITEL-20250524-2230
2025-05-24 22:31:20,455 - INFO - 
🔍 Processando block volume: LinuxTsplus59-BancoLinux59-block-clone2904
2025-05-24 22:31:20,775 - INFO - ✅ Backup criado: BlockBackup-LinuxTsplus59-BancoLinux59-block-clone2904-BKPAUTCITEL-20250524-2231
2025-05-24 22:31:21,445 - INFO - 
🔍 Processando block volume: LinuxTSPlus19_Banco1LinuxTSPlus19_clone2904
2025-05-24 22:31:21,764 - INFO - ✅ Backup criado: BlockBackup-LinuxTSPlus19_Banco1LinuxTSPlus19_clone2904-BKPAUTCITEL-20250524-2231
2025-05-24 22:31:22,432 - INFO - 
🔍 Processando block volume: LinuxTSPlus19_Banco3LinuxTSPlus19_clone2904
2025-05-24 22:31:22,738 - INFO - ✅ Backup criado: BlockBackup-LinuxTSPlus19_Banco3LinuxTSPlus19_clone2904-BKPAUTCITEL-20250524-2231
2025-05-24 22:31:23,394 - INFO - 
🔍 Processando block volume: LinuxTSPlus20_Banco1LinuxTSPlus20_clone2904
2025-05-24 22:31:23,700 - INFO - ✅ Backup criado: BlockBackup-LinuxTSPlus20_Banco1LinuxTSPlus20_clone2904-BKPAUTCITEL-20250524-2231
2025-05-24 22:31:24,358 - INFO - 
🔍 Processando block volume: LinuxTSPlus20_Banco2LinuxTSPlus20_clone2904
2025-05-24 22:31:24,507 - WARNING - ⚠️ Tentativa 1: Limite de requisições. Aguardando 5s...
2025-05-24 22:31:34,565 - INFO - ✅ Backup criado: BlockBackup-LinuxTSPlus20_Banco2LinuxTSPlus20_clone2904-BKPAUTCITEL-20250524-2231
2025-05-24 22:31:35,241 - INFO - 
🔍 Processando block volume: LinuxTSPlus20_Banco3_BR20_clone2904
2025-05-24 22:31:35,558 - INFO - ✅ Backup criado: BlockBackup-LinuxTSPlus20_Banco3_BR20_clone2904-BKPAUTCITEL-20250524-2231
2025-05-24 22:31:36,334 - INFO - 
🔍 Processando block volume: LinuxTSPlus20_Banco4LinuxTSPlus20_clone2904
2025-05-24 22:31:36,665 - INFO - ✅ Backup criado: BlockBackup-LinuxTSPlus20_Banco4LinuxTSPlus20_clone2904-BKPAUTCITEL-20250524-2231
2025-05-24 22:31:37,337 - INFO - 
🔍 Processando block volume: LinuxTSPlus5-Banco3LinuxBR5-block-clone2904
2025-05-24 22:31:37,671 - INFO - ✅ Backup criado: BlockBackup-LinuxTSPlus5-Banco3LinuxBR5-block-clone2904-BKPAUTCITEL-20250524-2231
2025-05-24 22:31:38,343 - INFO - 
🔍 Processando block volume: LinuxTSPlus5-Banco2LinuxBR5-block-clone2904
2025-05-24 22:31:38,670 - INFO - ✅ Backup criado: BlockBackup-LinuxTSPlus5-Banco2LinuxBR5-block-clone2904-BKPAUTCITEL-20250524-2231
2025-05-24 22:31:39,326 - INFO - 
🔍 Processando block volume: Banco1-LinuxData004
2025-05-24 22:31:39,475 - WARNING - ⚠️ Tentativa 1: Limite de requisições. Aguardando 5s...
2025-05-24 22:31:47,945 - INFO - ✅ Backup criado: BlockBackup-Banco1-LinuxData004-BKPAUTCITEL-20250524-2231
2025-05-24 22:31:48,608 - INFO - 
🔍 Processando block volume: Banco2-LinuxData004
2025-05-24 22:31:48,909 - INFO - ✅ Backup criado: BlockBackup-Banco2-LinuxData004-BKPAUTCITEL-20250524-2231
2025-05-24 22:31:49,624 - INFO - 
🔍 Processando block volume: Banco3-LinuxData004
2025-05-24 22:31:49,929 - INFO - ✅ Backup criado: BlockBackup-Banco3-LinuxData004-BKPAUTCITEL-20250524-2231
2025-05-24 22:31:50,639 - INFO - 
🔍 Processando block volume: LinuxTSPlus48-block-Restore
2025-05-24 22:31:50,953 - INFO - ✅ Backup criado: BlockBackup-LinuxTSPlus48-block-Restore-BKPAUTCITEL-20250524-2231
2025-05-24 22:31:51,631 - INFO - 
🔍 Processando block volume: LinuxData007-Banco4
2025-05-24 22:31:51,952 - INFO - ✅ Backup criado: BlockBackup-LinuxData007-Banco4-BKPAUTCITEL-20250524-2231
2025-05-24 22:31:52,622 - INFO - 
🔍 Processando block volume: Banco2LinuxBR21-Restore
2025-05-24 22:31:52,771 - WARNING - ⚠️ Tentativa 1: Limite de requisições. Aguardando 5s...
2025-05-24 22:32:00,379 - INFO - ✅ Backup criado: BlockBackup-Banco2LinuxBR21-Restore-BKPAUTCITEL-20250524-2231
2025-05-24 22:32:01,037 - INFO - 
🔍 Processando block volume: LinuxTSPlus41-block-Restore
2025-05-24 22:32:01,365 - INFO - ✅ Backup criado: BlockBackup-LinuxTSPlus41-block-Restore-BKPAUTCITEL-20250524-2232
2025-05-24 22:32:02,049 - INFO - 
🔍 Processando block volume: Banco1LinuxTSPlus26-Restore
2025-05-24 22:32:02,198 - WARNING - ⚠️ Tentativa 1: Limite de requisições. Aguardando 5s...
2025-05-24 22:32:10,181 - INFO - ✅ Backup criado: BlockBackup-Banco1LinuxTSPlus26-Restore-BKPAUTCITEL-20250524-2232
2025-05-24 22:32:10,837 - INFO - 
🔍 Processando block volume: LinuxTSPlus36-block-Restore
2025-05-24 22:32:11,188 - INFO - ✅ Backup criado: BlockBackup-LinuxTSPlus36-block-Restore-BKPAUTCITEL-20250524-2232
2025-05-24 22:32:11,862 - INFO - 
🔍 Processando block volume: LinuxTSPlus34-Bancos3_BR34-backup-Restore
2025-05-24 22:32:12,016 - WARNING - ⚠️ Tentativa 1: Limite de requisições. Aguardando 5s...
2025-05-24 22:32:18,691 - INFO - ✅ Backup criado: BlockBackup-LinuxTSPlus34-Bancos3_BR34-backup-Restore-BKPAUTCITEL-20250524-2232
2025-05-24 22:32:19,379 - INFO - 
🔍 Processando block volume: LinuxTSPlus34-Bancos2_BR34-backup-Restore
2025-05-24 22:32:19,710 - INFO - ✅ Backup criado: BlockBackup-LinuxTSPlus34-Bancos2_BR34-backup-Restore-BKPAUTCITEL-20250524-2232
2025-05-24 22:32:20,374 - INFO - 
🔍 Processando block volume: Banco1LinuxTSPLUS33-Restore
2025-05-24 22:32:20,522 - WARNING - ⚠️ Tentativa 1: Limite de requisições. Aguardando 5s...
2025-05-24 22:32:27,720 - WARNING - ⚠️ Tentativa 2: Limite de requisições. Aguardando 10s...
2025-05-24 22:32:39,054 - INFO - ✅ Backup criado: BlockBackup-Banco1LinuxTSPLUS33-Restore-BKPAUTCITEL-20250524-2232
2025-05-24 22:32:39,724 - INFO - 
🔍 Processando block volume: Banco2BR33-Restore
2025-05-24 22:32:39,872 - WARNING - ⚠️ Tentativa 1: Limite de requisições. Aguardando 5s...
2025-05-24 22:32:46,798 - INFO - ✅ Backup criado: BlockBackup-Banco2BR33-Restore-BKPAUTCITEL-20250524-2232
2025-05-24 22:32:47,469 - INFO - 
🔍 Processando block volume: LinuxTSPlus34-Banco1LinuxTSPLUS34-backup-Restore
2025-05-24 22:32:47,617 - WARNING - ⚠️ Tentativa 1: Limite de requisições. Aguardando 5s...
2025-05-24 22:32:53,829 - INFO - ✅ Backup criado: BlockBackup-LinuxTSPlus34-Banco1LinuxTSPLUS34-backup-Restore-BKPAUTCITEL-20250524-2232
2025-05-24 22:32:54,486 - INFO - 
🔍 Processando block volume: LinuxTSPlus1-Restore1
2025-05-24 22:32:54,812 - INFO - ✅ Backup criado: BlockBackup-LinuxTSPlus1-Restore1-BKPAUTCITEL-20250524-2232
2025-05-24 22:32:55,468 - INFO - 
🔍 Processando block volume: Bancos5_BR1-Restore2
2025-05-24 22:32:55,781 - INFO - ✅ Backup criado: BlockBackup-Bancos5_BR1-Restore2-BKPAUTCITEL-20250524-2232
2025-05-24 22:32:56,435 - INFO - 
🔍 Processando block volume: Bancos4_BR01-Restore3
2025-05-24 22:32:56,744 - INFO - ✅ Backup criado: BlockBackup-Bancos4_BR01-Restore3-BKPAUTCITEL-20250524-2232
2025-05-24 22:32:57,410 - INFO - 
🔍 Processando block volume: Banco3LinuxTSPlus1-Restore4
2025-05-24 22:32:57,801 - INFO - ✅ Backup criado: BlockBackup-Banco3LinuxTSPlus1-Restore4-BKPAUTCITEL-20250524-2232
2025-05-24 22:32:58,481 - INFO - 
🔍 Processando block volume: Banco1LinuxTSPlus24-Restore
2025-05-24 22:32:58,630 - WARNING - ⚠️ Tentativa 1: Limite de requisições. Aguardando 5s...
2025-05-24 22:33:04,937 - WARNING - ⚠️ Tentativa 2: Limite de requisições. Aguardando 10s...
2025-05-24 22:33:20,122 - INFO - ✅ Backup criado: BlockBackup-Banco1LinuxTSPlus24-Restore-BKPAUTCITEL-20250524-2232
2025-05-24 22:33:20,784 - INFO - 
🔍 Processando block volume: Banco1LinuxTSPlus22-Restore
2025-05-24 22:33:21,074 - INFO - ✅ Backup criado: BlockBackup-Banco1LinuxTSPlus22-Restore-BKPAUTCITEL-20250524-2233
2025-05-24 22:33:21,742 - INFO - 
🔍 Processando block volume: Banco3LinuxTSPlus22-Restore
2025-05-24 22:33:22,042 - INFO - ✅ Backup criado: BlockBackup-Banco3LinuxTSPlus22-Restore-BKPAUTCITEL-20250524-2233
2025-05-24 22:33:22,719 - INFO - 
🔍 Processando block volume: Banco2LinuxTSPlus22-Restore
2025-05-24 22:33:22,875 - WARNING - ⚠️ Tentativa 1: Limite de requisições. Aguardando 5s...
2025-05-24 22:33:28,561 - WARNING - ⚠️ Tentativa 2: Limite de requisições. Aguardando 10s...
2025-05-24 22:33:43,734 - INFO - ✅ Backup criado: BlockBackup-Banco2LinuxTSPlus22-Restore-BKPAUTCITEL-20250524-2233
2025-05-24 22:33:44,399 - INFO - 
🔍 Processando block volume: LinuxData010-PalacioTKT651385
2025-05-24 22:33:44,753 - INFO - ✅ Backup criado: BlockBackup-LinuxData010-PalacioTKT651385-BKPAUTCITEL-20250524-2233
2025-05-24 22:33:45,420 - INFO - 
🔍 Processando block volume: LinuxData010-Banco4
2025-05-24 22:33:45,721 - INFO - ✅ Backup criado: BlockBackup-LinuxData010-Banco4-BKPAUTCITEL-20250524-2233
2025-05-24 22:33:46,385 - INFO - 
🔍 Processando block volume: LinuxData010-Banco5
2025-05-24 22:33:46,711 - INFO - ✅ Backup criado: BlockBackup-LinuxData010-Banco5-BKPAUTCITEL-20250524-2233
2025-05-24 22:33:47,358 - INFO - 
🔍 Processando block volume: LinuxData010-GeB
2025-05-24 22:33:47,506 - WARNING - ⚠️ Tentativa 1: Limite de requisições. Aguardando 5s...
2025-05-24 22:33:57,585 - INFO - ✅ Backup criado: BlockBackup-LinuxData010-GeB-BKPAUTCITEL-20250524-2233
2025-05-24 22:33:58,237 - INFO - 
🔍 Processando block volume: LinuxData020-Banco3_BR20
2025-05-24 22:33:58,599 - INFO - ✅ Backup criado: BlockBackup-LinuxData020-Banco3_BR20-BKPAUTCITEL-20250524-2233
2025-05-24 22:33:59,267 - INFO - 
🔍 Processando block volume: Banco3_BR20-RESTORE_FILES
2025-05-24 22:33:59,585 - INFO - ✅ Backup criado: BlockBackup-Banco3_BR20-RESTORE_FILES-BKPAUTCITEL-20250524-2233
2025-05-24 22:34:00,244 - INFO - 
🔍 Processando block volume: LinuxData030_clone06052025
2025-05-24 22:34:00,394 - WARNING - ⚠️ Tentativa 1: Limite de requisições. Aguardando 5s...
2025-05-24 22:34:06,648 - INFO - ✅ Backup criado: BlockBackup-LinuxData030_clone06052025-BKPAUTCITEL-20250524-2234
2025-05-24 22:34:07,299 - INFO - 
🔍 Processando block volume: Restore_Teste_Bancos3_BR20
2025-05-24 22:34:07,449 - WARNING - ⚠️ Tentativa 1: Limite de requisições. Aguardando 5s...
2025-05-24 22:34:16,926 - INFO - ✅ Backup criado: BlockBackup-Restore_Teste_Bancos3_BR20-BKPAUTCITEL-20250524-2234
2025-05-24 22:34:17,576 - INFO - 
🔍 Processando block volume: Restore Banco ComercialCarvalho
2025-05-24 22:34:17,724 - WARNING - ⚠️ Tentativa 1: Limite de requisições. Aguardando 5s...
2025-05-24 22:34:28,453 - INFO - ✅ Backup criado: BlockBackup-Restore Banco ComercialCarvalho-BKPAUTCITEL-20250524-2234
2025-05-24 22:34:29,110 - INFO - 
🔍 Processando block volume: Restore Banco Fluzao
2025-05-24 22:34:29,437 - INFO - ✅ Backup criado: BlockBackup-Restore Banco Fluzao-BKPAUTCITEL-20250524-2234
2025-05-24 22:34:30,129 - INFO - 
🔍 Processando block volume: Restore Banco Suprema
2025-05-24 22:34:30,523 - INFO - ✅ Backup criado: BlockBackup-Restore Banco Suprema-BKPAUTCITEL-20250524-2234
2025-05-24 22:34:31,188 - INFO - 
🔍 Processando block volume: BKP Fluzao Prudente
2025-05-24 22:34:31,505 - INFO - ✅ Backup criado: BlockBackup-BKP Fluzao Prudente-BKPAUTCITEL-20250524-2234
2025-05-24 22:34:32,160 - INFO - 
🔍 Processando block volume: LINUXDATA020-BANCO3-Testerecovery-14-05-2025
2025-05-24 22:34:32,477 - INFO - ✅ Backup criado: BlockBackup-LINUXDATA020-BANCO3-Testerecovery-14-05-2025-BKPAUTCITEL-20250524-2234
2025-05-24 22:34:33,136 - INFO - 
🔍 Processando block volume: Restore Banco BI Royal
2025-05-24 22:34:33,435 - INFO - ✅ Backup criado: BlockBackup-Restore Banco BI Royal-BKPAUTCITEL-20250524-2234
2025-05-24 22:34:34,076 - INFO - 
🔍 Processando block volume: Restore Banco BI Piso e Cia 
2025-05-24 22:34:34,224 - WARNING - ⚠️ Tentativa 1: Limite de requisições. Aguardando 5s...
2025-05-24 22:34:40,739 - INFO - ✅ Backup criado: BlockBackup-Restore Banco BI Piso e Cia -BKPAUTCITEL-20250524-2234
2025-05-24 22:34:41,610 - INFO - 
🔍 Processando block volume: Restore Banco BI MaxVinil
2025-05-24 22:34:41,921 - INFO - ✅ Backup criado: BlockBackup-Restore Banco BI MaxVinil-BKPAUTCITEL-20250524-2234
2025-05-24 22:34:42,571 - INFO - 
🔍 Processando block volume: Restore Banco BI Vermat
2025-05-24 22:34:42,722 - WARNING - ⚠️ Tentativa 1: Limite de requisições. Aguardando 5s...
2025-05-24 22:34:51,008 - INFO - ✅ Backup criado: BlockBackup-Restore Banco BI Vermat-BKPAUTCITEL-20250524-2234
2025-05-24 22:34:51,657 - INFO - 
🔍 Processando block volume: Restore Banco BI Perin
2025-05-24 22:34:51,947 - INFO - ✅ Backup criado: BlockBackup-Restore Banco BI Perin-BKPAUTCITEL-20250524-2234
2025-05-24 22:34:52,596 - INFO - 
🔍 Processando block volume: Restore Banco BI AtacadaoPT
2025-05-24 22:34:52,898 - INFO - ✅ Backup criado: BlockBackup-Restore Banco BI AtacadaoPT-BKPAUTCITEL-20250524-2234
2025-05-24 22:34:53,562 - INFO - 
🔍 Processando block volume: Restore Banco BI Agrocac
2025-05-24 22:34:53,874 - INFO - ✅ Backup criado: BlockBackup-Restore Banco BI Agrocac-BKPAUTCITEL-20250524-2234
2025-05-24 22:34:54,528 - INFO - 
🔍 Processando block volume: Restore Banco BI PadraoPVC
2025-05-24 22:34:54,817 - INFO - ✅ Backup criado: BlockBackup-Restore Banco BI PadraoPVC-BKPAUTCITEL-20250524-2234
2025-05-24 22:34:55,462 - INFO - 
🔍 Processando block volume: Restore Banco BI Rezende
2025-05-24 22:34:55,610 - WARNING - ⚠️ Tentativa 1: Limite de requisições. Aguardando 5s...
2025-05-24 22:35:03,673 - INFO - ✅ Backup criado: BlockBackup-Restore Banco BI Rezende-BKPAUTCITEL-20250524-2234
2025-05-24 22:35:04,541 - INFO - 
🔍 Processando block volume: Restore Banco BI MadMapa
2025-05-24 22:35:04,697 - WARNING - ⚠️ Tentativa 1: Limite de requisições. Aguardando 5s...
2025-05-24 22:35:12,916 - WARNING - ⚠️ Tentativa 2: Limite de requisições. Aguardando 10s...
2025-05-24 22:35:28,163 - WARNING - ⚠️ Tentativa 3: Limite de requisições. Aguardando 20s...
2025-05-24 22:35:51,809 - INFO - ✅ Backup criado: BlockBackup-Restore Banco BI MadMapa-BKPAUTCITEL-20250524-2235
2025-05-24 22:35:52,462 - INFO - 
🔍 Processando block volume: Restore Banco BI Santana
2025-05-24 22:35:52,763 - INFO - ✅ Backup criado: BlockBackup-Restore Banco BI Santana-BKPAUTCITEL-20250524-2235
2025-05-24 22:35:53,410 - INFO - 
🔍 Processando block volume: Restore Banco BI VarejaodasTintas
2025-05-24 22:35:53,722 - INFO - ✅ Backup criado: BlockBackup-Restore Banco BI VarejaodasTintas-BKPAUTCITEL-20250524-2235
2025-05-24 22:35:54,378 - INFO - 
🔍 Processando block volume: Restore Banco BI ElloTintas
2025-05-24 22:35:54,727 - INFO - ✅ Backup criado: BlockBackup-Restore Banco BI ElloTintas-BKPAUTCITEL-20250524-2235
2025-05-24 22:35:55,375 - INFO - 
🔍 Processando block volume: Restore Banco BI Moto One
2025-05-24 22:35:55,683 - INFO - ✅ Backup criado: BlockBackup-Restore Banco BI Moto One-BKPAUTCITEL-20250524-2235
2025-05-24 22:35:56,328 - INFO - 
🔍 Processando block volume: Restore Banco BI OLV
2025-05-24 22:35:56,674 - INFO - ✅ Backup criado: BlockBackup-Restore Banco BI OLV-BKPAUTCITEL-20250524-2235
2025-05-24 22:35:57,319 - INFO - 
🔍 Processando block volume: Restore Banco BI Construilma
2025-05-24 22:35:57,623 - INFO - ✅ Backup criado: BlockBackup-Restore Banco BI Construilma-BKPAUTCITEL-20250524-2235
2025-05-24 22:35:58,273 - INFO - 
🔍 Processando block volume: Restore Banco BI Baytek
2025-05-24 22:35:58,633 - INFO - ✅ Backup criado: BlockBackup-Restore Banco BI Baytek-BKPAUTCITEL-20250524-2235
2025-05-24 22:35:59,289 - INFO - 
🔍 Processando block volume: Restore Banco BI Soldage
2025-05-24 22:35:59,437 - WARNING - ⚠️ Tentativa 1: Limite de requisições. Aguardando 5s...
2025-05-24 22:36:06,770 - WARNING - ⚠️ Tentativa 2: Limite de requisições. Aguardando 10s...
2025-05-24 22:36:22,021 - INFO - ✅ Backup criado: BlockBackup-Restore Banco BI Soldage-BKPAUTCITEL-20250524-2235
2025-05-24 22:36:22,684 - INFO - 
🔍 Processando block volume: Banco Restore BI Rizato
2025-05-24 22:36:22,832 - WARNING - ⚠️ Tentativa 1: Limite de requisições. Aguardando 5s...
2025-05-24 22:36:30,056 - INFO - ✅ Backup criado: BlockBackup-Banco Restore BI Rizato-BKPAUTCITEL-20250524-2236
2025-05-24 22:36:30,711 - INFO - 
🔍 Processando block volume: Restore Banco BI Colomarti
2025-05-24 22:36:31,022 - INFO - ✅ Backup criado: BlockBackup-Restore Banco BI Colomarti-BKPAUTCITEL-20250524-2236
2025-05-24 22:36:31,674 - INFO - 
🔍 Processando block volume: HD BKP BI Gasparzinho
2025-05-24 22:36:32,015 - INFO - ✅ Backup criado: BlockBackup-HD BKP BI Gasparzinho-BKPAUTCITEL-20250524-2236
2025-05-24 22:36:32,675 - INFO - 
🔍 Processando block volume: Banco_srvEstrategico
2025-05-24 22:36:32,964 - INFO - ✅ Backup criado: BlockBackup-Banco_srvEstrategico-BKPAUTCITEL-20250524-2236
2025-05-24 22:36:33,614 - INFO - 
🔍 Processando block volume: Restore banco Palmas bkp2 
2025-05-24 22:36:33,930 - INFO - ✅ Backup criado: BlockBackup-Restore banco Palmas bkp2 -BKPAUTCITEL-20250524-2236
2025-05-24 22:36:34,578 - INFO - 
🔍 Processando block volume: Restore Banco 2B bkp2
2025-05-24 22:36:34,875 - INFO - ✅ Backup criado: BlockBackup-Restore Banco 2B bkp2-BKPAUTCITEL-20250524-2236
2025-05-24 22:36:35,519 - INFO - 
🔍 Processando block volume: Restore Banco BI Refrigas2
2025-05-24 22:36:35,830 - INFO - ✅ Backup criado: BlockBackup-Restore Banco BI Refrigas2-BKPAUTCITEL-20250524-2236
2025-05-24 22:36:36,480 - INFO - 
🔍 Processando block volume: BKP Valclei tkt 1076246
2025-05-24 22:36:36,797 - INFO - ✅ Backup criado: BlockBackup-BKP Valclei tkt 1076246-BKPAUTCITEL-20250524-2236
2025-05-24 22:36:37,445 - INFO - 
🔍 Processando block volume: Restore2 BI Paratudo
2025-05-24 22:36:37,755 - INFO - ✅ Backup criado: BlockBackup-Restore2 BI Paratudo-BKPAUTCITEL-20250524-2236
2025-05-24 22:36:38,377 - INFO - 
🔍 Processando block volume: Banco2 MiaraKruger bi 
2025-05-24 22:36:38,526 - WARNING - ⚠️ Tentativa 1: Limite de requisições. Aguardando 5s...
2025-05-24 22:36:46,109 - WARNING - ⚠️ Tentativa 2: Limite de requisições. Aguardando 10s...
2025-05-24 22:37:01,271 - INFO - ✅ Backup criado: BlockBackup-Banco2 MiaraKruger bi -BKPAUTCITEL-20250524-2236
2025-05-24 22:37:01,903 - INFO - 
✅ Execução concluída com sucesso
