2025-05-24 09:36:53,308 - INFO - 
🔍 Processando block volume: LinuxTSPlus1
2025-05-24 09:36:53,575 - INFO - ✅ Backup criado: BlockBackup-LinuxTSPlus1-BKPAUTCITEL-20250524-0936
2025-05-24 09:36:53,764 - INFO - 
🔍 Processando block volume: Banco1LinuxTSPlus2
2025-05-24 09:36:54,054 - INFO - ✅ Backup criado: BlockBackup-Banco1LinuxTSPlus2-BKPAUTCITEL-20250524-0936
2025-05-24 09:36:54,600 - WARNING - ⏳ Backup ignorado (estado TERMINATED): Auto-backup for 2025-05-09 08:00:00 via policy: Citel_Diario07
2025-05-24 09:36:54,600 - INFO - 
🔍 Processando block volume: Banco1LinuxTSPlus4
2025-05-24 09:36:54,724 - WARNING - ⚠️ Tentativa 1: Limite de requisições. Aguardando 5s...
2025-05-24 09:37:03,750 - INFO - ✅ Backup criado: BlockBackup-Banco1LinuxTSPlus4-BKPAUTCITEL-20250524-0936
2025-05-24 09:37:03,938 - WARNING - ⏳ Backup ignorado (estado TERMINATED): Auto-backup for 2025-05-09 08:00:00 via policy: Citel_Diario07
2025-05-24 09:37:03,938 - INFO - 
🔍 Processando block volume: Banco2LinuxTSPlus4
2025-05-24 09:37:04,202 - INFO - ✅ Backup criado: BlockBackup-Banco2LinuxTSPlus4-BKPAUTCITEL-20250524-0937
2025-05-24 09:37:04,755 - WARNING - ⏳ Backup ignorado (estado TERMINATED): Auto-backup for 2025-05-09 08:00:00 via policy: Citel_Diario07
2025-05-24 09:37:04,755 - INFO - 
🔍 Processando block volume: Banco2LinuxTSPlus7
2025-05-24 09:37:05,073 - INFO - ✅ Backup criado: BlockBackup-Banco2LinuxTSPlus7-BKPAUTCITEL-20250524-0937
2025-05-24 09:37:05,261 - WARNING - ⏳ Backup ignorado (estado TERMINATED): Auto-backup for 2025-05-09 08:00:00 via policy: Citel_Diario07
2025-05-24 09:37:05,262 - INFO - 
🔍 Processando block volume: Banco1LinuxTSPlus8
2025-05-24 09:37:05,533 - INFO - ✅ Backup criado: BlockBackup-Banco1LinuxTSPlus8-BKPAUTCITEL-20250524-0937
2025-05-24 09:37:06,089 - WARNING - ⏳ Backup ignorado (estado TERMINATED): Auto-backup for 2025-05-09 08:00:00 via policy: Citel_Diario07
2025-05-24 09:37:06,090 - INFO - 
🔍 Processando block volume: Banco1LinuxTSPlus9
2025-05-24 09:37:06,370 - INFO - ✅ Backup criado: BlockBackup-Banco1LinuxTSPlus9-BKPAUTCITEL-20250524-0937
2025-05-24 09:37:06,548 - WARNING - ⏳ Backup ignorado (estado TERMINATED): Auto-backup for 2025-05-09 08:00:00 via policy: Citel_Diario07
2025-05-24 09:37:06,548 - INFO - 
🔍 Processando block volume: Banco1LinuxTSPlus12
2025-05-24 09:37:06,826 - INFO - ✅ Backup criado: BlockBackup-Banco1LinuxTSPlus12-BKPAUTCITEL-20250524-0937
2025-05-24 09:37:07,382 - WARNING - ⏳ Backup ignorado (estado TERMINATED): Auto-backup for 2025-05-09 08:00:00 via policy: Citel_Diario07
2025-05-24 09:37:07,383 - INFO - 
🔍 Processando block volume: Banco2LinuxTSPlus13
2025-05-24 09:37:07,667 - INFO - ✅ Backup criado: BlockBackup-Banco2LinuxTSPlus13-BKPAUTCITEL-20250524-0937
2025-05-24 09:37:07,852 - WARNING - ⏳ Backup ignorado (estado TERMINATED): Auto-backup for 2025-05-09 08:00:00 via policy: Citel_Diario07
2025-05-24 09:37:07,852 - INFO - 
🔍 Processando block volume: BancoUbertintasTSPlus14
2025-05-24 09:37:08,165 - INFO - ✅ Backup criado: BlockBackup-BancoUbertintasTSPlus14-BKPAUTCITEL-20250524-0937
2025-05-24 09:37:08,704 - WARNING - ⏳ Backup ignorado (estado TERMINATED): Auto-backup for 2025-05-09 08:00:00 via policy: Citel_Diario07
2025-05-24 09:37:08,705 - INFO - 
🔍 Processando block volume: Banco2LinuxTSPlus14
2025-05-24 09:37:08,829 - WARNING - ⚠️ Tentativa 1: Limite de requisições. Aguardando 5s...
2025-05-24 09:37:15,082 - INFO - ✅ Backup criado: BlockBackup-Banco2LinuxTSPlus14-BKPAUTCITEL-20250524-0937
2025-05-24 09:37:15,280 - WARNING - ⏳ Backup ignorado (estado TERMINATED): Auto-backup for 2025-05-09 08:00:00 via policy: Citel_Diario07
2025-05-24 09:37:15,280 - INFO - 
🔍 Processando block volume: Banco1LinuxTSPlus16
2025-05-24 09:37:15,571 - INFO - ✅ Backup criado: BlockBackup-Banco1LinuxTSPlus16-BKPAUTCITEL-20250524-0937
2025-05-24 09:37:16,135 - WARNING - ⏳ Backup ignorado (estado TERMINATED): Auto-backup for 2025-05-09 08:00:00 via policy: Citel_Diario07
2025-05-24 09:37:16,135 - INFO - 
🔍 Processando block volume: Banco2LinuxBR5
2025-05-24 09:37:16,433 - INFO - ✅ Backup criado: BlockBackup-Banco2LinuxBR5-BKPAUTCITEL-20250524-0937
2025-05-24 09:37:16,633 - WARNING - ⏳ Backup ignorado (estado TERMINATED): Auto-backup for 2025-05-09 08:00:00 via policy: Citel_Diario07
2025-05-24 09:37:16,633 - INFO - 
🔍 Processando block volume: Banco2LinuxTSPlus18
2025-05-24 09:37:16,918 - INFO - ✅ Backup criado: BlockBackup-Banco2LinuxTSPlus18-BKPAUTCITEL-20250524-0937
2025-05-24 09:37:17,479 - WARNING - ⏳ Backup ignorado (estado TERMINATED): Auto-backup for 2025-05-09 08:00:00 via policy: Citel_Diario07
2025-05-24 09:37:17,480 - INFO - 
🔍 Processando block volume: Banco1LinuxTSPlus19
2025-05-24 09:37:17,603 - WARNING - ⚠️ Tentativa 1: Limite de requisições. Aguardando 5s...
2025-05-24 09:37:26,224 - INFO - ✅ Backup criado: BlockBackup-Banco1LinuxTSPlus19-BKPAUTCITEL-20250524-0937
2025-05-24 09:37:26,435 - WARNING - ⏳ Backup ignorado (estado TERMINATED): Auto-backup for 2025-05-09 08:00:00 via policy: Citel_Diario07
2025-05-24 09:37:26,435 - INFO - 
🔍 Processando block volume: Banco4LinuxTSPlus10
2025-05-24 09:37:26,729 - INFO - ✅ Backup criado: BlockBackup-Banco4LinuxTSPlus10-BKPAUTCITEL-20250524-0937
2025-05-24 09:37:27,290 - WARNING - ⏳ Backup ignorado (estado TERMINATED): Auto-backup for 2025-05-09 08:00:00 via policy: Citel_Diario07
2025-05-24 09:37:27,290 - INFO - 
🔍 Processando block volume: Banco1LinuxTSPlus20
2025-05-24 09:37:27,412 - WARNING - ⚠️ Tentativa 1: Limite de requisições. Aguardando 5s...
2025-05-24 09:37:36,998 - INFO - ✅ Backup criado: BlockBackup-Banco1LinuxTSPlus20-BKPAUTCITEL-20250524-0937
2025-05-24 09:37:37,189 - WARNING - ⏳ Backup ignorado (estado TERMINATED): Auto-backup for 2025-05-09 08:00:00 via policy: Citel_Diario07
2025-05-24 09:37:37,189 - INFO - 
🔍 Processando block volume: Banco1LinuxTSPlus22
2025-05-24 09:37:37,499 - INFO - ✅ Backup criado: BlockBackup-Banco1LinuxTSPlus22-BKPAUTCITEL-20250524-0937
2025-05-24 09:37:38,049 - WARNING - ⏳ Backup ignorado (estado TERMINATED): Auto-backup for 2025-05-09 08:00:00 via policy: Citel_Diario07
2025-05-24 09:37:38,049 - INFO - 
🔍 Processando block volume: Banco3LinuxTSPlus1
2025-05-24 09:37:38,173 - WARNING - ⚠️ Tentativa 1: Limite de requisições. Aguardando 5s...
2025-05-24 09:37:46,857 - WARNING - ⚠️ Tentativa 2: Limite de requisições. Aguardando 10s...
2025-05-24 09:38:01,246 - INFO - ✅ Backup criado: BlockBackup-Banco3LinuxTSPlus1-BKPAUTCITEL-20250524-0937
2025-05-24 09:38:01,453 - WARNING - ⏳ Backup ignorado (estado TERMINATED): Auto-backup for 2025-05-09 08:00:00 via policy: Citel_Diario07
2025-05-24 09:38:01,453 - INFO - 
🔍 Processando block volume: Banco1LinuxTSPlus24
2025-05-24 09:38:01,774 - INFO - ✅ Backup criado: BlockBackup-Banco1LinuxTSPlus24-BKPAUTCITEL-20250524-0938
2025-05-24 09:38:02,329 - WARNING - ⏳ Backup ignorado (estado TERMINATED): Auto-backup for 2025-05-09 08:00:00 via policy: Citel_Diario07
2025-05-24 09:38:02,329 - INFO - 
🔍 Processando block volume: Banco3LinuxTSPlus9
2025-05-24 09:38:02,601 - INFO - ✅ Backup criado: BlockBackup-Banco3LinuxTSPlus9-BKPAUTCITEL-20250524-0938
2025-05-24 09:38:02,797 - WARNING - ⏳ Backup ignorado (estado TERMINATED): Auto-backup for 2025-05-09 08:00:00 via policy: Citel_Diario07
2025-05-24 09:38:02,798 - INFO - 
🔍 Processando block volume: Banco_PalacioFerramentas
2025-05-24 09:38:03,087 - INFO - ✅ Backup criado: BlockBackup-Banco_PalacioFerramentas-BKPAUTCITEL-20250524-0938
2025-05-24 09:38:03,632 - WARNING - ⏳ Backup ignorado (estado TERMINATED): Auto-backup for 2025-05-09 08:00:00 via policy: Citel_Diario07
2025-05-24 09:38:03,632 - INFO - 
🔍 Processando block volume: Banco1LinuxTSPlus25
2025-05-24 09:38:03,755 - WARNING - ⚠️ Tentativa 1: Limite de requisições. Aguardando 5s...
2025-05-24 09:38:09,579 - INFO - ✅ Backup criado: BlockBackup-Banco1LinuxTSPlus25-BKPAUTCITEL-20250524-0938
2025-05-24 09:38:10,133 - WARNING - ⏳ Backup ignorado (estado TERMINATED): Auto-backup for 2025-05-09 08:00:00 via policy: Citel_Diario07
2025-05-24 09:38:10,134 - INFO - 
🔍 Processando block volume: Banco1LinuxTSPlus26
2025-05-24 09:38:10,259 - WARNING - ⚠️ Tentativa 1: Limite de requisições. Aguardando 5s...
2025-05-24 09:38:18,074 - INFO - ✅ Backup criado: BlockBackup-Banco1LinuxTSPlus26-BKPAUTCITEL-20250524-0938
2025-05-24 09:38:18,620 - WARNING - ⏳ Backup ignorado (estado TERMINATED): Auto-backup for 2025-05-09 08:00:00 via policy: Citel_Diario07
2025-05-24 09:38:18,621 - INFO - 
🔍 Processando block volume: Banco2LinuxTSPlus12
2025-05-24 09:38:18,933 - INFO - ✅ Backup criado: BlockBackup-Banco2LinuxTSPlus12-BKPAUTCITEL-20250524-0938
2025-05-24 09:38:19,109 - WARNING - ⏳ Backup ignorado (estado TERMINATED): Auto-backup for 2025-05-09 08:00:00 via policy: Citel_Diario07
2025-05-24 09:38:19,109 - INFO - 
🔍 Processando block volume: Banco2LinuxTSPlus28
2025-05-24 09:38:19,397 - INFO - ✅ Backup criado: BlockBackup-Banco2LinuxTSPlus28-BKPAUTCITEL-20250524-0938
2025-05-24 09:38:19,962 - WARNING - ⏳ Backup ignorado (estado TERMINATED): Auto-backup for 2025-05-09 08:00:00 via policy: Citel_Diario07
2025-05-24 09:38:19,962 - INFO - 
🔍 Processando block volume: Banco1LinuxTSPlus29
2025-05-24 09:38:20,085 - WARNING - ⚠️ Tentativa 1: Limite de requisições. Aguardando 5s...
2025-05-24 09:38:29,058 - WARNING - ⚠️ Tentativa 2: Limite de requisições. Aguardando 10s...
2025-05-24 09:38:41,769 - INFO - ✅ Backup criado: BlockBackup-Banco1LinuxTSPlus29-BKPAUTCITEL-20250524-0938
2025-05-24 09:38:41,960 - WARNING - ⏳ Backup ignorado (estado TERMINATED): Auto-backup for 2025-05-09 08:00:00 via policy: Citel_Diario07
2025-05-24 09:38:41,961 - INFO - 
🔍 Processando block volume: Banco1LinuxTSPlus30
2025-05-24 09:38:42,239 - INFO - ✅ Backup criado: BlockBackup-Banco1LinuxTSPlus30-BKPAUTCITEL-20250524-0938
2025-05-24 09:38:42,800 - WARNING - ⏳ Backup ignorado (estado TERMINATED): Auto-backup for 2025-05-09 08:00:00 via policy: Citel_Diario07
2025-05-24 09:38:42,801 - INFO - 
🔍 Processando block volume: Banco3LinuxTSPlus6
2025-05-24 09:38:43,078 - INFO - ✅ Backup criado: BlockBackup-Banco3LinuxTSPlus6-BKPAUTCITEL-20250524-0938
2025-05-24 09:38:43,256 - WARNING - ⏳ Backup ignorado (estado TERMINATED): Auto-backup for 2025-05-09 08:00:00 via policy: Citel_Diario07
2025-05-24 09:38:43,257 - INFO - 
🔍 Processando block volume: Banco1LinuxTSPLUS32
2025-05-24 09:38:43,545 - INFO - ✅ Backup criado: BlockBackup-Banco1LinuxTSPLUS32-BKPAUTCITEL-20250524-0938
2025-05-24 09:38:44,101 - WARNING - ⏳ Backup ignorado (estado TERMINATED): Auto-backup for 2025-05-09 08:00:00 via policy: Citel_Diario07
2025-05-24 09:38:44,102 - INFO - 
🔍 Processando block volume: Banco1LinuxTSPLUS33
2025-05-24 09:38:44,224 - WARNING - ⚠️ Tentativa 1: Limite de requisições. Aguardando 5s...
2025-05-24 09:38:52,631 - INFO - ✅ Backup criado: BlockBackup-Banco1LinuxTSPLUS33-BKPAUTCITEL-20250524-0938
2025-05-24 09:38:53,175 - WARNING - ⏳ Backup ignorado (estado TERMINATED): Auto-backup for 2025-05-09 08:00:00 via policy: Citel_Diario07
2025-05-24 09:38:53,176 - INFO - 
🔍 Processando block volume: Banco1LinuxTSPLUS34
2025-05-24 09:38:53,302 - WARNING - ⚠️ Tentativa 1: Limite de requisições. Aguardando 5s...
2025-05-24 09:38:59,064 - INFO - ✅ Backup criado: BlockBackup-Banco1LinuxTSPLUS34-BKPAUTCITEL-20250524-0938
2025-05-24 09:38:59,622 - WARNING - ⏳ Backup ignorado (estado TERMINATED): Auto-backup for 2025-05-09 08:00:00 via policy: Citel_Diario07
2025-05-24 09:38:59,622 - INFO - 
🔍 Processando block volume: Banco1LinuxTSPLUS36
2025-05-24 09:38:59,895 - INFO - ✅ Backup criado: BlockBackup-Banco1LinuxTSPLUS36-BKPAUTCITEL-20250524-0938
2025-05-24 09:39:00,482 - WARNING - ⏳ Backup ignorado (estado TERMINATED): Auto-backup for 2025-05-09 08:00:00 via policy: Citel_Diario07
2025-05-24 09:39:00,483 - INFO - 
🔍 Processando block volume: Banco1LinuxTSPLUS37
2025-05-24 09:39:00,796 - INFO - ✅ Backup criado: BlockBackup-Banco1LinuxTSPLUS37-BKPAUTCITEL-20250524-0939
2025-05-24 09:39:00,986 - WARNING - ⏳ Backup ignorado (estado TERMINATED): Auto-backup for 2025-05-09 08:00:00 via policy: Citel_Diario07
2025-05-24 09:39:00,986 - INFO - 
🔍 Processando block volume: Banco1LinuxTSPLUS40
2025-05-24 09:39:01,312 - INFO - ✅ Backup criado: BlockBackup-Banco1LinuxTSPLUS40-BKPAUTCITEL-20250524-0939
2025-05-24 09:39:01,890 - WARNING - ⏳ Backup ignorado (estado TERMINATED): Auto-backup for 2025-05-09 08:00:00 via policy: Citel_Diario07
2025-05-24 09:39:01,891 - INFO - 
🔍 Processando block volume: Banco1LinuxTSPLUS41
2025-05-24 09:39:02,197 - INFO - ✅ Backup criado: BlockBackup-Banco1LinuxTSPLUS41-BKPAUTCITEL-20250524-0939
2025-05-24 09:39:02,749 - WARNING - ⏳ Backup ignorado (estado TERMINATED): Auto-backup for 2025-05-09 08:00:00 via policy: Citel_Diario07
2025-05-24 09:39:02,749 - INFO - 
🔍 Processando block volume: Banco3LinuxBR5
2025-05-24 09:39:02,872 - WARNING - ⚠️ Tentativa 1: Limite de requisições. Aguardando 5s...
2025-05-24 09:39:12,681 - INFO - ✅ Backup criado: BlockBackup-Banco3LinuxBR5-BKPAUTCITEL-20250524-0939
2025-05-24 09:39:13,235 - WARNING - ⏳ Backup ignorado (estado TERMINATED): Auto-backup for 2025-05-09 08:00:00 via policy: Citel_Diario07
2025-05-24 09:39:13,236 - INFO - 
🔍 Processando block volume: Banco1LinuxTSPLUS43
2025-05-24 09:39:13,526 - INFO - ✅ Backup criado: BlockBackup-Banco1LinuxTSPLUS43-BKPAUTCITEL-20250524-0939
2025-05-24 09:39:14,090 - WARNING - ⏳ Backup ignorado (estado TERMINATED): Auto-backup for 2025-05-09 08:00:00 via policy: Citel_Diario07
2025-05-24 09:39:14,090 - INFO - 
🔍 Processando block volume: Banco1LinuxTSPlus11
2025-05-24 09:39:14,377 - INFO - ✅ Backup criado: BlockBackup-Banco1LinuxTSPlus11-BKPAUTCITEL-20250524-0939
2025-05-24 09:39:14,940 - WARNING - ⏳ Backup ignorado (estado TERMINATED): Auto-backup for 2025-05-09 08:00:00 via policy: Citel_Diario07
2025-05-24 09:39:14,940 - INFO - 
🔍 Processando block volume: Banco2LinuxTSPLUS65
2025-05-24 09:39:15,063 - WARNING - ⚠️ Tentativa 1: Limite de requisições. Aguardando 5s...
2025-05-24 09:39:23,336 - INFO - ✅ Backup criado: BlockBackup-Banco2LinuxTSPLUS65-BKPAUTCITEL-20250524-0939
2025-05-24 09:39:23,892 - WARNING - ⏳ Backup ignorado (estado TERMINATED): Auto-backup for 2025-05-09 08:00:00 via policy: Citel_Diario07
2025-05-24 09:39:23,892 - INFO - 
🔍 Processando block volume: Banco2LinuxTSPlus17
2025-05-24 09:39:24,015 - WARNING - ⚠️ Tentativa 1: Limite de requisições. Aguardando 5s...
2025-05-24 09:39:32,305 - WARNING - ⚠️ Tentativa 2: Limite de requisições. Aguardando 10s...
2025-05-24 09:39:44,994 - WARNING - ⚠️ Tentativa 3: Limite de requisições. Aguardando 20s...
2025-05-24 09:40:07,681 - INFO - ✅ Backup criado: BlockBackup-Banco2LinuxTSPlus17-BKPAUTCITEL-20250524-0939
2025-05-24 09:40:08,234 - WARNING - ⏳ Backup ignorado (estado TERMINATED): Auto-backup for 2025-05-09 08:00:00 via policy: Citel_Diario07
2025-05-24 09:40:08,234 - INFO - 
🔍 Processando block volume: Banco3LinuxTSPlus8
2025-05-24 09:40:08,357 - WARNING - ⚠️ Tentativa 1: Limite de requisições. Aguardando 5s...
2025-05-24 09:40:16,943 - INFO - ✅ Backup criado: BlockBackup-Banco3LinuxTSPlus8-BKPAUTCITEL-20250524-0940
2025-05-24 09:40:17,511 - WARNING - ⏳ Backup ignorado (estado TERMINATED): Auto-backup for 2025-05-09 08:00:00 via policy: Citel_Diario07
2025-05-24 09:40:17,512 - INFO - 
🔍 Processando block volume: Banco 1 OracleBr48
2025-05-24 09:40:17,853 - INFO - ✅ Backup criado: BlockBackup-Banco 1 OracleBr48-BKPAUTCITEL-20250524-0940
2025-05-24 09:40:18,419 - WARNING - ⏳ Backup ignorado (estado TERMINATED): Auto-backup for 2025-05-09 08:00:00 via policy: Citel_Diario07
2025-05-24 09:40:18,419 - INFO - 
🔍 Processando block volume: Banco5LinuxTSPlus10
2025-05-24 09:40:18,697 - INFO - ✅ Backup criado: BlockBackup-Banco5LinuxTSPlus10-BKPAUTCITEL-20250524-0940
2025-05-24 09:40:18,873 - WARNING - ⏳ Backup ignorado (estado TERMINATED): Auto-backup for 2025-05-09 08:00:00 via policy: Citel_Diario07
2025-05-24 09:40:18,874 - INFO - 
🔍 Processando block volume: Banco1LinuxTSPlus50
2025-05-24 09:40:19,155 - INFO - ✅ Backup criado: BlockBackup-Banco1LinuxTSPlus50-BKPAUTCITEL-20250524-0940
2025-05-24 09:40:19,707 - WARNING - ⏳ Backup ignorado (estado TERMINATED): Auto-backup for 2025-05-09 08:00:00 via policy: Citel_Diario07
2025-05-24 09:40:19,707 - INFO - 
🔍 Processando block volume: Banco2LinuxTSPlus20
2025-05-24 09:40:19,988 - INFO - ✅ Backup criado: BlockBackup-Banco2LinuxTSPlus20-BKPAUTCITEL-20250524-0940
2025-05-24 09:40:20,544 - WARNING - ⏳ Backup ignorado (estado TERMINATED): Auto-backup for 2025-05-09 08:00:00 via policy: Citel_Diario07
2025-05-24 09:40:20,544 - INFO - 
🔍 Processando block volume: BancoPRODBelaTintas
2025-05-24 09:40:20,882 - INFO - ✅ Backup criado: BlockBackup-BancoPRODBelaTintas-BKPAUTCITEL-20250524-0940
2025-05-24 09:40:21,063 - WARNING - ⏳ Backup ignorado (estado TERMINATED): Auto-backup for 2025-05-09 08:00:00 via policy: Citel_Diario07
2025-05-24 09:40:21,063 - INFO - 
🔍 Processando block volume: BancoPRODJRPais
2025-05-24 09:40:21,378 - INFO - ✅ Backup criado: BlockBackup-BancoPRODJRPais-BKPAUTCITEL-20250524-0940
2025-05-24 09:40:21,931 - WARNING - ⏳ Backup ignorado (estado TERMINATED): Auto-backup for 2025-05-09 08:00:00 via policy: Citel_Diario07
2025-05-24 09:40:21,932 - INFO - 
🔍 Processando block volume: Banco3LinuxTSPlus7
2025-05-24 09:40:22,188 - INFO - ✅ Backup criado: BlockBackup-Banco3LinuxTSPlus7-BKPAUTCITEL-20250524-0940
2025-05-24 09:40:22,748 - WARNING - ⏳ Backup ignorado (estado TERMINATED): Auto-backup for 2025-05-09 08:00:00 via policy: Citel_Diario07
2025-05-24 09:40:22,748 - INFO - 
🔍 Processando block volume: Banco1BR55
2025-05-24 09:40:23,018 - INFO - ✅ Backup criado: BlockBackup-Banco1BR55-BKPAUTCITEL-20250524-0940
2025-05-24 09:40:23,558 - WARNING - ⏳ Backup ignorado (estado TERMINATED): Auto-backup for 2025-05-09 08:00:00 via policy: Citel_Diario07
2025-05-24 09:40:23,558 - INFO - 
🔍 Processando block volume: BancoLinux59
2025-05-24 09:40:23,681 - WARNING - ⚠️ Tentativa 1: Limite de requisições. Aguardando 5s...
2025-05-24 09:40:33,358 - WARNING - ⚠️ Tentativa 2: Limite de requisições. Aguardando 10s...
2025-05-24 09:40:44,400 - INFO - ✅ Backup criado: BlockBackup-BancoLinux59-BKPAUTCITEL-20250524-0940
2025-05-24 09:40:44,980 - WARNING - ⏳ Backup ignorado (estado TERMINATED): Auto-backup for 2025-05-09 08:00:00 via policy: Citel_Diario07
2025-05-24 09:40:44,981 - INFO - 
🔍 Processando block volume: Banco2LinuxBR21
2025-05-24 09:40:45,275 - INFO - ✅ Backup criado: BlockBackup-Banco2LinuxBR21-BKPAUTCITEL-20250524-0940
2025-05-24 09:40:45,823 - WARNING - ⏳ Backup ignorado (estado TERMINATED): Auto-backup for 2025-05-09 08:00:00 via policy: Citel_Diario07
2025-05-24 09:40:45,823 - INFO - 
🔍 Processando block volume: Banco2Linux59
2025-05-24 09:40:45,946 - WARNING - ⚠️ Tentativa 1: Limite de requisições. Aguardando 5s...
2025-05-24 09:40:55,034 - INFO - ✅ Backup criado: BlockBackup-Banco2Linux59-BKPAUTCITEL-20250524-0940
2025-05-24 09:40:55,600 - WARNING - ⏳ Backup ignorado (estado TERMINATED): Auto-backup for 2025-05-09 08:00:00 via policy: Citel_Diario07
2025-05-24 09:40:55,601 - INFO - 
🔍 Processando block volume: Banco2BR24
2025-05-24 09:40:55,723 - WARNING - ⚠️ Tentativa 1: Limite de requisições. Aguardando 5s...
2025-05-24 09:41:01,489 - WARNING - ⚠️ Tentativa 2: Limite de requisições. Aguardando 10s...
2025-05-24 09:41:12,673 - INFO - ✅ Backup criado: BlockBackup-Banco2BR24-BKPAUTCITEL-20250524-0940
2025-05-24 09:41:13,215 - WARNING - ⏳ Backup ignorado (estado TERMINATED): Auto-backup for 2025-05-09 08:00:00 via policy: Citel_Diario07
2025-05-24 09:41:13,216 - INFO - 
🔍 Processando block volume: Banco2BR33
2025-05-24 09:41:13,497 - INFO - ✅ Backup criado: BlockBackup-Banco2BR33-BKPAUTCITEL-20250524-0941
2025-05-24 09:41:14,060 - WARNING - ⏳ Backup ignorado (estado TERMINATED): Auto-backup for 2025-05-09 08:00:00 via policy: Citel_Diario07
2025-05-24 09:41:14,061 - INFO - 
🔍 Processando block volume: Banco1LinuxTSPLUS65
2025-05-24 09:41:14,366 - INFO - ✅ Backup criado: BlockBackup-Banco1LinuxTSPLUS65-BKPAUTCITEL-20250524-0941
2025-05-24 09:41:14,921 - WARNING - ⏳ Backup ignorado (estado TERMINATED): Auto-backup for 2025-05-09 08:00:00 via policy: Citel_Diario07
2025-05-24 09:41:14,921 - INFO - 
🔍 Processando block volume: BancoBR_72
2025-05-24 09:41:15,213 - INFO - ✅ Backup criado: BlockBackup-BancoBR_72-BKPAUTCITEL-20250524-0941
2025-05-24 09:41:15,762 - WARNING - ⏳ Backup ignorado (estado TERMINATED): Auto-backup for 2025-05-09 08:00:00 via policy: Citel_Diario07
2025-05-24 09:41:15,762 - INFO - 
🔍 Processando block volume: Banco1LinuxTSPlus18
2025-05-24 09:41:16,069 - INFO - ✅ Backup criado: BlockBackup-Banco1LinuxTSPlus18-BKPAUTCITEL-20250524-0941
2025-05-24 09:41:16,638 - WARNING - ⏳ Backup ignorado (estado TERMINATED): Auto-backup for 2025-05-09 08:00:00 via policy: Citel_Diario07
2025-05-24 09:41:16,639 - INFO - 
🔍 Processando block volume: LinuxDataBelaTintas
2025-05-24 09:41:16,761 - WARNING - ⚠️ Tentativa 1: Limite de requisições. Aguardando 5s...
2025-05-24 09:41:22,598 - WARNING - ⚠️ Tentativa 2: Limite de requisições. Aguardando 10s...
2025-05-24 09:41:33,631 - INFO - ✅ Backup criado: BlockBackup-LinuxDataBelaTintas-BKPAUTCITEL-20250524-0941
2025-05-24 09:41:34,200 - WARNING - ⏳ Backup ignorado (estado TERMINATED): Auto-backup for 2025-05-09 08:00:00 via policy: Citel_Diario07
2025-05-24 09:41:34,200 - INFO - 
🔍 Processando block volume: Banco2LinuxTSPlus22
2025-05-24 09:41:34,510 - INFO - ✅ Backup criado: BlockBackup-Banco2LinuxTSPlus22-BKPAUTCITEL-20250524-0941
2025-05-24 09:41:35,067 - WARNING - ⏳ Backup ignorado (estado TERMINATED): Auto-backup for 2025-05-09 08:00:00 via policy: Citel_Diario07
2025-05-24 09:41:35,068 - INFO - 
🔍 Processando block volume: Banco2LinuxTSPLUS32
2025-05-24 09:41:35,347 - INFO - ✅ Backup criado: BlockBackup-Banco2LinuxTSPLUS32-BKPAUTCITEL-20250524-0941
2025-05-24 09:41:35,900 - WARNING - ⏳ Backup ignorado (estado TERMINATED): Auto-backup for 2025-05-09 08:00:00 via policy: Citel_Diario07
2025-05-24 09:41:35,900 - INFO - 
🔍 Processando block volume: Bancos2_BR29
2025-05-24 09:41:36,023 - WARNING - ⚠️ Tentativa 1: Limite de requisições. Aguardando 5s...
2025-05-24 09:41:42,167 - INFO - ✅ Backup criado: BlockBackup-Bancos2_BR29-BKPAUTCITEL-20250524-0941
2025-05-24 09:41:42,715 - WARNING - ⏳ Backup ignorado (estado TERMINATED): Auto-backup for 2025-05-09 08:00:00 via policy: Citel_Diario07
2025-05-24 09:41:42,716 - INFO - 
🔍 Processando block volume: Bancos4_BR9
2025-05-24 09:41:42,838 - WARNING - ⚠️ Tentativa 1: Limite de requisições. Aguardando 5s...
2025-05-24 09:41:53,099 - WARNING - ⚠️ Tentativa 2: Limite de requisições. Aguardando 10s...
2025-05-24 09:42:05,241 - WARNING - ⚠️ Tentativa 3: Limite de requisições. Aguardando 20s...
2025-05-24 09:42:29,712 - INFO - ✅ Backup criado: BlockBackup-Bancos4_BR9-BKPAUTCITEL-20250524-0941
2025-05-24 09:42:30,317 - WARNING - ⏳ Backup ignorado (estado TERMINATED): Auto-backup for 2025-05-09 08:00:00 via policy: Citel_Diario07
2025-05-24 09:42:30,317 - INFO - 
🔍 Processando block volume: Bancos3_BR12
2025-05-24 09:42:30,594 - INFO - ✅ Backup criado: BlockBackup-Bancos3_BR12-BKPAUTCITEL-20250524-0942
2025-05-24 09:42:31,145 - WARNING - ⏳ Backup ignorado (estado TERMINATED): Auto-backup for 2025-05-09 08:00:00 via policy: Citel_Diario07
2025-05-24 09:42:31,146 - INFO - 
🔍 Processando block volume: Bancos2_BR34
2025-05-24 09:42:31,470 - INFO - ✅ Backup criado: BlockBackup-Bancos2_BR34-BKPAUTCITEL-20250524-0942
2025-05-24 09:42:32,037 - WARNING - ⏳ Backup ignorado (estado TERMINATED): Auto-backup for 2025-05-09 08:00:00 via policy: Citel_Diario07
2025-05-24 09:42:32,037 - INFO - 
🔍 Processando block volume: Bancos3_BR29
2025-05-24 09:42:32,339 - INFO - ✅ Backup criado: BlockBackup-Bancos3_BR29-BKPAUTCITEL-20250524-0942
2025-05-24 09:42:32,907 - WARNING - ⏳ Backup ignorado (estado TERMINATED): Auto-backup for 2025-05-09 08:00:00 via policy: Citel_Diario07
2025-05-24 09:42:32,908 - INFO - 
🔍 Processando block volume: Banco3_BR7
2025-05-24 09:42:33,030 - WARNING - ⚠️ Tentativa 1: Limite de requisições. Aguardando 5s...
2025-05-24 09:42:39,858 - WARNING - ⚠️ Tentativa 2: Limite de requisições. Aguardando 10s...
2025-05-24 09:42:54,770 - WARNING - ⚠️ Tentativa 3: Limite de requisições. Aguardando 20s...
2025-05-24 09:43:16,918 - INFO - ✅ Backup criado: BlockBackup-Banco3_BR7-BKPAUTCITEL-20250524-0942
2025-05-24 09:43:17,490 - WARNING - ⏳ Backup ignorado (estado TERMINATED): Auto-backup for 2025-05-09 08:00:00 via policy: Citel_Diario07
2025-05-24 09:43:17,490 - INFO - 
🔍 Processando block volume: Bancos2_BR02
2025-05-24 09:43:18,066 - INFO - ✅ Backup criado: BlockBackup-Bancos2_BR02-BKPAUTCITEL-20250524-0943
2025-05-24 09:43:18,614 - WARNING - ⏳ Backup ignorado (estado TERMINATED): Auto-backup for 2025-05-09 08:00:00 via policy: Citel_Diario07
2025-05-24 09:43:18,614 - INFO - 
🔍 Processando block volume: Bancos4_BR18
2025-05-24 09:43:18,881 - INFO - ✅ Backup criado: BlockBackup-Bancos4_BR18-BKPAUTCITEL-20250524-0943
2025-05-24 09:43:19,425 - WARNING - ⏳ Backup ignorado (estado TERMINATED): Auto-backup for 2025-05-09 08:00:00 via policy: Citel_Diario07
2025-05-24 09:43:19,425 - INFO - 
🔍 Processando block volume: Bancos4_BR01
2025-05-24 09:43:19,711 - INFO - ✅ Backup criado: BlockBackup-Bancos4_BR01-BKPAUTCITEL-20250524-0943
2025-05-24 09:43:20,253 - WARNING - ⏳ Backup ignorado (estado TERMINATED): Auto-backup for 2025-05-09 08:00:00 via policy: Citel_Diario07
2025-05-24 09:43:20,254 - INFO - 
🔍 Processando block volume: Bancos3_BR13
2025-05-24 09:43:20,381 - WARNING - ⚠️ Tentativa 1: Limite de requisições. Aguardando 5s...
2025-05-24 09:43:27,261 - INFO - ✅ Backup criado: BlockBackup-Bancos3_BR13-BKPAUTCITEL-20250524-0943
2025-05-24 09:43:27,818 - WARNING - ⏳ Backup ignorado (estado TERMINATED): Auto-backup for 2025-05-09 08:00:00 via policy: Citel_Diario07
2025-05-24 09:43:27,819 - INFO - 
🔍 Processando block volume: Banco3_BR4
2025-05-24 09:43:28,094 - INFO - ✅ Backup criado: BlockBackup-Banco3_BR4-BKPAUTCITEL-20250524-0943
2025-05-24 09:43:28,646 - WARNING - ⏳ Backup ignorado (estado TERMINATED): Auto-backup for 2025-05-09 08:00:00 via policy: Citel_Diario07
2025-05-24 09:43:28,646 - INFO - 
🔍 Processando block volume: Banco2LinuxTSPlus16
2025-05-24 09:43:28,959 - INFO - ✅ Backup criado: BlockBackup-Banco2LinuxTSPlus16-BKPAUTCITEL-20250524-0943
2025-05-24 09:43:29,524 - WARNING - ⏳ Backup ignorado (estado TERMINATED): Auto-backup for 2025-05-09 08:00:00 via policy: Citel_Diario07
2025-05-24 09:43:29,524 - INFO - 
🔍 Processando block volume: BKO Palacio TKT 651385
2025-05-24 09:43:29,791 - INFO - ✅ Backup criado: BlockBackup-BKO Palacio TKT 651385-BKPAUTCITEL-20250524-0943
2025-05-24 09:43:30,338 - WARNING - ⏳ Backup ignorado (estado TERMINATED): Auto-backup for 2025-05-09 08:00:00 via policy: Citel_Diario04
2025-05-24 09:43:30,338 - INFO - 
🔍 Processando block volume: Banco4LinuxTSPlus6
2025-05-24 09:43:30,601 - INFO - ✅ Backup criado: BlockBackup-Banco4LinuxTSPlus6-BKPAUTCITEL-20250524-0943
2025-05-24 09:43:31,184 - WARNING - ⏳ Backup ignorado (estado TERMINATED): Auto-backup for 2025-05-09 08:00:00 via policy: Citel_Diario07
2025-05-24 09:43:31,185 - INFO - 
🔍 Processando block volume: Banco2BR_72
2025-05-24 09:43:31,484 - INFO - ✅ Backup criado: BlockBackup-Banco2BR_72-BKPAUTCITEL-20250524-0943
2025-05-24 09:43:32,072 - WARNING - ⏳ Backup ignorado (estado TERMINATED): Auto-backup for 2025-05-09 08:00:00 via policy: Citel_Diario07
2025-05-24 09:43:32,073 - INFO - 
🔍 Processando block volume: Bancos3_BR25
2025-05-24 09:43:32,372 - INFO - ✅ Backup criado: BlockBackup-Bancos3_BR25-BKPAUTCITEL-20250524-0943
2025-05-24 09:43:32,908 - WARNING - ⏳ Backup ignorado (estado TERMINATED): Auto-backup for 2025-05-09 08:00:00 via policy: Citel_Diario07
2025-05-24 09:43:32,908 - INFO - 
🔍 Processando block volume: bancos3_BR28
2025-05-24 09:43:33,031 - WARNING - ⚠️ Tentativa 1: Limite de requisições. Aguardando 5s...
2025-05-24 09:43:38,534 - WARNING - ⚠️ Tentativa 2: Limite de requisições. Aguardando 10s...
2025-05-24 09:43:50,294 - INFO - ✅ Backup criado: BlockBackup-bancos3_BR28-BKPAUTCITEL-20250524-0943
2025-05-24 09:43:50,848 - WARNING - ⏳ Backup ignorado (estado TERMINATED): Auto-backup for 2025-05-09 08:00:00 via policy: Citel_Diario07
2025-05-24 09:43:50,848 - INFO - 
🔍 Processando block volume: GeB
2025-05-24 09:43:50,972 - WARNING - ⚠️ Tentativa 1: Limite de requisições. Aguardando 5s...
2025-05-24 09:43:59,299 - INFO - ✅ Backup criado: BlockBackup-GeB-BKPAUTCITEL-20250524-0943
2025-05-24 09:43:59,846 - WARNING - ⏳ Backup ignorado (estado TERMINATED): Auto-backup for 2025-05-09 08:00:00 via policy: Citel_Diario07
2025-05-24 09:43:59,846 - INFO - 
🔍 Processando block volume: Banco3_BR20
2025-05-24 09:43:59,969 - WARNING - ⚠️ Tentativa 1: Limite de requisições. Aguardando 5s...
2025-05-24 09:44:07,246 - INFO - ✅ Backup criado: BlockBackup-Banco3_BR20-BKPAUTCITEL-20250524-0943
2025-05-24 09:44:07,800 - WARNING - ⏳ Backup ignorado (estado TERMINATED): Auto-backup for 2025-05-09 08:00:00 via policy: Citel_Diario07
2025-05-24 09:44:07,801 - INFO - 
🔍 Processando block volume: Bancos3_BR34
2025-05-24 09:44:08,112 - INFO - ✅ Backup criado: BlockBackup-Bancos3_BR34-BKPAUTCITEL-20250524-0944
2025-05-24 09:44:08,673 - WARNING - ⏳ Backup ignorado (estado TERMINATED): Auto-backup for 2025-05-09 08:00:00 via policy: Citel_Diario07
2025-05-24 09:44:08,673 - INFO - 
🔍 Processando block volume: Banco_Darka
2025-05-24 09:44:08,967 - INFO - ✅ Backup criado: BlockBackup-Banco_Darka-BKPAUTCITEL-20250524-0944
2025-05-24 09:44:09,525 - WARNING - ⏳ Backup ignorado (estado TERMINATED): Auto-backup for 2025-05-09 08:00:00 via policy: Citel_Diario07
2025-05-24 09:44:09,525 - INFO - 
🔍 Processando block volume: Banco4LinuxTSPlus7
2025-05-24 09:44:09,792 - INFO - ✅ Backup criado: BlockBackup-Banco4LinuxTSPlus7-BKPAUTCITEL-20250524-0944
2025-05-24 09:44:10,367 - WARNING - ⏳ Backup ignorado (estado TERMINATED): Auto-backup for 2025-05-09 08:00:00 via policy: Citel_Diario07
2025-05-24 09:44:10,367 - INFO - 
🔍 Processando block volume: Banco4LinuxTSPlus20
2025-05-24 09:44:10,638 - INFO - ✅ Backup criado: BlockBackup-Banco4LinuxTSPlus20-BKPAUTCITEL-20250524-0944
2025-05-24 09:44:11,190 - WARNING - ⏳ Backup ignorado (estado TERMINATED): Auto-backup for 2025-05-09 08:00:00 via policy: Citel_Diario07
2025-05-24 09:44:11,190 - INFO - 
🔍 Processando block volume: Bancos4_BR13
2025-05-24 09:44:11,313 - WARNING - ⚠️ Tentativa 1: Limite de requisições. Aguardando 5s...
2025-05-24 09:44:19,595 - WARNING - ⚠️ Tentativa 2: Limite de requisições. Aguardando 10s...
2025-05-24 09:44:34,831 - INFO - ✅ Backup criado: BlockBackup-Bancos4_BR13-BKPAUTCITEL-20250524-0944
2025-05-24 09:44:35,380 - WARNING - ⏳ Backup ignorado (estado TERMINATED): Auto-backup for 2025-05-09 08:00:00 via policy: Citel_Diario07
2025-05-24 09:44:35,381 - INFO - 
🔍 Processando block volume: Banco2LinuxTSPLUS37
2025-05-24 09:44:35,663 - INFO - ✅ Backup criado: BlockBackup-Banco2LinuxTSPLUS37-BKPAUTCITEL-20250524-0944
2025-05-24 09:44:36,220 - WARNING - ⏳ Backup ignorado (estado TERMINATED): Auto-backup for 2025-05-09 08:00:00 via policy: Citel_Diario07
2025-05-24 09:44:36,221 - INFO - 
🔍 Processando block volume: BackupGeB
2025-05-24 09:44:36,492 - INFO - ✅ Backup criado: BlockBackup-BackupGeB-BKPAUTCITEL-20250524-0944
2025-05-24 09:44:37,041 - WARNING - ⏳ Backup ignorado (estado TERMINATED): Auto-backup for 2025-05-09 08:00:00 via policy: Citel_Diario07
2025-05-24 09:44:37,041 - INFO - 
🔍 Processando block volume: BancoGeB
2025-05-24 09:44:37,164 - WARNING - ⚠️ Tentativa 1: Limite de requisições. Aguardando 5s...
2025-05-24 09:44:45,110 - WARNING - ⚠️ Tentativa 2: Limite de requisições. Aguardando 10s...
2025-05-24 09:44:58,212 - WARNING - ⚠️ Tentativa 3: Limite de requisições. Aguardando 20s...
2025-05-24 09:45:18,918 - WARNING - ⚠️ Tentativa 4: Limite de requisições. Aguardando 40s...
2025-05-24 09:46:04,360 - INFO - ✅ Backup criado: BlockBackup-BancoGeB-BKPAUTCITEL-20250524-0944
2025-05-24 09:46:04,917 - WARNING - ⏳ Backup ignorado (estado TERMINATED): Auto-backup for 2025-05-09 08:00:00 via policy: Citel_Diario07
2025-05-24 09:46:04,917 - INFO - 
🔍 Processando block volume: Banco3BR55
2025-05-24 09:46:05,195 - INFO - ✅ Backup criado: BlockBackup-Banco3BR55-BKPAUTCITEL-20250524-0946
2025-05-24 09:46:05,741 - WARNING - ⏳ Backup ignorado (estado TERMINATED): Auto-backup for 2025-05-09 08:00:00 via policy: Citel_Diario07
2025-05-24 09:46:05,742 - INFO - 
🔍 Processando block volume: Bancos5_BR1
2025-05-24 09:46:06,021 - INFO - ✅ Backup criado: BlockBackup-Bancos5_BR1-BKPAUTCITEL-20250524-0946
2025-05-24 09:46:06,810 - WARNING - ⏳ Backup ignorado (estado TERMINATED): Auto-backup for 2025-05-09 08:00:00 via policy: Citel_Diario07
2025-05-24 09:46:06,811 - INFO - 
🔍 Processando block volume: Banco3LinuxTSPlus19
2025-05-24 09:46:06,934 - WARNING - ⚠️ Tentativa 1: Limite de requisições. Aguardando 5s...
2025-05-24 09:46:13,314 - WARNING - ⚠️ Tentativa 2: Limite de requisições. Aguardando 10s...
2025-05-24 09:46:24,646 - INFO - ✅ Backup criado: BlockBackup-Banco3LinuxTSPlus19-BKPAUTCITEL-20250524-0946
2025-05-24 09:46:25,198 - WARNING - ⏳ Backup ignorado (estado TERMINATED): Auto-backup for 2025-05-09 08:00:00 via policy: Citel_Diario07
2025-05-24 09:46:25,198 - INFO - 
🔍 Processando block volume: BackupCoresVivas TKT 902822
2025-05-24 09:46:25,479 - INFO - ✅ Backup criado: BlockBackup-BackupCoresVivas TKT 902822-BKPAUTCITEL-20250524-0946
2025-05-24 09:46:26,043 - WARNING - ⏳ Backup ignorado (estado TERMINATED): Auto-backup for 2025-05-09 08:00:00 via policy: Citel_Diario07
2025-05-24 09:46:26,044 - INFO - 
🔍 Processando block volume: bkpBoomerVinicius
2025-05-24 09:46:26,364 - INFO - ✅ Backup criado: BlockBackup-bkpBoomerVinicius-BKPAUTCITEL-20250524-0946
2025-05-24 09:46:26,910 - WARNING - ⏳ Backup ignorado (estado TERMINATED): Auto-backup for 2025-05-09 08:00:00 via policy: Citel_Diario07
2025-05-24 09:46:26,911 - INFO - 
🔍 Processando block volume: GeB2
2025-05-24 09:46:27,191 - INFO - ✅ Backup criado: BlockBackup-GeB2-BKPAUTCITEL-20250524-0946
2025-05-24 09:46:27,754 - WARNING - ⏳ Backup ignorado (estado TERMINATED): Auto-backup for 2025-05-09 08:00:00 via policy: Citel_Diario07
2025-05-24 09:46:27,754 - INFO - 
🔍 Processando block volume: bkpParque1014464
2025-05-24 09:46:28,054 - INFO - ✅ Backup criado: BlockBackup-bkpParque1014464-BKPAUTCITEL-20250524-0946
2025-05-24 09:46:28,605 - WARNING - ⏳ Backup ignorado (estado TERMINATED): Auto-backup for 2025-05-09 08:00:00 via policy: Citel_Diario07
2025-05-24 09:46:28,605 - INFO - 
🔍 Processando block volume: bkpPedrao1020442
2025-05-24 09:46:28,891 - INFO - ✅ Backup criado: BlockBackup-bkpPedrao1020442-BKPAUTCITEL-20250524-0946
2025-05-24 09:46:29,437 - WARNING - ⏳ Backup ignorado (estado TERMINATED): Auto-backup for 2025-05-09 08:00:00 via policy: Citel_Diario07
2025-05-24 09:46:29,438 - INFO - 
🔍 Processando block volume: Backup_BR34_1031161
2025-05-24 09:46:29,560 - WARNING - ⚠️ Tentativa 1: Limite de requisições. Aguardando 5s...
2025-05-24 09:46:38,042 - WARNING - ⚠️ Tentativa 2: Limite de requisições. Aguardando 10s...
2025-05-24 09:46:52,416 - INFO - ✅ Backup criado: BlockBackup-Backup_BR34_1031161-BKPAUTCITEL-20250524-0946
2025-05-24 09:46:52,999 - WARNING - ⏳ Backup ignorado (estado TERMINATED): Auto-backup for 2025-05-09 08:00:00 via policy: Citel_Diario07
2025-05-24 09:46:53,000 - INFO - 
🔍 Processando block volume: Banco3LinuxTSPLUS65
2025-05-24 09:46:53,122 - WARNING - ⚠️ Tentativa 1: Limite de requisições. Aguardando 5s...
2025-05-24 09:47:00,779 - WARNING - ⚠️ Tentativa 2: Limite de requisições. Aguardando 10s...
2025-05-24 09:47:16,387 - INFO - ✅ Backup criado: BlockBackup-Banco3LinuxTSPLUS65-BKPAUTCITEL-20250524-0946
2025-05-24 09:47:16,932 - WARNING - ⏳ Backup ignorado (estado TERMINATED): Auto-backup for 2025-05-09 08:00:00 via policy: Citel_Diario07
2025-05-24 09:47:16,932 - INFO - 
🔍 Processando block volume: Banco3LinuxTSPlus22
2025-05-24 09:47:17,208 - INFO - ✅ Backup criado: BlockBackup-Banco3LinuxTSPlus22-BKPAUTCITEL-20250524-0947
2025-05-24 09:47:17,757 - WARNING - ⏳ Backup ignorado (estado TERMINATED): Auto-backup for 2025-05-09 08:00:00 via policy: Citel_Diario07
2025-05-24 09:47:17,758 - INFO - 
🔍 Processando block volume: BinariosLinuxTSPLUS65
2025-05-24 09:47:18,050 - INFO - ✅ Backup criado: BlockBackup-BinariosLinuxTSPLUS65-BKPAUTCITEL-20250524-0947
2025-05-24 09:47:18,595 - WARNING - ⏳ Backup ignorado (estado TERMINATED): Auto-backup for 2025-05-09 08:00:00 via policy: Citel_Diario07
2025-05-24 09:47:18,595 - INFO - 
🔍 Processando block volume: GeB BancoTeste tkt 1048932
2025-05-24 09:47:18,857 - INFO - ✅ Backup criado: BlockBackup-GeB BancoTeste tkt 1048932-BKPAUTCITEL-20250524-0947
2025-05-24 09:47:19,417 - WARNING - ⏳ Backup ignorado (estado TERMINATED): Auto-backup for 2025-05-09 08:00:00 via policy: Citel_Diario07
2025-05-24 09:47:19,417 - INFO - 
🔍 Processando block volume: Banco2LinuxTSPlus19_BelaTintas
2025-05-24 09:47:19,540 - WARNING - ⚠️ Tentativa 1: Limite de requisições. Aguardando 5s...
2025-05-24 09:47:27,578 - INFO - ✅ Backup criado: BlockBackup-Banco2LinuxTSPlus19_BelaTintas-BKPAUTCITEL-20250524-0947
2025-05-24 09:47:28,143 - WARNING - ⏳ Backup ignorado (estado TERMINATED): Auto-backup for 2025-05-09 08:00:00 via policy: Citel_Diario07
2025-05-24 09:47:28,143 - INFO - 
🔍 Processando block volume: Banco1LinuxTSPlus11_clone2904
2025-05-24 09:47:28,503 - INFO - ✅ Backup criado: BlockBackup-Banco1LinuxTSPlus11_clone2904-BKPAUTCITEL-20250524-0947
2025-05-24 09:47:29,098 - WARNING - ⏳ Backup ignorado (estado TERMINATED): Auto-backup for 2025-05-09 08:00:00 via policy: Citel_Diario07
2025-05-24 09:47:29,098 - INFO - 
🔍 Processando block volume: LinuxTSPlus11_BancoPRODJRPais_clone2904
2025-05-24 09:47:29,499 - INFO - ✅ Backup criado: BlockBackup-LinuxTSPlus11_BancoPRODJRPais_clone2904-BKPAUTCITEL-20250524-0947
2025-05-24 09:47:30,047 - WARNING - ⏳ Backup ignorado (estado TERMINATED): Auto-backup for 2025-05-09 08:00:00 via policy: Citel_Diario07
2025-05-24 09:47:30,047 - INFO - 
🔍 Processando block volume: LinuxTSPlus30_Banco1LinuxTSPlus30_clone2904
2025-05-24 09:47:30,305 - INFO - ✅ Backup criado: BlockBackup-LinuxTSPlus30_Banco1LinuxTSPlus30_clone2904-BKPAUTCITEL-20250524-0947
2025-05-24 09:47:31,075 - WARNING - ⏳ Backup ignorado (estado TERMINATED): Auto-backup for 2025-05-09 08:00:00 via policy: Citel_Diario07
2025-05-24 09:47:31,075 - INFO - 
🔍 Processando block volume: Banco-1-LinuxData012
2025-05-24 09:47:31,364 - INFO - ✅ Backup criado: BlockBackup-Banco-1-LinuxData012-BKPAUTCITEL-20250524-0947
2025-05-24 09:47:31,904 - WARNING - ⏳ Backup ignorado (estado TERMINATED): Auto-backup for 2025-05-09 08:00:00 via policy: Citel_Diario07
2025-05-24 09:47:31,905 - INFO - 
🔍 Processando block volume: Banco2-LinuxData012
2025-05-24 09:47:32,027 - WARNING - ⚠️ Tentativa 1: Limite de requisições. Aguardando 5s...
2025-05-24 09:47:40,321 - INFO - ✅ Backup criado: BlockBackup-Banco2-LinuxData012-BKPAUTCITEL-20250524-0947
2025-05-24 09:47:40,878 - WARNING - ⏳ Backup ignorado (estado TERMINATED): Auto-backup for 2025-05-09 08:00:00 via policy: Citel_Diario07
2025-05-24 09:47:40,879 - INFO - 
🔍 Processando block volume: Banco3-LinuxData012
2025-05-24 09:47:41,002 - WARNING - ⚠️ Tentativa 1: Limite de requisições. Aguardando 5s...
2025-05-24 09:47:48,621 - INFO - ✅ Backup criado: BlockBackup-Banco3-LinuxData012-BKPAUTCITEL-20250524-0947
2025-05-24 09:47:49,209 - WARNING - ⏳ Backup ignorado (estado TERMINATED): Auto-backup for 2025-05-09 08:00:00 via policy: Citel_Diario07
2025-05-24 09:47:49,209 - INFO - 
🔍 Processando block volume: LinuxTSPlus10_BKOPalacioTKT651385_clone2904
2025-05-24 09:47:49,521 - INFO - ✅ Backup criado: BlockBackup-LinuxTSPlus10_BKOPalacioTKT651385_clone2904-BKPAUTCITEL-20250524-0947
2025-05-24 09:47:50,080 - WARNING - ⏳ Backup ignorado (estado TERMINATED): Auto-backup for 2025-05-09 08:00:00 via policy: Citel_Diario07
2025-05-24 09:47:50,080 - INFO - 
🔍 Processando block volume: LinuxTSPlus10_Banco4LinuxTSPlus10_clone2904
2025-05-24 09:47:50,203 - WARNING - ⚠️ Tentativa 1: Limite de requisições. Aguardando 5s...
2025-05-24 09:47:57,801 - INFO - ✅ Backup criado: BlockBackup-LinuxTSPlus10_Banco4LinuxTSPlus10_clone2904-BKPAUTCITEL-20250524-0947
2025-05-24 09:47:58,363 - WARNING - ⏳ Backup ignorado (estado TERMINATED): Auto-backup for 2025-05-09 08:00:00 via policy: Citel_Diario07
2025-05-24 09:47:58,364 - INFO - 
🔍 Processando block volume: LinuxTSPlus10_Banco5LinuxTSPlus10_clone2904
2025-05-24 09:47:58,667 - INFO - ✅ Backup criado: BlockBackup-LinuxTSPlus10_Banco5LinuxTSPlus10_clone2904-BKPAUTCITEL-20250524-0947
2025-05-24 09:47:59,215 - WARNING - ⏳ Backup ignorado (estado TERMINATED): Auto-backup for 2025-05-09 08:00:00 via policy: Citel_Diario07
2025-05-24 09:47:59,215 - INFO - 
🔍 Processando block volume: LinuxTSPlus10_GeB_clone2904
2025-05-24 09:47:59,481 - INFO - ✅ Backup criado: BlockBackup-LinuxTSPlus10_GeB_clone2904-BKPAUTCITEL-20250524-0947
2025-05-24 09:48:00,033 - WARNING - ⏳ Backup ignorado (estado TERMINATED): Auto-backup for 2025-05-09 08:00:00 via policy: Citel_Diario07
2025-05-24 09:48:00,034 - INFO - 
🔍 Processando block volume: LinuxTSPlus55_Banco1BR55_clone2904
2025-05-24 09:48:00,328 - INFO - ✅ Backup criado: BlockBackup-LinuxTSPlus55_Banco1BR55_clone2904-BKPAUTCITEL-20250524-0948
2025-05-24 09:48:00,895 - WARNING - ⏳ Backup ignorado (estado TERMINATED): Auto-backup for 2025-05-09 08:00:00 via policy: Citel_Diario07
2025-05-24 09:48:00,895 - INFO - 
🔍 Processando block volume: LinuxTSPlus55_Banco3BR55_clone2904
2025-05-24 09:48:01,018 - WARNING - ⚠️ Tentativa 1: Limite de requisições. Aguardando 5s...
2025-05-24 09:48:08,341 - INFO - ✅ Backup criado: BlockBackup-LinuxTSPlus55_Banco3BR55_clone2904-BKPAUTCITEL-20250524-0948
2025-05-24 09:48:08,885 - WARNING - ⏳ Backup ignorado (estado TERMINATED): Auto-backup for 2025-05-09 08:00:00 via policy: Citel_Diario07
2025-05-24 09:48:08,886 - INFO - 
🔍 Processando block volume: LinuxTSPlus65_Banco1LinuxTSPLUS65_clone2904
2025-05-24 09:48:09,221 - INFO - ✅ Backup criado: BlockBackup-LinuxTSPlus65_Banco1LinuxTSPLUS65_clone2904-BKPAUTCITEL-20250524-0948
2025-05-24 09:48:09,772 - WARNING - ⏳ Backup ignorado (estado TERMINATED): Auto-backup for 2025-05-09 08:00:00 via policy: Citel_Diario07
2025-05-24 09:48:09,773 - INFO - 
🔍 Processando block volume: LinuxTSPlus65_Banco2LinuxTSPLUS65_clone2904
2025-05-24 09:48:09,895 - WARNING - ⚠️ Tentativa 1: Limite de requisições. Aguardando 5s...
2025-05-24 09:48:18,716 - WARNING - ⚠️ Tentativa 2: Limite de requisições. Aguardando 10s...
2025-05-24 09:48:34,034 - WARNING - ⚠️ Tentativa 3: Limite de requisições. Aguardando 20s...
2025-05-24 09:48:59,261 - INFO - ✅ Backup criado: BlockBackup-LinuxTSPlus65_Banco2LinuxTSPLUS65_clone2904-BKPAUTCITEL-20250524-0948
2025-05-24 09:48:59,812 - WARNING - ⏳ Backup ignorado (estado TERMINATED): Auto-backup for 2025-05-09 08:00:00 via policy: Citel_Diario07
2025-05-24 09:48:59,812 - INFO - 
🔍 Processando block volume: LinuxTSPlus65_Banco3LinuxTSPLUS65_clone2904
2025-05-24 09:49:00,187 - INFO - ✅ Backup criado: BlockBackup-LinuxTSPlus65_Banco3LinuxTSPLUS65_clone2904-BKPAUTCITEL-20250524-0948
2025-05-24 09:49:00,745 - WARNING - ⏳ Backup ignorado (estado TERMINATED): Auto-backup for 2025-05-09 08:00:00 via policy: Citel_Diario07
2025-05-24 09:49:00,746 - INFO - 
🔍 Processando block volume: LinuxTSPlus65_BinariosLinuxTSPLUS65_clone2904
2025-05-24 09:49:01,048 - INFO - ✅ Backup criado: BlockBackup-LinuxTSPlus65_BinariosLinuxTSPLUS65_clone2904-BKPAUTCITEL-20250524-0949
2025-05-24 09:49:01,615 - WARNING - ⏳ Backup ignorado (estado TERMINATED): Auto-backup for 2025-05-09 08:00:00 via policy: Citel_Diario07
2025-05-24 09:49:01,615 - INFO - 
🔍 Processando block volume: LinuxTSPlus28_Banco2LinuxTSPlus28_clone2904
2025-05-24 09:49:01,896 - INFO - ✅ Backup criado: BlockBackup-LinuxTSPlus28_Banco2LinuxTSPlus28_clone2904-BKPAUTCITEL-20250524-0949
2025-05-24 09:49:02,449 - WARNING - ⏳ Backup ignorado (estado TERMINATED): Auto-backup for 2025-05-09 08:00:00 via policy: Citel_Diario07
2025-05-24 09:49:02,449 - INFO - 
🔍 Processando block volume: LinuxTSPlus28_bancos3_BR28_clone2904
2025-05-24 09:49:02,572 - WARNING - ⚠️ Tentativa 1: Limite de requisições. Aguardando 5s...
2025-05-24 09:49:10,128 - INFO - ✅ Backup criado: BlockBackup-LinuxTSPlus28_bancos3_BR28_clone2904-BKPAUTCITEL-20250524-0949
2025-05-24 09:49:10,694 - WARNING - ⏳ Backup ignorado (estado TERMINATED): Auto-backup for 2025-05-09 08:00:00 via policy: Citel_Diario07
2025-05-24 09:49:10,694 - INFO - 
🔍 Processando block volume: LinuxTSPlus29_Banco1LinuxTSPlus29_clone2904
2025-05-24 09:49:11,003 - INFO - ✅ Backup criado: BlockBackup-LinuxTSPlus29_Banco1LinuxTSPlus29_clone2904-BKPAUTCITEL-20250524-0949
2025-05-24 09:49:11,566 - WARNING - ⏳ Backup ignorado (estado TERMINATED): Auto-backup for 2025-05-09 08:00:00 via policy: Citel_Diario07
2025-05-24 09:49:11,567 - INFO - 
🔍 Processando block volume: LinuxTSPlus29_Bancos2_BR29_clone2904
2025-05-24 09:49:11,881 - INFO - ✅ Backup criado: BlockBackup-LinuxTSPlus29_Bancos2_BR29_clone2904-BKPAUTCITEL-20250524-0949
2025-05-24 09:49:12,430 - WARNING - ⏳ Backup ignorado (estado TERMINATED): Auto-backup for 2025-05-09 08:00:00 via policy: Citel_Diario07
2025-05-24 09:49:12,431 - INFO - 
🔍 Processando block volume: LinuxTSPlus29_Bancos3_BR29_clone2904
2025-05-24 09:49:12,711 - INFO - ✅ Backup criado: BlockBackup-LinuxTSPlus29_Bancos3_BR29_clone2904-BKPAUTCITEL-20250524-0949
2025-05-24 09:49:13,275 - WARNING - ⏳ Backup ignorado (estado TERMINATED): Auto-backup for 2025-05-09 08:00:00 via policy: Citel_Diario07
2025-05-24 09:49:13,276 - INFO - 
🔍 Processando block volume: LinuxTSPlus72_Banco2BR_72_clone2904
2025-05-24 09:49:13,580 - INFO - ✅ Backup criado: BlockBackup-LinuxTSPlus72_Banco2BR_72_clone2904-BKPAUTCITEL-20250524-0949
2025-05-24 09:49:14,151 - WARNING - ⏳ Backup ignorado (estado TERMINATED): Auto-backup for 2025-05-09 08:00:00 via policy: Citel_Diario07
2025-05-24 09:49:14,151 - INFO - 
🔍 Processando block volume: LinuxTSPlus72_BancoBR_clone2904
2025-05-24 09:49:14,427 - INFO - ✅ Backup criado: BlockBackup-LinuxTSPlus72_BancoBR_clone2904-BKPAUTCITEL-20250524-0949
2025-05-24 09:49:14,978 - WARNING - ⏳ Backup ignorado (estado TERMINATED): Auto-backup for 2025-05-09 08:00:00 via policy: Citel_Diario07
2025-05-24 09:49:14,979 - INFO - 
🔍 Processando block volume: LinuxTSPlus43_Banco1LinuxTSPLUS43_clone2904
2025-05-24 09:49:15,102 - WARNING - ⚠️ Tentativa 1: Limite de requisições. Aguardando 5s...
2025-05-24 09:49:21,946 - WARNING - ⚠️ Tentativa 2: Limite de requisições. Aguardando 10s...
2025-05-24 09:49:34,031 - INFO - ✅ Backup criado: BlockBackup-LinuxTSPlus43_Banco1LinuxTSPLUS43_clone2904-BKPAUTCITEL-20250524-0949
2025-05-24 09:49:34,592 - WARNING - ⏳ Backup ignorado (estado TERMINATED): Auto-backup for 2025-05-09 08:00:00 via policy: Citel_Diario07
2025-05-24 09:49:34,593 - INFO - 
🔍 Processando block volume: LinuxTSPlus43_HD4-LinuxDBA_clone2904
2025-05-24 09:49:34,885 - INFO - ✅ Backup criado: BlockBackup-LinuxTSPlus43_HD4-LinuxDBA_clone2904-BKPAUTCITEL-20250524-0949
2025-05-24 09:49:35,462 - WARNING - ⏳ Backup ignorado (estado TERMINATED): Auto-backup for 2025-05-09 08:00:00 via policy: Citel_Diario07
2025-05-24 09:49:35,462 - INFO - 
🔍 Processando block volume: LinuxTSPlus50_Banco1LinuxTSPlus50_clone2904
2025-05-24 09:49:35,586 - WARNING - ⚠️ Tentativa 1: Limite de requisições. Aguardando 5s...
2025-05-24 09:49:41,722 - WARNING - ⚠️ Tentativa 2: Limite de requisições. Aguardando 10s...
2025-05-24 09:49:53,386 - INFO - ✅ Backup criado: BlockBackup-LinuxTSPlus50_Banco1LinuxTSPlus50_clone2904-BKPAUTCITEL-20250524-0949
2025-05-24 09:49:53,941 - WARNING - ⏳ Backup ignorado (estado TERMINATED): Auto-backup for 2025-05-09 08:00:00 via policy: Citel_Diario07
2025-05-24 09:49:53,941 - INFO - 
🔍 Processando block volume: LinuxTSPlus37_Banco1LinuxTSPLUS37_clone2904
2025-05-24 09:49:54,213 - INFO - ✅ Backup criado: BlockBackup-LinuxTSPlus37_Banco1LinuxTSPLUS37_clone2904-BKPAUTCITEL-20250524-0949
2025-05-24 09:49:54,787 - WARNING - ⏳ Backup ignorado (estado TERMINATED): Auto-backup for 2025-05-09 08:00:00 via policy: Citel_Diario07
2025-05-24 09:49:54,788 - INFO - 
🔍 Processando block volume: LinuxTSPlus37_Banco2LinuxTSPLUS37_clone2904
2025-05-24 09:49:54,911 - WARNING - ⚠️ Tentativa 1: Limite de requisições. Aguardando 5s...
2025-05-24 09:50:03,811 - WARNING - ⚠️ Tentativa 2: Limite de requisições. Aguardando 10s...
2025-05-24 09:50:16,456 - WARNING - ⚠️ Tentativa 3: Limite de requisições. Aguardando 20s...
2025-05-24 09:50:38,032 - WARNING - ⚠️ Tentativa 4: Limite de requisições. Aguardando 40s...
2025-05-24 09:51:22,850 - INFO - ✅ Backup criado: BlockBackup-LinuxTSPlus37_Banco2LinuxTSPLUS37_clone2904-BKPAUTCITEL-20250524-0949
2025-05-24 09:51:23,397 - WARNING - ⏳ Backup ignorado (estado TERMINATED): Auto-backup for 2025-05-09 08:00:00 via policy: Citel_Diario07
2025-05-24 09:51:23,398 - INFO - 
🔍 Processando block volume: LinuxTSPlus37_Banco1LinuxTSPLUS40_clone2904
2025-05-24 09:51:23,712 - INFO - ✅ Backup criado: BlockBackup-LinuxTSPlus37_Banco1LinuxTSPLUS40_clone2904-BKPAUTCITEL-20250524-0951
2025-05-24 09:51:24,262 - WARNING - ⏳ Backup ignorado (estado TERMINATED): Auto-backup for 2025-05-09 08:00:00 via policy: Citel_Diario07
2025-05-24 09:51:24,262 - INFO - 
🔍 Processando block volume: LinuxTSPlus32_Banco1LinuxTSPLUS32_clone2904
2025-05-24 09:51:24,543 - INFO - ✅ Backup criado: BlockBackup-LinuxTSPlus32_Banco1LinuxTSPLUS32_clone2904-BKPAUTCITEL-20250524-0951
2025-05-24 09:51:25,085 - WARNING - ⏳ Backup ignorado (estado TERMINATED): Auto-backup for 2025-05-09 08:00:00 via policy: Citel_Diario07
2025-05-24 09:51:25,085 - INFO - 
🔍 Processando block volume: LinuxTSPlus32_Banco2LinuxTSPLUS32_clone2904
2025-05-24 09:51:25,208 - WARNING - ⚠️ Tentativa 1: Limite de requisições. Aguardando 5s...
2025-05-24 09:51:34,958 - INFO - ✅ Backup criado: BlockBackup-LinuxTSPlus32_Banco2LinuxTSPLUS32_clone2904-BKPAUTCITEL-20250524-0951
2025-05-24 09:51:35,499 - WARNING - ⏳ Backup ignorado (estado TERMINATED): Auto-backup for 2025-05-09 08:00:00 via policy: Citel_Diario07
2025-05-24 09:51:35,499 - INFO - 
🔍 Processando block volume: LinuxTSPlus2_Banco1LinuxTSPlus2_clone2904
2025-05-24 09:51:35,778 - INFO - ✅ Backup criado: BlockBackup-LinuxTSPlus2_Banco1LinuxTSPlus2_clone2904-BKPAUTCITEL-20250524-0951
2025-05-24 09:51:36,330 - WARNING - ⏳ Backup ignorado (estado TERMINATED): Auto-backup for 2025-05-09 08:00:00 via policy: Citel_Diario07
2025-05-24 09:51:36,331 - INFO - 
🔍 Processando block volume: LinuxTSPlus2_Banco_PalacioFerramentas_clone2904
2025-05-24 09:51:36,453 - WARNING - ⚠️ Tentativa 1: Limite de requisições. Aguardando 5s...
2025-05-24 09:51:45,425 - INFO - ✅ Backup criado: BlockBackup-LinuxTSPlus2_Banco_PalacioFerramentas_clone2904-BKPAUTCITEL-20250524-0951
2025-05-24 09:51:45,994 - WARNING - ⏳ Backup ignorado (estado TERMINATED): Auto-backup for 2025-05-09 08:00:00 via policy: Citel_Diario07
2025-05-24 09:51:45,995 - INFO - 
🔍 Processando block volume: LinuxTSPlus2_Bancos2_BR02_clone2904
2025-05-24 09:51:46,269 - INFO - ✅ Backup criado: BlockBackup-LinuxTSPlus2_Bancos2_BR02_clone2904-BKPAUTCITEL-20250524-0951
2025-05-24 09:51:46,842 - WARNING - ⏳ Backup ignorado (estado TERMINATED): Auto-backup for 2025-05-09 08:00:00 via policy: Citel_Diario07
2025-05-24 09:51:46,843 - INFO - 
🔍 Processando block volume: LinuxTSPlus25_Banco1LinuxTSPlus25_clone2904
2025-05-24 09:51:47,159 - INFO - ✅ Backup criado: BlockBackup-LinuxTSPlus25_Banco1LinuxTSPlus25_clone2904-BKPAUTCITEL-20250524-0951
2025-05-24 09:51:47,718 - WARNING - ⏳ Backup ignorado (estado TERMINATED): Auto-backup for 2025-05-09 08:00:00 via policy: Citel_Diario07
2025-05-24 09:51:47,718 - INFO - 
🔍 Processando block volume: LinuxTSPlus25_Bancos3_BR25_clone2904
2025-05-24 09:51:47,995 - INFO - ✅ Backup criado: BlockBackup-LinuxTSPlus25_Bancos3_BR25_clone2904-BKPAUTCITEL-20250524-0951
2025-05-24 09:51:48,547 - WARNING - ⏳ Backup ignorado (estado TERMINATED): Auto-backup for 2025-05-09 08:00:00 via policy: Citel_Diario07
2025-05-24 09:51:48,547 - INFO - 
🔍 Processando block volume: LinuxTSPlus1_Banco3LinuxTSPlus1_clone2904
2025-05-24 09:51:48,835 - INFO - ✅ Backup criado: BlockBackup-LinuxTSPlus1_Banco3LinuxTSPlus1_clone2904-BKPAUTCITEL-20250524-0951
2025-05-24 09:51:49,382 - WARNING - ⏳ Backup ignorado (estado TERMINATED): Auto-backup for 2025-05-09 08:00:00 via policy: Citel_Diario07
2025-05-24 09:51:49,382 - INFO - 
🔍 Processando block volume: LinuxTSPlus1_Bancos4_BR01_clone2904
2025-05-24 09:51:49,713 - INFO - ✅ Backup criado: BlockBackup-LinuxTSPlus1_Bancos4_BR01_clone2904-BKPAUTCITEL-20250524-0951
2025-05-24 09:51:50,269 - WARNING - ⏳ Backup ignorado (estado TERMINATED): Auto-backup for 2025-05-09 08:00:00 via policy: Citel_Diario07
2025-05-24 09:51:50,270 - INFO - 
🔍 Processando block volume: LinuxTSPlus1_Bancos5_BR1_clone2904
2025-05-24 09:51:50,544 - INFO - ✅ Backup criado: BlockBackup-LinuxTSPlus1_Bancos5_BR1_clone2904-BKPAUTCITEL-20250524-0951
2025-05-24 09:51:51,089 - WARNING - ⏳ Backup ignorado (estado TERMINATED): Auto-backup for 2025-05-09 08:00:00 via policy: Citel_Diario07
2025-05-24 09:51:51,090 - INFO - 
🔍 Processando block volume: LinuxTSPlus1_blockvolume_clone2904
2025-05-24 09:51:51,214 - WARNING - ⚠️ Tentativa 1: Limite de requisições. Aguardando 5s...
2025-05-24 09:51:59,941 - INFO - ✅ Backup criado: BlockBackup-LinuxTSPlus1_blockvolume_clone2904-BKPAUTCITEL-20250524-0951
2025-05-24 09:52:00,493 - WARNING - ⏳ Backup ignorado (estado TERMINATED): Auto-backup for 2025-05-09 08:00:00 via policy: Citel_Diario07
2025-05-24 09:52:00,493 - INFO - 
🔍 Processando block volume: Banco2-LinuxData013
2025-05-24 09:52:00,616 - WARNING - ⚠️ Tentativa 1: Limite de requisições. Aguardando 5s...
2025-05-24 09:52:09,941 - WARNING - ⚠️ Tentativa 2: Limite de requisições. Aguardando 10s...
2025-05-24 09:52:23,678 - INFO - ✅ Backup criado: BlockBackup-Banco2-LinuxData013-BKPAUTCITEL-20250524-0952
2025-05-24 09:52:24,292 - WARNING - ⏳ Backup ignorado (estado TERMINATED): Auto-backup for 2025-05-09 08:00:00 via policy: Citel_Diario07
2025-05-24 09:52:24,292 - INFO - 
🔍 Processando block volume: Banco3-LinuxData013
2025-05-24 09:52:24,415 - WARNING - ⚠️ Tentativa 1: Limite de requisições. Aguardando 5s...
2025-05-24 09:52:30,455 - INFO - ✅ Backup criado: BlockBackup-Banco3-LinuxData013-BKPAUTCITEL-20250524-0952
2025-05-24 09:52:31,008 - WARNING - ⏳ Backup ignorado (estado TERMINATED): Auto-backup for 2025-05-09 08:00:00 via policy: Citel_Diario07
2025-05-24 09:52:31,009 - INFO - 
🔍 Processando block volume: Banco1-LinuxData013
2025-05-24 09:52:31,132 - WARNING - ⚠️ Tentativa 1: Limite de requisições. Aguardando 5s...
2025-05-24 09:52:39,734 - WARNING - ⚠️ Tentativa 2: Limite de requisições. Aguardando 10s...
2025-05-24 09:52:50,704 - INFO - ✅ Backup criado: BlockBackup-Banco1-LinuxData013-BKPAUTCITEL-20250524-0952
2025-05-24 09:52:51,251 - WARNING - ⏳ Backup ignorado (estado TERMINATED): Auto-backup for 2025-05-09 08:00:00 via policy: Citel_Diario07
2025-05-24 09:52:51,252 - INFO - 
🔍 Processando block volume: LinuxTSPlus14_BackupCoresVivas TKT 902822_clone2904
2025-05-24 09:52:51,548 - INFO - ✅ Backup criado: BlockBackup-LinuxTSPlus14_BackupCoresVivas TKT 902822_clone2904-BKPAUTCITEL-20250524-0952
2025-05-24 09:52:52,110 - WARNING - ⏳ Backup ignorado (estado TERMINATED): Auto-backup for 2025-05-09 08:00:00 via policy: Citel_Diario07
2025-05-24 09:52:52,110 - INFO - 
🔍 Processando block volume: LinuxTSPlus14_Banco2LinuxTSPlus14_clone2904
2025-05-24 09:52:52,233 - WARNING - ⚠️ Tentativa 1: Limite de requisições. Aguardando 5s...
2025-05-24 09:53:00,432 - INFO - ✅ Backup criado: BlockBackup-LinuxTSPlus14_Banco2LinuxTSPlus14_clone2904-BKPAUTCITEL-20250524-0952
2025-05-24 09:53:00,978 - WARNING - ⏳ Backup ignorado (estado TERMINATED): Auto-backup for 2025-05-09 08:00:00 via policy: Citel_Diario07
2025-05-24 09:53:00,978 - INFO - 
🔍 Processando block volume: LinuxTSPlus9-Banco1LinuxTSPlus9-clone2904
2025-05-24 09:53:01,275 - INFO - ✅ Backup criado: BlockBackup-LinuxTSPlus9-Banco1LinuxTSPlus9-clone2904-BKPAUTCITEL-20250524-0953
2025-05-24 09:53:01,830 - WARNING - ⏳ Backup ignorado (estado TERMINATED): Auto-backup for 2025-05-09 08:00:00 via policy: Citel_Diario07
2025-05-24 09:53:01,830 - INFO - 
🔍 Processando block volume: LinuxTSPlus9-Banco3LinuxTSPlus9-clone2904
2025-05-24 09:53:02,420 - INFO - ✅ Backup criado: BlockBackup-LinuxTSPlus9-Banco3LinuxTSPlus9-clone2904-BKPAUTCITEL-20250524-0953
2025-05-24 09:53:02,978 - WARNING - ⏳ Backup ignorado (estado TERMINATED): Auto-backup for 2025-05-09 08:00:00 via policy: Citel_Diario07
2025-05-24 09:53:02,979 - INFO - 
🔍 Processando block volume: LinuxTSPlus14_BancoUbertintasTSPlus14_clone2904
2025-05-24 09:53:03,102 - WARNING - ⚠️ Tentativa 1: Limite de requisições. Aguardando 5s...
2025-05-24 09:53:13,293 - WARNING - ⚠️ Tentativa 2: Limite de requisições. Aguardando 10s...
2025-05-24 09:53:25,484 - INFO - ✅ Backup criado: BlockBackup-LinuxTSPlus14_BancoUbertintasTSPlus14_clone2904-BKPAUTCITEL-20250524-0953
2025-05-24 09:53:26,052 - WARNING - ⏳ Backup ignorado (estado TERMINATED): Auto-backup for 2025-05-09 08:00:00 via policy: Citel_Diario07
2025-05-24 09:53:26,052 - INFO - 
🔍 Processando block volume: LinuxTSPlus9-Bancos4_BR9-clone2904
2025-05-24 09:53:26,372 - INFO - ✅ Backup criado: BlockBackup-LinuxTSPlus9-Bancos4_BR9-clone2904-BKPAUTCITEL-20250524-0953
2025-05-24 09:53:26,930 - WARNING - ⏳ Backup ignorado (estado TERMINATED): Auto-backup for 2025-05-09 08:00:00 via policy: Citel_Diario07
2025-05-24 09:53:26,931 - INFO - 
🔍 Processando block volume: LinuxTSPlus8-Banco1LinuxTSPlus8-clone2904
2025-05-24 09:53:27,224 - INFO - ✅ Backup criado: BlockBackup-LinuxTSPlus8-Banco1LinuxTSPlus8-clone2904-BKPAUTCITEL-20250524-0953
2025-05-24 09:53:27,783 - WARNING - ⏳ Backup ignorado (estado TERMINATED): Auto-backup for 2025-05-09 08:00:00 via policy: Citel_Diario07
2025-05-24 09:53:27,783 - INFO - 
🔍 Processando block volume: LinuxTSPlus8-Banco3LinuxTSPlus8-clone2904
2025-05-24 09:53:27,906 - WARNING - ⚠️ Tentativa 1: Limite de requisições. Aguardando 5s...
2025-05-24 09:53:37,114 - INFO - ✅ Backup criado: BlockBackup-LinuxTSPlus8-Banco3LinuxTSPlus8-clone2904-BKPAUTCITEL-20250524-0953
2025-05-24 09:53:37,708 - WARNING - ⏳ Backup ignorado (estado TERMINATED): Auto-backup for 2025-05-09 08:00:00 via policy: Citel_Diario07
2025-05-24 09:53:37,708 - INFO - 
🔍 Processando block volume: LinuxTSPlus16_Banco1LinuxTSPlus16_clone2904
2025-05-24 09:53:38,001 - INFO - ✅ Backup criado: BlockBackup-LinuxTSPlus16_Banco1LinuxTSPlus16_clone2904-BKPAUTCITEL-20250524-0953
2025-05-24 09:53:38,553 - INFO - 
🔍 Processando block volume: LinuxTSPlus16_Banco2LinuxTSPlus16_clone2904
2025-05-24 09:53:38,823 - INFO - ✅ Backup criado: BlockBackup-LinuxTSPlus16_Banco2LinuxTSPlus16_clone2904-BKPAUTCITEL-20250524-0953
2025-05-24 09:53:39,371 - INFO - 
🔍 Processando block volume: LinuxTSPlus7-Banco2LinuxTSPlus7-block-clone2904
2025-05-24 09:53:39,652 - INFO - ✅ Backup criado: BlockBackup-LinuxTSPlus7-Banco2LinuxTSPlus7-block-clone2904-BKPAUTCITEL-20250524-0953
2025-05-24 09:53:40,205 - INFO - 
🔍 Processando block volume: LinuxTSPlus7-Banco3LinuxTSPlus7-block-clone2904
2025-05-24 09:53:40,328 - WARNING - ⚠️ Tentativa 1: Limite de requisições. Aguardando 5s...
2025-05-24 09:53:48,128 - INFO - ✅ Backup criado: BlockBackup-LinuxTSPlus7-Banco3LinuxTSPlus7-block-clone2904-BKPAUTCITEL-20250524-0953
2025-05-24 09:53:48,693 - INFO - 
🔍 Processando block volume: LinuxTSPlus7-Banco3_BR7-block-clone2904
2025-05-24 09:53:48,823 - WARNING - ⚠️ Tentativa 1: Limite de requisições. Aguardando 5s...
2025-05-24 09:53:56,035 - INFO - ✅ Backup criado: BlockBackup-LinuxTSPlus7-Banco3_BR7-block-clone2904-BKPAUTCITEL-20250524-0953
2025-05-24 09:53:56,628 - INFO - 
🔍 Processando block volume: LinuxTSPlus17_Banco2LinuxTSPlus17_clone2904
2025-05-24 09:53:56,916 - INFO - ✅ Backup criado: BlockBackup-LinuxTSPlus17_Banco2LinuxTSPlus17_clone2904-BKPAUTCITEL-20250524-0953
2025-05-24 09:53:57,459 - INFO - 
🔍 Processando block volume: LinuxTSPlus17_BancoPRODBelaTintas_clone2904
2025-05-24 09:53:57,582 - WARNING - ⚠️ Tentativa 1: Limite de requisições. Aguardando 5s...
2025-05-24 09:54:04,137 - INFO - ✅ Backup criado: BlockBackup-LinuxTSPlus17_BancoPRODBelaTintas_clone2904-BKPAUTCITEL-20250524-0953
2025-05-24 09:54:04,680 - INFO - 
🔍 Processando block volume: LinuxTSPlus17_HD5-LinuxDBAs_clone2904
2025-05-24 09:54:04,944 - INFO - ✅ Backup criado: BlockBackup-LinuxTSPlus17_HD5-LinuxDBAs_clone2904-BKPAUTCITEL-20250524-0954
2025-05-24 09:54:05,519 - INFO - 
🔍 Processando block volume: LinuxTSPlus6-Banco3LinuxTSPlus6-block-clone2904
2025-05-24 09:54:05,643 - WARNING - ⚠️ Tentativa 1: Limite de requisições. Aguardando 5s...
2025-05-24 09:54:13,952 - INFO - ✅ Backup criado: BlockBackup-LinuxTSPlus6-Banco3LinuxTSPlus6-block-clone2904-BKPAUTCITEL-20250524-0954
2025-05-24 09:54:14,498 - INFO - 
🔍 Processando block volume: LinuxTSPlus6-Banco4LinuxTSPlus6-block-clone2904
2025-05-24 09:54:14,799 - INFO - ✅ Backup criado: BlockBackup-LinuxTSPlus6-Banco4LinuxTSPlus6-block-clone2904-BKPAUTCITEL-20250524-0954
2025-05-24 09:54:15,364 - WARNING - ⏳ Backup ignorado (estado TERMINATED): Auto-backup for 2025-05-09 08:00:00 via policy: Citel_Diario07
2025-05-24 09:54:15,365 - INFO - 
🔍 Processando block volume: LinuxTSPlus18-Banco1LinuxTSPlus18-block-2904
2025-05-24 09:54:15,632 - INFO - ✅ Backup criado: BlockBackup-LinuxTSPlus18-Banco1LinuxTSPlus18-block-2904-BKPAUTCITEL-20250524-0954
2025-05-24 09:54:16,182 - WARNING - ⏳ Backup ignorado (estado TERMINATED): Auto-backup for 2025-05-09 08:00:00 via policy: Citel_Diario07
2025-05-24 09:54:16,182 - INFO - 
🔍 Processando block volume: LinuxTSPlus18-Banco2LinuxTSPlus18-block-2904
2025-05-24 09:54:16,305 - WARNING - ⚠️ Tentativa 1: Limite de requisições. Aguardando 5s...
2025-05-24 09:54:26,455 - INFO - ✅ Backup criado: BlockBackup-LinuxTSPlus18-Banco2LinuxTSPlus18-block-2904-BKPAUTCITEL-20250524-0954
2025-05-24 09:54:27,013 - WARNING - ⏳ Backup ignorado (estado TERMINATED): Auto-backup for 2025-05-09 08:00:00 via policy: Citel_Diario07
2025-05-24 09:54:27,015 - INFO - 
🔍 Processando block volume: LinuxTSPlus18-Bancos4_BR18-block-2904
2025-05-24 09:54:27,138 - WARNING - ⚠️ Tentativa 1: Limite de requisições. Aguardando 5s...
2025-05-24 09:54:33,387 - WARNING - ⚠️ Tentativa 2: Limite de requisições. Aguardando 10s...
2025-05-24 09:54:45,490 - INFO - ✅ Backup criado: BlockBackup-LinuxTSPlus18-Bancos4_BR18-block-2904-BKPAUTCITEL-20250524-0954
2025-05-24 09:54:46,043 - WARNING - ⏳ Backup ignorado (estado TERMINATED): Auto-backup for 2025-05-09 08:00:00 via policy: Citel_Diario07
2025-05-24 09:54:46,044 - INFO - 
🔍 Processando block volume: LinuxTsplus59-Banco2Linux59-block-clone2904
2025-05-24 09:54:46,167 - WARNING - ⚠️ Tentativa 1: Limite de requisições. Aguardando 5s...
2025-05-24 09:54:52,665 - INFO - ✅ Backup criado: BlockBackup-LinuxTsplus59-Banco2Linux59-block-clone2904-BKPAUTCITEL-20250524-0954
2025-05-24 09:54:53,215 - WARNING - ⏳ Backup ignorado (estado TERMINATED): Auto-backup for 2025-05-09 08:00:00 via policy: Citel_Diario07
2025-05-24 09:54:53,215 - INFO - 
🔍 Processando block volume: LinuxTsplus59-BancoLinux59-block-clone2904
2025-05-24 09:54:53,338 - WARNING - ⚠️ Tentativa 1: Limite de requisições. Aguardando 5s...
2025-05-24 09:55:01,123 - INFO - ✅ Backup criado: BlockBackup-LinuxTsplus59-BancoLinux59-block-clone2904-BKPAUTCITEL-20250524-0954
2025-05-24 09:55:01,679 - WARNING - ⏳ Backup ignorado (estado TERMINATED): Auto-backup for 2025-05-09 08:00:00 via policy: Citel_Diario07
2025-05-24 09:55:01,679 - INFO - 
🔍 Processando block volume: LinuxTSPlus19_Banco1LinuxTSPlus19_clone2904
2025-05-24 09:55:01,803 - WARNING - ⚠️ Tentativa 1: Limite de requisições. Aguardando 5s...
2025-05-24 09:55:11,708 - WARNING - ⚠️ Tentativa 2: Limite de requisições. Aguardando 10s...
2025-05-24 09:55:25,417 - INFO - ✅ Backup criado: BlockBackup-LinuxTSPlus19_Banco1LinuxTSPlus19_clone2904-BKPAUTCITEL-20250524-0955
2025-05-24 09:55:25,966 - WARNING - ⏳ Backup ignorado (estado TERMINATED): Auto-backup for 2025-05-09 08:00:00 via policy: Citel_Diario07
2025-05-24 09:55:25,967 - INFO - 
🔍 Processando block volume: LinuxTSPlus19_Banco3LinuxTSPlus19_clone2904
2025-05-24 09:55:26,261 - INFO - ✅ Backup criado: BlockBackup-LinuxTSPlus19_Banco3LinuxTSPlus19_clone2904-BKPAUTCITEL-20250524-0955
2025-05-24 09:55:26,814 - WARNING - ⏳ Backup ignorado (estado TERMINATED): Auto-backup for 2025-05-09 08:00:00 via policy: Citel_Diario07
2025-05-24 09:55:26,815 - INFO - 
🔍 Processando block volume: LinuxTSPlus20_Banco1LinuxTSPlus20_clone2904
2025-05-24 09:55:27,154 - INFO - ✅ Backup criado: BlockBackup-LinuxTSPlus20_Banco1LinuxTSPlus20_clone2904-BKPAUTCITEL-20250524-0955
2025-05-24 09:55:27,704 - WARNING - ⏳ Backup ignorado (estado TERMINATED): Auto-backup for 2025-05-09 08:00:00 via policy: Citel_Diario07
2025-05-24 09:55:27,705 - INFO - 
🔍 Processando block volume: LinuxTSPlus20_Banco2LinuxTSPlus20_clone2904
2025-05-24 09:55:27,828 - WARNING - ⚠️ Tentativa 1: Limite de requisições. Aguardando 5s...
2025-05-24 09:55:37,430 - INFO - ✅ Backup criado: BlockBackup-LinuxTSPlus20_Banco2LinuxTSPlus20_clone2904-BKPAUTCITEL-20250524-0955
2025-05-24 09:55:38,025 - WARNING - ⏳ Backup ignorado (estado TERMINATED): Auto-backup for 2025-05-09 08:00:00 via policy: Citel_Diario07
2025-05-24 09:55:38,026 - INFO - 
🔍 Processando block volume: LinuxTSPlus20_Banco3_BR20_clone2904
2025-05-24 09:55:38,149 - WARNING - ⚠️ Tentativa 1: Limite de requisições. Aguardando 5s...
2025-05-24 09:55:44,778 - WARNING - ⚠️ Tentativa 2: Limite de requisições. Aguardando 10s...
2025-05-24 09:55:56,891 - WARNING - ⚠️ Tentativa 3: Limite de requisições. Aguardando 20s...
2025-05-24 09:56:21,230 - INFO - ✅ Backup criado: BlockBackup-LinuxTSPlus20_Banco3_BR20_clone2904-BKPAUTCITEL-20250524-0955
2025-05-24 09:56:21,781 - WARNING - ⏳ Backup ignorado (estado TERMINATED): Auto-backup for 2025-05-09 08:00:00 via policy: Citel_Diario07
2025-05-24 09:56:21,781 - INFO - 
🔍 Processando block volume: LinuxTSPlus20_Banco4LinuxTSPlus20_clone2904
2025-05-24 09:56:22,070 - INFO - ✅ Backup criado: BlockBackup-LinuxTSPlus20_Banco4LinuxTSPlus20_clone2904-BKPAUTCITEL-20250524-0956
2025-05-24 09:56:22,621 - WARNING - ⏳ Backup ignorado (estado TERMINATED): Auto-backup for 2025-05-09 08:00:00 via policy: Citel_Diario07
2025-05-24 09:56:22,621 - INFO - 
🔍 Processando block volume: LinuxTSPlus5-Banco3LinuxBR5-block-clone2904
2025-05-24 09:56:22,906 - INFO - ✅ Backup criado: BlockBackup-LinuxTSPlus5-Banco3LinuxBR5-block-clone2904-BKPAUTCITEL-20250524-0956
2025-05-24 09:56:23,462 - WARNING - ⏳ Backup ignorado (estado TERMINATED): Auto-backup for 2025-05-09 08:00:00 via policy: Citel_Diario07
2025-05-24 09:56:23,462 - INFO - 
🔍 Processando block volume: LinuxTSPlus5-Banco2LinuxBR5-block-clone2904
2025-05-24 09:56:23,817 - INFO - ✅ Backup criado: BlockBackup-LinuxTSPlus5-Banco2LinuxBR5-block-clone2904-BKPAUTCITEL-20250524-0956
2025-05-24 09:56:24,367 - WARNING - ⏳ Backup ignorado (estado TERMINATED): Auto-backup for 2025-05-09 08:00:00 via policy: Citel_Diario07
2025-05-24 09:56:24,367 - INFO - 
🔍 Processando block volume: Banco1-LinuxData004
2025-05-24 09:56:24,654 - INFO - ✅ Backup criado: BlockBackup-Banco1-LinuxData004-BKPAUTCITEL-20250524-0956
2025-05-24 09:56:25,208 - WARNING - ⏳ Backup ignorado (estado TERMINATED): Auto-backup for 2025-05-09 08:00:00 via policy: Citel_Diario07
2025-05-24 09:56:25,209 - INFO - 
🔍 Processando block volume: Banco2-LinuxData004
2025-05-24 09:56:25,331 - WARNING - ⚠️ Tentativa 1: Limite de requisições. Aguardando 5s...
2025-05-24 09:56:31,647 - INFO - ✅ Backup criado: BlockBackup-Banco2-LinuxData004-BKPAUTCITEL-20250524-0956
2025-05-24 09:56:32,197 - WARNING - ⏳ Backup ignorado (estado TERMINATED): Auto-backup for 2025-05-09 08:00:00 via policy: Citel_Diario07
2025-05-24 09:56:32,197 - INFO - 
🔍 Processando block volume: Banco3-LinuxData004
2025-05-24 09:56:32,320 - WARNING - ⚠️ Tentativa 1: Limite de requisições. Aguardando 5s...
2025-05-24 09:56:38,078 - INFO - ✅ Backup criado: BlockBackup-Banco3-LinuxData004-BKPAUTCITEL-20250524-0956
2025-05-24 09:56:38,633 - WARNING - ⏳ Backup ignorado (estado TERMINATED): Auto-backup for 2025-05-09 08:00:00 via policy: Citel_Diario07
2025-05-24 09:56:38,634 - INFO - 
🔍 Processando block volume: LinuxTSPlus48-block-Restore
2025-05-24 09:56:38,757 - WARNING - ⚠️ Tentativa 1: Limite de requisições. Aguardando 5s...
2025-05-24 09:56:44,774 - INFO - ✅ Backup criado: BlockBackup-LinuxTSPlus48-block-Restore-BKPAUTCITEL-20250524-0956
2025-05-24 09:56:45,327 - WARNING - ⏳ Backup ignorado (estado TERMINATED): Auto-backup for 2025-05-09 08:00:00 via policy: Citel_Diario07
2025-05-24 09:56:45,327 - INFO - 
🔍 Processando block volume: LinuxData007-Banco4
2025-05-24 09:56:45,627 - INFO - ✅ Backup criado: BlockBackup-LinuxData007-Banco4-BKPAUTCITEL-20250524-0956
2025-05-24 09:56:46,188 - WARNING - ⏳ Backup ignorado (estado TERMINATED): Auto-backup for 2025-05-09 08:00:00 via policy: Citel_Diario07
2025-05-24 09:56:46,188 - INFO - 
🔍 Processando block volume: Banco2LinuxBR21-Restore
2025-05-24 09:56:46,473 - INFO - ✅ Backup criado: BlockBackup-Banco2LinuxBR21-Restore-BKPAUTCITEL-20250524-0956
2025-05-24 09:56:47,041 - WARNING - ⏳ Backup ignorado (estado TERMINATED): Auto-backup for 2025-05-09 08:00:00 via policy: Citel_Diario07
2025-05-24 09:56:47,041 - INFO - 
🔍 Processando block volume: LinuxTSPlus41-block-Restore
2025-05-24 09:56:47,322 - INFO - ✅ Backup criado: BlockBackup-LinuxTSPlus41-block-Restore-BKPAUTCITEL-20250524-0956
2025-05-24 09:56:47,867 - WARNING - ⏳ Backup ignorado (estado TERMINATED): Auto-backup for 2025-05-09 08:00:00 via policy: Citel_Diario07
2025-05-24 09:56:47,867 - INFO - 
🔍 Processando block volume: Banco1LinuxTSPlus26-Restore
2025-05-24 09:56:48,144 - INFO - ✅ Backup criado: BlockBackup-Banco1LinuxTSPlus26-Restore-BKPAUTCITEL-20250524-0956
2025-05-24 09:56:48,693 - WARNING - ⏳ Backup ignorado (estado TERMINATED): Auto-backup for 2025-05-09 08:00:00 via policy: Citel_Diario07
2025-05-24 09:56:48,693 - INFO - 
🔍 Processando block volume: LinuxTSPlus36-block-Restore
2025-05-24 09:56:48,816 - WARNING - ⚠️ Tentativa 1: Limite de requisições. Aguardando 5s...
2025-05-24 09:56:58,537 - INFO - ✅ Backup criado: BlockBackup-LinuxTSPlus36-block-Restore-BKPAUTCITEL-20250524-0956
2025-05-24 09:56:59,082 - WARNING - ⏳ Backup ignorado (estado TERMINATED): Auto-backup for 2025-05-09 08:00:00 via policy: Citel_Diario07
2025-05-24 09:56:59,082 - INFO - 
🔍 Processando block volume: LinuxTSPlus34-Bancos3_BR34-backup-Restore
2025-05-24 09:56:59,205 - WARNING - ⚠️ Tentativa 1: Limite de requisições. Aguardando 5s...
2025-05-24 09:57:09,007 - WARNING - ⚠️ Tentativa 2: Limite de requisições. Aguardando 10s...
2025-05-24 09:57:22,900 - WARNING - ⚠️ Tentativa 3: Limite de requisições. Aguardando 20s...
2025-05-24 09:57:47,721 - INFO - ✅ Backup criado: BlockBackup-LinuxTSPlus34-Bancos3_BR34-backup-Restore-BKPAUTCITEL-20250524-0956
2025-05-24 09:57:48,301 - WARNING - ⏳ Backup ignorado (estado TERMINATED): Auto-backup for 2025-05-09 08:00:00 via policy: Citel_Diario07
2025-05-24 09:57:48,301 - INFO - 
🔍 Processando block volume: LinuxTSPlus34-Bancos2_BR34-backup-Restore
2025-05-24 09:57:48,424 - WARNING - ⚠️ Tentativa 1: Limite de requisições. Aguardando 5s...
2025-05-24 09:57:55,813 - INFO - ✅ Backup criado: BlockBackup-LinuxTSPlus34-Bancos2_BR34-backup-Restore-BKPAUTCITEL-20250524-0957
2025-05-24 09:57:56,357 - WARNING - ⏳ Backup ignorado (estado TERMINATED): Auto-backup for 2025-05-09 08:00:00 via policy: Citel_Diario07
2025-05-24 09:57:56,357 - INFO - 
🔍 Processando block volume: LinuxTSPlus34-Bancos3_BR34-backup-Restore
2025-05-24 09:57:56,641 - INFO - ✅ Backup criado: BlockBackup-LinuxTSPlus34-Bancos3_BR34-backup-Restore-BKPAUTCITEL-20250524-0957
2025-05-24 09:57:57,195 - WARNING - ⏳ Backup ignorado (estado TERMINATED): Auto-backup for 2025-05-09 08:00:00 via policy: Citel_Diario07
2025-05-24 09:57:57,195 - INFO - 
🔍 Processando block volume: Banco1LinuxTSPLUS33-Restore
2025-05-24 09:57:57,462 - INFO - ✅ Backup criado: BlockBackup-Banco1LinuxTSPLUS33-Restore-BKPAUTCITEL-20250524-0957
2025-05-24 09:57:58,013 - WARNING - ⏳ Backup ignorado (estado TERMINATED): Auto-backup for 2025-05-09 08:00:00 via policy: Citel_Diario07
2025-05-24 09:57:58,013 - INFO - 
🔍 Processando block volume: Banco2BR33-Restore
2025-05-24 09:57:58,310 - INFO - ✅ Backup criado: BlockBackup-Banco2BR33-Restore-BKPAUTCITEL-20250524-0957
2025-05-24 09:57:58,868 - WARNING - ⏳ Backup ignorado (estado TERMINATED): Auto-backup for 2025-05-09 08:00:00 via policy: Citel_Diario07
2025-05-24 09:57:58,868 - INFO - 
🔍 Processando block volume: LinuxTSPlus34-Banco1LinuxTSPLUS34-backup-Restore
2025-05-24 09:57:59,141 - INFO - ✅ Backup criado: BlockBackup-LinuxTSPlus34-Banco1LinuxTSPLUS34-backup-Restore-BKPAUTCITEL-20250524-0957
2025-05-24 09:57:59,678 - WARNING - ⏳ Backup ignorado (estado TERMINATED): Auto-backup for 2025-05-09 08:00:00 via policy: Citel_Diario07
2025-05-24 09:57:59,679 - INFO - 
🔍 Processando block volume: LinuxTSPlus1-Restore1
2025-05-24 09:57:59,801 - WARNING - ⚠️ Tentativa 1: Limite de requisições. Aguardando 5s...
2025-05-24 09:58:08,728 - INFO - ✅ Backup criado: BlockBackup-LinuxTSPlus1-Restore1-BKPAUTCITEL-20250524-0957
2025-05-24 09:58:09,278 - WARNING - ⏳ Backup ignorado (estado TERMINATED): Auto-backup for 2025-05-09 08:00:00 via policy: Citel_Diario07
2025-05-24 09:58:09,278 - INFO - 
🔍 Processando block volume: Bancos5_BR1-Restore2
2025-05-24 09:58:09,403 - WARNING - ⚠️ Tentativa 1: Limite de requisições. Aguardando 5s...
2025-05-24 09:58:18,893 - INFO - ✅ Backup criado: BlockBackup-Bancos5_BR1-Restore2-BKPAUTCITEL-20250524-0958
2025-05-24 09:58:19,456 - WARNING - ⏳ Backup ignorado (estado TERMINATED): Auto-backup for 2025-05-09 08:00:00 via policy: Citel_Diario07
2025-05-24 09:58:19,456 - INFO - 
🔍 Processando block volume: Bancos4_BR01-Restore3
2025-05-24 09:58:19,772 - INFO - ✅ Backup criado: BlockBackup-Bancos4_BR01-Restore3-BKPAUTCITEL-20250524-0958
2025-05-24 09:58:20,336 - WARNING - ⏳ Backup ignorado (estado TERMINATED): Auto-backup for 2025-05-09 08:00:00 via policy: Citel_Diario07
2025-05-24 09:58:20,336 - INFO - 
🔍 Processando block volume: Banco3LinuxTSPlus1-Restore4
2025-05-24 09:58:20,620 - INFO - ✅ Backup criado: BlockBackup-Banco3LinuxTSPlus1-Restore4-BKPAUTCITEL-20250524-0958
2025-05-24 09:58:21,194 - WARNING - ⏳ Backup ignorado (estado TERMINATED): Auto-backup for 2025-05-09 08:00:00 via policy: Citel_Diario07
2025-05-24 09:58:21,194 - INFO - 
🔍 Processando block volume: Banco1LinuxTSPlus24-Restore
2025-05-24 09:58:21,493 - INFO - ✅ Backup criado: BlockBackup-Banco1LinuxTSPlus24-Restore-BKPAUTCITEL-20250524-0958
2025-05-24 09:58:22,047 - WARNING - ⏳ Backup ignorado (estado TERMINATED): Auto-backup for 2025-05-09 08:00:00 via policy: Citel_Diario07
2025-05-24 09:58:22,048 - INFO - 
🔍 Processando block volume: Banco1LinuxTSPlus22-Restore
2025-05-24 09:58:22,356 - INFO - ✅ Backup criado: BlockBackup-Banco1LinuxTSPlus22-Restore-BKPAUTCITEL-20250524-0958
2025-05-24 09:58:22,965 - WARNING - ⏳ Backup ignorado (estado TERMINATED): Auto-backup for 2025-05-09 08:00:00 via policy: Citel_Diario07
2025-05-24 09:58:22,966 - INFO - 
🔍 Processando block volume: Banco1LinuxTSPlus22-Restore
2025-05-24 09:58:23,237 - INFO - ✅ Backup criado: BlockBackup-Banco1LinuxTSPlus22-Restore-BKPAUTCITEL-20250524-0958
2025-05-24 09:58:23,781 - WARNING - ⏳ Backup ignorado (estado TERMINATED): Auto-backup for 2025-05-09 08:00:00 via policy: Citel_Diario07
2025-05-24 09:58:23,781 - INFO - 
🔍 Processando block volume: Banco3LinuxTSPlus22-Restore
2025-05-24 09:58:23,904 - WARNING - ⚠️ Tentativa 1: Limite de requisições. Aguardando 5s...
2025-05-24 09:58:29,760 - WARNING - ⚠️ Tentativa 2: Limite de requisições. Aguardando 10s...
2025-05-24 09:58:44,033 - WARNING - ⚠️ Tentativa 3: Limite de requisições. Aguardando 20s...
2025-05-24 09:59:04,706 - WARNING - ⚠️ Tentativa 4: Limite de requisições. Aguardando 40s...
2025-05-24 09:59:49,394 - INFO - ✅ Backup criado: BlockBackup-Banco3LinuxTSPlus22-Restore-BKPAUTCITEL-20250524-0958
2025-05-24 09:59:49,946 - WARNING - ⏳ Backup ignorado (estado TERMINATED): Auto-backup for 2025-05-09 08:00:00 via policy: Citel_Diario07
2025-05-24 09:59:49,946 - INFO - 
🔍 Processando block volume: Banco2LinuxTSPlus22-Restore
2025-05-24 09:59:50,261 - INFO - ✅ Backup criado: BlockBackup-Banco2LinuxTSPlus22-Restore-BKPAUTCITEL-20250524-0959
2025-05-24 09:59:50,825 - WARNING - ⏳ Backup ignorado (estado TERMINATED): Auto-backup for 2025-05-09 08:00:00 via policy: Citel_Diario07
2025-05-24 09:59:50,825 - INFO - 
🔍 Processando block volume: LinuxData010-PalacioTKT651385
2025-05-24 09:59:51,236 - INFO - ✅ Backup criado: BlockBackup-LinuxData010-PalacioTKT651385-BKPAUTCITEL-20250524-0959
2025-05-24 09:59:51,789 - WARNING - ⏳ Backup ignorado (estado TERMINATED): Auto-backup for 2025-05-09 08:00:00 via policy: Citel_Diario07
2025-05-24 09:59:51,789 - INFO - 
🔍 Processando block volume: LinuxData010-Banco4
2025-05-24 09:59:52,086 - INFO - ✅ Backup criado: BlockBackup-LinuxData010-Banco4-BKPAUTCITEL-20250524-0959
2025-05-24 09:59:52,640 - WARNING - ⏳ Backup ignorado (estado TERMINATED): Auto-backup for 2025-05-09 08:00:00 via policy: Citel_Diario07
2025-05-24 09:59:52,640 - INFO - 
🔍 Processando block volume: LinuxData010-Banco5
2025-05-24 09:59:52,924 - INFO - ✅ Backup criado: BlockBackup-LinuxData010-Banco5-BKPAUTCITEL-20250524-0959
2025-05-24 09:59:53,489 - WARNING - ⏳ Backup ignorado (estado TERMINATED): Auto-backup for 2025-05-09 08:00:00 via policy: Citel_Diario07
2025-05-24 09:59:53,490 - INFO - 
🔍 Processando block volume: LinuxData010-GeB
2025-05-24 09:59:53,759 - INFO - ✅ Backup criado: BlockBackup-LinuxData010-GeB-BKPAUTCITEL-20250524-0959
2025-05-24 09:59:54,313 - WARNING - ⏳ Backup ignorado (estado TERMINATED): Auto-backup for 2025-05-09 08:00:00 via policy: Citel_Diario07
2025-05-24 09:59:54,313 - INFO - 
🔍 Processando block volume: LinuxData020-Banco3_BR20
2025-05-24 09:59:54,608 - INFO - ✅ Backup criado: BlockBackup-LinuxData020-Banco3_BR20-BKPAUTCITEL-20250524-0959
2025-05-24 09:59:55,173 - WARNING - ⏳ Backup ignorado (estado TERMINATED): Auto-backup for 2025-05-09 08:00:00 via policy: Citel_Diario07
2025-05-24 09:59:55,174 - INFO - 
🔍 Processando block volume: Banco3_BR20-RESTORE_FILES
2025-05-24 09:59:55,488 - INFO - ✅ Backup criado: BlockBackup-Banco3_BR20-RESTORE_FILES-BKPAUTCITEL-20250524-0959
2025-05-24 09:59:56,031 - INFO - 
🔍 Processando block volume: LinuxData030_clone06052025
2025-05-24 09:59:56,306 - INFO - ✅ Backup criado: BlockBackup-LinuxData030_clone06052025-BKPAUTCITEL-20250524-0959
2025-05-24 09:59:56,838 - INFO - 
🔍 Processando block volume: Restore_Teste_Bancos3_BR20
2025-05-24 09:59:56,961 - WARNING - ⚠️ Tentativa 1: Limite de requisições. Aguardando 5s...
2025-05-24 10:00:03,238 - WARNING - ⚠️ Tentativa 2: Limite de requisições. Aguardando 10s...
2025-05-24 10:00:18,330 - INFO - ✅ Backup criado: BlockBackup-Restore_Teste_Bancos3_BR20-BKPAUTCITEL-20250524-0959
2025-05-24 10:00:18,886 - INFO - 
🔍 Processando block volume: Restore Banco ComercialCarvalho
2025-05-24 10:00:19,217 - INFO - ✅ Backup criado: BlockBackup-Restore Banco ComercialCarvalho-BKPAUTCITEL-20250524-1000
2025-05-24 10:00:19,807 - INFO - 
🔍 Processando block volume: Restore Banco Fluzao
2025-05-24 10:00:20,125 - INFO - ✅ Backup criado: BlockBackup-Restore Banco Fluzao-BKPAUTCITEL-20250524-1000
2025-05-24 10:00:20,684 - INFO - 
🔍 Processando block volume: Restore Banco Suprema
2025-05-24 10:00:20,807 - WARNING - ⚠️ Tentativa 1: Limite de requisições. Aguardando 5s...
2025-05-24 10:00:28,081 - INFO - ✅ Backup criado: BlockBackup-Restore Banco Suprema-BKPAUTCITEL-20250524-1000
2025-05-24 10:00:28,641 - INFO - 
🔍 Processando block volume: BKP Fluzao Prudente
2025-05-24 10:00:28,910 - INFO - ✅ Backup criado: BlockBackup-BKP Fluzao Prudente-BKPAUTCITEL-20250524-1000
2025-05-24 10:00:29,450 - INFO - 
🔍 Processando block volume: LINUXDATA020-BANCO3-Testerecovery-14-05-2025
2025-05-24 10:00:29,762 - INFO - ✅ Backup criado: BlockBackup-LINUXDATA020-BANCO3-Testerecovery-14-05-2025-BKPAUTCITEL-20250524-1000
2025-05-24 10:00:30,311 - INFO - 
🔍 Processando block volume: Restore Banco BI Royal
2025-05-24 10:00:30,619 - INFO - ✅ Backup criado: BlockBackup-Restore Banco BI Royal-BKPAUTCITEL-20250524-1000
2025-05-24 10:00:31,174 - INFO - 
🔍 Processando block volume: Restore Banco BI Piso e Cia 
2025-05-24 10:00:31,482 - INFO - ✅ Backup criado: BlockBackup-Restore Banco BI Piso e Cia -BKPAUTCITEL-20250524-1000
2025-05-24 10:00:32,039 - INFO - 
🔍 Processando block volume: Restore Banco BI MaxVinil
2025-05-24 10:00:32,348 - INFO - ✅ Backup criado: BlockBackup-Restore Banco BI MaxVinil-BKPAUTCITEL-20250524-1000
2025-05-24 10:00:32,898 - INFO - 
🔍 Processando block volume: Restore Banco BI Vermat
2025-05-24 10:00:33,208 - INFO - ✅ Backup criado: BlockBackup-Restore Banco BI Vermat-BKPAUTCITEL-20250524-1000
2025-05-24 10:00:33,746 - INFO - 
🔍 Processando block volume: Restore Banco BI Perin
2025-05-24 10:00:33,870 - WARNING - ⚠️ Tentativa 1: Limite de requisições. Aguardando 5s...
2025-05-24 10:00:40,300 - WARNING - ⚠️ Tentativa 2: Limite de requisições. Aguardando 10s...
2025-05-24 10:00:53,535 - INFO - ✅ Backup criado: BlockBackup-Restore Banco BI Perin-BKPAUTCITEL-20250524-1000
2025-05-24 10:00:54,093 - INFO - 
🔍 Processando block volume: Restore Banco BI AtacadaoPT
2025-05-24 10:00:54,371 - INFO - ✅ Backup criado: BlockBackup-Restore Banco BI AtacadaoPT-BKPAUTCITEL-20250524-1000
2025-05-24 10:00:54,917 - INFO - 
🔍 Processando block volume: Restore Banco BI Agrocac
2025-05-24 10:00:55,039 - WARNING - ⚠️ Tentativa 1: Limite de requisições. Aguardando 5s...
2025-05-24 10:01:02,674 - WARNING - ⚠️ Tentativa 2: Limite de requisições. Aguardando 10s...
2025-05-24 10:01:14,042 - INFO - ✅ Backup criado: BlockBackup-Restore Banco BI Agrocac-BKPAUTCITEL-20250524-1000
2025-05-24 10:01:14,585 - INFO - 
🔍 Processando block volume: Restore Banco BI PadraoPVC
2025-05-24 10:01:14,710 - WARNING - ⚠️ Tentativa 1: Limite de requisições. Aguardando 5s...
2025-05-24 10:01:22,575 - INFO - ✅ Backup criado: BlockBackup-Restore Banco BI PadraoPVC-BKPAUTCITEL-20250524-1001
2025-05-24 10:01:23,137 - INFO - 
🔍 Processando block volume: Restore Banco BI Rezende
2025-05-24 10:01:23,492 - INFO - ✅ Backup criado: BlockBackup-Restore Banco BI Rezende-BKPAUTCITEL-20250524-1001
2025-05-24 10:01:24,039 - INFO - 
🔍 Processando block volume: Restore Banco BI MadMapa
2025-05-24 10:01:24,346 - INFO - ✅ Backup criado: BlockBackup-Restore Banco BI MadMapa-BKPAUTCITEL-20250524-1001
2025-05-24 10:01:24,941 - INFO - 
🔍 Processando block volume: Restore Banco BI Santana
2025-05-24 10:01:25,280 - INFO - ✅ Backup criado: BlockBackup-Restore Banco BI Santana-BKPAUTCITEL-20250524-1001
2025-05-24 10:01:25,834 - INFO - 
🔍 Processando block volume: Restore Banco BI VarejaodasTintas
2025-05-24 10:01:25,957 - WARNING - ⚠️ Tentativa 1: Limite de requisições. Aguardando 5s...
2025-05-24 10:01:32,398 - INFO - ✅ Backup criado: BlockBackup-Restore Banco BI VarejaodasTintas-BKPAUTCITEL-20250524-1001
2025-05-24 10:01:32,946 - INFO - 
🔍 Processando block volume: Restore Banco BI ElloTintas
2025-05-24 10:01:33,271 - INFO - ✅ Backup criado: BlockBackup-Restore Banco BI ElloTintas-BKPAUTCITEL-20250524-1001
2025-05-24 10:01:33,825 - INFO - 
🔍 Processando block volume: Restore Banco BI Moto One
2025-05-24 10:01:34,244 - INFO - ✅ Backup criado: BlockBackup-Restore Banco BI Moto One-BKPAUTCITEL-20250524-1001
2025-05-24 10:01:34,791 - INFO - 
🔍 Processando block volume: Restore Banco BI OLV
2025-05-24 10:01:34,914 - WARNING - ⚠️ Tentativa 1: Limite de requisições. Aguardando 5s...
2025-05-24 10:01:42,187 - INFO - ✅ Backup criado: BlockBackup-Restore Banco BI OLV-BKPAUTCITEL-20250524-1001
2025-05-24 10:01:42,730 - INFO - 
🔍 Processando block volume: Restore Banco BI Construilma
2025-05-24 10:01:42,852 - WARNING - ⚠️ Tentativa 1: Limite de requisições. Aguardando 5s...
2025-05-24 10:01:50,209 - INFO - ✅ Backup criado: BlockBackup-Restore Banco BI Construilma-BKPAUTCITEL-20250524-1001
2025-05-24 10:01:50,765 - INFO - 
🔍 Processando block volume: Restore Banco BI Baytek
2025-05-24 10:01:50,888 - WARNING - ⚠️ Tentativa 1: Limite de requisições. Aguardando 5s...
2025-05-24 10:02:00,149 - WARNING - ⚠️ Tentativa 2: Limite de requisições. Aguardando 10s...
2025-05-24 10:02:10,940 - INFO - ✅ Backup criado: BlockBackup-Restore Banco BI Baytek-BKPAUTCITEL-20250524-1001
2025-05-24 10:02:11,509 - INFO - 
🔍 Processando block volume: Restore Banco BI Soldage
2025-05-24 10:02:12,024 - INFO - ✅ Backup criado: BlockBackup-Restore Banco BI Soldage-BKPAUTCITEL-20250524-1002
2025-05-24 10:02:12,569 - INFO - 
🔍 Processando block volume: Banco Restore BI Rizato
2025-05-24 10:02:12,846 - INFO - ✅ Backup criado: BlockBackup-Banco Restore BI Rizato-BKPAUTCITEL-20250524-1002
2025-05-24 10:02:13,393 - INFO - 
🔍 Processando block volume: Restore Banco BI Colomarti
2025-05-24 10:02:13,516 - WARNING - ⚠️ Tentativa 1: Limite de requisições. Aguardando 5s...
2025-05-24 10:02:22,962 - WARNING - ⚠️ Tentativa 2: Limite de requisições. Aguardando 10s...
2025-05-24 10:02:38,578 - INFO - ✅ Backup criado: BlockBackup-Restore Banco BI Colomarti-BKPAUTCITEL-20250524-1002
2025-05-24 10:02:39,132 - INFO - 
🔍 Processando block volume: HD BKP BI Gasparzinho
2025-05-24 10:02:39,509 - INFO - ✅ Backup criado: BlockBackup-HD BKP BI Gasparzinho-BKPAUTCITEL-20250524-1002
2025-05-24 10:02:40,063 - INFO - 
🔍 Processando block volume: Banco_srvEstrategico
2025-05-24 10:02:40,187 - WARNING - ⚠️ Tentativa 1: Limite de requisições. Aguardando 5s...
2025-05-24 10:02:48,667 - INFO - ✅ Backup criado: BlockBackup-Banco_srvEstrategico-BKPAUTCITEL-20250524-1002
2025-05-24 10:02:49,212 - INFO - 
🔍 Processando block volume: Restore banco Palmas bkp2 
2025-05-24 10:02:49,337 - WARNING - ⚠️ Tentativa 1: Limite de requisições. Aguardando 5s...
2025-05-24 10:02:58,720 - INFO - ✅ Backup criado: BlockBackup-Restore banco Palmas bkp2 -BKPAUTCITEL-20250524-1002
2025-05-24 10:02:59,256 - INFO - 
🔍 Processando block volume: Restore Banco 2B bkp2
2025-05-24 10:02:59,565 - INFO - ✅ Backup criado: BlockBackup-Restore Banco 2B bkp2-BKPAUTCITEL-20250524-1002
2025-05-24 10:03:00,109 - INFO - 
🔍 Processando block volume: Restore Banco BI Refrigas2
2025-05-24 10:03:00,403 - INFO - ✅ Backup criado: BlockBackup-Restore Banco BI Refrigas2-BKPAUTCITEL-20250524-1003
2025-05-24 10:03:00,958 - INFO - 
🔍 Processando block volume: BKP Valclei tkt 1076246
2025-05-24 10:03:01,249 - INFO - ✅ Backup criado: BlockBackup-BKP Valclei tkt 1076246-BKPAUTCITEL-20250524-1003
2025-05-24 10:03:01,838 - INFO - 
🔍 Processando block volume: Restore2 BI Paratudo
2025-05-24 10:03:02,121 - INFO - ✅ Backup criado: BlockBackup-Restore2 BI Paratudo-BKPAUTCITEL-20250524-1003
2025-05-24 10:03:02,668 - INFO - 
🔍 Processando block volume: Banco2 MiaraKruger bi 
2025-05-24 10:03:02,791 - WARNING - ⚠️ Tentativa 1: Limite de requisições. Aguardando 5s...
2025-05-24 10:03:11,942 - INFO - ✅ Backup criado: BlockBackup-Banco2 MiaraKruger bi -BKPAUTCITEL-20250524-1003
2025-05-24 10:03:12,466 - INFO - 
✅ Execução concluída com sucesso
