2025-05-24 13:00:22,095 - INFO - 
🔍 Processando boot volume: LinuxTSPlus20
2025-05-24 13:00:22,449 - INFO - ✅ Backup criado: BootBackup-LinuxTSPlus20-BKPAUTCITEL-20250524-1300
2025-05-24 13:00:23,160 - WARNING - ⏳ Backup ignorado (estado TERMINATED): Auto-backup for 2025-05-09 08:00:00 via policy: Citel_Diario04
2025-05-24 13:00:23,160 - INFO - 
🔍 Processando boot volume: LinuxTSPlus25
2025-05-24 13:00:23,549 - INFO - ✅ Backup criado: BootBackup-LinuxTSPlus25-BKPAUTCITEL-20250524-1300
2025-05-24 13:00:24,290 - WARNING - ⏳ Backup ignorado (estado TERMINATED): Auto-backup for 2025-05-09 08:00:00 via policy: Citel_Diario04
2025-05-24 13:00:24,290 - INFO - 
🔍 Processando boot volume: LinuxTSPlus1
2025-05-24 13:00:24,619 - INFO - ✅ Backup criado: BootBackup-LinuxTSPlus1-BKPAUTCITEL-20250524-1300
2025-05-24 13:00:25,372 - WARNING - ⏳ Backup ignorado (estado TERMINATED): Auto-backup for 2025-05-09 08:00:00 via policy: Citel_Diario04
2025-05-24 13:00:25,373 - INFO - 
🔍 Processando boot volume: LinuxTSPlus2
2025-05-24 13:00:25,782 - INFO - ✅ Backup criado: BootBackup-LinuxTSPlus2-BKPAUTCITEL-20250524-1300
2025-05-24 13:00:26,531 - WARNING - ⏳ Backup ignorado (estado TERMINATED): Auto-backup for 2025-05-09 08:00:00 via policy: Citel_Diario04
2025-05-24 13:00:26,532 - INFO - 
🔍 Processando boot volume: LinuxTSPlus4
2025-05-24 13:00:26,930 - INFO - ✅ Backup criado: BootBackup-LinuxTSPlus4-BKPAUTCITEL-20250524-1300
2025-05-24 13:00:27,641 - WARNING - ⏳ Backup ignorado (estado TERMINATED): Auto-backup for 2025-05-09 08:00:00 via policy: Citel_Diario04
2025-05-24 13:00:27,642 - INFO - 
🔍 Processando boot volume: LinuxTSPlus6
2025-05-24 13:00:27,791 - WARNING - ⚠️ Tentativa 1: Limite de requisições. Aguardando 1s...
2025-05-24 13:00:31,795 - INFO - ✅ Backup criado: BootBackup-LinuxTSPlus6-BKPAUTCITEL-20250524-1300
2025-05-24 13:00:32,519 - WARNING - ⏳ Backup ignorado (estado TERMINATED): Auto-backup for 2025-05-09 08:00:00 via policy: Citel_Diario04
2025-05-24 13:00:32,519 - INFO - 
🔍 Processando boot volume: LinuxTSPlus30
2025-05-24 13:00:32,904 - INFO - ✅ Backup criado: BootBackup-LinuxTSPlus30-BKPAUTCITEL-20250524-1300
2025-05-24 13:00:33,615 - WARNING - ⏳ Backup ignorado (estado TERMINATED): Auto-backup for 2025-05-09 08:00:00 via policy: Citel_Diario04
2025-05-24 13:00:33,615 - INFO - 
🔍 Processando boot volume: Temp-Subida_G_e_B (Boot Volume)
2025-05-24 13:00:33,924 - INFO - ✅ Backup criado: BootBackup-Temp-Subida_G_e_B (Boot Volume)-BKPAUTCITEL-20250524-1300
2025-05-24 13:00:34,641 - WARNING - ⏳ Backup ignorado (estado TERMINATED): Auto-backup for 2025-05-09 08:00:00 via policy: Citel_Diario04
2025-05-24 13:00:34,642 - INFO - 
🔍 Processando boot volume: Banco_BelaTintas (Boot Volume)
2025-05-24 13:00:34,997 - INFO - ✅ Backup criado: BootBackup-Banco_BelaTintas (Boot Volume)-BKPAUTCITEL-20250524-1300
2025-05-24 13:00:35,749 - WARNING - ⏳ Backup ignorado (estado TERMINATED): Auto-backup for 2025-05-09 08:00:00 via policy: Citel_Diario04
2025-05-24 13:00:35,750 - INFO - 
🔍 Processando boot volume: Banco_BelaTintas_clone29042025
2025-05-24 13:00:36,181 - INFO - ✅ Backup criado: BootBackup-Banco_BelaTintas_clone29042025-BKPAUTCITEL-20250524-1300
2025-05-24 13:00:36,884 - WARNING - ⏳ Backup ignorado (estado TERMINATED): Auto-backup for 2025-05-09 08:00:00 via policy: Citel_Diario04
2025-05-24 13:00:36,885 - INFO - 
🔍 Processando boot volume: LinuxTSPlus11_clone2904
2025-05-24 13:00:37,186 - INFO - ✅ Backup criado: BootBackup-LinuxTSPlus11_clone2904-BKPAUTCITEL-20250524-1300
2025-05-24 13:00:37,895 - WARNING - ⏳ Backup ignorado (estado TERMINATED): Auto-backup for 2025-05-09 08:00:00 via policy: Citel_Diario04
2025-05-24 13:00:37,895 - INFO - 
🔍 Processando boot volume: LinuxTSPlus30_boot_clone2904
2025-05-24 13:00:38,044 - WARNING - ⚠️ Tentativa 1: Limite de requisições. Aguardando 1s...
2025-05-24 13:00:40,852 - INFO - ✅ Backup criado: BootBackup-LinuxTSPlus30_boot_clone2904-BKPAUTCITEL-20250524-1300
2025-05-24 13:00:41,572 - WARNING - ⏳ Backup ignorado (estado TERMINATED): Auto-backup for 2025-05-09 08:00:00 via policy: Citel_Diario04
2025-05-24 13:00:41,572 - INFO - 
🔍 Processando boot volume: LinuxTSPlus12_boot_clone2904
2025-05-24 13:00:41,720 - WARNING - ⚠️ Tentativa 1: Limite de requisições. Aguardando 1s...
2025-05-24 13:00:44,275 - INFO - ✅ Backup criado: BootBackup-LinuxTSPlus12_boot_clone2904-BKPAUTCITEL-20250524-1300
2025-05-24 13:00:44,980 - WARNING - ⏳ Backup ignorado (estado TERMINATED): Auto-backup for 2025-05-09 08:00:00 via policy: Citel_Diario04
2025-05-24 13:00:44,980 - INFO - 
🔍 Processando boot volume: LinuxTSPlus55_boot_clone2904
2025-05-24 13:00:45,352 - INFO - ✅ Backup criado: BootBackup-LinuxTSPlus55_boot_clone2904-BKPAUTCITEL-20250524-1300
2025-05-24 13:00:46,062 - WARNING - ⏳ Backup ignorado (estado TERMINATED): Auto-backup for 2025-05-09 08:00:00 via policy: Citel_Diario04
2025-05-24 13:00:46,063 - INFO - 
🔍 Processando boot volume: LinuxTSPlus65_boot_clone2904
2025-05-24 13:00:46,212 - WARNING - ⚠️ Tentativa 1: Limite de requisições. Aguardando 1s...
2025-05-24 13:00:48,092 - WARNING - ⚠️ Tentativa 2: Limite de requisições. Aguardando 2s...
2025-05-24 13:00:54,575 - WARNING - ⚠️ Tentativa 3: Limite de requisições. Aguardando 4s...
2025-05-24 13:00:59,857 - INFO - ✅ Backup criado: BootBackup-LinuxTSPlus65_boot_clone2904-BKPAUTCITEL-20250524-1300
2025-05-24 13:01:00,569 - WARNING - ⏳ Backup ignorado (estado TERMINATED): Auto-backup for 2025-05-09 08:00:00 via policy: Citel_Diario04
2025-05-24 13:01:00,569 - INFO - 
🔍 Processando boot volume: LinuxTSPlus28_boot_clone2904
2025-05-24 13:01:00,717 - WARNING - ⚠️ Tentativa 1: Limite de requisições. Aguardando 1s...
2025-05-24 13:01:03,812 - WARNING - ⚠️ Tentativa 2: Limite de requisições. Aguardando 2s...
2025-05-24 13:01:07,885 - WARNING - ⚠️ Tentativa 3: Limite de requisições. Aguardando 4s...
2025-05-24 13:01:13,941 - INFO - ✅ Backup criado: BootBackup-LinuxTSPlus28_boot_clone2904-BKPAUTCITEL-20250524-1301
2025-05-24 13:01:14,641 - WARNING - ⏳ Backup ignorado (estado TERMINATED): Auto-backup for 2025-05-09 08:00:00 via policy: Citel_Diario04
2025-05-24 13:01:14,642 - INFO - 
🔍 Processando boot volume: LinuxTSPlus72_boot_clone2904
2025-05-24 13:01:15,004 - INFO - ✅ Backup criado: BootBackup-LinuxTSPlus72_boot_clone2904-BKPAUTCITEL-20250524-1301
2025-05-24 13:01:15,759 - WARNING - ⏳ Backup ignorado (estado TERMINATED): Auto-backup for 2025-05-09 08:00:00 via policy: Citel_Diario04
2025-05-24 13:01:15,760 - INFO - 
🔍 Processando boot volume: LinuxTSPlus43_boot_clone2904
2025-05-24 13:01:16,115 - INFO - ✅ Backup criado: BootBackup-LinuxTSPlus43_boot_clone2904-BKPAUTCITEL-20250524-1301
2025-05-24 13:01:16,816 - WARNING - ⏳ Backup ignorado (estado TERMINATED): Auto-backup for 2025-05-09 08:00:00 via policy: Citel_Diario04
2025-05-24 13:01:16,816 - INFO - 
🔍 Processando boot volume: LinuxTSPlus50_boot_clone2904
2025-05-24 13:01:17,148 - INFO - ✅ Backup criado: BootBackup-LinuxTSPlus50_boot_clone2904-BKPAUTCITEL-20250524-1301
2025-05-24 13:01:17,852 - WARNING - ⏳ Backup ignorado (estado TERMINATED): Auto-backup for 2025-05-09 08:00:00 via policy: Citel_Diario04
2025-05-24 13:01:17,852 - INFO - 
🔍 Processando boot volume: LinuxTSPlus37_boot_clone2904
2025-05-24 13:01:18,166 - INFO - ✅ Backup criado: BootBackup-LinuxTSPlus37_boot_clone2904-BKPAUTCITEL-20250524-1301
2025-05-24 13:01:18,873 - WARNING - ⏳ Backup ignorado (estado TERMINATED): Auto-backup for 2025-05-09 08:00:00 via policy: Citel_Diario04
2025-05-24 13:01:18,873 - INFO - 
🔍 Processando boot volume: LinuxTSPlus37_boot_clone2904
2025-05-24 13:01:19,021 - WARNING - ⚠️ Tentativa 1: Limite de requisições. Aguardando 1s...
2025-05-24 13:01:25,592 - INFO - ✅ Backup criado: BootBackup-LinuxTSPlus37_boot_clone2904-BKPAUTCITEL-20250524-1301
2025-05-24 13:01:26,298 - WARNING - ⏳ Backup ignorado (estado TERMINATED): Auto-backup for 2025-05-09 08:00:00 via policy: Citel_Diario04
2025-05-24 13:01:26,298 - INFO - 
🔍 Processando boot volume: LinuxTSPlus32_boot_clone2904
2025-05-24 13:01:26,628 - INFO - ✅ Backup criado: BootBackup-LinuxTSPlus32_boot_clone2904-BKPAUTCITEL-20250524-1301
2025-05-24 13:01:27,333 - WARNING - ⏳ Backup ignorado (estado TERMINATED): Auto-backup for 2025-05-09 08:00:00 via policy: Citel_Diario04
2025-05-24 13:01:27,333 - INFO - 
🔍 Processando boot volume: LinuxTSPlus2_boot_clone2904
2025-05-24 13:01:27,651 - INFO - ✅ Backup criado: BootBackup-LinuxTSPlus2_boot_clone2904-BKPAUTCITEL-20250524-1301
2025-05-24 13:01:28,355 - WARNING - ⏳ Backup ignorado (estado TERMINATED): Auto-backup for 2025-05-09 08:00:00 via policy: Citel_Diario04
2025-05-24 13:01:28,355 - INFO - 
🔍 Processando boot volume: LinuxTSPlus25_boot_clone2904
2025-05-24 13:01:28,503 - WARNING - ⚠️ Tentativa 1: Limite de requisições. Aguardando 1s...
2025-05-24 13:01:32,270 - WARNING - ⚠️ Tentativa 2: Limite de requisições. Aguardando 2s...
2025-05-24 13:01:37,582 - WARNING - ⚠️ Tentativa 3: Limite de requisições. Aguardando 4s...
2025-05-24 13:01:43,238 - WARNING - ⚠️ Tentativa 4: Limite de requisições. Aguardando 8s...
2025-05-24 13:01:52,316 - WARNING - ⚠️ Tentativa 5: Limite de requisições. Aguardando 16s...
2025-05-24 13:02:13,756 - WARNING - ⏳ Backup ignorado (estado TERMINATED): Auto-backup for 2025-05-09 08:00:00 via policy: Citel_Diario04
2025-05-24 13:02:13,757 - INFO - 
🔍 Processando boot volume: LinuxTSPlus1_boot_clone2904
2025-05-24 13:02:14,095 - INFO - ✅ Backup criado: BootBackup-LinuxTSPlus1_boot_clone2904-BKPAUTCITEL-20250524-1302
2025-05-24 13:02:14,838 - WARNING - ⏳ Backup ignorado (estado TERMINATED): Auto-backup for 2025-05-09 08:00:00 via policy: Citel_Diario04
2025-05-24 13:02:14,839 - INFO - 
🔍 Processando boot volume: LinuxTSPlus13_boot_clone2904
2025-05-24 13:02:15,168 - INFO - ✅ Backup criado: BootBackup-LinuxTSPlus13_boot_clone2904-BKPAUTCITEL-20250524-1302
2025-05-24 13:02:15,853 - WARNING - ⏳ Backup ignorado (estado TERMINATED): Auto-backup for 2025-05-09 08:00:00 via policy: Citel_Diario04
2025-05-24 13:02:15,854 - INFO - 
🔍 Processando boot volume: LinuxTSPlus14_boot_clone2904
2025-05-24 13:02:16,202 - INFO - ✅ Backup criado: BootBackup-LinuxTSPlus14_boot_clone2904-BKPAUTCITEL-20250524-1302
2025-05-24 13:02:16,913 - WARNING - ⏳ Backup ignorado (estado TERMINATED): Auto-backup for 2025-05-09 08:00:00 via policy: Citel_Diario04
2025-05-24 13:02:16,913 - INFO - 
🔍 Processando boot volume: LinuxTSPlus9-boot_clone2904
2025-05-24 13:02:17,235 - INFO - ✅ Backup criado: BootBackup-LinuxTSPlus9-boot_clone2904-BKPAUTCITEL-20250524-1302
2025-05-24 13:02:17,933 - WARNING - ⏳ Backup ignorado (estado TERMINATED): Auto-backup for 2025-05-09 08:00:00 via policy: Citel_Diario04
2025-05-24 13:02:17,933 - INFO - 
🔍 Processando boot volume: LinuxTSPlus16_boot_clone2904
2025-05-24 13:02:18,273 - INFO - ✅ Backup criado: BootBackup-LinuxTSPlus16_boot_clone2904-BKPAUTCITEL-20250524-1302
2025-05-24 13:02:18,980 - WARNING - ⏳ Backup ignorado (estado TERMINATED): Auto-backup for 2025-05-09 08:00:00 via policy: Citel_Diario04
2025-05-24 13:02:18,981 - INFO - 
🔍 Processando boot volume: LinuxTSPlus17_boot_clone2904
2025-05-24 13:02:19,301 - INFO - ✅ Backup criado: BootBackup-LinuxTSPlus17_boot_clone2904-BKPAUTCITEL-20250524-1302
2025-05-24 13:02:20,008 - WARNING - ⏳ Backup ignorado (estado TERMINATED): Auto-backup for 2025-05-09 08:00:00 via policy: Citel_Diario04
2025-05-24 13:02:20,008 - INFO - 
🔍 Processando boot volume: LinuxTSPlus7-boot_clone2904
2025-05-24 13:02:20,157 - WARNING - ⚠️ Tentativa 1: Limite de requisições. Aguardando 1s...
2025-05-24 13:02:23,122 - WARNING - ⚠️ Tentativa 2: Limite de requisições. Aguardando 2s...
2025-05-24 13:02:29,352 - WARNING - ⚠️ Tentativa 3: Limite de requisições. Aguardando 4s...
2025-05-24 13:02:37,096 - INFO - ✅ Backup criado: BootBackup-LinuxTSPlus7-boot_clone2904-BKPAUTCITEL-20250524-1302
2025-05-24 13:02:37,815 - WARNING - ⏳ Backup ignorado (estado TERMINATED): Auto-backup for 2025-05-09 08:00:00 via policy: Citel_Diario04
2025-05-24 13:02:37,816 - INFO - 
🔍 Processando boot volume: LinuxTSPlus6-boot-clone2904
2025-05-24 13:02:37,965 - WARNING - ⚠️ Tentativa 1: Limite de requisições. Aguardando 1s...
2025-05-24 13:02:42,036 - INFO - ✅ Backup criado: BootBackup-LinuxTSPlus6-boot-clone2904-BKPAUTCITEL-20250524-1302
2025-05-24 13:02:42,746 - WARNING - ⏳ Backup ignorado (estado TERMINATED): Auto-backup for 2025-05-09 08:00:00 via policy: Citel_Diario04
2025-05-24 13:02:42,746 - INFO - 
🔍 Processando boot volume: LinuxTSPlus18-boot-clone2904
2025-05-24 13:02:43,145 - INFO - ✅ Backup criado: BootBackup-LinuxTSPlus18-boot-clone2904-BKPAUTCITEL-20250524-1302
2025-05-24 13:02:43,862 - WARNING - ⏳ Backup ignorado (estado TERMINATED): Auto-backup for 2025-05-09 08:00:00 via policy: Citel_Diario04
2025-05-24 13:02:43,863 - INFO - 
🔍 Processando boot volume: LinuxTsplus59-boot-clone2904
2025-05-24 13:02:44,179 - INFO - ✅ Backup criado: BootBackup-LinuxTsplus59-boot-clone2904-BKPAUTCITEL-20250524-1302
2025-05-24 13:02:44,886 - WARNING - ⏳ Backup ignorado (estado TERMINATED): Auto-backup for 2025-05-09 08:00:00 via policy: Citel_Diario04
2025-05-24 13:02:44,887 - INFO - 
🔍 Processando boot volume: LinuxTSPlus19_boot_clone2904
2025-05-24 13:02:45,239 - INFO - ✅ Backup criado: BootBackup-LinuxTSPlus19_boot_clone2904-BKPAUTCITEL-20250524-1302
2025-05-24 13:02:45,950 - WARNING - ⏳ Backup ignorado (estado TERMINATED): Auto-backup for 2025-05-09 08:00:00 via policy: Citel_Diario04
2025-05-24 13:02:45,951 - INFO - 
🔍 Processando boot volume: LinuxTSPlus20_boot_clone2904
2025-05-24 13:02:46,099 - WARNING - ⚠️ Tentativa 1: Limite de requisições. Aguardando 1s...
2025-05-24 13:02:47,996 - INFO - ✅ Backup criado: BootBackup-LinuxTSPlus20_boot_clone2904-BKPAUTCITEL-20250524-1302
2025-05-24 13:02:48,793 - WARNING - ⏳ Backup ignorado (estado TERMINATED): Auto-backup for 2025-05-09 08:00:00 via policy: Citel_Diario04
2025-05-24 13:02:48,794 - INFO - 
🔍 Processando boot volume: Linux-checkdisks (Boot Volume)
2025-05-24 13:02:48,961 - WARNING - ⚠️ Tentativa 1: Limite de requisições. Aguardando 1s...
2025-05-24 13:02:54,414 - INFO - ✅ Backup criado: BootBackup-Linux-checkdisks (Boot Volume)-BKPAUTCITEL-20250524-1302
2025-05-24 13:02:55,114 - INFO - 
🔍 Processando boot volume: LinuxDataBelaTintas
2025-05-24 13:02:55,263 - WARNING - ⚠️ Tentativa 1: Limite de requisições. Aguardando 1s...
2025-05-24 13:02:58,936 - WARNING - ⚠️ Tentativa 2: Limite de requisições. Aguardando 2s...
2025-05-24 13:03:02,862 - INFO - ✅ Backup criado: BootBackup-LinuxDataBelaTintas-BKPAUTCITEL-20250524-1302
2025-05-24 13:03:03,574 - WARNING - ⏳ Backup ignorado (estado TERMINATED): Auto-backup for 2025-05-09 08:00:00 via policy: Citel_Diario04
2025-05-24 13:03:03,575 - INFO - 
🔍 Processando boot volume: LinuxTSPlus5-boot-clone2904
2025-05-24 13:03:03,881 - INFO - ✅ Backup criado: BootBackup-LinuxTSPlus5-boot-clone2904-BKPAUTCITEL-20250524-1303
2025-05-24 13:03:04,577 - WARNING - ⏳ Backup ignorado (estado TERMINATED): Auto-backup for 2025-05-09 08:00:00 via policy: Citel_Diario04
2025-05-24 13:03:04,577 - INFO - 
🔍 Processando boot volume: LinuxData010
2025-05-24 13:03:04,725 - WARNING - ⚠️ Tentativa 1: Limite de requisições. Aguardando 1s...
2025-05-24 13:03:07,494 - WARNING - ⚠️ Tentativa 2: Limite de requisições. Aguardando 2s...
2025-05-24 13:03:13,826 - WARNING - ⚠️ Tentativa 3: Limite de requisições. Aguardando 4s...
2025-05-24 13:03:20,293 - ERROR - ❌ Erro ao criar backup: {'target_service': 'blockstorage', 'status': 409, 'code': 'Conflict', 'opc-request-id': '5D5255E1655E4F2F89736D6FE0EEBBAF/239EB69D0896E271D5CCAC5E5EEA23BF/07E20E616CB816F08CDD45628B8C8F9A', 'message': 'There is currently a backup operation in progress for Volume ocid1.bootvolume.oc1.sa-saopaulo-1.abtxeljrwcx22544p7r4pfo5r6fmvzqqbl2swq7sdrl6nu6ftux2k3yeeena.', 'operation_name': 'create_boot_volume_backup', 'timestamp': '2025-05-24T13:03:20.293233+00:00', 'client_version': 'Oracle-PythonSDK/2.150.3', 'request_endpoint': 'POST https://iaas.sa-saopaulo-1.oraclecloud.com/20160918/bootVolumeBackups', 'logging_tips': 'To get more info on the failing request, refer to https://docs.oracle.com/en-us/iaas/tools/python/latest/logging.html for ways to log the request/response details.', 'troubleshooting_tips': "See https://docs.oracle.com/iaas/Content/API/References/apierrors.htm#apierrors_409__409_conflict for more information about resolving this error. Also see https://docs.oracle.com/iaas/api/#/en/iaas/20160918/BootVolumeBackup/CreateBootVolumeBackup for details on this operation's requirements. If you are unable to resolve this blockstorage issue, please contact Oracle support and provide them this full error message."}
2025-05-24 13:03:20,994 - WARNING - ⏳ Backup ignorado (estado TERMINATED): Auto-backup for 2025-05-09 08:00:00 via policy: Citel_Diario04
2025-05-24 13:03:20,994 - INFO - 
🔍 Processando boot volume: LinuxData025
2025-05-24 13:03:21,323 - INFO - ✅ Backup criado: BootBackup-LinuxData025-BKPAUTCITEL-20250524-1303
2025-05-24 13:03:22,043 - WARNING - ⏳ Backup ignorado (estado TERMINATED): Auto-backup for 2025-05-09 08:00:00 via policy: Citel_Diario04
2025-05-24 13:03:22,043 - INFO - 
🔍 Processando boot volume: LinuxDataBelaTintas-14
2025-05-24 13:03:22,192 - WARNING - ⚠️ Tentativa 1: Limite de requisições. Aguardando 1s...
2025-05-24 13:03:28,510 - ERROR - ❌ Erro ao criar backup: {'target_service': 'blockstorage', 'status': 409, 'code': 'Conflict', 'opc-request-id': '6D34CF8A373A47A4886EEBF8C9C8183E/ED236556B5964E4D285185DFFDD1DB99/5103B4CD4019E75BAC5C5FBDE1A9DDEF', 'message': 'There is currently a backup operation in progress for Volume ocid1.bootvolume.oc1.sa-saopaulo-1.abtxeljrzewecqfjrpbq3zgbotujkm5bvjibchck2yg2wzw75ou72hy3gx7a.', 'operation_name': 'create_boot_volume_backup', 'timestamp': '2025-05-24T13:03:28.510112+00:00', 'client_version': 'Oracle-PythonSDK/2.150.3', 'request_endpoint': 'POST https://iaas.sa-saopaulo-1.oraclecloud.com/20160918/bootVolumeBackups', 'logging_tips': 'To get more info on the failing request, refer to https://docs.oracle.com/en-us/iaas/tools/python/latest/logging.html for ways to log the request/response details.', 'troubleshooting_tips': "See https://docs.oracle.com/iaas/Content/API/References/apierrors.htm#apierrors_409__409_conflict for more information about resolving this error. Also see https://docs.oracle.com/iaas/api/#/en/iaas/20160918/BootVolumeBackup/CreateBootVolumeBackup for details on this operation's requirements. If you are unable to resolve this blockstorage issue, please contact Oracle support and provide them this full error message."}
2025-05-24 13:03:29,217 - WARNING - ⏳ Backup ignorado (estado TERMINATED): Auto-backup for 2025-05-09 08:00:00 via policy: Citel_Diario04
2025-05-24 13:03:29,217 - INFO - 
🔍 Processando boot volume: LinuxData004
2025-05-24 13:03:29,499 - ERROR - ❌ Erro ao criar backup: {'target_service': 'blockstorage', 'status': 409, 'code': 'Conflict', 'opc-request-id': 'F8FD8B4C20654F649C4FD8113BBEDB2F/D5B31C8AA5E48B334ED8E418D188DF1A/D4E668252E7CEC337467A34CFCE4E5BB', 'message': 'There is currently a backup operation in progress for Volume ocid1.bootvolume.oc1.sa-saopaulo-1.abtxeljrtmvcggocstgxyydjtvzqiuhqxxj6bmnpcq2klvwjdbvykrekyspa.', 'operation_name': 'create_boot_volume_backup', 'timestamp': '2025-05-24T13:03:29.498993+00:00', 'client_version': 'Oracle-PythonSDK/2.150.3', 'request_endpoint': 'POST https://iaas.sa-saopaulo-1.oraclecloud.com/20160918/bootVolumeBackups', 'logging_tips': 'To get more info on the failing request, refer to https://docs.oracle.com/en-us/iaas/tools/python/latest/logging.html for ways to log the request/response details.', 'troubleshooting_tips': "See https://docs.oracle.com/iaas/Content/API/References/apierrors.htm#apierrors_409__409_conflict for more information about resolving this error. Also see https://docs.oracle.com/iaas/api/#/en/iaas/20160918/BootVolumeBackup/CreateBootVolumeBackup for details on this operation's requirements. If you are unable to resolve this blockstorage issue, please contact Oracle support and provide them this full error message."}
2025-05-24 13:03:30,194 - WARNING - ⏳ Backup ignorado (estado TERMINATED): Auto-backup for 2025-05-09 08:00:00 via policy: Citel_Diario04
2025-05-24 13:03:30,194 - INFO - 
🔍 Processando boot volume: LinuxData026
2025-05-24 13:03:30,556 - INFO - ✅ Backup criado: BootBackup-LinuxData026-BKPAUTCITEL-20250524-1303
2025-05-24 13:03:31,264 - WARNING - ⏳ Backup ignorado (estado TERMINATED): Auto-backup for 2025-05-09 08:00:00 via policy: Citel_Diario04
2025-05-24 13:03:31,265 - INFO - 
🔍 Processando boot volume: LinuxData005
2025-05-24 13:03:31,414 - WARNING - ⚠️ Tentativa 1: Limite de requisições. Aguardando 1s...
2025-05-24 13:03:33,061 - WARNING - ⚠️ Tentativa 2: Limite de requisições. Aguardando 2s...
2025-05-24 13:03:36,914 - WARNING - ⚠️ Tentativa 3: Limite de requisições. Aguardando 4s...
2025-05-24 13:03:43,543 - INFO - ✅ Backup criado: BootBackup-LinuxData005-BKPAUTCITEL-20250524-1303
2025-05-24 13:03:44,244 - WARNING - ⏳ Backup ignorado (estado TERMINATED): Auto-backup for 2025-05-09 08:00:00 via policy: Citel_Diario04
2025-05-24 13:03:44,245 - INFO - 
🔍 Processando boot volume: LinuxData012
2025-05-24 13:03:44,522 - ERROR - ❌ Erro ao criar backup: {'target_service': 'blockstorage', 'status': 409, 'code': 'Conflict', 'opc-request-id': '23C26986D1B943A09CE82F3A40208F7F/B8AA959022EFFF043DFCE9E5AC51F811/B2F5E6072F560F288F2F85988D37CFDB', 'message': 'There is currently a backup operation in progress for Volume ocid1.bootvolume.oc1.sa-saopaulo-1.abtxeljruq3onr6eys7ipeaxst3palhnm2apsxp5qhe3orrdoclugupzwada.', 'operation_name': 'create_boot_volume_backup', 'timestamp': '2025-05-24T13:03:44.522367+00:00', 'client_version': 'Oracle-PythonSDK/2.150.3', 'request_endpoint': 'POST https://iaas.sa-saopaulo-1.oraclecloud.com/20160918/bootVolumeBackups', 'logging_tips': 'To get more info on the failing request, refer to https://docs.oracle.com/en-us/iaas/tools/python/latest/logging.html for ways to log the request/response details.', 'troubleshooting_tips': "See https://docs.oracle.com/iaas/Content/API/References/apierrors.htm#apierrors_409__409_conflict for more information about resolving this error. Also see https://docs.oracle.com/iaas/api/#/en/iaas/20160918/BootVolumeBackup/CreateBootVolumeBackup for details on this operation's requirements. If you are unable to resolve this blockstorage issue, please contact Oracle support and provide them this full error message."}
2025-05-24 13:03:45,218 - WARNING - ⏳ Backup ignorado (estado TERMINATED): Auto-backup for 2025-05-09 08:00:00 via policy: Citel_Diario04
2025-05-24 13:03:45,218 - INFO - 
🔍 Processando boot volume: LinuxData006
2025-05-24 13:03:45,479 - ERROR - ❌ Erro ao criar backup: {'target_service': 'blockstorage', 'status': 409, 'code': 'Conflict', 'opc-request-id': 'F045F8783493482F87DC1C90AAB66B48/DFDCEFE7F7E26D0AA05E1451E6C7003F/4C36DB853EFE0310882E4310A14293D6', 'message': 'There is currently a backup operation in progress for Volume ocid1.bootvolume.oc1.sa-saopaulo-1.abtxeljrq6pkk3jxpqsmqdcwk6lxeutiuvuckknnndyvjikp33qumqhpvjpa.', 'operation_name': 'create_boot_volume_backup', 'timestamp': '2025-05-24T13:03:45.479217+00:00', 'client_version': 'Oracle-PythonSDK/2.150.3', 'request_endpoint': 'POST https://iaas.sa-saopaulo-1.oraclecloud.com/20160918/bootVolumeBackups', 'logging_tips': 'To get more info on the failing request, refer to https://docs.oracle.com/en-us/iaas/tools/python/latest/logging.html for ways to log the request/response details.', 'troubleshooting_tips': "See https://docs.oracle.com/iaas/Content/API/References/apierrors.htm#apierrors_409__409_conflict for more information about resolving this error. Also see https://docs.oracle.com/iaas/api/#/en/iaas/20160918/BootVolumeBackup/CreateBootVolumeBackup for details on this operation's requirements. If you are unable to resolve this blockstorage issue, please contact Oracle support and provide them this full error message."}
2025-05-24 13:03:46,179 - WARNING - ⏳ Backup ignorado (estado TERMINATED): Auto-backup for 2025-05-09 08:00:00 via policy: Citel_Diario04
2025-05-24 13:03:46,179 - INFO - 
🔍 Processando boot volume: LinuxData013
2025-05-24 13:03:46,347 - WARNING - ⚠️ Tentativa 1: Limite de requisições. Aguardando 1s...
2025-05-24 13:03:49,944 - WARNING - ⚠️ Tentativa 2: Limite de requisições. Aguardando 2s...
2025-05-24 13:03:56,431 - WARNING - ⚠️ Tentativa 3: Limite de requisições. Aguardando 4s...
2025-05-24 13:04:01,920 - ERROR - ❌ Erro ao criar backup: {'target_service': 'blockstorage', 'status': 409, 'code': 'Conflict', 'opc-request-id': '9F3C4D52B8C544388DB0425705AC005B/2760F2B1F16FA069F9D9FEBBEC087D3B/39ADF19037D606288FC1EB7687D568D9', 'message': 'There is currently a backup operation in progress for Volume ocid1.bootvolume.oc1.sa-saopaulo-1.abtxeljrt7wp77u26trdqatb5wurqogbnsrdel2g74jzrb6yevobjq5qqjnq.', 'operation_name': 'create_boot_volume_backup', 'timestamp': '2025-05-24T13:04:01.920048+00:00', 'client_version': 'Oracle-PythonSDK/2.150.3', 'request_endpoint': 'POST https://iaas.sa-saopaulo-1.oraclecloud.com/20160918/bootVolumeBackups', 'logging_tips': 'To get more info on the failing request, refer to https://docs.oracle.com/en-us/iaas/tools/python/latest/logging.html for ways to log the request/response details.', 'troubleshooting_tips': "See https://docs.oracle.com/iaas/Content/API/References/apierrors.htm#apierrors_409__409_conflict for more information about resolving this error. Also see https://docs.oracle.com/iaas/api/#/en/iaas/20160918/BootVolumeBackup/CreateBootVolumeBackup for details on this operation's requirements. If you are unable to resolve this blockstorage issue, please contact Oracle support and provide them this full error message."}
2025-05-24 13:04:02,638 - WARNING - ⏳ Backup ignorado (estado TERMINATED): Auto-backup for 2025-05-09 08:00:00 via policy: Citel_Diario04
2025-05-24 13:04:02,638 - INFO - 
🔍 Processando boot volume: LinuxData011
2025-05-24 13:04:03,008 - INFO - ✅ Backup criado: BootBackup-LinuxData011-BKPAUTCITEL-20250524-1304
2025-05-24 13:04:03,730 - WARNING - ⏳ Backup ignorado (estado TERMINATED): Auto-backup for 2025-05-09 08:00:00 via policy: Citel_Diario04
2025-05-24 13:04:03,731 - INFO - 
🔍 Processando boot volume: LinuxData008
2025-05-24 13:04:04,009 - ERROR - ❌ Erro ao criar backup: {'target_service': 'blockstorage', 'status': 409, 'code': 'Conflict', 'opc-request-id': '6E3032278BA541F69C0D737D03222993/5A98D20DC4184351C42FD911811A842D/1845B752CE20895A09C0CA3492563CB8', 'message': 'There is currently a backup operation in progress for Volume ocid1.bootvolume.oc1.sa-saopaulo-1.abtxeljrg2fgy5vnrfe5pc4u46ljtrhvdtkjaoez7huyxesduggbacryzaxa.', 'operation_name': 'create_boot_volume_backup', 'timestamp': '2025-05-24T13:04:04.009153+00:00', 'client_version': 'Oracle-PythonSDK/2.150.3', 'request_endpoint': 'POST https://iaas.sa-saopaulo-1.oraclecloud.com/20160918/bootVolumeBackups', 'logging_tips': 'To get more info on the failing request, refer to https://docs.oracle.com/en-us/iaas/tools/python/latest/logging.html for ways to log the request/response details.', 'troubleshooting_tips': "See https://docs.oracle.com/iaas/Content/API/References/apierrors.htm#apierrors_409__409_conflict for more information about resolving this error. Also see https://docs.oracle.com/iaas/api/#/en/iaas/20160918/BootVolumeBackup/CreateBootVolumeBackup for details on this operation's requirements. If you are unable to resolve this blockstorage issue, please contact Oracle support and provide them this full error message."}
2025-05-24 13:04:04,697 - WARNING - ⏳ Backup ignorado (estado TERMINATED): Auto-backup for 2025-05-09 08:00:00 via policy: Citel_Diario04
2025-05-24 13:04:04,698 - INFO - 
🔍 Processando boot volume: LinuxData007
2025-05-24 13:04:04,847 - WARNING - ⚠️ Tentativa 1: Limite de requisições. Aguardando 1s...
2025-05-24 13:04:06,533 - WARNING - ⚠️ Tentativa 2: Limite de requisições. Aguardando 2s...
2025-05-24 13:04:12,774 - INFO - ✅ Backup criado: BootBackup-LinuxData007-BKPAUTCITEL-20250524-1304
2025-05-24 13:04:13,478 - WARNING - ⏳ Backup ignorado (estado TERMINATED): Auto-backup for 2025-05-09 08:00:00 via policy: Citel_Diario04
2025-05-24 13:04:13,478 - INFO - 
🔍 Processando boot volume: LinuxData055
2025-05-24 13:04:13,808 - INFO - ✅ Backup criado: BootBackup-LinuxData055-BKPAUTCITEL-20250524-1304
2025-05-24 13:04:14,507 - WARNING - ⏳ Backup ignorado (estado TERMINATED): Auto-backup for 2025-05-09 08:00:00 via policy: Citel_Diario04
2025-05-24 13:04:14,507 - INFO - 
🔍 Processando boot volume: LinuxData009
2025-05-24 13:04:14,827 - INFO - ✅ Backup criado: BootBackup-LinuxData009-BKPAUTCITEL-20250524-1304
2025-05-24 13:04:15,546 - WARNING - ⏳ Backup ignorado (estado TERMINATED): Auto-backup for 2025-05-09 08:00:00 via policy: Citel_Diario04
2025-05-24 13:04:15,546 - INFO - 
🔍 Processando boot volume: LinuxData014
2025-05-24 13:04:15,798 - ERROR - ❌ Erro ao criar backup: {'target_service': 'blockstorage', 'status': 409, 'code': 'Conflict', 'opc-request-id': '70C815E5F77945CE8EA55B0835B13927/6C22D63BDA0471DA348EB24E67F256BD/342EAECED1B54115040DEE0D6879CBE3', 'message': 'There is currently a backup operation in progress for Volume ocid1.bootvolume.oc1.sa-saopaulo-1.abtxeljrli42vy4u6spjsfg3aciszep57nmzpzcc5luhebjoytxzyzb6avba.', 'operation_name': 'create_boot_volume_backup', 'timestamp': '2025-05-24T13:04:15.798723+00:00', 'client_version': 'Oracle-PythonSDK/2.150.3', 'request_endpoint': 'POST https://iaas.sa-saopaulo-1.oraclecloud.com/20160918/bootVolumeBackups', 'logging_tips': 'To get more info on the failing request, refer to https://docs.oracle.com/en-us/iaas/tools/python/latest/logging.html for ways to log the request/response details.', 'troubleshooting_tips': "See https://docs.oracle.com/iaas/Content/API/References/apierrors.htm#apierrors_409__409_conflict for more information about resolving this error. Also see https://docs.oracle.com/iaas/api/#/en/iaas/20160918/BootVolumeBackup/CreateBootVolumeBackup for details on this operation's requirements. If you are unable to resolve this blockstorage issue, please contact Oracle support and provide them this full error message."}
2025-05-24 13:04:16,503 - WARNING - ⏳ Backup ignorado (estado TERMINATED): Auto-backup for 2025-05-09 08:00:00 via policy: Citel_Diario04
2025-05-24 13:04:16,503 - INFO - 
🔍 Processando boot volume: LinuxData050
2025-05-24 13:04:16,835 - INFO - ✅ Backup criado: BootBackup-LinuxData050-BKPAUTCITEL-20250524-1304
2025-05-24 13:04:17,530 - WARNING - ⏳ Backup ignorado (estado TERMINATED): Auto-backup for 2025-05-09 08:00:00 via policy: Citel_Diario04
2025-05-24 13:04:17,531 - INFO - 
🔍 Processando boot volume: LinuxData018
2025-05-24 13:04:17,680 - WARNING - ⚠️ Tentativa 1: Limite de requisições. Aguardando 1s...
2025-05-24 13:04:20,554 - ERROR - ❌ Erro ao criar backup: {'target_service': 'blockstorage', 'status': 409, 'code': 'Conflict', 'opc-request-id': '9C6B6FE935BA4D62B9758ABB3F3CD1BD/CBBB87993B914B0F10FDE18E8C0D60D8/BA72DF626E5841395E222415705F60BD', 'message': 'There is currently a backup operation in progress for Volume ocid1.bootvolume.oc1.sa-saopaulo-1.abtxeljrg3xk3uoqlwt6koifzercmw75zl7tg35tqxdt5ir7va6erkv2od3a.', 'operation_name': 'create_boot_volume_backup', 'timestamp': '2025-05-24T13:04:20.553863+00:00', 'client_version': 'Oracle-PythonSDK/2.150.3', 'request_endpoint': 'POST https://iaas.sa-saopaulo-1.oraclecloud.com/20160918/bootVolumeBackups', 'logging_tips': 'To get more info on the failing request, refer to https://docs.oracle.com/en-us/iaas/tools/python/latest/logging.html for ways to log the request/response details.', 'troubleshooting_tips': "See https://docs.oracle.com/iaas/Content/API/References/apierrors.htm#apierrors_409__409_conflict for more information about resolving this error. Also see https://docs.oracle.com/iaas/api/#/en/iaas/20160918/BootVolumeBackup/CreateBootVolumeBackup for details on this operation's requirements. If you are unable to resolve this blockstorage issue, please contact Oracle support and provide them this full error message."}
2025-05-24 13:04:21,296 - WARNING - ⏳ Backup ignorado (estado TERMINATED): Auto-backup for 2025-05-09 08:00:00 via policy: Citel_Diario04
2025-05-24 13:04:21,297 - INFO - 
🔍 Processando boot volume: LinuxData016
2025-05-24 13:04:21,451 - WARNING - ⚠️ Tentativa 1: Limite de requisições. Aguardando 1s...
2025-05-24 13:04:25,757 - WARNING - ⚠️ Tentativa 2: Limite de requisições. Aguardando 2s...
2025-05-24 13:04:30,591 - WARNING - ⚠️ Tentativa 3: Limite de requisições. Aguardando 4s...
2025-05-24 13:04:38,223 - INFO - ✅ Backup criado: BootBackup-LinuxData016-BKPAUTCITEL-20250524-1304
2025-05-24 13:04:38,946 - WARNING - ⏳ Backup ignorado (estado TERMINATED): Auto-backup for 2025-05-09 08:00:00 via policy: Citel_Diario04
2025-05-24 13:04:38,946 - INFO - 
🔍 Processando boot volume: LinuxData059
2025-05-24 13:04:39,095 - WARNING - ⚠️ Tentativa 1: Limite de requisições. Aguardando 1s...
2025-05-24 13:04:41,821 - INFO - ✅ Backup criado: BootBackup-LinuxData059-BKPAUTCITEL-20250524-1304
2025-05-24 13:04:42,562 - WARNING - ⏳ Backup ignorado (estado TERMINATED): Auto-backup for 2025-05-09 08:00:00 via policy: Citel_Diario04
2025-05-24 13:04:42,563 - INFO - 
🔍 Processando boot volume: LinuxData037
2025-05-24 13:04:42,846 - ERROR - ❌ Erro ao criar backup: {'target_service': 'blockstorage', 'status': 409, 'code': 'Conflict', 'opc-request-id': '7D8190E8A9694B9BB98EC4D9F6CEC3A3/5F560373416FC9452721621290864613/5892D6F90288541D61BF5B3DED2FC4D7', 'message': 'There is currently a backup operation in progress for Volume ocid1.bootvolume.oc1.sa-saopaulo-1.abtxeljrdkzfvrgvae6lure5frjuiqmifhomslto5tqeuv7ap4ji3bmbulcq.', 'operation_name': 'create_boot_volume_backup', 'timestamp': '2025-05-24T13:04:42.846445+00:00', 'client_version': 'Oracle-PythonSDK/2.150.3', 'request_endpoint': 'POST https://iaas.sa-saopaulo-1.oraclecloud.com/20160918/bootVolumeBackups', 'logging_tips': 'To get more info on the failing request, refer to https://docs.oracle.com/en-us/iaas/tools/python/latest/logging.html for ways to log the request/response details.', 'troubleshooting_tips': "See https://docs.oracle.com/iaas/Content/API/References/apierrors.htm#apierrors_409__409_conflict for more information about resolving this error. Also see https://docs.oracle.com/iaas/api/#/en/iaas/20160918/BootVolumeBackup/CreateBootVolumeBackup for details on this operation's requirements. If you are unable to resolve this blockstorage issue, please contact Oracle support and provide them this full error message."}
2025-05-24 13:04:43,552 - WARNING - ⏳ Backup ignorado (estado TERMINATED): Auto-backup for 2025-05-09 08:00:00 via policy: Citel_Diario04
2025-05-24 13:04:43,552 - INFO - 
🔍 Processando boot volume: LinuxData036
2025-05-24 13:04:43,874 - INFO - ✅ Backup criado: BootBackup-LinuxData036-BKPAUTCITEL-20250524-1304
2025-05-24 13:04:44,563 - WARNING - ⏳ Backup ignorado (estado TERMINATED): Auto-backup for 2025-05-09 08:00:00 via policy: Citel_Diario04
2025-05-24 13:04:44,564 - INFO - 
🔍 Processando boot volume: LinuxData017
2025-05-24 13:04:44,713 - WARNING - ⚠️ Tentativa 1: Limite de requisições. Aguardando 1s...
2025-05-24 13:04:50,900 - WARNING - ⚠️ Tentativa 2: Limite de requisições. Aguardando 2s...
2025-05-24 13:04:57,097 - WARNING - ⚠️ Tentativa 3: Limite de requisições. Aguardando 4s...
2025-05-24 13:05:03,714 - WARNING - ⚠️ Tentativa 4: Limite de requisições. Aguardando 8s...
2025-05-24 13:05:13,533 - WARNING - ⚠️ Tentativa 5: Limite de requisições. Aguardando 16s...
2025-05-24 13:05:32,124 - WARNING - ⏳ Backup ignorado (estado TERMINATED): Auto-backup for 2025-05-09 08:00:00 via policy: Citel_Diario04
2025-05-24 13:05:32,124 - INFO - 
🔍 Processando boot volume: LinuxData041
2025-05-24 13:05:32,455 - INFO - ✅ Backup criado: BootBackup-LinuxData041-BKPAUTCITEL-20250524-1305
2025-05-24 13:05:33,154 - WARNING - ⏳ Backup ignorado (estado TERMINATED): Auto-backup for 2025-05-09 08:00:00 via policy: Citel_Diario04
2025-05-24 13:05:33,155 - INFO - 
🔍 Processando boot volume: LinuxData043
2025-05-24 13:05:33,500 - INFO - ✅ Backup criado: BootBackup-LinuxData043-BKPAUTCITEL-20250524-1305
2025-05-24 13:05:34,230 - WARNING - ⏳ Backup ignorado (estado TERMINATED): Auto-backup for 2025-05-09 08:00:00 via policy: Citel_Diario04
2025-05-24 13:05:34,230 - INFO - 
🔍 Processando boot volume: LinuxData048
2025-05-24 13:05:34,584 - INFO - ✅ Backup criado: BootBackup-LinuxData048-BKPAUTCITEL-20250524-1305
2025-05-24 13:05:35,290 - WARNING - ⏳ Backup ignorado (estado TERMINATED): Auto-backup for 2025-05-09 08:00:00 via policy: Citel_Diario04
2025-05-24 13:05:35,291 - INFO - 
🔍 Processando boot volume: LinuxData032
2025-05-24 13:05:35,440 - WARNING - ⚠️ Tentativa 1: Limite de requisições. Aguardando 1s...
2025-05-24 13:05:39,895 - INFO - ✅ Backup criado: BootBackup-LinuxData032-BKPAUTCITEL-20250524-1305
2025-05-24 13:05:40,605 - WARNING - ⏳ Backup ignorado (estado TERMINATED): Auto-backup for 2025-05-09 08:00:00 via policy: Citel_Diario04
2025-05-24 13:05:40,605 - INFO - 
🔍 Processando boot volume: TEMPLATE_LINUX
2025-05-24 13:05:40,753 - WARNING - ⚠️ Tentativa 1: Limite de requisições. Aguardando 1s...
2025-05-24 13:05:44,295 - INFO - ✅ Backup criado: BootBackup-TEMPLATE_LINUX-BKPAUTCITEL-20250524-1305
2025-05-24 13:05:45,010 - WARNING - ⏳ Backup ignorado (estado TERMINATED): Auto-backup for 2025-05-09 08:00:00 via policy: Citel_Diario04
2025-05-24 13:05:45,010 - INFO - 
🔍 Processando boot volume: LinuxData033
2025-05-24 13:05:45,159 - WARNING - ⚠️ Tentativa 1: Limite de requisições. Aguardando 1s...
2025-05-24 13:05:47,900 - INFO - ✅ Backup criado: BootBackup-LinuxData033-BKPAUTCITEL-20250524-1305
2025-05-24 13:05:48,645 - WARNING - ⏳ Backup ignorado (estado TERMINATED): Auto-backup for 2025-05-09 08:00:00 via policy: Citel_Diario04
2025-05-24 13:05:48,645 - INFO - 
🔍 Processando boot volume: LinuxData034
2025-05-24 13:05:48,793 - WARNING - ⚠️ Tentativa 1: Limite de requisições. Aguardando 1s...
2025-05-24 13:05:54,577 - INFO - ✅ Backup criado: BootBackup-LinuxData034-BKPAUTCITEL-20250524-1305
2025-05-24 13:05:55,282 - WARNING - ⏳ Backup ignorado (estado TERMINATED): Auto-backup for 2025-05-09 08:00:00 via policy: Citel_Diario04
2025-05-24 13:05:55,283 - INFO - 
🔍 Processando boot volume: LinuxData029
2025-05-24 13:05:55,431 - WARNING - ⚠️ Tentativa 1: Limite de requisições. Aguardando 1s...
2025-05-24 13:05:58,210 - INFO - ✅ Backup criado: BootBackup-LinuxData029-BKPAUTCITEL-20250524-1305
2025-05-24 13:05:58,926 - WARNING - ⏳ Backup ignorado (estado TERMINATED): Auto-backup for 2025-05-09 08:00:00 via policy: Citel_Diario04
2025-05-24 13:05:58,926 - INFO - 
🔍 Processando boot volume: LinuxData019
2025-05-24 13:05:59,225 - INFO - ✅ Backup criado: BootBackup-LinuxData019-BKPAUTCITEL-20250524-1305
2025-05-24 13:05:59,914 - WARNING - ⏳ Backup ignorado (estado TERMINATED): Auto-backup for 2025-05-09 08:00:00 via policy: Citel_Diario04
2025-05-24 13:05:59,914 - INFO - 
🔍 Processando boot volume: LinuxData021
2025-05-24 13:06:00,217 - INFO - ✅ Backup criado: BootBackup-LinuxData021-BKPAUTCITEL-20250524-1305
2025-05-24 13:06:00,958 - WARNING - ⏳ Backup ignorado (estado TERMINATED): Auto-backup for 2025-05-09 08:00:00 via policy: Citel_Diario04
2025-05-24 13:06:00,959 - INFO - 
🔍 Processando boot volume: LinuxData022
2025-05-24 13:06:01,302 - INFO - ✅ Backup criado: BootBackup-LinuxData022-BKPAUTCITEL-20250524-1306
2025-05-24 13:06:02,018 - WARNING - ⏳ Backup ignorado (estado TERMINATED): Auto-backup for 2025-05-09 08:00:00 via policy: Citel_Diario04
2025-05-24 13:06:02,019 - INFO - 
🔍 Processando boot volume: LinuxData024
2025-05-24 13:06:02,408 - INFO - ✅ Backup criado: BootBackup-LinuxData024-BKPAUTCITEL-20250524-1306
2025-05-24 13:06:03,122 - WARNING - ⏳ Backup ignorado (estado TERMINATED): Auto-backup for 2025-05-09 08:00:00 via policy: Citel_Diario04
2025-05-24 13:06:03,122 - INFO - 
🔍 Processando boot volume: LinuxData020
2025-05-24 13:06:03,493 - INFO - ✅ Backup criado: BootBackup-LinuxData020-BKPAUTCITEL-20250524-1306
2025-05-24 13:06:04,205 - WARNING - ⏳ Backup ignorado (estado TERMINATED): Auto-backup for 2025-05-09 08:00:00 via policy: Citel_Diario04
2025-05-24 13:06:04,206 - INFO - 
🔍 Processando boot volume: LinuxData026
2025-05-24 13:06:04,354 - WARNING - ⚠️ Tentativa 1: Limite de requisições. Aguardando 1s...
2025-05-24 13:06:09,651 - WARNING - ⚠️ Tentativa 2: Limite de requisições. Aguardando 2s...
2025-05-24 13:06:15,047 - INFO - ✅ Backup criado: BootBackup-LinuxData026-BKPAUTCITEL-20250524-1306
2025-05-24 13:06:15,745 - WARNING - ⏳ Backup ignorado (estado TERMINATED): Auto-backup for 2025-05-09 08:00:00 via policy: Citel_Diario04
2025-05-24 13:06:15,746 - INFO - 
🔍 Processando boot volume: LinuxData028
2025-05-24 13:06:15,895 - WARNING - ⚠️ Tentativa 1: Limite de requisições. Aguardando 1s...
2025-05-24 13:06:19,921 - INFO - ✅ Backup criado: BootBackup-LinuxData028-BKPAUTCITEL-20250524-1306
2025-05-24 13:06:20,633 - WARNING - ⏳ Backup ignorado (estado TERMINATED): Auto-backup for 2025-05-09 08:00:00 via policy: Citel_Diario04
2025-05-24 13:06:20,633 - INFO - 
🔍 Processando boot volume: LinuxData030
2025-05-24 13:06:20,942 - INFO - ✅ Backup criado: BootBackup-LinuxData030-BKPAUTCITEL-20250524-1306
2025-05-24 13:06:21,663 - WARNING - ⏳ Backup ignorado (estado TERMINATED): Auto-backup for 2025-05-09 08:00:00 via policy: Citel_Diario04
2025-05-24 13:06:21,664 - INFO - 
🔍 Processando boot volume: LinuxData040
2025-05-24 13:06:21,813 - WARNING - ⚠️ Tentativa 1: Limite de requisições. Aguardando 1s...
2025-05-24 13:06:28,565 - INFO - ✅ Backup criado: BootBackup-LinuxData040-BKPAUTCITEL-20250524-1306
2025-05-24 13:06:29,263 - WARNING - ⏳ Backup ignorado (estado TERMINATED): Auto-backup for 2025-05-09 08:00:00 via policy: Citel_Diario04
2025-05-24 13:06:29,263 - INFO - 
🔍 Processando boot volume: LinuxData065
2025-05-24 13:06:29,411 - WARNING - ⚠️ Tentativa 1: Limite de requisições. Aguardando 1s...
2025-05-24 13:06:33,970 - WARNING - ⚠️ Tentativa 2: Limite de requisições. Aguardando 2s...
2025-05-24 13:06:38,740 - INFO - ✅ Backup criado: BootBackup-LinuxData065-BKPAUTCITEL-20250524-1306
2025-05-24 13:06:39,455 - WARNING - ⏳ Backup ignorado (estado TERMINATED): Auto-backup for 2025-05-09 08:00:00 via policy: Citel_Diario04
2025-05-24 13:06:39,455 - INFO - 
🔍 Processando boot volume: LinuxData072
2025-05-24 13:06:39,778 - INFO - ✅ Backup criado: BootBackup-LinuxData072-BKPAUTCITEL-20250524-1306
2025-05-24 13:06:40,497 - WARNING - ⏳ Backup ignorado (estado TERMINATED): Auto-backup for 2025-05-09 08:00:00 via policy: Citel_Diario04
2025-05-24 13:06:40,497 - INFO - 
🔍 Processando boot volume: LinuxData001
2025-05-24 13:06:40,646 - WARNING - ⚠️ Tentativa 1: Limite de requisições. Aguardando 1s...
2025-05-24 13:06:47,059 - WARNING - ⚠️ Tentativa 2: Limite de requisições. Aguardando 2s...
2025-05-24 13:06:50,307 - WARNING - ⚠️ Tentativa 3: Limite de requisições. Aguardando 4s...
2025-05-24 13:06:55,938 - INFO - ✅ Backup criado: BootBackup-LinuxData001-BKPAUTCITEL-20250524-1306
2025-05-24 13:06:56,651 - WARNING - ⏳ Backup ignorado (estado TERMINATED): Auto-backup for 2025-05-09 08:00:00 via policy: Citel_Diario04
2025-05-24 13:06:56,652 - INFO - 
🔍 Processando boot volume: LinuxData002
2025-05-24 13:06:56,800 - WARNING - ⚠️ Tentativa 1: Limite de requisições. Aguardando 1s...
2025-05-24 13:06:59,818 - INFO - ✅ Backup criado: BootBackup-LinuxData002-BKPAUTCITEL-20250524-1306
2025-05-24 13:07:00,556 - WARNING - ⏳ Backup ignorado (estado TERMINATED): Auto-backup for 2025-05-09 08:00:00 via policy: Citel_Diario04
2025-05-24 13:07:00,556 - INFO - 
🔍 Processando boot volume: LinuxTSPlus20_boot_clone0105
2025-05-24 13:07:00,867 - INFO - ✅ Backup criado: BootBackup-LinuxTSPlus20_boot_clone0105-BKPAUTCITEL-20250524-1307
2025-05-24 13:07:01,548 - INFO - 
🔍 Processando boot volume: FGW-CITE-CLIENTES-CLONE2904
2025-05-24 13:07:01,698 - WARNING - ⚠️ Tentativa 1: Limite de requisições. Aguardando 1s...
2025-05-24 13:07:08,280 - WARNING - ⚠️ Tentativa 2: Limite de requisições. Aguardando 2s...
2025-05-24 13:07:13,312 - INFO - ✅ Backup criado: BootBackup-FGW-CITE-CLIENTES-CLONE2904-BKPAUTCITEL-20250524-1307
2025-05-24 13:07:14,005 - INFO - 
🔍 Processando boot volume: LinuxData013_clone06052025
2025-05-24 13:07:14,324 - INFO - ✅ Backup criado: BootBackup-LinuxData013_clone06052025-BKPAUTCITEL-20250524-1307
2025-05-24 13:07:15,041 - INFO - 
🔁 Tentando novamente os backups que falharam...
2025-05-24 13:07:15,042 - INFO - 
🔄 Reprocessando: LinuxTSPlus25_boot_clone2904
2025-05-24 13:07:15,388 - INFO - ✅ Backup criado: BootBackup-LinuxTSPlus25_boot_clone2904-BKPAUTCITEL-20250524-1307
2025-05-24 13:07:15,388 - INFO - 
🔄 Reprocessando: LinuxData010
2025-05-24 13:07:16,163 - INFO - ✅ Backup criado: BootBackup-LinuxData010-BKPAUTCITEL-20250524-1307
2025-05-24 13:07:16,164 - INFO - 
🔄 Reprocessando: LinuxDataBelaTintas-14
2025-05-24 13:07:16,753 - WARNING - ⚠️ Tentativa 1: Limite de requisições. Aguardando 1s...
2025-05-24 13:07:18,864 - INFO - ✅ Backup criado: BootBackup-LinuxDataBelaTintas-14-BKPAUTCITEL-20250524-1307
2025-05-24 13:07:18,864 - INFO - 
🔄 Reprocessando: LinuxData004
2025-05-24 13:07:19,457 - WARNING - ⚠️ Tentativa 1: Limite de requisições. Aguardando 1s...
2025-05-24 13:07:24,814 - INFO - ✅ Backup criado: BootBackup-LinuxData004-BKPAUTCITEL-20250524-1307
2025-05-24 13:07:24,814 - INFO - 
🔄 Reprocessando: LinuxData012
2025-05-24 13:07:25,403 - WARNING - ⚠️ Tentativa 1: Limite de requisições. Aguardando 1s...
2025-05-24 13:07:29,926 - INFO - ✅ Backup criado: BootBackup-LinuxData012-BKPAUTCITEL-20250524-1307
2025-05-24 13:07:29,926 - INFO - 
🔄 Reprocessando: LinuxData006
2025-05-24 13:07:30,516 - WARNING - ⚠️ Tentativa 1: Limite de requisições. Aguardando 1s...
2025-05-24 13:07:36,879 - WARNING - ⚠️ Tentativa 2: Limite de requisições. Aguardando 2s...
2025-05-24 13:07:42,693 - WARNING - ⚠️ Tentativa 3: Limite de requisições. Aguardando 4s...
2025-05-24 13:07:51,854 - WARNING - ⚠️ Tentativa 4: Limite de requisições. Aguardando 8s...
2025-05-24 13:08:04,255 - WARNING - ⚠️ Tentativa 5: Limite de requisições. Aguardando 16s...
2025-05-24 13:08:23,684 - INFO - 
🔄 Reprocessando: LinuxData013
2025-05-24 13:08:24,425 - INFO - ✅ Backup criado: BootBackup-LinuxData013-BKPAUTCITEL-20250524-1308
2025-05-24 13:08:24,425 - INFO - 
🔄 Reprocessando: LinuxData008
2025-05-24 13:08:25,179 - INFO - ✅ Backup criado: BootBackup-LinuxData008-BKPAUTCITEL-20250524-1308
2025-05-24 13:08:25,179 - INFO - 
🔄 Reprocessando: LinuxData014
2025-05-24 13:08:25,967 - INFO - ✅ Backup criado: BootBackup-LinuxData014-BKPAUTCITEL-20250524-1308
2025-05-24 13:08:25,967 - INFO - 
🔄 Reprocessando: LinuxData018
2025-05-24 13:08:26,751 - INFO - ✅ Backup criado: BootBackup-LinuxData018-BKPAUTCITEL-20250524-1308
2025-05-24 13:08:26,751 - INFO - 
🔄 Reprocessando: LinuxData037
2025-05-24 13:08:27,522 - INFO - ✅ Backup criado: BootBackup-LinuxData037-BKPAUTCITEL-20250524-1308
2025-05-24 13:08:27,522 - INFO - 
🔄 Reprocessando: LinuxData017
2025-05-24 13:08:28,308 - INFO - ✅ Backup criado: BootBackup-LinuxData017-BKPAUTCITEL-20250524-1308
2025-05-24 13:08:28,309 - INFO - 
✅ Execução concluída com sucesso
