2025-05-24 00:04:41,028 - INFO - 
🔍 Processando boot volume: LinuxTSPlus20
2025-05-24 00:04:41,329 - INFO - ✅ Backup criado: BootBackup-LinuxTSPlus20-BKPAUTCITEL-20250524-0004
2025-05-24 00:04:41,672 - INFO - 
🔍 Processando boot volume: LinuxTSPlus25
2025-05-24 00:04:41,982 - INFO - ✅ Backup criado: BootBackup-LinuxTSPlus25-BKPAUTCITEL-20250524-0004
2025-05-24 00:04:42,692 - INFO - 
🔍 Processando boot volume: LinuxTSPlus1
2025-05-24 00:04:43,002 - INFO - ✅ Backup criado: BootBackup-LinuxTSPlus1-BKPAUTCITEL-20250524-0004
2025-05-24 00:04:43,337 - INFO - 
🔍 Processando boot volume: LinuxTSPlus2
2025-05-24 00:04:43,627 - INFO - ✅ Backup criado: BootBackup-LinuxTSPlus2-BKPAUTCITEL-20250524-0004
2025-05-24 00:04:44,295 - INFO - 
🔍 Processando boot volume: LinuxTSPlus4
2025-05-24 00:04:44,604 - INFO - ✅ Backup criado: BootBackup-LinuxTSPlus4-BKPAUTCITEL-20250524-0004
2025-05-24 00:04:44,910 - INFO - 
🔍 Processando boot volume: LinuxTSPlus6
2025-05-24 00:04:45,221 - INFO - ✅ Backup criado: BootBackup-LinuxTSPlus6-BKPAUTCITEL-20250524-0004
2025-05-24 00:04:45,880 - INFO - 
🔍 Processando boot volume: LinuxTSPlus30
2025-05-24 00:04:46,176 - INFO - ✅ Backup criado: BootBackup-LinuxTSPlus30-BKPAUTCITEL-20250524-0004
2025-05-24 00:04:46,461 - INFO - 
🔍 Processando boot volume: Temp-Subida_G_e_B (Boot Volume)
2025-05-24 00:04:46,737 - INFO - ✅ Backup criado: BootBackup-Temp-Subida_G_e_B (Boot Volume)-BKPAUTCITEL-20250524-0004
2025-05-24 00:04:47,400 - INFO - 
🔍 Processando boot volume: Banco_BelaTintas (Boot Volume)
2025-05-24 00:04:47,719 - INFO - ✅ Backup criado: BootBackup-Banco_BelaTintas (Boot Volume)-BKPAUTCITEL-20250524-0004
2025-05-24 00:04:47,969 - INFO - 
🔍 Processando boot volume: Banco_BelaTintas_clone29042025
2025-05-24 00:04:48,276 - INFO - ✅ Backup criado: BootBackup-Banco_BelaTintas_clone29042025-BKPAUTCITEL-20250524-0004
2025-05-24 00:04:48,909 - INFO - 
🔍 Processando boot volume: LinuxTSPlus11_clone2904
2025-05-24 00:04:49,231 - INFO - ✅ Backup criado: BootBackup-LinuxTSPlus11_clone2904-BKPAUTCITEL-20250524-0004
2025-05-24 00:04:49,473 - INFO - 
🔍 Processando boot volume: LinuxTSPlus30_boot_clone2904
2025-05-24 00:04:49,757 - INFO - ✅ Backup criado: BootBackup-LinuxTSPlus30_boot_clone2904-BKPAUTCITEL-20250524-0004
2025-05-24 00:04:50,396 - INFO - 
🔍 Processando boot volume: LinuxTSPlus12_boot_clone2904
2025-05-24 00:04:50,519 - WARNING - ⚠️ Tentativa 1: Limite de requisições. Aguardando 1s...
2025-05-24 00:04:55,163 - INFO - ✅ Backup criado: BootBackup-LinuxTSPlus12_boot_clone2904-BKPAUTCITEL-20250524-0004
2025-05-24 00:04:55,441 - INFO - 
🔍 Processando boot volume: LinuxTSPlus55_boot_clone2904
2025-05-24 00:04:55,745 - INFO - ✅ Backup criado: BootBackup-LinuxTSPlus55_boot_clone2904-BKPAUTCITEL-20250524-0004
2025-05-24 00:04:56,385 - INFO - 
🔍 Processando boot volume: LinuxTSPlus65_boot_clone2904
2025-05-24 00:04:56,508 - WARNING - ⚠️ Tentativa 1: Limite de requisições. Aguardando 1s...
2025-05-24 00:04:58,069 - WARNING - ⚠️ Tentativa 2: Limite de requisições. Aguardando 2s...
2025-05-24 00:05:05,148 - WARNING - ⚠️ Tentativa 3: Limite de requisições. Aguardando 4s...
2025-05-24 00:05:12,818 - WARNING - ⚠️ Tentativa 4: Limite de requisições. Aguardando 8s...
2025-05-24 00:05:24,252 - INFO - ✅ Backup criado: BootBackup-LinuxTSPlus65_boot_clone2904-BKPAUTCITEL-20250524-0004
2025-05-24 00:05:24,524 - INFO - 
🔍 Processando boot volume: LinuxTSPlus28_boot_clone2904
2025-05-24 00:05:24,807 - INFO - ✅ Backup criado: BootBackup-LinuxTSPlus28_boot_clone2904-BKPAUTCITEL-20250524-0005
2025-05-24 00:05:25,467 - INFO - 
🔍 Processando boot volume: LinuxTSPlus72_boot_clone2904
2025-05-24 00:05:25,590 - WARNING - ⚠️ Tentativa 1: Limite de requisições. Aguardando 1s...
2025-05-24 00:05:31,190 - INFO - ✅ Backup criado: BootBackup-LinuxTSPlus72_boot_clone2904-BKPAUTCITEL-20250524-0005
2025-05-24 00:05:31,471 - INFO - 
🔍 Processando boot volume: LinuxTSPlus43_boot_clone2904
2025-05-24 00:05:31,794 - INFO - ✅ Backup criado: BootBackup-LinuxTSPlus43_boot_clone2904-BKPAUTCITEL-20250524-0005
2025-05-24 00:05:32,427 - INFO - 
🔍 Processando boot volume: LinuxTSPlus50_boot_clone2904
2025-05-24 00:05:32,549 - WARNING - ⚠️ Tentativa 1: Limite de requisições. Aguardando 1s...
2025-05-24 00:05:37,932 - INFO - ✅ Backup criado: BootBackup-LinuxTSPlus50_boot_clone2904-BKPAUTCITEL-20250524-0005
2025-05-24 00:05:38,219 - INFO - 
🔍 Processando boot volume: LinuxTSPlus37_boot_clone2904
2025-05-24 00:05:38,570 - INFO - ✅ Backup criado: BootBackup-LinuxTSPlus37_boot_clone2904-BKPAUTCITEL-20250524-0005
2025-05-24 00:05:39,195 - INFO - 
🔍 Processando boot volume: LinuxTSPlus37_boot_clone2904
2025-05-24 00:05:39,318 - WARNING - ⚠️ Tentativa 1: Limite de requisições. Aguardando 1s...
2025-05-24 00:05:43,875 - WARNING - ⚠️ Tentativa 2: Limite de requisições. Aguardando 2s...
2025-05-24 00:05:48,790 - INFO - ✅ Backup criado: BootBackup-LinuxTSPlus37_boot_clone2904-BKPAUTCITEL-20250524-0005
2025-05-24 00:05:49,437 - INFO - 
🔍 Processando boot volume: LinuxTSPlus32_boot_clone2904
2025-05-24 00:05:49,855 - INFO - ✅ Backup criado: BootBackup-LinuxTSPlus32_boot_clone2904-BKPAUTCITEL-20250524-0005
2025-05-24 00:05:50,113 - INFO - 
🔍 Processando boot volume: LinuxTSPlus2_boot_clone2904
2025-05-24 00:05:50,547 - INFO - ✅ Backup criado: BootBackup-LinuxTSPlus2_boot_clone2904-BKPAUTCITEL-20250524-0005
2025-05-24 00:05:51,155 - INFO - 
🔍 Processando boot volume: LinuxTSPlus25_boot_clone2904
2025-05-24 00:05:51,278 - WARNING - ⚠️ Tentativa 1: Limite de requisições. Aguardando 1s...
2025-05-24 00:05:56,683 - INFO - ✅ Backup criado: BootBackup-LinuxTSPlus25_boot_clone2904-BKPAUTCITEL-20250524-0005
2025-05-24 00:05:57,307 - INFO - 
🔍 Processando boot volume: LinuxTSPlus1_boot_clone2904
2025-05-24 00:05:57,641 - INFO - ✅ Backup criado: BootBackup-LinuxTSPlus1_boot_clone2904-BKPAUTCITEL-20250524-0005
2025-05-24 00:05:58,272 - INFO - 
🔍 Processando boot volume: LinuxTSPlus13_boot_clone2904
2025-05-24 00:05:58,618 - INFO - ✅ Backup criado: BootBackup-LinuxTSPlus13_boot_clone2904-BKPAUTCITEL-20250524-0005
2025-05-24 00:05:58,851 - INFO - 
🔍 Processando boot volume: LinuxTSPlus14_boot_clone2904
2025-05-24 00:05:59,127 - INFO - ✅ Backup criado: BootBackup-LinuxTSPlus14_boot_clone2904-BKPAUTCITEL-20250524-0005
2025-05-24 00:05:59,753 - INFO - 
🔍 Processando boot volume: LinuxTSPlus9-boot_clone2904
2025-05-24 00:06:00,056 - INFO - ✅ Backup criado: BootBackup-LinuxTSPlus9-boot_clone2904-BKPAUTCITEL-20250524-0005
2025-05-24 00:06:00,701 - INFO - 
🔍 Processando boot volume: LinuxTSPlus16_boot_clone2904
2025-05-24 00:06:01,074 - INFO - ✅ Backup criado: BootBackup-LinuxTSPlus16_boot_clone2904-BKPAUTCITEL-20250524-0006
2025-05-24 00:06:01,708 - INFO - 
🔍 Processando boot volume: LinuxTSPlus17_boot_clone2904
2025-05-24 00:06:02,018 - INFO - ✅ Backup criado: BootBackup-LinuxTSPlus17_boot_clone2904-BKPAUTCITEL-20250524-0006
2025-05-24 00:06:02,645 - INFO - 
🔍 Processando boot volume: LinuxTSPlus7-boot_clone2904
2025-05-24 00:06:02,768 - WARNING - ⚠️ Tentativa 1: Limite de requisições. Aguardando 1s...
2025-05-24 00:06:08,030 - INFO - ✅ Backup criado: BootBackup-LinuxTSPlus7-boot_clone2904-BKPAUTCITEL-20250524-0006
2025-05-24 00:06:08,282 - INFO - 
🔍 Processando boot volume: LinuxTSPlus6-boot-clone2904
2025-05-24 00:06:08,566 - INFO - ✅ Backup criado: BootBackup-LinuxTSPlus6-boot-clone2904-BKPAUTCITEL-20250524-0006
2025-05-24 00:06:09,213 - INFO - 
🔍 Processando boot volume: LinuxTSPlus18-boot-clone2904
2025-05-24 00:06:09,336 - WARNING - ⚠️ Tentativa 1: Limite de requisições. Aguardando 1s...
2025-05-24 00:06:11,148 - WARNING - ⚠️ Tentativa 2: Limite de requisições. Aguardando 2s...
2025-05-24 00:06:17,331 - WARNING - ⚠️ Tentativa 3: Limite de requisições. Aguardando 4s...
2025-05-24 00:06:26,813 - WARNING - ⚠️ Tentativa 4: Limite de requisições. Aguardando 8s...
2025-05-24 00:06:37,243 - WARNING - ⚠️ Tentativa 5: Limite de requisições. Aguardando 16s...
2025-05-24 00:06:54,507 - INFO - 
🔍 Processando boot volume: LinuxTsplus59-boot-clone2904
2025-05-24 00:06:54,818 - INFO - ✅ Backup criado: BootBackup-LinuxTsplus59-boot-clone2904-BKPAUTCITEL-20250524-0006
2025-05-24 00:06:55,438 - INFO - 
🔍 Processando boot volume: LinuxTSPlus19_boot_clone2904
2025-05-24 00:06:55,773 - INFO - ✅ Backup criado: BootBackup-LinuxTSPlus19_boot_clone2904-BKPAUTCITEL-20250524-0006
2025-05-24 00:06:56,378 - INFO - 
🔍 Processando boot volume: LinuxTSPlus20_boot_clone2904
2025-05-24 00:06:56,699 - INFO - ✅ Backup criado: BootBackup-LinuxTSPlus20_boot_clone2904-BKPAUTCITEL-20250524-0006
2025-05-24 00:06:57,312 - INFO - 
🔍 Processando boot volume: Linux-checkdisks (Boot Volume)
2025-05-24 00:06:57,651 - INFO - ✅ Backup criado: BootBackup-Linux-checkdisks (Boot Volume)-BKPAUTCITEL-20250524-0006
2025-05-24 00:06:57,894 - INFO - 
🔍 Processando boot volume: LinuxDataBelaTintas
2025-05-24 00:06:58,259 - INFO - ✅ Backup criado: BootBackup-LinuxDataBelaTintas-BKPAUTCITEL-20250524-0006
2025-05-24 00:06:58,898 - INFO - 
🔍 Processando boot volume: LinuxTSPlus5-boot-clone2904
2025-05-24 00:06:59,195 - INFO - ✅ Backup criado: BootBackup-LinuxTSPlus5-boot-clone2904-BKPAUTCITEL-20250524-0006
2025-05-24 00:06:59,844 - INFO - 
🔍 Processando boot volume: LinuxData010
2025-05-24 00:07:00,145 - INFO - ✅ Backup criado: BootBackup-LinuxData010-BKPAUTCITEL-20250524-0006
2025-05-24 00:07:00,782 - INFO - 
🔍 Processando boot volume: LinuxData025
2025-05-24 00:07:00,905 - WARNING - ⚠️ Tentativa 1: Limite de requisições. Aguardando 1s...
2025-05-24 00:07:02,587 - INFO - ✅ Backup criado: BootBackup-LinuxData025-BKPAUTCITEL-20250524-0007
2025-05-24 00:07:03,236 - INFO - 
🔍 Processando boot volume: LinuxDataBelaTintas-14
2025-05-24 00:07:03,538 - INFO - ✅ Backup criado: BootBackup-LinuxDataBelaTintas-14-BKPAUTCITEL-20250524-0007
2025-05-24 00:07:04,166 - INFO - 
🔍 Processando boot volume: LinuxData004
2025-05-24 00:07:04,290 - WARNING - ⚠️ Tentativa 1: Limite de requisições. Aguardando 1s...
2025-05-24 00:07:06,724 - INFO - ✅ Backup criado: BootBackup-LinuxData004-BKPAUTCITEL-20250524-0007
2025-05-24 00:07:07,362 - INFO - 
🔍 Processando boot volume: LinuxData026
2025-05-24 00:07:07,664 - INFO - ✅ Backup criado: BootBackup-LinuxData026-BKPAUTCITEL-20250524-0007
2025-05-24 00:07:07,916 - INFO - 
🔍 Processando boot volume: LinuxData005
2025-05-24 00:07:08,252 - INFO - ✅ Backup criado: BootBackup-LinuxData005-BKPAUTCITEL-20250524-0007
2025-05-24 00:07:08,880 - INFO - 
🔍 Processando boot volume: LinuxData012
2025-05-24 00:07:09,003 - WARNING - ⚠️ Tentativa 1: Limite de requisições. Aguardando 1s...
2025-05-24 00:07:11,236 - INFO - ✅ Backup criado: BootBackup-LinuxData012-BKPAUTCITEL-20250524-0007
2025-05-24 00:07:11,881 - INFO - 
🔍 Processando boot volume: LinuxData006
2025-05-24 00:07:12,004 - WARNING - ⚠️ Tentativa 1: Limite de requisições. Aguardando 1s...
2025-05-24 00:07:13,654 - WARNING - ⚠️ Tentativa 2: Limite de requisições. Aguardando 2s...
2025-05-24 00:07:16,156 - WARNING - ⚠️ Tentativa 3: Limite de requisições. Aguardando 4s...
2025-05-24 00:07:22,996 - INFO - ✅ Backup criado: BootBackup-LinuxData006-BKPAUTCITEL-20250524-0007
2025-05-24 00:07:23,301 - INFO - 
🔍 Processando boot volume: LinuxData013
2025-05-24 00:07:23,594 - INFO - ✅ Backup criado: BootBackup-LinuxData013-BKPAUTCITEL-20250524-0007
2025-05-24 00:07:24,246 - INFO - 
🔍 Processando boot volume: LinuxData011
2025-05-24 00:07:24,368 - WARNING - ⚠️ Tentativa 1: Limite de requisições. Aguardando 1s...
2025-05-24 00:07:28,398 - INFO - ✅ Backup criado: BootBackup-LinuxData011-BKPAUTCITEL-20250524-0007
2025-05-24 00:07:29,029 - INFO - 
🔍 Processando boot volume: LinuxData008
2025-05-24 00:07:29,152 - WARNING - ⚠️ Tentativa 1: Limite de requisições. Aguardando 1s...
2025-05-24 00:07:34,619 - WARNING - ⚠️ Tentativa 2: Limite de requisições. Aguardando 2s...
2025-05-24 00:07:38,218 - INFO - ✅ Backup criado: BootBackup-LinuxData008-BKPAUTCITEL-20250524-0007
2025-05-24 00:07:38,861 - INFO - 
🔍 Processando boot volume: LinuxData007
2025-05-24 00:07:39,141 - INFO - ✅ Backup criado: BootBackup-LinuxData007-BKPAUTCITEL-20250524-0007
2025-05-24 00:07:39,771 - INFO - 
🔍 Processando boot volume: LinuxData055
2025-05-24 00:07:39,893 - WARNING - ⚠️ Tentativa 1: Limite de requisições. Aguardando 1s...
2025-05-24 00:07:42,362 - INFO - ✅ Backup criado: BootBackup-LinuxData055-BKPAUTCITEL-20250524-0007
2025-05-24 00:07:43,022 - INFO - 
🔍 Processando boot volume: LinuxData009
2025-05-24 00:07:43,145 - WARNING - ⚠️ Tentativa 1: Limite de requisições. Aguardando 1s...
2025-05-24 00:07:45,061 - INFO - ✅ Backup criado: BootBackup-LinuxData009-BKPAUTCITEL-20250524-0007
2025-05-24 00:07:45,730 - INFO - 
🔍 Processando boot volume: LinuxData014
2025-05-24 00:07:45,854 - WARNING - ⚠️ Tentativa 1: Limite de requisições. Aguardando 1s...
2025-05-24 00:07:49,021 - WARNING - ⚠️ Tentativa 2: Limite de requisições. Aguardando 2s...
2025-05-24 00:07:55,197 - INFO - ✅ Backup criado: BootBackup-LinuxData014-BKPAUTCITEL-20250524-0007
2025-05-24 00:07:55,813 - INFO - 
🔍 Processando boot volume: LinuxData050
2025-05-24 00:07:55,936 - WARNING - ⚠️ Tentativa 1: Limite de requisições. Aguardando 1s...
2025-05-24 00:07:58,828 - WARNING - ⚠️ Tentativa 2: Limite de requisições. Aguardando 2s...
2025-05-24 00:08:06,246 - INFO - ✅ Backup criado: BootBackup-LinuxData050-BKPAUTCITEL-20250524-0007
2025-05-24 00:08:06,894 - INFO - 
🔍 Processando boot volume: LinuxData018
2025-05-24 00:08:07,017 - WARNING - ⚠️ Tentativa 1: Limite de requisições. Aguardando 1s...
2025-05-24 00:08:10,915 - WARNING - ⚠️ Tentativa 2: Limite de requisições. Aguardando 2s...
2025-05-24 00:08:17,005 - INFO - ✅ Backup criado: BootBackup-LinuxData018-BKPAUTCITEL-20250524-0008
2025-05-24 00:08:17,624 - INFO - 
🔍 Processando boot volume: LinuxData016
2025-05-24 00:08:17,957 - INFO - ✅ Backup criado: BootBackup-LinuxData016-BKPAUTCITEL-20250524-0008
2025-05-24 00:08:18,596 - INFO - 
🔍 Processando boot volume: LinuxData059
2025-05-24 00:08:18,905 - INFO - ✅ Backup criado: BootBackup-LinuxData059-BKPAUTCITEL-20250524-0008
2025-05-24 00:08:19,555 - INFO - 
🔍 Processando boot volume: LinuxData037
2025-05-24 00:08:19,678 - WARNING - ⚠️ Tentativa 1: Limite de requisições. Aguardando 1s...
2025-05-24 00:08:21,433 - INFO - ✅ Backup criado: BootBackup-LinuxData037-BKPAUTCITEL-20250524-0008
2025-05-24 00:08:21,716 - INFO - 
🔍 Processando boot volume: LinuxData036
2025-05-24 00:08:22,022 - INFO - ✅ Backup criado: BootBackup-LinuxData036-BKPAUTCITEL-20250524-0008
2025-05-24 00:08:22,656 - INFO - 
🔍 Processando boot volume: LinuxData017
2025-05-24 00:08:22,779 - WARNING - ⚠️ Tentativa 1: Limite de requisições. Aguardando 1s...
2025-05-24 00:08:27,480 - WARNING - ⚠️ Tentativa 2: Limite de requisições. Aguardando 2s...
2025-05-24 00:08:33,700 - INFO - ✅ Backup criado: BootBackup-LinuxData017-BKPAUTCITEL-20250524-0008
2025-05-24 00:08:34,360 - INFO - 
🔍 Processando boot volume: LinuxData041
2025-05-24 00:08:34,483 - WARNING - ⚠️ Tentativa 1: Limite de requisições. Aguardando 1s...
2025-05-24 00:08:36,953 - INFO - ✅ Backup criado: BootBackup-LinuxData041-BKPAUTCITEL-20250524-0008
2025-05-24 00:08:37,586 - INFO - 
🔍 Processando boot volume: LinuxData043
2025-05-24 00:08:37,708 - WARNING - ⚠️ Tentativa 1: Limite de requisições. Aguardando 1s...
2025-05-24 00:08:39,664 - INFO - ✅ Backup criado: BootBackup-LinuxData043-BKPAUTCITEL-20250524-0008
2025-05-24 00:08:40,296 - INFO - 
🔍 Processando boot volume: LinuxData048
2025-05-24 00:08:40,606 - INFO - ✅ Backup criado: BootBackup-LinuxData048-BKPAUTCITEL-20250524-0008
2025-05-24 00:08:41,222 - INFO - 
🔍 Processando boot volume: LinuxData032
2025-05-24 00:08:41,516 - INFO - ✅ Backup criado: BootBackup-LinuxData032-BKPAUTCITEL-20250524-0008
2025-05-24 00:08:42,152 - INFO - 
🔍 Processando boot volume: TEMPLATE_LINUX
2025-05-24 00:08:42,499 - INFO - ✅ Backup criado: BootBackup-TEMPLATE_LINUX-BKPAUTCITEL-20250524-0008
2025-05-24 00:08:43,132 - INFO - 
🔍 Processando boot volume: LinuxData033
2025-05-24 00:08:43,437 - INFO - ✅ Backup criado: BootBackup-LinuxData033-BKPAUTCITEL-20250524-0008
2025-05-24 00:08:44,096 - INFO - 
🔍 Processando boot volume: LinuxData034
2025-05-24 00:08:44,219 - WARNING - ⚠️ Tentativa 1: Limite de requisições. Aguardando 1s...
2025-05-24 00:08:49,872 - WARNING - ⚠️ Tentativa 2: Limite de requisições. Aguardando 2s...
2025-05-24 00:08:53,321 - INFO - ✅ Backup criado: BootBackup-LinuxData034-BKPAUTCITEL-20250524-0008
2025-05-24 00:08:53,957 - INFO - 
🔍 Processando boot volume: LinuxData029
2025-05-24 00:08:54,307 - INFO - ✅ Backup criado: BootBackup-LinuxData029-BKPAUTCITEL-20250524-0008
2025-05-24 00:08:55,063 - INFO - 
🔍 Processando boot volume: LinuxData019
2025-05-24 00:08:55,364 - INFO - ✅ Backup criado: BootBackup-LinuxData019-BKPAUTCITEL-20250524-0008
2025-05-24 00:08:56,010 - INFO - 
🔍 Processando boot volume: LinuxData021
2025-05-24 00:08:56,325 - INFO - ✅ Backup criado: BootBackup-LinuxData021-BKPAUTCITEL-20250524-0008
2025-05-24 00:08:56,989 - INFO - 
🔍 Processando boot volume: LinuxData022
2025-05-24 00:08:57,113 - WARNING - ⚠️ Tentativa 1: Limite de requisições. Aguardando 1s...
2025-05-24 00:09:02,928 - WARNING - ⚠️ Tentativa 2: Limite de requisições. Aguardando 2s...
2025-05-24 00:09:05,993 - WARNING - ⚠️ Tentativa 3: Limite de requisições. Aguardando 4s...
2025-05-24 00:09:13,916 - WARNING - ⚠️ Tentativa 4: Limite de requisições. Aguardando 8s...
2025-05-24 00:09:26,094 - INFO - ✅ Backup criado: BootBackup-LinuxData022-BKPAUTCITEL-20250524-0008
2025-05-24 00:09:26,762 - INFO - 
🔍 Processando boot volume: LinuxData024
2025-05-24 00:09:27,064 - INFO - ✅ Backup criado: BootBackup-LinuxData024-BKPAUTCITEL-20250524-0009
2025-05-24 00:09:27,715 - INFO - 
🔍 Processando boot volume: LinuxData020
2025-05-24 00:09:28,020 - INFO - ✅ Backup criado: BootBackup-LinuxData020-BKPAUTCITEL-20250524-0009
2025-05-24 00:09:28,658 - INFO - 
🔍 Processando boot volume: LinuxData026
2025-05-24 00:09:28,787 - WARNING - ⚠️ Tentativa 1: Limite de requisições. Aguardando 1s...
2025-05-24 00:09:30,834 - WARNING - ⚠️ Tentativa 2: Limite de requisições. Aguardando 2s...
2025-05-24 00:09:37,220 - INFO - ✅ Backup criado: BootBackup-LinuxData026-BKPAUTCITEL-20250524-0009
2025-05-24 00:09:37,863 - INFO - 
🔍 Processando boot volume: LinuxData028
2025-05-24 00:09:38,181 - INFO - ✅ Backup criado: BootBackup-LinuxData028-BKPAUTCITEL-20250524-0009
2025-05-24 00:09:38,820 - INFO - 
🔍 Processando boot volume: LinuxData030
2025-05-24 00:09:38,943 - WARNING - ⚠️ Tentativa 1: Limite de requisições. Aguardando 1s...
2025-05-24 00:09:45,092 - WARNING - ⚠️ Tentativa 2: Limite de requisições. Aguardando 2s...
2025-05-24 00:09:51,663 - INFO - ✅ Backup criado: BootBackup-LinuxData030-BKPAUTCITEL-20250524-0009
2025-05-24 00:09:52,300 - INFO - 
🔍 Processando boot volume: LinuxData040
2025-05-24 00:09:52,581 - INFO - ✅ Backup criado: BootBackup-LinuxData040-BKPAUTCITEL-20250524-0009
2025-05-24 00:09:53,238 - INFO - 
🔍 Processando boot volume: LinuxData065
2025-05-24 00:09:53,360 - WARNING - ⚠️ Tentativa 1: Limite de requisições. Aguardando 1s...
2025-05-24 00:09:57,068 - INFO - ✅ Backup criado: BootBackup-LinuxData065-BKPAUTCITEL-20250524-0009
2025-05-24 00:09:57,754 - INFO - 
🔍 Processando boot volume: LinuxData072
2025-05-24 00:09:58,062 - INFO - ✅ Backup criado: BootBackup-LinuxData072-BKPAUTCITEL-20250524-0009
2025-05-24 00:09:58,730 - INFO - 
🔍 Processando boot volume: LinuxData001
2025-05-24 00:09:59,057 - INFO - ✅ Backup criado: BootBackup-LinuxData001-BKPAUTCITEL-20250524-0009
2025-05-24 00:09:59,705 - INFO - 
🔍 Processando boot volume: LinuxData002
2025-05-24 00:10:00,056 - INFO - ✅ Backup criado: BootBackup-LinuxData002-BKPAUTCITEL-20250524-0009
2025-05-24 00:10:00,718 - INFO - 
🔍 Processando boot volume: LinuxTSPlus20_boot_clone0105
2025-05-24 00:10:00,842 - WARNING - ⚠️ Tentativa 1: Limite de requisições. Aguardando 1s...
2025-05-24 00:10:05,063 - INFO - ✅ Backup criado: BootBackup-LinuxTSPlus20_boot_clone0105-BKPAUTCITEL-20250524-0010
2025-05-24 00:10:05,694 - INFO - 
🔍 Processando boot volume: FGW-CITE-CLIENTES-CLONE2904
2025-05-24 00:10:06,004 - INFO - ✅ Backup criado: BootBackup-FGW-CITE-CLIENTES-CLONE2904-BKPAUTCITEL-20250524-0010
2025-05-24 00:10:06,636 - INFO - 
🔍 Processando boot volume: LinuxData013_clone06052025
2025-05-24 00:10:06,759 - WARNING - ⚠️ Tentativa 1: Limite de requisições. Aguardando 1s...
2025-05-24 00:10:10,051 - INFO - ✅ Backup criado: BootBackup-LinuxData013_clone06052025-BKPAUTCITEL-20250524-0010
2025-05-24 00:10:10,689 - INFO - 
🔁 Tentando novamente os backups que falharam...
2025-05-24 00:10:10,689 - INFO - 
🔄 Reprocessando: LinuxTSPlus18-boot-clone2904
2025-05-24 00:10:11,022 - INFO - ✅ Backup criado: BootBackup-LinuxTSPlus18-boot-clone2904-BKPAUTCITEL-20250524-0010
2025-05-24 00:10:11,022 - INFO - 
✅ Execução concluída com sucesso
